Machine Specifications:
   - OS: Windows 11 (10.0.22631)
   - CPU: Intel64 Family 6 Model 151 Stepping 2, GenuineIntel (20 cores)
   - RAM: 31.24 GB
   - Python Version: 3.12.5

Job: job_0002
Timestamp (job start): 2025-05-18_00-15-21-466400
Total Time: 2.13 sec

+-------------------------------+------------+---------------+-------------+-----------+
| Step                          |   Time (s) |   Memory (MB) |   Disk (GB) |   CPU (%) |
+===============================+============+===============+=============+===========+
| Parsing                       |  0.0143063 |       119.672 |     801.595 |         0 |
+-------------------------------+------------+---------------+-------------+-----------+
| Element Instantiation         |  0.0886695 |       119.766 |     801.595 |         0 |
+-------------------------------+------------+---------------+-------------+-----------+
| Element Stiffness Computation |  0.112056  |       120.035 |     801.596 |         0 |
+-------------------------------+------------+---------------+-------------+-----------+
| Element Force Computation     |  0.0653956 |       120.066 |     801.596 |         0 |
+-------------------------------+------------+---------------+-------------+-----------+
| Setup Simulation              |  0         |       120.094 |     801.596 |         0 |
+-------------------------------+------------+---------------+-------------+-----------+
| Assemble Global Matrices      |  0.0347068 |       122.113 |     801.597 |         0 |
+-------------------------------+------------+---------------+-------------+-----------+
| Modify Global Matrices        |  0.0317342 |       122.258 |     801.597 |         0 |
+-------------------------------+------------+---------------+-------------+-----------+
| Solve Linear Static System    |  0.572656  |       137.934 |     801.598 |         0 |
+-------------------------------+------------+---------------+-------------+-----------+
| Compute Primary Results       |  0.0030055 |       137.941 |     801.599 |         0 |
+-------------------------------+------------+---------------+-------------+-----------+
| Save Primary Results          |  0.086005  |       137.957 |     801.599 |         0 |
+-------------------------------+------------+---------------+-------------+-----------+

Parallel Jobs: job_0007, job_0008, job_0009
Start Memory: 119.57 MB | End Memory: 137.96 MB
Start Disk Usage: 801.60 GB | End Disk Usage: 801.60 GB
Start CPU: 0.00% | End CPU: 0.00%
