Machine Specifications:
   - OS: Windows 11 (10.0.22631)
   - CPU: Intel64 Family 6 Model 151 Stepping 2, GenuineIntel (20 cores)
   - RAM: 31.24 GB
   - Python Version: 3.12.5

Job: job_0004
Timestamp (job start): 2025-04-07_13-54-00
Total Time: 7.26 sec

+-------------------------------+------------+---------------+-------------+-----------+
| Step                          |   Time (s) |   Memory (MB) |   Disk (GB) |   CPU (%) |
+===============================+============+===============+=============+===========+
| Parsing                       | 0          |       105.68  |     785.423 |         0 |
+-------------------------------+------------+---------------+-------------+-----------+
| Element Instantiation         | 0.00157428 |       105.727 |     785.423 |         0 |
+-------------------------------+------------+---------------+-------------+-----------+
| Element Stiffness Computation | 1.88014    |       106.082 |     785.431 |         0 |
+-------------------------------+------------+---------------+-------------+-----------+
| Element Force Computation     | 3.63803    |       106.129 |     785.435 |         0 |
+-------------------------------+------------+---------------+-------------+-----------+
| Setup Simulation              | 0          |       106.16  |     785.435 |         0 |
+-------------------------------+------------+---------------+-------------+-----------+
| Assemble Global Matrices      | 0.0305109  |       108.363 |     785.435 |         0 |
+-------------------------------+------------+---------------+-------------+-----------+
| Modify Global Matrices        | 0.0403571  |       108.887 |     785.436 |         0 |
+-------------------------------+------------+---------------+-------------+-----------+
| Solve Linear Static System    | 0.438925   |       125.973 |     785.436 |         0 |
+-------------------------------+------------+---------------+-------------+-----------+
| Compute Primary Results       | 0.00340986 |       125.98  |     785.436 |         0 |
+-------------------------------+------------+---------------+-------------+-----------+
| Save Primary Results          | 0.0857182  |       126.012 |     785.436 |         0 |
+-------------------------------+------------+---------------+-------------+-----------+

Parallel Jobs: job_0007, job_0008, job_0009, job_0001, job_0002, job_0003, job_0005, job_0006
Start Memory: 105.49 MB | End Memory: 126.01 MB
Start Disk Usage: 785.42 GB | End Disk Usage: 785.44 GB
Start CPU: 0.00% | End CPU: 0.00%
