--------------------------------------------------------------------------
### Global System

                   │ CURRENT            │ EVOLUTION         
Equations          │ 606                │ 606               
Dirichlet          │ 0                  │ 0                 
Eliminated         │ 0                  │ 0                 
Unknowns           │ 606                │ 606               
nnz                │ 3010               │ 3010              
Density            │ 8.20e-03           │ 8.20e-03          
Zero rows          │ 0                  │ 0                 
Zero cols          │ 0                  │ 0                 
Bandwidth          │ 10                 │ 10                
Symmetric          │ yes                │ yes               
Rank               │ 600                │ 600               
Cond-no            │ 2.0e+17            │ 2.0e+17           
λmin/λmax          │ —                  │ —                 
Inertia            │ —                  │ —                 
b-min/max          │ -5.0e+05/3.0e+05   │ -5.0e+05/3.0e+05  
Σb                 │ -2.0e+05           │ -2.0e+05          
Top|b|             │ 157:-5.0e+05, 151:3.0e+05, 591:0.0e+00 │ 157:-5.0e+05, 151:3.0e+05, 591:0.0e+00

2025-06-25 16:22:02,914 [INFO] 🩺  Global System diagnostics appended → \\mull.sms.ed.ac.uk\home\s1834431\Win7\Desktop\fem_model\post_processing\results\job_0003_2025-06-25_16-21-53-717564_pid45564_5fc0e64a\diagnostics\DiagnoseLinearStaticSystem.log
--------------------------------------------------------------------------
### Modified System

                   │ CURRENT            │ EVOLUTION         
Equations          │ 606                │ 606               
Dirichlet          │ 0                  │ 6                 
Eliminated         │ 0                  │ 0                 
Unknowns           │ 606                │ 600               
nnz                │ 2986               │ 3010              
Density            │ 8.13e-03           │ 8.20e-03          
Zero rows          │ 0                  │ 0                 
Zero cols          │ 0                  │ 0                 
Bandwidth          │ 10                 │ 10                
Symmetric          │ yes                │ yes               
Rank               │ 6                  │ 600               
Cond-no            │ 6.2e+31            │ 2.0e+17           
λmin/λmax          │ —                  │ —                 
Inertia            │ —                  │ —                 
b-min/max          │ -5.0e+05/3.0e+05   │ -5.0e+05/3.0e+05  
Σb                 │ -2.0e+05           │ -2.0e+05          
Top|b|             │ 157:-5.0e+05, 151:3.0e+05, 591:0.0e+00 │ 157:-5.0e+05, 151:3.0e+05, 591:0.0e+00

2025-06-25 16:22:03,876 [INFO] 🩺  Modified System diagnostics appended → \\mull.sms.ed.ac.uk\home\s1834431\Win7\Desktop\fem_model\post_processing\results\job_0003_2025-06-25_16-21-53-717564_pid45564_5fc0e64a\diagnostics\DiagnoseLinearStaticSystem.log
--------------------------------------------------------------------------
### Condensed System

                   │ CURRENT            │ EVOLUTION         
Equations          │ 600                │ 606               
Dirichlet          │ 0                  │ 6                 
Eliminated         │ 0                  │ 6                 
Unknowns           │ 600                │ 594               
nnz                │ 2980               │ 3010              
Density            │ 8.28e-03           │ 8.20e-03          
Zero rows          │ 0                  │ 0                 
Zero cols          │ 0                  │ 0                 
Bandwidth          │ 10                 │ 10                
Symmetric          │ yes                │ yes               
Rank               │ 600                │ 600               
Cond-no            │ 5.6e+11            │ 2.0e+17           
λmin/λmax          │ —                  │ —                 
Inertia            │ —                  │ —                 
b-min/max          │ -5.0e+05/3.0e+05   │ -5.0e+05/3.0e+05  
Σb                 │ -2.0e+05           │ -2.0e+05          
Top|b|             │ 151:-5.0e+05, 145:3.0e+05, 591:0.0e+00 │ 157:-5.0e+05, 151:3.0e+05, 591:0.0e+00

2025-06-25 16:22:04,861 [INFO] 🩺  Condensed System diagnostics appended → \\mull.sms.ed.ac.uk\home\s1834431\Win7\Desktop\fem_model\post_processing\results\job_0003_2025-06-25_16-21-53-717564_pid45564_5fc0e64a\diagnostics\DiagnoseLinearStaticSystem.log
