--------------------------------------------------------------------------
Machine specifications – written 2025-06-25 16:22:00.597505
OS          : Windows 11 (10.0.22631)
CPU         : 12th Gen Intel(R) Core(TM) i7-12700
   logical  : 20
   physical : 12
RAM         : 31.24 GB
Disk        : 3071.87 GB total  /  2261.10 GB free
Python      : 3.12.5  (C:\Users\s1834431\AppData\Local\Programs\Python\Python312\python.exe)
GPU(s)      : Intel(R) UHD Graphics 770
--------------------------------------------------------------------------

Runtime telemetry header written → \\mull.sms.ed.ac.uk\home\s1834431\Win7\Desktop\fem_model\post_processing\results\job_0003_2025-06-25_16-21-53-717564_pid45564_5fc0e64a\diagnostics\RuntimeMonitorTelemetry.log
2025-06-25 16:22:01 │ PrepareLocalSystem BEGIN   │ Δt  0.00 s │ RAM   122.1 MB │ CPU  12.4 % │ Disk  810.8 GB
2025-06-25 16:22:01 │ PrepareLocalSystem END     │ Δt  0.75 s │ RAM   122.1 MB │ CPU   4.9 % │ Disk  810.8 GB
2025-06-25 16:22:02 │ AssembleGlobalSystem BEGIN │ Δt  0.21 s │ RAM   122.1 MB │ CPU   8.8 % │ Disk  810.8 GB
2025-06-25 16:22:02 │ AssembleGlobalSystem END   │ Δt  0.36 s │ RAM   124.1 MB │ CPU   5.0 % │ Disk  810.8 GB
2025-06-25 16:22:03 │ ModifyGlobalSystem BEGIN   │ Δt  0.76 s │ RAM   126.4 MB │ CPU   6.9 % │ Disk  810.8 GB
2025-06-25 16:22:03 │ ModifyGlobalSystem END     │ Δt  0.28 s │ RAM   126.8 MB │ CPU   2.7 % │ Disk  810.8 GB
2025-06-25 16:22:04 │ CondenseModifiedSystem BEGIN │ Δt  0.69 s │ RAM   127.2 MB │ CPU   6.6 % │ Disk  810.8 GB
2025-06-25 16:22:04 │ CondenseModifiedSystem END │ Δt  0.29 s │ RAM   127.4 MB │ CPU   5.4 % │ Disk  810.8 GB
2025-06-25 16:22:05 │ SolveCondensedSystem BEGIN │ Δt  0.68 s │ RAM   127.5 MB │ CPU   9.2 % │ Disk  810.8 GB
2025-06-25 16:22:05 │ SolveCondensedSystem END   │ Δt  0.35 s │ RAM   127.5 MB │ CPU   4.6 % │ Disk  810.8 GB
2025-06-25 16:22:05 │ ReconstructGlobalSystem BEGIN │ Δt  0.20 s │ RAM   127.5 MB │ CPU   3.6 % │ Disk  810.8 GB
2025-06-25 16:22:05 │ ReconstructGlobalSystem END │ Δt  0.25 s │ RAM   127.5 MB │ CPU   6.1 % │ Disk  810.8 GB
2025-06-25 16:22:06 │ ComputePrimaryResults BEGIN │ Δt  0.20 s │ RAM   127.5 MB │ CPU   5.8 % │ Disk  810.8 GB
2025-06-25 16:22:09 │ ComputePrimaryResults END  │ Δt  2.96 s │ RAM   127.5 MB │ CPU  10.4 % │ Disk  810.8 GB
