=== Validation Matrix ===
[[0. 0.]
 [0. 0.]]


=== Element 1 Stiffness Matrix Computation ===
=== Material Stiffness Matrix (D) ===
[[4.000000e+09 0.000000e+00 0.000000e+00 0.000000e+00]
 [0.000000e+00 3.333400e+06 0.000000e+00 0.000000e+00]
 [0.000000e+00 0.000000e+00 1.333340e+07 0.000000e+00]
 [0.000000e+00 0.000000e+00 0.000000e+00 1.313076e+06]]


GP 1/3: ξ=-0.774597, x=7.418014e-01, w=5.555556e-01
=== Shape Function Derivative Matrix dN/dξ (1, 12, 6) ===
[[[-0.5       0.        0.        0.        0.        0.      ]
  [ 0.        8.24758   0.        0.        0.        0.      ]
  [ 0.        0.        8.24758   0.        0.        0.      ]
  [ 0.        0.        0.       -0.5       0.        0.      ]
  [ 0.        0.        0.        0.       -5.898387  0.      ]
  [ 0.        0.        0.        0.        0.        5.898387]
  [ 0.5       0.        0.        0.        0.        0.      ]
  [ 0.       -8.24758   0.        0.        0.        0.      ]
  [ 0.        0.       -8.24758   0.        0.        0.      ]
  [ 0.        0.        0.        0.5       0.        0.      ]
  [ 0.        0.        0.        0.       -3.349193  0.      ]
  [ 0.        0.        0.        0.        0.        3.349193]]]

=== Shape Function Second Derivative Matrix d²N/dξ² (1, 12, 6) ===
[[[  0.        0.        0.        0.        0.        0.     ]
  [  0.      -15.29516   0.        0.        0.        0.     ]
  [  0.        0.      -15.29516   0.        0.        0.     ]
  [  0.        0.        0.        0.        0.        0.     ]
  [  0.        0.        0.        0.        8.64758   0.     ]
  [  0.        0.        0.        0.        0.       -8.64758]
  [  0.        0.        0.        0.        0.        0.     ]
  [  0.       15.29516   0.        0.        0.        0.     ]
  [  0.        0.       15.29516   0.        0.        0.     ]
  [  0.        0.        0.        0.        0.        0.     ]
  [  0.        0.        0.        0.        6.64758   0.     ]
  [  0.        0.        0.        0.        0.       -6.64758]]]

=== Strain-Dsiplacement Matrix B (4, 12) ===
[[  -1.500002    0.          0.          0.          0.          0.          1.500002    0.          0.
     0.          0.          0.      ]
 [   0.       -137.656716    0.          0.          0.          0.          0.        137.656716    0.
     0.          0.          0.      ]
 [   0.          0.       -137.656716    0.          0.          0.          0.          0.        137.656716
     0.          0.          0.      ]
 [   0.          0.          0.         -1.500002    0.          0.          0.          0.          0.
     1.500002    0.          0.      ]]

=== Stiffness BᵀDB (12, 12) ===
[[ 1.666668e+09  0.000000e+00  0.000000e+00  0.000000e+00  0.000000e+00  0.000000e+00 -1.666668e+09  0.000000e+00
   0.000000e+00  0.000000e+00  0.000000e+00  0.000000e+00]
 [ 0.000000e+00  1.169737e+10  0.000000e+00  0.000000e+00  0.000000e+00  0.000000e+00  0.000000e+00 -1.169737e+10
   0.000000e+00  0.000000e+00  0.000000e+00  0.000000e+00]
 [ 0.000000e+00  0.000000e+00  4.678876e+10  0.000000e+00  0.000000e+00  0.000000e+00  0.000000e+00  0.000000e+00
  -4.678876e+10  0.000000e+00  0.000000e+00  0.000000e+00]
 [ 0.000000e+00  0.000000e+00  0.000000e+00  5.471154e+05  0.000000e+00  0.000000e+00  0.000000e+00  0.000000e+00
   0.000000e+00 -5.471154e+05  0.000000e+00  0.000000e+00]
 [ 0.000000e+00  0.000000e+00  0.000000e+00  0.000000e+00  0.000000e+00  0.000000e+00  0.000000e+00  0.000000e+00
   0.000000e+00  0.000000e+00  0.000000e+00  0.000000e+00]
 [ 0.000000e+00  0.000000e+00  0.000000e+00  0.000000e+00  0.000000e+00  0.000000e+00  0.000000e+00  0.000000e+00
   0.000000e+00  0.000000e+00  0.000000e+00  0.000000e+00]
 [-1.666668e+09  0.000000e+00  0.000000e+00  0.000000e+00  0.000000e+00  0.000000e+00  1.666668e+09  0.000000e+00
   0.000000e+00  0.000000e+00  0.000000e+00  0.000000e+00]
 [ 0.000000e+00 -1.169737e+10  0.000000e+00  0.000000e+00  0.000000e+00  0.000000e+00  0.000000e+00  1.169737e+10
   0.000000e+00  0.000000e+00  0.000000e+00  0.000000e+00]
 [ 0.000000e+00  0.000000e+00 -4.678876e+10  0.000000e+00  0.000000e+00  0.000000e+00  0.000000e+00  0.000000e+00
   4.678876e+10  0.000000e+00  0.000000e+00  0.000000e+00]
 [ 0.000000e+00  0.000000e+00  0.000000e+00 -5.471154e+05  0.000000e+00  0.000000e+00  0.000000e+00  0.000000e+00
   0.000000e+00  5.471154e+05  0.000000e+00  0.000000e+00]
 [ 0.000000e+00  0.000000e+00  0.000000e+00  0.000000e+00  0.000000e+00  0.000000e+00  0.000000e+00  0.000000e+00
   0.000000e+00  0.000000e+00  0.000000e+00  0.000000e+00]
 [ 0.000000e+00  0.000000e+00  0.000000e+00  0.000000e+00  0.000000e+00  0.000000e+00  0.000000e+00  0.000000e+00
   0.000000e+00  0.000000e+00  0.000000e+00  0.000000e+00]]


GP 2/3: ξ=0.000000, x=1.000000e+00, w=8.888889e-01
=== Shape Function Derivative Matrix dN/dξ (1, 12, 6) ===
[[[-0.5  0.   0.   0.   0.   0. ]
  [ 0.   0.   0.   0.   0.   0. ]
  [ 0.   0.   0.   0.   0.   0. ]
  [ 0.   0.   0.  -0.5  0.   0. ]
  [ 0.   0.   0.   0.  -1.   0. ]
  [ 0.   0.   0.   0.   0.   1. ]
  [ 0.5  0.   0.   0.   0.   0. ]
  [ 0.   0.   0.   0.   0.   0. ]
  [ 0.   0.   0.   0.   0.   0. ]
  [ 0.   0.   0.   0.5  0.   0. ]
  [ 0.   0.   0.   0.  -0.   0. ]
  [ 0.   0.   0.   0.   0.   0. ]]]

=== Shape Function Second Derivative Matrix d²N/dξ² (1, 12, 6) ===
[[[ 0.  0.  0.  0.  0.  0.]
  [ 0. -6.  0.  0.  0.  0.]
  [ 0.  0. -6.  0.  0.  0.]
  [ 0.  0.  0.  0.  0.  0.]
  [ 0.  0.  0.  0.  4.  0.]
  [ 0.  0.  0.  0.  0. -4.]
  [ 0.  0.  0.  0.  0.  0.]
  [ 0.  6.  0.  0.  0.  0.]
  [ 0.  0.  6.  0.  0.  0.]
  [ 0.  0.  0.  0.  0.  0.]
  [ 0.  0.  0.  0.  2.  0.]
  [ 0.  0.  0.  0.  0. -2.]]]

=== Strain-Dsiplacement Matrix B (4, 12) ===
[[ -1.500002   0.         0.         0.         0.         0.         1.500002   0.         0.         0.
    0.         0.      ]
 [  0.       -54.000108   0.         0.         0.         0.         0.        54.000108   0.         0.
    0.         0.      ]
 [  0.         0.       -54.000108   0.         0.         0.         0.         0.        54.000108   0.
    0.         0.      ]
 [  0.         0.         0.        -1.500002   0.         0.         0.         0.         0.         1.500002
    0.         0.      ]]

=== Stiffness BᵀDB (12, 12) ===
[[ 2.666669e+09  0.000000e+00  0.000000e+00  0.000000e+00  0.000000e+00  0.000000e+00 -2.666669e+09  0.000000e+00
   0.000000e+00  0.000000e+00  0.000000e+00  0.000000e+00]
 [ 0.000000e+00  2.880066e+09  0.000000e+00  0.000000e+00  0.000000e+00  0.000000e+00  0.000000e+00 -2.880066e+09
   0.000000e+00  0.000000e+00  0.000000e+00  0.000000e+00]
 [ 0.000000e+00  0.000000e+00  1.152009e+10  0.000000e+00  0.000000e+00  0.000000e+00  0.000000e+00  0.000000e+00
  -1.152009e+10  0.000000e+00  0.000000e+00  0.000000e+00]
 [ 0.000000e+00  0.000000e+00  0.000000e+00  8.753846e+05  0.000000e+00  0.000000e+00  0.000000e+00  0.000000e+00
   0.000000e+00 -8.753846e+05  0.000000e+00  0.000000e+00]
 [ 0.000000e+00  0.000000e+00  0.000000e+00  0.000000e+00  0.000000e+00  0.000000e+00  0.000000e+00  0.000000e+00
   0.000000e+00  0.000000e+00  0.000000e+00  0.000000e+00]
 [ 0.000000e+00  0.000000e+00  0.000000e+00  0.000000e+00  0.000000e+00  0.000000e+00  0.000000e+00  0.000000e+00
   0.000000e+00  0.000000e+00  0.000000e+00  0.000000e+00]
 [-2.666669e+09  0.000000e+00  0.000000e+00  0.000000e+00  0.000000e+00  0.000000e+00  2.666669e+09  0.000000e+00
   0.000000e+00  0.000000e+00  0.000000e+00  0.000000e+00]
 [ 0.000000e+00 -2.880066e+09  0.000000e+00  0.000000e+00  0.000000e+00  0.000000e+00  0.000000e+00  2.880066e+09
   0.000000e+00  0.000000e+00  0.000000e+00  0.000000e+00]
 [ 0.000000e+00  0.000000e+00 -1.152009e+10  0.000000e+00  0.000000e+00  0.000000e+00  0.000000e+00  0.000000e+00
   1.152009e+10  0.000000e+00  0.000000e+00  0.000000e+00]
 [ 0.000000e+00  0.000000e+00  0.000000e+00 -8.753846e+05  0.000000e+00  0.000000e+00  0.000000e+00  0.000000e+00
   0.000000e+00  8.753846e+05  0.000000e+00  0.000000e+00]
 [ 0.000000e+00  0.000000e+00  0.000000e+00  0.000000e+00  0.000000e+00  0.000000e+00  0.000000e+00  0.000000e+00
   0.000000e+00  0.000000e+00  0.000000e+00  0.000000e+00]
 [ 0.000000e+00  0.000000e+00  0.000000e+00  0.000000e+00  0.000000e+00  0.000000e+00  0.000000e+00  0.000000e+00
   0.000000e+00  0.000000e+00  0.000000e+00  0.000000e+00]]


GP 3/3: ξ=0.774597, x=1.258199e+00, w=5.555556e-01
=== Shape Function Derivative Matrix dN/dξ (1, 12, 6) ===
[[[-0.5       0.        0.        0.        0.        0.      ]
  [ 0.       -1.04758   0.        0.        0.        0.      ]
  [ 0.        0.       -1.04758   0.        0.        0.      ]
  [ 0.        0.        0.       -0.5       0.        0.      ]
  [ 0.        0.        0.        0.        0.298387  0.      ]
  [ 0.        0.        0.        0.        0.       -0.298387]
  [ 0.5       0.        0.        0.        0.        0.      ]
  [ 0.        1.04758   0.        0.        0.        0.      ]
  [ 0.        0.        1.04758   0.        0.        0.      ]
  [ 0.        0.        0.        0.5       0.        0.      ]
  [ 0.        0.        0.        0.       -0.250807  0.      ]
  [ 0.        0.        0.        0.        0.        0.250807]]]

=== Shape Function Second Derivative Matrix d²N/dξ² (1, 12, 6) ===
[[[ 0.       0.       0.       0.       0.       0.     ]
  [ 0.       3.29516  0.       0.       0.       0.     ]
  [ 0.       0.       3.29516  0.       0.       0.     ]
  [ 0.       0.       0.       0.       0.       0.     ]
  [ 0.       0.       0.       0.      -0.64758  0.     ]
  [ 0.       0.       0.       0.       0.       0.64758]
  [ 0.       0.       0.       0.       0.       0.     ]
  [ 0.      -3.29516  0.       0.       0.       0.     ]
  [ 0.       0.      -3.29516  0.       0.       0.     ]
  [ 0.       0.       0.       0.       0.       0.     ]
  [ 0.       0.       0.       0.      -2.64758  0.     ]
  [ 0.       0.       0.       0.       0.       2.64758]]]

=== Strain-Dsiplacement Matrix B (4, 12) ===
[[ -1.500002   0.         0.         0.         0.         0.         1.500002   0.         0.         0.
    0.         0.      ]
 [  0.        29.6565     0.         0.         0.         0.         0.       -29.6565     0.         0.
    0.         0.      ]
 [  0.         0.        29.6565     0.         0.         0.         0.         0.       -29.6565     0.
    0.         0.      ]
 [  0.         0.         0.        -1.500002   0.         0.         0.         0.         0.         1.500002
    0.         0.      ]]

=== Stiffness BᵀDB (12, 12) ===
[[ 1.666668e+09  0.000000e+00  0.000000e+00  0.000000e+00  0.000000e+00  0.000000e+00 -1.666668e+09  0.000000e+00
   0.000000e+00  0.000000e+00  0.000000e+00  0.000000e+00]
 [ 0.000000e+00  5.429165e+08  0.000000e+00  0.000000e+00  0.000000e+00  0.000000e+00  0.000000e+00 -5.429165e+08
   0.000000e+00  0.000000e+00  0.000000e+00  0.000000e+00]
 [ 0.000000e+00  0.000000e+00  2.171633e+09  0.000000e+00  0.000000e+00  0.000000e+00  0.000000e+00  0.000000e+00
  -2.171633e+09  0.000000e+00  0.000000e+00  0.000000e+00]
 [ 0.000000e+00  0.000000e+00  0.000000e+00  5.471154e+05  0.000000e+00  0.000000e+00  0.000000e+00  0.000000e+00
   0.000000e+00 -5.471154e+05  0.000000e+00  0.000000e+00]
 [ 0.000000e+00  0.000000e+00  0.000000e+00  0.000000e+00  0.000000e+00  0.000000e+00  0.000000e+00  0.000000e+00
   0.000000e+00  0.000000e+00  0.000000e+00  0.000000e+00]
 [ 0.000000e+00  0.000000e+00  0.000000e+00  0.000000e+00  0.000000e+00  0.000000e+00  0.000000e+00  0.000000e+00
   0.000000e+00  0.000000e+00  0.000000e+00  0.000000e+00]
 [-1.666668e+09  0.000000e+00  0.000000e+00  0.000000e+00  0.000000e+00  0.000000e+00  1.666668e+09  0.000000e+00
   0.000000e+00  0.000000e+00  0.000000e+00  0.000000e+00]
 [ 0.000000e+00 -5.429165e+08  0.000000e+00  0.000000e+00  0.000000e+00  0.000000e+00  0.000000e+00  5.429165e+08
   0.000000e+00  0.000000e+00  0.000000e+00  0.000000e+00]
 [ 0.000000e+00  0.000000e+00 -2.171633e+09  0.000000e+00  0.000000e+00  0.000000e+00  0.000000e+00  0.000000e+00
   2.171633e+09  0.000000e+00  0.000000e+00  0.000000e+00]
 [ 0.000000e+00  0.000000e+00  0.000000e+00 -5.471154e+05  0.000000e+00  0.000000e+00  0.000000e+00  0.000000e+00
   0.000000e+00  5.471154e+05  0.000000e+00  0.000000e+00]
 [ 0.000000e+00  0.000000e+00  0.000000e+00  0.000000e+00  0.000000e+00  0.000000e+00  0.000000e+00  0.000000e+00
   0.000000e+00  0.000000e+00  0.000000e+00  0.000000e+00]
 [ 0.000000e+00  0.000000e+00  0.000000e+00  0.000000e+00  0.000000e+00  0.000000e+00  0.000000e+00  0.000000e+00
   0.000000e+00  0.000000e+00  0.000000e+00  0.000000e+00]]

=== Final Element Stiffness Matrix ===
[[ 6.000006e+09  0.000000e+00  0.000000e+00  0.000000e+00  0.000000e+00  0.000000e+00 -6.000006e+09  0.000000e+00
   0.000000e+00  0.000000e+00  0.000000e+00  0.000000e+00]
 [ 0.000000e+00  1.512035e+10  0.000000e+00  0.000000e+00  0.000000e+00  0.000000e+00  0.000000e+00 -1.512035e+10
   0.000000e+00  0.000000e+00  0.000000e+00  0.000000e+00]
 [ 0.000000e+00  0.000000e+00  6.048048e+10  0.000000e+00  0.000000e+00  0.000000e+00  0.000000e+00  0.000000e+00
  -6.048048e+10  0.000000e+00  0.000000e+00  0.000000e+00]
 [ 0.000000e+00  0.000000e+00  0.000000e+00  1.969615e+06  0.000000e+00  0.000000e+00  0.000000e+00  0.000000e+00
   0.000000e+00 -1.969615e+06  0.000000e+00  0.000000e+00]
 [ 0.000000e+00  0.000000e+00  0.000000e+00  0.000000e+00  0.000000e+00  0.000000e+00  0.000000e+00  0.000000e+00
   0.000000e+00  0.000000e+00  0.000000e+00  0.000000e+00]
 [ 0.000000e+00  0.000000e+00  0.000000e+00  0.000000e+00  0.000000e+00  0.000000e+00  0.000000e+00  0.000000e+00
   0.000000e+00  0.000000e+00  0.000000e+00  0.000000e+00]
 [-6.000006e+09  0.000000e+00  0.000000e+00  0.000000e+00  0.000000e+00  0.000000e+00  6.000006e+09  0.000000e+00
   0.000000e+00  0.000000e+00  0.000000e+00  0.000000e+00]
 [ 0.000000e+00 -1.512035e+10  0.000000e+00  0.000000e+00  0.000000e+00  0.000000e+00  0.000000e+00  1.512035e+10
   0.000000e+00  0.000000e+00  0.000000e+00  0.000000e+00]
 [ 0.000000e+00  0.000000e+00 -6.048048e+10  0.000000e+00  0.000000e+00  0.000000e+00  0.000000e+00  0.000000e+00
   6.048048e+10  0.000000e+00  0.000000e+00  0.000000e+00]
 [ 0.000000e+00  0.000000e+00  0.000000e+00 -1.969615e+06  0.000000e+00  0.000000e+00  0.000000e+00  0.000000e+00
   0.000000e+00  1.969615e+06  0.000000e+00  0.000000e+00]
 [ 0.000000e+00  0.000000e+00  0.000000e+00  0.000000e+00  0.000000e+00  0.000000e+00  0.000000e+00  0.000000e+00
   0.000000e+00  0.000000e+00  0.000000e+00  0.000000e+00]
 [ 0.000000e+00  0.000000e+00  0.000000e+00  0.000000e+00  0.000000e+00  0.000000e+00  0.000000e+00  0.000000e+00
   0.000000e+00  0.000000e+00  0.000000e+00  0.000000e+00]]

