2025-04-08 17:27:17,064 - INFO - 🔧 Starting global matrix assembly...
2025-04-08 17:27:17,065 - DEBUG - This detailed log is written to the assembly.log file
2025-04-08 17:27:17,065 - INFO - Total DOFs: 24, Elements count: 3

DOF mappings per element:
Element 0: DOF mapping = [ 0  1  2  3  4  5  6  7  8  9 10 11]
Element 1: DOF mapping = [ 6  7  8  9 10 11 12 13 14 15 16 17]
Element 2: DOF mapping = [12 13 14 15 16 17 18 19 20 21 22 23]
2025-04-08 17:27:17,065 - INFO - 🔧 Assembling global stiffness matrix...
2025-04-08 17:27:17,066 - INFO - ✅ Stiffness matrix assembled.
2025-04-08 17:27:17,067 - INFO - 🔧 Assembling force vector...
2025-04-08 17:27:17,067 - INFO - ✅ Force vector assembled.

Full K_global Matrix:
            0           1           2           3           4           5           6           7           8           9           10          11          12          13          14          15          16          17          18          19          20          21          22          23
0   3.0367e+07  0.0000e+00  0.0000e+00  0.0000e+00  0.0000e+00  0.0000e+00 -3.0367e+07  0.0000e+00  0.0000e+00  0.0000e+00  0.0000e+00  0.0000e+00  0.0000e+00  0.0000e+00  0.0000e+00  0.0000e+00  0.0000e+00  0.0000e+00  0.0000e+00  0.0000e+00  0.0000e+00  0.0000e+00  0.0000e+00  0.0000e+00
1   0.0000e+00  1.1222e+13  0.0000e+00  0.0000e+00  0.0000e+00  6.4128e+12  0.0000e+00 -1.1222e+13  0.0000e+00  0.0000e+00  0.0000e+00  4.8096e+12  0.0000e+00  0.0000e+00  0.0000e+00  0.0000e+00  0.0000e+00  0.0000e+00  0.0000e+00  0.0000e+00  0.0000e+00  0.0000e+00  0.0000e+00  0.0000e+00
2   0.0000e+00  0.0000e+00  1.1245e+13  0.0000e+00 -6.4256e+12  0.0000e+00  0.0000e+00  0.0000e+00 -1.1245e+13  0.0000e+00 -4.8192e+12  0.0000e+00  0.0000e+00  0.0000e+00  0.0000e+00  0.0000e+00  0.0000e+00  0.0000e+00  0.0000e+00  0.0000e+00  0.0000e+00  0.0000e+00  0.0000e+00  0.0000e+00
3   0.0000e+00  0.0000e+00  0.0000e+00  4.2487e+07  0.0000e+00  0.0000e+00  0.0000e+00  0.0000e+00  0.0000e+00 -4.2487e+07  0.0000e+00  0.0000e+00  0.0000e+00  0.0000e+00  0.0000e+00  0.0000e+00  0.0000e+00  0.0000e+00  0.0000e+00  0.0000e+00  0.0000e+00  0.0000e+00  0.0000e+00  0.0000e+00
4   0.0000e+00  0.0000e+00 -6.4256e+12  0.0000e+00  3.7483e+12  0.0000e+00  0.0000e+00  0.0000e+00  6.4256e+12  0.0000e+00  2.6773e+12  0.0000e+00  0.0000e+00  0.0000e+00  0.0000e+00  0.0000e+00  0.0000e+00  0.0000e+00  0.0000e+00  0.0000e+00  0.0000e+00  0.0000e+00  0.0000e+00  0.0000e+00
5   0.0000e+00  6.4128e+12  0.0000e+00  0.0000e+00  0.0000e+00  3.7408e+12  0.0000e+00 -6.4128e+12  0.0000e+00  0.0000e+00  0.0000e+00  2.6720e+12  0.0000e+00  0.0000e+00  0.0000e+00  0.0000e+00  0.0000e+00  0.0000e+00  0.0000e+00  0.0000e+00  0.0000e+00  0.0000e+00  0.0000e+00  0.0000e+00
6  -3.0367e+07  0.0000e+00  0.0000e+00  0.0000e+00  0.0000e+00  0.0000e+00  6.0733e+07  0.0000e+00  0.0000e+00  0.0000e+00  0.0000e+00  0.0000e+00 -3.0367e+07  0.0000e+00  0.0000e+00  0.0000e+00  0.0000e+00  0.0000e+00  0.0000e+00  0.0000e+00  0.0000e+00  0.0000e+00  0.0000e+00  0.0000e+00
7   0.0000e+00 -1.1222e+13  0.0000e+00  0.0000e+00  0.0000e+00 -6.4128e+12  0.0000e+00  2.2445e+13  0.0000e+00  0.0000e+00  0.0000e+00  1.6032e+12  0.0000e+00 -1.1222e+13  0.0000e+00  0.0000e+00  0.0000e+00  4.8096e+12  0.0000e+00  0.0000e+00  0.0000e+00  0.0000e+00  0.0000e+00  0.0000e+00
8   0.0000e+00  0.0000e+00 -1.1245e+13  0.0000e+00  6.4256e+12  0.0000e+00  0.0000e+00  0.0000e+00  2.2490e+13  0.0000e+00 -1.6064e+12  0.0000e+00  0.0000e+00  0.0000e+00 -1.1245e+13  0.0000e+00 -4.8192e+12  0.0000e+00  0.0000e+00  0.0000e+00  0.0000e+00  0.0000e+00  0.0000e+00  0.0000e+00
9   0.0000e+00  0.0000e+00  0.0000e+00 -4.2487e+07  0.0000e+00  0.0000e+00  0.0000e+00  0.0000e+00  0.0000e+00  8.4974e+07  0.0000e+00  0.0000e+00  0.0000e+00  0.0000e+00  0.0000e+00 -4.2487e+07  0.0000e+00  0.0000e+00  0.0000e+00  0.0000e+00  0.0000e+00  0.0000e+00  0.0000e+00  0.0000e+00
10  0.0000e+00  0.0000e+00 -4.8192e+12  0.0000e+00  2.6773e+12  0.0000e+00  0.0000e+00  0.0000e+00 -1.6064e+12  0.0000e+00  5.8901e+12  0.0000e+00  0.0000e+00  0.0000e+00  6.4256e+12  0.0000e+00  2.6773e+12  0.0000e+00  0.0000e+00  0.0000e+00  0.0000e+00  0.0000e+00  0.0000e+00  0.0000e+00
11  0.0000e+00  4.8096e+12  0.0000e+00  0.0000e+00  0.0000e+00  2.6720e+12  0.0000e+00  1.6032e+12  0.0000e+00  0.0000e+00  0.0000e+00  5.8784e+12  0.0000e+00 -6.4128e+12  0.0000e+00  0.0000e+00  0.0000e+00  2.6720e+12  0.0000e+00  0.0000e+00  0.0000e+00  0.0000e+00  0.0000e+00  0.0000e+00
12  0.0000e+00  0.0000e+00  0.0000e+00  0.0000e+00  0.0000e+00  0.0000e+00 -3.0367e+07  0.0000e+00  0.0000e+00  0.0000e+00  0.0000e+00  0.0000e+00  6.0733e+07  0.0000e+00  0.0000e+00  0.0000e+00  0.0000e+00  0.0000e+00 -3.0367e+07  0.0000e+00  0.0000e+00  0.0000e+00  0.0000e+00  0.0000e+00
13  0.0000e+00  0.0000e+00  0.0000e+00  0.0000e+00  0.0000e+00  0.0000e+00  0.0000e+00 -1.1222e+13  0.0000e+00  0.0000e+00  0.0000e+00 -6.4128e+12  0.0000e+00  2.2445e+13  0.0000e+00  0.0000e+00  0.0000e+00  1.6032e+12  0.0000e+00 -1.1222e+13  0.0000e+00  0.0000e+00  0.0000e+00  4.8096e+12
14  0.0000e+00  0.0000e+00  0.0000e+00  0.0000e+00  0.0000e+00  0.0000e+00  0.0000e+00  0.0000e+00 -1.1245e+13  0.0000e+00  6.4256e+12  0.0000e+00  0.0000e+00  0.0000e+00  2.2490e+13  0.0000e+00 -1.6064e+12  0.0000e+00  0.0000e+00  0.0000e+00 -1.1245e+13  0.0000e+00 -4.8192e+12  0.0000e+00
15  0.0000e+00  0.0000e+00  0.0000e+00  0.0000e+00  0.0000e+00  0.0000e+00  0.0000e+00  0.0000e+00  0.0000e+00 -4.2487e+07  0.0000e+00  0.0000e+00  0.0000e+00  0.0000e+00  0.0000e+00  8.4974e+07  0.0000e+00  0.0000e+00  0.0000e+00  0.0000e+00  0.0000e+00 -4.2487e+07  0.0000e+00  0.0000e+00
16  0.0000e+00  0.0000e+00  0.0000e+00  0.0000e+00  0.0000e+00  0.0000e+00  0.0000e+00  0.0000e+00 -4.8192e+12  0.0000e+00  2.6773e+12  0.0000e+00  0.0000e+00  0.0000e+00 -1.6064e+12  0.0000e+00  5.8901e+12  0.0000e+00  0.0000e+00  0.0000e+00  6.4256e+12  0.0000e+00  2.6773e+12  0.0000e+00
17  0.0000e+00  0.0000e+00  0.0000e+00  0.0000e+00  0.0000e+00  0.0000e+00  0.0000e+00  4.8096e+12  0.0000e+00  0.0000e+00  0.0000e+00  2.6720e+12  0.0000e+00  1.6032e+12  0.0000e+00  0.0000e+00  0.0000e+00  5.8784e+12  0.0000e+00 -6.4128e+12  0.0000e+00  0.0000e+00  0.0000e+00  2.6720e+12
18  0.0000e+00  0.0000e+00  0.0000e+00  0.0000e+00  0.0000e+00  0.0000e+00  0.0000e+00  0.0000e+00  0.0000e+00  0.0000e+00  0.0000e+00  0.0000e+00 -3.0367e+07  0.0000e+00  0.0000e+00  0.0000e+00  0.0000e+00  0.0000e+00  3.0367e+07  0.0000e+00  0.0000e+00  0.0000e+00  0.0000e+00  0.0000e+00
19  0.0000e+00  0.0000e+00  0.0000e+00  0.0000e+00  0.0000e+00  0.0000e+00  0.0000e+00  0.0000e+00  0.0000e+00  0.0000e+00  0.0000e+00  0.0000e+00  0.0000e+00 -1.1222e+13  0.0000e+00  0.0000e+00  0.0000e+00 -6.4128e+12  0.0000e+00  1.1222e+13  0.0000e+00  0.0000e+00  0.0000e+00 -4.8096e+12
20  0.0000e+00  0.0000e+00  0.0000e+00  0.0000e+00  0.0000e+00  0.0000e+00  0.0000e+00  0.0000e+00  0.0000e+00  0.0000e+00  0.0000e+00  0.0000e+00  0.0000e+00  0.0000e+00 -1.1245e+13  0.0000e+00  6.4256e+12  0.0000e+00  0.0000e+00  0.0000e+00  1.1245e+13  0.0000e+00  4.8192e+12  0.0000e+00
21  0.0000e+00  0.0000e+00  0.0000e+00  0.0000e+00  0.0000e+00  0.0000e+00  0.0000e+00  0.0000e+00  0.0000e+00  0.0000e+00  0.0000e+00  0.0000e+00  0.0000e+00  0.0000e+00  0.0000e+00 -4.2487e+07  0.0000e+00  0.0000e+00  0.0000e+00  0.0000e+00  0.0000e+00  4.2487e+07  0.0000e+00  0.0000e+00
22  0.0000e+00  0.0000e+00  0.0000e+00  0.0000e+00  0.0000e+00  0.0000e+00  0.0000e+00  0.0000e+00  0.0000e+00  0.0000e+00  0.0000e+00  0.0000e+00  0.0000e+00  0.0000e+00 -4.8192e+12  0.0000e+00  2.6773e+12  0.0000e+00  0.0000e+00  0.0000e+00  4.8192e+12  0.0000e+00  2.1419e+12  0.0000e+00
23  0.0000e+00  0.0000e+00  0.0000e+00  0.0000e+00  0.0000e+00  0.0000e+00  0.0000e+00  0.0000e+00  0.0000e+00  0.0000e+00  0.0000e+00  0.0000e+00  0.0000e+00  4.8096e+12  0.0000e+00  0.0000e+00  0.0000e+00  2.6720e+12  0.0000e+00 -4.8096e+12  0.0000e+00  0.0000e+00  0.0000e+00  2.1376e+12

Full F_global Vector:
             Force
DOF 0   0.0000e+00
DOF 1   0.0000e+00
DOF 2   0.0000e+00
DOF 3   0.0000e+00
DOF 4   0.0000e+00
DOF 5   0.0000e+00
DOF 6   0.0000e+00
DOF 7   0.0000e+00
DOF 8   0.0000e+00
DOF 9   0.0000e+00
DOF 10  0.0000e+00
DOF 11  0.0000e+00
DOF 12  0.0000e+00
DOF 13  0.0000e+00
DOF 14  0.0000e+00
DOF 15  0.0000e+00
DOF 16  0.0000e+00
DOF 17  0.0000e+00
DOF 18  0.0000e+00
DOF 19 -1.0000e+05
DOF 20  0.0000e+00
DOF 21  0.0000e+00
DOF 22  0.0000e+00
DOF 23  0.0000e+00
2025-04-08 17:27:17,073 - INFO - ✅ Assembly complete.
