Machine Specifications:
   - OS: Windows 10 (10.0.19045)
   - CPU: Intel64 Family 6 Model 94 Stepping 3, GenuineIntel (4 cores)
   - RAM: 15.96 GB
   - Python Version: 3.11.0

Job: job_0009
Timestamp (job start): 2025-04-08_17-27-17
Total Time: 1.72 sec

+-------------------------------+------------+---------------+-------------+-----------+
| Step                          |   Time (s) |   Memory (MB) |   Disk (GB) |   CPU (%) |
+===============================+============+===============+=============+===========+
| Parsing                       | 0.00199938 |       124.477 |     336.719 |         0 |
+-------------------------------+------------+---------------+-------------+-----------+
| Element Instantiation         | 0.017071   |       124.477 |     336.719 |         0 |
+-------------------------------+------------+---------------+-------------+-----------+
| Element Stiffness Computation | 0.268489   |       124.516 |     336.721 |         0 |
+-------------------------------+------------+---------------+-------------+-----------+
| Element Force Computation     | 0.0249317  |       124.516 |     336.721 |         0 |
+-------------------------------+------------+---------------+-------------+-----------+
| Setup Simulation              | 0          |       124.516 |     336.721 |         0 |
+-------------------------------+------------+---------------+-------------+-----------+
| Assemble Global Matrices      | 0.00997353 |       124.625 |     336.721 |         0 |
+-------------------------------+------------+---------------+-------------+-----------+
| Modify Global Matrices        | 0.0171447  |       124.676 |     336.721 |         0 |
+-------------------------------+------------+---------------+-------------+-----------+
| Solve Linear Static System    | 0.251751   |       129.891 |     336.722 |         0 |
+-------------------------------+------------+---------------+-------------+-----------+
| Compute Primary Results       | 0.00418353 |       129.891 |     336.722 |         0 |
+-------------------------------+------------+---------------+-------------+-----------+
| Save Primary Results          | 0.0115204  |       129.93  |     336.722 |         0 |
+-------------------------------+------------+---------------+-------------+-----------+

Parallel Jobs: job_0008, job_0005, job_0006
Start Memory: 124.48 MB | End Memory: 129.93 MB
Start Disk Usage: 336.72 GB | End Disk Usage: 336.72 GB
Start CPU: 0.00% | End CPU: 0.00%
