--------------------------------------------------------------------------
Machine specifications – written 2025-06-18 15:55:39.546953
OS          : Windows 11 (10.0.22631)
CPU         : 12th Gen Intel(R) Core(TM) i7-12700
   logical  : 20
   physical : 12
RAM         : 31.24 GB
Disk        : 3071.87 GB total  /  2262.45 GB free
Python      : 3.12.5  (C:\Users\s1834431\AppData\Local\Programs\Python\Python312\python.exe)
GPU(s)      : Intel(R) UHD Graphics 770
--------------------------------------------------------------------------

Runtime telemetry header written → \\mull.sms.ed.ac.uk\home\s1834431\Win7\Desktop\fem_model\post_processing\results\job_0011_2025-06-18_15-55-33-619286_pid33080_9a2e6874\diagnostics\RuntimeMonitorTelemetry.log
2025-06-18 15:55:39 │ PrepareLocalSystem BEGIN   │ Δt  0.00 s │ RAM   121.9 MB │ CPU   1.2 % │ Disk  809.4 GB
2025-06-18 15:55:40 │ PrepareLocalSystem END     │ Δt  0.44 s │ RAM   122.0 MB │ CPU   2.4 % │ Disk  809.4 GB
2025-06-18 15:55:40 │ AssembleGlobalSystem BEGIN │ Δt  0.20 s │ RAM   122.0 MB │ CPU   3.5 % │ Disk  809.4 GB
2025-06-18 15:55:40 │ AssembleGlobalSystem END   │ Δt  0.38 s │ RAM   123.1 MB │ CPU   2.7 % │ Disk  809.4 GB
2025-06-18 15:55:41 │ ModifyGlobalSystem BEGIN   │ Δt  0.61 s │ RAM   125.4 MB │ CPU  12.2 % │ Disk  809.4 GB
2025-06-18 15:55:41 │ ModifyGlobalSystem END     │ Δt  0.28 s │ RAM   125.8 MB │ CPU  10.8 % │ Disk  809.4 GB
2025-06-18 15:55:42 │ CondenseModifiedSystem BEGIN │ Δt  0.56 s │ RAM   126.2 MB │ CPU  18.5 % │ Disk  809.4 GB
2025-06-18 15:55:42 │ CondenseModifiedSystem END │ Δt  0.27 s │ RAM   126.5 MB │ CPU   3.1 % │ Disk  809.4 GB
2025-06-18 15:55:43 │ SolveCondensedSystem BEGIN │ Δt  0.50 s │ RAM   130.0 MB │ CPU   3.3 % │ Disk  809.4 GB
2025-06-18 15:55:43 │ SolveCondensedSystem END   │ Δt  0.23 s │ RAM   130.3 MB │ CPU   0.8 % │ Disk  809.4 GB
2025-06-18 15:55:43 │ ReconstructGlobalSystem BEGIN │ Δt  0.20 s │ RAM   130.3 MB │ CPU   3.2 % │ Disk  809.4 GB
2025-06-18 15:55:43 │ ReconstructGlobalSystem END │ Δt  0.24 s │ RAM   130.3 MB │ CPU   3.6 % │ Disk  809.4 GB
2025-06-18 15:55:44 │ ComputePrimaryResults BEGIN │ Δt  0.20 s │ RAM   130.3 MB │ CPU   2.0 % │ Disk  809.4 GB
2025-06-18 15:55:46 │ ComputePrimaryResults END  │ Δt  2.01 s │ RAM   130.3 MB │ CPU   6.1 % │ Disk  809.4 GB
