2025-06-18 15:55:38,096 [DEBUG] 📁 Log file created at: \\mull.sms.ed.ac.uk\home\s1834431\Win7\Desktop\fem_model\post_processing\results\job_0009_2025-06-18_15-55-33-599619_pid33080_8cfa43ef\logs\AssembleGlobalSystem.log (Module: assembly, Line: 90)
2025-06-18 15:55:38,097 [INFO] 🔧 Starting global matrix assembly... (Module: assembly, Line: 108)
2025-06-18 15:55:38,098 [DEBUG] Element 0 DOF mapping validated (Module: assembly, Line: 179)
2025-06-18 15:55:38,098 [DEBUG] Element 1 DOF mapping validated (Module: assembly, Line: 179)
2025-06-18 15:55:38,099 [DEBUG] Element 2 DOF mapping validated (Module: assembly, Line: 179)
2025-06-18 15:55:38,101 [DEBUG] 
✅ DOF Mappings Summary:
 Element ID                              Local DOF                                       Global DOF
          0 [0, 1, 2, 3, 4, 5, 6, 7, 8, 9, 10, 11]           [0, 1, 2, 3, 4, 5, 6, 7, 8, 9, 10, 11]
          1 [0, 1, 2, 3, 4, 5, 6, 7, 8, 9, 10, 11]     [6, 7, 8, 9, 10, 11, 12, 13, 14, 15, 16, 17]
          2 [0, 1, 2, 3, 4, 5, 6, 7, 8, 9, 10, 11] [12, 13, 14, 15, 16, 17, 18, 19, 20, 21, 22, 23] (Module: assembly, Line: 199)
2025-06-18 15:55:38,115 [INFO] 🗂️ DOF mapping saved to: \\mull.sms.ed.ac.uk\home\s1834431\Win7\Desktop\fem_model\post_processing\results\job_0009_2025-06-18_15-55-33-599619_pid33080_8cfa43ef\maps\01_assembly_map.csv (Module: assembly, Line: 209)
2025-06-18 15:55:38,116 [INFO] 🧾 System Info:
  Total DOFs: 24
  Number of elements: 3
  Symmetry tolerance: 1.0e-08 (Module: assembly, Line: 337)
2025-06-18 15:55:38,117 [INFO] ✅ Stiffness matrix assembled (Module: assembly, Line: 241)
2025-06-18 15:55:38,117 [INFO] ✅ Force vector assembled (Module: assembly, Line: 270)
2025-06-18 15:55:38,118 [INFO] Global Stiffness Matrix:
  Non-zero entries: 40
  Symmetry: True
  Norm: 2.505e+11 (Module: assembly, Line: 357)
2025-06-18 15:55:38,122 [DEBUG] 
Full Stiffness Matrix (Dense):
Col        0         1         2         3        4        5         6         7         8         9        10       11        12        13        14        15       16       17        18        19        20        21       22       23
Row                                                                                                                                                                                                                                        
0    6.00e+09  0.00e+00  0.00e+00  0.00e+00 0.00e+00 0.00e+00 -6.00e+09  0.00e+00  0.00e+00  0.00e+00 0.00e+00 0.00e+00  0.00e+00  0.00e+00  0.00e+00  0.00e+00 0.00e+00 0.00e+00  0.00e+00  0.00e+00  0.00e+00  0.00e+00 0.00e+00 0.00e+00
1    0.00e+00  1.51e+10  0.00e+00  0.00e+00 0.00e+00 0.00e+00  0.00e+00 -1.51e+10  0.00e+00  0.00e+00 0.00e+00 0.00e+00  0.00e+00  0.00e+00  0.00e+00  0.00e+00 0.00e+00 0.00e+00  0.00e+00  0.00e+00  0.00e+00  0.00e+00 0.00e+00 0.00e+00
2    0.00e+00  0.00e+00  6.05e+10  0.00e+00 0.00e+00 0.00e+00  0.00e+00  0.00e+00 -6.05e+10  0.00e+00 0.00e+00 0.00e+00  0.00e+00  0.00e+00  0.00e+00  0.00e+00 0.00e+00 0.00e+00  0.00e+00  0.00e+00  0.00e+00  0.00e+00 0.00e+00 0.00e+00
3    0.00e+00  0.00e+00  0.00e+00  1.97e+06 0.00e+00 0.00e+00  0.00e+00  0.00e+00  0.00e+00 -1.97e+06 0.00e+00 0.00e+00  0.00e+00  0.00e+00  0.00e+00  0.00e+00 0.00e+00 0.00e+00  0.00e+00  0.00e+00  0.00e+00  0.00e+00 0.00e+00 0.00e+00
4    0.00e+00  0.00e+00  0.00e+00  0.00e+00 0.00e+00 0.00e+00  0.00e+00  0.00e+00  0.00e+00  0.00e+00 0.00e+00 0.00e+00  0.00e+00  0.00e+00  0.00e+00  0.00e+00 0.00e+00 0.00e+00  0.00e+00  0.00e+00  0.00e+00  0.00e+00 0.00e+00 0.00e+00
5    0.00e+00  0.00e+00  0.00e+00  0.00e+00 0.00e+00 0.00e+00  0.00e+00  0.00e+00  0.00e+00  0.00e+00 0.00e+00 0.00e+00  0.00e+00  0.00e+00  0.00e+00  0.00e+00 0.00e+00 0.00e+00  0.00e+00  0.00e+00  0.00e+00  0.00e+00 0.00e+00 0.00e+00
6   -6.00e+09  0.00e+00  0.00e+00  0.00e+00 0.00e+00 0.00e+00  1.20e+10  0.00e+00  0.00e+00  0.00e+00 0.00e+00 0.00e+00 -6.00e+09  0.00e+00  0.00e+00  0.00e+00 0.00e+00 0.00e+00  0.00e+00  0.00e+00  0.00e+00  0.00e+00 0.00e+00 0.00e+00
7    0.00e+00 -1.51e+10  0.00e+00  0.00e+00 0.00e+00 0.00e+00  0.00e+00  3.02e+10  0.00e+00  0.00e+00 0.00e+00 0.00e+00  0.00e+00 -1.51e+10  0.00e+00  0.00e+00 0.00e+00 0.00e+00  0.00e+00  0.00e+00  0.00e+00  0.00e+00 0.00e+00 0.00e+00
8    0.00e+00  0.00e+00 -6.05e+10  0.00e+00 0.00e+00 0.00e+00  0.00e+00  0.00e+00  1.21e+11  0.00e+00 0.00e+00 0.00e+00  0.00e+00  0.00e+00 -6.05e+10  0.00e+00 0.00e+00 0.00e+00  0.00e+00  0.00e+00  0.00e+00  0.00e+00 0.00e+00 0.00e+00
9    0.00e+00  0.00e+00  0.00e+00 -1.97e+06 0.00e+00 0.00e+00  0.00e+00  0.00e+00  0.00e+00  3.94e+06 0.00e+00 0.00e+00  0.00e+00  0.00e+00  0.00e+00 -1.97e+06 0.00e+00 0.00e+00  0.00e+00  0.00e+00  0.00e+00  0.00e+00 0.00e+00 0.00e+00
10   0.00e+00  0.00e+00  0.00e+00  0.00e+00 0.00e+00 0.00e+00  0.00e+00  0.00e+00  0.00e+00  0.00e+00 0.00e+00 0.00e+00  0.00e+00  0.00e+00  0.00e+00  0.00e+00 0.00e+00 0.00e+00  0.00e+00  0.00e+00  0.00e+00  0.00e+00 0.00e+00 0.00e+00
11   0.00e+00  0.00e+00  0.00e+00  0.00e+00 0.00e+00 0.00e+00  0.00e+00  0.00e+00  0.00e+00  0.00e+00 0.00e+00 0.00e+00  0.00e+00  0.00e+00  0.00e+00  0.00e+00 0.00e+00 0.00e+00  0.00e+00  0.00e+00  0.00e+00  0.00e+00 0.00e+00 0.00e+00
12   0.00e+00  0.00e+00  0.00e+00  0.00e+00 0.00e+00 0.00e+00 -6.00e+09  0.00e+00  0.00e+00  0.00e+00 0.00e+00 0.00e+00  1.20e+10  0.00e+00  0.00e+00  0.00e+00 0.00e+00 0.00e+00 -6.00e+09  0.00e+00  0.00e+00  0.00e+00 0.00e+00 0.00e+00
13   0.00e+00  0.00e+00  0.00e+00  0.00e+00 0.00e+00 0.00e+00  0.00e+00 -1.51e+10  0.00e+00  0.00e+00 0.00e+00 0.00e+00  0.00e+00  3.02e+10  0.00e+00  0.00e+00 0.00e+00 0.00e+00  0.00e+00 -1.51e+10  0.00e+00  0.00e+00 0.00e+00 0.00e+00
14   0.00e+00  0.00e+00  0.00e+00  0.00e+00 0.00e+00 0.00e+00  0.00e+00  0.00e+00 -6.05e+10  0.00e+00 0.00e+00 0.00e+00  0.00e+00  0.00e+00  1.21e+11  0.00e+00 0.00e+00 0.00e+00  0.00e+00  0.00e+00 -6.05e+10  0.00e+00 0.00e+00 0.00e+00
15   0.00e+00  0.00e+00  0.00e+00  0.00e+00 0.00e+00 0.00e+00  0.00e+00  0.00e+00  0.00e+00 -1.97e+06 0.00e+00 0.00e+00  0.00e+00  0.00e+00  0.00e+00  3.94e+06 0.00e+00 0.00e+00  0.00e+00  0.00e+00  0.00e+00 -1.97e+06 0.00e+00 0.00e+00
16   0.00e+00  0.00e+00  0.00e+00  0.00e+00 0.00e+00 0.00e+00  0.00e+00  0.00e+00  0.00e+00  0.00e+00 0.00e+00 0.00e+00  0.00e+00  0.00e+00  0.00e+00  0.00e+00 0.00e+00 0.00e+00  0.00e+00  0.00e+00  0.00e+00  0.00e+00 0.00e+00 0.00e+00
17   0.00e+00  0.00e+00  0.00e+00  0.00e+00 0.00e+00 0.00e+00  0.00e+00  0.00e+00  0.00e+00  0.00e+00 0.00e+00 0.00e+00  0.00e+00  0.00e+00  0.00e+00  0.00e+00 0.00e+00 0.00e+00  0.00e+00  0.00e+00  0.00e+00  0.00e+00 0.00e+00 0.00e+00
18   0.00e+00  0.00e+00  0.00e+00  0.00e+00 0.00e+00 0.00e+00  0.00e+00  0.00e+00  0.00e+00  0.00e+00 0.00e+00 0.00e+00 -6.00e+09  0.00e+00  0.00e+00  0.00e+00 0.00e+00 0.00e+00  6.00e+09  0.00e+00  0.00e+00  0.00e+00 0.00e+00 0.00e+00
19   0.00e+00  0.00e+00  0.00e+00  0.00e+00 0.00e+00 0.00e+00  0.00e+00  0.00e+00  0.00e+00  0.00e+00 0.00e+00 0.00e+00  0.00e+00 -1.51e+10  0.00e+00  0.00e+00 0.00e+00 0.00e+00  0.00e+00  1.51e+10  0.00e+00  0.00e+00 0.00e+00 0.00e+00
20   0.00e+00  0.00e+00  0.00e+00  0.00e+00 0.00e+00 0.00e+00  0.00e+00  0.00e+00  0.00e+00  0.00e+00 0.00e+00 0.00e+00  0.00e+00  0.00e+00 -6.05e+10  0.00e+00 0.00e+00 0.00e+00  0.00e+00  0.00e+00  6.05e+10  0.00e+00 0.00e+00 0.00e+00
21   0.00e+00  0.00e+00  0.00e+00  0.00e+00 0.00e+00 0.00e+00  0.00e+00  0.00e+00  0.00e+00  0.00e+00 0.00e+00 0.00e+00  0.00e+00  0.00e+00  0.00e+00 -1.97e+06 0.00e+00 0.00e+00  0.00e+00  0.00e+00  0.00e+00  1.97e+06 0.00e+00 0.00e+00
22   0.00e+00  0.00e+00  0.00e+00  0.00e+00 0.00e+00 0.00e+00  0.00e+00  0.00e+00  0.00e+00  0.00e+00 0.00e+00 0.00e+00  0.00e+00  0.00e+00  0.00e+00  0.00e+00 0.00e+00 0.00e+00  0.00e+00  0.00e+00  0.00e+00  0.00e+00 0.00e+00 0.00e+00
23   0.00e+00  0.00e+00  0.00e+00  0.00e+00 0.00e+00 0.00e+00  0.00e+00  0.00e+00  0.00e+00  0.00e+00 0.00e+00 0.00e+00  0.00e+00  0.00e+00  0.00e+00  0.00e+00 0.00e+00 0.00e+00  0.00e+00  0.00e+00  0.00e+00  0.00e+00 0.00e+00 0.00e+00 (Module: assembly, Line: 372)
2025-06-18 15:55:38,135 [INFO] 💾 Global stiffness matrix saved to: \\mull.sms.ed.ac.uk\home\s1834431\Win7\Desktop\fem_model\post_processing\results\job_0009_2025-06-18_15-55-33-599619_pid33080_8cfa43ef\primary_results\01_K_global.csv (Module: assembly, Line: 318)
2025-06-18 15:55:38,143 [INFO] 💾 Global force vector saved to: \\mull.sms.ed.ac.uk\home\s1834431\Win7\Desktop\fem_model\post_processing\results\job_0009_2025-06-18_15-55-33-599619_pid33080_8cfa43ef\primary_results\02_F_global.csv (Module: assembly, Line: 333)
2025-06-18 15:55:38,144 [INFO] 📊 Performance Metrics:
  Assembly Time: 0.05s
  Elements Processed: 3
  Matrix Density: 6.94e-02
  Memory Usage: 0.00MB
  Processing Rate: 63.8 elements/s (Module: assembly, Line: 353)
2025-06-18 15:55:38,145 [INFO] ✅ Assembly complete. (Module: assembly, Line: 125)
