2025-06-18 15:55:38,569 [DEBUG] 📁 Log file created at: \\mull.sms.ed.ac.uk\home\s1834431\Win7\Desktop\fem_model\post_processing\results\job_0009_2025-06-18_15-55-33-599619_pid33080_8cfa43ef\logs\ModifyGlobalSystem.log (Module: modification, Line: 97)
2025-06-18 15:55:38,570 [INFO] 🔧 Applying stabilized boundary conditions... (Module: modification, Line: 115)
2025-06-18 15:55:38,571 [DEBUG] Computed penalty value: 1.21e+47 (Module: modification, Line: 172)
2025-06-18 15:55:38,571 [DEBUG] 
======================================== System Diagnostics ======================================== (Module: modification, Line: 263)
2025-06-18 15:55:38,572 [DEBUG] Original Non-zeros: 40
Modified Non-zeros: 34
Penalty Value: 1.21e+47
Stabilization Factor: 1.21e+37 (Module: modification, Line: 275)
2025-06-18 15:55:38,575 [DEBUG] 
Modified Stiffness Matrix:
         0        1        2        3        4        5         6         7         8         9        10       11        12        13        14        15       16       17        18        19        20        21       22       23
0  1.21e+47 0.00e+00 0.00e+00 0.00e+00 0.00e+00 0.00e+00  0.00e+00  0.00e+00  0.00e+00  0.00e+00 0.00e+00 0.00e+00  0.00e+00  0.00e+00  0.00e+00  0.00e+00 0.00e+00 0.00e+00  0.00e+00  0.00e+00  0.00e+00  0.00e+00 0.00e+00 0.00e+00
1  0.00e+00 1.21e+47 0.00e+00 0.00e+00 0.00e+00 0.00e+00  0.00e+00  0.00e+00  0.00e+00  0.00e+00 0.00e+00 0.00e+00  0.00e+00  0.00e+00  0.00e+00  0.00e+00 0.00e+00 0.00e+00  0.00e+00  0.00e+00  0.00e+00  0.00e+00 0.00e+00 0.00e+00
2  0.00e+00 0.00e+00 1.21e+47 0.00e+00 0.00e+00 0.00e+00  0.00e+00  0.00e+00  0.00e+00  0.00e+00 0.00e+00 0.00e+00  0.00e+00  0.00e+00  0.00e+00  0.00e+00 0.00e+00 0.00e+00  0.00e+00  0.00e+00  0.00e+00  0.00e+00 0.00e+00 0.00e+00
3  0.00e+00 0.00e+00 0.00e+00 1.21e+47 0.00e+00 0.00e+00  0.00e+00  0.00e+00  0.00e+00  0.00e+00 0.00e+00 0.00e+00  0.00e+00  0.00e+00  0.00e+00  0.00e+00 0.00e+00 0.00e+00  0.00e+00  0.00e+00  0.00e+00  0.00e+00 0.00e+00 0.00e+00
4  0.00e+00 0.00e+00 0.00e+00 0.00e+00 1.21e+47 0.00e+00  0.00e+00  0.00e+00  0.00e+00  0.00e+00 0.00e+00 0.00e+00  0.00e+00  0.00e+00  0.00e+00  0.00e+00 0.00e+00 0.00e+00  0.00e+00  0.00e+00  0.00e+00  0.00e+00 0.00e+00 0.00e+00
5  0.00e+00 0.00e+00 0.00e+00 0.00e+00 0.00e+00 1.21e+47  0.00e+00  0.00e+00  0.00e+00  0.00e+00 0.00e+00 0.00e+00  0.00e+00  0.00e+00  0.00e+00  0.00e+00 0.00e+00 0.00e+00  0.00e+00  0.00e+00  0.00e+00  0.00e+00 0.00e+00 0.00e+00
6  0.00e+00 0.00e+00 0.00e+00 0.00e+00 0.00e+00 0.00e+00  1.20e+10  0.00e+00  0.00e+00  0.00e+00 0.00e+00 0.00e+00 -6.00e+09  0.00e+00  0.00e+00  0.00e+00 0.00e+00 0.00e+00  0.00e+00  0.00e+00  0.00e+00  0.00e+00 0.00e+00 0.00e+00
7  0.00e+00 0.00e+00 0.00e+00 0.00e+00 0.00e+00 0.00e+00  0.00e+00  3.02e+10  0.00e+00  0.00e+00 0.00e+00 0.00e+00  0.00e+00 -1.51e+10  0.00e+00  0.00e+00 0.00e+00 0.00e+00  0.00e+00  0.00e+00  0.00e+00  0.00e+00 0.00e+00 0.00e+00
8  0.00e+00 0.00e+00 0.00e+00 0.00e+00 0.00e+00 0.00e+00  0.00e+00  0.00e+00  1.21e+11  0.00e+00 0.00e+00 0.00e+00  0.00e+00  0.00e+00 -6.05e+10  0.00e+00 0.00e+00 0.00e+00  0.00e+00  0.00e+00  0.00e+00  0.00e+00 0.00e+00 0.00e+00
9  0.00e+00 0.00e+00 0.00e+00 0.00e+00 0.00e+00 0.00e+00  0.00e+00  0.00e+00  0.00e+00  3.94e+06 0.00e+00 0.00e+00  0.00e+00  0.00e+00  0.00e+00 -1.97e+06 0.00e+00 0.00e+00  0.00e+00  0.00e+00  0.00e+00  0.00e+00 0.00e+00 0.00e+00
10 0.00e+00 0.00e+00 0.00e+00 0.00e+00 0.00e+00 0.00e+00  0.00e+00  0.00e+00  0.00e+00  0.00e+00 0.00e+00 0.00e+00  0.00e+00  0.00e+00  0.00e+00  0.00e+00 0.00e+00 0.00e+00  0.00e+00  0.00e+00  0.00e+00  0.00e+00 0.00e+00 0.00e+00
11 0.00e+00 0.00e+00 0.00e+00 0.00e+00 0.00e+00 0.00e+00  0.00e+00  0.00e+00  0.00e+00  0.00e+00 0.00e+00 0.00e+00  0.00e+00  0.00e+00  0.00e+00  0.00e+00 0.00e+00 0.00e+00  0.00e+00  0.00e+00  0.00e+00  0.00e+00 0.00e+00 0.00e+00
12 0.00e+00 0.00e+00 0.00e+00 0.00e+00 0.00e+00 0.00e+00 -6.00e+09  0.00e+00  0.00e+00  0.00e+00 0.00e+00 0.00e+00  1.20e+10  0.00e+00  0.00e+00  0.00e+00 0.00e+00 0.00e+00 -6.00e+09  0.00e+00  0.00e+00  0.00e+00 0.00e+00 0.00e+00
13 0.00e+00 0.00e+00 0.00e+00 0.00e+00 0.00e+00 0.00e+00  0.00e+00 -1.51e+10  0.00e+00  0.00e+00 0.00e+00 0.00e+00  0.00e+00  3.02e+10  0.00e+00  0.00e+00 0.00e+00 0.00e+00  0.00e+00 -1.51e+10  0.00e+00  0.00e+00 0.00e+00 0.00e+00
14 0.00e+00 0.00e+00 0.00e+00 0.00e+00 0.00e+00 0.00e+00  0.00e+00  0.00e+00 -6.05e+10  0.00e+00 0.00e+00 0.00e+00  0.00e+00  0.00e+00  1.21e+11  0.00e+00 0.00e+00 0.00e+00  0.00e+00  0.00e+00 -6.05e+10  0.00e+00 0.00e+00 0.00e+00
15 0.00e+00 0.00e+00 0.00e+00 0.00e+00 0.00e+00 0.00e+00  0.00e+00  0.00e+00  0.00e+00 -1.97e+06 0.00e+00 0.00e+00  0.00e+00  0.00e+00  0.00e+00  3.94e+06 0.00e+00 0.00e+00  0.00e+00  0.00e+00  0.00e+00 -1.97e+06 0.00e+00 0.00e+00
16 0.00e+00 0.00e+00 0.00e+00 0.00e+00 0.00e+00 0.00e+00  0.00e+00  0.00e+00  0.00e+00  0.00e+00 0.00e+00 0.00e+00  0.00e+00  0.00e+00  0.00e+00  0.00e+00 0.00e+00 0.00e+00  0.00e+00  0.00e+00  0.00e+00  0.00e+00 0.00e+00 0.00e+00
17 0.00e+00 0.00e+00 0.00e+00 0.00e+00 0.00e+00 0.00e+00  0.00e+00  0.00e+00  0.00e+00  0.00e+00 0.00e+00 0.00e+00  0.00e+00  0.00e+00  0.00e+00  0.00e+00 0.00e+00 0.00e+00  0.00e+00  0.00e+00  0.00e+00  0.00e+00 0.00e+00 0.00e+00
18 0.00e+00 0.00e+00 0.00e+00 0.00e+00 0.00e+00 0.00e+00  0.00e+00  0.00e+00  0.00e+00  0.00e+00 0.00e+00 0.00e+00 -6.00e+09  0.00e+00  0.00e+00  0.00e+00 0.00e+00 0.00e+00  6.00e+09  0.00e+00  0.00e+00  0.00e+00 0.00e+00 0.00e+00
19 0.00e+00 0.00e+00 0.00e+00 0.00e+00 0.00e+00 0.00e+00  0.00e+00  0.00e+00  0.00e+00  0.00e+00 0.00e+00 0.00e+00  0.00e+00 -1.51e+10  0.00e+00  0.00e+00 0.00e+00 0.00e+00  0.00e+00  1.51e+10  0.00e+00  0.00e+00 0.00e+00 0.00e+00
20 0.00e+00 0.00e+00 0.00e+00 0.00e+00 0.00e+00 0.00e+00  0.00e+00  0.00e+00  0.00e+00  0.00e+00 0.00e+00 0.00e+00  0.00e+00  0.00e+00 -6.05e+10  0.00e+00 0.00e+00 0.00e+00  0.00e+00  0.00e+00  6.05e+10  0.00e+00 0.00e+00 0.00e+00
21 0.00e+00 0.00e+00 0.00e+00 0.00e+00 0.00e+00 0.00e+00  0.00e+00  0.00e+00  0.00e+00  0.00e+00 0.00e+00 0.00e+00  0.00e+00  0.00e+00  0.00e+00 -1.97e+06 0.00e+00 0.00e+00  0.00e+00  0.00e+00  0.00e+00  1.97e+06 0.00e+00 0.00e+00
22 0.00e+00 0.00e+00 0.00e+00 0.00e+00 0.00e+00 0.00e+00  0.00e+00  0.00e+00  0.00e+00  0.00e+00 0.00e+00 0.00e+00  0.00e+00  0.00e+00  0.00e+00  0.00e+00 0.00e+00 0.00e+00  0.00e+00  0.00e+00  0.00e+00  0.00e+00 0.00e+00 0.00e+00
23 0.00e+00 0.00e+00 0.00e+00 0.00e+00 0.00e+00 0.00e+00  0.00e+00  0.00e+00  0.00e+00  0.00e+00 0.00e+00 0.00e+00  0.00e+00  0.00e+00  0.00e+00  0.00e+00 0.00e+00 0.00e+00  0.00e+00  0.00e+00  0.00e+00  0.00e+00 0.00e+00 0.00e+00 (Module: modification, Line: 280)
2025-06-18 15:55:38,577 [DEBUG] 
Condition Estimate: 6.1e+40 (Module: modification, Line: 290)
2025-06-18 15:55:38,591 [INFO] 💾 Modified stiffness matrix saved to: \\mull.sms.ed.ac.uk\home\s1834431\Win7\Desktop\fem_model\post_processing\results\job_0009_2025-06-18_15-55-33-599619_pid33080_8cfa43ef\primary_results\03_K_mod.csv (Module: modification, Line: 244)
2025-06-18 15:55:38,598 [INFO] 💾 Modified force vector saved to: \\mull.sms.ed.ac.uk\home\s1834431\Win7\Desktop\fem_model\post_processing\results\job_0009_2025-06-18_15-55-33-599619_pid33080_8cfa43ef\primary_results\04_F_mod.csv (Module: modification, Line: 256)
2025-06-18 15:55:38,607 [INFO] 📎 Element DOF fixed/free map saved to: \\mull.sms.ed.ac.uk\home\s1834431\Win7\Desktop\fem_model\post_processing\results\job_0009_2025-06-18_15-55-33-599619_pid33080_8cfa43ef\maps\02_modification_map.csv (Module: modification, Line: 159)
2025-06-18 15:55:38,609 [INFO] ✅ Boundary conditions applied in 0.04s (Module: modification, Line: 132)
