--------------------------------------------------------------------------
### Global System

                   │ CURRENT            │ EVOLUTION         
Equations          │ 606                │ 606               
Dirichlet          │ 0                  │ 0                 
Eliminated         │ 0                  │ 0                 
Unknowns           │ 606                │ 606               
nnz                │ 3010               │ 3010              
Density            │ 8.20e-03           │ 8.20e-03          
Zero rows          │ 0                  │ 0                 
Zero cols          │ 0                  │ 0                 
Bandwidth          │ 10                 │ 10                
Symmetric          │ yes                │ yes               
Rank               │ 600                │ 600               
Cond-no            │ 2.0e+17            │ 2.0e+17           
λmin/λmax          │ —                  │ —                 
Inertia            │ —                  │ —                 
b-min/max          │ -2.0e+03/0.0e+00   │ -2.0e+03/0.0e+00  
Σb                 │ -1.0e+05           │ -1.0e+05          
Top|b|             │ 601:-2.0e+03, 595:-2.0e+03, 589:-2.0e+03 │ 601:-2.0e+03, 595:-2.0e+03, 589:-2.0e+03

2025-07-06 14:21:37,671 [INFO] 🩺  Global System diagnostics appended → \\mull.sms.ed.ac.uk\home\s1834431\Win7\Desktop\fem_model\post_processing\results\job_0005_2025-07-06_14-21-27-502153_pid34956_333175ec\diagnostics\DiagnoseLinearStaticSystem.log
--------------------------------------------------------------------------
### Modified System

                   │ CURRENT            │ EVOLUTION         
Equations          │ 606                │ 606               
Dirichlet          │ 0                  │ 6                 
Eliminated         │ 0                  │ 0                 
Unknowns           │ 606                │ 600               
nnz                │ 2986               │ 3010              
Density            │ 8.13e-03           │ 8.20e-03          
Zero rows          │ 0                  │ 0                 
Zero cols          │ 0                  │ 0                 
Bandwidth          │ 10                 │ 10                
Symmetric          │ yes                │ yes               
Rank               │ 6                  │ 600               
Cond-no            │ 6.2e+31            │ 2.0e+17           
λmin/λmax          │ —                  │ —                 
Inertia            │ —                  │ —                 
b-min/max          │ -2.0e+03/0.0e+00   │ -2.0e+03/0.0e+00  
Σb                 │ -1.0e+05           │ -1.0e+05          
Top|b|             │ 601:-2.0e+03, 595:-2.0e+03, 589:-2.0e+03 │ 601:-2.0e+03, 595:-2.0e+03, 589:-2.0e+03

2025-07-06 14:21:38,631 [INFO] 🩺  Modified System diagnostics appended → \\mull.sms.ed.ac.uk\home\s1834431\Win7\Desktop\fem_model\post_processing\results\job_0005_2025-07-06_14-21-27-502153_pid34956_333175ec\diagnostics\DiagnoseLinearStaticSystem.log
--------------------------------------------------------------------------
### Condensed System

                   │ CURRENT            │ EVOLUTION         
Equations          │ 600                │ 606               
Dirichlet          │ 0                  │ 6                 
Eliminated         │ 0                  │ 6                 
Unknowns           │ 600                │ 594               
nnz                │ 2980               │ 3010              
Density            │ 8.28e-03           │ 8.20e-03          
Zero rows          │ 0                  │ 0                 
Zero cols          │ 0                  │ 0                 
Bandwidth          │ 10                 │ 10                
Symmetric          │ yes                │ yes               
Rank               │ 600                │ 600               
Cond-no            │ 5.6e+11            │ 2.0e+17           
λmin/λmax          │ —                  │ —                 
Inertia            │ —                  │ —                 
b-min/max          │ -2.0e+03/0.0e+00   │ -2.0e+03/0.0e+00  
Σb                 │ -1.0e+05           │ -1.0e+05          
Top|b|             │ 595:-2.0e+03, 589:-2.0e+03, 583:-2.0e+03 │ 601:-2.0e+03, 595:-2.0e+03, 589:-2.0e+03

2025-07-06 14:21:39,614 [INFO] 🩺  Condensed System diagnostics appended → \\mull.sms.ed.ac.uk\home\s1834431\Win7\Desktop\fem_model\post_processing\results\job_0005_2025-07-06_14-21-27-502153_pid34956_333175ec\diagnostics\DiagnoseLinearStaticSystem.log
