--------------------------------------------------------------------------
### Global System

                   │ CURRENT            │ EVOLUTION         
Equations          │ 12                 │ 12                
Dirichlet          │ 0                  │ 0                 
Eliminated         │ 0                  │ 0                 
Unknowns           │ 12                 │ 12                
nnz                │ 16                 │ 16                
Density            │ 1.11e-01           │ 1.11e-01          
Zero rows          │ 4                  │ 4                 
Zero cols          │ 4                  │ 4                 
Bandwidth          │ 6                  │ 6                 
Symmetric          │ yes                │ yes               
Rank               │ 4                  │ 4                 
Cond-no            │ inf                │ inf               
λmin/λmax          │ -1.1e-07/4.5e+09   │ -1.1e-07/4.5e+09  
Inertia            │ 5/2/5              │ 5/2/5             
b-min/max          │ -1.0e+05/0.0e+00   │ -1.0e+05/0.0e+00  
Σb                 │ -1.0e+05           │ -1.0e+05          
Top|b|             │ 7:-1.0e+05, 0:0.0e+00, 2:0.0e+00 │ 7:-1.0e+05, 0:0.0e+00, 2:0.0e+00

2025-06-18 15:55:38,332 [INFO] 🩺  Global System diagnostics appended → \\mull.sms.ed.ac.uk\home\s1834431\Win7\Desktop\fem_model\post_processing\results\job_0007_2025-06-18_15-55-33-575446_pid33080_172c5fdd\diagnostics\DiagnoseLinearStaticSystem.log
--------------------------------------------------------------------------
### Modified System

                   │ CURRENT            │ EVOLUTION         
Equations          │ 12                 │ 12                
Dirichlet          │ 0                  │ 6                 
Eliminated         │ 0                  │ 0                 
Unknowns           │ 12                 │ 6                 
nnz                │ 10                 │ 16                
Density            │ 6.94e-02           │ 1.11e-01          
Zero rows          │ 2                  │ 4                 
Zero cols          │ 2                  │ 4                 
Bandwidth          │ 0                  │ 6                 
Symmetric          │ yes                │ yes               
Rank               │ 6                  │ 4                 
Cond-no            │ inf                │ inf               
λmin/λmax          │ 0.0e+00/2.2e+45    │ -1.1e-07/4.5e+09  
Inertia            │ 10/0/2             │ 5/2/5             
b-min/max          │ -1.0e+05/0.0e+00   │ -1.0e+05/0.0e+00  
Σb                 │ -1.0e+05           │ -1.0e+05          
Top|b|             │ 7:-1.0e+05, 0:0.0e+00, 2:0.0e+00 │ 7:-1.0e+05, 0:0.0e+00, 2:0.0e+00

2025-06-18 15:55:38,796 [INFO] 🩺  Modified System diagnostics appended → \\mull.sms.ed.ac.uk\home\s1834431\Win7\Desktop\fem_model\post_processing\results\job_0007_2025-06-18_15-55-33-575446_pid33080_172c5fdd\diagnostics\DiagnoseLinearStaticSystem.log
--------------------------------------------------------------------------
### Condensed System

                   │ CURRENT            │ EVOLUTION         
Equations          │ 4                  │ 12                
Dirichlet          │ 0                  │ 6                 
Eliminated         │ 0                  │ 8                 
Unknowns           │ 4                  │ -2                
nnz                │ 4                  │ 16                
Density            │ 2.50e-01           │ 1.11e-01          
Zero rows          │ 0                  │ 4                 
Zero cols          │ 0                  │ 4                 
Bandwidth          │ 0                  │ 6                 
Symmetric          │ yes                │ yes               
Rank               │ 4                  │ 4                 
Cond-no            │ 3.4e+03            │ inf               
λmin/λmax          │ 6.6e+05/2.2e+09    │ -1.1e-07/4.5e+09  
Inertia            │ 4/0/0              │ 5/2/5             
b-min/max          │ -1.0e+05/0.0e+00   │ -1.0e+05/0.0e+00  
Σb                 │ -1.0e+05           │ -1.0e+05          
Top|b|             │ 1:-1.0e+05, 0:0.0e+00, 2:0.0e+00 │ 7:-1.0e+05, 0:0.0e+00, 2:0.0e+00

2025-06-18 15:55:39,257 [INFO] 🩺  Condensed System diagnostics appended → \\mull.sms.ed.ac.uk\home\s1834431\Win7\Desktop\fem_model\post_processing\results\job_0007_2025-06-18_15-55-33-575446_pid33080_172c5fdd\diagnostics\DiagnoseLinearStaticSystem.log
