Machine Specifications:
   - OS: Windows 11 (10.0.22631)
   - CPU: Intel64 Family 6 Model 151 Stepping 2, GenuineIntel (20 cores)
   - RAM: 31.24 GB
   - Python Version: 3.12.5

Job: job_0002
Timestamp (job start): 2025-03-03_12-54-11
Total Time: 1.87 sec

+-------------------------------+------------+---------------+-------------+-----------+
| Step                          |   Time (s) |   Memory (MB) |   Disk (GB) |   CPU (%) |
+===============================+============+===============+=============+===========+
| Parsing                       | 0.00603485 |       78.3008 |     746.109 |         0 |
+-------------------------------+------------+---------------+-------------+-----------+
| Element Instantiation         | 0          |       78.3477 |     746.109 |         0 |
+-------------------------------+------------+---------------+-------------+-----------+
| Element Stiffness Computation | 0.28764    |       78.5977 |     746.109 |         0 |
+-------------------------------+------------+---------------+-------------+-----------+
| Element Force Computation     | 0          |       78.6016 |     746.109 |         0 |
+-------------------------------+------------+---------------+-------------+-----------+
| Setup Simulation              | 0          |       78.6367 |     746.109 |         0 |
+-------------------------------+------------+---------------+-------------+-----------+
| Assemble Global Matrices      | 0          |       79.7031 |     746.109 |         0 |
+-------------------------------+------------+---------------+-------------+-----------+
| Modify Global Matrices        | 0.00715756 |       79.8125 |     746.109 |         0 |
+-------------------------------+------------+---------------+-------------+-----------+
| Solve Linear Static System    | 0.342024   |       99.7461 |     746.109 |         0 |
+-------------------------------+------------+---------------+-------------+-----------+
| Compute Primary Results       | 0.00104594 |       99.7461 |     746.109 |         0 |
+-------------------------------+------------+---------------+-------------+-----------+
| Save Primary Results          | 0.074039   |       99.7812 |     746.11  |         0 |
+-------------------------------+------------+---------------+-------------+-----------+

Parallel Jobs: job_0001
Start Memory: 78.20 MB | End Memory: 99.78 MB
Start Disk Usage: 746.11 GB | End Disk Usage: 746.11 GB
Start CPU: 0.00% | End CPU: 0.00%
