Machine Specifications:
   - OS: Windows 10 (10.0.19045)
   - CPU: Intel64 Family 6 Model 94 Stepping 3, GenuineIntel (4 cores)
   - RAM: 15.96 GB
   - Python Version: 3.11.0

Job: job_0007
Timestamp (job start): 2025-04-08_17-27-16
Total Time: 1.78 sec

+-------------------------------+------------+---------------+-------------+-----------+
| Step                          |   Time (s) |   Memory (MB) |   Disk (GB) |   CPU (%) |
+===============================+============+===============+=============+===========+
| Parsing                       | 0          |       121.148 |     336.73  |         0 |
+-------------------------------+------------+---------------+-------------+-----------+
| Element Instantiation         | 0.128684   |       121.148 |     336.73  |         0 |
+-------------------------------+------------+---------------+-------------+-----------+
| Element Stiffness Computation | 0.155484   |       121.188 |     336.705 |         0 |
+-------------------------------+------------+---------------+-------------+-----------+
| Element Force Computation     | 0.020134   |       121.188 |     336.707 |         0 |
+-------------------------------+------------+---------------+-------------+-----------+
| Setup Simulation              | 0          |       121.188 |     336.708 |         0 |
+-------------------------------+------------+---------------+-------------+-----------+
| Assemble Global Matrices      | 0.0158403  |       121.199 |     336.71  |         0 |
+-------------------------------+------------+---------------+-------------+-----------+
| Modify Global Matrices        | 0.0179536  |       121.203 |     336.711 |         0 |
+-------------------------------+------------+---------------+-------------+-----------+
| Solve Linear Static System    | 0.298342   |       124.035 |     336.715 |         0 |
+-------------------------------+------------+---------------+-------------+-----------+
| Compute Primary Results       | 0.0077157  |       124.035 |     336.716 |         0 |
+-------------------------------+------------+---------------+-------------+-----------+
| Save Primary Results          | 0.00698161 |       124.051 |     336.717 |         0 |
+-------------------------------+------------+---------------+-------------+-----------+

Parallel Jobs: job_0004
Start Memory: 121.15 MB | End Memory: 124.05 MB
Start Disk Usage: 336.73 GB | End Disk Usage: 336.72 GB
Start CPU: 0.00% | End CPU: 0.00%
