Machine Specifications:
   - OS: Windows 11 (10.0.22631)
   - CPU: Intel64 Family 6 Model 151 Stepping 2, GenuineIntel (20 cores)
   - RAM: 31.24 GB
   - Python Version: 3.12.5

Job: job_0004
Timestamp (job start): 2025-03-14_16-59-41
Total Time: 1.78 sec

+-------------------------------+------------+---------------+-------------+-----------+
| Step                          |   Time (s) |   Memory (MB) |   Disk (GB) |   CPU (%) |
+===============================+============+===============+=============+===========+
| Parsing                       | 0.00513697 |       79.1719 |     760.131 |         0 |
+-------------------------------+------------+---------------+-------------+-----------+
| Element Instantiation         | 0          |       79.2188 |     760.131 |         0 |
+-------------------------------+------------+---------------+-------------+-----------+
| Element Stiffness Computation | 0.00511003 |       79.3789 |     760.131 |         0 |
+-------------------------------+------------+---------------+-------------+-----------+
| Element Force Computation     | 0.00516391 |       79.3906 |     760.131 |         0 |
+-------------------------------+------------+---------------+-------------+-----------+
| Setup Simulation              | 0          |       79.4609 |     760.131 |         0 |
+-------------------------------+------------+---------------+-------------+-----------+
| Assemble Global Matrices      | 0.197776   |       80.6211 |     760.131 |         0 |
+-------------------------------+------------+---------------+-------------+-----------+
| Modify Global Matrices        | 0.009027   |       80.7344 |     760.131 |         0 |
+-------------------------------+------------+---------------+-------------+-----------+
| Solve Linear Static System    | 0.361093   |       98.5742 |     760.132 |         0 |
+-------------------------------+------------+---------------+-------------+-----------+
| Compute Primary Results       | 0          |       98.5781 |     760.132 |         0 |
+-------------------------------+------------+---------------+-------------+-----------+
| Save Primary Results          | 0.0652041  |       98.5859 |     760.132 |         0 |
+-------------------------------+------------+---------------+-------------+-----------+

Parallel Jobs: job_0002, job_0001, job_0006, job_0003
Start Memory: 78.98 MB | End Memory: 98.59 MB
Start Disk Usage: 760.13 GB | End Disk Usage: 760.13 GB
Start CPU: 0.00% | End CPU: 0.00%
