Machine Specifications:
   - OS: Windows 11 (10.0.22631)
   - CPU: Intel64 Family 6 Model 151 Stepping 2, GenuineIntel (20 cores)
   - RAM: 31.24 GB
   - Python Version: 3.12.5

Job: job_0004
Timestamp (job start): 2025-03-16_22-31-56
Total Time: 7.21 sec

+-------------------------------+------------+---------------+-------------+-----------+
| Step                          |   Time (s) |   Memory (MB) |   Disk (GB) |   CPU (%) |
+===============================+============+===============+=============+===========+
| Parsing                       | 0.00800824 |       106.027 |     759.095 |         0 |
+-------------------------------+------------+---------------+-------------+-----------+
| Element Instantiation         | 0.00545478 |       106.07  |     759.095 |         0 |
+-------------------------------+------------+---------------+-------------+-----------+
| Element Stiffness Computation | 1.82754    |       106.266 |     759.102 |         0 |
+-------------------------------+------------+---------------+-------------+-----------+
| Element Force Computation     | 3.56561    |       106.34  |     759.106 |         0 |
+-------------------------------+------------+---------------+-------------+-----------+
| Setup Simulation              | 0          |       106.371 |     759.106 |         0 |
+-------------------------------+------------+---------------+-------------+-----------+
| Assemble Global Matrices      | 0.037848   |       108.621 |     759.106 |         0 |
+-------------------------------+------------+---------------+-------------+-----------+
| Modify Global Matrices        | 0.0525522  |       109.234 |     759.107 |         0 |
+-------------------------------+------------+---------------+-------------+-----------+
| Solve Linear Static System    | 0.500743   |       124.711 |     759.107 |         0 |
+-------------------------------+------------+---------------+-------------+-----------+
| Compute Primary Results       | 0.00701451 |       124.715 |     759.107 |         0 |
+-------------------------------+------------+---------------+-------------+-----------+
| Save Primary Results          | 0.0844207  |       124.754 |     759.107 |         0 |
+-------------------------------+------------+---------------+-------------+-----------+

Parallel Jobs: job_0003, job_0002, job_0001, job_0006, job_0005
Start Memory: 105.85 MB | End Memory: 124.75 MB
Start Disk Usage: 759.10 GB | End Disk Usage: 759.11 GB
Start CPU: 0.00% | End CPU: 0.00%
