2025-03-16 22:31:51,613 - pre_processing.element_library.element_1D_base - DEBUG - Element Force Vector Computation (Element ID: 0)
2025-03-16 22:31:51,619 - pre_processing.element_library.element_1D_base - DEBUG - 
===== Final Element Force Vector =====
2025-03-16 22:31:51,626 - pre_processing.element_library.element_1D_base - DEBUG - [[0. 0. 0. 0. 0. 0. 0. 0. 0. 0. 0. 0.]]
2025-03-16 22:31:51,636 - pre_processing.element_library.element_1D_base - DEBUG - Element Force Vector Computation (Element ID: 1)
2025-03-16 22:31:51,636 - pre_processing.element_library.element_1D_base - DEBUG - Element Force Vector Computation (Element ID: 1)
2025-03-16 22:31:51,659 - pre_processing.element_library.element_1D_base - DEBUG - 
===== Final Element Force Vector =====
2025-03-16 22:31:51,659 - pre_processing.element_library.element_1D_base - DEBUG - 
===== Final Element Force Vector =====
2025-03-16 22:31:51,668 - pre_processing.element_library.element_1D_base - DEBUG - [[0. 0. 0. 0. 0. 0. 0. 0. 0. 0. 0. 0.]]
2025-03-16 22:31:51,668 - pre_processing.element_library.element_1D_base - DEBUG - [[0. 0. 0. 0. 0. 0. 0. 0. 0. 0. 0. 0.]]
2025-03-16 22:31:51,677 - pre_processing.element_library.element_1D_base - DEBUG - Element Force Vector Computation (Element ID: 2)
2025-03-16 22:31:51,677 - pre_processing.element_library.element_1D_base - DEBUG - Element Force Vector Computation (Element ID: 2)
2025-03-16 22:31:51,677 - pre_processing.element_library.element_1D_base - DEBUG - Element Force Vector Computation (Element ID: 2)
2025-03-16 22:31:51,684 - pre_processing.element_library.element_1D_base - DEBUG - 
===== Final Element Force Vector =====
2025-03-16 22:31:51,684 - pre_processing.element_library.element_1D_base - DEBUG - 
===== Final Element Force Vector =====
2025-03-16 22:31:51,684 - pre_processing.element_library.element_1D_base - DEBUG - 
===== Final Element Force Vector =====
2025-03-16 22:31:51,691 - pre_processing.element_library.element_1D_base - DEBUG - [[0. 0. 0. 0. 0. 0. 0. 0. 0. 0. 0. 0.]]
2025-03-16 22:31:51,691 - pre_processing.element_library.element_1D_base - DEBUG - [[0. 0. 0. 0. 0. 0. 0. 0. 0. 0. 0. 0.]]
2025-03-16 22:31:51,691 - pre_processing.element_library.element_1D_base - DEBUG - [[0. 0. 0. 0. 0. 0. 0. 0. 0. 0. 0. 0.]]
2025-03-16 22:31:51,703 - pre_processing.element_library.element_1D_base - DEBUG - Element Force Vector Computation (Element ID: 3)
2025-03-16 22:31:51,703 - pre_processing.element_library.element_1D_base - DEBUG - Element Force Vector Computation (Element ID: 3)
2025-03-16 22:31:51,703 - pre_processing.element_library.element_1D_base - DEBUG - Element Force Vector Computation (Element ID: 3)
2025-03-16 22:31:51,703 - pre_processing.element_library.element_1D_base - DEBUG - Element Force Vector Computation (Element ID: 3)
2025-03-16 22:31:51,710 - pre_processing.element_library.element_1D_base - DEBUG - 
===== Final Element Force Vector =====
2025-03-16 22:31:51,710 - pre_processing.element_library.element_1D_base - DEBUG - 
===== Final Element Force Vector =====
2025-03-16 22:31:51,710 - pre_processing.element_library.element_1D_base - DEBUG - 
===== Final Element Force Vector =====
2025-03-16 22:31:51,710 - pre_processing.element_library.element_1D_base - DEBUG - 
===== Final Element Force Vector =====
2025-03-16 22:31:51,716 - pre_processing.element_library.element_1D_base - DEBUG - [[0. 0. 0. 0. 0. 0. 0. 0. 0. 0. 0. 0.]]
2025-03-16 22:31:51,716 - pre_processing.element_library.element_1D_base - DEBUG - [[0. 0. 0. 0. 0. 0. 0. 0. 0. 0. 0. 0.]]
2025-03-16 22:31:51,716 - pre_processing.element_library.element_1D_base - DEBUG - [[0. 0. 0. 0. 0. 0. 0. 0. 0. 0. 0. 0.]]
2025-03-16 22:31:51,716 - pre_processing.element_library.element_1D_base - DEBUG - [[0. 0. 0. 0. 0. 0. 0. 0. 0. 0. 0. 0.]]
2025-03-16 22:31:51,726 - pre_processing.element_library.element_1D_base - DEBUG - Element Force Vector Computation (Element ID: 4)
2025-03-16 22:31:51,726 - pre_processing.element_library.element_1D_base - DEBUG - Element Force Vector Computation (Element ID: 4)
2025-03-16 22:31:51,726 - pre_processing.element_library.element_1D_base - DEBUG - Element Force Vector Computation (Element ID: 4)
2025-03-16 22:31:51,726 - pre_processing.element_library.element_1D_base - DEBUG - Element Force Vector Computation (Element ID: 4)
2025-03-16 22:31:51,726 - pre_processing.element_library.element_1D_base - DEBUG - Element Force Vector Computation (Element ID: 4)
2025-03-16 22:31:51,734 - pre_processing.element_library.element_1D_base - DEBUG - 
===== Final Element Force Vector =====
2025-03-16 22:31:51,734 - pre_processing.element_library.element_1D_base - DEBUG - 
===== Final Element Force Vector =====
2025-03-16 22:31:51,734 - pre_processing.element_library.element_1D_base - DEBUG - 
===== Final Element Force Vector =====
2025-03-16 22:31:51,734 - pre_processing.element_library.element_1D_base - DEBUG - 
===== Final Element Force Vector =====
2025-03-16 22:31:51,734 - pre_processing.element_library.element_1D_base - DEBUG - 
===== Final Element Force Vector =====
2025-03-16 22:31:51,741 - pre_processing.element_library.element_1D_base - DEBUG - [[0. 0. 0. 0. 0. 0. 0. 0. 0. 0. 0. 0.]]
2025-03-16 22:31:51,741 - pre_processing.element_library.element_1D_base - DEBUG - [[0. 0. 0. 0. 0. 0. 0. 0. 0. 0. 0. 0.]]
2025-03-16 22:31:51,741 - pre_processing.element_library.element_1D_base - DEBUG - [[0. 0. 0. 0. 0. 0. 0. 0. 0. 0. 0. 0.]]
2025-03-16 22:31:51,741 - pre_processing.element_library.element_1D_base - DEBUG - [[0. 0. 0. 0. 0. 0. 0. 0. 0. 0. 0. 0.]]
2025-03-16 22:31:51,741 - pre_processing.element_library.element_1D_base - DEBUG - [[0. 0. 0. 0. 0. 0. 0. 0. 0. 0. 0. 0.]]
2025-03-16 22:31:51,752 - pre_processing.element_library.element_1D_base - DEBUG - Element Force Vector Computation (Element ID: 5)
2025-03-16 22:31:51,752 - pre_processing.element_library.element_1D_base - DEBUG - Element Force Vector Computation (Element ID: 5)
2025-03-16 22:31:51,752 - pre_processing.element_library.element_1D_base - DEBUG - Element Force Vector Computation (Element ID: 5)
2025-03-16 22:31:51,752 - pre_processing.element_library.element_1D_base - DEBUG - Element Force Vector Computation (Element ID: 5)
2025-03-16 22:31:51,752 - pre_processing.element_library.element_1D_base - DEBUG - Element Force Vector Computation (Element ID: 5)
2025-03-16 22:31:51,752 - pre_processing.element_library.element_1D_base - DEBUG - Element Force Vector Computation (Element ID: 5)
2025-03-16 22:31:51,760 - pre_processing.element_library.element_1D_base - DEBUG - 
Point Load at x_p = 1.000000e+00 (xi_p = -1.000000e+00)
2025-03-16 22:31:51,760 - pre_processing.element_library.element_1D_base - DEBUG - 
Point Load at x_p = 1.000000e+00 (xi_p = -1.000000e+00)
2025-03-16 22:31:51,760 - pre_processing.element_library.element_1D_base - DEBUG - 
Point Load at x_p = 1.000000e+00 (xi_p = -1.000000e+00)
2025-03-16 22:31:51,760 - pre_processing.element_library.element_1D_base - DEBUG - 
Point Load at x_p = 1.000000e+00 (xi_p = -1.000000e+00)
2025-03-16 22:31:51,760 - pre_processing.element_library.element_1D_base - DEBUG - 
Point Load at x_p = 1.000000e+00 (xi_p = -1.000000e+00)
2025-03-16 22:31:51,760 - pre_processing.element_library.element_1D_base - DEBUG - 
Point Load at x_p = 1.000000e+00 (xi_p = -1.000000e+00)
2025-03-16 22:31:51,771 - pre_processing.element_library.element_1D_base - DEBUG - Point Load Vector (F_p): [      0. -100000.       0.       0.       0.       0.]
2025-03-16 22:31:51,771 - pre_processing.element_library.element_1D_base - DEBUG - Point Load Vector (F_p): [      0. -100000.       0.       0.       0.       0.]
2025-03-16 22:31:51,771 - pre_processing.element_library.element_1D_base - DEBUG - Point Load Vector (F_p): [      0. -100000.       0.       0.       0.       0.]
2025-03-16 22:31:51,771 - pre_processing.element_library.element_1D_base - DEBUG - Point Load Vector (F_p): [      0. -100000.       0.       0.       0.       0.]
2025-03-16 22:31:51,771 - pre_processing.element_library.element_1D_base - DEBUG - Point Load Vector (F_p): [      0. -100000.       0.       0.       0.       0.]
2025-03-16 22:31:51,771 - pre_processing.element_library.element_1D_base - DEBUG - Point Load Vector (F_p): [      0. -100000.       0.       0.       0.       0.]
2025-03-16 22:31:51,786 - pre_processing.element_library.element_1D_base - DEBUG - Shape Function Values at Load Point:
2025-03-16 22:31:51,786 - pre_processing.element_library.element_1D_base - DEBUG - Shape Function Values at Load Point:
2025-03-16 22:31:51,786 - pre_processing.element_library.element_1D_base - DEBUG - Shape Function Values at Load Point:
2025-03-16 22:31:51,786 - pre_processing.element_library.element_1D_base - DEBUG - Shape Function Values at Load Point:
2025-03-16 22:31:51,786 - pre_processing.element_library.element_1D_base - DEBUG - Shape Function Values at Load Point:
2025-03-16 22:31:51,786 - pre_processing.element_library.element_1D_base - DEBUG - Shape Function Values at Load Point:
2025-03-16 22:31:51,794 - pre_processing.element_library.element_1D_base - DEBUG - [[ 1.  0.  0.  0.  0.  0.]
 [ 0. -2.  0.  0.  0.  0.]
 [ 0.  0. -2.  0.  0.  0.]
 [ 0.  0.  0.  1.  0.  0.]
 [ 0.  0.  0.  0.  0.  0.]
 [ 0.  0.  0.  0.  0.  0.]
 [ 0.  0.  0.  0.  0.  0.]
 [ 0.  3.  0.  0.  0.  0.]
 [ 0.  0.  3.  0.  0.  0.]
 [ 0.  0.  0.  0.  0.  0.]
 [ 0.  0.  0.  0.  0.  0.]
 [ 0.  0.  0.  0.  0.  0.]]
2025-03-16 22:31:51,794 - pre_processing.element_library.element_1D_base - DEBUG - [[ 1.  0.  0.  0.  0.  0.]
 [ 0. -2.  0.  0.  0.  0.]
 [ 0.  0. -2.  0.  0.  0.]
 [ 0.  0.  0.  1.  0.  0.]
 [ 0.  0.  0.  0.  0.  0.]
 [ 0.  0.  0.  0.  0.  0.]
 [ 0.  0.  0.  0.  0.  0.]
 [ 0.  3.  0.  0.  0.  0.]
 [ 0.  0.  3.  0.  0.  0.]
 [ 0.  0.  0.  0.  0.  0.]
 [ 0.  0.  0.  0.  0.  0.]
 [ 0.  0.  0.  0.  0.  0.]]
2025-03-16 22:31:51,794 - pre_processing.element_library.element_1D_base - DEBUG - [[ 1.  0.  0.  0.  0.  0.]
 [ 0. -2.  0.  0.  0.  0.]
 [ 0.  0. -2.  0.  0.  0.]
 [ 0.  0.  0.  1.  0.  0.]
 [ 0.  0.  0.  0.  0.  0.]
 [ 0.  0.  0.  0.  0.  0.]
 [ 0.  0.  0.  0.  0.  0.]
 [ 0.  3.  0.  0.  0.  0.]
 [ 0.  0.  3.  0.  0.  0.]
 [ 0.  0.  0.  0.  0.  0.]
 [ 0.  0.  0.  0.  0.  0.]
 [ 0.  0.  0.  0.  0.  0.]]
2025-03-16 22:31:51,794 - pre_processing.element_library.element_1D_base - DEBUG - [[ 1.  0.  0.  0.  0.  0.]
 [ 0. -2.  0.  0.  0.  0.]
 [ 0.  0. -2.  0.  0.  0.]
 [ 0.  0.  0.  1.  0.  0.]
 [ 0.  0.  0.  0.  0.  0.]
 [ 0.  0.  0.  0.  0.  0.]
 [ 0.  0.  0.  0.  0.  0.]
 [ 0.  3.  0.  0.  0.  0.]
 [ 0.  0.  3.  0.  0.  0.]
 [ 0.  0.  0.  0.  0.  0.]
 [ 0.  0.  0.  0.  0.  0.]
 [ 0.  0.  0.  0.  0.  0.]]
2025-03-16 22:31:51,794 - pre_processing.element_library.element_1D_base - DEBUG - [[ 1.  0.  0.  0.  0.  0.]
 [ 0. -2.  0.  0.  0.  0.]
 [ 0.  0. -2.  0.  0.  0.]
 [ 0.  0.  0.  1.  0.  0.]
 [ 0.  0.  0.  0.  0.  0.]
 [ 0.  0.  0.  0.  0.  0.]
 [ 0.  0.  0.  0.  0.  0.]
 [ 0.  3.  0.  0.  0.  0.]
 [ 0.  0.  3.  0.  0.  0.]
 [ 0.  0.  0.  0.  0.  0.]
 [ 0.  0.  0.  0.  0.  0.]
 [ 0.  0.  0.  0.  0.  0.]]
2025-03-16 22:31:51,794 - pre_processing.element_library.element_1D_base - DEBUG - [[ 1.  0.  0.  0.  0.  0.]
 [ 0. -2.  0.  0.  0.  0.]
 [ 0.  0. -2.  0.  0.  0.]
 [ 0.  0.  0.  1.  0.  0.]
 [ 0.  0.  0.  0.  0.  0.]
 [ 0.  0.  0.  0.  0.  0.]
 [ 0.  0.  0.  0.  0.  0.]
 [ 0.  3.  0.  0.  0.  0.]
 [ 0.  0.  3.  0.  0.  0.]
 [ 0.  0.  0.  0.  0.  0.]
 [ 0.  0.  0.  0.  0.  0.]
 [ 0.  0.  0.  0.  0.  0.]]
2025-03-16 22:31:51,803 - pre_processing.element_library.element_1D_base - DEBUG - Separated Translational Contribution:
2025-03-16 22:31:51,803 - pre_processing.element_library.element_1D_base - DEBUG - Separated Translational Contribution:
2025-03-16 22:31:51,803 - pre_processing.element_library.element_1D_base - DEBUG - Separated Translational Contribution:
2025-03-16 22:31:51,803 - pre_processing.element_library.element_1D_base - DEBUG - Separated Translational Contribution:
2025-03-16 22:31:51,803 - pre_processing.element_library.element_1D_base - DEBUG - Separated Translational Contribution:
2025-03-16 22:31:51,803 - pre_processing.element_library.element_1D_base - DEBUG - Separated Translational Contribution:
2025-03-16 22:31:51,810 - pre_processing.element_library.element_1D_base - DEBUG - [[      0.  200000.       0.       0. -300000.       0.]]
2025-03-16 22:31:51,810 - pre_processing.element_library.element_1D_base - DEBUG - [[      0.  200000.       0.       0. -300000.       0.]]
2025-03-16 22:31:51,810 - pre_processing.element_library.element_1D_base - DEBUG - [[      0.  200000.       0.       0. -300000.       0.]]
2025-03-16 22:31:51,810 - pre_processing.element_library.element_1D_base - DEBUG - [[      0.  200000.       0.       0. -300000.       0.]]
2025-03-16 22:31:51,810 - pre_processing.element_library.element_1D_base - DEBUG - [[      0.  200000.       0.       0. -300000.       0.]]
2025-03-16 22:31:51,810 - pre_processing.element_library.element_1D_base - DEBUG - [[      0.  200000.       0.       0. -300000.       0.]]
2025-03-16 22:31:51,818 - pre_processing.element_library.element_1D_base - DEBUG - Separated Rotational Contribution:
2025-03-16 22:31:51,818 - pre_processing.element_library.element_1D_base - DEBUG - Separated Rotational Contribution:
2025-03-16 22:31:51,818 - pre_processing.element_library.element_1D_base - DEBUG - Separated Rotational Contribution:
2025-03-16 22:31:51,818 - pre_processing.element_library.element_1D_base - DEBUG - Separated Rotational Contribution:
2025-03-16 22:31:51,818 - pre_processing.element_library.element_1D_base - DEBUG - Separated Rotational Contribution:
2025-03-16 22:31:51,818 - pre_processing.element_library.element_1D_base - DEBUG - Separated Rotational Contribution:
2025-03-16 22:31:51,826 - pre_processing.element_library.element_1D_base - DEBUG - [[0. 0. 0. 0. 0. 0.]]
2025-03-16 22:31:51,826 - pre_processing.element_library.element_1D_base - DEBUG - [[0. 0. 0. 0. 0. 0.]]
2025-03-16 22:31:51,826 - pre_processing.element_library.element_1D_base - DEBUG - [[0. 0. 0. 0. 0. 0.]]
2025-03-16 22:31:51,826 - pre_processing.element_library.element_1D_base - DEBUG - [[0. 0. 0. 0. 0. 0.]]
2025-03-16 22:31:51,826 - pre_processing.element_library.element_1D_base - DEBUG - [[0. 0. 0. 0. 0. 0.]]
2025-03-16 22:31:51,826 - pre_processing.element_library.element_1D_base - DEBUG - [[0. 0. 0. 0. 0. 0.]]
2025-03-16 22:31:51,836 - pre_processing.element_library.element_1D_base - DEBUG - Updated Element Force Vector:
2025-03-16 22:31:51,836 - pre_processing.element_library.element_1D_base - DEBUG - Updated Element Force Vector:
2025-03-16 22:31:51,836 - pre_processing.element_library.element_1D_base - DEBUG - Updated Element Force Vector:
2025-03-16 22:31:51,836 - pre_processing.element_library.element_1D_base - DEBUG - Updated Element Force Vector:
2025-03-16 22:31:51,836 - pre_processing.element_library.element_1D_base - DEBUG - Updated Element Force Vector:
2025-03-16 22:31:51,836 - pre_processing.element_library.element_1D_base - DEBUG - Updated Element Force Vector:
2025-03-16 22:31:51,843 - pre_processing.element_library.element_1D_base - DEBUG - [[      0.  200000.       0.       0.       0.       0.       0. -300000.
        0.       0.       0.       0.]]
2025-03-16 22:31:51,843 - pre_processing.element_library.element_1D_base - DEBUG - [[      0.  200000.       0.       0.       0.       0.       0. -300000.
        0.       0.       0.       0.]]
2025-03-16 22:31:51,843 - pre_processing.element_library.element_1D_base - DEBUG - [[      0.  200000.       0.       0.       0.       0.       0. -300000.
        0.       0.       0.       0.]]
2025-03-16 22:31:51,843 - pre_processing.element_library.element_1D_base - DEBUG - [[      0.  200000.       0.       0.       0.       0.       0. -300000.
        0.       0.       0.       0.]]
2025-03-16 22:31:51,843 - pre_processing.element_library.element_1D_base - DEBUG - [[      0.  200000.       0.       0.       0.       0.       0. -300000.
        0.       0.       0.       0.]]
2025-03-16 22:31:51,843 - pre_processing.element_library.element_1D_base - DEBUG - [[      0.  200000.       0.       0.       0.       0.       0. -300000.
        0.       0.       0.       0.]]
2025-03-16 22:31:51,851 - pre_processing.element_library.element_1D_base - DEBUG - 
===== Final Element Force Vector =====
2025-03-16 22:31:51,851 - pre_processing.element_library.element_1D_base - DEBUG - 
===== Final Element Force Vector =====
2025-03-16 22:31:51,851 - pre_processing.element_library.element_1D_base - DEBUG - 
===== Final Element Force Vector =====
2025-03-16 22:31:51,851 - pre_processing.element_library.element_1D_base - DEBUG - 
===== Final Element Force Vector =====
2025-03-16 22:31:51,851 - pre_processing.element_library.element_1D_base - DEBUG - 
===== Final Element Force Vector =====
2025-03-16 22:31:51,851 - pre_processing.element_library.element_1D_base - DEBUG - 
===== Final Element Force Vector =====
2025-03-16 22:31:51,860 - pre_processing.element_library.element_1D_base - DEBUG - [[      0.  200000.       0.       0.       0.       0.       0. -300000.
        0.       0.       0.       0.]]
2025-03-16 22:31:51,860 - pre_processing.element_library.element_1D_base - DEBUG - [[      0.  200000.       0.       0.       0.       0.       0. -300000.
        0.       0.       0.       0.]]
2025-03-16 22:31:51,860 - pre_processing.element_library.element_1D_base - DEBUG - [[      0.  200000.       0.       0.       0.       0.       0. -300000.
        0.       0.       0.       0.]]
2025-03-16 22:31:51,860 - pre_processing.element_library.element_1D_base - DEBUG - [[      0.  200000.       0.       0.       0.       0.       0. -300000.
        0.       0.       0.       0.]]
2025-03-16 22:31:51,860 - pre_processing.element_library.element_1D_base - DEBUG - [[      0.  200000.       0.       0.       0.       0.       0. -300000.
        0.       0.       0.       0.]]
2025-03-16 22:31:51,860 - pre_processing.element_library.element_1D_base - DEBUG - [[      0.  200000.       0.       0.       0.       0.       0. -300000.
        0.       0.       0.       0.]]
2025-03-16 22:31:51,871 - pre_processing.element_library.element_1D_base - DEBUG - Element Force Vector Computation (Element ID: 6)
2025-03-16 22:31:51,871 - pre_processing.element_library.element_1D_base - DEBUG - Element Force Vector Computation (Element ID: 6)
2025-03-16 22:31:51,871 - pre_processing.element_library.element_1D_base - DEBUG - Element Force Vector Computation (Element ID: 6)
2025-03-16 22:31:51,871 - pre_processing.element_library.element_1D_base - DEBUG - Element Force Vector Computation (Element ID: 6)
2025-03-16 22:31:51,871 - pre_processing.element_library.element_1D_base - DEBUG - Element Force Vector Computation (Element ID: 6)
2025-03-16 22:31:51,871 - pre_processing.element_library.element_1D_base - DEBUG - Element Force Vector Computation (Element ID: 6)
2025-03-16 22:31:51,871 - pre_processing.element_library.element_1D_base - DEBUG - Element Force Vector Computation (Element ID: 6)
2025-03-16 22:31:51,880 - pre_processing.element_library.element_1D_base - DEBUG - 
===== Final Element Force Vector =====
2025-03-16 22:31:51,880 - pre_processing.element_library.element_1D_base - DEBUG - 
===== Final Element Force Vector =====
2025-03-16 22:31:51,880 - pre_processing.element_library.element_1D_base - DEBUG - 
===== Final Element Force Vector =====
2025-03-16 22:31:51,880 - pre_processing.element_library.element_1D_base - DEBUG - 
===== Final Element Force Vector =====
2025-03-16 22:31:51,880 - pre_processing.element_library.element_1D_base - DEBUG - 
===== Final Element Force Vector =====
2025-03-16 22:31:51,880 - pre_processing.element_library.element_1D_base - DEBUG - 
===== Final Element Force Vector =====
2025-03-16 22:31:51,880 - pre_processing.element_library.element_1D_base - DEBUG - 
===== Final Element Force Vector =====
2025-03-16 22:31:51,889 - pre_processing.element_library.element_1D_base - DEBUG - [[0. 0. 0. 0. 0. 0. 0. 0. 0. 0. 0. 0.]]
2025-03-16 22:31:51,889 - pre_processing.element_library.element_1D_base - DEBUG - [[0. 0. 0. 0. 0. 0. 0. 0. 0. 0. 0. 0.]]
2025-03-16 22:31:51,889 - pre_processing.element_library.element_1D_base - DEBUG - [[0. 0. 0. 0. 0. 0. 0. 0. 0. 0. 0. 0.]]
2025-03-16 22:31:51,889 - pre_processing.element_library.element_1D_base - DEBUG - [[0. 0. 0. 0. 0. 0. 0. 0. 0. 0. 0. 0.]]
2025-03-16 22:31:51,889 - pre_processing.element_library.element_1D_base - DEBUG - [[0. 0. 0. 0. 0. 0. 0. 0. 0. 0. 0. 0.]]
2025-03-16 22:31:51,889 - pre_processing.element_library.element_1D_base - DEBUG - [[0. 0. 0. 0. 0. 0. 0. 0. 0. 0. 0. 0.]]
2025-03-16 22:31:51,889 - pre_processing.element_library.element_1D_base - DEBUG - [[0. 0. 0. 0. 0. 0. 0. 0. 0. 0. 0. 0.]]
2025-03-16 22:31:51,901 - pre_processing.element_library.element_1D_base - DEBUG - Element Force Vector Computation (Element ID: 7)
2025-03-16 22:31:51,901 - pre_processing.element_library.element_1D_base - DEBUG - Element Force Vector Computation (Element ID: 7)
2025-03-16 22:31:51,901 - pre_processing.element_library.element_1D_base - DEBUG - Element Force Vector Computation (Element ID: 7)
2025-03-16 22:31:51,901 - pre_processing.element_library.element_1D_base - DEBUG - Element Force Vector Computation (Element ID: 7)
2025-03-16 22:31:51,901 - pre_processing.element_library.element_1D_base - DEBUG - Element Force Vector Computation (Element ID: 7)
2025-03-16 22:31:51,901 - pre_processing.element_library.element_1D_base - DEBUG - Element Force Vector Computation (Element ID: 7)
2025-03-16 22:31:51,901 - pre_processing.element_library.element_1D_base - DEBUG - Element Force Vector Computation (Element ID: 7)
2025-03-16 22:31:51,901 - pre_processing.element_library.element_1D_base - DEBUG - Element Force Vector Computation (Element ID: 7)
2025-03-16 22:31:51,910 - pre_processing.element_library.element_1D_base - DEBUG - 
===== Final Element Force Vector =====
2025-03-16 22:31:51,910 - pre_processing.element_library.element_1D_base - DEBUG - 
===== Final Element Force Vector =====
2025-03-16 22:31:51,910 - pre_processing.element_library.element_1D_base - DEBUG - 
===== Final Element Force Vector =====
2025-03-16 22:31:51,910 - pre_processing.element_library.element_1D_base - DEBUG - 
===== Final Element Force Vector =====
2025-03-16 22:31:51,910 - pre_processing.element_library.element_1D_base - DEBUG - 
===== Final Element Force Vector =====
2025-03-16 22:31:51,910 - pre_processing.element_library.element_1D_base - DEBUG - 
===== Final Element Force Vector =====
2025-03-16 22:31:51,910 - pre_processing.element_library.element_1D_base - DEBUG - 
===== Final Element Force Vector =====
2025-03-16 22:31:51,910 - pre_processing.element_library.element_1D_base - DEBUG - 
===== Final Element Force Vector =====
2025-03-16 22:31:51,921 - pre_processing.element_library.element_1D_base - DEBUG - [[0. 0. 0. 0. 0. 0. 0. 0. 0. 0. 0. 0.]]
2025-03-16 22:31:51,921 - pre_processing.element_library.element_1D_base - DEBUG - [[0. 0. 0. 0. 0. 0. 0. 0. 0. 0. 0. 0.]]
2025-03-16 22:31:51,921 - pre_processing.element_library.element_1D_base - DEBUG - [[0. 0. 0. 0. 0. 0. 0. 0. 0. 0. 0. 0.]]
2025-03-16 22:31:51,921 - pre_processing.element_library.element_1D_base - DEBUG - [[0. 0. 0. 0. 0. 0. 0. 0. 0. 0. 0. 0.]]
2025-03-16 22:31:51,921 - pre_processing.element_library.element_1D_base - DEBUG - [[0. 0. 0. 0. 0. 0. 0. 0. 0. 0. 0. 0.]]
2025-03-16 22:31:51,921 - pre_processing.element_library.element_1D_base - DEBUG - [[0. 0. 0. 0. 0. 0. 0. 0. 0. 0. 0. 0.]]
2025-03-16 22:31:51,921 - pre_processing.element_library.element_1D_base - DEBUG - [[0. 0. 0. 0. 0. 0. 0. 0. 0. 0. 0. 0.]]
2025-03-16 22:31:51,921 - pre_processing.element_library.element_1D_base - DEBUG - [[0. 0. 0. 0. 0. 0. 0. 0. 0. 0. 0. 0.]]
2025-03-16 22:31:51,932 - pre_processing.element_library.element_1D_base - DEBUG - Element Force Vector Computation (Element ID: 8)
2025-03-16 22:31:51,932 - pre_processing.element_library.element_1D_base - DEBUG - Element Force Vector Computation (Element ID: 8)
2025-03-16 22:31:51,932 - pre_processing.element_library.element_1D_base - DEBUG - Element Force Vector Computation (Element ID: 8)
2025-03-16 22:31:51,932 - pre_processing.element_library.element_1D_base - DEBUG - Element Force Vector Computation (Element ID: 8)
2025-03-16 22:31:51,932 - pre_processing.element_library.element_1D_base - DEBUG - Element Force Vector Computation (Element ID: 8)
2025-03-16 22:31:51,932 - pre_processing.element_library.element_1D_base - DEBUG - Element Force Vector Computation (Element ID: 8)
2025-03-16 22:31:51,932 - pre_processing.element_library.element_1D_base - DEBUG - Element Force Vector Computation (Element ID: 8)
2025-03-16 22:31:51,932 - pre_processing.element_library.element_1D_base - DEBUG - Element Force Vector Computation (Element ID: 8)
2025-03-16 22:31:51,932 - pre_processing.element_library.element_1D_base - DEBUG - Element Force Vector Computation (Element ID: 8)
2025-03-16 22:31:51,941 - pre_processing.element_library.element_1D_base - DEBUG - 
===== Final Element Force Vector =====
2025-03-16 22:31:51,941 - pre_processing.element_library.element_1D_base - DEBUG - 
===== Final Element Force Vector =====
2025-03-16 22:31:51,941 - pre_processing.element_library.element_1D_base - DEBUG - 
===== Final Element Force Vector =====
2025-03-16 22:31:51,941 - pre_processing.element_library.element_1D_base - DEBUG - 
===== Final Element Force Vector =====
2025-03-16 22:31:51,941 - pre_processing.element_library.element_1D_base - DEBUG - 
===== Final Element Force Vector =====
2025-03-16 22:31:51,941 - pre_processing.element_library.element_1D_base - DEBUG - 
===== Final Element Force Vector =====
2025-03-16 22:31:51,941 - pre_processing.element_library.element_1D_base - DEBUG - 
===== Final Element Force Vector =====
2025-03-16 22:31:51,941 - pre_processing.element_library.element_1D_base - DEBUG - 
===== Final Element Force Vector =====
2025-03-16 22:31:51,941 - pre_processing.element_library.element_1D_base - DEBUG - 
===== Final Element Force Vector =====
2025-03-16 22:31:51,952 - pre_processing.element_library.element_1D_base - DEBUG - [[0. 0. 0. 0. 0. 0. 0. 0. 0. 0. 0. 0.]]
2025-03-16 22:31:51,952 - pre_processing.element_library.element_1D_base - DEBUG - [[0. 0. 0. 0. 0. 0. 0. 0. 0. 0. 0. 0.]]
2025-03-16 22:31:51,952 - pre_processing.element_library.element_1D_base - DEBUG - [[0. 0. 0. 0. 0. 0. 0. 0. 0. 0. 0. 0.]]
2025-03-16 22:31:51,952 - pre_processing.element_library.element_1D_base - DEBUG - [[0. 0. 0. 0. 0. 0. 0. 0. 0. 0. 0. 0.]]
2025-03-16 22:31:51,952 - pre_processing.element_library.element_1D_base - DEBUG - [[0. 0. 0. 0. 0. 0. 0. 0. 0. 0. 0. 0.]]
2025-03-16 22:31:51,952 - pre_processing.element_library.element_1D_base - DEBUG - [[0. 0. 0. 0. 0. 0. 0. 0. 0. 0. 0. 0.]]
2025-03-16 22:31:51,952 - pre_processing.element_library.element_1D_base - DEBUG - [[0. 0. 0. 0. 0. 0. 0. 0. 0. 0. 0. 0.]]
2025-03-16 22:31:51,952 - pre_processing.element_library.element_1D_base - DEBUG - [[0. 0. 0. 0. 0. 0. 0. 0. 0. 0. 0. 0.]]
2025-03-16 22:31:51,952 - pre_processing.element_library.element_1D_base - DEBUG - [[0. 0. 0. 0. 0. 0. 0. 0. 0. 0. 0. 0.]]
2025-03-16 22:31:51,964 - pre_processing.element_library.element_1D_base - DEBUG - Element Force Vector Computation (Element ID: 9)
2025-03-16 22:31:51,964 - pre_processing.element_library.element_1D_base - DEBUG - Element Force Vector Computation (Element ID: 9)
2025-03-16 22:31:51,964 - pre_processing.element_library.element_1D_base - DEBUG - Element Force Vector Computation (Element ID: 9)
2025-03-16 22:31:51,964 - pre_processing.element_library.element_1D_base - DEBUG - Element Force Vector Computation (Element ID: 9)
2025-03-16 22:31:51,964 - pre_processing.element_library.element_1D_base - DEBUG - Element Force Vector Computation (Element ID: 9)
2025-03-16 22:31:51,964 - pre_processing.element_library.element_1D_base - DEBUG - Element Force Vector Computation (Element ID: 9)
2025-03-16 22:31:51,964 - pre_processing.element_library.element_1D_base - DEBUG - Element Force Vector Computation (Element ID: 9)
2025-03-16 22:31:51,964 - pre_processing.element_library.element_1D_base - DEBUG - Element Force Vector Computation (Element ID: 9)
2025-03-16 22:31:51,964 - pre_processing.element_library.element_1D_base - DEBUG - Element Force Vector Computation (Element ID: 9)
2025-03-16 22:31:51,964 - pre_processing.element_library.element_1D_base - DEBUG - Element Force Vector Computation (Element ID: 9)
2025-03-16 22:31:51,974 - pre_processing.element_library.element_1D_base - DEBUG - 
===== Final Element Force Vector =====
2025-03-16 22:31:51,974 - pre_processing.element_library.element_1D_base - DEBUG - 
===== Final Element Force Vector =====
2025-03-16 22:31:51,974 - pre_processing.element_library.element_1D_base - DEBUG - 
===== Final Element Force Vector =====
2025-03-16 22:31:51,974 - pre_processing.element_library.element_1D_base - DEBUG - 
===== Final Element Force Vector =====
2025-03-16 22:31:51,974 - pre_processing.element_library.element_1D_base - DEBUG - 
===== Final Element Force Vector =====
2025-03-16 22:31:51,974 - pre_processing.element_library.element_1D_base - DEBUG - 
===== Final Element Force Vector =====
2025-03-16 22:31:51,974 - pre_processing.element_library.element_1D_base - DEBUG - 
===== Final Element Force Vector =====
2025-03-16 22:31:51,974 - pre_processing.element_library.element_1D_base - DEBUG - 
===== Final Element Force Vector =====
2025-03-16 22:31:51,974 - pre_processing.element_library.element_1D_base - DEBUG - 
===== Final Element Force Vector =====
2025-03-16 22:31:51,974 - pre_processing.element_library.element_1D_base - DEBUG - 
===== Final Element Force Vector =====
2025-03-16 22:31:51,984 - pre_processing.element_library.element_1D_base - DEBUG - [[0. 0. 0. 0. 0. 0. 0. 0. 0. 0. 0. 0.]]
2025-03-16 22:31:51,984 - pre_processing.element_library.element_1D_base - DEBUG - [[0. 0. 0. 0. 0. 0. 0. 0. 0. 0. 0. 0.]]
2025-03-16 22:31:51,984 - pre_processing.element_library.element_1D_base - DEBUG - [[0. 0. 0. 0. 0. 0. 0. 0. 0. 0. 0. 0.]]
2025-03-16 22:31:51,984 - pre_processing.element_library.element_1D_base - DEBUG - [[0. 0. 0. 0. 0. 0. 0. 0. 0. 0. 0. 0.]]
2025-03-16 22:31:51,984 - pre_processing.element_library.element_1D_base - DEBUG - [[0. 0. 0. 0. 0. 0. 0. 0. 0. 0. 0. 0.]]
2025-03-16 22:31:51,984 - pre_processing.element_library.element_1D_base - DEBUG - [[0. 0. 0. 0. 0. 0. 0. 0. 0. 0. 0. 0.]]
2025-03-16 22:31:51,984 - pre_processing.element_library.element_1D_base - DEBUG - [[0. 0. 0. 0. 0. 0. 0. 0. 0. 0. 0. 0.]]
2025-03-16 22:31:51,984 - pre_processing.element_library.element_1D_base - DEBUG - [[0. 0. 0. 0. 0. 0. 0. 0. 0. 0. 0. 0.]]
2025-03-16 22:31:51,984 - pre_processing.element_library.element_1D_base - DEBUG - [[0. 0. 0. 0. 0. 0. 0. 0. 0. 0. 0. 0.]]
2025-03-16 22:31:51,984 - pre_processing.element_library.element_1D_base - DEBUG - [[0. 0. 0. 0. 0. 0. 0. 0. 0. 0. 0. 0.]]
