Machine Specifications:
   - OS: Windows 11 (10.0.22631)
   - CPU: Intel64 Family 6 Model 151 Stepping 2, GenuineIntel (20 cores)
   - RAM: 31.24 GB
   - Python Version: 3.12.5

Job: job_0002
Timestamp (job start): 2025-03-16_22-31-53
Total Time: 4.15 sec

+-------------------------------+------------+---------------+-------------+-----------+
| Step                          |   Time (s) |   Memory (MB) |   Disk (GB) |   CPU (%) |
+===============================+============+===============+=============+===========+
| Parsing                       | 0.0101426  |       105.754 |     759.095 |         0 |
+-------------------------------+------------+---------------+-------------+-----------+
| Element Instantiation         | 0.00159478 |       105.801 |     759.095 |         0 |
+-------------------------------+------------+---------------+-------------+-----------+
| Element Stiffness Computation | 1.85595    |       106.039 |     759.102 |         0 |
+-------------------------------+------------+---------------+-------------+-----------+
| Element Force Computation     | 0.383006   |       106.059 |     759.102 |         0 |
+-------------------------------+------------+---------------+-------------+-----------+
| Setup Simulation              | 0          |       106.094 |     759.103 |         0 |
+-------------------------------+------------+---------------+-------------+-----------+
| Assemble Global Matrices      | 0.0308294  |       108.211 |     759.103 |         0 |
+-------------------------------+------------+---------------+-------------+-----------+
| Modify Global Matrices        | 0.0404301  |       108.801 |     759.103 |         0 |
+-------------------------------+------------+---------------+-------------+-----------+
| Solve Linear Static System    | 0.607488   |       124.578 |     759.104 |         0 |
+-------------------------------+------------+---------------+-------------+-----------+
| Compute Primary Results       | 0.00419855 |       124.586 |     759.104 |         0 |
+-------------------------------+------------+---------------+-------------+-----------+
| Save Primary Results          | 0.0929163  |       124.613 |     759.105 |         0 |
+-------------------------------+------------+---------------+-------------+-----------+

Parallel Jobs: job_0003
Start Memory: 105.66 MB | End Memory: 124.61 MB
Start Disk Usage: 759.10 GB | End Disk Usage: 759.10 GB
Start CPU: 0.00% | End CPU: 0.00%
