2025-03-16 22:31:53,000 - DEBUG - 🔧 Beginning displacement reconstruction.
2025-03-16 22:31:53,001 - DEBUG - 📌 Total DOFs in system: 66
2025-03-16 22:31:53,001 - DEBUG - 📌 Condensed DOFs count: 60
2025-03-16 22:31:53,002 - DEBUG - 📌 Active DOFs indices: [ 6  7  8  9 10 11 12 13 14 15 16 17 18 19 20 21 22 23 24 25 26 27 28 29
 30 31 32 33 34 35 36 37 38 39 40 41 42 43 44 45 46 47 48 49 50 51 52 53
 54 55 56 57 58 59 60 61 62 63 64 65]
2025-03-16 22:31:53,003 - DEBUG - 📐 Initialized global displacement array with zeros.
2025-03-16 22:31:53,003 - DEBUG - Mapped condensed displacement U_cond[0] = 0.000000e+00 to global DOF 6.
2025-03-16 22:31:53,004 - DEBUG - Mapped condensed displacement U_cond[1] = -2.249868e-10 to global DOF 7.
2025-03-16 22:31:53,007 - DEBUG - Mapped condensed displacement U_cond[2] = 0.000000e+00 to global DOF 8.
2025-03-16 22:31:53,007 - DEBUG - Mapped condensed displacement U_cond[3] = 0.000000e+00 to global DOF 9.
2025-03-16 22:31:53,009 - DEBUG - Mapped condensed displacement U_cond[4] = -4.250443e-09 to global DOF 10.
2025-03-16 22:31:53,011 - DEBUG - Mapped condensed displacement U_cond[5] = 0.000000e+00 to global DOF 11.
2025-03-16 22:31:53,012 - DEBUG - Mapped condensed displacement U_cond[6] = 0.000000e+00 to global DOF 12.
2025-03-16 22:31:53,013 - DEBUG - Mapped condensed displacement U_cond[7] = -7.023847e-10 to global DOF 13.
2025-03-16 22:31:53,015 - DEBUG - Mapped condensed displacement U_cond[8] = 0.000000e+00 to global DOF 14.
2025-03-16 22:31:53,016 - DEBUG - Mapped condensed displacement U_cond[9] = 0.000000e+00 to global DOF 15.
2025-03-16 22:31:53,018 - DEBUG - Mapped condensed displacement U_cond[10] = -3.346798e-09 to global DOF 16.
2025-03-16 22:31:53,020 - DEBUG - Mapped condensed displacement U_cond[11] = 0.000000e+00 to global DOF 17.
2025-03-16 22:31:53,021 - DEBUG - Mapped condensed displacement U_cond[12] = 0.000000e+00 to global DOF 18.
2025-03-16 22:31:53,023 - DEBUG - Mapped condensed displacement U_cond[13] = -1.138642e-09 to global DOF 19.
2025-03-16 22:31:53,025 - DEBUG - Mapped condensed displacement U_cond[14] = 0.000000e+00 to global DOF 20.
2025-03-16 22:31:53,025 - DEBUG - Mapped condensed displacement U_cond[15] = 0.000000e+00 to global DOF 21.
2025-03-16 22:31:53,026 - DEBUG - Mapped condensed displacement U_cond[16] = -3.795311e-09 to global DOF 22.
2025-03-16 22:31:53,028 - DEBUG - Mapped condensed displacement U_cond[17] = 0.000000e+00 to global DOF 23.
2025-03-16 22:31:53,029 - DEBUG - Mapped condensed displacement U_cond[18] = 0.000000e+00 to global DOF 24.
2025-03-16 22:31:53,031 - DEBUG - Mapped condensed displacement U_cond[19] = -1.536420e-09 to global DOF 25.
2025-03-16 22:31:53,034 - DEBUG - Mapped condensed displacement U_cond[20] = 0.000000e+00 to global DOF 26.
2025-03-16 22:31:53,034 - DEBUG - Mapped condensed displacement U_cond[21] = 0.000000e+00 to global DOF 27.
2025-03-16 22:31:53,035 - DEBUG - Mapped condensed displacement U_cond[22] = -2.366686e-09 to global DOF 28.
2025-03-16 22:31:53,036 - DEBUG - Mapped condensed displacement U_cond[23] = 0.000000e+00 to global DOF 29.
2025-03-16 22:31:53,036 - DEBUG - Mapped condensed displacement U_cond[24] = 0.000000e+00 to global DOF 30.
2025-03-16 22:31:53,037 - DEBUG - Mapped condensed displacement U_cond[25] = -2.175427e-09 to global DOF 31.
2025-03-16 22:31:53,037 - DEBUG - Mapped condensed displacement U_cond[26] = 0.000000e+00 to global DOF 32.
2025-03-16 22:31:53,038 - DEBUG - Mapped condensed displacement U_cond[27] = 0.000000e+00 to global DOF 33.
2025-03-16 22:31:53,039 - DEBUG - Mapped condensed displacement U_cond[28] = -9.347022e-09 to global DOF 34.
2025-03-16 22:31:53,039 - DEBUG - Mapped condensed displacement U_cond[29] = 0.000000e+00 to global DOF 35.
2025-03-16 22:31:53,040 - DEBUG - Mapped condensed displacement U_cond[30] = 0.000000e+00 to global DOF 36.
2025-03-16 22:31:53,041 - DEBUG - Mapped condensed displacement U_cond[31] = -3.095530e-09 to global DOF 37.
2025-03-16 22:31:53,042 - DEBUG - Mapped condensed displacement U_cond[32] = 0.000000e+00 to global DOF 38.
2025-03-16 22:31:53,043 - DEBUG - Mapped condensed displacement U_cond[33] = 0.000000e+00 to global DOF 39.
2025-03-16 22:31:53,043 - DEBUG - Mapped condensed displacement U_cond[34] = -4.418021e-09 to global DOF 40.
2025-03-16 22:31:53,044 - DEBUG - Mapped condensed displacement U_cond[35] = 0.000000e+00 to global DOF 41.
2025-03-16 22:31:53,045 - DEBUG - Mapped condensed displacement U_cond[36] = 0.000000e+00 to global DOF 42.
2025-03-16 22:31:53,046 - DEBUG - Mapped condensed displacement U_cond[37] = -3.360611e-09 to global DOF 43.
2025-03-16 22:31:53,046 - DEBUG - Mapped condensed displacement U_cond[38] = 0.000000e+00 to global DOF 44.
2025-03-16 22:31:53,047 - DEBUG - Mapped condensed displacement U_cond[39] = 0.000000e+00 to global DOF 45.
2025-03-16 22:31:53,049 - DEBUG - Mapped condensed displacement U_cond[40] = 8.836041e-10 to global DOF 46.
2025-03-16 22:31:53,052 - DEBUG - Mapped condensed displacement U_cond[41] = 0.000000e+00 to global DOF 47.
2025-03-16 22:31:53,053 - DEBUG - Mapped condensed displacement U_cond[42] = 0.000000e+00 to global DOF 48.
2025-03-16 22:31:53,054 - DEBUG - Mapped condensed displacement U_cond[43] = -3.307595e-09 to global DOF 49.
2025-03-16 22:31:53,054 - DEBUG - Mapped condensed displacement U_cond[44] = 0.000000e+00 to global DOF 50.
2025-03-16 22:31:53,055 - DEBUG - Mapped condensed displacement U_cond[45] = 0.000000e+00 to global DOF 51.
2025-03-16 22:31:53,056 - DEBUG - Mapped condensed displacement U_cond[46] = -1.767208e-10 to global DOF 52.
2025-03-16 22:31:53,056 - DEBUG - Mapped condensed displacement U_cond[47] = -0.000000e+00 to global DOF 53.
2025-03-16 22:31:53,057 - DEBUG - Mapped condensed displacement U_cond[48] = 0.000000e+00 to global DOF 54.
2025-03-16 22:31:53,058 - DEBUG - Mapped condensed displacement U_cond[49] = -3.318198e-09 to global DOF 55.
2025-03-16 22:31:53,059 - DEBUG - Mapped condensed displacement U_cond[50] = 0.000000e+00 to global DOF 56.
2025-03-16 22:31:53,059 - DEBUG - Mapped condensed displacement U_cond[51] = 0.000000e+00 to global DOF 57.
2025-03-16 22:31:53,060 - DEBUG - Mapped condensed displacement U_cond[52] = 3.534417e-11 to global DOF 58.
2025-03-16 22:31:53,061 - DEBUG - Mapped condensed displacement U_cond[53] = 0.000000e+00 to global DOF 59.
2025-03-16 22:31:53,062 - DEBUG - Mapped condensed displacement U_cond[54] = 0.000000e+00 to global DOF 60.
2025-03-16 22:31:53,063 - DEBUG - Mapped condensed displacement U_cond[55] = -3.316078e-09 to global DOF 61.
2025-03-16 22:31:53,064 - DEBUG - Mapped condensed displacement U_cond[56] = -0.000000e+00 to global DOF 62.
2025-03-16 22:31:53,064 - DEBUG - Mapped condensed displacement U_cond[57] = 0.000000e+00 to global DOF 63.
2025-03-16 22:31:53,065 - DEBUG - Mapped condensed displacement U_cond[58] = -7.068833e-12 to global DOF 64.
2025-03-16 22:31:53,065 - DEBUG - Mapped condensed displacement U_cond[59] = 0.000000e+00 to global DOF 65.
2025-03-16 22:31:53,066 - INFO - ✅ Successfully mapped all condensed displacements back to global vector.
2025-03-16 22:31:53,071 - DEBUG - 📝 Logged detailed DOF mapping.
2025-03-16 22:31:53,080 - INFO - 📘 Reconstruction log updated with structured displacement data.
10
   2 →    8: 0.000000e+00
   3 →    9: 0.000000e+00
   4 →   10: -4.250443e-09
   5 →   11: 0.000000e+00
   6 →   12: 0.000000e+00
   7 →   13: -7.023847e-10
   8 →   14: 0.000000e+00
   9 →   15: 0.000000e+00
  10 →   16: -3.346798e-09
  11 →   17: 0.000000e+00
  12 →   18: 0.000000e+00
  13 →   19: -1.138642e-09
  14 →   20: 0.000000e+00
  15 →   21: 0.000000e+00
  16 →   22: -3.795311e-09
  17 →   23: 0.000000e+00
  18 →   24: 0.000000e+00
  19 →   25: -1.536420e-09
  20 →   26: 0.000000e+00
  21 →   27: 0.000000e+00
  22 →   28: -2.366686e-09
  23 →   29: 0.000000e+00
  24 →   30: 0.000000e+00
  25 →   31: -2.175427e-09
  26 →   32: 0.000000e+00
  27 →   33: 0.000000e+00
  28 →   34: -9.347022e-09
  29 →   35: 0.000000e+00
  30 →   36: 0.000000e+00
  31 →   37: -3.095530e-09
  32 →   38: 0.000000e+00
  33 →   39: 0.000000e+00
  34 →   40: -4.418021e-09
  35 →   41: 0.000000e+00
  36 →   42: 0.000000e+00
  37 →   43: -3.360611e-09
  38 →   44: 0.000000e+00
  39 →   45: 0.000000e+00
  40 →   46: 8.836041e-10
  41 →   47: 0.000000e+00
  42 →   48: 0.000000e+00
  43 →   49: -3.307595e-09
  44 →   50: 0.000000e+00
  45 →   51: 0.000000e+00
  46 →   52: -1.767208e-10
  47 →   53: -0.000000e+00
  48 →   54: 0.000000e+00
  49 →   55: -3.318198e-09
  50 →   56: 0.000000e+00
  51 →   57: 0.000000e+00
  52 →   58: 3.534417e-11
  53 →   59: 0.000000e+00
  54 →   60: 0.000000e+00
  55 →   61: -3.316078e-09
  56 →   62: -0.000000e+00
  57 →   63: 0.000000e+00
  58 →   64: -7.068833e-12
  59 →   65: 0.000000e+00

📊 Full reconstructed displacement vector:
    Global DOF  Displacement
0            0  0.000000e+00
1            1  0.000000e+00
2            2  0.000000e+00
3            3  0.000000e+00
4            4  0.000000e+00
5            5  0.000000e+00
6            6  0.000000e+00
7            7 -2.249868e-10
8            8  0.000000e+00
9            9  0.000000e+00
10          10 -4.250443e-09
11          11  0.000000e+00
12          12  0.000000e+00
13          13 -7.023847e-10
14          14  0.000000e+00
15          15  0.000000e+00
16          16 -3.346798e-09
17          17  0.000000e+00
18          18  0.000000e+00
19          19 -1.138642e-09
20          20  0.000000e+00
21          21  0.000000e+00
22          22 -3.795311e-09
23          23  0.000000e+00
24          24  0.000000e+00
25          25 -1.536420e-09
26          26  0.000000e+00
27          27  0.000000e+00
28          28 -2.366686e-09
29          29  0.000000e+00
30          30  0.000000e+00
31          31 -2.175427e-09
32          32  0.000000e+00
33          33  0.000000e+00
34          34 -9.347022e-09
35          35  0.000000e+00
36          36  0.000000e+00
37          37 -3.095530e-09
38          38  0.000000e+00
39          39  0.000000e+00
40          40 -4.418021e-09
41          41  0.000000e+00
42          42  0.000000e+00
43          43 -3.360611e-09
44          44  0.000000e+00
45          45  0.000000e+00
46          46  8.836041e-10
47          47  0.000000e+00
48          48  0.000000e+00
49          49 -3.307595e-09
50          50  0.000000e+00
51          51  0.000000e+00
52          52 -1.767208e-10
53          53 -0.000000e+00
54          54  0.000000e+00
55          55 -3.318198e-09
56          56  0.000000e+00
57          57  0.000000e+00
58          58  3.534417e-11
59          59  0.000000e+00
60          60  0.000000e+00
61          61 -3.316078e-09
62          62 -0.000000e+00
63          63  0.000000e+00
64          64 -7.068833e-12
65          65  0.000000e+00