Machine Specifications:
   - OS: Windows 11 (10.0.22631)
   - CPU: Intel64 Family 6 Model 151 Stepping 2, GenuineIntel (20 cores)
   - RAM: 31.24 GB
   - Python Version: 3.12.5

Job: job_0005
Timestamp (job start): 2025-04-11_19-52-53
Total Time: 6.54 sec

+-------------------------------+------------+---------------+-------------+-----------+
| Step                          |   Time (s) |   Memory (MB) |   Disk (GB) |   CPU (%) |
+===============================+============+===============+=============+===========+
| Parsing                       | 0.00754166 |       106.117 |     788.545 |         0 |
+-------------------------------+------------+---------------+-------------+-----------+
| Element Instantiation         | 0.00100517 |       106.16  |     788.545 |         0 |
+-------------------------------+------------+---------------+-------------+-----------+
| Element Stiffness Computation | 1.63746    |       106.41  |     788.552 |         0 |
+-------------------------------+------------+---------------+-------------+-----------+
| Element Force Computation     | 3.05122    |       106.484 |     788.556 |         0 |
+-------------------------------+------------+---------------+-------------+-----------+
| Setup Simulation              | 0          |       106.523 |     788.556 |         0 |
+-------------------------------+------------+---------------+-------------+-----------+
| Assemble Global Matrices      | 0.0306225  |       108.633 |     788.556 |         0 |
+-------------------------------+------------+---------------+-------------+-----------+
| Modify Global Matrices        | 0.0500526  |       109.238 |     788.557 |         0 |
+-------------------------------+------------+---------------+-------------+-----------+
| Solve Linear Static System    | 0.551951   |       124.426 |     788.557 |         0 |
+-------------------------------+------------+---------------+-------------+-----------+
| Compute Primary Results       | 0.00406504 |       124.434 |     788.557 |         0 |
+-------------------------------+------------+---------------+-------------+-----------+
| Save Primary Results          | 0.080303   |       124.496 |     788.557 |         0 |
+-------------------------------+------------+---------------+-------------+-----------+

Parallel Jobs: job_0007, job_0008, job_0009, job_0001, job_0002, job_0003, job_0004
Start Memory: 105.93 MB | End Memory: 124.50 MB
Start Disk Usage: 788.54 GB | End Disk Usage: 788.56 GB
Start CPU: 0.00% | End CPU: 0.00%
