Machine Specifications:
   - OS: Windows 11 (10.0.22631)
   - CPU: Intel64 Family 6 Model 151 Stepping 2, GenuineIntel (20 cores)
   - RAM: 31.24 GB
   - Python Version: 3.12.5

Job: job_0006
Timestamp (job start): 2025-02-24_09-43-07
Total Time: 5.97 sec

+-------------------------------+------------+---------------+-------------+-----------+
| Step                          |   Time (s) |   Memory (MB) |   Disk (GB) |   CPU (%) |
+===============================+============+===============+=============+===========+
| Parsing                       |  0.0112898 |       77.3164 |     737.974 |         0 |
+-------------------------------+------------+---------------+-------------+-----------+
| Element Instantiation         |  0.435498  |       77.4023 |     737.974 |         0 |
+-------------------------------+------------+---------------+-------------+-----------+
| Element Stiffness Computation |  2.85756   |       77.8594 |     737.974 |         0 |
+-------------------------------+------------+---------------+-------------+-----------+
| Element Force Computation     |  0.878293  |       78.1445 |     737.974 |         0 |
+-------------------------------+------------+---------------+-------------+-----------+
| Setup Simulation              |  0         |       78.1992 |     737.974 |         0 |
+-------------------------------+------------+---------------+-------------+-----------+
| Assemble Global Matrices      |  0.148401  |       80.0273 |     737.975 |         0 |
+-------------------------------+------------+---------------+-------------+-----------+
| Modify Global Matrices        |  0.0517237 |       80.25   |     737.975 |         0 |
+-------------------------------+------------+---------------+-------------+-----------+
| Solve Linear Static System    |  0.315983  |       96.75   |     737.975 |         0 |
+-------------------------------+------------+---------------+-------------+-----------+
| Compute Primary Results       |  0.0393209 |       96.793  |     737.975 |         0 |
+-------------------------------+------------+---------------+-------------+-----------+
| Save Primary Results          |  0.0901527 |       96.9336 |     737.975 |         0 |
+-------------------------------+------------+---------------+-------------+-----------+

Parallel Jobs: job_0001, job_0004, job_0007, job_0002, job_0005, job_0008, job_0003
Start Memory: 76.77 MB | End Memory: 96.93 MB
Start Disk Usage: 737.97 GB | End Disk Usage: 737.98 GB
Start CPU: 0.00% | End CPU: 0.00%
