
=== Element 25 Force Vector Computation ===

=== Point Load @ x=5.000000e-01 ===
Natural ξ=-1.000000, Element Range: 5.000000e-01-5.200000e-01
=== Force Vector [6×1] ===
[[      0.]
 [-100000.]
 [      0.]
 [      0.]
 [      0.]
 [      0.]]

=== Shape Functions (12, 6) ===
[[ 1.  0.  0.  0.  0.  0.]
 [ 0. -4.  0.  0.  0.  0.]
 [ 0.  0. -4.  0.  0.  0.]
 [ 0.  0.  0.  1.  0.  0.]
 [ 0.  0.  0.  0.  4.  0.]
 [ 0.  0.  0.  0.  0. -4.]
 [ 0.  0.  0.  0.  0.  0.]
 [ 0.  5.  0.  0.  0.  0.]
 [ 0.  0.  5.  0.  0.  0.]
 [ 0.  0.  0.  0.  0.  0.]
 [ 0.  0.  0.  0.  2.  0.]
 [ 0.  0.  0.  0.  0. -2.]]

=== Translations [6×1] ===
[[      0.]
 [ 400000.]
 [      0.]
 [      0.]
 [-500000.]
 [      0.]]

=== Rotations [6×1] ===
[[0.]
 [0.]
 [0.]
 [0.]
 [0.]
 [0.]]

=== Final Force Vector ===
[[      0.  400000.       0.       0.       0.       0.       0. -500000.       0.       0.       0.       0.]]

