=== Validation Matrix ===
[[0. 0.]
 [0. 0.]]


=== Element 0 Stiffness Matrix Computation ===
=== Material Stiffness Matrix (D) ===
[[ 4.000000e+09  0.000000e+00  0.000000e+00  0.000000e+00]
 [ 0.000000e+00  3.333400e+06  0.000000e+00 -0.000000e+00]
 [ 0.000000e+00  0.000000e+00  1.333340e+07  0.000000e+00]
 [ 0.000000e+00 -0.000000e+00  0.000000e+00  1.313076e+06]]


GP 1/3: ξ=-0.774597, x=1.127017e-01, w=5.555556e-01
=== Shape Function Derivative Matrix dN/dξ (1, 12, 6) ===
[[[-0.5       0.        0.        0.        0.        0.      ]
  [ 0.        8.24758   0.        0.        0.        0.      ]
  [ 0.        0.        8.24758   0.        0.        0.      ]
  [ 0.        0.        0.       -0.5       0.        0.      ]
  [ 0.        0.        0.        0.       -5.898387  0.      ]
  [ 0.        0.        0.        0.        0.        5.898387]
  [ 0.5       0.        0.        0.        0.        0.      ]
  [ 0.       -8.24758   0.        0.        0.        0.      ]
  [ 0.        0.       -8.24758   0.        0.        0.      ]
  [ 0.        0.        0.        0.5       0.        0.      ]
  [ 0.        0.        0.        0.       -3.349193  0.      ]
  [ 0.        0.        0.        0.        0.        3.349193]]]

=== Shape Function Second Derivative Matrix d²N/dξ² (1, 12, 6) ===
[[[  0.        0.        0.        0.        0.        0.     ]
  [  0.      -15.29516   0.        0.        0.        0.     ]
  [  0.        0.      -15.29516   0.        0.        0.     ]
  [  0.        0.        0.        0.        0.        0.     ]
  [  0.        0.        0.        0.        8.64758   0.     ]
  [  0.        0.        0.        0.        0.       -8.64758]
  [  0.        0.        0.        0.        0.        0.     ]
  [  0.       15.29516   0.        0.        0.        0.     ]
  [  0.        0.       15.29516   0.        0.        0.     ]
  [  0.        0.        0.        0.        0.        0.     ]
  [  0.        0.        0.        0.        6.64758   0.     ]
  [  0.        0.        0.        0.        0.       -6.64758]]]

=== Strain-Dsiplacement Matrix B (4, 12) ===
[[ -1.        0.        0.        0.        0.        0.        1.        0.        0.        0.        0.
    0.     ]
 [  0.        0.      -61.18064   0.       34.59032   0.        0.        0.       61.18064   0.       26.59032
    0.     ]
 [  0.      -61.18064   0.        0.        0.      -34.59032   0.       61.18064   0.        0.        0.
  -26.59032]
 [  0.        0.        0.       -1.        0.        0.        0.        0.        0.        1.        0.
    0.     ]]

=== Stiffness BᵀDB (12, 12) ===
[[ 2.222222e+09  0.000000e+00  0.000000e+00  0.000000e+00  0.000000e+00  0.000000e+00 -2.222222e+09  0.000000e+00
   0.000000e+00  0.000000e+00  0.000000e+00  0.000000e+00]
 [ 0.000000e+00  2.772659e+10  0.000000e+00  0.000000e+00  0.000000e+00  1.567606e+10  0.000000e+00 -2.772659e+10
   0.000000e+00  0.000000e+00  0.000000e+00  1.205053e+10]
 [ 0.000000e+00  0.000000e+00  6.931751e+09  0.000000e+00 -3.919075e+09  0.000000e+00  0.000000e+00  0.000000e+00
  -6.931751e+09  0.000000e+00 -3.012677e+09  0.000000e+00]
 [ 0.000000e+00  0.000000e+00  0.000000e+00  7.294865e+05  0.000000e+00  0.000000e+00  0.000000e+00  0.000000e+00
   0.000000e+00 -7.294865e+05  0.000000e+00  0.000000e+00]
 [ 0.000000e+00  0.000000e+00 -3.919075e+09  0.000000e+00  2.215767e+09  0.000000e+00  0.000000e+00  0.000000e+00
   3.919075e+09  0.000000e+00  1.703308e+09  0.000000e+00]
 [ 0.000000e+00  1.567606e+10  0.000000e+00  0.000000e+00  0.000000e+00  8.862935e+09  0.000000e+00 -1.567606e+10
   0.000000e+00  0.000000e+00  0.000000e+00  6.813128e+09]
 [-2.222222e+09  0.000000e+00  0.000000e+00  0.000000e+00  0.000000e+00  0.000000e+00  2.222222e+09  0.000000e+00
   0.000000e+00  0.000000e+00  0.000000e+00  0.000000e+00]
 [ 0.000000e+00 -2.772659e+10  0.000000e+00  0.000000e+00  0.000000e+00 -1.567606e+10  0.000000e+00  2.772659e+10
   0.000000e+00  0.000000e+00  0.000000e+00 -1.205053e+10]
 [ 0.000000e+00  0.000000e+00 -6.931751e+09  0.000000e+00  3.919075e+09  0.000000e+00  0.000000e+00  0.000000e+00
   6.931751e+09  0.000000e+00  3.012677e+09  0.000000e+00]
 [ 0.000000e+00  0.000000e+00  0.000000e+00 -7.294865e+05  0.000000e+00  0.000000e+00  0.000000e+00  0.000000e+00
   0.000000e+00  7.294865e+05  0.000000e+00  0.000000e+00]
 [ 0.000000e+00  0.000000e+00 -3.012677e+09  0.000000e+00  1.703308e+09  0.000000e+00  0.000000e+00  0.000000e+00
   3.012677e+09  0.000000e+00  1.309369e+09  0.000000e+00]
 [ 0.000000e+00  1.205053e+10  0.000000e+00  0.000000e+00  0.000000e+00  6.813128e+09  0.000000e+00 -1.205053e+10
   0.000000e+00  0.000000e+00  0.000000e+00  5.237397e+09]]


GP 2/3: ξ=0.000000, x=5.000000e-01, w=8.888889e-01
=== Shape Function Derivative Matrix dN/dξ (1, 12, 6) ===
[[[-0.5  0.   0.   0.   0.   0. ]
  [ 0.   0.   0.   0.   0.   0. ]
  [ 0.   0.   0.   0.   0.   0. ]
  [ 0.   0.   0.  -0.5  0.   0. ]
  [ 0.   0.   0.   0.  -1.   0. ]
  [ 0.   0.   0.   0.   0.   1. ]
  [ 0.5  0.   0.   0.   0.   0. ]
  [ 0.   0.   0.   0.   0.   0. ]
  [ 0.   0.   0.   0.   0.   0. ]
  [ 0.   0.   0.   0.5  0.   0. ]
  [ 0.   0.   0.   0.  -0.   0. ]
  [ 0.   0.   0.   0.   0.   0. ]]]

=== Shape Function Second Derivative Matrix d²N/dξ² (1, 12, 6) ===
[[[ 0.  0.  0.  0.  0.  0.]
  [ 0. -6.  0.  0.  0.  0.]
  [ 0.  0. -6.  0.  0.  0.]
  [ 0.  0.  0.  0.  0.  0.]
  [ 0.  0.  0.  0.  4.  0.]
  [ 0.  0.  0.  0.  0. -4.]
  [ 0.  0.  0.  0.  0.  0.]
  [ 0.  6.  0.  0.  0.  0.]
  [ 0.  0.  6.  0.  0.  0.]
  [ 0.  0.  0.  0.  0.  0.]
  [ 0.  0.  0.  0.  2.  0.]
  [ 0.  0.  0.  0.  0. -2.]]]

=== Strain-Dsiplacement Matrix B (4, 12) ===
[[ -1.   0.   0.   0.   0.   0.   1.   0.   0.   0.   0.   0.]
 [  0.   0. -24.   0.  16.   0.   0.   0.  24.   0.   8.   0.]
 [  0. -24.   0.   0.   0. -16.   0.  24.   0.   0.   0.  -8.]
 [  0.   0.   0.  -1.   0.   0.   0.   0.   0.   1.   0.   0.]]

=== Stiffness BᵀDB (12, 12) ===
[[ 3.555556e+09  0.000000e+00  0.000000e+00  0.000000e+00  0.000000e+00  0.000000e+00 -3.555556e+09  0.000000e+00
   0.000000e+00  0.000000e+00  0.000000e+00  0.000000e+00]
 [ 0.000000e+00  6.826701e+09  0.000000e+00  0.000000e+00  0.000000e+00  4.551134e+09  0.000000e+00 -6.826701e+09
   0.000000e+00  0.000000e+00  0.000000e+00  2.275567e+09]
 [ 0.000000e+00  0.000000e+00  1.706701e+09  0.000000e+00 -1.137801e+09  0.000000e+00  0.000000e+00  0.000000e+00
  -1.706701e+09  0.000000e+00 -5.689003e+08  0.000000e+00]
 [ 0.000000e+00  0.000000e+00  0.000000e+00  1.167178e+06  0.000000e+00  0.000000e+00  0.000000e+00  0.000000e+00
   0.000000e+00 -1.167178e+06  0.000000e+00  0.000000e+00]
 [ 0.000000e+00  0.000000e+00 -1.137801e+09  0.000000e+00  7.585337e+08  0.000000e+00  0.000000e+00  0.000000e+00
   1.137801e+09  0.000000e+00  3.792668e+08  0.000000e+00]
 [ 0.000000e+00  4.551134e+09  0.000000e+00  0.000000e+00  0.000000e+00  3.034089e+09  0.000000e+00 -4.551134e+09
   0.000000e+00  0.000000e+00  0.000000e+00  1.517045e+09]
 [-3.555556e+09  0.000000e+00  0.000000e+00  0.000000e+00  0.000000e+00  0.000000e+00  3.555556e+09  0.000000e+00
   0.000000e+00  0.000000e+00  0.000000e+00  0.000000e+00]
 [ 0.000000e+00 -6.826701e+09  0.000000e+00  0.000000e+00  0.000000e+00 -4.551134e+09  0.000000e+00  6.826701e+09
   0.000000e+00  0.000000e+00  0.000000e+00 -2.275567e+09]
 [ 0.000000e+00  0.000000e+00 -1.706701e+09  0.000000e+00  1.137801e+09  0.000000e+00  0.000000e+00  0.000000e+00
   1.706701e+09  0.000000e+00  5.689003e+08  0.000000e+00]
 [ 0.000000e+00  0.000000e+00  0.000000e+00 -1.167178e+06  0.000000e+00  0.000000e+00  0.000000e+00  0.000000e+00
   0.000000e+00  1.167178e+06  0.000000e+00  0.000000e+00]
 [ 0.000000e+00  0.000000e+00 -5.689003e+08  0.000000e+00  3.792668e+08  0.000000e+00  0.000000e+00  0.000000e+00
   5.689003e+08  0.000000e+00  1.896334e+08  0.000000e+00]
 [ 0.000000e+00  2.275567e+09  0.000000e+00  0.000000e+00  0.000000e+00  1.517045e+09  0.000000e+00 -2.275567e+09
   0.000000e+00  0.000000e+00  0.000000e+00  7.585223e+08]]


GP 3/3: ξ=0.774597, x=8.872983e-01, w=5.555556e-01
=== Shape Function Derivative Matrix dN/dξ (1, 12, 6) ===
[[[-0.5       0.        0.        0.        0.        0.      ]
  [ 0.       -1.04758   0.        0.        0.        0.      ]
  [ 0.        0.       -1.04758   0.        0.        0.      ]
  [ 0.        0.        0.       -0.5       0.        0.      ]
  [ 0.        0.        0.        0.        0.298387  0.      ]
  [ 0.        0.        0.        0.        0.       -0.298387]
  [ 0.5       0.        0.        0.        0.        0.      ]
  [ 0.        1.04758   0.        0.        0.        0.      ]
  [ 0.        0.        1.04758   0.        0.        0.      ]
  [ 0.        0.        0.        0.5       0.        0.      ]
  [ 0.        0.        0.        0.       -0.250807  0.      ]
  [ 0.        0.        0.        0.        0.        0.250807]]]

=== Shape Function Second Derivative Matrix d²N/dξ² (1, 12, 6) ===
[[[ 0.       0.       0.       0.       0.       0.     ]
  [ 0.       3.29516  0.       0.       0.       0.     ]
  [ 0.       0.       3.29516  0.       0.       0.     ]
  [ 0.       0.       0.       0.       0.       0.     ]
  [ 0.       0.       0.       0.      -0.64758  0.     ]
  [ 0.       0.       0.       0.       0.       0.64758]
  [ 0.       0.       0.       0.       0.       0.     ]
  [ 0.      -3.29516  0.       0.       0.       0.     ]
  [ 0.       0.      -3.29516  0.       0.       0.     ]
  [ 0.       0.       0.       0.       0.       0.     ]
  [ 0.       0.       0.       0.      -2.64758  0.     ]
  [ 0.       0.       0.       0.       0.       2.64758]]]

=== Strain-Dsiplacement Matrix B (4, 12) ===
[[ -1.        0.        0.        0.        0.        0.        1.        0.        0.        0.        0.
    0.     ]
 [  0.        0.       13.18064   0.       -2.59032   0.        0.        0.      -13.18064   0.      -10.59032
    0.     ]
 [  0.       13.18064   0.        0.        0.        2.59032   0.      -13.18064   0.        0.        0.
   10.59032]
 [  0.        0.        0.       -1.        0.        0.        0.        0.        0.        1.        0.
    0.     ]]

=== Stiffness BᵀDB (12, 12) ===
[[ 2.222222e+09  0.000000e+00  0.000000e+00  0.000000e+00  0.000000e+00  0.000000e+00 -2.222222e+09  0.000000e+00
   0.000000e+00  0.000000e+00  0.000000e+00  0.000000e+00]
 [ 0.000000e+00  1.286890e+09  0.000000e+00  0.000000e+00  0.000000e+00  2.529055e+08  0.000000e+00 -1.286890e+09
   0.000000e+00  0.000000e+00  0.000000e+00  1.033984e+09]
 [ 0.000000e+00  0.000000e+00  3.217273e+08  0.000000e+00 -6.322733e+07  0.000000e+00  0.000000e+00  0.000000e+00
  -3.217273e+08  0.000000e+00 -2.585000e+08  0.000000e+00]
 [ 0.000000e+00  0.000000e+00  0.000000e+00  7.294865e+05  0.000000e+00  0.000000e+00  0.000000e+00  0.000000e+00
   0.000000e+00 -7.294865e+05  0.000000e+00  0.000000e+00]
 [ 0.000000e+00  0.000000e+00 -6.322733e+07  0.000000e+00  1.242573e+07  0.000000e+00  0.000000e+00  0.000000e+00
   6.322733e+07  0.000000e+00  5.080161e+07  0.000000e+00]
 [ 0.000000e+00  2.529055e+08  0.000000e+00  0.000000e+00  0.000000e+00  4.970216e+07  0.000000e+00 -2.529055e+08
   0.000000e+00  0.000000e+00  0.000000e+00  2.032034e+08]
 [-2.222222e+09  0.000000e+00  0.000000e+00  0.000000e+00  0.000000e+00  0.000000e+00  2.222222e+09  0.000000e+00
   0.000000e+00  0.000000e+00  0.000000e+00  0.000000e+00]
 [ 0.000000e+00 -1.286890e+09  0.000000e+00  0.000000e+00  0.000000e+00 -2.529055e+08  0.000000e+00  1.286890e+09
   0.000000e+00  0.000000e+00  0.000000e+00 -1.033984e+09]
 [ 0.000000e+00  0.000000e+00 -3.217273e+08  0.000000e+00  6.322733e+07  0.000000e+00  0.000000e+00  0.000000e+00
   3.217273e+08  0.000000e+00  2.585000e+08  0.000000e+00]
 [ 0.000000e+00  0.000000e+00  0.000000e+00 -7.294865e+05  0.000000e+00  0.000000e+00  0.000000e+00  0.000000e+00
   0.000000e+00  7.294865e+05  0.000000e+00  0.000000e+00]
 [ 0.000000e+00  0.000000e+00 -2.585000e+08  0.000000e+00  5.080161e+07  0.000000e+00  0.000000e+00  0.000000e+00
   2.585000e+08  0.000000e+00  2.076984e+08  0.000000e+00]
 [ 0.000000e+00  1.033984e+09  0.000000e+00  0.000000e+00  0.000000e+00  2.032034e+08  0.000000e+00 -1.033984e+09
   0.000000e+00  0.000000e+00  0.000000e+00  8.307810e+08]]

=== Final Element Stiffness Matrix ===
[[ 8.000000e+09  0.000000e+00  0.000000e+00  0.000000e+00  0.000000e+00  0.000000e+00 -8.000000e+09  0.000000e+00
   0.000000e+00  0.000000e+00  0.000000e+00  0.000000e+00]
 [ 0.000000e+00  3.584018e+10  0.000000e+00  0.000000e+00  0.000000e+00  2.048010e+10  0.000000e+00 -3.584018e+10
   0.000000e+00  0.000000e+00  0.000000e+00  1.536008e+10]
 [ 0.000000e+00  0.000000e+00  8.960179e+09  0.000000e+00 -5.120102e+09  0.000000e+00  0.000000e+00  0.000000e+00
  -8.960179e+09  0.000000e+00 -3.840077e+09  0.000000e+00]
 [ 0.000000e+00  0.000000e+00  0.000000e+00  2.626151e+06  0.000000e+00  0.000000e+00  0.000000e+00  0.000000e+00
   0.000000e+00 -2.626151e+06  0.000000e+00  0.000000e+00]
 [ 0.000000e+00  0.000000e+00 -5.120102e+09  0.000000e+00  2.986726e+09  0.000000e+00  0.000000e+00  0.000000e+00
   5.120102e+09  0.000000e+00  2.133376e+09  0.000000e+00]
 [ 0.000000e+00  2.048010e+10  0.000000e+00  0.000000e+00  0.000000e+00  1.194673e+10  0.000000e+00 -2.048010e+10
   0.000000e+00  0.000000e+00  0.000000e+00  8.533376e+09]
 [-8.000000e+09  0.000000e+00  0.000000e+00  0.000000e+00  0.000000e+00  0.000000e+00  8.000000e+09  0.000000e+00
   0.000000e+00  0.000000e+00  0.000000e+00  0.000000e+00]
 [ 0.000000e+00 -3.584018e+10  0.000000e+00  0.000000e+00  0.000000e+00 -2.048010e+10  0.000000e+00  3.584018e+10
   0.000000e+00  0.000000e+00  0.000000e+00 -1.536008e+10]
 [ 0.000000e+00  0.000000e+00 -8.960179e+09  0.000000e+00  5.120102e+09  0.000000e+00  0.000000e+00  0.000000e+00
   8.960179e+09  0.000000e+00  3.840077e+09  0.000000e+00]
 [ 0.000000e+00  0.000000e+00  0.000000e+00 -2.626151e+06  0.000000e+00  0.000000e+00  0.000000e+00  0.000000e+00
   0.000000e+00  2.626151e+06  0.000000e+00  0.000000e+00]
 [ 0.000000e+00  0.000000e+00 -3.840077e+09  0.000000e+00  2.133376e+09  0.000000e+00  0.000000e+00  0.000000e+00
   3.840077e+09  0.000000e+00  1.706701e+09  0.000000e+00]
 [ 0.000000e+00  1.536008e+10  0.000000e+00  0.000000e+00  0.000000e+00  8.533376e+09  0.000000e+00 -1.536008e+10
   0.000000e+00  0.000000e+00  0.000000e+00  6.826701e+09]]

