2025-06-15 21:13:15,718 [DEBUG] 📁 Log file created at: \\mull.sms.ed.ac.uk\home\s1834431\Win7\Desktop\fem_model\post_processing\results\job_0007_2025-06-15_21-13-12-675489_pid39132_7f699001\logs\AssembleGlobalSystem.log (Module: assembly, Line: 90)
2025-06-15 21:13:15,719 [INFO] 🔧 Starting global matrix assembly... (Module: assembly, Line: 106)
2025-06-15 21:13:15,720 [DEBUG] Element 0 DOF mapping validated (Module: assembly, Line: 170)
2025-06-15 21:13:15,724 [DEBUG] 
✅ DOF Mappings Summary:
 Element ID                            DOF Indices
          0 [0, 1, 2, 3, 4, 5, 6, 7, 8, 9, 10, 11] (Module: assembly, Line: 190)
2025-06-15 21:13:15,837 [INFO] 🗂️ DOF mapping saved to: \\mull.sms.ed.ac.uk\home\s1834431\Win7\Desktop\fem_model\post_processing\results\job_0007_2025-06-15_21-13-12-675489_pid39132_7f699001\primary_results\assembly_dof_mapping.csv (Module: assembly, Line: 196)
2025-06-15 21:13:15,839 [INFO] 🧾 System Info:
  Total DOFs: 12
  Number of elements: 1
  Parallel assembly: False
  Symmetry tolerance: 1.0e-08 (Module: assembly, Line: 307)
2025-06-15 21:13:15,840 [INFO] ✅ Stiffness matrix assembled (Module: assembly, Line: 234)
2025-06-15 21:13:15,841 [INFO] ✅ Force vector assembled (Module: assembly, Line: 263)
2025-06-15 21:13:15,842 [INFO] Global Stiffness Matrix:
  Non-zero entries: 16
  Symmetry: True
  Norm: 6.109e+09 (Module: assembly, Line: 337)
2025-06-15 21:13:15,844 [DEBUG] 
Full Stiffness Matrix (Dense):
Col        0         1         2         3        4        5         6         7         8         9        10       11
Row                                                                                                                    
0    2.00e+09  0.00e+00  0.00e+00  0.00e+00 0.00e+00 0.00e+00 -2.00e+09  0.00e+00  0.00e+00  0.00e+00 0.00e+00 0.00e+00
1    0.00e+00  5.60e+08  0.00e+00  0.00e+00 0.00e+00 0.00e+00  0.00e+00 -5.60e+08  0.00e+00  0.00e+00 0.00e+00 0.00e+00
2    0.00e+00  0.00e+00  2.24e+09  0.00e+00 0.00e+00 0.00e+00  0.00e+00  0.00e+00 -2.24e+09  0.00e+00 0.00e+00 0.00e+00
3    0.00e+00  0.00e+00  0.00e+00  6.57e+05 0.00e+00 0.00e+00  0.00e+00  0.00e+00  0.00e+00 -6.57e+05 0.00e+00 0.00e+00
4    0.00e+00  0.00e+00  0.00e+00  0.00e+00 0.00e+00 0.00e+00  0.00e+00  0.00e+00  0.00e+00  0.00e+00 0.00e+00 0.00e+00
5    0.00e+00  0.00e+00  0.00e+00  0.00e+00 0.00e+00 0.00e+00  0.00e+00  0.00e+00  0.00e+00  0.00e+00 0.00e+00 0.00e+00
6   -2.00e+09  0.00e+00  0.00e+00  0.00e+00 0.00e+00 0.00e+00  2.00e+09  0.00e+00  0.00e+00  0.00e+00 0.00e+00 0.00e+00
7    0.00e+00 -5.60e+08  0.00e+00  0.00e+00 0.00e+00 0.00e+00  0.00e+00  5.60e+08  0.00e+00  0.00e+00 0.00e+00 0.00e+00
8    0.00e+00  0.00e+00 -2.24e+09  0.00e+00 0.00e+00 0.00e+00  0.00e+00  0.00e+00  2.24e+09  0.00e+00 0.00e+00 0.00e+00
9    0.00e+00  0.00e+00  0.00e+00 -6.57e+05 0.00e+00 0.00e+00  0.00e+00  0.00e+00  0.00e+00  6.57e+05 0.00e+00 0.00e+00
10   0.00e+00  0.00e+00  0.00e+00  0.00e+00 0.00e+00 0.00e+00  0.00e+00  0.00e+00  0.00e+00  0.00e+00 0.00e+00 0.00e+00
11   0.00e+00  0.00e+00  0.00e+00  0.00e+00 0.00e+00 0.00e+00  0.00e+00  0.00e+00  0.00e+00  0.00e+00 0.00e+00 0.00e+00 (Module: assembly, Line: 352)
2025-06-15 21:13:15,845 [INFO] 📊 Performance Metrics:
  Assembly Time: 0.13s
  Elements Processed: 1
  Matrix Density: 1.11e-01
  Memory Usage: 0.00MB
  Processing Rate: 8.0 elements/s (Module: assembly, Line: 324)
2025-06-15 21:13:15,846 [INFO] ✅ Assembly complete. (Module: assembly, Line: 122)
