2025-06-15 21:13:15,858 [DEBUG] 📁 Log file created at: \\mull.sms.ed.ac.uk\home\s1834431\Win7\Desktop\fem_model\post_processing\results\job_0007_2025-06-15_21-13-12-675489_pid39132_7f699001\logs\ModifyGlobalSystem.log (Module: boundary_conditions, Line: 82)
2025-06-15 21:13:15,859 [INFO] 🔧 Applying stabilized boundary conditions... (Module: boundary_conditions, Line: 100)
2025-06-15 21:13:15,859 [DEBUG] Computed penalty value: 2.24e+45 (Module: boundary_conditions, Line: 126)
2025-06-15 21:13:15,861 [DEBUG] 
======================================== System Diagnostics ======================================== (Module: boundary_conditions, Line: 171)
2025-06-15 21:13:15,861 [DEBUG] Original Non-zeros: 16
Modified Non-zeros: 12
Penalty Value: 2.24e+45
Stabilization Factor: 2.24e+35 (Module: boundary_conditions, Line: 183)
2025-06-15 21:13:15,866 [DEBUG] 
Modified Stiffness Matrix:
         0        1        2        3        4        5        6        7        8        9        10       11
0  2.24e+45 0.00e+00 0.00e+00 0.00e+00 0.00e+00 0.00e+00 0.00e+00 0.00e+00 0.00e+00 0.00e+00 0.00e+00 0.00e+00
1  0.00e+00 2.24e+45 0.00e+00 0.00e+00 0.00e+00 0.00e+00 0.00e+00 0.00e+00 0.00e+00 0.00e+00 0.00e+00 0.00e+00
2  0.00e+00 0.00e+00 2.24e+45 0.00e+00 0.00e+00 0.00e+00 0.00e+00 0.00e+00 0.00e+00 0.00e+00 0.00e+00 0.00e+00
3  0.00e+00 0.00e+00 0.00e+00 2.24e+45 0.00e+00 0.00e+00 0.00e+00 0.00e+00 0.00e+00 0.00e+00 0.00e+00 0.00e+00
4  0.00e+00 0.00e+00 0.00e+00 0.00e+00 2.24e+45 0.00e+00 0.00e+00 0.00e+00 0.00e+00 0.00e+00 0.00e+00 0.00e+00
5  0.00e+00 0.00e+00 0.00e+00 0.00e+00 0.00e+00 2.24e+45 0.00e+00 0.00e+00 0.00e+00 0.00e+00 0.00e+00 0.00e+00
6  0.00e+00 0.00e+00 0.00e+00 0.00e+00 0.00e+00 0.00e+00 2.24e+35 0.00e+00 0.00e+00 0.00e+00 0.00e+00 0.00e+00
7  0.00e+00 0.00e+00 0.00e+00 0.00e+00 0.00e+00 0.00e+00 0.00e+00 2.24e+35 0.00e+00 0.00e+00 0.00e+00 0.00e+00
8  0.00e+00 0.00e+00 0.00e+00 0.00e+00 0.00e+00 0.00e+00 0.00e+00 0.00e+00 2.24e+35 0.00e+00 0.00e+00 0.00e+00
9  0.00e+00 0.00e+00 0.00e+00 0.00e+00 0.00e+00 0.00e+00 0.00e+00 0.00e+00 0.00e+00 2.24e+35 0.00e+00 0.00e+00
10 0.00e+00 0.00e+00 0.00e+00 0.00e+00 0.00e+00 0.00e+00 0.00e+00 0.00e+00 0.00e+00 0.00e+00 2.24e+35 0.00e+00
11 0.00e+00 0.00e+00 0.00e+00 0.00e+00 0.00e+00 0.00e+00 0.00e+00 0.00e+00 0.00e+00 0.00e+00 0.00e+00 2.24e+35 (Module: boundary_conditions, Line: 188)
2025-06-15 21:13:15,866 [DEBUG] 
Condition Estimate: 1.0e+10 (Module: boundary_conditions, Line: 201)
2025-06-15 21:13:15,867 [INFO] ✅ Boundary conditions applied in 0.01s (Module: boundary_conditions, Line: 114)
