2025-03-17 10:25:43,736 - pre_processing.element_library.element_1D_base - DEBUG - Element Force Vector Computation (Element ID: 0)
2025-03-17 10:25:43,744 - pre_processing.element_library.element_1D_base - DEBUG - 
===== Final Element Force Vector =====
2025-03-17 10:25:43,750 - pre_processing.element_library.element_1D_base - DEBUG - [[0. 0. 0. 0. 0. 0. 0. 0. 0. 0. 0. 0.]]
2025-03-17 10:25:43,761 - pre_processing.element_library.element_1D_base - DEBUG - Element Force Vector Computation (Element ID: 1)
2025-03-17 10:25:43,761 - pre_processing.element_library.element_1D_base - DEBUG - Element Force Vector Computation (Element ID: 1)
2025-03-17 10:25:43,767 - pre_processing.element_library.element_1D_base - DEBUG - 
===== Final Element Force Vector =====
2025-03-17 10:25:43,767 - pre_processing.element_library.element_1D_base - DEBUG - 
===== Final Element Force Vector =====
2025-03-17 10:25:43,780 - pre_processing.element_library.element_1D_base - DEBUG - [[0. 0. 0. 0. 0. 0. 0. 0. 0. 0. 0. 0.]]
2025-03-17 10:25:43,780 - pre_processing.element_library.element_1D_base - DEBUG - [[0. 0. 0. 0. 0. 0. 0. 0. 0. 0. 0. 0.]]
2025-03-17 10:25:43,801 - pre_processing.element_library.element_1D_base - DEBUG - Element Force Vector Computation (Element ID: 2)
2025-03-17 10:25:43,801 - pre_processing.element_library.element_1D_base - DEBUG - Element Force Vector Computation (Element ID: 2)
2025-03-17 10:25:43,801 - pre_processing.element_library.element_1D_base - DEBUG - Element Force Vector Computation (Element ID: 2)
2025-03-17 10:25:43,812 - pre_processing.element_library.element_1D_base - DEBUG - 
===== Final Element Force Vector =====
2025-03-17 10:25:43,812 - pre_processing.element_library.element_1D_base - DEBUG - 
===== Final Element Force Vector =====
2025-03-17 10:25:43,812 - pre_processing.element_library.element_1D_base - DEBUG - 
===== Final Element Force Vector =====
2025-03-17 10:25:43,825 - pre_processing.element_library.element_1D_base - DEBUG - [[0. 0. 0. 0. 0. 0. 0. 0. 0. 0. 0. 0.]]
2025-03-17 10:25:43,825 - pre_processing.element_library.element_1D_base - DEBUG - [[0. 0. 0. 0. 0. 0. 0. 0. 0. 0. 0. 0.]]
2025-03-17 10:25:43,825 - pre_processing.element_library.element_1D_base - DEBUG - [[0. 0. 0. 0. 0. 0. 0. 0. 0. 0. 0. 0.]]
2025-03-17 10:25:43,839 - pre_processing.element_library.element_1D_base - DEBUG - Element Force Vector Computation (Element ID: 3)
2025-03-17 10:25:43,839 - pre_processing.element_library.element_1D_base - DEBUG - Element Force Vector Computation (Element ID: 3)
2025-03-17 10:25:43,839 - pre_processing.element_library.element_1D_base - DEBUG - Element Force Vector Computation (Element ID: 3)
2025-03-17 10:25:43,839 - pre_processing.element_library.element_1D_base - DEBUG - Element Force Vector Computation (Element ID: 3)
2025-03-17 10:25:43,851 - pre_processing.element_library.element_1D_base - DEBUG - 
===== Final Element Force Vector =====
2025-03-17 10:25:43,851 - pre_processing.element_library.element_1D_base - DEBUG - 
===== Final Element Force Vector =====
2025-03-17 10:25:43,851 - pre_processing.element_library.element_1D_base - DEBUG - 
===== Final Element Force Vector =====
2025-03-17 10:25:43,851 - pre_processing.element_library.element_1D_base - DEBUG - 
===== Final Element Force Vector =====
2025-03-17 10:25:43,861 - pre_processing.element_library.element_1D_base - DEBUG - [[0. 0. 0. 0. 0. 0. 0. 0. 0. 0. 0. 0.]]
2025-03-17 10:25:43,861 - pre_processing.element_library.element_1D_base - DEBUG - [[0. 0. 0. 0. 0. 0. 0. 0. 0. 0. 0. 0.]]
2025-03-17 10:25:43,861 - pre_processing.element_library.element_1D_base - DEBUG - [[0. 0. 0. 0. 0. 0. 0. 0. 0. 0. 0. 0.]]
2025-03-17 10:25:43,861 - pre_processing.element_library.element_1D_base - DEBUG - [[0. 0. 0. 0. 0. 0. 0. 0. 0. 0. 0. 0.]]
2025-03-17 10:25:43,873 - pre_processing.element_library.element_1D_base - DEBUG - Element Force Vector Computation (Element ID: 4)
2025-03-17 10:25:43,873 - pre_processing.element_library.element_1D_base - DEBUG - Element Force Vector Computation (Element ID: 4)
2025-03-17 10:25:43,873 - pre_processing.element_library.element_1D_base - DEBUG - Element Force Vector Computation (Element ID: 4)
2025-03-17 10:25:43,873 - pre_processing.element_library.element_1D_base - DEBUG - Element Force Vector Computation (Element ID: 4)
2025-03-17 10:25:43,873 - pre_processing.element_library.element_1D_base - DEBUG - Element Force Vector Computation (Element ID: 4)
2025-03-17 10:25:43,882 - pre_processing.element_library.element_1D_base - DEBUG - 
===== Final Element Force Vector =====
2025-03-17 10:25:43,882 - pre_processing.element_library.element_1D_base - DEBUG - 
===== Final Element Force Vector =====
2025-03-17 10:25:43,882 - pre_processing.element_library.element_1D_base - DEBUG - 
===== Final Element Force Vector =====
2025-03-17 10:25:43,882 - pre_processing.element_library.element_1D_base - DEBUG - 
===== Final Element Force Vector =====
2025-03-17 10:25:43,882 - pre_processing.element_library.element_1D_base - DEBUG - 
===== Final Element Force Vector =====
2025-03-17 10:25:43,890 - pre_processing.element_library.element_1D_base - DEBUG - [[0. 0. 0. 0. 0. 0. 0. 0. 0. 0. 0. 0.]]
2025-03-17 10:25:43,890 - pre_processing.element_library.element_1D_base - DEBUG - [[0. 0. 0. 0. 0. 0. 0. 0. 0. 0. 0. 0.]]
2025-03-17 10:25:43,890 - pre_processing.element_library.element_1D_base - DEBUG - [[0. 0. 0. 0. 0. 0. 0. 0. 0. 0. 0. 0.]]
2025-03-17 10:25:43,890 - pre_processing.element_library.element_1D_base - DEBUG - [[0. 0. 0. 0. 0. 0. 0. 0. 0. 0. 0. 0.]]
2025-03-17 10:25:43,890 - pre_processing.element_library.element_1D_base - DEBUG - [[0. 0. 0. 0. 0. 0. 0. 0. 0. 0. 0. 0.]]
2025-03-17 10:25:43,901 - pre_processing.element_library.element_1D_base - DEBUG - Element Force Vector Computation (Element ID: 5)
2025-03-17 10:25:43,901 - pre_processing.element_library.element_1D_base - DEBUG - Element Force Vector Computation (Element ID: 5)
2025-03-17 10:25:43,901 - pre_processing.element_library.element_1D_base - DEBUG - Element Force Vector Computation (Element ID: 5)
2025-03-17 10:25:43,901 - pre_processing.element_library.element_1D_base - DEBUG - Element Force Vector Computation (Element ID: 5)
2025-03-17 10:25:43,901 - pre_processing.element_library.element_1D_base - DEBUG - Element Force Vector Computation (Element ID: 5)
2025-03-17 10:25:43,901 - pre_processing.element_library.element_1D_base - DEBUG - Element Force Vector Computation (Element ID: 5)
2025-03-17 10:25:43,912 - pre_processing.element_library.element_1D_base - DEBUG - 
===== Final Element Force Vector =====
2025-03-17 10:25:43,912 - pre_processing.element_library.element_1D_base - DEBUG - 
===== Final Element Force Vector =====
2025-03-17 10:25:43,912 - pre_processing.element_library.element_1D_base - DEBUG - 
===== Final Element Force Vector =====
2025-03-17 10:25:43,912 - pre_processing.element_library.element_1D_base - DEBUG - 
===== Final Element Force Vector =====
2025-03-17 10:25:43,912 - pre_processing.element_library.element_1D_base - DEBUG - 
===== Final Element Force Vector =====
2025-03-17 10:25:43,912 - pre_processing.element_library.element_1D_base - DEBUG - 
===== Final Element Force Vector =====
2025-03-17 10:25:43,928 - pre_processing.element_library.element_1D_base - DEBUG - [[0. 0. 0. 0. 0. 0. 0. 0. 0. 0. 0. 0.]]
2025-03-17 10:25:43,928 - pre_processing.element_library.element_1D_base - DEBUG - [[0. 0. 0. 0. 0. 0. 0. 0. 0. 0. 0. 0.]]
2025-03-17 10:25:43,928 - pre_processing.element_library.element_1D_base - DEBUG - [[0. 0. 0. 0. 0. 0. 0. 0. 0. 0. 0. 0.]]
2025-03-17 10:25:43,928 - pre_processing.element_library.element_1D_base - DEBUG - [[0. 0. 0. 0. 0. 0. 0. 0. 0. 0. 0. 0.]]
2025-03-17 10:25:43,928 - pre_processing.element_library.element_1D_base - DEBUG - [[0. 0. 0. 0. 0. 0. 0. 0. 0. 0. 0. 0.]]
2025-03-17 10:25:43,928 - pre_processing.element_library.element_1D_base - DEBUG - [[0. 0. 0. 0. 0. 0. 0. 0. 0. 0. 0. 0.]]
2025-03-17 10:25:43,940 - pre_processing.element_library.element_1D_base - DEBUG - Element Force Vector Computation (Element ID: 6)
2025-03-17 10:25:43,940 - pre_processing.element_library.element_1D_base - DEBUG - Element Force Vector Computation (Element ID: 6)
2025-03-17 10:25:43,940 - pre_processing.element_library.element_1D_base - DEBUG - Element Force Vector Computation (Element ID: 6)
2025-03-17 10:25:43,940 - pre_processing.element_library.element_1D_base - DEBUG - Element Force Vector Computation (Element ID: 6)
2025-03-17 10:25:43,940 - pre_processing.element_library.element_1D_base - DEBUG - Element Force Vector Computation (Element ID: 6)
2025-03-17 10:25:43,940 - pre_processing.element_library.element_1D_base - DEBUG - Element Force Vector Computation (Element ID: 6)
2025-03-17 10:25:43,940 - pre_processing.element_library.element_1D_base - DEBUG - Element Force Vector Computation (Element ID: 6)
2025-03-17 10:25:43,952 - pre_processing.element_library.element_1D_base - DEBUG - 
===== Final Element Force Vector =====
2025-03-17 10:25:43,952 - pre_processing.element_library.element_1D_base - DEBUG - 
===== Final Element Force Vector =====
2025-03-17 10:25:43,952 - pre_processing.element_library.element_1D_base - DEBUG - 
===== Final Element Force Vector =====
2025-03-17 10:25:43,952 - pre_processing.element_library.element_1D_base - DEBUG - 
===== Final Element Force Vector =====
2025-03-17 10:25:43,952 - pre_processing.element_library.element_1D_base - DEBUG - 
===== Final Element Force Vector =====
2025-03-17 10:25:43,952 - pre_processing.element_library.element_1D_base - DEBUG - 
===== Final Element Force Vector =====
2025-03-17 10:25:43,952 - pre_processing.element_library.element_1D_base - DEBUG - 
===== Final Element Force Vector =====
2025-03-17 10:25:43,972 - pre_processing.element_library.element_1D_base - DEBUG - [[0. 0. 0. 0. 0. 0. 0. 0. 0. 0. 0. 0.]]
2025-03-17 10:25:43,972 - pre_processing.element_library.element_1D_base - DEBUG - [[0. 0. 0. 0. 0. 0. 0. 0. 0. 0. 0. 0.]]
2025-03-17 10:25:43,972 - pre_processing.element_library.element_1D_base - DEBUG - [[0. 0. 0. 0. 0. 0. 0. 0. 0. 0. 0. 0.]]
2025-03-17 10:25:43,972 - pre_processing.element_library.element_1D_base - DEBUG - [[0. 0. 0. 0. 0. 0. 0. 0. 0. 0. 0. 0.]]
2025-03-17 10:25:43,972 - pre_processing.element_library.element_1D_base - DEBUG - [[0. 0. 0. 0. 0. 0. 0. 0. 0. 0. 0. 0.]]
2025-03-17 10:25:43,972 - pre_processing.element_library.element_1D_base - DEBUG - [[0. 0. 0. 0. 0. 0. 0. 0. 0. 0. 0. 0.]]
2025-03-17 10:25:43,972 - pre_processing.element_library.element_1D_base - DEBUG - [[0. 0. 0. 0. 0. 0. 0. 0. 0. 0. 0. 0.]]
2025-03-17 10:25:43,984 - pre_processing.element_library.element_1D_base - DEBUG - Element Force Vector Computation (Element ID: 7)
2025-03-17 10:25:43,984 - pre_processing.element_library.element_1D_base - DEBUG - Element Force Vector Computation (Element ID: 7)
2025-03-17 10:25:43,984 - pre_processing.element_library.element_1D_base - DEBUG - Element Force Vector Computation (Element ID: 7)
2025-03-17 10:25:43,984 - pre_processing.element_library.element_1D_base - DEBUG - Element Force Vector Computation (Element ID: 7)
2025-03-17 10:25:43,984 - pre_processing.element_library.element_1D_base - DEBUG - Element Force Vector Computation (Element ID: 7)
2025-03-17 10:25:43,984 - pre_processing.element_library.element_1D_base - DEBUG - Element Force Vector Computation (Element ID: 7)
2025-03-17 10:25:43,984 - pre_processing.element_library.element_1D_base - DEBUG - Element Force Vector Computation (Element ID: 7)
2025-03-17 10:25:43,984 - pre_processing.element_library.element_1D_base - DEBUG - Element Force Vector Computation (Element ID: 7)
2025-03-17 10:25:43,997 - pre_processing.element_library.element_1D_base - DEBUG - 
===== Final Element Force Vector =====
2025-03-17 10:25:43,997 - pre_processing.element_library.element_1D_base - DEBUG - 
===== Final Element Force Vector =====
2025-03-17 10:25:43,997 - pre_processing.element_library.element_1D_base - DEBUG - 
===== Final Element Force Vector =====
2025-03-17 10:25:43,997 - pre_processing.element_library.element_1D_base - DEBUG - 
===== Final Element Force Vector =====
2025-03-17 10:25:43,997 - pre_processing.element_library.element_1D_base - DEBUG - 
===== Final Element Force Vector =====
2025-03-17 10:25:43,997 - pre_processing.element_library.element_1D_base - DEBUG - 
===== Final Element Force Vector =====
2025-03-17 10:25:43,997 - pre_processing.element_library.element_1D_base - DEBUG - 
===== Final Element Force Vector =====
2025-03-17 10:25:43,997 - pre_processing.element_library.element_1D_base - DEBUG - 
===== Final Element Force Vector =====
2025-03-17 10:25:44,011 - pre_processing.element_library.element_1D_base - DEBUG - [[0. 0. 0. 0. 0. 0. 0. 0. 0. 0. 0. 0.]]
2025-03-17 10:25:44,011 - pre_processing.element_library.element_1D_base - DEBUG - [[0. 0. 0. 0. 0. 0. 0. 0. 0. 0. 0. 0.]]
2025-03-17 10:25:44,011 - pre_processing.element_library.element_1D_base - DEBUG - [[0. 0. 0. 0. 0. 0. 0. 0. 0. 0. 0. 0.]]
2025-03-17 10:25:44,011 - pre_processing.element_library.element_1D_base - DEBUG - [[0. 0. 0. 0. 0. 0. 0. 0. 0. 0. 0. 0.]]
2025-03-17 10:25:44,011 - pre_processing.element_library.element_1D_base - DEBUG - [[0. 0. 0. 0. 0. 0. 0. 0. 0. 0. 0. 0.]]
2025-03-17 10:25:44,011 - pre_processing.element_library.element_1D_base - DEBUG - [[0. 0. 0. 0. 0. 0. 0. 0. 0. 0. 0. 0.]]
2025-03-17 10:25:44,011 - pre_processing.element_library.element_1D_base - DEBUG - [[0. 0. 0. 0. 0. 0. 0. 0. 0. 0. 0. 0.]]
2025-03-17 10:25:44,011 - pre_processing.element_library.element_1D_base - DEBUG - [[0. 0. 0. 0. 0. 0. 0. 0. 0. 0. 0. 0.]]
2025-03-17 10:25:44,025 - pre_processing.element_library.element_1D_base - DEBUG - Element Force Vector Computation (Element ID: 8)
2025-03-17 10:25:44,025 - pre_processing.element_library.element_1D_base - DEBUG - Element Force Vector Computation (Element ID: 8)
2025-03-17 10:25:44,025 - pre_processing.element_library.element_1D_base - DEBUG - Element Force Vector Computation (Element ID: 8)
2025-03-17 10:25:44,025 - pre_processing.element_library.element_1D_base - DEBUG - Element Force Vector Computation (Element ID: 8)
2025-03-17 10:25:44,025 - pre_processing.element_library.element_1D_base - DEBUG - Element Force Vector Computation (Element ID: 8)
2025-03-17 10:25:44,025 - pre_processing.element_library.element_1D_base - DEBUG - Element Force Vector Computation (Element ID: 8)
2025-03-17 10:25:44,025 - pre_processing.element_library.element_1D_base - DEBUG - Element Force Vector Computation (Element ID: 8)
2025-03-17 10:25:44,025 - pre_processing.element_library.element_1D_base - DEBUG - Element Force Vector Computation (Element ID: 8)
2025-03-17 10:25:44,025 - pre_processing.element_library.element_1D_base - DEBUG - Element Force Vector Computation (Element ID: 8)
2025-03-17 10:25:44,035 - pre_processing.element_library.element_1D_base - DEBUG - 
===== Final Element Force Vector =====
2025-03-17 10:25:44,035 - pre_processing.element_library.element_1D_base - DEBUG - 
===== Final Element Force Vector =====
2025-03-17 10:25:44,035 - pre_processing.element_library.element_1D_base - DEBUG - 
===== Final Element Force Vector =====
2025-03-17 10:25:44,035 - pre_processing.element_library.element_1D_base - DEBUG - 
===== Final Element Force Vector =====
2025-03-17 10:25:44,035 - pre_processing.element_library.element_1D_base - DEBUG - 
===== Final Element Force Vector =====
2025-03-17 10:25:44,035 - pre_processing.element_library.element_1D_base - DEBUG - 
===== Final Element Force Vector =====
2025-03-17 10:25:44,035 - pre_processing.element_library.element_1D_base - DEBUG - 
===== Final Element Force Vector =====
2025-03-17 10:25:44,035 - pre_processing.element_library.element_1D_base - DEBUG - 
===== Final Element Force Vector =====
2025-03-17 10:25:44,035 - pre_processing.element_library.element_1D_base - DEBUG - 
===== Final Element Force Vector =====
2025-03-17 10:25:44,045 - pre_processing.element_library.element_1D_base - DEBUG - [[0. 0. 0. 0. 0. 0. 0. 0. 0. 0. 0. 0.]]
2025-03-17 10:25:44,045 - pre_processing.element_library.element_1D_base - DEBUG - [[0. 0. 0. 0. 0. 0. 0. 0. 0. 0. 0. 0.]]
2025-03-17 10:25:44,045 - pre_processing.element_library.element_1D_base - DEBUG - [[0. 0. 0. 0. 0. 0. 0. 0. 0. 0. 0. 0.]]
2025-03-17 10:25:44,045 - pre_processing.element_library.element_1D_base - DEBUG - [[0. 0. 0. 0. 0. 0. 0. 0. 0. 0. 0. 0.]]
2025-03-17 10:25:44,045 - pre_processing.element_library.element_1D_base - DEBUG - [[0. 0. 0. 0. 0. 0. 0. 0. 0. 0. 0. 0.]]
2025-03-17 10:25:44,045 - pre_processing.element_library.element_1D_base - DEBUG - [[0. 0. 0. 0. 0. 0. 0. 0. 0. 0. 0. 0.]]
2025-03-17 10:25:44,045 - pre_processing.element_library.element_1D_base - DEBUG - [[0. 0. 0. 0. 0. 0. 0. 0. 0. 0. 0. 0.]]
2025-03-17 10:25:44,045 - pre_processing.element_library.element_1D_base - DEBUG - [[0. 0. 0. 0. 0. 0. 0. 0. 0. 0. 0. 0.]]
2025-03-17 10:25:44,045 - pre_processing.element_library.element_1D_base - DEBUG - [[0. 0. 0. 0. 0. 0. 0. 0. 0. 0. 0. 0.]]
2025-03-17 10:25:44,058 - pre_processing.element_library.element_1D_base - DEBUG - Element Force Vector Computation (Element ID: 9)
2025-03-17 10:25:44,058 - pre_processing.element_library.element_1D_base - DEBUG - Element Force Vector Computation (Element ID: 9)
2025-03-17 10:25:44,058 - pre_processing.element_library.element_1D_base - DEBUG - Element Force Vector Computation (Element ID: 9)
2025-03-17 10:25:44,058 - pre_processing.element_library.element_1D_base - DEBUG - Element Force Vector Computation (Element ID: 9)
2025-03-17 10:25:44,058 - pre_processing.element_library.element_1D_base - DEBUG - Element Force Vector Computation (Element ID: 9)
2025-03-17 10:25:44,058 - pre_processing.element_library.element_1D_base - DEBUG - Element Force Vector Computation (Element ID: 9)
2025-03-17 10:25:44,058 - pre_processing.element_library.element_1D_base - DEBUG - Element Force Vector Computation (Element ID: 9)
2025-03-17 10:25:44,058 - pre_processing.element_library.element_1D_base - DEBUG - Element Force Vector Computation (Element ID: 9)
2025-03-17 10:25:44,058 - pre_processing.element_library.element_1D_base - DEBUG - Element Force Vector Computation (Element ID: 9)
2025-03-17 10:25:44,058 - pre_processing.element_library.element_1D_base - DEBUG - Element Force Vector Computation (Element ID: 9)
2025-03-17 10:25:44,071 - pre_processing.element_library.element_1D_base - DEBUG - 
Point Load at x_p = 2.000000e+00 (xi_p = 1.000000e+00)
2025-03-17 10:25:44,071 - pre_processing.element_library.element_1D_base - DEBUG - 
Point Load at x_p = 2.000000e+00 (xi_p = 1.000000e+00)
2025-03-17 10:25:44,071 - pre_processing.element_library.element_1D_base - DEBUG - 
Point Load at x_p = 2.000000e+00 (xi_p = 1.000000e+00)
2025-03-17 10:25:44,071 - pre_processing.element_library.element_1D_base - DEBUG - 
Point Load at x_p = 2.000000e+00 (xi_p = 1.000000e+00)
2025-03-17 10:25:44,071 - pre_processing.element_library.element_1D_base - DEBUG - 
Point Load at x_p = 2.000000e+00 (xi_p = 1.000000e+00)
2025-03-17 10:25:44,071 - pre_processing.element_library.element_1D_base - DEBUG - 
Point Load at x_p = 2.000000e+00 (xi_p = 1.000000e+00)
2025-03-17 10:25:44,071 - pre_processing.element_library.element_1D_base - DEBUG - 
Point Load at x_p = 2.000000e+00 (xi_p = 1.000000e+00)
2025-03-17 10:25:44,071 - pre_processing.element_library.element_1D_base - DEBUG - 
Point Load at x_p = 2.000000e+00 (xi_p = 1.000000e+00)
2025-03-17 10:25:44,071 - pre_processing.element_library.element_1D_base - DEBUG - 
Point Load at x_p = 2.000000e+00 (xi_p = 1.000000e+00)
2025-03-17 10:25:44,071 - pre_processing.element_library.element_1D_base - DEBUG - 
Point Load at x_p = 2.000000e+00 (xi_p = 1.000000e+00)
2025-03-17 10:25:44,081 - pre_processing.element_library.element_1D_base - DEBUG - Point Load Vector (F_p): [      0. -100000.       0.       0.       0.       0.]
2025-03-17 10:25:44,081 - pre_processing.element_library.element_1D_base - DEBUG - Point Load Vector (F_p): [      0. -100000.       0.       0.       0.       0.]
2025-03-17 10:25:44,081 - pre_processing.element_library.element_1D_base - DEBUG - Point Load Vector (F_p): [      0. -100000.       0.       0.       0.       0.]
2025-03-17 10:25:44,081 - pre_processing.element_library.element_1D_base - DEBUG - Point Load Vector (F_p): [      0. -100000.       0.       0.       0.       0.]
2025-03-17 10:25:44,081 - pre_processing.element_library.element_1D_base - DEBUG - Point Load Vector (F_p): [      0. -100000.       0.       0.       0.       0.]
2025-03-17 10:25:44,081 - pre_processing.element_library.element_1D_base - DEBUG - Point Load Vector (F_p): [      0. -100000.       0.       0.       0.       0.]
2025-03-17 10:25:44,081 - pre_processing.element_library.element_1D_base - DEBUG - Point Load Vector (F_p): [      0. -100000.       0.       0.       0.       0.]
2025-03-17 10:25:44,081 - pre_processing.element_library.element_1D_base - DEBUG - Point Load Vector (F_p): [      0. -100000.       0.       0.       0.       0.]
2025-03-17 10:25:44,081 - pre_processing.element_library.element_1D_base - DEBUG - Point Load Vector (F_p): [      0. -100000.       0.       0.       0.       0.]
2025-03-17 10:25:44,081 - pre_processing.element_library.element_1D_base - DEBUG - Point Load Vector (F_p): [      0. -100000.       0.       0.       0.       0.]
2025-03-17 10:25:44,092 - pre_processing.element_library.element_1D_base - DEBUG - Shape Function Values at Load Point:
2025-03-17 10:25:44,092 - pre_processing.element_library.element_1D_base - DEBUG - Shape Function Values at Load Point:
2025-03-17 10:25:44,092 - pre_processing.element_library.element_1D_base - DEBUG - Shape Function Values at Load Point:
2025-03-17 10:25:44,092 - pre_processing.element_library.element_1D_base - DEBUG - Shape Function Values at Load Point:
2025-03-17 10:25:44,092 - pre_processing.element_library.element_1D_base - DEBUG - Shape Function Values at Load Point:
2025-03-17 10:25:44,092 - pre_processing.element_library.element_1D_base - DEBUG - Shape Function Values at Load Point:
2025-03-17 10:25:44,092 - pre_processing.element_library.element_1D_base - DEBUG - Shape Function Values at Load Point:
2025-03-17 10:25:44,092 - pre_processing.element_library.element_1D_base - DEBUG - Shape Function Values at Load Point:
2025-03-17 10:25:44,092 - pre_processing.element_library.element_1D_base - DEBUG - Shape Function Values at Load Point:
2025-03-17 10:25:44,092 - pre_processing.element_library.element_1D_base - DEBUG - Shape Function Values at Load Point:
2025-03-17 10:25:44,103 - pre_processing.element_library.element_1D_base - DEBUG - [[0. 0. 0. 0. 0. 0.]
 [0. 0. 0. 0. 0. 0.]
 [0. 0. 0. 0. 0. 0.]
 [0. 0. 0. 0. 0. 0.]
 [0. 0. 0. 0. 0. 0.]
 [0. 0. 0. 0. 0. 0.]
 [1. 0. 0. 0. 0. 0.]
 [0. 1. 0. 0. 0. 0.]
 [0. 0. 1. 0. 0. 0.]
 [0. 0. 0. 1. 0. 0.]
 [0. 0. 0. 0. 0. 0.]
 [0. 0. 0. 0. 0. 0.]]
2025-03-17 10:25:44,103 - pre_processing.element_library.element_1D_base - DEBUG - [[0. 0. 0. 0. 0. 0.]
 [0. 0. 0. 0. 0. 0.]
 [0. 0. 0. 0. 0. 0.]
 [0. 0. 0. 0. 0. 0.]
 [0. 0. 0. 0. 0. 0.]
 [0. 0. 0. 0. 0. 0.]
 [1. 0. 0. 0. 0. 0.]
 [0. 1. 0. 0. 0. 0.]
 [0. 0. 1. 0. 0. 0.]
 [0. 0. 0. 1. 0. 0.]
 [0. 0. 0. 0. 0. 0.]
 [0. 0. 0. 0. 0. 0.]]
2025-03-17 10:25:44,103 - pre_processing.element_library.element_1D_base - DEBUG - [[0. 0. 0. 0. 0. 0.]
 [0. 0. 0. 0. 0. 0.]
 [0. 0. 0. 0. 0. 0.]
 [0. 0. 0. 0. 0. 0.]
 [0. 0. 0. 0. 0. 0.]
 [0. 0. 0. 0. 0. 0.]
 [1. 0. 0. 0. 0. 0.]
 [0. 1. 0. 0. 0. 0.]
 [0. 0. 1. 0. 0. 0.]
 [0. 0. 0. 1. 0. 0.]
 [0. 0. 0. 0. 0. 0.]
 [0. 0. 0. 0. 0. 0.]]
2025-03-17 10:25:44,103 - pre_processing.element_library.element_1D_base - DEBUG - [[0. 0. 0. 0. 0. 0.]
 [0. 0. 0. 0. 0. 0.]
 [0. 0. 0. 0. 0. 0.]
 [0. 0. 0. 0. 0. 0.]
 [0. 0. 0. 0. 0. 0.]
 [0. 0. 0. 0. 0. 0.]
 [1. 0. 0. 0. 0. 0.]
 [0. 1. 0. 0. 0. 0.]
 [0. 0. 1. 0. 0. 0.]
 [0. 0. 0. 1. 0. 0.]
 [0. 0. 0. 0. 0. 0.]
 [0. 0. 0. 0. 0. 0.]]
2025-03-17 10:25:44,103 - pre_processing.element_library.element_1D_base - DEBUG - [[0. 0. 0. 0. 0. 0.]
 [0. 0. 0. 0. 0. 0.]
 [0. 0. 0. 0. 0. 0.]
 [0. 0. 0. 0. 0. 0.]
 [0. 0. 0. 0. 0. 0.]
 [0. 0. 0. 0. 0. 0.]
 [1. 0. 0. 0. 0. 0.]
 [0. 1. 0. 0. 0. 0.]
 [0. 0. 1. 0. 0. 0.]
 [0. 0. 0. 1. 0. 0.]
 [0. 0. 0. 0. 0. 0.]
 [0. 0. 0. 0. 0. 0.]]
2025-03-17 10:25:44,103 - pre_processing.element_library.element_1D_base - DEBUG - [[0. 0. 0. 0. 0. 0.]
 [0. 0. 0. 0. 0. 0.]
 [0. 0. 0. 0. 0. 0.]
 [0. 0. 0. 0. 0. 0.]
 [0. 0. 0. 0. 0. 0.]
 [0. 0. 0. 0. 0. 0.]
 [1. 0. 0. 0. 0. 0.]
 [0. 1. 0. 0. 0. 0.]
 [0. 0. 1. 0. 0. 0.]
 [0. 0. 0. 1. 0. 0.]
 [0. 0. 0. 0. 0. 0.]
 [0. 0. 0. 0. 0. 0.]]
2025-03-17 10:25:44,103 - pre_processing.element_library.element_1D_base - DEBUG - [[0. 0. 0. 0. 0. 0.]
 [0. 0. 0. 0. 0. 0.]
 [0. 0. 0. 0. 0. 0.]
 [0. 0. 0. 0. 0. 0.]
 [0. 0. 0. 0. 0. 0.]
 [0. 0. 0. 0. 0. 0.]
 [1. 0. 0. 0. 0. 0.]
 [0. 1. 0. 0. 0. 0.]
 [0. 0. 1. 0. 0. 0.]
 [0. 0. 0. 1. 0. 0.]
 [0. 0. 0. 0. 0. 0.]
 [0. 0. 0. 0. 0. 0.]]
2025-03-17 10:25:44,103 - pre_processing.element_library.element_1D_base - DEBUG - [[0. 0. 0. 0. 0. 0.]
 [0. 0. 0. 0. 0. 0.]
 [0. 0. 0. 0. 0. 0.]
 [0. 0. 0. 0. 0. 0.]
 [0. 0. 0. 0. 0. 0.]
 [0. 0. 0. 0. 0. 0.]
 [1. 0. 0. 0. 0. 0.]
 [0. 1. 0. 0. 0. 0.]
 [0. 0. 1. 0. 0. 0.]
 [0. 0. 0. 1. 0. 0.]
 [0. 0. 0. 0. 0. 0.]
 [0. 0. 0. 0. 0. 0.]]
2025-03-17 10:25:44,103 - pre_processing.element_library.element_1D_base - DEBUG - [[0. 0. 0. 0. 0. 0.]
 [0. 0. 0. 0. 0. 0.]
 [0. 0. 0. 0. 0. 0.]
 [0. 0. 0. 0. 0. 0.]
 [0. 0. 0. 0. 0. 0.]
 [0. 0. 0. 0. 0. 0.]
 [1. 0. 0. 0. 0. 0.]
 [0. 1. 0. 0. 0. 0.]
 [0. 0. 1. 0. 0. 0.]
 [0. 0. 0. 1. 0. 0.]
 [0. 0. 0. 0. 0. 0.]
 [0. 0. 0. 0. 0. 0.]]
2025-03-17 10:25:44,103 - pre_processing.element_library.element_1D_base - DEBUG - [[0. 0. 0. 0. 0. 0.]
 [0. 0. 0. 0. 0. 0.]
 [0. 0. 0. 0. 0. 0.]
 [0. 0. 0. 0. 0. 0.]
 [0. 0. 0. 0. 0. 0.]
 [0. 0. 0. 0. 0. 0.]
 [1. 0. 0. 0. 0. 0.]
 [0. 1. 0. 0. 0. 0.]
 [0. 0. 1. 0. 0. 0.]
 [0. 0. 0. 1. 0. 0.]
 [0. 0. 0. 0. 0. 0.]
 [0. 0. 0. 0. 0. 0.]]
2025-03-17 10:25:44,114 - pre_processing.element_library.element_1D_base - DEBUG - Separated Translational Contribution:
2025-03-17 10:25:44,114 - pre_processing.element_library.element_1D_base - DEBUG - Separated Translational Contribution:
2025-03-17 10:25:44,114 - pre_processing.element_library.element_1D_base - DEBUG - Separated Translational Contribution:
2025-03-17 10:25:44,114 - pre_processing.element_library.element_1D_base - DEBUG - Separated Translational Contribution:
2025-03-17 10:25:44,114 - pre_processing.element_library.element_1D_base - DEBUG - Separated Translational Contribution:
2025-03-17 10:25:44,114 - pre_processing.element_library.element_1D_base - DEBUG - Separated Translational Contribution:
2025-03-17 10:25:44,114 - pre_processing.element_library.element_1D_base - DEBUG - Separated Translational Contribution:
2025-03-17 10:25:44,114 - pre_processing.element_library.element_1D_base - DEBUG - Separated Translational Contribution:
2025-03-17 10:25:44,114 - pre_processing.element_library.element_1D_base - DEBUG - Separated Translational Contribution:
2025-03-17 10:25:44,114 - pre_processing.element_library.element_1D_base - DEBUG - Separated Translational Contribution:
2025-03-17 10:25:44,126 - pre_processing.element_library.element_1D_base - DEBUG - [[      0.       0.       0.       0. -100000.       0.]]
2025-03-17 10:25:44,126 - pre_processing.element_library.element_1D_base - DEBUG - [[      0.       0.       0.       0. -100000.       0.]]
2025-03-17 10:25:44,126 - pre_processing.element_library.element_1D_base - DEBUG - [[      0.       0.       0.       0. -100000.       0.]]
2025-03-17 10:25:44,126 - pre_processing.element_library.element_1D_base - DEBUG - [[      0.       0.       0.       0. -100000.       0.]]
2025-03-17 10:25:44,126 - pre_processing.element_library.element_1D_base - DEBUG - [[      0.       0.       0.       0. -100000.       0.]]
2025-03-17 10:25:44,126 - pre_processing.element_library.element_1D_base - DEBUG - [[      0.       0.       0.       0. -100000.       0.]]
2025-03-17 10:25:44,126 - pre_processing.element_library.element_1D_base - DEBUG - [[      0.       0.       0.       0. -100000.       0.]]
2025-03-17 10:25:44,126 - pre_processing.element_library.element_1D_base - DEBUG - [[      0.       0.       0.       0. -100000.       0.]]
2025-03-17 10:25:44,126 - pre_processing.element_library.element_1D_base - DEBUG - [[      0.       0.       0.       0. -100000.       0.]]
2025-03-17 10:25:44,126 - pre_processing.element_library.element_1D_base - DEBUG - [[      0.       0.       0.       0. -100000.       0.]]
2025-03-17 10:25:44,137 - pre_processing.element_library.element_1D_base - DEBUG - Separated Rotational Contribution:
2025-03-17 10:25:44,137 - pre_processing.element_library.element_1D_base - DEBUG - Separated Rotational Contribution:
2025-03-17 10:25:44,137 - pre_processing.element_library.element_1D_base - DEBUG - Separated Rotational Contribution:
2025-03-17 10:25:44,137 - pre_processing.element_library.element_1D_base - DEBUG - Separated Rotational Contribution:
2025-03-17 10:25:44,137 - pre_processing.element_library.element_1D_base - DEBUG - Separated Rotational Contribution:
2025-03-17 10:25:44,137 - pre_processing.element_library.element_1D_base - DEBUG - Separated Rotational Contribution:
2025-03-17 10:25:44,137 - pre_processing.element_library.element_1D_base - DEBUG - Separated Rotational Contribution:
2025-03-17 10:25:44,137 - pre_processing.element_library.element_1D_base - DEBUG - Separated Rotational Contribution:
2025-03-17 10:25:44,137 - pre_processing.element_library.element_1D_base - DEBUG - Separated Rotational Contribution:
2025-03-17 10:25:44,137 - pre_processing.element_library.element_1D_base - DEBUG - Separated Rotational Contribution:
2025-03-17 10:25:44,148 - pre_processing.element_library.element_1D_base - DEBUG - [[0. 0. 0. 0. 0. 0.]]
2025-03-17 10:25:44,148 - pre_processing.element_library.element_1D_base - DEBUG - [[0. 0. 0. 0. 0. 0.]]
2025-03-17 10:25:44,148 - pre_processing.element_library.element_1D_base - DEBUG - [[0. 0. 0. 0. 0. 0.]]
2025-03-17 10:25:44,148 - pre_processing.element_library.element_1D_base - DEBUG - [[0. 0. 0. 0. 0. 0.]]
2025-03-17 10:25:44,148 - pre_processing.element_library.element_1D_base - DEBUG - [[0. 0. 0. 0. 0. 0.]]
2025-03-17 10:25:44,148 - pre_processing.element_library.element_1D_base - DEBUG - [[0. 0. 0. 0. 0. 0.]]
2025-03-17 10:25:44,148 - pre_processing.element_library.element_1D_base - DEBUG - [[0. 0. 0. 0. 0. 0.]]
2025-03-17 10:25:44,148 - pre_processing.element_library.element_1D_base - DEBUG - [[0. 0. 0. 0. 0. 0.]]
2025-03-17 10:25:44,148 - pre_processing.element_library.element_1D_base - DEBUG - [[0. 0. 0. 0. 0. 0.]]
2025-03-17 10:25:44,148 - pre_processing.element_library.element_1D_base - DEBUG - [[0. 0. 0. 0. 0. 0.]]
2025-03-17 10:25:44,161 - pre_processing.element_library.element_1D_base - DEBUG - Updated Element Force Vector:
2025-03-17 10:25:44,161 - pre_processing.element_library.element_1D_base - DEBUG - Updated Element Force Vector:
2025-03-17 10:25:44,161 - pre_processing.element_library.element_1D_base - DEBUG - Updated Element Force Vector:
2025-03-17 10:25:44,161 - pre_processing.element_library.element_1D_base - DEBUG - Updated Element Force Vector:
2025-03-17 10:25:44,161 - pre_processing.element_library.element_1D_base - DEBUG - Updated Element Force Vector:
2025-03-17 10:25:44,161 - pre_processing.element_library.element_1D_base - DEBUG - Updated Element Force Vector:
2025-03-17 10:25:44,161 - pre_processing.element_library.element_1D_base - DEBUG - Updated Element Force Vector:
2025-03-17 10:25:44,161 - pre_processing.element_library.element_1D_base - DEBUG - Updated Element Force Vector:
2025-03-17 10:25:44,161 - pre_processing.element_library.element_1D_base - DEBUG - Updated Element Force Vector:
2025-03-17 10:25:44,161 - pre_processing.element_library.element_1D_base - DEBUG - Updated Element Force Vector:
2025-03-17 10:25:44,171 - pre_processing.element_library.element_1D_base - DEBUG - [[      0.       0.       0.       0.       0.       0.       0. -100000.
        0.       0.       0.       0.]]
2025-03-17 10:25:44,171 - pre_processing.element_library.element_1D_base - DEBUG - [[      0.       0.       0.       0.       0.       0.       0. -100000.
        0.       0.       0.       0.]]
2025-03-17 10:25:44,171 - pre_processing.element_library.element_1D_base - DEBUG - [[      0.       0.       0.       0.       0.       0.       0. -100000.
        0.       0.       0.       0.]]
2025-03-17 10:25:44,171 - pre_processing.element_library.element_1D_base - DEBUG - [[      0.       0.       0.       0.       0.       0.       0. -100000.
        0.       0.       0.       0.]]
2025-03-17 10:25:44,171 - pre_processing.element_library.element_1D_base - DEBUG - [[      0.       0.       0.       0.       0.       0.       0. -100000.
        0.       0.       0.       0.]]
2025-03-17 10:25:44,171 - pre_processing.element_library.element_1D_base - DEBUG - [[      0.       0.       0.       0.       0.       0.       0. -100000.
        0.       0.       0.       0.]]
2025-03-17 10:25:44,171 - pre_processing.element_library.element_1D_base - DEBUG - [[      0.       0.       0.       0.       0.       0.       0. -100000.
        0.       0.       0.       0.]]
2025-03-17 10:25:44,171 - pre_processing.element_library.element_1D_base - DEBUG - [[      0.       0.       0.       0.       0.       0.       0. -100000.
        0.       0.       0.       0.]]
2025-03-17 10:25:44,171 - pre_processing.element_library.element_1D_base - DEBUG - [[      0.       0.       0.       0.       0.       0.       0. -100000.
        0.       0.       0.       0.]]
2025-03-17 10:25:44,171 - pre_processing.element_library.element_1D_base - DEBUG - [[      0.       0.       0.       0.       0.       0.       0. -100000.
        0.       0.       0.       0.]]
2025-03-17 10:25:44,182 - pre_processing.element_library.element_1D_base - DEBUG - 
===== Final Element Force Vector =====
2025-03-17 10:25:44,182 - pre_processing.element_library.element_1D_base - DEBUG - 
===== Final Element Force Vector =====
2025-03-17 10:25:44,182 - pre_processing.element_library.element_1D_base - DEBUG - 
===== Final Element Force Vector =====
2025-03-17 10:25:44,182 - pre_processing.element_library.element_1D_base - DEBUG - 
===== Final Element Force Vector =====
2025-03-17 10:25:44,182 - pre_processing.element_library.element_1D_base - DEBUG - 
===== Final Element Force Vector =====
2025-03-17 10:25:44,182 - pre_processing.element_library.element_1D_base - DEBUG - 
===== Final Element Force Vector =====
2025-03-17 10:25:44,182 - pre_processing.element_library.element_1D_base - DEBUG - 
===== Final Element Force Vector =====
2025-03-17 10:25:44,182 - pre_processing.element_library.element_1D_base - DEBUG - 
===== Final Element Force Vector =====
2025-03-17 10:25:44,182 - pre_processing.element_library.element_1D_base - DEBUG - 
===== Final Element Force Vector =====
2025-03-17 10:25:44,182 - pre_processing.element_library.element_1D_base - DEBUG - 
===== Final Element Force Vector =====
2025-03-17 10:25:44,195 - pre_processing.element_library.element_1D_base - DEBUG - [[      0.       0.       0.       0.       0.       0.       0. -100000.
        0.       0.       0.       0.]]
2025-03-17 10:25:44,195 - pre_processing.element_library.element_1D_base - DEBUG - [[      0.       0.       0.       0.       0.       0.       0. -100000.
        0.       0.       0.       0.]]
2025-03-17 10:25:44,195 - pre_processing.element_library.element_1D_base - DEBUG - [[      0.       0.       0.       0.       0.       0.       0. -100000.
        0.       0.       0.       0.]]
2025-03-17 10:25:44,195 - pre_processing.element_library.element_1D_base - DEBUG - [[      0.       0.       0.       0.       0.       0.       0. -100000.
        0.       0.       0.       0.]]
2025-03-17 10:25:44,195 - pre_processing.element_library.element_1D_base - DEBUG - [[      0.       0.       0.       0.       0.       0.       0. -100000.
        0.       0.       0.       0.]]
2025-03-17 10:25:44,195 - pre_processing.element_library.element_1D_base - DEBUG - [[      0.       0.       0.       0.       0.       0.       0. -100000.
        0.       0.       0.       0.]]
2025-03-17 10:25:44,195 - pre_processing.element_library.element_1D_base - DEBUG - [[      0.       0.       0.       0.       0.       0.       0. -100000.
        0.       0.       0.       0.]]
2025-03-17 10:25:44,195 - pre_processing.element_library.element_1D_base - DEBUG - [[      0.       0.       0.       0.       0.       0.       0. -100000.
        0.       0.       0.       0.]]
2025-03-17 10:25:44,195 - pre_processing.element_library.element_1D_base - DEBUG - [[      0.       0.       0.       0.       0.       0.       0. -100000.
        0.       0.       0.       0.]]
2025-03-17 10:25:44,195 - pre_processing.element_library.element_1D_base - DEBUG - [[      0.       0.       0.       0.       0.       0.       0. -100000.
        0.       0.       0.       0.]]
