Machine Specifications:
   - OS: Windows 11 (10.0.22631)
   - CPU: Intel64 Family 6 Model 151 Stepping 2, GenuineIntel (20 cores)
   - RAM: 31.24 GB
   - Python Version: 3.12.5

Job: job_0001
Timestamp (job start): 2025-03-17_10-25-45
Total Time: 4.06 sec

+-------------------------------+------------+---------------+-------------+-----------+
| Step                          |   Time (s) |   Memory (MB) |   Disk (GB) |   CPU (%) |
+===============================+============+===============+=============+===========+
| Parsing                       | 0.0106275  |       105.805 |     759.669 |         0 |
+-------------------------------+------------+---------------+-------------+-----------+
| Element Instantiation         | 0.00213242 |       105.852 |     759.669 |         0 |
+-------------------------------+------------+---------------+-------------+-----------+
| Element Stiffness Computation | 1.76796    |       106.176 |     759.675 |         0 |
+-------------------------------+------------+---------------+-------------+-----------+
| Element Force Computation     | 0.472125   |       106.195 |     759.676 |         0 |
+-------------------------------+------------+---------------+-------------+-----------+
| Setup Simulation              | 0          |       106.23  |     759.676 |         0 |
+-------------------------------+------------+---------------+-------------+-----------+
| Assemble Global Matrices      | 0.0364301  |       108.371 |     759.676 |         0 |
+-------------------------------+------------+---------------+-------------+-----------+
| Modify Global Matrices        | 0.0446987  |       109     |     759.677 |         0 |
+-------------------------------+------------+---------------+-------------+-----------+
| Solve Linear Static System    | 0.497573   |       124.859 |     759.678 |         0 |
+-------------------------------+------------+---------------+-------------+-----------+
| Compute Primary Results       | 0.00421    |       124.867 |     759.678 |         0 |
+-------------------------------+------------+---------------+-------------+-----------+
| Save Primary Results          | 0.102919   |       124.91  |     759.678 |         0 |
+-------------------------------+------------+---------------+-------------+-----------+

Parallel Jobs: None
Start Memory: 105.70 MB | End Memory: 124.91 MB
Start Disk Usage: 759.67 GB | End Disk Usage: 759.68 GB
Start CPU: 0.00% | End CPU: 0.00%
