
------------------------------------------------------------
### Diagnostics for Global System
Total DOFs: 606
Independent Equations (nonzero rows): 404
Boundary Condition DOFs: None
✅ Matrix is symmetric.
⚠️ K is not positive definite. Possibly singular or indefinite.
🔹 Approx. rank of K: 400/606
🔹 Condition Number: inf
⚠️ Zero rows: [4, 5, 10, 11, 16, 17, 22, 23, 28, 29, 34, 35, 40, 41, 46, 47, 52, 53, 58, 59, 64, 65, 70, 71, 76, 77, 82, 83, 88, 89, 94, 95, 100, 101, 106, 107, 112, 113, 118, 119, 124, 125, 130, 131, 136, 137, 142, 143, 148, 149, 154, 155, 160, 161, 166, 167, 172, 173, 178, 179, 184, 185, 190, 191, 196, 197, 202, 203, 208, 209, 214, 215, 220, 221, 226, 227, 232, 233, 238, 239, 244, 245, 250, 251, 256, 257, 262, 263, 268, 269, 274, 275, 280, 281, 286, 287, 292, 293, 298, 299, 304, 305, 310, 311, 316, 317, 322, 323, 328, 329, 334, 335, 340, 341, 346, 347, 352, 353, 358, 359, 364, 365, 370, 371, 376, 377, 382, 383, 388, 389, 394, 395, 400, 401, 406, 407, 412, 413, 418, 419, 424, 425, 430, 431, 436, 437, 442, 443, 448, 449, 454, 455, 460, 461, 466, 467, 472, 473, 478, 479, 484, 485, 490, 491, 496, 497, 502, 503, 508, 509, 514, 515, 520, 521, 526, 527, 532, 533, 538, 539, 544, 545, 550, 551, 556, 557, 562, 563, 568, 569, 574, 575, 580, 581, 586, 587, 592, 593, 598, 599, 604, 605]
⚠️ Zero columns: [4, 5, 10, 11, 16, 17, 22, 23, 28, 29, 34, 35, 40, 41, 46, 47, 52, 53, 58, 59, 64, 65, 70, 71, 76, 77, 82, 83, 88, 89, 94, 95, 100, 101, 106, 107, 112, 113, 118, 119, 124, 125, 130, 131, 136, 137, 142, 143, 148, 149, 154, 155, 160, 161, 166, 167, 172, 173, 178, 179, 184, 185, 190, 191, 196, 197, 202, 203, 208, 209, 214, 215, 220, 221, 226, 227, 232, 233, 238, 239, 244, 245, 250, 251, 256, 257, 262, 263, 268, 269, 274, 275, 280, 281, 286, 287, 292, 293, 298, 299, 304, 305, 310, 311, 316, 317, 322, 323, 328, 329, 334, 335, 340, 341, 346, 347, 352, 353, 358, 359, 364, 365, 370, 371, 376, 377, 382, 383, 388, 389, 394, 395, 400, 401, 406, 407, 412, 413, 418, 419, 424, 425, 430, 431, 436, 437, 442, 443, 448, 449, 454, 455, 460, 461, 466, 467, 472, 473, 478, 479, 484, 485, 490, 491, 496, 497, 502, 503, 508, 509, 514, 515, 520, 521, 526, 527, 532, 533, 538, 539, 544, 545, 550, 551, 556, 557, 562, 563, 568, 569, 574, 575, 580, 581, 586, 587, 592, 593, 598, 599, 604, 605]
⚠️ DOFs with zero force: [0, 1, 2, 3, 4, 5, 6, 7, 8, 9]...
Min Force = -1.0000e+05, Max Force = 0.0000e+00
Sum of Forces = -1.0000e+05 (⚠️ Nonzero!)
Top DOFs by force magnitude:
  DOF 601, Force = -1.0000e+05
  DOF 592, Force = 0.0000e+00
  DOF 591, Force = 0.0000e+00
  DOF 590, Force = 0.0000e+00
  DOF 589, Force = 0.0000e+00
  DOF 588, Force = 0.0000e+00
  DOF 587, Force = 0.0000e+00
  DOF 586, Force = 0.0000e+00
  DOF 585, Force = 0.0000e+00
  DOF 584, Force = 0.0000e+00


------------------------------------------------------------
### Diagnostics for Modified System
Total DOFs: 606
Independent Equations (nonzero rows): 406
Boundary Condition DOFs: [0, 1, 2, 3, 4, 5]
✅ Matrix is symmetric.
⚠️ K is not positive definite. Possibly singular or indefinite.
🔹 Approx. rank of K: 6/606
🔹 Condition Number: inf
⚠️ Zero rows: [10, 11, 16, 17, 22, 23, 28, 29, 34, 35, 40, 41, 46, 47, 52, 53, 58, 59, 64, 65, 70, 71, 76, 77, 82, 83, 88, 89, 94, 95, 100, 101, 106, 107, 112, 113, 118, 119, 124, 125, 130, 131, 136, 137, 142, 143, 148, 149, 154, 155, 160, 161, 166, 167, 172, 173, 178, 179, 184, 185, 190, 191, 196, 197, 202, 203, 208, 209, 214, 215, 220, 221, 226, 227, 232, 233, 238, 239, 244, 245, 250, 251, 256, 257, 262, 263, 268, 269, 274, 275, 280, 281, 286, 287, 292, 293, 298, 299, 304, 305, 310, 311, 316, 317, 322, 323, 328, 329, 334, 335, 340, 341, 346, 347, 352, 353, 358, 359, 364, 365, 370, 371, 376, 377, 382, 383, 388, 389, 394, 395, 400, 401, 406, 407, 412, 413, 418, 419, 424, 425, 430, 431, 436, 437, 442, 443, 448, 449, 454, 455, 460, 461, 466, 467, 472, 473, 478, 479, 484, 485, 490, 491, 496, 497, 502, 503, 508, 509, 514, 515, 520, 521, 526, 527, 532, 533, 538, 539, 544, 545, 550, 551, 556, 557, 562, 563, 568, 569, 574, 575, 580, 581, 586, 587, 592, 593, 598, 599, 604, 605]
⚠️ Zero columns: [10, 11, 16, 17, 22, 23, 28, 29, 34, 35, 40, 41, 46, 47, 52, 53, 58, 59, 64, 65, 70, 71, 76, 77, 82, 83, 88, 89, 94, 95, 100, 101, 106, 107, 112, 113, 118, 119, 124, 125, 130, 131, 136, 137, 142, 143, 148, 149, 154, 155, 160, 161, 166, 167, 172, 173, 178, 179, 184, 185, 190, 191, 196, 197, 202, 203, 208, 209, 214, 215, 220, 221, 226, 227, 232, 233, 238, 239, 244, 245, 250, 251, 256, 257, 262, 263, 268, 269, 274, 275, 280, 281, 286, 287, 292, 293, 298, 299, 304, 305, 310, 311, 316, 317, 322, 323, 328, 329, 334, 335, 340, 341, 346, 347, 352, 353, 358, 359, 364, 365, 370, 371, 376, 377, 382, 383, 388, 389, 394, 395, 400, 401, 406, 407, 412, 413, 418, 419, 424, 425, 430, 431, 436, 437, 442, 443, 448, 449, 454, 455, 460, 461, 466, 467, 472, 473, 478, 479, 484, 485, 490, 491, 496, 497, 502, 503, 508, 509, 514, 515, 520, 521, 526, 527, 532, 533, 538, 539, 544, 545, 550, 551, 556, 557, 562, 563, 568, 569, 574, 575, 580, 581, 586, 587, 592, 593, 598, 599, 604, 605]
⚠️ DOFs with zero force: [0, 1, 2, 3, 4, 5, 6, 7, 8, 9]...
Min Force = -1.0000e+05, Max Force = 0.0000e+00
Sum of Forces = -1.0000e+05 (⚠️ Nonzero!)
Top DOFs by force magnitude:
  DOF 601, Force = -1.0000e+05
  DOF 592, Force = 0.0000e+00
  DOF 591, Force = 0.0000e+00
  DOF 590, Force = 0.0000e+00
  DOF 589, Force = 0.0000e+00
  DOF 588, Force = 0.0000e+00
  DOF 587, Force = 0.0000e+00
  DOF 586, Force = 0.0000e+00
  DOF 585, Force = 0.0000e+00
  DOF 584, Force = 0.0000e+00


------------------------------------------------------------
### Diagnostics for Condensed System
Total DOFs: 400
Independent Equations (nonzero rows): 400
Boundary Condition DOFs: [6, 7, 8, 9, 12, 13, 14, 15, 18, 19, 20, 21, 24, 25, 26, 27, 30, 31, 32, 33, 36, 37, 38, 39, 42, 43, 44, 45, 48, 49, 50, 51, 54, 55, 56, 57, 60, 61, 62, 63, 66, 67, 68, 69, 72, 73, 74, 75, 78, 79, 80, 81, 84, 85, 86, 87, 90, 91, 92, 93, 96, 97, 98, 99, 102, 103, 104, 105, 108, 109, 110, 111, 114, 115, 116, 117, 120, 121, 122, 123, 126, 127, 128, 129, 132, 133, 134, 135, 138, 139, 140, 141, 144, 145, 146, 147, 150, 151, 152, 153, 156, 157, 158, 159, 162, 163, 164, 165, 168, 169, 170, 171, 174, 175, 176, 177, 180, 181, 182, 183, 186, 187, 188, 189, 192, 193, 194, 195, 198, 199, 200, 201, 204, 205, 206, 207, 210, 211, 212, 213, 216, 217, 218, 219, 222, 223, 224, 225, 228, 229, 230, 231, 234, 235, 236, 237, 240, 241, 242, 243, 246, 247, 248, 249, 252, 253, 254, 255, 258, 259, 260, 261, 264, 265, 266, 267, 270, 271, 272, 273, 276, 277, 278, 279, 282, 283, 284, 285, 288, 289, 290, 291, 294, 295, 296, 297, 300, 301, 302, 303, 306, 307, 308, 309, 312, 313, 314, 315, 318, 319, 320, 321, 324, 325, 326, 327, 330, 331, 332, 333, 336, 337, 338, 339, 342, 343, 344, 345, 348, 349, 350, 351, 354, 355, 356, 357, 360, 361, 362, 363, 366, 367, 368, 369, 372, 373, 374, 375, 378, 379, 380, 381, 384, 385, 386, 387, 390, 391, 392, 393, 396, 397, 398, 399, 402, 403, 404, 405, 408, 409, 410, 411, 414, 415, 416, 417, 420, 421, 422, 423, 426, 427, 428, 429, 432, 433, 434, 435, 438, 439, 440, 441, 444, 445, 446, 447, 450, 451, 452, 453, 456, 457, 458, 459, 462, 463, 464, 465, 468, 469, 470, 471, 474, 475, 476, 477, 480, 481, 482, 483, 486, 487, 488, 489, 492, 493, 494, 495, 498, 499, 500, 501, 504, 505, 506, 507, 510, 511, 512, 513, 516, 517, 518, 519, 522, 523, 524, 525, 528, 529, 530, 531, 534, 535, 536, 537, 540, 541, 542, 543, 546, 547, 548, 549, 552, 553, 554, 555, 558, 559, 560, 561, 564, 565, 566, 567, 570, 571, 572, 573, 576, 577, 578, 579, 582, 583, 584, 585, 588, 589, 590, 591, 594, 595, 596, 597, 600, 601, 602, 603]
✅ Matrix is symmetric.
✅ K is positive definite.
🔹 Approx. rank of K: 400/400
🔹 Condition Number: 5.59e+11
⚠️ DOFs with zero force: [0, 1, 2, 3, 4, 5, 6, 7, 8, 9]...
Min Force = -1.0000e+05, Max Force = 0.0000e+00
Sum of Forces = -1.0000e+05 (⚠️ Nonzero!)
Top DOFs by force magnitude:
  DOF 397, Force = -1.0000e+05
  DOF 399, Force = 0.0000e+00
  DOF 398, Force = 0.0000e+00
  DOF 396, Force = 0.0000e+00
  DOF 395, Force = 0.0000e+00
  DOF 394, Force = 0.0000e+00
  DOF 393, Force = 0.0000e+00
  DOF 392, Force = 0.0000e+00
  DOF 391, Force = 0.0000e+00
  DOF 390, Force = 0.0000e+00

