Machine Specifications:
   - OS: Windows 11 (10.0.22631)
   - CPU: Intel64 Family 6 Model 151 Stepping 2, GenuineIntel (20 cores)
   - RAM: 31.24 GB
   - Python Version: 3.12.5

Job: job_0009
Timestamp (job start): 2025-04-25_14-49-24
Total Time: 2.02 sec

+-------------------------------+------------+---------------+-------------+-----------+
| Step                          |   Time (s) |   Memory (MB) |   Disk (GB) |   CPU (%) |
+===============================+============+===============+=============+===========+
| Parsing                       | 0.009583   |       105.852 |     798.588 |         0 |
+-------------------------------+------------+---------------+-------------+-----------+
| Element Instantiation         | 0          |       105.898 |     798.588 |         0 |
+-------------------------------+------------+---------------+-------------+-----------+
| Element Stiffness Computation | 0.224204   |       106.215 |     798.59  |         0 |
+-------------------------------+------------+---------------+-------------+-----------+
| Element Force Computation     | 0.0832486  |       106.242 |     798.59  |         0 |
+-------------------------------+------------+---------------+-------------+-----------+
| Setup Simulation              | 0          |       106.27  |     798.591 |         0 |
+-------------------------------+------------+---------------+-------------+-----------+
| Assemble Global Matrices      | 0.0218387  |       107.086 |     798.591 |         0 |
+-------------------------------+------------+---------------+-------------+-----------+
| Modify Global Matrices        | 0.021955   |       107.316 |     798.592 |         0 |
+-------------------------------+------------+---------------+-------------+-----------+
| Solve Linear Static System    | 0.44993    |       124.031 |     798.593 |         0 |
+-------------------------------+------------+---------------+-------------+-----------+
| Compute Primary Results       | 0.00266504 |       124.035 |     798.594 |         0 |
+-------------------------------+------------+---------------+-------------+-----------+
| Save Primary Results          | 0.086421   |       124.059 |     798.594 |         0 |
+-------------------------------+------------+---------------+-------------+-----------+

Parallel Jobs: job_0007, job_0008
Start Memory: 105.66 MB | End Memory: 124.06 MB
Start Disk Usage: 798.59 GB | End Disk Usage: 798.59 GB
Start CPU: 0.00% | End CPU: 0.00%
