Machine Specifications:
   - OS: Windows 11 (10.0.22631)
   - CPU: Intel64 Family 6 Model 151 Stepping 2, GenuineIntel (20 cores)
   - RAM: 31.24 GB
   - Python Version: 3.12.5

Job: job_0003
Timestamp (job start): 2025-03-16_22-31-53
Total Time: 4.07 sec

+-------------------------------+------------+---------------+-------------+-----------+
| Step                          |   Time (s) |   Memory (MB) |   Disk (GB) |   CPU (%) |
+===============================+============+===============+=============+===========+
| Parsing                       | 0.00871992 |       105.844 |     759.095 |         0 |
+-------------------------------+------------+---------------+-------------+-----------+
| Element Instantiation         | 0.00341058 |       105.891 |     759.095 |         0 |
+-------------------------------+------------+---------------+-------------+-----------+
| Element Stiffness Computation | 1.82992    |       106.324 |     759.102 |         0 |
+-------------------------------+------------+---------------+-------------+-----------+
| Element Force Computation     | 0.361456   |       106.348 |     759.102 |         0 |
+-------------------------------+------------+---------------+-------------+-----------+
| Setup Simulation              | 0          |       106.383 |     759.103 |         0 |
+-------------------------------+------------+---------------+-------------+-----------+
| Assemble Global Matrices      | 0.0313809  |       108.602 |     759.103 |         0 |
+-------------------------------+------------+---------------+-------------+-----------+
| Modify Global Matrices        | 0.0445292  |       109.301 |     759.104 |         0 |
+-------------------------------+------------+---------------+-------------+-----------+
| Solve Linear Static System    | 0.572228   |       124.188 |     759.104 |         0 |
+-------------------------------+------------+---------------+-------------+-----------+
| Compute Primary Results       | 0.0031929  |       124.195 |     759.104 |         0 |
+-------------------------------+------------+---------------+-------------+-----------+
| Save Primary Results          | 0.086653   |       124.215 |     759.105 |         0 |
+-------------------------------+------------+---------------+-------------+-----------+

Parallel Jobs: None
Start Memory: 105.75 MB | End Memory: 124.21 MB
Start Disk Usage: 759.10 GB | End Disk Usage: 759.10 GB
Start CPU: 0.00% | End CPU: 0.00%
