2025-01-17 14:01:07,064 - INFO - Starting simulation for job: job_0001
2025-01-17 14:01:07,065 - INFO - Successfully parsed geometry properties for job_0001.
2025-01-17 14:01:07,067 - INFO - Successfully parsed mesh for job_0001.
2025-01-17 14:01:07,067 - INFO - Successfully parsed material properties for job_0001.
2025-01-17 14:01:07,068 - INFO - Successfully parsed cross-section properties for job_0001.
2025-01-17 14:01:07,068 - INFO - Using element type: EulerBernoulliBeamElement for job_0001.
2025-01-17 14:01:07,068 - INFO - Solver 'Dynamic' has no assigned solver name. Marking as 'Off'.
2025-01-17 14:01:07,069 - INFO - Solver 'Modal' has no assigned solver name. Marking as 'Off'.
2025-01-17 14:01:07,069 - INFO - Using solver: Direct Solver (Dense) for job_0001.
2025-01-17 14:01:07,069 - INFO - Initializing elements and computing stiffness matrices for job_0001.
2025-01-17 14:01:07,069 - ERROR - Error creating element 0: EulerBernoulliBeamElement.__init__() got an unexpected keyword argument 'geometry_data'
2025-01-17 14:01:07,070 - ERROR - Error creating element 1: EulerBernoulliBeamElement.__init__() got an unexpected keyword argument 'geometry_data'
2025-01-17 14:01:07,070 - ERROR - Error creating element 2: EulerBernoulliBeamElement.__init__() got an unexpected keyword argument 'geometry_data'
2025-01-17 14:01:07,070 - ERROR - Error creating element 3: EulerBernoulliBeamElement.__init__() got an unexpected keyword argument 'geometry_data'
2025-01-17 14:01:07,070 - ERROR - Error creating element 4: EulerBernoulliBeamElement.__init__() got an unexpected keyword argument 'geometry_data'
2025-01-17 14:01:07,071 - ERROR - Error creating element 5: EulerBernoulliBeamElement.__init__() got an unexpected keyword argument 'geometry_data'
2025-01-17 14:01:07,071 - ERROR - Error creating element 6: EulerBernoulliBeamElement.__init__() got an unexpected keyword argument 'geometry_data'
2025-01-17 14:01:07,071 - ERROR - Error creating element 7: EulerBernoulliBeamElement.__init__() got an unexpected keyword argument 'geometry_data'
2025-01-17 14:01:07,071 - ERROR - Error creating element 8: EulerBernoulliBeamElement.__init__() got an unexpected keyword argument 'geometry_data'
2025-01-17 14:01:07,072 - ERROR - Error creating element 9: EulerBernoulliBeamElement.__init__() got an unexpected keyword argument 'geometry_data'
2025-01-17 14:01:07,072 - ERROR - Error creating element 10: EulerBernoulliBeamElement.__init__() got an unexpected keyword argument 'geometry_data'
2025-01-17 14:01:07,072 - ERROR - Error creating element 11: EulerBernoulliBeamElement.__init__() got an unexpected keyword argument 'geometry_data'
2025-01-17 14:01:07,072 - ERROR - Error creating element 12: EulerBernoulliBeamElement.__init__() got an unexpected keyword argument 'geometry_data'
2025-01-17 14:01:07,073 - ERROR - Error creating element 13: EulerBernoulliBeamElement.__init__() got an unexpected keyword argument 'geometry_data'
2025-01-17 14:01:07,073 - ERROR - Error creating element 14: EulerBernoulliBeamElement.__init__() got an unexpected keyword argument 'geometry_data'
2025-01-17 14:01:07,073 - ERROR - Error creating element 15: EulerBernoulliBeamElement.__init__() got an unexpected keyword argument 'geometry_data'
2025-01-17 14:01:07,074 - ERROR - Error creating element 16: EulerBernoulliBeamElement.__init__() got an unexpected keyword argument 'geometry_data'
2025-01-17 14:01:07,075 - ERROR - Error creating element 17: EulerBernoulliBeamElement.__init__() got an unexpected keyword argument 'geometry_data'
2025-01-17 14:01:07,075 - ERROR - Error creating element 18: EulerBernoulliBeamElement.__init__() got an unexpected keyword argument 'geometry_data'
2025-01-17 14:01:07,076 - ERROR - Error creating element 19: EulerBernoulliBeamElement.__init__() got an unexpected keyword argument 'geometry_data'
2025-01-17 14:01:07,076 - ERROR - Error creating element 20: EulerBernoulliBeamElement.__init__() got an unexpected keyword argument 'geometry_data'
2025-01-17 14:01:07,076 - ERROR - Error creating element 21: EulerBernoulliBeamElement.__init__() got an unexpected keyword argument 'geometry_data'
2025-01-17 14:01:07,077 - ERROR - Error creating element 22: EulerBernoulliBeamElement.__init__() got an unexpected keyword argument 'geometry_data'
2025-01-17 14:01:07,077 - ERROR - Error creating element 23: EulerBernoulliBeamElement.__init__() got an unexpected keyword argument 'geometry_data'
2025-01-17 14:01:07,078 - ERROR - Error creating element 24: EulerBernoulliBeamElement.__init__() got an unexpected keyword argument 'geometry_data'
2025-01-17 14:01:07,078 - ERROR - Error creating element 25: EulerBernoulliBeamElement.__init__() got an unexpected keyword argument 'geometry_data'
2025-01-17 14:01:07,078 - ERROR - Error creating element 26: EulerBernoulliBeamElement.__init__() got an unexpected keyword argument 'geometry_data'
2025-01-17 14:01:07,079 - ERROR - Error creating element 27: EulerBernoulliBeamElement.__init__() got an unexpected keyword argument 'geometry_data'
2025-01-17 14:01:07,079 - ERROR - Error creating element 28: EulerBernoulliBeamElement.__init__() got an unexpected keyword argument 'geometry_data'
2025-01-17 14:01:07,079 - ERROR - Error creating element 29: EulerBernoulliBeamElement.__init__() got an unexpected keyword argument 'geometry_data'
2025-01-17 14:01:07,079 - ERROR - Error creating element 30: EulerBernoulliBeamElement.__init__() got an unexpected keyword argument 'geometry_data'
2025-01-17 14:01:07,080 - ERROR - Error creating element 31: EulerBernoulliBeamElement.__init__() got an unexpected keyword argument 'geometry_data'
2025-01-17 14:01:07,080 - ERROR - Error creating element 32: EulerBernoulliBeamElement.__init__() got an unexpected keyword argument 'geometry_data'
2025-01-17 14:01:07,081 - ERROR - Error creating element 33: EulerBernoulliBeamElement.__init__() got an unexpected keyword argument 'geometry_data'
2025-01-17 14:01:07,081 - ERROR - Error creating element 34: EulerBernoulliBeamElement.__init__() got an unexpected keyword argument 'geometry_data'
2025-01-17 14:01:07,081 - ERROR - Error creating element 35: EulerBernoulliBeamElement.__init__() got an unexpected keyword argument 'geometry_data'
2025-01-17 14:01:07,082 - ERROR - Error creating element 36: EulerBernoulliBeamElement.__init__() got an unexpected keyword argument 'geometry_data'
2025-01-17 14:01:07,082 - ERROR - Error creating element 37: EulerBernoulliBeamElement.__init__() got an unexpected keyword argument 'geometry_data'
2025-01-17 14:01:07,082 - ERROR - Error creating element 38: EulerBernoulliBeamElement.__init__() got an unexpected keyword argument 'geometry_data'
2025-01-17 14:01:07,082 - ERROR - Error creating element 39: EulerBernoulliBeamElement.__init__() got an unexpected keyword argument 'geometry_data'
2025-01-17 14:01:07,083 - ERROR - Error creating element 40: EulerBernoulliBeamElement.__init__() got an unexpected keyword argument 'geometry_data'
2025-01-17 14:01:07,083 - ERROR - Error creating element 41: EulerBernoulliBeamElement.__init__() got an unexpected keyword argument 'geometry_data'
2025-01-17 14:01:07,083 - ERROR - Error creating element 42: EulerBernoulliBeamElement.__init__() got an unexpected keyword argument 'geometry_data'
2025-01-17 14:01:07,083 - ERROR - Error creating element 43: EulerBernoulliBeamElement.__init__() got an unexpected keyword argument 'geometry_data'
2025-01-17 14:01:07,084 - ERROR - Error creating element 44: EulerBernoulliBeamElement.__init__() got an unexpected keyword argument 'geometry_data'
2025-01-17 14:01:07,084 - ERROR - Error creating element 45: EulerBernoulliBeamElement.__init__() got an unexpected keyword argument 'geometry_data'
2025-01-17 14:01:07,084 - ERROR - Error creating element 46: EulerBernoulliBeamElement.__init__() got an unexpected keyword argument 'geometry_data'
2025-01-17 14:01:07,084 - ERROR - Error creating element 47: EulerBernoulliBeamElement.__init__() got an unexpected keyword argument 'geometry_data'
2025-01-17 14:01:07,085 - ERROR - Error creating element 48: EulerBernoulliBeamElement.__init__() got an unexpected keyword argument 'geometry_data'
2025-01-17 14:01:07,085 - ERROR - Error creating element 49: EulerBernoulliBeamElement.__init__() got an unexpected keyword argument 'geometry_data'
2025-01-17 14:01:07,085 - ERROR - Error creating element 50: EulerBernoulliBeamElement.__init__() got an unexpected keyword argument 'geometry_data'
2025-01-17 14:01:07,085 - ERROR - Error creating element 51: EulerBernoulliBeamElement.__init__() got an unexpected keyword argument 'geometry_data'
2025-01-17 14:01:07,086 - ERROR - Error creating element 52: EulerBernoulliBeamElement.__init__() got an unexpected keyword argument 'geometry_data'
2025-01-17 14:01:07,086 - ERROR - Error creating element 53: EulerBernoulliBeamElement.__init__() got an unexpected keyword argument 'geometry_data'
2025-01-17 14:01:07,086 - ERROR - Error creating element 54: EulerBernoulliBeamElement.__init__() got an unexpected keyword argument 'geometry_data'
2025-01-17 14:01:07,087 - ERROR - Error creating element 55: EulerBernoulliBeamElement.__init__() got an unexpected keyword argument 'geometry_data'
2025-01-17 14:01:07,087 - ERROR - Error creating element 56: EulerBernoulliBeamElement.__init__() got an unexpected keyword argument 'geometry_data'
2025-01-17 14:01:07,087 - ERROR - Error creating element 57: EulerBernoulliBeamElement.__init__() got an unexpected keyword argument 'geometry_data'
2025-01-17 14:01:07,087 - ERROR - Error creating element 58: EulerBernoulliBeamElement.__init__() got an unexpected keyword argument 'geometry_data'
2025-01-17 14:01:07,087 - ERROR - Error creating element 59: EulerBernoulliBeamElement.__init__() got an unexpected keyword argument 'geometry_data'
2025-01-17 14:01:07,088 - ERROR - Error creating element 60: EulerBernoulliBeamElement.__init__() got an unexpected keyword argument 'geometry_data'
2025-01-17 14:01:07,088 - ERROR - Error creating element 61: EulerBernoulliBeamElement.__init__() got an unexpected keyword argument 'geometry_data'
2025-01-17 14:01:07,088 - ERROR - Error creating element 62: EulerBernoulliBeamElement.__init__() got an unexpected keyword argument 'geometry_data'
2025-01-17 14:01:07,088 - ERROR - Error creating element 63: EulerBernoulliBeamElement.__init__() got an unexpected keyword argument 'geometry_data'
2025-01-17 14:01:07,088 - ERROR - Error creating element 64: EulerBernoulliBeamElement.__init__() got an unexpected keyword argument 'geometry_data'
2025-01-17 14:01:07,089 - ERROR - Error creating element 65: EulerBernoulliBeamElement.__init__() got an unexpected keyword argument 'geometry_data'
2025-01-17 14:01:07,089 - ERROR - Error creating element 66: EulerBernoulliBeamElement.__init__() got an unexpected keyword argument 'geometry_data'
2025-01-17 14:01:07,089 - ERROR - Error creating element 67: EulerBernoulliBeamElement.__init__() got an unexpected keyword argument 'geometry_data'
2025-01-17 14:01:07,089 - ERROR - Error creating element 68: EulerBernoulliBeamElement.__init__() got an unexpected keyword argument 'geometry_data'
2025-01-17 14:01:07,089 - ERROR - Error creating element 69: EulerBernoulliBeamElement.__init__() got an unexpected keyword argument 'geometry_data'
2025-01-17 14:01:07,090 - ERROR - Error creating element 70: EulerBernoulliBeamElement.__init__() got an unexpected keyword argument 'geometry_data'
2025-01-17 14:01:07,090 - ERROR - Error creating element 71: EulerBernoulliBeamElement.__init__() got an unexpected keyword argument 'geometry_data'
2025-01-17 14:01:07,090 - ERROR - Error creating element 72: EulerBernoulliBeamElement.__init__() got an unexpected keyword argument 'geometry_data'
2025-01-17 14:01:07,091 - ERROR - Error creating element 73: EulerBernoulliBeamElement.__init__() got an unexpected keyword argument 'geometry_data'
2025-01-17 14:01:07,091 - ERROR - Error creating element 74: EulerBernoulliBeamElement.__init__() got an unexpected keyword argument 'geometry_data'
2025-01-17 14:01:07,091 - ERROR - Error creating element 75: EulerBernoulliBeamElement.__init__() got an unexpected keyword argument 'geometry_data'
2025-01-17 14:01:07,091 - ERROR - Error creating element 76: EulerBernoulliBeamElement.__init__() got an unexpected keyword argument 'geometry_data'
2025-01-17 14:01:07,092 - ERROR - Error creating element 77: EulerBernoulliBeamElement.__init__() got an unexpected keyword argument 'geometry_data'
2025-01-17 14:01:07,092 - ERROR - Error creating element 78: EulerBernoulliBeamElement.__init__() got an unexpected keyword argument 'geometry_data'
2025-01-17 14:01:07,092 - ERROR - Error creating element 79: EulerBernoulliBeamElement.__init__() got an unexpected keyword argument 'geometry_data'
2025-01-17 14:01:07,092 - ERROR - Error creating element 80: EulerBernoulliBeamElement.__init__() got an unexpected keyword argument 'geometry_data'
2025-01-17 14:01:07,093 - ERROR - Error creating element 81: EulerBernoulliBeamElement.__init__() got an unexpected keyword argument 'geometry_data'
2025-01-17 14:01:07,093 - ERROR - Error creating element 82: EulerBernoulliBeamElement.__init__() got an unexpected keyword argument 'geometry_data'
2025-01-17 14:01:07,093 - ERROR - Error creating element 83: EulerBernoulliBeamElement.__init__() got an unexpected keyword argument 'geometry_data'
2025-01-17 14:01:07,093 - ERROR - Error creating element 84: EulerBernoulliBeamElement.__init__() got an unexpected keyword argument 'geometry_data'
2025-01-17 14:01:07,093 - ERROR - Error creating element 85: EulerBernoulliBeamElement.__init__() got an unexpected keyword argument 'geometry_data'
2025-01-17 14:01:07,094 - ERROR - Error creating element 86: EulerBernoulliBeamElement.__init__() got an unexpected keyword argument 'geometry_data'
2025-01-17 14:01:07,094 - ERROR - Error creating element 87: EulerBernoulliBeamElement.__init__() got an unexpected keyword argument 'geometry_data'
2025-01-17 14:01:07,094 - ERROR - Error creating element 88: EulerBernoulliBeamElement.__init__() got an unexpected keyword argument 'geometry_data'
2025-01-17 14:01:07,094 - ERROR - Error creating element 89: EulerBernoulliBeamElement.__init__() got an unexpected keyword argument 'geometry_data'
2025-01-17 14:01:07,095 - ERROR - Error creating element 90: EulerBernoulliBeamElement.__init__() got an unexpected keyword argument 'geometry_data'
2025-01-17 14:01:07,096 - ERROR - Error creating element 91: EulerBernoulliBeamElement.__init__() got an unexpected keyword argument 'geometry_data'
2025-01-17 14:01:07,096 - ERROR - Error creating element 92: EulerBernoulliBeamElement.__init__() got an unexpected keyword argument 'geometry_data'
2025-01-17 14:01:07,097 - ERROR - Error creating element 93: EulerBernoulliBeamElement.__init__() got an unexpected keyword argument 'geometry_data'
2025-01-17 14:01:07,097 - ERROR - Error creating element 94: EulerBernoulliBeamElement.__init__() got an unexpected keyword argument 'geometry_data'
2025-01-17 14:01:07,097 - ERROR - Error creating element 95: EulerBernoulliBeamElement.__init__() got an unexpected keyword argument 'geometry_data'
2025-01-17 14:01:07,098 - ERROR - Error creating element 96: EulerBernoulliBeamElement.__init__() got an unexpected keyword argument 'geometry_data'
2025-01-17 14:01:07,098 - ERROR - Error creating element 97: EulerBernoulliBeamElement.__init__() got an unexpected keyword argument 'geometry_data'
2025-01-17 14:01:07,099 - ERROR - Error creating element 98: EulerBernoulliBeamElement.__init__() got an unexpected keyword argument 'geometry_data'
2025-01-17 14:01:07,099 - INFO - Setting up static simulation for job: job_0001...
2025-01-17 14:01:07,100 - INFO - Running static simulation for job: job_0001...
2025-01-17 14:01:07,100 - INFO - Calling `assemble_global_matrices()` to build K_global and F_global.
2025-01-17 14:01:07,101 - INFO - Assembling global system for static analysis.
2025-01-17 14:01:07,101 - INFO - Global system assembly complete for static analysis.
2025-01-17 14:01:07,102 - INFO - Identified constrained DOFs: []
2025-01-17 14:01:07,102 - INFO - Applying boundary conditions for static analysis.
2025-01-17 14:01:07,104 - INFO - Boundary conditions applied for static analysis.
2025-01-17 14:01:07,105 - INFO - Solving system using `Direct Solver (Dense)` solver...
2025-01-17 14:01:07,107 - ERROR - Error during static analysis of job_0001: could not convert string to float: np.str_('K_mod')
2025-01-17 14:01:07,107 - ERROR - Unexpected error in job job_0001: could not convert string to float: np.str_('K_mod')
2025-01-17 14:04:59,586 - INFO - Starting simulation for job: job_0001
2025-01-17 14:04:59,587 - INFO - Successfully parsed geometry properties for job_0001.
2025-01-17 14:04:59,590 - INFO - Successfully parsed mesh for job_0001.
2025-01-17 14:04:59,590 - INFO - Successfully parsed material properties for job_0001.
2025-01-17 14:04:59,590 - INFO - Successfully parsed cross-section properties for job_0001.
2025-01-17 14:04:59,591 - INFO - Using element type: EulerBernoulliBeamElement for job_0001.
2025-01-17 14:04:59,592 - INFO - Solver 'Dynamic' has no assigned solver name. Marking as 'Off'.
2025-01-17 14:04:59,592 - INFO - Solver 'Modal' has no assigned solver name. Marking as 'Off'.
2025-01-17 14:04:59,592 - INFO - Using solver: Direct Solver (Dense) for job_0001.
2025-01-17 14:04:59,593 - INFO - Initializing elements and computing stiffness matrices for job_0001.
2025-01-17 14:04:59,593 - ERROR - Error creating element 0: EulerBernoulliBeamElement.__init__() got an unexpected keyword argument 'geometry_data'
2025-01-17 14:04:59,593 - ERROR - Error creating element 1: EulerBernoulliBeamElement.__init__() got an unexpected keyword argument 'geometry_data'
2025-01-17 14:04:59,594 - ERROR - Error creating element 2: EulerBernoulliBeamElement.__init__() got an unexpected keyword argument 'geometry_data'
2025-01-17 14:04:59,594 - ERROR - Error creating element 3: EulerBernoulliBeamElement.__init__() got an unexpected keyword argument 'geometry_data'
2025-01-17 14:04:59,594 - ERROR - Error creating element 4: EulerBernoulliBeamElement.__init__() got an unexpected keyword argument 'geometry_data'
2025-01-17 14:04:59,594 - ERROR - Error creating element 5: EulerBernoulliBeamElement.__init__() got an unexpected keyword argument 'geometry_data'
2025-01-17 14:04:59,595 - ERROR - Error creating element 6: EulerBernoulliBeamElement.__init__() got an unexpected keyword argument 'geometry_data'
2025-01-17 14:04:59,595 - ERROR - Error creating element 7: EulerBernoulliBeamElement.__init__() got an unexpected keyword argument 'geometry_data'
2025-01-17 14:04:59,596 - ERROR - Error creating element 8: EulerBernoulliBeamElement.__init__() got an unexpected keyword argument 'geometry_data'
2025-01-17 14:04:59,596 - ERROR - Error creating element 9: EulerBernoulliBeamElement.__init__() got an unexpected keyword argument 'geometry_data'
2025-01-17 14:04:59,596 - ERROR - Error creating element 10: EulerBernoulliBeamElement.__init__() got an unexpected keyword argument 'geometry_data'
2025-01-17 14:04:59,596 - ERROR - Error creating element 11: EulerBernoulliBeamElement.__init__() got an unexpected keyword argument 'geometry_data'
2025-01-17 14:04:59,597 - ERROR - Error creating element 12: EulerBernoulliBeamElement.__init__() got an unexpected keyword argument 'geometry_data'
2025-01-17 14:04:59,597 - ERROR - Error creating element 13: EulerBernoulliBeamElement.__init__() got an unexpected keyword argument 'geometry_data'
2025-01-17 14:04:59,597 - ERROR - Error creating element 14: EulerBernoulliBeamElement.__init__() got an unexpected keyword argument 'geometry_data'
2025-01-17 14:04:59,598 - ERROR - Error creating element 15: EulerBernoulliBeamElement.__init__() got an unexpected keyword argument 'geometry_data'
2025-01-17 14:04:59,598 - ERROR - Error creating element 16: EulerBernoulliBeamElement.__init__() got an unexpected keyword argument 'geometry_data'
2025-01-17 14:04:59,598 - ERROR - Error creating element 17: EulerBernoulliBeamElement.__init__() got an unexpected keyword argument 'geometry_data'
2025-01-17 14:04:59,598 - ERROR - Error creating element 18: EulerBernoulliBeamElement.__init__() got an unexpected keyword argument 'geometry_data'
2025-01-17 14:04:59,599 - ERROR - Error creating element 19: EulerBernoulliBeamElement.__init__() got an unexpected keyword argument 'geometry_data'
2025-01-17 14:04:59,600 - ERROR - Error creating element 20: EulerBernoulliBeamElement.__init__() got an unexpected keyword argument 'geometry_data'
2025-01-17 14:04:59,600 - ERROR - Error creating element 21: EulerBernoulliBeamElement.__init__() got an unexpected keyword argument 'geometry_data'
2025-01-17 14:04:59,601 - ERROR - Error creating element 22: EulerBernoulliBeamElement.__init__() got an unexpected keyword argument 'geometry_data'
2025-01-17 14:04:59,601 - ERROR - Error creating element 23: EulerBernoulliBeamElement.__init__() got an unexpected keyword argument 'geometry_data'
2025-01-17 14:04:59,601 - ERROR - Error creating element 24: EulerBernoulliBeamElement.__init__() got an unexpected keyword argument 'geometry_data'
2025-01-17 14:04:59,601 - ERROR - Error creating element 25: EulerBernoulliBeamElement.__init__() got an unexpected keyword argument 'geometry_data'
2025-01-17 14:04:59,601 - ERROR - Error creating element 26: EulerBernoulliBeamElement.__init__() got an unexpected keyword argument 'geometry_data'
2025-01-17 14:04:59,601 - ERROR - Error creating element 27: EulerBernoulliBeamElement.__init__() got an unexpected keyword argument 'geometry_data'
2025-01-17 14:04:59,602 - ERROR - Error creating element 28: EulerBernoulliBeamElement.__init__() got an unexpected keyword argument 'geometry_data'
2025-01-17 14:04:59,602 - ERROR - Error creating element 29: EulerBernoulliBeamElement.__init__() got an unexpected keyword argument 'geometry_data'
2025-01-17 14:04:59,602 - ERROR - Error creating element 30: EulerBernoulliBeamElement.__init__() got an unexpected keyword argument 'geometry_data'
2025-01-17 14:04:59,602 - ERROR - Error creating element 31: EulerBernoulliBeamElement.__init__() got an unexpected keyword argument 'geometry_data'
2025-01-17 14:04:59,603 - ERROR - Error creating element 32: EulerBernoulliBeamElement.__init__() got an unexpected keyword argument 'geometry_data'
2025-01-17 14:04:59,603 - ERROR - Error creating element 33: EulerBernoulliBeamElement.__init__() got an unexpected keyword argument 'geometry_data'
2025-01-17 14:04:59,604 - ERROR - Error creating element 34: EulerBernoulliBeamElement.__init__() got an unexpected keyword argument 'geometry_data'
2025-01-17 14:04:59,604 - ERROR - Error creating element 35: EulerBernoulliBeamElement.__init__() got an unexpected keyword argument 'geometry_data'
2025-01-17 14:04:59,604 - ERROR - Error creating element 36: EulerBernoulliBeamElement.__init__() got an unexpected keyword argument 'geometry_data'
2025-01-17 14:04:59,605 - ERROR - Error creating element 37: EulerBernoulliBeamElement.__init__() got an unexpected keyword argument 'geometry_data'
2025-01-17 14:04:59,605 - ERROR - Error creating element 38: EulerBernoulliBeamElement.__init__() got an unexpected keyword argument 'geometry_data'
2025-01-17 14:04:59,606 - ERROR - Error creating element 39: EulerBernoulliBeamElement.__init__() got an unexpected keyword argument 'geometry_data'
2025-01-17 14:04:59,606 - ERROR - Error creating element 40: EulerBernoulliBeamElement.__init__() got an unexpected keyword argument 'geometry_data'
2025-01-17 14:04:59,606 - ERROR - Error creating element 41: EulerBernoulliBeamElement.__init__() got an unexpected keyword argument 'geometry_data'
2025-01-17 14:04:59,607 - ERROR - Error creating element 42: EulerBernoulliBeamElement.__init__() got an unexpected keyword argument 'geometry_data'
2025-01-17 14:04:59,607 - ERROR - Error creating element 43: EulerBernoulliBeamElement.__init__() got an unexpected keyword argument 'geometry_data'
2025-01-17 14:04:59,607 - ERROR - Error creating element 44: EulerBernoulliBeamElement.__init__() got an unexpected keyword argument 'geometry_data'
2025-01-17 14:04:59,608 - ERROR - Error creating element 45: EulerBernoulliBeamElement.__init__() got an unexpected keyword argument 'geometry_data'
2025-01-17 14:04:59,608 - ERROR - Error creating element 46: EulerBernoulliBeamElement.__init__() got an unexpected keyword argument 'geometry_data'
2025-01-17 14:04:59,609 - ERROR - Error creating element 47: EulerBernoulliBeamElement.__init__() got an unexpected keyword argument 'geometry_data'
2025-01-17 14:04:59,609 - ERROR - Error creating element 48: EulerBernoulliBeamElement.__init__() got an unexpected keyword argument 'geometry_data'
2025-01-17 14:04:59,609 - ERROR - Error creating element 49: EulerBernoulliBeamElement.__init__() got an unexpected keyword argument 'geometry_data'
2025-01-17 14:04:59,610 - ERROR - Error creating element 50: EulerBernoulliBeamElement.__init__() got an unexpected keyword argument 'geometry_data'
2025-01-17 14:04:59,610 - ERROR - Error creating element 51: EulerBernoulliBeamElement.__init__() got an unexpected keyword argument 'geometry_data'
2025-01-17 14:04:59,610 - ERROR - Error creating element 52: EulerBernoulliBeamElement.__init__() got an unexpected keyword argument 'geometry_data'
2025-01-17 14:04:59,611 - ERROR - Error creating element 53: EulerBernoulliBeamElement.__init__() got an unexpected keyword argument 'geometry_data'
2025-01-17 14:04:59,611 - ERROR - Error creating element 54: EulerBernoulliBeamElement.__init__() got an unexpected keyword argument 'geometry_data'
2025-01-17 14:04:59,611 - ERROR - Error creating element 55: EulerBernoulliBeamElement.__init__() got an unexpected keyword argument 'geometry_data'
2025-01-17 14:04:59,612 - ERROR - Error creating element 56: EulerBernoulliBeamElement.__init__() got an unexpected keyword argument 'geometry_data'
2025-01-17 14:04:59,612 - ERROR - Error creating element 57: EulerBernoulliBeamElement.__init__() got an unexpected keyword argument 'geometry_data'
2025-01-17 14:04:59,612 - ERROR - Error creating element 58: EulerBernoulliBeamElement.__init__() got an unexpected keyword argument 'geometry_data'
2025-01-17 14:04:59,613 - ERROR - Error creating element 59: EulerBernoulliBeamElement.__init__() got an unexpected keyword argument 'geometry_data'
2025-01-17 14:04:59,613 - ERROR - Error creating element 60: EulerBernoulliBeamElement.__init__() got an unexpected keyword argument 'geometry_data'
2025-01-17 14:04:59,613 - ERROR - Error creating element 61: EulerBernoulliBeamElement.__init__() got an unexpected keyword argument 'geometry_data'
2025-01-17 14:04:59,614 - ERROR - Error creating element 62: EulerBernoulliBeamElement.__init__() got an unexpected keyword argument 'geometry_data'
2025-01-17 14:04:59,614 - ERROR - Error creating element 63: EulerBernoulliBeamElement.__init__() got an unexpected keyword argument 'geometry_data'
2025-01-17 14:04:59,616 - ERROR - Error creating element 64: EulerBernoulliBeamElement.__init__() got an unexpected keyword argument 'geometry_data'
2025-01-17 14:04:59,617 - ERROR - Error creating element 65: EulerBernoulliBeamElement.__init__() got an unexpected keyword argument 'geometry_data'
2025-01-17 14:04:59,617 - ERROR - Error creating element 66: EulerBernoulliBeamElement.__init__() got an unexpected keyword argument 'geometry_data'
2025-01-17 14:04:59,617 - ERROR - Error creating element 67: EulerBernoulliBeamElement.__init__() got an unexpected keyword argument 'geometry_data'
2025-01-17 14:04:59,618 - ERROR - Error creating element 68: EulerBernoulliBeamElement.__init__() got an unexpected keyword argument 'geometry_data'
2025-01-17 14:04:59,618 - ERROR - Error creating element 69: EulerBernoulliBeamElement.__init__() got an unexpected keyword argument 'geometry_data'
2025-01-17 14:04:59,618 - ERROR - Error creating element 70: EulerBernoulliBeamElement.__init__() got an unexpected keyword argument 'geometry_data'
2025-01-17 14:04:59,619 - ERROR - Error creating element 71: EulerBernoulliBeamElement.__init__() got an unexpected keyword argument 'geometry_data'
2025-01-17 14:04:59,619 - ERROR - Error creating element 72: EulerBernoulliBeamElement.__init__() got an unexpected keyword argument 'geometry_data'
2025-01-17 14:04:59,619 - ERROR - Error creating element 73: EulerBernoulliBeamElement.__init__() got an unexpected keyword argument 'geometry_data'
2025-01-17 14:04:59,620 - ERROR - Error creating element 74: EulerBernoulliBeamElement.__init__() got an unexpected keyword argument 'geometry_data'
2025-01-17 14:04:59,620 - ERROR - Error creating element 75: EulerBernoulliBeamElement.__init__() got an unexpected keyword argument 'geometry_data'
2025-01-17 14:04:59,621 - ERROR - Error creating element 76: EulerBernoulliBeamElement.__init__() got an unexpected keyword argument 'geometry_data'
2025-01-17 14:04:59,621 - ERROR - Error creating element 77: EulerBernoulliBeamElement.__init__() got an unexpected keyword argument 'geometry_data'
2025-01-17 14:04:59,622 - ERROR - Error creating element 78: EulerBernoulliBeamElement.__init__() got an unexpected keyword argument 'geometry_data'
2025-01-17 14:04:59,622 - ERROR - Error creating element 79: EulerBernoulliBeamElement.__init__() got an unexpected keyword argument 'geometry_data'
2025-01-17 14:04:59,623 - ERROR - Error creating element 80: EulerBernoulliBeamElement.__init__() got an unexpected keyword argument 'geometry_data'
2025-01-17 14:04:59,623 - ERROR - Error creating element 81: EulerBernoulliBeamElement.__init__() got an unexpected keyword argument 'geometry_data'
2025-01-17 14:04:59,624 - ERROR - Error creating element 82: EulerBernoulliBeamElement.__init__() got an unexpected keyword argument 'geometry_data'
2025-01-17 14:04:59,624 - ERROR - Error creating element 83: EulerBernoulliBeamElement.__init__() got an unexpected keyword argument 'geometry_data'
2025-01-17 14:04:59,624 - ERROR - Error creating element 84: EulerBernoulliBeamElement.__init__() got an unexpected keyword argument 'geometry_data'
2025-01-17 14:04:59,625 - ERROR - Error creating element 85: EulerBernoulliBeamElement.__init__() got an unexpected keyword argument 'geometry_data'
2025-01-17 14:04:59,625 - ERROR - Error creating element 86: EulerBernoulliBeamElement.__init__() got an unexpected keyword argument 'geometry_data'
2025-01-17 14:04:59,626 - ERROR - Error creating element 87: EulerBernoulliBeamElement.__init__() got an unexpected keyword argument 'geometry_data'
2025-01-17 14:04:59,626 - ERROR - Error creating element 88: EulerBernoulliBeamElement.__init__() got an unexpected keyword argument 'geometry_data'
2025-01-17 14:04:59,627 - ERROR - Error creating element 89: EulerBernoulliBeamElement.__init__() got an unexpected keyword argument 'geometry_data'
2025-01-17 14:04:59,627 - ERROR - Error creating element 90: EulerBernoulliBeamElement.__init__() got an unexpected keyword argument 'geometry_data'
2025-01-17 14:04:59,628 - ERROR - Error creating element 91: EulerBernoulliBeamElement.__init__() got an unexpected keyword argument 'geometry_data'
2025-01-17 14:04:59,628 - ERROR - Error creating element 92: EulerBernoulliBeamElement.__init__() got an unexpected keyword argument 'geometry_data'
2025-01-17 14:04:59,629 - ERROR - Error creating element 93: EulerBernoulliBeamElement.__init__() got an unexpected keyword argument 'geometry_data'
2025-01-17 14:04:59,632 - ERROR - Error creating element 94: EulerBernoulliBeamElement.__init__() got an unexpected keyword argument 'geometry_data'
2025-01-17 14:04:59,632 - ERROR - Error creating element 95: EulerBernoulliBeamElement.__init__() got an unexpected keyword argument 'geometry_data'
2025-01-17 14:04:59,633 - ERROR - Error creating element 96: EulerBernoulliBeamElement.__init__() got an unexpected keyword argument 'geometry_data'
2025-01-17 14:04:59,634 - ERROR - Error creating element 97: EulerBernoulliBeamElement.__init__() got an unexpected keyword argument 'geometry_data'
2025-01-17 14:04:59,634 - ERROR - Error creating element 98: EulerBernoulliBeamElement.__init__() got an unexpected keyword argument 'geometry_data'
2025-01-17 14:04:59,635 - INFO - Setting up static simulation for job: job_0001...
2025-01-17 14:04:59,636 - INFO - Running static simulation for job: job_0001...
2025-01-17 14:04:59,636 - INFO - Calling `assemble_global_matrices()` to build K_global and F_global.
2025-01-17 14:04:59,637 - INFO - Assembling global system for static analysis.
2025-01-17 14:04:59,637 - INFO - Global system assembly complete for static analysis.
2025-01-17 14:04:59,638 - INFO - Identified constrained DOFs: []
2025-01-17 14:04:59,638 - INFO - Applying boundary conditions for static analysis.
2025-01-17 14:04:59,640 - INFO - Boundary conditions applied for static analysis.
2025-01-17 14:04:59,640 - INFO - Solving system using `Direct Solver (Dense)` solver...
2025-01-17 14:04:59,641 - ERROR - Error during static analysis of job_0001: could not convert string to float: 'K_mod'
2025-01-17 14:04:59,641 - ERROR - Unexpected error in job job_0001: could not convert string to float: 'K_mod'
