2025-04-07 13:53:54,140 - processing.static.boundary_conditions - INFO - 🔧 Applying fixed boundary conditions...
2025-04-07 13:53:54,141 - processing.static.boundary_conditions - INFO - 🔍 Fixed DOFs: [0 1 2 3 4 5]

🔍 Original K_global Matrix:
            0           1           2           3           4           5           6           7           8           9           10          11          12          13          14          15          16          17          18          19          20          21          22          23
0   2.7330e+08  0.0000e+00  0.0000e+00  0.0000e+00  0.0000e+00  0.0000e+00 -2.7330e+08  0.0000e+00  0.0000e+00  0.0000e+00  0.0000e+00  0.0000e+00  0.0000e+00  0.0000e+00  0.0000e+00  0.0000e+00  0.0000e+00  0.0000e+00  0.0000e+00  0.0000e+00  0.0000e+00  0.0000e+00  0.0000e+00  0.0000e+00
1   0.0000e+00  9.0901e+14  0.0000e+00  0.0000e+00  0.0000e+00  1.7315e+14  0.0000e+00 -9.0901e+14  0.0000e+00  0.0000e+00  0.0000e+00  1.2986e+14  0.0000e+00  0.0000e+00  0.0000e+00  0.0000e+00  0.0000e+00  0.0000e+00  0.0000e+00  0.0000e+00  0.0000e+00  0.0000e+00  0.0000e+00  0.0000e+00
2   0.0000e+00  0.0000e+00  9.1083e+14  0.0000e+00 -1.7349e+14  0.0000e+00  0.0000e+00  0.0000e+00 -9.1083e+14  0.0000e+00 -1.3012e+14  0.0000e+00  0.0000e+00  0.0000e+00  0.0000e+00  0.0000e+00  0.0000e+00  0.0000e+00  0.0000e+00  0.0000e+00  0.0000e+00  0.0000e+00  0.0000e+00  0.0000e+00
3   0.0000e+00  0.0000e+00  0.0000e+00  3.8238e+08  0.0000e+00  0.0000e+00  0.0000e+00  0.0000e+00  0.0000e+00 -3.8238e+08  0.0000e+00  0.0000e+00  0.0000e+00  0.0000e+00  0.0000e+00  0.0000e+00  0.0000e+00  0.0000e+00  0.0000e+00  0.0000e+00  0.0000e+00  0.0000e+00  0.0000e+00  0.0000e+00
4   0.0000e+00  0.0000e+00 -1.7349e+14  0.0000e+00  3.3734e+13  0.0000e+00  0.0000e+00  0.0000e+00  1.7349e+14  0.0000e+00  2.4096e+13  0.0000e+00  0.0000e+00  0.0000e+00  0.0000e+00  0.0000e+00  0.0000e+00  0.0000e+00  0.0000e+00  0.0000e+00  0.0000e+00  0.0000e+00  0.0000e+00  0.0000e+00
5   0.0000e+00  1.7315e+14  0.0000e+00  0.0000e+00  0.0000e+00  3.3667e+13  0.0000e+00 -1.7315e+14  0.0000e+00  0.0000e+00  0.0000e+00  2.4048e+13  0.0000e+00  0.0000e+00  0.0000e+00  0.0000e+00  0.0000e+00  0.0000e+00  0.0000e+00  0.0000e+00  0.0000e+00  0.0000e+00  0.0000e+00  0.0000e+00
6  -2.7330e+08  0.0000e+00  0.0000e+00  0.0000e+00  0.0000e+00  0.0000e+00  5.4660e+08  0.0000e+00  0.0000e+00  0.0000e+00  0.0000e+00  0.0000e+00 -2.7330e+08  0.0000e+00  0.0000e+00  0.0000e+00  0.0000e+00  0.0000e+00  0.0000e+00  0.0000e+00  0.0000e+00  0.0000e+00  0.0000e+00  0.0000e+00
7   0.0000e+00 -9.0901e+14  0.0000e+00  0.0000e+00  0.0000e+00 -1.7315e+14  0.0000e+00  1.8180e+15  0.0000e+00  0.0000e+00  0.0000e+00  4.3287e+13  0.0000e+00 -9.0902e+14  0.0000e+00  0.0000e+00  0.0000e+00  1.2986e+14  0.0000e+00  0.0000e+00  0.0000e+00  0.0000e+00  0.0000e+00  0.0000e+00
8   0.0000e+00  0.0000e+00 -9.1083e+14  0.0000e+00  1.7349e+14  0.0000e+00  0.0000e+00  0.0000e+00  1.8217e+15  0.0000e+00 -4.3373e+13  0.0000e+00  0.0000e+00  0.0000e+00 -9.1083e+14  0.0000e+00 -1.3012e+14  0.0000e+00  0.0000e+00  0.0000e+00  0.0000e+00  0.0000e+00  0.0000e+00  0.0000e+00
9   0.0000e+00  0.0000e+00  0.0000e+00 -3.8238e+08  0.0000e+00  0.0000e+00  0.0000e+00  0.0000e+00  0.0000e+00  7.6477e+08  0.0000e+00  0.0000e+00  0.0000e+00  0.0000e+00  0.0000e+00 -3.8238e+08  0.0000e+00  0.0000e+00  0.0000e+00  0.0000e+00  0.0000e+00  0.0000e+00  0.0000e+00  0.0000e+00
10  0.0000e+00  0.0000e+00 -1.3012e+14  0.0000e+00  2.4096e+13  0.0000e+00  0.0000e+00  0.0000e+00 -4.3373e+13  0.0000e+00  5.3011e+13  0.0000e+00  0.0000e+00  0.0000e+00  1.7349e+14  0.0000e+00  2.4096e+13  0.0000e+00  0.0000e+00  0.0000e+00  0.0000e+00  0.0000e+00  0.0000e+00  0.0000e+00
11  0.0000e+00  1.2986e+14  0.0000e+00  0.0000e+00  0.0000e+00  2.4048e+13  0.0000e+00  4.3287e+13  0.0000e+00  0.0000e+00  0.0000e+00  5.2906e+13  0.0000e+00 -1.7315e+14  0.0000e+00  0.0000e+00  0.0000e+00  2.4048e+13  0.0000e+00  0.0000e+00  0.0000e+00  0.0000e+00  0.0000e+00  0.0000e+00
12  0.0000e+00  0.0000e+00  0.0000e+00  0.0000e+00  0.0000e+00  0.0000e+00 -2.7330e+08  0.0000e+00  0.0000e+00  0.0000e+00  0.0000e+00  0.0000e+00  5.4660e+08  0.0000e+00  0.0000e+00  0.0000e+00  0.0000e+00  0.0000e+00 -2.7330e+08  0.0000e+00  0.0000e+00  0.0000e+00  0.0000e+00  0.0000e+00
13  0.0000e+00  0.0000e+00  0.0000e+00  0.0000e+00  0.0000e+00  0.0000e+00  0.0000e+00 -9.0902e+14  0.0000e+00  0.0000e+00  0.0000e+00 -1.7315e+14  0.0000e+00  1.8180e+15  0.0000e+00  0.0000e+00  0.0000e+00  4.3286e+13  0.0000e+00 -9.0901e+14  0.0000e+00  0.0000e+00  0.0000e+00  1.2986e+14
14  0.0000e+00  0.0000e+00  0.0000e+00  0.0000e+00  0.0000e+00  0.0000e+00  0.0000e+00  0.0000e+00 -9.1083e+14  0.0000e+00  1.7349e+14  0.0000e+00  0.0000e+00  0.0000e+00  1.8217e+15  0.0000e+00 -4.3372e+13  0.0000e+00  0.0000e+00  0.0000e+00 -9.1083e+14  0.0000e+00 -1.3012e+14  0.0000e+00
15  0.0000e+00  0.0000e+00  0.0000e+00  0.0000e+00  0.0000e+00  0.0000e+00  0.0000e+00  0.0000e+00  0.0000e+00 -3.8238e+08  0.0000e+00  0.0000e+00  0.0000e+00  0.0000e+00  0.0000e+00  7.6477e+08  0.0000e+00  0.0000e+00  0.0000e+00  0.0000e+00  0.0000e+00 -3.8238e+08  0.0000e+00  0.0000e+00
16  0.0000e+00  0.0000e+00  0.0000e+00  0.0000e+00  0.0000e+00  0.0000e+00  0.0000e+00  0.0000e+00 -1.3012e+14  0.0000e+00  2.4096e+13  0.0000e+00  0.0000e+00  0.0000e+00 -4.3372e+13  0.0000e+00  5.3011e+13  0.0000e+00  0.0000e+00  0.0000e+00  1.7349e+14  0.0000e+00  2.4096e+13  0.0000e+00
17  0.0000e+00  0.0000e+00  0.0000e+00  0.0000e+00  0.0000e+00  0.0000e+00  0.0000e+00  1.2986e+14  0.0000e+00  0.0000e+00  0.0000e+00  2.4048e+13  0.0000e+00  4.3286e+13  0.0000e+00  0.0000e+00  0.0000e+00  5.2906e+13  0.0000e+00 -1.7315e+14  0.0000e+00  0.0000e+00  0.0000e+00  2.4048e+13
18  0.0000e+00  0.0000e+00  0.0000e+00  0.0000e+00  0.0000e+00  0.0000e+00  0.0000e+00  0.0000e+00  0.0000e+00  0.0000e+00  0.0000e+00  0.0000e+00 -2.7330e+08  0.0000e+00  0.0000e+00  0.0000e+00  0.0000e+00  0.0000e+00  2.7330e+08  0.0000e+00  0.0000e+00  0.0000e+00  0.0000e+00  0.0000e+00
19  0.0000e+00  0.0000e+00  0.0000e+00  0.0000e+00  0.0000e+00  0.0000e+00  0.0000e+00  0.0000e+00  0.0000e+00  0.0000e+00  0.0000e+00  0.0000e+00  0.0000e+00 -9.0901e+14  0.0000e+00  0.0000e+00  0.0000e+00 -1.7315e+14  0.0000e+00  9.0901e+14  0.0000e+00  0.0000e+00  0.0000e+00 -1.2986e+14
20  0.0000e+00  0.0000e+00  0.0000e+00  0.0000e+00  0.0000e+00  0.0000e+00  0.0000e+00  0.0000e+00  0.0000e+00  0.0000e+00  0.0000e+00  0.0000e+00  0.0000e+00  0.0000e+00 -9.1083e+14  0.0000e+00  1.7349e+14  0.0000e+00  0.0000e+00  0.0000e+00  9.1083e+14  0.0000e+00  1.3012e+14  0.0000e+00
21  0.0000e+00  0.0000e+00  0.0000e+00  0.0000e+00  0.0000e+00  0.0000e+00  0.0000e+00  0.0000e+00  0.0000e+00  0.0000e+00  0.0000e+00  0.0000e+00  0.0000e+00  0.0000e+00  0.0000e+00 -3.8238e+08  0.0000e+00  0.0000e+00  0.0000e+00  0.0000e+00  0.0000e+00  3.8238e+08  0.0000e+00  0.0000e+00
22  0.0000e+00  0.0000e+00  0.0000e+00  0.0000e+00  0.0000e+00  0.0000e+00  0.0000e+00  0.0000e+00  0.0000e+00  0.0000e+00  0.0000e+00  0.0000e+00  0.0000e+00  0.0000e+00 -1.3012e+14  0.0000e+00  2.4096e+13  0.0000e+00  0.0000e+00  0.0000e+00  1.3012e+14  0.0000e+00  1.9277e+13  0.0000e+00
23  0.0000e+00  0.0000e+00  0.0000e+00  0.0000e+00  0.0000e+00  0.0000e+00  0.0000e+00  0.0000e+00  0.0000e+00  0.0000e+00  0.0000e+00  0.0000e+00  0.0000e+00  1.2986e+14  0.0000e+00  0.0000e+00  0.0000e+00  2.4048e+13  0.0000e+00 -1.2986e+14  0.0000e+00  0.0000e+00  0.0000e+00  1.9238e+13

🔍 Original F_global Vector:
             Force
DOF 0   0.0000e+00
DOF 1   0.0000e+00
DOF 2   0.0000e+00
DOF 3   0.0000e+00
DOF 4   0.0000e+00
DOF 5   0.0000e+00
DOF 6   0.0000e+00
DOF 7   0.0000e+00
DOF 8   0.0000e+00
DOF 9   0.0000e+00
DOF 10  0.0000e+00
DOF 11  0.0000e+00
DOF 12  0.0000e+00
DOF 13  0.0000e+00
DOF 14  0.0000e+00
DOF 15  0.0000e+00
DOF 16  0.0000e+00
DOF 17  0.0000e+00
DOF 18  0.0000e+00
DOF 19 -1.0000e+05
DOF 20  0.0000e+00
DOF 21  0.0000e+00
DOF 22  0.0000e+00
DOF 23  0.0000e+00
2025-04-07 13:53:54,148 - processing.static.boundary_conditions - INFO - ✅ Fixed boundary conditions applied successfully.

🔍 Modified K_global Matrix:
           0          1          2          3          4          5           6           7           8           9           10          11          12          13          14          15          16          17          18          19          20          21          22          23
0  1.0000e+36 0.0000e+00 0.0000e+00 0.0000e+00 0.0000e+00 0.0000e+00  0.0000e+00  0.0000e+00  0.0000e+00  0.0000e+00  0.0000e+00  0.0000e+00  0.0000e+00  0.0000e+00  0.0000e+00  0.0000e+00  0.0000e+00  0.0000e+00  0.0000e+00  0.0000e+00  0.0000e+00  0.0000e+00  0.0000e+00  0.0000e+00
1  0.0000e+00 1.0000e+36 0.0000e+00 0.0000e+00 0.0000e+00 0.0000e+00  0.0000e+00  0.0000e+00  0.0000e+00  0.0000e+00  0.0000e+00  0.0000e+00  0.0000e+00  0.0000e+00  0.0000e+00  0.0000e+00  0.0000e+00  0.0000e+00  0.0000e+00  0.0000e+00  0.0000e+00  0.0000e+00  0.0000e+00  0.0000e+00
2  0.0000e+00 0.0000e+00 1.0000e+36 0.0000e+00 0.0000e+00 0.0000e+00  0.0000e+00  0.0000e+00  0.0000e+00  0.0000e+00  0.0000e+00  0.0000e+00  0.0000e+00  0.0000e+00  0.0000e+00  0.0000e+00  0.0000e+00  0.0000e+00  0.0000e+00  0.0000e+00  0.0000e+00  0.0000e+00  0.0000e+00  0.0000e+00
3  0.0000e+00 0.0000e+00 0.0000e+00 1.0000e+36 0.0000e+00 0.0000e+00  0.0000e+00  0.0000e+00  0.0000e+00  0.0000e+00  0.0000e+00  0.0000e+00  0.0000e+00  0.0000e+00  0.0000e+00  0.0000e+00  0.0000e+00  0.0000e+00  0.0000e+00  0.0000e+00  0.0000e+00  0.0000e+00  0.0000e+00  0.0000e+00
4  0.0000e+00 0.0000e+00 0.0000e+00 0.0000e+00 1.0000e+36 0.0000e+00  0.0000e+00  0.0000e+00  0.0000e+00  0.0000e+00  0.0000e+00  0.0000e+00  0.0000e+00  0.0000e+00  0.0000e+00  0.0000e+00  0.0000e+00  0.0000e+00  0.0000e+00  0.0000e+00  0.0000e+00  0.0000e+00  0.0000e+00  0.0000e+00
5  0.0000e+00 0.0000e+00 0.0000e+00 0.0000e+00 0.0000e+00 1.0000e+36  0.0000e+00  0.0000e+00  0.0000e+00  0.0000e+00  0.0000e+00  0.0000e+00  0.0000e+00  0.0000e+00  0.0000e+00  0.0000e+00  0.0000e+00  0.0000e+00  0.0000e+00  0.0000e+00  0.0000e+00  0.0000e+00  0.0000e+00  0.0000e+00
6  0.0000e+00 0.0000e+00 0.0000e+00 0.0000e+00 0.0000e+00 0.0000e+00  5.4660e+08  0.0000e+00  0.0000e+00  0.0000e+00  0.0000e+00  0.0000e+00 -2.7330e+08  0.0000e+00  0.0000e+00  0.0000e+00  0.0000e+00  0.0000e+00  0.0000e+00  0.0000e+00  0.0000e+00  0.0000e+00  0.0000e+00  0.0000e+00
7  0.0000e+00 0.0000e+00 0.0000e+00 0.0000e+00 0.0000e+00 0.0000e+00  0.0000e+00  1.8180e+15  0.0000e+00  0.0000e+00  0.0000e+00  4.3287e+13  0.0000e+00 -9.0902e+14  0.0000e+00  0.0000e+00  0.0000e+00  1.2986e+14  0.0000e+00  0.0000e+00  0.0000e+00  0.0000e+00  0.0000e+00  0.0000e+00
8  0.0000e+00 0.0000e+00 0.0000e+00 0.0000e+00 0.0000e+00 0.0000e+00  0.0000e+00  0.0000e+00  1.8217e+15  0.0000e+00 -4.3373e+13  0.0000e+00  0.0000e+00  0.0000e+00 -9.1083e+14  0.0000e+00 -1.3012e+14  0.0000e+00  0.0000e+00  0.0000e+00  0.0000e+00  0.0000e+00  0.0000e+00  0.0000e+00
9  0.0000e+00 0.0000e+00 0.0000e+00 0.0000e+00 0.0000e+00 0.0000e+00  0.0000e+00  0.0000e+00  0.0000e+00  7.6477e+08  0.0000e+00  0.0000e+00  0.0000e+00  0.0000e+00  0.0000e+00 -3.8238e+08  0.0000e+00  0.0000e+00  0.0000e+00  0.0000e+00  0.0000e+00  0.0000e+00  0.0000e+00  0.0000e+00
10 0.0000e+00 0.0000e+00 0.0000e+00 0.0000e+00 0.0000e+00 0.0000e+00  0.0000e+00  0.0000e+00 -4.3373e+13  0.0000e+00  5.3011e+13  0.0000e+00  0.0000e+00  0.0000e+00  1.7349e+14  0.0000e+00  2.4096e+13  0.0000e+00  0.0000e+00  0.0000e+00  0.0000e+00  0.0000e+00  0.0000e+00  0.0000e+00
11 0.0000e+00 0.0000e+00 0.0000e+00 0.0000e+00 0.0000e+00 0.0000e+00  0.0000e+00  4.3287e+13  0.0000e+00  0.0000e+00  0.0000e+00  5.2906e+13  0.0000e+00 -1.7315e+14  0.0000e+00  0.0000e+00  0.0000e+00  2.4048e+13  0.0000e+00  0.0000e+00  0.0000e+00  0.0000e+00  0.0000e+00  0.0000e+00
12 0.0000e+00 0.0000e+00 0.0000e+00 0.0000e+00 0.0000e+00 0.0000e+00 -2.7330e+08  0.0000e+00  0.0000e+00  0.0000e+00  0.0000e+00  0.0000e+00  5.4660e+08  0.0000e+00  0.0000e+00  0.0000e+00  0.0000e+00  0.0000e+00 -2.7330e+08  0.0000e+00  0.0000e+00  0.0000e+00  0.0000e+00  0.0000e+00
13 0.0000e+00 0.0000e+00 0.0000e+00 0.0000e+00 0.0000e+00 0.0000e+00  0.0000e+00 -9.0902e+14  0.0000e+00  0.0000e+00  0.0000e+00 -1.7315e+14  0.0000e+00  1.8180e+15  0.0000e+00  0.0000e+00  0.0000e+00  4.3286e+13  0.0000e+00 -9.0901e+14  0.0000e+00  0.0000e+00  0.0000e+00  1.2986e+14
14 0.0000e+00 0.0000e+00 0.0000e+00 0.0000e+00 0.0000e+00 0.0000e+00  0.0000e+00  0.0000e+00 -9.1083e+14  0.0000e+00  1.7349e+14  0.0000e+00  0.0000e+00  0.0000e+00  1.8217e+15  0.0000e+00 -4.3372e+13  0.0000e+00  0.0000e+00  0.0000e+00 -9.1083e+14  0.0000e+00 -1.3012e+14  0.0000e+00
15 0.0000e+00 0.0000e+00 0.0000e+00 0.0000e+00 0.0000e+00 0.0000e+00  0.0000e+00  0.0000e+00  0.0000e+00 -3.8238e+08  0.0000e+00  0.0000e+00  0.0000e+00  0.0000e+00  0.0000e+00  7.6477e+08  0.0000e+00  0.0000e+00  0.0000e+00  0.0000e+00  0.0000e+00 -3.8238e+08  0.0000e+00  0.0000e+00
16 0.0000e+00 0.0000e+00 0.0000e+00 0.0000e+00 0.0000e+00 0.0000e+00  0.0000e+00  0.0000e+00 -1.3012e+14  0.0000e+00  2.4096e+13  0.0000e+00  0.0000e+00  0.0000e+00 -4.3372e+13  0.0000e+00  5.3011e+13  0.0000e+00  0.0000e+00  0.0000e+00  1.7349e+14  0.0000e+00  2.4096e+13  0.0000e+00
17 0.0000e+00 0.0000e+00 0.0000e+00 0.0000e+00 0.0000e+00 0.0000e+00  0.0000e+00  1.2986e+14  0.0000e+00  0.0000e+00  0.0000e+00  2.4048e+13  0.0000e+00  4.3286e+13  0.0000e+00  0.0000e+00  0.0000e+00  5.2906e+13  0.0000e+00 -1.7315e+14  0.0000e+00  0.0000e+00  0.0000e+00  2.4048e+13
18 0.0000e+00 0.0000e+00 0.0000e+00 0.0000e+00 0.0000e+00 0.0000e+00  0.0000e+00  0.0000e+00  0.0000e+00  0.0000e+00  0.0000e+00  0.0000e+00 -2.7330e+08  0.0000e+00  0.0000e+00  0.0000e+00  0.0000e+00  0.0000e+00  2.7330e+08  0.0000e+00  0.0000e+00  0.0000e+00  0.0000e+00  0.0000e+00
19 0.0000e+00 0.0000e+00 0.0000e+00 0.0000e+00 0.0000e+00 0.0000e+00  0.0000e+00  0.0000e+00  0.0000e+00  0.0000e+00  0.0000e+00  0.0000e+00  0.0000e+00 -9.0901e+14  0.0000e+00  0.0000e+00  0.0000e+00 -1.7315e+14  0.0000e+00  9.0901e+14  0.0000e+00  0.0000e+00  0.0000e+00 -1.2986e+14
20 0.0000e+00 0.0000e+00 0.0000e+00 0.0000e+00 0.0000e+00 0.0000e+00  0.0000e+00  0.0000e+00  0.0000e+00  0.0000e+00  0.0000e+00  0.0000e+00  0.0000e+00  0.0000e+00 -9.1083e+14  0.0000e+00  1.7349e+14  0.0000e+00  0.0000e+00  0.0000e+00  9.1083e+14  0.0000e+00  1.3012e+14  0.0000e+00
21 0.0000e+00 0.0000e+00 0.0000e+00 0.0000e+00 0.0000e+00 0.0000e+00  0.0000e+00  0.0000e+00  0.0000e+00  0.0000e+00  0.0000e+00  0.0000e+00  0.0000e+00  0.0000e+00  0.0000e+00 -3.8238e+08  0.0000e+00  0.0000e+00  0.0000e+00  0.0000e+00  0.0000e+00  3.8238e+08  0.0000e+00  0.0000e+00
22 0.0000e+00 0.0000e+00 0.0000e+00 0.0000e+00 0.0000e+00 0.0000e+00  0.0000e+00  0.0000e+00  0.0000e+00  0.0000e+00  0.0000e+00  0.0000e+00  0.0000e+00  0.0000e+00 -1.3012e+14  0.0000e+00  2.4096e+13  0.0000e+00  0.0000e+00  0.0000e+00  1.3012e+14  0.0000e+00  1.9277e+13  0.0000e+00
23 0.0000e+00 0.0000e+00 0.0000e+00 0.0000e+00 0.0000e+00 0.0000e+00  0.0000e+00  0.0000e+00  0.0000e+00  0.0000e+00  0.0000e+00  0.0000e+00  0.0000e+00  1.2986e+14  0.0000e+00  0.0000e+00  0.0000e+00  2.4048e+13  0.0000e+00 -1.2986e+14  0.0000e+00  0.0000e+00  0.0000e+00  1.9238e+13

🔍 Modified F_global Vector:
             Force
DOF 0   0.0000e+00
DOF 1   0.0000e+00
DOF 2   0.0000e+00
DOF 3   0.0000e+00
DOF 4   0.0000e+00
DOF 5   0.0000e+00
DOF 6   0.0000e+00
DOF 7   0.0000e+00
DOF 8   0.0000e+00
DOF 9   0.0000e+00
DOF 10  0.0000e+00
DOF 11  0.0000e+00
DOF 12  0.0000e+00
DOF 13  0.0000e+00
DOF 14  0.0000e+00
DOF 15  0.0000e+00
DOF 16  0.0000e+00
DOF 17  0.0000e+00
DOF 18  0.0000e+00
DOF 19 -1.0000e+05
DOF 20  0.0000e+00
DOF 21  0.0000e+00
DOF 22  0.0000e+00
DOF 23  0.0000e+00
2025-04-07 13:53:54,771 - processing.static.boundary_conditions - INFO - 🔧 Applying fixed boundary conditions...
2025-04-07 13:53:54,772 - processing.static.boundary_conditions - INFO - 🔍 Fixed DOFs: [0 1 2 3 4 5]
2025-04-07 13:53:54,773 - processing.static.boundary_conditions - INFO - ✅ Fixed boundary conditions applied successfully.
