Machine Specifications:
   - OS: Windows 11 (10.0.22631)
   - CPU: Intel64 Family 6 Model 151 Stepping 2, GenuineIntel (20 cores)
   - RAM: 31.24 GB
   - Python Version: 3.12.5

Job: job_0009
Timestamp (job start): 2025-04-07_13-53-55
Total Time: 2.02 sec

+-------------------------------+-------------+---------------+-------------+-----------+
| Step                          |    Time (s) |   Memory (MB) |   Disk (GB) |   CPU (%) |
+===============================+=============+===============+=============+===========+
| Parsing                       | 0.000510931 |       106.086 |     785.423 |         0 |
+-------------------------------+-------------+---------------+-------------+-----------+
| Element Instantiation         | 0.000761509 |       106.129 |     785.424 |         0 |
+-------------------------------+-------------+---------------+-------------+-----------+
| Element Stiffness Computation | 0.234819    |       106.375 |     785.425 |         0 |
+-------------------------------+-------------+---------------+-------------+-----------+
| Element Force Computation     | 0.0938127   |       106.398 |     785.426 |         0 |
+-------------------------------+-------------+---------------+-------------+-----------+
| Setup Simulation              | 0           |       106.426 |     785.426 |         0 |
+-------------------------------+-------------+---------------+-------------+-----------+
| Assemble Global Matrices      | 0.0193238   |       107.27  |     785.427 |         0 |
+-------------------------------+-------------+---------------+-------------+-----------+
| Modify Global Matrices        | 0.0224648   |       107.5   |     785.427 |         0 |
+-------------------------------+-------------+---------------+-------------+-----------+
| Solve Linear Static System    | 0.408151    |       125.578 |     785.429 |         0 |
+-------------------------------+-------------+---------------+-------------+-----------+
| Compute Primary Results       | 0.0035646   |       125.582 |     785.429 |         0 |
+-------------------------------+-------------+---------------+-------------+-----------+
| Save Primary Results          | 0.0918698   |       125.582 |     785.43  |         0 |
+-------------------------------+-------------+---------------+-------------+-----------+

Parallel Jobs: job_0007, job_0008
Start Memory: 105.98 MB | End Memory: 125.58 MB
Start Disk Usage: 785.42 GB | End Disk Usage: 785.43 GB
Start CPU: 0.00% | End CPU: 0.00%
