Machine Specifications:
   - OS: Windows 11 (10.0.22631)
   - CPU: Intel64 Family 6 Model 151 Stepping 2, GenuineIntel (20 cores)
   - RAM: 31.24 GB
   - Python Version: 3.12.5

Job: job_0001
Timestamp (job start): 2025-03-14_16-54-22
Total Time: 1.66 sec

+-------------------------------+------------+---------------+-------------+-----------+
| Step                          |   Time (s) |   Memory (MB) |   Disk (GB) |   CPU (%) |
+===============================+============+===============+=============+===========+
| Parsing                       | 0.00919437 |       79.2969 |     759.968 |         0 |
+-------------------------------+------------+---------------+-------------+-----------+
| Element Instantiation         | 0          |       79.3477 |     759.968 |         0 |
+-------------------------------+------------+---------------+-------------+-----------+
| Element Stiffness Computation | 0          |       79.6367 |     759.968 |         0 |
+-------------------------------+------------+---------------+-------------+-----------+
| Element Force Computation     | 0          |       79.6406 |     759.968 |         0 |
+-------------------------------+------------+---------------+-------------+-----------+
| Setup Simulation              | 0          |       79.6797 |     759.968 |         0 |
+-------------------------------+------------+---------------+-------------+-----------+
| Assemble Global Matrices      | 0.169592   |       80.8242 |     759.968 |         0 |
+-------------------------------+------------+---------------+-------------+-----------+
| Modify Global Matrices        | 0.00816202 |       80.9336 |     759.968 |         0 |
+-------------------------------+------------+---------------+-------------+-----------+
| Solve Linear Static System    | 0.26938    |       98.6094 |     759.968 |         0 |
+-------------------------------+------------+---------------+-------------+-----------+
| Compute Primary Results       | 0          |       98.6133 |     759.968 |         0 |
+-------------------------------+------------+---------------+-------------+-----------+
| Save Primary Results          | 0.0775003  |       98.6328 |     759.968 |         0 |
+-------------------------------+------------+---------------+-------------+-----------+

Parallel Jobs: None
Start Memory: 79.00 MB | End Memory: 98.63 MB
Start Disk Usage: 759.97 GB | End Disk Usage: 759.97 GB
Start CPU: 0.00% | End CPU: 0.00%
