Machine Specifications:
   - OS: Windows 11 (10.0.22631)
   - CPU: 12th Gen Intel(R) Core(TM) i7-12700
       • Logical cores: 20
       • Physical cores: 12
   - RAM: 31.24 GB
   - Disk: 3071.87 GB total, 2270.10 GB free
   - Python Version: 3.12.5 (C:\Users\s1834431\AppData\Local\Programs\Python\Python312\python.exe)
   - GPU(s): Intel(R) UHD Graphics 770

Job: job_0009
Timestamp (job start): 2025-05-19_12-16-19-120673
Total Time: 1.84 sec

+-------------------------------+------------+---------------+-------------+-----------+
| Step                          |   Time (s) |   Memory (MB) |   Disk (GB) |   CPU (%) |
+===============================+============+===============+=============+===========+
| Parsing                       | 0.0154018  |       119.984 |     801.765 |         0 |
+-------------------------------+------------+---------------+-------------+-----------+
| Element Instantiation         | 0.0259511  |       120.055 |     801.765 |         0 |
+-------------------------------+------------+---------------+-------------+-----------+
| Element Stiffness Computation | 0.04003    |       120.281 |     801.766 |         0 |
+-------------------------------+------------+---------------+-------------+-----------+
| Element Force Computation     | 0.0138142  |       120.309 |     801.766 |         0 |
+-------------------------------+------------+---------------+-------------+-----------+
| Setup Simulation              | 0          |       120.332 |     801.766 |         0 |
+-------------------------------+------------+---------------+-------------+-----------+
| Assemble Global Matrices      | 0.0209236  |       121.121 |     801.766 |         0 |
+-------------------------------+------------+---------------+-------------+-----------+
| Modify Global Matrices        | 0.0136302  |       121.262 |     801.766 |         0 |
+-------------------------------+------------+---------------+-------------+-----------+
| Solve Linear Static System    | 0.498502   |       139.152 |     801.767 |         0 |
+-------------------------------+------------+---------------+-------------+-----------+
| Compute Primary Results       | 0.00300384 |       139.156 |     801.768 |         0 |
+-------------------------------+------------+---------------+-------------+-----------+
| Save Primary Results          | 0.079833   |       139.16  |     801.769 |         0 |
+-------------------------------+------------+---------------+-------------+-----------+

Parallel Jobs: job_0007, job_0008
Start Memory: 119.87 MB | End Memory: 139.16 MB
Start Disk Usage: 801.76 GB | End Disk Usage: 801.77 GB
Start CPU: 0.00% | End CPU: 0.00%
