2025-05-19 12:16:16,431 - DEBUG - 🔧 Beginning displacement reconstruction.
2025-05-19 12:16:16,432 - DEBUG - 📌 Total DOFs in system: 24
2025-05-19 12:16:16,433 - DEBUG - 📌 Condensed DOFs count: 18
2025-05-19 12:16:16,433 - DEBUG - 📌 Active DOFs indices: [ 6  7  8  9 10 11 12 13 14 15 16 17 18 19 20 21 22 23]
2025-05-19 12:16:16,433 - DEBUG - 📐 Initialized global displacement array with zeros.
2025-05-19 12:16:16,435 - DEBUG - Mapped condensed displacement U_cond[0] = 0.000000e+00 to global DOF 6.
2025-05-19 12:16:16,435 - DEBUG - Mapped condensed displacement U_cond[1] = 0.000000e+00 to global DOF 7.
2025-05-19 12:16:16,435 - DEBUG - Mapped condensed displacement U_cond[2] = 0.000000e+00 to global DOF 8.
2025-05-19 12:16:16,435 - DEBUG - Mapped condensed displacement U_cond[3] = 0.000000e+00 to global DOF 9.
2025-05-19 12:16:16,435 - DEBUG - Mapped condensed displacement U_cond[4] = 0.000000e+00 to global DOF 10.
2025-05-19 12:16:16,435 - DEBUG - Mapped condensed displacement U_cond[5] = 0.000000e+00 to global DOF 11.
2025-05-19 12:16:16,439 - DEBUG - Mapped condensed displacement U_cond[6] = 0.000000e+00 to global DOF 12.
2025-05-19 12:16:16,439 - DEBUG - Mapped condensed displacement U_cond[7] = 0.000000e+00 to global DOF 13.
2025-05-19 12:16:16,440 - DEBUG - Mapped condensed displacement U_cond[8] = 0.000000e+00 to global DOF 14.
2025-05-19 12:16:16,441 - DEBUG - Mapped condensed displacement U_cond[9] = 0.000000e+00 to global DOF 15.
2025-05-19 12:16:16,441 - DEBUG - Mapped condensed displacement U_cond[10] = 0.000000e+00 to global DOF 16.
2025-05-19 12:16:16,442 - DEBUG - Mapped condensed displacement U_cond[11] = 0.000000e+00 to global DOF 17.
2025-05-19 12:16:16,443 - DEBUG - Mapped condensed displacement U_cond[12] = 0.000000e+00 to global DOF 18.
2025-05-19 12:16:16,443 - DEBUG - Mapped condensed displacement U_cond[13] = 0.000000e+00 to global DOF 19.
2025-05-19 12:16:16,444 - DEBUG - Mapped condensed displacement U_cond[14] = 0.000000e+00 to global DOF 20.
2025-05-19 12:16:16,444 - DEBUG - Mapped condensed displacement U_cond[15] = 0.000000e+00 to global DOF 21.
2025-05-19 12:16:16,444 - DEBUG - Mapped condensed displacement U_cond[16] = 0.000000e+00 to global DOF 22.
2025-05-19 12:16:16,444 - DEBUG - Mapped condensed displacement U_cond[17] = 0.000000e+00 to global DOF 23.
2025-05-19 12:16:16,444 - INFO - ✅ Successfully mapped all condensed displacements back to global vector.
2025-05-19 12:16:16,451 - DEBUG - 📝 Logged detailed DOF mapping.
2025-05-19 12:16:16,458 - INFO - 📘 Reconstruction log updated with structured displacement data.
0
   2 →    8: 0.000000e+00
   3 →    9: 0.000000e+00
   4 →   10: 0.000000e+00
   5 →   11: 0.000000e+00
   6 →   12: 0.000000e+00
   7 →   13: 0.000000e+00
   8 →   14: 0.000000e+00
   9 →   15: 0.000000e+00
  10 →   16: 0.000000e+00
  11 →   17: 0.000000e+00
  12 →   18: 0.000000e+00
  13 →   19: 0.000000e+00
  14 →   20: 0.000000e+00
  15 →   21: 0.000000e+00
  16 →   22: 0.000000e+00
  17 →   23: 0.000000e+00

📊 Full reconstructed displacement vector:
    Global DOF  Displacement
0            0  0.000000e+00
1            1  0.000000e+00
2            2  0.000000e+00
3            3  0.000000e+00
4            4  0.000000e+00
5            5  0.000000e+00
6            6  0.000000e+00
7            7  0.000000e+00
8            8  0.000000e+00
9            9  0.000000e+00
10          10  0.000000e+00
11          11  0.000000e+00
12          12  0.000000e+00
13          13  0.000000e+00
14          14  0.000000e+00
15          15  0.000000e+00
16          16  0.000000e+00
17          17  0.000000e+00
18          18  0.000000e+00
19          19  0.000000e+00
20          20  0.000000e+00
21          21  0.000000e+00
22          22  0.000000e+00
23          23  0.000000e+00