Machine Specifications:
   - OS: Windows 11 (10.0.22631)
   - CPU: Intel64 Family 6 Model 151 Stepping 2, GenuineIntel (20 cores)
   - RAM: 31.24 GB
   - Python Version: 3.12.5

Job: job_0002
Timestamp (job start): 2025-02-26_16-02-28
Total Time: 1.86 sec

+-------------------------------+------------+---------------+-------------+-----------+
| Step                          |   Time (s) |   Memory (MB) |   Disk (GB) |   CPU (%) |
+===============================+============+===============+=============+===========+
| Parsing                       | 0.0107615  |       78.4453 |     742.178 |         0 |
+-------------------------------+------------+---------------+-------------+-----------+
| Element Instantiation         | 0.0139287  |       78.5273 |     742.178 |         0 |
+-------------------------------+------------+---------------+-------------+-----------+
| Element Stiffness Computation | 0.145515   |       78.8359 |     742.178 |         0 |
+-------------------------------+------------+---------------+-------------+-----------+
| Element Force Computation     | 0.0817769  |       78.8711 |     742.178 |         0 |
+-------------------------------+------------+---------------+-------------+-----------+
| Setup Simulation              | 0          |       78.8867 |     742.178 |         0 |
+-------------------------------+------------+---------------+-------------+-----------+
| Assemble Global Matrices      | 0.0204978  |       79.0703 |     742.178 |         0 |
+-------------------------------+------------+---------------+-------------+-----------+
| Modify Global Matrices        | 0.00159431 |       79.1797 |     742.178 |         0 |
+-------------------------------+------------+---------------+-------------+-----------+
| Solve Linear Static System    | 0.35167    |       95.9609 |     742.179 |         0 |
+-------------------------------+------------+---------------+-------------+-----------+
| Compute Primary Results       | 0          |       95.9727 |     742.179 |         0 |
+-------------------------------+------------+---------------+-------------+-----------+
| Save Primary Results          | 0.0847232  |       95.9844 |     742.179 |         0 |
+-------------------------------+------------+---------------+-------------+-----------+

Parallel Jobs: job_0001
Start Memory: 78.19 MB | End Memory: 95.98 MB
Start Disk Usage: 742.18 GB | End Disk Usage: 742.18 GB
Start CPU: 0.00% | End CPU: 0.00%
