Machine Specifications:
   - OS: Windows 11 (10.0.22631)
   - CPU: 12th Gen Intel(R) Core(TM) i7-12700
       • Logical cores: 20
       • Physical cores: 12
   - RAM: 31.24 GB
   - Disk: 3071.87 GB total, 2260.00 GB free
   - Python Version: 3.12.5 (C:\Users\s1834431\AppData\Local\Programs\Python\Python312\python.exe)
   - GPU(s): Intel(R) UHD Graphics 770

Job: job_0002
Timestamp (job start): 2025-07-06_14-21-45-395995
Total Time: 14.65 sec

+-------------------------------+------------+---------------+-------------+-----------+
| Step                          |   Time (s) |   Memory (MB) |   Disk (GB) |   CPU (%) |
+===============================+============+===============+=============+===========+
| Parsing                       |  0.0284615 |       69.3203 |     811.851 |         0 |
+-------------------------------+------------+---------------+-------------+-----------+
| Element Instantiation         |  0.734637  |       69.9922 |     811.851 |         0 |
+-------------------------------+------------+---------------+-------------+-----------+
| Element Stiffness Computation |  1.19093   |       70.4766 |     811.862 |         0 |
+-------------------------------+------------+---------------+-------------+-----------+
| Element Force Computation     |  0.509838  |       70.5156 |     811.864 |         0 |
+-------------------------------+------------+---------------+-------------+-----------+
| Full Simulation               | 11.5697    |      127.383  |     811.871 |         0 |
+-------------------------------+------------+---------------+-------------+-----------+

Parallel Jobs: None
Start Memory: 69.08 MB | End Memory: 127.38 MB
Start Disk Usage: 811.85 GB | End Disk Usage: 811.87 GB
Start CPU: 0.00% | End CPU: 0.00%
