2025-07-06 14:21:39,380 [DEBUG] 📁 Log file: \\mull.sms.ed.ac.uk\home\s1834431\Win7\Desktop\fem_model\post_processing\results\job_0002_2025-07-06_14-21-27-472014_pid34956_a3c694df\logs\SolveCondensedSystem.log (Module: solver, Line: 220)
2025-07-06 14:21:39,381 [DEBUG] Row/column scaling applied. (Module: solver, Line: 136)
2025-07-06 14:21:39,391 [DEBUG] Building ILU (drop_tol=1e-06, fill_factor=1.0) (Module: solver, Line: 72)
2025-07-06 14:21:39,392 [WARNING] Preconditioner 'ilu' failed (Factor is exactly singular); proceeding without it. (Module: solver, Line: 242)
2025-07-06 14:21:39,393 [INFO] Solver parameters • solver='cg', prec='None', K nnz=2980, dofs=600 (Module: solver, Line: 153)
2025-07-06 14:21:39,396 [INFO] Condensed condition estimate: 1.03e+00 (Module: solver, Line: 159)
2025-07-06 14:21:39,400 [DEBUG] Iter   10 | residual 1.799e-02 (Module: solver, Line: 291)
2025-07-06 14:21:39,401 [DEBUG] Iter   20 | residual 1.495e-02 (Module: solver, Line: 291)
2025-07-06 14:21:39,402 [DEBUG] Iter   30 | residual 1.803e-02 (Module: solver, Line: 291)
2025-07-06 14:21:39,403 [DEBUG] Iter   40 | residual 2.114e-02 (Module: solver, Line: 291)
2025-07-06 14:21:39,404 [DEBUG] Iter   50 | residual 1.731e-02 (Module: solver, Line: 291)
2025-07-06 14:21:39,405 [DEBUG] Iter   60 | residual 2.935e-02 (Module: solver, Line: 291)
2025-07-06 14:21:39,406 [DEBUG] Iter   70 | residual 1.680e-02 (Module: solver, Line: 291)
2025-07-06 14:21:39,407 [DEBUG] Iter   80 | residual 1.582e-02 (Module: solver, Line: 291)
2025-07-06 14:21:39,408 [DEBUG] Iter   90 | residual 1.405e-02 (Module: solver, Line: 291)
2025-07-06 14:21:39,408 [DEBUG] Iter  100 | residual 9.427e-02 (Module: solver, Line: 291)
2025-07-06 14:21:39,409 [DEBUG] Iter  110 | residual 1.728e-02 (Module: solver, Line: 291)
2025-07-06 14:21:39,409 [DEBUG] Iter  120 | residual 3.868e-02 (Module: solver, Line: 291)
2025-07-06 14:21:39,410 [DEBUG] Iter  130 | residual 4.962e-02 (Module: solver, Line: 291)
2025-07-06 14:21:39,411 [DEBUG] Iter  140 | residual 8.564e-02 (Module: solver, Line: 291)
2025-07-06 14:21:39,412 [DEBUG] Iter  150 | residual 1.082e-01 (Module: solver, Line: 291)
2025-07-06 14:21:39,413 [DEBUG] Iter  160 | residual 5.920e-02 (Module: solver, Line: 291)
2025-07-06 14:21:39,413 [DEBUG] Iter  170 | residual 2.617e-02 (Module: solver, Line: 291)
2025-07-06 14:21:39,414 [DEBUG] Iter  180 | residual 1.458e-02 (Module: solver, Line: 291)
2025-07-06 14:21:39,415 [DEBUG] Iter  190 | residual 1.431e-02 (Module: solver, Line: 291)
2025-07-06 14:21:39,416 [DEBUG] Iter  200 | residual 1.285e-02 (Module: solver, Line: 291)
2025-07-06 14:21:39,417 [DEBUG] Iter  210 | residual 8.602e-03 (Module: solver, Line: 291)
2025-07-06 14:21:39,418 [DEBUG] Iter  220 | residual 1.609e-01 (Module: solver, Line: 291)
2025-07-06 14:21:39,420 [DEBUG] Iter  230 | residual 4.820e-02 (Module: solver, Line: 291)
2025-07-06 14:21:39,421 [DEBUG] Iter  240 | residual 4.687e-02 (Module: solver, Line: 291)
2025-07-06 14:21:39,422 [DEBUG] Iter  250 | residual 2.407e-02 (Module: solver, Line: 291)
2025-07-06 14:21:39,423 [DEBUG] Iter  260 | residual 9.480e-03 (Module: solver, Line: 291)
2025-07-06 14:21:39,424 [DEBUG] Iter  270 | residual 9.070e-02 (Module: solver, Line: 291)
2025-07-06 14:21:39,425 [DEBUG] Iter  280 | residual 1.179e-02 (Module: solver, Line: 291)
2025-07-06 14:21:39,425 [DEBUG] Iter  290 | residual 4.775e-02 (Module: solver, Line: 291)
2025-07-06 14:21:39,426 [DEBUG] Iter  300 | residual 1.706e-02 (Module: solver, Line: 291)
2025-07-06 14:21:39,427 [DEBUG] Iter  310 | residual 8.672e-02 (Module: solver, Line: 291)
2025-07-06 14:21:39,428 [DEBUG] Iter  320 | residual 9.438e-03 (Module: solver, Line: 291)
2025-07-06 14:21:39,429 [DEBUG] Iter  330 | residual 5.172e-01 (Module: solver, Line: 291)
2025-07-06 14:21:39,430 [DEBUG] Iter  340 | residual 3.421e-02 (Module: solver, Line: 291)
2025-07-06 14:21:39,431 [DEBUG] Iter  350 | residual 2.142e-02 (Module: solver, Line: 291)
2025-07-06 14:21:39,431 [DEBUG] Iter  360 | residual 2.740e-01 (Module: solver, Line: 291)
2025-07-06 14:21:39,432 [DEBUG] Iter  370 | residual 2.906e-02 (Module: solver, Line: 291)
2025-07-06 14:21:39,433 [DEBUG] Iter  380 | residual 4.416e-02 (Module: solver, Line: 291)
2025-07-06 14:21:39,434 [DEBUG] Iter  390 | residual 9.504e-02 (Module: solver, Line: 291)
2025-07-06 14:21:39,435 [DEBUG] Iter  400 | residual 5.579e-02 (Module: solver, Line: 291)
2025-07-06 14:21:39,436 [DEBUG] Iter  410 | residual 9.147e-03 (Module: solver, Line: 291)
2025-07-06 14:21:39,437 [DEBUG] Iter  420 | residual 2.319e-02 (Module: solver, Line: 291)
2025-07-06 14:21:39,438 [DEBUG] Iter  430 | residual 1.749e-01 (Module: solver, Line: 291)
2025-07-06 14:21:39,439 [DEBUG] Iter  440 | residual 1.137e+00 (Module: solver, Line: 291)
2025-07-06 14:21:39,439 [WARNING] Iterative solver aborted: Divergence detected (Module: solver, Line: 304)
2025-07-06 14:21:39,440 [INFO] Switching to direct SuperLU fall-back. (Module: solver, Line: 317)
2025-07-06 14:21:39,440 [DEBUG] Using SuperLU direct solver (Module: solver, Line: 269)
2025-07-06 14:21:39,447 [INFO] Condensed residual norm: 1.768e-02 (Module: solver, Line: 176)
2025-07-06 14:21:39,447 [WARNING] Residual is high – verify model! (Module: solver, Line: 178)
2025-07-06 14:21:39,457 [INFO] 💾 Condensed displacement saved → \\mull.sms.ed.ac.uk\home\s1834431\Win7\Desktop\fem_model\post_processing\results\job_0002_2025-07-06_14-21-27-472014_pid34956_a3c694df\primary_results\07_U_cond.csv (Module: solver, Line: 328)
2025-07-06 14:21:39,458 [INFO] 📊 Condensed solver report: (Module: solver, Line: 342)
2025-07-06 14:21:39,459 [INFO]  • dofs: 600 (Module: solver, Line: 344)
2025-07-06 14:21:39,460 [INFO]  • nnz: 2980 (Module: solver, Line: 344)
2025-07-06 14:21:39,460 [INFO]  • density: 0.008277777777777778 (Module: solver, Line: 344)
2025-07-06 14:21:39,461 [INFO]  • condition_est: 1.0315673781578063 (Module: solver, Line: 344)
2025-07-06 14:21:39,462 [INFO]  • solve_phases: {'factorization': 0.006175599992275238, 'solution': 0.006292599719017744} (Module: solver, Line: 344)
2025-07-06 14:21:39,462 [INFO]  • iters: 440 (Module: solver, Line: 344)
2025-07-06 14:21:39,463 [INFO]  • final_residual: 1.1372903547383282 (Module: solver, Line: 344)
