2025-05-18 00:15:22,787 - INFO - 🔧 Starting global matrix assembly...
2025-05-18 00:15:22,789 - DEBUG - This detailed log is written to the assembly.log file
2025-05-18 00:15:22,790 - INFO - Total DOFs: 606, Elements count: 100

DOF mappings per element:
Element 0: DOF mapping = [ 0  1  2  3  4  5  6  7  8  9 10 11]
Element 1: DOF mapping = [ 6  7  8  9 10 11 12 13 14 15 16 17]
Element 2: DOF mapping = [12 13 14 15 16 17 18 19 20 21 22 23]
Element 3: DOF mapping = [18 19 20 21 22 23 24 25 26 27 28 29]
Element 4: DOF mapping = [24 25 26 27 28 29 30 31 32 33 34 35]
Element 5: DOF mapping = [30 31 32 33 34 35 36 37 38 39 40 41]
Element 6: DOF mapping = [36 37 38 39 40 41 42 43 44 45 46 47]
Element 7: DOF mapping = [42 43 44 45 46 47 48 49 50 51 52 53]
Element 8: DOF mapping = [48 49 50 51 52 53 54 55 56 57 58 59]
Element 9: DOF mapping = [54 55 56 57 58 59 60 61 62 63 64 65]
Element 10: DOF mapping = [60 61 62 63 64 65 66 67 68 69 70 71]
Element 11: DOF mapping = [66 67 68 69 70 71 72 73 74 75 76 77]
Element 12: DOF mapping = [72 73 74 75 76 77 78 79 80 81 82 83]
Element 13: DOF mapping = [78 79 80 81 82 83 84 85 86 87 88 89]
Element 14: DOF mapping = [84 85 86 87 88 89 90 91 92 93 94 95]
Element 15: DOF mapping = [ 90  91  92  93  94  95  96  97  98  99 100 101]
Element 16: DOF mapping = [ 96  97  98  99 100 101 102 103 104 105 106 107]
Element 17: DOF mapping = [102 103 104 105 106 107 108 109 110 111 112 113]
Element 18: DOF mapping = [108 109 110 111 112 113 114 115 116 117 118 119]
Element 19: DOF mapping = [114 115 116 117 118 119 120 121 122 123 124 125]
Element 20: DOF mapping = [120 121 122 123 124 125 126 127 128 129 130 131]
Element 21: DOF mapping = [126 127 128 129 130 131 132 133 134 135 136 137]
Element 22: DOF mapping = [132 133 134 135 136 137 138 139 140 141 142 143]
Element 23: DOF mapping = [138 139 140 141 142 143 144 145 146 147 148 149]
Element 24: DOF mapping = [144 145 146 147 148 149 150 151 152 153 154 155]
Element 25: DOF mapping = [150 151 152 153 154 155 156 157 158 159 160 161]
Element 26: DOF mapping = [156 157 158 159 160 161 162 163 164 165 166 167]
Element 27: DOF mapping = [162 163 164 165 166 167 168 169 170 171 172 173]
Element 28: DOF mapping = [168 169 170 171 172 173 174 175 176 177 178 179]
Element 29: DOF mapping = [174 175 176 177 178 179 180 181 182 183 184 185]
Element 30: DOF mapping = [180 181 182 183 184 185 186 187 188 189 190 191]
Element 31: DOF mapping = [186 187 188 189 190 191 192 193 194 195 196 197]
Element 32: DOF mapping = [192 193 194 195 196 197 198 199 200 201 202 203]
Element 33: DOF mapping = [198 199 200 201 202 203 204 205 206 207 208 209]
Element 34: DOF mapping = [204 205 206 207 208 209 210 211 212 213 214 215]
Element 35: DOF mapping = [210 211 212 213 214 215 216 217 218 219 220 221]
Element 36: DOF mapping = [216 217 218 219 220 221 222 223 224 225 226 227]
Element 37: DOF mapping = [222 223 224 225 226 227 228 229 230 231 232 233]
Element 38: DOF mapping = [228 229 230 231 232 233 234 235 236 237 238 239]
Element 39: DOF mapping = [234 235 236 237 238 239 240 241 242 243 244 245]
Element 40: DOF mapping = [240 241 242 243 244 245 246 247 248 249 250 251]
Element 41: DOF mapping = [246 247 248 249 250 251 252 253 254 255 256 257]
Element 42: DOF mapping = [252 253 254 255 256 257 258 259 260 261 262 263]
Element 43: DOF mapping = [258 259 260 261 262 263 264 265 266 267 268 269]
Element 44: DOF mapping = [264 265 266 267 268 269 270 271 272 273 274 275]
Element 45: DOF mapping = [270 271 272 273 274 275 276 277 278 279 280 281]
Element 46: DOF mapping = [276 277 278 279 280 281 282 283 284 285 286 287]
Element 47: DOF mapping = [282 283 284 285 286 287 288 289 290 291 292 293]
Element 48: DOF mapping = [288 289 290 291 292 293 294 295 296 297 298 299]
Element 49: DOF mapping = [294 295 296 297 298 299 300 301 302 303 304 305]
Element 50: DOF mapping = [300 301 302 303 304 305 306 307 308 309 310 311]
Element 51: DOF mapping = [306 307 308 309 310 311 312 313 314 315 316 317]
Element 52: DOF mapping = [312 313 314 315 316 317 318 319 320 321 322 323]
Element 53: DOF mapping = [318 319 320 321 322 323 324 325 326 327 328 329]
Element 54: DOF mapping = [324 325 326 327 328 329 330 331 332 333 334 335]
Element 55: DOF mapping = [330 331 332 333 334 335 336 337 338 339 340 341]
Element 56: DOF mapping = [336 337 338 339 340 341 342 343 344 345 346 347]
Element 57: DOF mapping = [342 343 344 345 346 347 348 349 350 351 352 353]
Element 58: DOF mapping = [348 349 350 351 352 353 354 355 356 357 358 359]
Element 59: DOF mapping = [354 355 356 357 358 359 360 361 362 363 364 365]
Element 60: DOF mapping = [360 361 362 363 364 365 366 367 368 369 370 371]
Element 61: DOF mapping = [366 367 368 369 370 371 372 373 374 375 376 377]
Element 62: DOF mapping = [372 373 374 375 376 377 378 379 380 381 382 383]
Element 63: DOF mapping = [378 379 380 381 382 383 384 385 386 387 388 389]
Element 64: DOF mapping = [384 385 386 387 388 389 390 391 392 393 394 395]
Element 65: DOF mapping = [390 391 392 393 394 395 396 397 398 399 400 401]
Element 66: DOF mapping = [396 397 398 399 400 401 402 403 404 405 406 407]
Element 67: DOF mapping = [402 403 404 405 406 407 408 409 410 411 412 413]
Element 68: DOF mapping = [408 409 410 411 412 413 414 415 416 417 418 419]
Element 69: DOF mapping = [414 415 416 417 418 419 420 421 422 423 424 425]
Element 70: DOF mapping = [420 421 422 423 424 425 426 427 428 429 430 431]
Element 71: DOF mapping = [426 427 428 429 430 431 432 433 434 435 436 437]
Element 72: DOF mapping = [432 433 434 435 436 437 438 439 440 441 442 443]
Element 73: DOF mapping = [438 439 440 441 442 443 444 445 446 447 448 449]
Element 74: DOF mapping = [444 445 446 447 448 449 450 451 452 453 454 455]
Element 75: DOF mapping = [450 451 452 453 454 455 456 457 458 459 460 461]
Element 76: DOF mapping = [456 457 458 459 460 461 462 463 464 465 466 467]
Element 77: DOF mapping = [462 463 464 465 466 467 468 469 470 471 472 473]
Element 78: DOF mapping = [468 469 470 471 472 473 474 475 476 477 478 479]
Element 79: DOF mapping = [474 475 476 477 478 479 480 481 482 483 484 485]
Element 80: DOF mapping = [480 481 482 483 484 485 486 487 488 489 490 491]
Element 81: DOF mapping = [486 487 488 489 490 491 492 493 494 495 496 497]
Element 82: DOF mapping = [492 493 494 495 496 497 498 499 500 501 502 503]
Element 83: DOF mapping = [498 499 500 501 502 503 504 505 506 507 508 509]
Element 84: DOF mapping = [504 505 506 507 508 509 510 511 512 513 514 515]
Element 85: DOF mapping = [510 511 512 513 514 515 516 517 518 519 520 521]
Element 86: DOF mapping = [516 517 518 519 520 521 522 523 524 525 526 527]
Element 87: DOF mapping = [522 523 524 525 526 527 528 529 530 531 532 533]
Element 88: DOF mapping = [528 529 530 531 532 533 534 535 536 537 538 539]
Element 89: DOF mapping = [534 535 536 537 538 539 540 541 542 543 544 545]
Element 90: DOF mapping = [540 541 542 543 544 545 546 547 548 549 550 551]
Element 91: DOF mapping = [546 547 548 549 550 551 552 553 554 555 556 557]
Element 92: DOF mapping = [552 553 554 555 556 557 558 559 560 561 562 563]
Element 93: DOF mapping = [558 559 560 561 562 563 564 565 566 567 568 569]
Element 94: DOF mapping = [564 565 566 567 568 569 570 571 572 573 574 575]
Element 95: DOF mapping = [570 571 572 573 574 575 576 577 578 579 580 581]
Element 96: DOF mapping = [576 577 578 579 580 581 582 583 584 585 586 587]
Element 97: DOF mapping = [582 583 584 585 586 587 588 589 590 591 592 593]
Element 98: DOF mapping = [588 589 590 591 592 593 594 595 596 597 598 599]
Element 99: DOF mapping = [594 595 596 597 598 599 600 601 602 603 604 605]
2025-05-18 00:15:22,793 - INFO - 🔧 Assembling global stiffness matrix...
2025-05-18 00:15:22,796 - INFO - ✅ Stiffness matrix assembled.
2025-05-18 00:15:22,797 - INFO - 🔧 Assembling force vector...
2025-05-18 00:15:22,798 - INFO - ✅ Force vector assembled.

Sparse K_global (DOF > 100):
 Row  Col         Value
   0    0  2.000000e+13
   0    6 -2.000000e+13
   1    1  2.240011e+17
   1    5  1.280006e+17
   1    7 -2.240011e+17
   1   11  9.600048e+16
   2    2  5.600112e+16
   2    4 -3.200064e+16
   2    8 -5.600112e+16
   2   10 -2.400048e+16
   3    3  6.565378e+09
   3    9 -6.565378e+09
   4    2 -3.200064e+16
   4    4  1.866704e+16
   4    8  3.200064e+16
   4   10  1.333360e+16
   5    1  1.280006e+17
   5    5  7.466704e+16
   5    7 -1.280006e+17
   5   11  5.333360e+16
   6    0 -2.000000e+13
   6    6  4.000000e+13
   6   12 -2.000000e+13
   7    1 -2.240011e+17
   7    5 -1.280006e+17
   7    7  4.480022e+17
   7   11  3.200016e+16
   7   13 -2.240011e+17
   7   17  9.600048e+16
   8    2 -5.600112e+16
   8    4  3.200064e+16
   8    8  1.120022e+17
   8   10 -8.000160e+15
   8   14 -5.600112e+16
   8   16 -2.400048e+16
   9    3 -6.565378e+09
   9    9  1.313076e+10
   9   15 -6.565378e+09
  10    2 -2.400048e+16
  10    4  1.333360e+16
  10    8 -8.000160e+15
  10   10  2.933392e+16
  10   14  3.200064e+16
  10   16  1.333360e+16
  11    1  9.600048e+16
  11    5  5.333360e+16
  11    7  3.200016e+16
  11   11  1.173339e+17
  11   13 -1.280006e+17
  11   17  5.333360e+16
  12    6 -2.000000e+13
  12   12  4.000000e+13
  12   18 -2.000000e+13
  13    7 -2.240011e+17
  13   11 -1.280006e+17
  13   13  4.480022e+17
  13   17  3.200016e+16
  13   19 -2.240011e+17
  13   23  9.600048e+16
  14    8 -5.600112e+16
  14   10  3.200064e+16
  14   14  1.120022e+17
  14   16 -8.000160e+15
  14   20 -5.600112e+16
  14   22 -2.400048e+16
  15    9 -6.565378e+09
  15   15  1.313076e+10
  15   21 -6.565378e+09
  16    8 -2.400048e+16
  16   10  1.333360e+16
  16   14 -8.000160e+15
  16   16  2.933392e+16
  16   20  3.200064e+16
  16   22  1.333360e+16
  17    7  9.600048e+16
  17   11  5.333360e+16
  17   13  3.200016e+16
  17   17  1.173339e+17
  17   19 -1.280006e+17
  17   23  5.333360e+16
  18   12 -2.000000e+13
  18   18  4.000000e+13
  18   24 -2.000000e+13
  19   13 -2.240011e+17
  19   17 -1.280006e+17
  19   19  4.480022e+17
  19   23  3.200016e+16
  19   25 -2.240011e+17
  19   29  9.600048e+16
  20   14 -5.600112e+16
  20   16  3.200064e+16
  20   20  1.120022e+17
  20   22 -8.000160e+15
  20   26 -5.600112e+16
  20   28 -2.400048e+16
  21   15 -6.565378e+09
  21   21  1.313076e+10
  21   27 -6.565378e+09
  22   14 -2.400048e+16
  22   16  1.333360e+16
  22   20 -8.000160e+15
  22   22  2.933392e+16
  22   26  3.200064e+16
  22   28  1.333360e+16
  23   13  9.600048e+16
  23   17  5.333360e+16
  23   19  3.200016e+16
  23   23  1.173339e+17
  23   25 -1.280006e+17
  23   29  5.333360e+16
  24   18 -2.000000e+13
  24   24  4.000000e+13
  24   30 -2.000000e+13
  25   19 -2.240011e+17
  25   23 -1.280006e+17
  25   25  4.480022e+17
  25   29  3.200016e+16
  25   31 -2.240011e+17
  25   35  9.600048e+16
  26   20 -5.600112e+16
  26   22  3.200064e+16
  26   26  1.120022e+17
  26   28 -8.000160e+15
  26   32 -5.600112e+16
  26   34 -2.400048e+16
  27   21 -6.565378e+09
  27   27  1.313076e+10
  27   33 -6.565378e+09
  28   20 -2.400048e+16
  28   22  1.333360e+16
  28   26 -8.000160e+15
  28   28  2.933392e+16
  28   32  3.200064e+16
  28   34  1.333360e+16
  29   19  9.600048e+16
  29   23  5.333360e+16
  29   25  3.200016e+16
  29   29  1.173339e+17
  29   31 -1.280006e+17
  29   35  5.333360e+16
  30   24 -2.000000e+13
  30   30  4.000000e+13
  30   36 -2.000000e+13
  31   25 -2.240011e+17
  31   29 -1.280006e+17
  31   31  4.480022e+17
  31   35  3.200016e+16
  31   37 -2.240011e+17
  31   41  9.600048e+16
  32   26 -5.600112e+16
  32   28  3.200064e+16
  32   32  1.120022e+17
  32   34 -8.000160e+15
  32   38 -5.600112e+16
  32   40 -2.400048e+16
  33   27 -6.565378e+09
  33   33  1.313076e+10
  33   39 -6.565378e+09
  34   26 -2.400048e+16
  34   28  1.333360e+16
  34   32 -8.000160e+15
  34   34  2.933392e+16
  34   38  3.200064e+16
  34   40  1.333360e+16
  35   25  9.600048e+16
  35   29  5.333360e+16
  35   31  3.200016e+16
  35   35  1.173339e+17
  35   37 -1.280006e+17
  35   41  5.333360e+16
  36   30 -2.000000e+13
  36   36  4.000000e+13
  36   42 -2.000000e+13
  37   31 -2.240011e+17
  37   35 -1.280006e+17
  37   37  4.480022e+17
  37   41  3.200016e+16
  37   43 -2.240011e+17
  37   47  9.600048e+16
  38   32 -5.600112e+16
  38   34  3.200064e+16
  38   38  1.120022e+17
  38   40 -8.000160e+15
  38   44 -5.600112e+16
  38   46 -2.400048e+16
  39   33 -6.565378e+09
  39   39  1.313076e+10
  39   45 -6.565378e+09
  40   32 -2.400048e+16
  40   34  1.333360e+16
  40   38 -8.000160e+15
  40   40  2.933392e+16
  40   44  3.200064e+16
  40   46  1.333360e+16
  41   31  9.600048e+16
  41   35  5.333360e+16
  41   37  3.200016e+16
  41   41  1.173339e+17
  41   43 -1.280006e+17
  41   47  5.333360e+16
  42   36 -2.000000e+13
  42   42  4.000000e+13
  42   48 -2.000000e+13
  43   37 -2.240011e+17
  43   41 -1.280006e+17
  43   43  4.480022e+17
  43   47  3.200016e+16
  43   49 -2.240011e+17
  43   53  9.600048e+16
  44   38 -5.600112e+16
  44   40  3.200064e+16
  44   44  1.120022e+17
  44   46 -8.000160e+15
  44   50 -5.600112e+16
  44   52 -2.400048e+16
  45   39 -6.565378e+09
  45   45  1.313076e+10
  45   51 -6.565378e+09
  46   38 -2.400048e+16
  46   40  1.333360e+16
  46   44 -8.000160e+15
  46   46  2.933392e+16
  46   50  3.200064e+16
  46   52  1.333360e+16
  47   37  9.600048e+16
  47   41  5.333360e+16
  47   43  3.200016e+16
  47   47  1.173339e+17
  47   49 -1.280006e+17
  47   53  5.333360e+16
  48   42 -2.000000e+13
  48   48  4.000000e+13
  48   54 -2.000000e+13
  49   43 -2.240011e+17
  49   47 -1.280006e+17
  49   49  4.480022e+17
  49   53  3.200016e+16
  49   55 -2.240011e+17
  49   59  9.600048e+16
  50   44 -5.600112e+16
  50   46  3.200064e+16
  50   50  1.120022e+17
  50   52 -8.000160e+15
  50   56 -5.600112e+16
  50   58 -2.400048e+16
  51   45 -6.565378e+09
  51   51  1.313076e+10
  51   57 -6.565378e+09
  52   44 -2.400048e+16
  52   46  1.333360e+16
  52   50 -8.000160e+15
  52   52  2.933392e+16
  52   56  3.200064e+16
  52   58  1.333360e+16
  53   43  9.600048e+16
  53   47  5.333360e+16
  53   49  3.200016e+16
  53   53  1.173339e+17
  53   55 -1.280006e+17
  53   59  5.333360e+16
  54   48 -2.000000e+13
  54   54  4.000000e+13
  54   60 -2.000000e+13
  55   49 -2.240011e+17
  55   53 -1.280006e+17
  55   55  4.480022e+17
  55   59  3.200016e+16
  55   61 -2.240011e+17
  55   65  9.600048e+16
  56   50 -5.600112e+16
  56   52  3.200064e+16
  56   56  1.120022e+17
  56   58 -8.000160e+15
  56   62 -5.600112e+16
  56   64 -2.400048e+16
  57   51 -6.565378e+09
  57   57  1.313076e+10
  57   63 -6.565378e+09
  58   50 -2.400048e+16
  58   52  1.333360e+16
  58   56 -8.000160e+15
  58   58  2.933392e+16
  58   62  3.200064e+16
  58   64  1.333360e+16
  59   49  9.600048e+16
  59   53  5.333360e+16
  59   55  3.200016e+16
  59   59  1.173339e+17
  59   61 -1.280006e+17
  59   65  5.333360e+16
  60   54 -2.000000e+13
  60   60  4.000000e+13
  60   66 -2.000000e+13
  61   55 -2.240011e+17
  61   59 -1.280006e+17
  61   61  4.480022e+17
  61   65  3.200016e+16
  61   67 -2.240011e+17
  61   71  9.600048e+16
  62   56 -5.600112e+16
  62   58  3.200064e+16
  62   62  1.120022e+17
  62   64 -8.000160e+15
  62   68 -5.600112e+16
  62   70 -2.400048e+16
  63   57 -6.565378e+09
  63   63  1.313076e+10
  63   69 -6.565378e+09
  64   56 -2.400048e+16
  64   58  1.333360e+16
  64   62 -8.000160e+15
  64   64  2.933392e+16
  64   68  3.200064e+16
  64   70  1.333360e+16
  65   55  9.600048e+16
  65   59  5.333360e+16
  65   61  3.200016e+16
  65   65  1.173339e+17
  65   67 -1.280006e+17
  65   71  5.333360e+16
  66   60 -2.000000e+13
  66   66  4.000000e+13
  66   72 -2.000000e+13
  67   61 -2.240011e+17
  67   65 -1.280006e+17
  67   67  4.480022e+17
  67   71  3.200016e+16
  67   73 -2.240011e+17
  67   77  9.600048e+16
  68   62 -5.600112e+16
  68   64  3.200064e+16
  68   68  1.120022e+17
  68   70 -8.000160e+15
  68   74 -5.600112e+16
  68   76 -2.400048e+16
  69   63 -6.565378e+09
  69   69  1.313076e+10
  69   75 -6.565378e+09
  70   62 -2.400048e+16
  70   64  1.333360e+16
  70   68 -8.000160e+15
  70   70  2.933392e+16
  70   74  3.200064e+16
  70   76  1.333360e+16
  71   61  9.600048e+16
  71   65  5.333360e+16
  71   67  3.200016e+16
  71   71  1.173339e+17
  71   73 -1.280006e+17
  71   77  5.333360e+16
  72   66 -2.000000e+13
  72   72  4.000000e+13
  72   78 -2.000000e+13
  73   67 -2.240011e+17
  73   71 -1.280006e+17
  73   73  4.480022e+17
  73   77  3.200016e+16
  73   79 -2.240011e+17
  73   83  9.600048e+16
  74   68 -5.600112e+16
  74   70  3.200064e+16
  74   74  1.120022e+17
  74   76 -8.000160e+15
  74   80 -5.600112e+16
  74   82 -2.400048e+16
  75   69 -6.565378e+09
  75   75  1.313076e+10
  75   81 -6.565378e+09
  76   68 -2.400048e+16
  76   70  1.333360e+16
  76   74 -8.000160e+15
  76   76  2.933392e+16
  76   80  3.200064e+16
  76   82  1.333360e+16
  77   67  9.600048e+16
  77   71  5.333360e+16
  77   73  3.200016e+16
  77   77  1.173339e+17
  77   79 -1.280006e+17
  77   83  5.333360e+16
  78   72 -2.000000e+13
  78   78  4.000000e+13
  78   84 -2.000000e+13
  79   73 -2.240011e+17
  79   77 -1.280006e+17
  79   79  4.480022e+17
  79   83  3.200016e+16
  79   85 -2.240011e+17
  79   89  9.600048e+16
  80   74 -5.600112e+16
  80   76  3.200064e+16
  80   80  1.120022e+17
  80   82 -8.000160e+15
  80   86 -5.600112e+16
  80   88 -2.400048e+16
  81   75 -6.565378e+09
  81   81  1.313076e+10
  81   87 -6.565378e+09
  82   74 -2.400048e+16
  82   76  1.333360e+16
  82   80 -8.000160e+15
  82   82  2.933392e+16
  82   86  3.200064e+16
  82   88  1.333360e+16
  83   73  9.600048e+16
  83   77  5.333360e+16
  83   79  3.200016e+16
  83   83  1.173339e+17
  83   85 -1.280006e+17
  83   89  5.333360e+16
  84   78 -2.000000e+13
  84   84  4.000000e+13
  84   90 -2.000000e+13
  85   79 -2.240011e+17
  85   83 -1.280006e+17
  85   85  4.480022e+17
  85   89  3.200016e+16
  85   91 -2.240011e+17
  85   95  9.600048e+16
  86   80 -5.600112e+16
  86   82  3.200064e+16
  86   86  1.120022e+17
  86   88 -8.000160e+15
  86   92 -5.600112e+16
  86   94 -2.400048e+16
  87   81 -6.565378e+09
  87   87  1.313076e+10
  87   93 -6.565378e+09
  88   80 -2.400048e+16
  88   82  1.333360e+16
  88   86 -8.000160e+15
  88   88  2.933392e+16
  88   92  3.200064e+16
  88   94  1.333360e+16
  89   79  9.600048e+16
  89   83  5.333360e+16
  89   85  3.200016e+16
  89   89  1.173339e+17
  89   91 -1.280006e+17
  89   95  5.333360e+16
  90   84 -2.000000e+13
  90   90  4.000000e+13
  90   96 -2.000000e+13
  91   85 -2.240011e+17
  91   89 -1.280006e+17
  91   91  4.480022e+17
  91   95  3.200016e+16
  91   97 -2.240011e+17
  91  101  9.600048e+16
  92   86 -5.600112e+16
  92   88  3.200064e+16
  92   92  1.120022e+17
  92   94 -8.000160e+15
  92   98 -5.600112e+16
  92  100 -2.400048e+16
  93   87 -6.565378e+09
  93   93  1.313076e+10
  93   99 -6.565378e+09
  94   86 -2.400048e+16
  94   88  1.333360e+16
  94   92 -8.000160e+15
  94   94  2.933392e+16
  94   98  3.200064e+16
  94  100  1.333360e+16
  95   85  9.600048e+16
  95   89  5.333360e+16
  95   91  3.200016e+16
  95   95  1.173339e+17
  95   97 -1.280006e+17
  95  101  5.333360e+16
  96   90 -2.000000e+13
  96   96  4.000000e+13
  96  102 -2.000000e+13
  97   91 -2.240011e+17
  97   95 -1.280006e+17
  97   97  4.480022e+17
  97  101  3.200016e+16
  97  103 -2.240011e+17
  97  107  9.600048e+16
  98   92 -5.600112e+16
  98   94  3.200064e+16
  98   98  1.120022e+17
  98  100 -8.000160e+15
  98  104 -5.600112e+16
  98  106 -2.400048e+16
  99   93 -6.565378e+09
  99   99  1.313076e+10
  99  105 -6.565378e+09
 100   92 -2.400048e+16
 100   94  1.333360e+16
 100   98 -8.000160e+15
 100  100  2.933392e+16
 100  104  3.200064e+16
 100  106  1.333360e+16
 101   91  9.600048e+16
 101   95  5.333360e+16
 101   97  3.200016e+16
 101  101  1.173339e+17
 101  103 -1.280006e+17
 101  107  5.333360e+16
 102   96 -2.000000e+13
 102  102  4.000000e+13
 102  108 -2.000000e+13
 103   97 -2.240011e+17
 103  101 -1.280006e+17
 103  103  4.480022e+17
 103  107  3.200016e+16
 103  109 -2.240011e+17
 103  113  9.600048e+16
 104   98 -5.600112e+16
 104  100  3.200064e+16
 104  104  1.120022e+17
 104  106 -8.000160e+15
 104  110 -5.600112e+16
 104  112 -2.400048e+16
 105   99 -6.565378e+09
 105  105  1.313076e+10
 105  111 -6.565378e+09
 106   98 -2.400048e+16
 106  100  1.333360e+16
 106  104 -8.000160e+15
 106  106  2.933392e+16
 106  110  3.200064e+16
 106  112  1.333360e+16
 107   97  9.600048e+16
 107  101  5.333360e+16
 107  103  3.200016e+16
 107  107  1.173339e+17
 107  109 -1.280006e+17
 107  113  5.333360e+16
 108  102 -2.000000e+13
 108  108  4.000000e+13
 108  114 -2.000000e+13
 109  103 -2.240011e+17
 109  107 -1.280006e+17
 109  109  4.480022e+17
 109  113  3.200016e+16
 109  115 -2.240011e+17
 109  119  9.600048e+16
 110  104 -5.600112e+16
 110  106  3.200064e+16
 110  110  1.120022e+17
 110  112 -8.000160e+15
 110  116 -5.600112e+16
 110  118 -2.400048e+16
 111  105 -6.565378e+09
 111  111  1.313076e+10
 111  117 -6.565378e+09
 112  104 -2.400048e+16
 112  106  1.333360e+16
 112  110 -8.000160e+15
 112  112  2.933392e+16
 112  116  3.200064e+16
 112  118  1.333360e+16
 113  103  9.600048e+16
 113  107  5.333360e+16
 113  109  3.200016e+16
 113  113  1.173339e+17
 113  115 -1.280006e+17
 113  119  5.333360e+16
 114  108 -2.000000e+13
 114  114  4.000000e+13
 114  120 -2.000000e+13
 115  109 -2.240011e+17
 115  113 -1.280006e+17
 115  115  4.480022e+17
 115  119  3.200016e+16
 115  121 -2.240011e+17
 115  125  9.600048e+16
 116  110 -5.600112e+16
 116  112  3.200064e+16
 116  116  1.120022e+17
 116  118 -8.000160e+15
 116  122 -5.600112e+16
 116  124 -2.400048e+16
 117  111 -6.565378e+09
 117  117  1.313076e+10
 117  123 -6.565378e+09
 118  110 -2.400048e+16
 118  112  1.333360e+16
 118  116 -8.000160e+15
 118  118  2.933392e+16
 118  122  3.200064e+16
 118  124  1.333360e+16
 119  109  9.600048e+16
 119  113  5.333360e+16
 119  115  3.200016e+16
 119  119  1.173339e+17
 119  121 -1.280006e+17
 119  125  5.333360e+16
 120  114 -2.000000e+13
 120  120  4.000000e+13
 120  126 -2.000000e+13
 121  115 -2.240011e+17
 121  119 -1.280006e+17
 121  121  4.480022e+17
 121  125  3.200016e+16
 121  127 -2.240011e+17
 121  131  9.600048e+16
 122  116 -5.600112e+16
 122  118  3.200064e+16
 122  122  1.120022e+17
 122  124 -8.000160e+15
 122  128 -5.600112e+16
 122  130 -2.400048e+16
 123  117 -6.565378e+09
 123  123  1.313076e+10
 123  129 -6.565378e+09
 124  116 -2.400048e+16
 124  118  1.333360e+16
 124  122 -8.000160e+15
 124  124  2.933392e+16
 124  128  3.200064e+16
 124  130  1.333360e+16
 125  115  9.600048e+16
 125  119  5.333360e+16
 125  121  3.200016e+16
 125  125  1.173339e+17
 125  127 -1.280006e+17
 125  131  5.333360e+16
 126  120 -2.000000e+13
 126  126  4.000000e+13
 126  132 -2.000000e+13
 127  121 -2.240011e+17
 127  125 -1.280006e+17
 127  127  4.480022e+17
 127  131  3.200016e+16
 127  133 -2.240011e+17
 127  137  9.600048e+16
 128  122 -5.600112e+16
 128  124  3.200064e+16
 128  128  1.120022e+17
 128  130 -8.000160e+15
 128  134 -5.600112e+16
 128  136 -2.400048e+16
 129  123 -6.565378e+09
 129  129  1.313076e+10
 129  135 -6.565378e+09
 130  122 -2.400048e+16
 130  124  1.333360e+16
 130  128 -8.000160e+15
 130  130  2.933392e+16
 130  134  3.200064e+16
 130  136  1.333360e+16
 131  121  9.600048e+16
 131  125  5.333360e+16
 131  127  3.200016e+16
 131  131  1.173339e+17
 131  133 -1.280006e+17
 131  137  5.333360e+16
 132  126 -2.000000e+13
 132  132  4.000000e+13
 132  138 -2.000000e+13
 133  127 -2.240011e+17
 133  131 -1.280006e+17
 133  133  4.480022e+17
 133  137  3.200016e+16
 133  139 -2.240011e+17
 133  143  9.600048e+16
 134  128 -5.600112e+16
 134  130  3.200064e+16
 134  134  1.120022e+17
 134  136 -8.000160e+15
 134  140 -5.600112e+16
 134  142 -2.400048e+16
 135  129 -6.565378e+09
 135  135  1.313076e+10
 135  141 -6.565378e+09
 136  128 -2.400048e+16
 136  130  1.333360e+16
 136  134 -8.000160e+15
 136  136  2.933392e+16
 136  140  3.200064e+16
 136  142  1.333360e+16
 137  127  9.600048e+16
 137  131  5.333360e+16
 137  133  3.200016e+16
 137  137  1.173339e+17
 137  139 -1.280006e+17
 137  143  5.333360e+16
 138  132 -2.000000e+13
 138  138  4.000000e+13
 138  144 -2.000000e+13
 139  133 -2.240011e+17
 139  137 -1.280006e+17
 139  139  4.480022e+17
 139  143  3.200016e+16
 139  145 -2.240011e+17
 139  149  9.600048e+16
 140  134 -5.600112e+16
 140  136  3.200064e+16
 140  140  1.120022e+17
 140  142 -8.000160e+15
 140  146 -5.600112e+16
 140  148 -2.400048e+16
 141  135 -6.565378e+09
 141  141  1.313076e+10
 141  147 -6.565378e+09
 142  134 -2.400048e+16
 142  136  1.333360e+16
 142  140 -8.000160e+15
 142  142  2.933392e+16
 142  146  3.200064e+16
 142  148  1.333360e+16
 143  133  9.600048e+16
 143  137  5.333360e+16
 143  139  3.200016e+16
 143  143  1.173339e+17
 143  145 -1.280006e+17
 143  149  5.333360e+16
 144  138 -2.000000e+13
 144  144  4.000000e+13
 144  150 -2.000000e+13
 145  139 -2.240011e+17
 145  143 -1.280006e+17
 145  145  4.480022e+17
 145  149  3.200016e+16
 145  151 -2.240011e+17
 145  155  9.600048e+16
 146  140 -5.600112e+16
 146  142  3.200064e+16
 146  146  1.120022e+17
 146  148 -8.000160e+15
 146  152 -5.600112e+16
 146  154 -2.400048e+16
 147  141 -6.565378e+09
 147  147  1.313076e+10
 147  153 -6.565378e+09
 148  140 -2.400048e+16
 148  142  1.333360e+16
 148  146 -8.000160e+15
 148  148  2.933392e+16
 148  152  3.200064e+16
 148  154  1.333360e+16
 149  139  9.600048e+16
 149  143  5.333360e+16
 149  145  3.200016e+16
 149  149  1.173339e+17
 149  151 -1.280006e+17
 149  155  5.333360e+16
 150  144 -2.000000e+13
 150  150  4.000000e+13
 150  156 -2.000000e+13
 151  145 -2.240011e+17
 151  149 -1.280006e+17
 151  151  4.480022e+17
 151  155  3.200016e+16
 151  157 -2.240011e+17
 151  161  9.600048e+16
 152  146 -5.600112e+16
 152  148  3.200064e+16
 152  152  1.120022e+17
 152  154 -8.000160e+15
 152  158 -5.600112e+16
 152  160 -2.400048e+16
 153  147 -6.565378e+09
 153  153  1.313076e+10
 153  159 -6.565378e+09
 154  146 -2.400048e+16
 154  148  1.333360e+16
 154  152 -8.000160e+15
 154  154  2.933392e+16
 154  158  3.200064e+16
 154  160  1.333360e+16
 155  145  9.600048e+16
 155  149  5.333360e+16
 155  151  3.200016e+16
 155  155  1.173339e+17
 155  157 -1.280006e+17
 155  161  5.333360e+16
 156  150 -2.000000e+13
 156  156  4.000000e+13
 156  162 -2.000000e+13
 157  151 -2.240011e+17
 157  155 -1.280006e+17
 157  157  4.480022e+17
 157  161  3.200016e+16
 157  163 -2.240011e+17
 157  167  9.600048e+16
 158  152 -5.600112e+16
 158  154  3.200064e+16
 158  158  1.120022e+17
 158  160 -8.000160e+15
 158  164 -5.600112e+16
 158  166 -2.400048e+16
 159  153 -6.565378e+09
 159  159  1.313076e+10
 159  165 -6.565378e+09
 160  152 -2.400048e+16
 160  154  1.333360e+16
 160  158 -8.000160e+15
 160  160  2.933392e+16
 160  164  3.200064e+16
 160  166  1.333360e+16
 161  151  9.600048e+16
 161  155  5.333360e+16
 161  157  3.200016e+16
 161  161  1.173339e+17
 161  163 -1.280006e+17
 161  167  5.333360e+16
 162  156 -2.000000e+13
 162  162  4.000000e+13
 162  168 -2.000000e+13
 163  157 -2.240011e+17
 163  161 -1.280006e+17
 163  163  4.480022e+17
 163  167  3.200016e+16
 163  169 -2.240011e+17
 163  173  9.600048e+16
 164  158 -5.600112e+16
 164  160  3.200064e+16
 164  164  1.120022e+17
 164  166 -8.000160e+15
 164  170 -5.600112e+16
 164  172 -2.400048e+16
 165  159 -6.565378e+09
 165  165  1.313076e+10
 165  171 -6.565378e+09
 166  158 -2.400048e+16
 166  160  1.333360e+16
 166  164 -8.000160e+15
 166  166  2.933392e+16
 166  170  3.200064e+16
 166  172  1.333360e+16
 167  157  9.600048e+16
 167  161  5.333360e+16
 167  163  3.200016e+16
 167  167  1.173339e+17
 167  169 -1.280006e+17
 167  173  5.333360e+16
 168  162 -2.000000e+13
 168  168  4.000000e+13
 168  174 -2.000000e+13
 169  163 -2.240011e+17
 169  167 -1.280006e+17
 169  169  4.480022e+17
 169  173  3.200016e+16
 169  175 -2.240011e+17
 169  179  9.600048e+16
 170  164 -5.600112e+16
 170  166  3.200064e+16
 170  170  1.120022e+17
 170  172 -8.000160e+15
 170  176 -5.600112e+16
 170  178 -2.400048e+16
 171  165 -6.565378e+09
 171  171  1.313076e+10
 171  177 -6.565378e+09
 172  164 -2.400048e+16
 172  166  1.333360e+16
 172  170 -8.000160e+15
 172  172  2.933392e+16
 172  176  3.200064e+16
 172  178  1.333360e+16
 173  163  9.600048e+16
 173  167  5.333360e+16
 173  169  3.200016e+16
 173  173  1.173339e+17
 173  175 -1.280006e+17
 173  179  5.333360e+16
 174  168 -2.000000e+13
 174  174  4.000000e+13
 174  180 -2.000000e+13
 175  169 -2.240011e+17
 175  173 -1.280006e+17
 175  175  4.480022e+17
 175  179  3.200016e+16
 175  181 -2.240011e+17
 175  185  9.600048e+16
 176  170 -5.600112e+16
 176  172  3.200064e+16
 176  176  1.120022e+17
 176  178 -8.000160e+15
 176  182 -5.600112e+16
 176  184 -2.400048e+16
 177  171 -6.565378e+09
 177  177  1.313076e+10
 177  183 -6.565378e+09
 178  170 -2.400048e+16
 178  172  1.333360e+16
 178  176 -8.000160e+15
 178  178  2.933392e+16
 178  182  3.200064e+16
 178  184  1.333360e+16
 179  169  9.600048e+16
 179  173  5.333360e+16
 179  175  3.200016e+16
 179  179  1.173339e+17
 179  181 -1.280006e+17
 179  185  5.333360e+16
 180  174 -2.000000e+13
 180  180  4.000000e+13
 180  186 -2.000000e+13
 181  175 -2.240011e+17
 181  179 -1.280006e+17
 181  181  4.480022e+17
 181  185  3.200016e+16
 181  187 -2.240011e+17
 181  191  9.600048e+16
 182  176 -5.600112e+16
 182  178  3.200064e+16
 182  182  1.120022e+17
 182  184 -8.000160e+15
 182  188 -5.600112e+16
 182  190 -2.400048e+16
 183  177 -6.565378e+09
 183  183  1.313076e+10
 183  189 -6.565378e+09
 184  176 -2.400048e+16
 184  178  1.333360e+16
 184  182 -8.000160e+15
 184  184  2.933392e+16
 184  188  3.200064e+16
 184  190  1.333360e+16
 185  175  9.600048e+16
 185  179  5.333360e+16
 185  181  3.200016e+16
 185  185  1.173339e+17
 185  187 -1.280006e+17
 185  191  5.333360e+16
 186  180 -2.000000e+13
 186  186  4.000000e+13
 186  192 -2.000000e+13
 187  181 -2.240011e+17
 187  185 -1.280006e+17
 187  187  4.480022e+17
 187  191  3.200016e+16
 187  193 -2.240011e+17
 187  197  9.600048e+16
 188  182 -5.600112e+16
 188  184  3.200064e+16
 188  188  1.120022e+17
 188  190 -8.000160e+15
 188  194 -5.600112e+16
 188  196 -2.400048e+16
 189  183 -6.565378e+09
 189  189  1.313076e+10
 189  195 -6.565378e+09
 190  182 -2.400048e+16
 190  184  1.333360e+16
 190  188 -8.000160e+15
 190  190  2.933392e+16
 190  194  3.200064e+16
 190  196  1.333360e+16
 191  181  9.600048e+16
 191  185  5.333360e+16
 191  187  3.200016e+16
 191  191  1.173339e+17
 191  193 -1.280006e+17
 191  197  5.333360e+16
 192  186 -2.000000e+13
 192  192  4.000000e+13
 192  198 -2.000000e+13
 193  187 -2.240011e+17
 193  191 -1.280006e+17
 193  193  4.480022e+17
 193  197  3.200016e+16
 193  199 -2.240011e+17
 193  203  9.600048e+16
 194  188 -5.600112e+16
 194  190  3.200064e+16
 194  194  1.120022e+17
 194  196 -8.000160e+15
 194  200 -5.600112e+16
 194  202 -2.400048e+16
 195  189 -6.565378e+09
 195  195  1.313076e+10
 195  201 -6.565378e+09
 196  188 -2.400048e+16
 196  190  1.333360e+16
 196  194 -8.000160e+15
 196  196  2.933392e+16
 196  200  3.200064e+16
 196  202  1.333360e+16
 197  187  9.600048e+16
 197  191  5.333360e+16
 197  193  3.200016e+16
 197  197  1.173339e+17
 197  199 -1.280006e+17
 197  203  5.333360e+16
 198  192 -2.000000e+13
 198  198  4.000000e+13
 198  204 -2.000000e+13
 199  193 -2.240011e+17
 199  197 -1.280006e+17
 199  199  4.480022e+17
 199  203  3.200016e+16
 199  205 -2.240011e+17
 199  209  9.600048e+16
 200  194 -5.600112e+16
 200  196  3.200064e+16
 200  200  1.120022e+17
 200  202 -8.000160e+15
 200  206 -5.600112e+16
 200  208 -2.400048e+16
 201  195 -6.565378e+09
 201  201  1.313076e+10
 201  207 -6.565378e+09
 202  194 -2.400048e+16
 202  196  1.333360e+16
 202  200 -8.000160e+15
 202  202  2.933392e+16
 202  206  3.200064e+16
 202  208  1.333360e+16
 203  193  9.600048e+16
 203  197  5.333360e+16
 203  199  3.200016e+16
 203  203  1.173339e+17
 203  205 -1.280006e+17
 203  209  5.333360e+16
 204  198 -2.000000e+13
 204  204  4.000000e+13
 204  210 -2.000000e+13
 205  199 -2.240011e+17
 205  203 -1.280006e+17
 205  205  4.480022e+17
 205  209  3.200016e+16
 205  211 -2.240011e+17
 205  215  9.600048e+16
 206  200 -5.600112e+16
 206  202  3.200064e+16
 206  206  1.120022e+17
 206  208 -8.000160e+15
 206  212 -5.600112e+16
 206  214 -2.400048e+16
 207  201 -6.565378e+09
 207  207  1.313076e+10
 207  213 -6.565378e+09
 208  200 -2.400048e+16
 208  202  1.333360e+16
 208  206 -8.000160e+15
 208  208  2.933392e+16
 208  212  3.200064e+16
 208  214  1.333360e+16
 209  199  9.600048e+16
 209  203  5.333360e+16
 209  205  3.200016e+16
 209  209  1.173339e+17
 209  211 -1.280006e+17
 209  215  5.333360e+16
 210  204 -2.000000e+13
 210  210  4.000000e+13
 210  216 -2.000000e+13
 211  205 -2.240011e+17
 211  209 -1.280006e+17
 211  211  4.480022e+17
 211  215  3.200016e+16
 211  217 -2.240011e+17
 211  221  9.600048e+16
 212  206 -5.600112e+16
 212  208  3.200064e+16
 212  212  1.120022e+17
 212  214 -8.000160e+15
 212  218 -5.600112e+16
 212  220 -2.400048e+16
 213  207 -6.565378e+09
 213  213  1.313076e+10
 213  219 -6.565378e+09
 214  206 -2.400048e+16
 214  208  1.333360e+16
 214  212 -8.000160e+15
 214  214  2.933392e+16
 214  218  3.200064e+16
 214  220  1.333360e+16
 215  205  9.600048e+16
 215  209  5.333360e+16
 215  211  3.200016e+16
 215  215  1.173339e+17
 215  217 -1.280006e+17
 215  221  5.333360e+16
 216  210 -2.000000e+13
 216  216  4.000000e+13
 216  222 -2.000000e+13
 217  211 -2.240011e+17
 217  215 -1.280006e+17
 217  217  4.480022e+17
 217  221  3.200016e+16
 217  223 -2.240011e+17
 217  227  9.600048e+16
 218  212 -5.600112e+16
 218  214  3.200064e+16
 218  218  1.120022e+17
 218  220 -8.000160e+15
 218  224 -5.600112e+16
 218  226 -2.400048e+16
 219  213 -6.565378e+09
 219  219  1.313076e+10
 219  225 -6.565378e+09
 220  212 -2.400048e+16
 220  214  1.333360e+16
 220  218 -8.000160e+15
 220  220  2.933392e+16
 220  224  3.200064e+16
 220  226  1.333360e+16
 221  211  9.600048e+16
 221  215  5.333360e+16
 221  217  3.200016e+16
 221  221  1.173339e+17
 221  223 -1.280006e+17
 221  227  5.333360e+16
 222  216 -2.000000e+13
 222  222  4.000000e+13
 222  228 -2.000000e+13
 223  217 -2.240011e+17
 223  221 -1.280006e+17
 223  223  4.480022e+17
 223  227  3.200016e+16
 223  229 -2.240011e+17
 223  233  9.600048e+16
 224  218 -5.600112e+16
 224  220  3.200064e+16
 224  224  1.120022e+17
 224  226 -8.000160e+15
 224  230 -5.600112e+16
 224  232 -2.400048e+16
 225  219 -6.565378e+09
 225  225  1.313076e+10
 225  231 -6.565378e+09
 226  218 -2.400048e+16
 226  220  1.333360e+16
 226  224 -8.000160e+15
 226  226  2.933392e+16
 226  230  3.200064e+16
 226  232  1.333360e+16
 227  217  9.600048e+16
 227  221  5.333360e+16
 227  223  3.200016e+16
 227  227  1.173339e+17
 227  229 -1.280006e+17
 227  233  5.333360e+16
 228  222 -2.000000e+13
 228  228  4.000000e+13
 228  234 -2.000000e+13
 229  223 -2.240011e+17
 229  227 -1.280006e+17
 229  229  4.480022e+17
 229  233  3.200016e+16
 229  235 -2.240011e+17
 229  239  9.600048e+16
 230  224 -5.600112e+16
 230  226  3.200064e+16
 230  230  1.120022e+17
 230  232 -8.000160e+15
 230  236 -5.600112e+16
 230  238 -2.400048e+16
 231  225 -6.565378e+09
 231  231  1.313076e+10
 231  237 -6.565378e+09
 232  224 -2.400048e+16
 232  226  1.333360e+16
 232  230 -8.000160e+15
 232  232  2.933392e+16
 232  236  3.200064e+16
 232  238  1.333360e+16
 233  223  9.600048e+16
 233  227  5.333360e+16
 233  229  3.200016e+16
 233  233  1.173339e+17
 233  235 -1.280006e+17
 233  239  5.333360e+16
 234  228 -2.000000e+13
 234  234  4.000000e+13
 234  240 -2.000000e+13
 235  229 -2.240011e+17
 235  233 -1.280006e+17
 235  235  4.480022e+17
 235  239  3.200016e+16
 235  241 -2.240011e+17
 235  245  9.600048e+16
 236  230 -5.600112e+16
 236  232  3.200064e+16
 236  236  1.120022e+17
 236  238 -8.000160e+15
 236  242 -5.600112e+16
 236  244 -2.400048e+16
 237  231 -6.565378e+09
 237  237  1.313076e+10
 237  243 -6.565378e+09
 238  230 -2.400048e+16
 238  232  1.333360e+16
 238  236 -8.000160e+15
 238  238  2.933392e+16
 238  242  3.200064e+16
 238  244  1.333360e+16
 239  229  9.600048e+16
 239  233  5.333360e+16
 239  235  3.200016e+16
 239  239  1.173339e+17
 239  241 -1.280006e+17
 239  245  5.333360e+16
 240  234 -2.000000e+13
 240  240  4.000000e+13
 240  246 -2.000000e+13
 241  235 -2.240011e+17
 241  239 -1.280006e+17
 241  241  4.480022e+17
 241  245  3.200016e+16
 241  247 -2.240011e+17
 241  251  9.600048e+16
 242  236 -5.600112e+16
 242  238  3.200064e+16
 242  242  1.120022e+17
 242  244 -8.000160e+15
 242  248 -5.600112e+16
 242  250 -2.400048e+16
 243  237 -6.565378e+09
 243  243  1.313076e+10
 243  249 -6.565378e+09
 244  236 -2.400048e+16
 244  238  1.333360e+16
 244  242 -8.000160e+15
 244  244  2.933392e+16
 244  248  3.200064e+16
 244  250  1.333360e+16
 245  235  9.600048e+16
 245  239  5.333360e+16
 245  241  3.200016e+16
 245  245  1.173339e+17
 245  247 -1.280006e+17
 245  251  5.333360e+16
 246  240 -2.000000e+13
 246  246  4.000000e+13
 246  252 -2.000000e+13
 247  241 -2.240011e+17
 247  245 -1.280006e+17
 247  247  4.480022e+17
 247  251  3.200016e+16
 247  253 -2.240011e+17
 247  257  9.600048e+16
 248  242 -5.600112e+16
 248  244  3.200064e+16
 248  248  1.120022e+17
 248  250 -8.000160e+15
 248  254 -5.600112e+16
 248  256 -2.400048e+16
 249  243 -6.565378e+09
 249  249  1.313076e+10
 249  255 -6.565378e+09
 250  242 -2.400048e+16
 250  244  1.333360e+16
 250  248 -8.000160e+15
 250  250  2.933392e+16
 250  254  3.200064e+16
 250  256  1.333360e+16
 251  241  9.600048e+16
 251  245  5.333360e+16
 251  247  3.200016e+16
 251  251  1.173339e+17
 251  253 -1.280006e+17
 251  257  5.333360e+16
 252  246 -2.000000e+13
 252  252  4.000000e+13
 252  258 -2.000000e+13
 253  247 -2.240011e+17
 253  251 -1.280006e+17
 253  253  4.480022e+17
 253  257  3.200016e+16
 253  259 -2.240011e+17
 253  263  9.600048e+16
 254  248 -5.600112e+16
 254  250  3.200064e+16
 254  254  1.120022e+17
 254  256 -8.000160e+15
 254  260 -5.600112e+16
 254  262 -2.400048e+16
 255  249 -6.565378e+09
 255  255  1.313076e+10
 255  261 -6.565378e+09
 256  248 -2.400048e+16
 256  250  1.333360e+16
 256  254 -8.000160e+15
 256  256  2.933392e+16
 256  260  3.200064e+16
 256  262  1.333360e+16
 257  247  9.600048e+16
 257  251  5.333360e+16
 257  253  3.200016e+16
 257  257  1.173339e+17
 257  259 -1.280006e+17
 257  263  5.333360e+16
 258  252 -2.000000e+13
 258  258  4.000000e+13
 258  264 -2.000000e+13
 259  253 -2.240011e+17
 259  257 -1.280006e+17
 259  259  4.480022e+17
 259  263  3.200016e+16
 259  265 -2.240011e+17
 259  269  9.600048e+16
 260  254 -5.600112e+16
 260  256  3.200064e+16
 260  260  1.120022e+17
 260  262 -8.000160e+15
 260  266 -5.600112e+16
 260  268 -2.400048e+16
 261  255 -6.565378e+09
 261  261  1.313076e+10
 261  267 -6.565378e+09
 262  254 -2.400048e+16
 262  256  1.333360e+16
 262  260 -8.000160e+15
 262  262  2.933392e+16
 262  266  3.200064e+16
 262  268  1.333360e+16
 263  253  9.600048e+16
 263  257  5.333360e+16
 263  259  3.200016e+16
 263  263  1.173339e+17
 263  265 -1.280006e+17
 263  269  5.333360e+16
 264  258 -2.000000e+13
 264  264  4.000000e+13
 264  270 -2.000000e+13
 265  259 -2.240011e+17
 265  263 -1.280006e+17
 265  265  4.480022e+17
 265  269  3.200016e+16
 265  271 -2.240011e+17
 265  275  9.600048e+16
 266  260 -5.600112e+16
 266  262  3.200064e+16
 266  266  1.120022e+17
 266  268 -8.000160e+15
 266  272 -5.600112e+16
 266  274 -2.400048e+16
 267  261 -6.565378e+09
 267  267  1.313076e+10
 267  273 -6.565378e+09
 268  260 -2.400048e+16
 268  262  1.333360e+16
 268  266 -8.000160e+15
 268  268  2.933392e+16
 268  272  3.200064e+16
 268  274  1.333360e+16
 269  259  9.600048e+16
 269  263  5.333360e+16
 269  265  3.200016e+16
 269  269  1.173339e+17
 269  271 -1.280006e+17
 269  275  5.333360e+16
 270  264 -2.000000e+13
 270  270  4.000000e+13
 270  276 -2.000000e+13
 271  265 -2.240011e+17
 271  269 -1.280006e+17
 271  271  4.480022e+17
 271  275  3.200016e+16
 271  277 -2.240011e+17
 271  281  9.600048e+16
 272  266 -5.600112e+16
 272  268  3.200064e+16
 272  272  1.120022e+17
 272  274 -8.000160e+15
 272  278 -5.600112e+16
 272  280 -2.400048e+16
 273  267 -6.565378e+09
 273  273  1.313076e+10
 273  279 -6.565378e+09
 274  266 -2.400048e+16
 274  268  1.333360e+16
 274  272 -8.000160e+15
 274  274  2.933392e+16
 274  278  3.200064e+16
 274  280  1.333360e+16
 275  265  9.600048e+16
 275  269  5.333360e+16
 275  271  3.200016e+16
 275  275  1.173339e+17
 275  277 -1.280006e+17
 275  281  5.333360e+16
 276  270 -2.000000e+13
 276  276  4.000000e+13
 276  282 -2.000000e+13
 277  271 -2.240011e+17
 277  275 -1.280006e+17
 277  277  4.480022e+17
 277  281  3.200016e+16
 277  283 -2.240011e+17
 277  287  9.600048e+16
 278  272 -5.600112e+16
 278  274  3.200064e+16
 278  278  1.120022e+17
 278  280 -8.000160e+15
 278  284 -5.600112e+16
 278  286 -2.400048e+16
 279  273 -6.565378e+09
 279  279  1.313076e+10
 279  285 -6.565378e+09
 280  272 -2.400048e+16
 280  274  1.333360e+16
 280  278 -8.000160e+15
 280  280  2.933392e+16
 280  284  3.200064e+16
 280  286  1.333360e+16
 281  271  9.600048e+16
 281  275  5.333360e+16
 281  277  3.200016e+16
 281  281  1.173339e+17
 281  283 -1.280006e+17
 281  287  5.333360e+16
 282  276 -2.000000e+13
 282  282  4.000000e+13
 282  288 -2.000000e+13
 283  277 -2.240011e+17
 283  281 -1.280006e+17
 283  283  4.480022e+17
 283  287  3.200016e+16
 283  289 -2.240011e+17
 283  293  9.600048e+16
 284  278 -5.600112e+16
 284  280  3.200064e+16
 284  284  1.120022e+17
 284  286 -8.000160e+15
 284  290 -5.600112e+16
 284  292 -2.400048e+16
 285  279 -6.565378e+09
 285  285  1.313076e+10
 285  291 -6.565378e+09
 286  278 -2.400048e+16
 286  280  1.333360e+16
 286  284 -8.000160e+15
 286  286  2.933392e+16
 286  290  3.200064e+16
 286  292  1.333360e+16
 287  277  9.600048e+16
 287  281  5.333360e+16
 287  283  3.200016e+16
 287  287  1.173339e+17
 287  289 -1.280006e+17
 287  293  5.333360e+16
 288  282 -2.000000e+13
 288  288  4.000000e+13
 288  294 -2.000000e+13
 289  283 -2.240011e+17
 289  287 -1.280006e+17
 289  289  4.480022e+17
 289  293  3.200016e+16
 289  295 -2.240011e+17
 289  299  9.600048e+16
 290  284 -5.600112e+16
 290  286  3.200064e+16
 290  290  1.120022e+17
 290  292 -8.000160e+15
 290  296 -5.600112e+16
 290  298 -2.400048e+16
 291  285 -6.565378e+09
 291  291  1.313076e+10
 291  297 -6.565378e+09
 292  284 -2.400048e+16
 292  286  1.333360e+16
 292  290 -8.000160e+15
 292  292  2.933392e+16
 292  296  3.200064e+16
 292  298  1.333360e+16
 293  283  9.600048e+16
 293  287  5.333360e+16
 293  289  3.200016e+16
 293  293  1.173339e+17
 293  295 -1.280006e+17
 293  299  5.333360e+16
 294  288 -2.000000e+13
 294  294  4.000000e+13
 294  300 -2.000000e+13
 295  289 -2.240011e+17
 295  293 -1.280006e+17
 295  295  4.480022e+17
 295  299  3.200016e+16
 295  301 -2.240011e+17
 295  305  9.600048e+16
 296  290 -5.600112e+16
 296  292  3.200064e+16
 296  296  1.120022e+17
 296  298 -8.000160e+15
 296  302 -5.600112e+16
 296  304 -2.400048e+16
 297  291 -6.565378e+09
 297  297  1.313076e+10
 297  303 -6.565378e+09
 298  290 -2.400048e+16
 298  292  1.333360e+16
 298  296 -8.000160e+15
 298  298  2.933392e+16
 298  302  3.200064e+16
 298  304  1.333360e+16
 299  289  9.600048e+16
 299  293  5.333360e+16
 299  295  3.200016e+16
 299  299  1.173339e+17
 299  301 -1.280006e+17
 299  305  5.333360e+16
 300  294 -2.000000e+13
 300  300  4.000000e+13
 300  306 -2.000000e+13
 301  295 -2.240011e+17
 301  299 -1.280006e+17
 301  301  4.480022e+17
 301  305  3.200016e+16
 301  307 -2.240011e+17
 301  311  9.600048e+16
 302  296 -5.600112e+16
 302  298  3.200064e+16
 302  302  1.120022e+17
 302  304 -8.000160e+15
 302  308 -5.600112e+16
 302  310 -2.400048e+16
 303  297 -6.565378e+09
 303  303  1.313076e+10
 303  309 -6.565378e+09
 304  296 -2.400048e+16
 304  298  1.333360e+16
 304  302 -8.000160e+15
 304  304  2.933392e+16
 304  308  3.200064e+16
 304  310  1.333360e+16
 305  295  9.600048e+16
 305  299  5.333360e+16
 305  301  3.200016e+16
 305  305  1.173339e+17
 305  307 -1.280006e+17
 305  311  5.333360e+16
 306  300 -2.000000e+13
 306  306  4.000000e+13
 306  312 -2.000000e+13
 307  301 -2.240011e+17
 307  305 -1.280006e+17
 307  307  4.480022e+17
 307  311  3.200016e+16
 307  313 -2.240011e+17
 307  317  9.600048e+16
 308  302 -5.600112e+16
 308  304  3.200064e+16
 308  308  1.120022e+17
 308  310 -8.000160e+15
 308  314 -5.600112e+16
 308  316 -2.400048e+16
 309  303 -6.565378e+09
 309  309  1.313076e+10
 309  315 -6.565378e+09
 310  302 -2.400048e+16
 310  304  1.333360e+16
 310  308 -8.000160e+15
 310  310  2.933392e+16
 310  314  3.200064e+16
 310  316  1.333360e+16
 311  301  9.600048e+16
 311  305  5.333360e+16
 311  307  3.200016e+16
 311  311  1.173339e+17
 311  313 -1.280006e+17
 311  317  5.333360e+16
 312  306 -2.000000e+13
 312  312  4.000000e+13
 312  318 -2.000000e+13
 313  307 -2.240011e+17
 313  311 -1.280006e+17
 313  313  4.480022e+17
 313  317  3.200016e+16
 313  319 -2.240011e+17
 313  323  9.600048e+16
 314  308 -5.600112e+16
 314  310  3.200064e+16
 314  314  1.120022e+17
 314  316 -8.000160e+15
 314  320 -5.600112e+16
 314  322 -2.400048e+16
 315  309 -6.565378e+09
 315  315  1.313076e+10
 315  321 -6.565378e+09
 316  308 -2.400048e+16
 316  310  1.333360e+16
 316  314 -8.000160e+15
 316  316  2.933392e+16
 316  320  3.200064e+16
 316  322  1.333360e+16
 317  307  9.600048e+16
 317  311  5.333360e+16
 317  313  3.200016e+16
 317  317  1.173339e+17
 317  319 -1.280006e+17
 317  323  5.333360e+16
 318  312 -2.000000e+13
 318  318  4.000000e+13
 318  324 -2.000000e+13
 319  313 -2.240011e+17
 319  317 -1.280006e+17
 319  319  4.480022e+17
 319  323  3.200016e+16
 319  325 -2.240011e+17
 319  329  9.600048e+16
 320  314 -5.600112e+16
 320  316  3.200064e+16
 320  320  1.120022e+17
 320  322 -8.000160e+15
 320  326 -5.600112e+16
 320  328 -2.400048e+16
 321  315 -6.565378e+09
 321  321  1.313076e+10
 321  327 -6.565378e+09
 322  314 -2.400048e+16
 322  316  1.333360e+16
 322  320 -8.000160e+15
 322  322  2.933392e+16
 322  326  3.200064e+16
 322  328  1.333360e+16
 323  313  9.600048e+16
 323  317  5.333360e+16
 323  319  3.200016e+16
 323  323  1.173339e+17
 323  325 -1.280006e+17
 323  329  5.333360e+16
 324  318 -2.000000e+13
 324  324  4.000000e+13
 324  330 -2.000000e+13
 325  319 -2.240011e+17
 325  323 -1.280006e+17
 325  325  4.480022e+17
 325  329  3.200016e+16
 325  331 -2.240011e+17
 325  335  9.600048e+16
 326  320 -5.600112e+16
 326  322  3.200064e+16
 326  326  1.120022e+17
 326  328 -8.000160e+15
 326  332 -5.600112e+16
 326  334 -2.400048e+16
 327  321 -6.565378e+09
 327  327  1.313076e+10
 327  333 -6.565378e+09
 328  320 -2.400048e+16
 328  322  1.333360e+16
 328  326 -8.000160e+15
 328  328  2.933392e+16
 328  332  3.200064e+16
 328  334  1.333360e+16
 329  319  9.600048e+16
 329  323  5.333360e+16
 329  325  3.200016e+16
 329  329  1.173339e+17
 329  331 -1.280006e+17
 329  335  5.333360e+16
 330  324 -2.000000e+13
 330  330  4.000000e+13
 330  336 -2.000000e+13
 331  325 -2.240011e+17
 331  329 -1.280006e+17
 331  331  4.480022e+17
 331  335  3.200016e+16
 331  337 -2.240011e+17
 331  341  9.600048e+16
 332  326 -5.600112e+16
 332  328  3.200064e+16
 332  332  1.120022e+17
 332  334 -8.000160e+15
 332  338 -5.600112e+16
 332  340 -2.400048e+16
 333  327 -6.565378e+09
 333  333  1.313076e+10
 333  339 -6.565378e+09
 334  326 -2.400048e+16
 334  328  1.333360e+16
 334  332 -8.000160e+15
 334  334  2.933392e+16
 334  338  3.200064e+16
 334  340  1.333360e+16
 335  325  9.600048e+16
 335  329  5.333360e+16
 335  331  3.200016e+16
 335  335  1.173339e+17
 335  337 -1.280006e+17
 335  341  5.333360e+16
 336  330 -2.000000e+13
 336  336  4.000000e+13
 336  342 -2.000000e+13
 337  331 -2.240011e+17
 337  335 -1.280006e+17
 337  337  4.480022e+17
 337  341  3.200016e+16
 337  343 -2.240011e+17
 337  347  9.600048e+16
 338  332 -5.600112e+16
 338  334  3.200064e+16
 338  338  1.120022e+17
 338  340 -8.000160e+15
 338  344 -5.600112e+16
 338  346 -2.400048e+16
 339  333 -6.565378e+09
 339  339  1.313076e+10
 339  345 -6.565378e+09
 340  332 -2.400048e+16
 340  334  1.333360e+16
 340  338 -8.000160e+15
 340  340  2.933392e+16
 340  344  3.200064e+16
 340  346  1.333360e+16
 341  331  9.600048e+16
 341  335  5.333360e+16
 341  337  3.200016e+16
 341  341  1.173339e+17
 341  343 -1.280006e+17
 341  347  5.333360e+16
 342  336 -2.000000e+13
 342  342  4.000000e+13
 342  348 -2.000000e+13
 343  337 -2.240011e+17
 343  341 -1.280006e+17
 343  343  4.480022e+17
 343  347  3.200016e+16
 343  349 -2.240011e+17
 343  353  9.600048e+16
 344  338 -5.600112e+16
 344  340  3.200064e+16
 344  344  1.120022e+17
 344  346 -8.000160e+15
 344  350 -5.600112e+16
 344  352 -2.400048e+16
 345  339 -6.565378e+09
 345  345  1.313076e+10
 345  351 -6.565378e+09
 346  338 -2.400048e+16
 346  340  1.333360e+16
 346  344 -8.000160e+15
 346  346  2.933392e+16
 346  350  3.200064e+16
 346  352  1.333360e+16
 347  337  9.600048e+16
 347  341  5.333360e+16
 347  343  3.200016e+16
 347  347  1.173339e+17
 347  349 -1.280006e+17
 347  353  5.333360e+16
 348  342 -2.000000e+13
 348  348  4.000000e+13
 348  354 -2.000000e+13
 349  343 -2.240011e+17
 349  347 -1.280006e+17
 349  349  4.480022e+17
 349  353  3.200016e+16
 349  355 -2.240011e+17
 349  359  9.600048e+16
 350  344 -5.600112e+16
 350  346  3.200064e+16
 350  350  1.120022e+17
 350  352 -8.000160e+15
 350  356 -5.600112e+16
 350  358 -2.400048e+16
 351  345 -6.565378e+09
 351  351  1.313076e+10
 351  357 -6.565378e+09
 352  344 -2.400048e+16
 352  346  1.333360e+16
 352  350 -8.000160e+15
 352  352  2.933392e+16
 352  356  3.200064e+16
 352  358  1.333360e+16
 353  343  9.600048e+16
 353  347  5.333360e+16
 353  349  3.200016e+16
 353  353  1.173339e+17
 353  355 -1.280006e+17
 353  359  5.333360e+16
 354  348 -2.000000e+13
 354  354  4.000000e+13
 354  360 -2.000000e+13
 355  349 -2.240011e+17
 355  353 -1.280006e+17
 355  355  4.480022e+17
 355  359  3.200016e+16
 355  361 -2.240011e+17
 355  365  9.600048e+16
 356  350 -5.600112e+16
 356  352  3.200064e+16
 356  356  1.120022e+17
 356  358 -8.000160e+15
 356  362 -5.600112e+16
 356  364 -2.400048e+16
 357  351 -6.565378e+09
 357  357  1.313076e+10
 357  363 -6.565378e+09
 358  350 -2.400048e+16
 358  352  1.333360e+16
 358  356 -8.000160e+15
 358  358  2.933392e+16
 358  362  3.200064e+16
 358  364  1.333360e+16
 359  349  9.600048e+16
 359  353  5.333360e+16
 359  355  3.200016e+16
 359  359  1.173339e+17
 359  361 -1.280006e+17
 359  365  5.333360e+16
 360  354 -2.000000e+13
 360  360  4.000000e+13
 360  366 -2.000000e+13
 361  355 -2.240011e+17
 361  359 -1.280006e+17
 361  361  4.480022e+17
 361  365  3.200016e+16
 361  367 -2.240011e+17
 361  371  9.600048e+16
 362  356 -5.600112e+16
 362  358  3.200064e+16
 362  362  1.120022e+17
 362  364 -8.000160e+15
 362  368 -5.600112e+16
 362  370 -2.400048e+16
 363  357 -6.565378e+09
 363  363  1.313076e+10
 363  369 -6.565378e+09
 364  356 -2.400048e+16
 364  358  1.333360e+16
 364  362 -8.000160e+15
 364  364  2.933392e+16
 364  368  3.200064e+16
 364  370  1.333360e+16
 365  355  9.600048e+16
 365  359  5.333360e+16
 365  361  3.200016e+16
 365  365  1.173339e+17
 365  367 -1.280006e+17
 365  371  5.333360e+16
 366  360 -2.000000e+13
 366  366  4.000000e+13
 366  372 -2.000000e+13
 367  361 -2.240011e+17
 367  365 -1.280006e+17
 367  367  4.480022e+17
 367  371  3.200016e+16
 367  373 -2.240011e+17
 367  377  9.600048e+16
 368  362 -5.600112e+16
 368  364  3.200064e+16
 368  368  1.120022e+17
 368  370 -8.000160e+15
 368  374 -5.600112e+16
 368  376 -2.400048e+16
 369  363 -6.565378e+09
 369  369  1.313076e+10
 369  375 -6.565378e+09
 370  362 -2.400048e+16
 370  364  1.333360e+16
 370  368 -8.000160e+15
 370  370  2.933392e+16
 370  374  3.200064e+16
 370  376  1.333360e+16
 371  361  9.600048e+16
 371  365  5.333360e+16
 371  367  3.200016e+16
 371  371  1.173339e+17
 371  373 -1.280006e+17
 371  377  5.333360e+16
 372  366 -2.000000e+13
 372  372  4.000000e+13
 372  378 -2.000000e+13
 373  367 -2.240011e+17
 373  371 -1.280006e+17
 373  373  4.480022e+17
 373  377  3.200016e+16
 373  379 -2.240011e+17
 373  383  9.600048e+16
 374  368 -5.600112e+16
 374  370  3.200064e+16
 374  374  1.120022e+17
 374  376 -8.000160e+15
 374  380 -5.600112e+16
 374  382 -2.400048e+16
 375  369 -6.565378e+09
 375  375  1.313076e+10
 375  381 -6.565378e+09
 376  368 -2.400048e+16
 376  370  1.333360e+16
 376  374 -8.000160e+15
 376  376  2.933392e+16
 376  380  3.200064e+16
 376  382  1.333360e+16
 377  367  9.600048e+16
 377  371  5.333360e+16
 377  373  3.200016e+16
 377  377  1.173339e+17
 377  379 -1.280006e+17
 377  383  5.333360e+16
 378  372 -2.000000e+13
 378  378  4.000000e+13
 378  384 -2.000000e+13
 379  373 -2.240011e+17
 379  377 -1.280006e+17
 379  379  4.480022e+17
 379  383  3.200016e+16
 379  385 -2.240011e+17
 379  389  9.600048e+16
 380  374 -5.600112e+16
 380  376  3.200064e+16
 380  380  1.120022e+17
 380  382 -8.000160e+15
 380  386 -5.600112e+16
 380  388 -2.400048e+16
 381  375 -6.565378e+09
 381  381  1.313076e+10
 381  387 -6.565378e+09
 382  374 -2.400048e+16
 382  376  1.333360e+16
 382  380 -8.000160e+15
 382  382  2.933392e+16
 382  386  3.200064e+16
 382  388  1.333360e+16
 383  373  9.600048e+16
 383  377  5.333360e+16
 383  379  3.200016e+16
 383  383  1.173339e+17
 383  385 -1.280006e+17
 383  389  5.333360e+16
 384  378 -2.000000e+13
 384  384  4.000000e+13
 384  390 -2.000000e+13
 385  379 -2.240011e+17
 385  383 -1.280006e+17
 385  385  4.480022e+17
 385  389  3.200016e+16
 385  391 -2.240011e+17
 385  395  9.600048e+16
 386  380 -5.600112e+16
 386  382  3.200064e+16
 386  386  1.120022e+17
 386  388 -8.000160e+15
 386  392 -5.600112e+16
 386  394 -2.400048e+16
 387  381 -6.565378e+09
 387  387  1.313076e+10
 387  393 -6.565378e+09
 388  380 -2.400048e+16
 388  382  1.333360e+16
 388  386 -8.000160e+15
 388  388  2.933392e+16
 388  392  3.200064e+16
 388  394  1.333360e+16
 389  379  9.600048e+16
 389  383  5.333360e+16
 389  385  3.200016e+16
 389  389  1.173339e+17
 389  391 -1.280006e+17
 389  395  5.333360e+16
 390  384 -2.000000e+13
 390  390  4.000000e+13
 390  396 -2.000000e+13
 391  385 -2.240011e+17
 391  389 -1.280006e+17
 391  391  4.480022e+17
 391  395  3.200016e+16
 391  397 -2.240011e+17
 391  401  9.600048e+16
 392  386 -5.600112e+16
 392  388  3.200064e+16
 392  392  1.120022e+17
 392  394 -8.000160e+15
 392  398 -5.600112e+16
 392  400 -2.400048e+16
 393  387 -6.565378e+09
 393  393  1.313076e+10
 393  399 -6.565378e+09
 394  386 -2.400048e+16
 394  388  1.333360e+16
 394  392 -8.000160e+15
 394  394  2.933392e+16
 394  398  3.200064e+16
 394  400  1.333360e+16
 395  385  9.600048e+16
 395  389  5.333360e+16
 395  391  3.200016e+16
 395  395  1.173339e+17
 395  397 -1.280006e+17
 395  401  5.333360e+16
 396  390 -2.000000e+13
 396  396  4.000000e+13
 396  402 -2.000000e+13
 397  391 -2.240011e+17
 397  395 -1.280006e+17
 397  397  4.480022e+17
 397  401  3.200016e+16
 397  403 -2.240011e+17
 397  407  9.600048e+16
 398  392 -5.600112e+16
 398  394  3.200064e+16
 398  398  1.120022e+17
 398  400 -8.000160e+15
 398  404 -5.600112e+16
 398  406 -2.400048e+16
 399  393 -6.565378e+09
 399  399  1.313076e+10
 399  405 -6.565378e+09
 400  392 -2.400048e+16
 400  394  1.333360e+16
 400  398 -8.000160e+15
 400  400  2.933392e+16
 400  404  3.200064e+16
 400  406  1.333360e+16
 401  391  9.600048e+16
 401  395  5.333360e+16
 401  397  3.200016e+16
 401  401  1.173339e+17
 401  403 -1.280006e+17
 401  407  5.333360e+16
 402  396 -2.000000e+13
 402  402  4.000000e+13
 402  408 -2.000000e+13
 403  397 -2.240011e+17
 403  401 -1.280006e+17
 403  403  4.480022e+17
 403  407  3.200016e+16
 403  409 -2.240011e+17
 403  413  9.600048e+16
 404  398 -5.600112e+16
 404  400  3.200064e+16
 404  404  1.120022e+17
 404  406 -8.000160e+15
 404  410 -5.600112e+16
 404  412 -2.400048e+16
 405  399 -6.565378e+09
 405  405  1.313076e+10
 405  411 -6.565378e+09
 406  398 -2.400048e+16
 406  400  1.333360e+16
 406  404 -8.000160e+15
 406  406  2.933392e+16
 406  410  3.200064e+16
 406  412  1.333360e+16
 407  397  9.600048e+16
 407  401  5.333360e+16
 407  403  3.200016e+16
 407  407  1.173339e+17
 407  409 -1.280006e+17
 407  413  5.333360e+16
 408  402 -2.000000e+13
 408  408  4.000000e+13
 408  414 -2.000000e+13
 409  403 -2.240011e+17
 409  407 -1.280006e+17
 409  409  4.480022e+17
 409  413  3.200016e+16
 409  415 -2.240011e+17
 409  419  9.600048e+16
 410  404 -5.600112e+16
 410  406  3.200064e+16
 410  410  1.120022e+17
 410  412 -8.000160e+15
 410  416 -5.600112e+16
 410  418 -2.400048e+16
 411  405 -6.565378e+09
 411  411  1.313076e+10
 411  417 -6.565378e+09
 412  404 -2.400048e+16
 412  406  1.333360e+16
 412  410 -8.000160e+15
 412  412  2.933392e+16
 412  416  3.200064e+16
 412  418  1.333360e+16
 413  403  9.600048e+16
 413  407  5.333360e+16
 413  409  3.200016e+16
 413  413  1.173339e+17
 413  415 -1.280006e+17
 413  419  5.333360e+16
 414  408 -2.000000e+13
 414  414  4.000000e+13
 414  420 -2.000000e+13
 415  409 -2.240011e+17
 415  413 -1.280006e+17
 415  415  4.480022e+17
 415  419  3.200016e+16
 415  421 -2.240011e+17
 415  425  9.600048e+16
 416  410 -5.600112e+16
 416  412  3.200064e+16
 416  416  1.120022e+17
 416  418 -8.000160e+15
 416  422 -5.600112e+16
 416  424 -2.400048e+16
 417  411 -6.565378e+09
 417  417  1.313076e+10
 417  423 -6.565378e+09
 418  410 -2.400048e+16
 418  412  1.333360e+16
 418  416 -8.000160e+15
 418  418  2.933392e+16
 418  422  3.200064e+16
 418  424  1.333360e+16
 419  409  9.600048e+16
 419  413  5.333360e+16
 419  415  3.200016e+16
 419  419  1.173339e+17
 419  421 -1.280006e+17
 419  425  5.333360e+16
 420  414 -2.000000e+13
 420  420  4.000000e+13
 420  426 -2.000000e+13
 421  415 -2.240011e+17
 421  419 -1.280006e+17
 421  421  4.480022e+17
 421  425  3.200016e+16
 421  427 -2.240011e+17
 421  431  9.600048e+16
 422  416 -5.600112e+16
 422  418  3.200064e+16
 422  422  1.120022e+17
 422  424 -8.000160e+15
 422  428 -5.600112e+16
 422  430 -2.400048e+16
 423  417 -6.565378e+09
 423  423  1.313076e+10
 423  429 -6.565378e+09
 424  416 -2.400048e+16
 424  418  1.333360e+16
 424  422 -8.000160e+15
 424  424  2.933392e+16
 424  428  3.200064e+16
 424  430  1.333360e+16
 425  415  9.600048e+16
 425  419  5.333360e+16
 425  421  3.200016e+16
 425  425  1.173339e+17
 425  427 -1.280006e+17
 425  431  5.333360e+16
 426  420 -2.000000e+13
 426  426  4.000000e+13
 426  432 -2.000000e+13
 427  421 -2.240011e+17
 427  425 -1.280006e+17
 427  427  4.480022e+17
 427  431  3.200016e+16
 427  433 -2.240011e+17
 427  437  9.600048e+16
 428  422 -5.600112e+16
 428  424  3.200064e+16
 428  428  1.120022e+17
 428  430 -8.000160e+15
 428  434 -5.600112e+16
 428  436 -2.400048e+16
 429  423 -6.565378e+09
 429  429  1.313076e+10
 429  435 -6.565378e+09
 430  422 -2.400048e+16
 430  424  1.333360e+16
 430  428 -8.000160e+15
 430  430  2.933392e+16
 430  434  3.200064e+16
 430  436  1.333360e+16
 431  421  9.600048e+16
 431  425  5.333360e+16
 431  427  3.200016e+16
 431  431  1.173339e+17
 431  433 -1.280006e+17
 431  437  5.333360e+16
 432  426 -2.000000e+13
 432  432  4.000000e+13
 432  438 -2.000000e+13
 433  427 -2.240011e+17
 433  431 -1.280006e+17
 433  433  4.480022e+17
 433  437  3.200016e+16
 433  439 -2.240011e+17
 433  443  9.600048e+16
 434  428 -5.600112e+16
 434  430  3.200064e+16
 434  434  1.120022e+17
 434  436 -8.000160e+15
 434  440 -5.600112e+16
 434  442 -2.400048e+16
 435  429 -6.565378e+09
 435  435  1.313076e+10
 435  441 -6.565378e+09
 436  428 -2.400048e+16
 436  430  1.333360e+16
 436  434 -8.000160e+15
 436  436  2.933392e+16
 436  440  3.200064e+16
 436  442  1.333360e+16
 437  427  9.600048e+16
 437  431  5.333360e+16
 437  433  3.200016e+16
 437  437  1.173339e+17
 437  439 -1.280006e+17
 437  443  5.333360e+16
 438  432 -2.000000e+13
 438  438  4.000000e+13
 438  444 -2.000000e+13
 439  433 -2.240011e+17
 439  437 -1.280006e+17
 439  439  4.480022e+17
 439  443  3.200016e+16
 439  445 -2.240011e+17
 439  449  9.600048e+16
 440  434 -5.600112e+16
 440  436  3.200064e+16
 440  440  1.120022e+17
 440  442 -8.000160e+15
 440  446 -5.600112e+16
 440  448 -2.400048e+16
 441  435 -6.565378e+09
 441  441  1.313076e+10
 441  447 -6.565378e+09
 442  434 -2.400048e+16
 442  436  1.333360e+16
 442  440 -8.000160e+15
 442  442  2.933392e+16
 442  446  3.200064e+16
 442  448  1.333360e+16
 443  433  9.600048e+16
 443  437  5.333360e+16
 443  439  3.200016e+16
 443  443  1.173339e+17
 443  445 -1.280006e+17
 443  449  5.333360e+16
 444  438 -2.000000e+13
 444  444  4.000000e+13
 444  450 -2.000000e+13
 445  439 -2.240011e+17
 445  443 -1.280006e+17
 445  445  4.480022e+17
 445  449  3.200016e+16
 445  451 -2.240011e+17
 445  455  9.600048e+16
 446  440 -5.600112e+16
 446  442  3.200064e+16
 446  446  1.120022e+17
 446  448 -8.000160e+15
 446  452 -5.600112e+16
 446  454 -2.400048e+16
 447  441 -6.565378e+09
 447  447  1.313076e+10
 447  453 -6.565378e+09
 448  440 -2.400048e+16
 448  442  1.333360e+16
 448  446 -8.000160e+15
 448  448  2.933392e+16
 448  452  3.200064e+16
 448  454  1.333360e+16
 449  439  9.600048e+16
 449  443  5.333360e+16
 449  445  3.200016e+16
 449  449  1.173339e+17
 449  451 -1.280006e+17
 449  455  5.333360e+16
 450  444 -2.000000e+13
 450  450  4.000000e+13
 450  456 -2.000000e+13
 451  445 -2.240011e+17
 451  449 -1.280006e+17
 451  451  4.480022e+17
 451  455  3.200016e+16
 451  457 -2.240011e+17
 451  461  9.600048e+16
 452  446 -5.600112e+16
 452  448  3.200064e+16
 452  452  1.120022e+17
 452  454 -8.000160e+15
 452  458 -5.600112e+16
 452  460 -2.400048e+16
 453  447 -6.565378e+09
 453  453  1.313076e+10
 453  459 -6.565378e+09
 454  446 -2.400048e+16
 454  448  1.333360e+16
 454  452 -8.000160e+15
 454  454  2.933392e+16
 454  458  3.200064e+16
 454  460  1.333360e+16
 455  445  9.600048e+16
 455  449  5.333360e+16
 455  451  3.200016e+16
 455  455  1.173339e+17
 455  457 -1.280006e+17
 455  461  5.333360e+16
 456  450 -2.000000e+13
 456  456  4.000000e+13
 456  462 -2.000000e+13
 457  451 -2.240011e+17
 457  455 -1.280006e+17
 457  457  4.480022e+17
 457  461  3.200016e+16
 457  463 -2.240011e+17
 457  467  9.600048e+16
 458  452 -5.600112e+16
 458  454  3.200064e+16
 458  458  1.120022e+17
 458  460 -8.000160e+15
 458  464 -5.600112e+16
 458  466 -2.400048e+16
 459  453 -6.565378e+09
 459  459  1.313076e+10
 459  465 -6.565378e+09
 460  452 -2.400048e+16
 460  454  1.333360e+16
 460  458 -8.000160e+15
 460  460  2.933392e+16
 460  464  3.200064e+16
 460  466  1.333360e+16
 461  451  9.600048e+16
 461  455  5.333360e+16
 461  457  3.200016e+16
 461  461  1.173339e+17
 461  463 -1.280006e+17
 461  467  5.333360e+16
 462  456 -2.000000e+13
 462  462  4.000000e+13
 462  468 -2.000000e+13
 463  457 -2.240011e+17
 463  461 -1.280006e+17
 463  463  4.480022e+17
 463  467  3.200016e+16
 463  469 -2.240011e+17
 463  473  9.600048e+16
 464  458 -5.600112e+16
 464  460  3.200064e+16
 464  464  1.120022e+17
 464  466 -8.000160e+15
 464  470 -5.600112e+16
 464  472 -2.400048e+16
 465  459 -6.565378e+09
 465  465  1.313076e+10
 465  471 -6.565378e+09
 466  458 -2.400048e+16
 466  460  1.333360e+16
 466  464 -8.000160e+15
 466  466  2.933392e+16
 466  470  3.200064e+16
 466  472  1.333360e+16
 467  457  9.600048e+16
 467  461  5.333360e+16
 467  463  3.200016e+16
 467  467  1.173339e+17
 467  469 -1.280006e+17
 467  473  5.333360e+16
 468  462 -2.000000e+13
 468  468  4.000000e+13
 468  474 -2.000000e+13
 469  463 -2.240011e+17
 469  467 -1.280006e+17
 469  469  4.480022e+17
 469  473  3.200016e+16
 469  475 -2.240011e+17
 469  479  9.600048e+16
 470  464 -5.600112e+16
 470  466  3.200064e+16
 470  470  1.120022e+17
 470  472 -8.000160e+15
 470  476 -5.600112e+16
 470  478 -2.400048e+16
 471  465 -6.565378e+09
 471  471  1.313076e+10
 471  477 -6.565378e+09
 472  464 -2.400048e+16
 472  466  1.333360e+16
 472  470 -8.000160e+15
 472  472  2.933392e+16
 472  476  3.200064e+16
 472  478  1.333360e+16
 473  463  9.600048e+16
 473  467  5.333360e+16
 473  469  3.200016e+16
 473  473  1.173339e+17
 473  475 -1.280006e+17
 473  479  5.333360e+16
 474  468 -2.000000e+13
 474  474  4.000000e+13
 474  480 -2.000000e+13
 475  469 -2.240011e+17
 475  473 -1.280006e+17
 475  475  4.480022e+17
 475  479  3.200016e+16
 475  481 -2.240011e+17
 475  485  9.600048e+16
 476  470 -5.600112e+16
 476  472  3.200064e+16
 476  476  1.120022e+17
 476  478 -8.000160e+15
 476  482 -5.600112e+16
 476  484 -2.400048e+16
 477  471 -6.565378e+09
 477  477  1.313076e+10
 477  483 -6.565378e+09
 478  470 -2.400048e+16
 478  472  1.333360e+16
 478  476 -8.000160e+15
 478  478  2.933392e+16
 478  482  3.200064e+16
 478  484  1.333360e+16
 479  469  9.600048e+16
 479  473  5.333360e+16
 479  475  3.200016e+16
 479  479  1.173339e+17
 479  481 -1.280006e+17
 479  485  5.333360e+16
 480  474 -2.000000e+13
 480  480  4.000000e+13
 480  486 -2.000000e+13
 481  475 -2.240011e+17
 481  479 -1.280006e+17
 481  481  4.480022e+17
 481  485  3.200016e+16
 481  487 -2.240011e+17
 481  491  9.600048e+16
 482  476 -5.600112e+16
 482  478  3.200064e+16
 482  482  1.120022e+17
 482  484 -8.000160e+15
 482  488 -5.600112e+16
 482  490 -2.400048e+16
 483  477 -6.565378e+09
 483  483  1.313076e+10
 483  489 -6.565378e+09
 484  476 -2.400048e+16
 484  478  1.333360e+16
 484  482 -8.000160e+15
 484  484  2.933392e+16
 484  488  3.200064e+16
 484  490  1.333360e+16
 485  475  9.600048e+16
 485  479  5.333360e+16
 485  481  3.200016e+16
 485  485  1.173339e+17
 485  487 -1.280006e+17
 485  491  5.333360e+16
 486  480 -2.000000e+13
 486  486  4.000000e+13
 486  492 -2.000000e+13
 487  481 -2.240011e+17
 487  485 -1.280006e+17
 487  487  4.480022e+17
 487  491  3.200016e+16
 487  493 -2.240011e+17
 487  497  9.600048e+16
 488  482 -5.600112e+16
 488  484  3.200064e+16
 488  488  1.120022e+17
 488  490 -8.000160e+15
 488  494 -5.600112e+16
 488  496 -2.400048e+16
 489  483 -6.565378e+09
 489  489  1.313076e+10
 489  495 -6.565378e+09
 490  482 -2.400048e+16
 490  484  1.333360e+16
 490  488 -8.000160e+15
 490  490  2.933392e+16
 490  494  3.200064e+16
 490  496  1.333360e+16
 491  481  9.600048e+16
 491  485  5.333360e+16
 491  487  3.200016e+16
 491  491  1.173339e+17
 491  493 -1.280006e+17
 491  497  5.333360e+16
 492  486 -2.000000e+13
 492  492  4.000000e+13
 492  498 -2.000000e+13
 493  487 -2.240011e+17
 493  491 -1.280006e+17
 493  493  4.480022e+17
 493  497  3.200016e+16
 493  499 -2.240011e+17
 493  503  9.600048e+16
 494  488 -5.600112e+16
 494  490  3.200064e+16
 494  494  1.120022e+17
 494  496 -8.000160e+15
 494  500 -5.600112e+16
 494  502 -2.400048e+16
 495  489 -6.565378e+09
 495  495  1.313076e+10
 495  501 -6.565378e+09
 496  488 -2.400048e+16
 496  490  1.333360e+16
 496  494 -8.000160e+15
 496  496  2.933392e+16
 496  500  3.200064e+16
 496  502  1.333360e+16
 497  487  9.600048e+16
 497  491  5.333360e+16
 497  493  3.200016e+16
 497  497  1.173339e+17
 497  499 -1.280006e+17
 497  503  5.333360e+16
 498  492 -2.000000e+13
 498  498  4.000000e+13
 498  504 -2.000000e+13
 499  493 -2.240011e+17
 499  497 -1.280006e+17
 499  499  4.480022e+17
 499  503  3.200016e+16
 499  505 -2.240011e+17
 499  509  9.600048e+16
 500  494 -5.600112e+16
 500  496  3.200064e+16
 500  500  1.120022e+17
 500  502 -8.000160e+15
 500  506 -5.600112e+16
 500  508 -2.400048e+16
 501  495 -6.565378e+09
 501  501  1.313076e+10
 501  507 -6.565378e+09
 502  494 -2.400048e+16
 502  496  1.333360e+16
 502  500 -8.000160e+15
 502  502  2.933392e+16
 502  506  3.200064e+16
 502  508  1.333360e+16
 503  493  9.600048e+16
 503  497  5.333360e+16
 503  499  3.200016e+16
 503  503  1.173339e+17
 503  505 -1.280006e+17
 503  509  5.333360e+16
 504  498 -2.000000e+13
 504  504  4.000000e+13
 504  510 -2.000000e+13
 505  499 -2.240011e+17
 505  503 -1.280006e+17
 505  505  4.480022e+17
 505  509  3.200016e+16
 505  511 -2.240011e+17
 505  515  9.600048e+16
 506  500 -5.600112e+16
 506  502  3.200064e+16
 506  506  1.120022e+17
 506  508 -8.000160e+15
 506  512 -5.600112e+16
 506  514 -2.400048e+16
 507  501 -6.565378e+09
 507  507  1.313076e+10
 507  513 -6.565378e+09
 508  500 -2.400048e+16
 508  502  1.333360e+16
 508  506 -8.000160e+15
 508  508  2.933392e+16
 508  512  3.200064e+16
 508  514  1.333360e+16
 509  499  9.600048e+16
 509  503  5.333360e+16
 509  505  3.200016e+16
 509  509  1.173339e+17
 509  511 -1.280006e+17
 509  515  5.333360e+16
 510  504 -2.000000e+13
 510  510  4.000000e+13
 510  516 -2.000000e+13
 511  505 -2.240011e+17
 511  509 -1.280006e+17
 511  511  4.480022e+17
 511  515  3.200016e+16
 511  517 -2.240011e+17
 511  521  9.600048e+16
 512  506 -5.600112e+16
 512  508  3.200064e+16
 512  512  1.120022e+17
 512  514 -8.000160e+15
 512  518 -5.600112e+16
 512  520 -2.400048e+16
 513  507 -6.565378e+09
 513  513  1.313076e+10
 513  519 -6.565378e+09
 514  506 -2.400048e+16
 514  508  1.333360e+16
 514  512 -8.000160e+15
 514  514  2.933392e+16
 514  518  3.200064e+16
 514  520  1.333360e+16
 515  505  9.600048e+16
 515  509  5.333360e+16
 515  511  3.200016e+16
 515  515  1.173339e+17
 515  517 -1.280006e+17
 515  521  5.333360e+16
 516  510 -2.000000e+13
 516  516  4.000000e+13
 516  522 -2.000000e+13
 517  511 -2.240011e+17
 517  515 -1.280006e+17
 517  517  4.480022e+17
 517  521  3.200016e+16
 517  523 -2.240011e+17
 517  527  9.600048e+16
 518  512 -5.600112e+16
 518  514  3.200064e+16
 518  518  1.120022e+17
 518  520 -8.000160e+15
 518  524 -5.600112e+16
 518  526 -2.400048e+16
 519  513 -6.565378e+09
 519  519  1.313076e+10
 519  525 -6.565378e+09
 520  512 -2.400048e+16
 520  514  1.333360e+16
 520  518 -8.000160e+15
 520  520  2.933392e+16
 520  524  3.200064e+16
 520  526  1.333360e+16
 521  511  9.600048e+16
 521  515  5.333360e+16
 521  517  3.200016e+16
 521  521  1.173339e+17
 521  523 -1.280006e+17
 521  527  5.333360e+16
 522  516 -2.000000e+13
 522  522  4.000000e+13
 522  528 -2.000000e+13
 523  517 -2.240011e+17
 523  521 -1.280006e+17
 523  523  4.480022e+17
 523  527  3.200016e+16
 523  529 -2.240011e+17
 523  533  9.600048e+16
 524  518 -5.600112e+16
 524  520  3.200064e+16
 524  524  1.120022e+17
 524  526 -8.000160e+15
 524  530 -5.600112e+16
 524  532 -2.400048e+16
 525  519 -6.565378e+09
 525  525  1.313076e+10
 525  531 -6.565378e+09
 526  518 -2.400048e+16
 526  520  1.333360e+16
 526  524 -8.000160e+15
 526  526  2.933392e+16
 526  530  3.200064e+16
 526  532  1.333360e+16
 527  517  9.600048e+16
 527  521  5.333360e+16
 527  523  3.200016e+16
 527  527  1.173339e+17
 527  529 -1.280006e+17
 527  533  5.333360e+16
 528  522 -2.000000e+13
 528  528  4.000000e+13
 528  534 -2.000000e+13
 529  523 -2.240011e+17
 529  527 -1.280006e+17
 529  529  4.480022e+17
 529  533  3.200016e+16
 529  535 -2.240011e+17
 529  539  9.600048e+16
 530  524 -5.600112e+16
 530  526  3.200064e+16
 530  530  1.120022e+17
 530  532 -8.000160e+15
 530  536 -5.600112e+16
 530  538 -2.400048e+16
 531  525 -6.565378e+09
 531  531  1.313076e+10
 531  537 -6.565378e+09
 532  524 -2.400048e+16
 532  526  1.333360e+16
 532  530 -8.000160e+15
 532  532  2.933392e+16
 532  536  3.200064e+16
 532  538  1.333360e+16
 533  523  9.600048e+16
 533  527  5.333360e+16
 533  529  3.200016e+16
 533  533  1.173339e+17
 533  535 -1.280006e+17
 533  539  5.333360e+16
 534  528 -2.000000e+13
 534  534  4.000000e+13
 534  540 -2.000000e+13
 535  529 -2.240011e+17
 535  533 -1.280006e+17
 535  535  4.480022e+17
 535  539  3.200016e+16
 535  541 -2.240011e+17
 535  545  9.600048e+16
 536  530 -5.600112e+16
 536  532  3.200064e+16
 536  536  1.120022e+17
 536  538 -8.000160e+15
 536  542 -5.600112e+16
 536  544 -2.400048e+16
 537  531 -6.565378e+09
 537  537  1.313076e+10
 537  543 -6.565378e+09
 538  530 -2.400048e+16
 538  532  1.333360e+16
 538  536 -8.000160e+15
 538  538  2.933392e+16
 538  542  3.200064e+16
 538  544  1.333360e+16
 539  529  9.600048e+16
 539  533  5.333360e+16
 539  535  3.200016e+16
 539  539  1.173339e+17
 539  541 -1.280006e+17
 539  545  5.333360e+16
 540  534 -2.000000e+13
 540  540  4.000000e+13
 540  546 -2.000000e+13
 541  535 -2.240011e+17
 541  539 -1.280006e+17
 541  541  4.480022e+17
 541  545  3.200016e+16
 541  547 -2.240011e+17
 541  551  9.600048e+16
 542  536 -5.600112e+16
 542  538  3.200064e+16
 542  542  1.120022e+17
 542  544 -8.000160e+15
 542  548 -5.600112e+16
 542  550 -2.400048e+16
 543  537 -6.565378e+09
 543  543  1.313076e+10
 543  549 -6.565378e+09
 544  536 -2.400048e+16
 544  538  1.333360e+16
 544  542 -8.000160e+15
 544  544  2.933392e+16
 544  548  3.200064e+16
 544  550  1.333360e+16
 545  535  9.600048e+16
 545  539  5.333360e+16
 545  541  3.200016e+16
 545  545  1.173339e+17
 545  547 -1.280006e+17
 545  551  5.333360e+16
 546  540 -2.000000e+13
 546  546  4.000000e+13
 546  552 -2.000000e+13
 547  541 -2.240011e+17
 547  545 -1.280006e+17
 547  547  4.480022e+17
 547  551  3.200016e+16
 547  553 -2.240011e+17
 547  557  9.600048e+16
 548  542 -5.600112e+16
 548  544  3.200064e+16
 548  548  1.120022e+17
 548  550 -8.000160e+15
 548  554 -5.600112e+16
 548  556 -2.400048e+16
 549  543 -6.565378e+09
 549  549  1.313076e+10
 549  555 -6.565378e+09
 550  542 -2.400048e+16
 550  544  1.333360e+16
 550  548 -8.000160e+15
 550  550  2.933392e+16
 550  554  3.200064e+16
 550  556  1.333360e+16
 551  541  9.600048e+16
 551  545  5.333360e+16
 551  547  3.200016e+16
 551  551  1.173339e+17
 551  553 -1.280006e+17
 551  557  5.333360e+16
 552  546 -2.000000e+13
 552  552  4.000000e+13
 552  558 -2.000000e+13
 553  547 -2.240011e+17
 553  551 -1.280006e+17
 553  553  4.480022e+17
 553  557  3.200016e+16
 553  559 -2.240011e+17
 553  563  9.600048e+16
 554  548 -5.600112e+16
 554  550  3.200064e+16
 554  554  1.120022e+17
 554  556 -8.000160e+15
 554  560 -5.600112e+16
 554  562 -2.400048e+16
 555  549 -6.565378e+09
 555  555  1.313076e+10
 555  561 -6.565378e+09
 556  548 -2.400048e+16
 556  550  1.333360e+16
 556  554 -8.000160e+15
 556  556  2.933392e+16
 556  560  3.200064e+16
 556  562  1.333360e+16
 557  547  9.600048e+16
 557  551  5.333360e+16
 557  553  3.200016e+16
 557  557  1.173339e+17
 557  559 -1.280006e+17
 557  563  5.333360e+16
 558  552 -2.000000e+13
 558  558  4.000000e+13
 558  564 -2.000000e+13
 559  553 -2.240011e+17
 559  557 -1.280006e+17
 559  559  4.480022e+17
 559  563  3.200016e+16
 559  565 -2.240011e+17
 559  569  9.600048e+16
 560  554 -5.600112e+16
 560  556  3.200064e+16
 560  560  1.120022e+17
 560  562 -8.000160e+15
 560  566 -5.600112e+16
 560  568 -2.400048e+16
 561  555 -6.565378e+09
 561  561  1.313076e+10
 561  567 -6.565378e+09
 562  554 -2.400048e+16
 562  556  1.333360e+16
 562  560 -8.000160e+15
 562  562  2.933392e+16
 562  566  3.200064e+16
 562  568  1.333360e+16
 563  553  9.600048e+16
 563  557  5.333360e+16
 563  559  3.200016e+16
 563  563  1.173339e+17
 563  565 -1.280006e+17
 563  569  5.333360e+16
 564  558 -2.000000e+13
 564  564  4.000000e+13
 564  570 -2.000000e+13
 565  559 -2.240011e+17
 565  563 -1.280006e+17
 565  565  4.480022e+17
 565  569  3.200016e+16
 565  571 -2.240011e+17
 565  575  9.600048e+16
 566  560 -5.600112e+16
 566  562  3.200064e+16
 566  566  1.120022e+17
 566  568 -8.000160e+15
 566  572 -5.600112e+16
 566  574 -2.400048e+16
 567  561 -6.565378e+09
 567  567  1.313076e+10
 567  573 -6.565378e+09
 568  560 -2.400048e+16
 568  562  1.333360e+16
 568  566 -8.000160e+15
 568  568  2.933392e+16
 568  572  3.200064e+16
 568  574  1.333360e+16
 569  559  9.600048e+16
 569  563  5.333360e+16
 569  565  3.200016e+16
 569  569  1.173339e+17
 569  571 -1.280006e+17
 569  575  5.333360e+16
 570  564 -2.000000e+13
 570  570  4.000000e+13
 570  576 -2.000000e+13
 571  565 -2.240011e+17
 571  569 -1.280006e+17
 571  571  4.480022e+17
 571  575  3.200016e+16
 571  577 -2.240011e+17
 571  581  9.600048e+16
 572  566 -5.600112e+16
 572  568  3.200064e+16
 572  572  1.120022e+17
 572  574 -8.000160e+15
 572  578 -5.600112e+16
 572  580 -2.400048e+16
 573  567 -6.565378e+09
 573  573  1.313076e+10
 573  579 -6.565378e+09
 574  566 -2.400048e+16
 574  568  1.333360e+16
 574  572 -8.000160e+15
 574  574  2.933392e+16
 574  578  3.200064e+16
 574  580  1.333360e+16
 575  565  9.600048e+16
 575  569  5.333360e+16
 575  571  3.200016e+16
 575  575  1.173339e+17
 575  577 -1.280006e+17
 575  581  5.333360e+16
 576  570 -2.000000e+13
 576  576  4.000000e+13
 576  582 -2.000000e+13
 577  571 -2.240011e+17
 577  575 -1.280006e+17
 577  577  4.480022e+17
 577  581  3.200016e+16
 577  583 -2.240011e+17
 577  587  9.600048e+16
 578  572 -5.600112e+16
 578  574  3.200064e+16
 578  578  1.120022e+17
 578  580 -8.000160e+15
 578  584 -5.600112e+16
 578  586 -2.400048e+16
 579  573 -6.565378e+09
 579  579  1.313076e+10
 579  585 -6.565378e+09
 580  572 -2.400048e+16
 580  574  1.333360e+16
 580  578 -8.000160e+15
 580  580  2.933392e+16
 580  584  3.200064e+16
 580  586  1.333360e+16
 581  571  9.600048e+16
 581  575  5.333360e+16
 581  577  3.200016e+16
 581  581  1.173339e+17
 581  583 -1.280006e+17
 581  587  5.333360e+16
 582  576 -2.000000e+13
 582  582  4.000000e+13
 582  588 -2.000000e+13
 583  577 -2.240011e+17
 583  581 -1.280006e+17
 583  583  4.480022e+17
 583  587  3.200016e+16
 583  589 -2.240011e+17
 583  593  9.600048e+16
 584  578 -5.600112e+16
 584  580  3.200064e+16
 584  584  1.120022e+17
 584  586 -8.000160e+15
 584  590 -5.600112e+16
 584  592 -2.400048e+16
 585  579 -6.565378e+09
 585  585  1.313076e+10
 585  591 -6.565378e+09
 586  578 -2.400048e+16
 586  580  1.333360e+16
 586  584 -8.000160e+15
 586  586  2.933392e+16
 586  590  3.200064e+16
 586  592  1.333360e+16
 587  577  9.600048e+16
 587  581  5.333360e+16
 587  583  3.200016e+16
 587  587  1.173339e+17
 587  589 -1.280006e+17
 587  593  5.333360e+16
 588  582 -2.000000e+13
 588  588  4.000000e+13
 588  594 -2.000000e+13
 589  583 -2.240011e+17
 589  587 -1.280006e+17
 589  589  4.480022e+17
 589  593  3.200016e+16
 589  595 -2.240011e+17
 589  599  9.600048e+16
 590  584 -5.600112e+16
 590  586  3.200064e+16
 590  590  1.120022e+17
 590  592 -8.000160e+15
 590  596 -5.600112e+16
 590  598 -2.400048e+16
 591  585 -6.565378e+09
 591  591  1.313076e+10
 591  597 -6.565378e+09
 592  584 -2.400048e+16
 592  586  1.333360e+16
 592  590 -8.000160e+15
 592  592  2.933392e+16
 592  596  3.200064e+16
 592  598  1.333360e+16
 593  583  9.600048e+16
 593  587  5.333360e+16
 593  589  3.200016e+16
 593  593  1.173339e+17
 593  595 -1.280006e+17
 593  599  5.333360e+16
 594  588 -2.000000e+13
 594  594  4.000000e+13
 594  600 -2.000000e+13
 595  589 -2.240011e+17
 595  593 -1.280006e+17
 595  595  4.480022e+17
 595  599  3.200016e+16
 595  601 -2.240011e+17
 595  605  9.600048e+16
 596  590 -5.600112e+16
 596  592  3.200064e+16
 596  596  1.120022e+17
 596  598 -8.000160e+15
 596  602 -5.600112e+16
 596  604 -2.400048e+16
 597  591 -6.565378e+09
 597  597  1.313076e+10
 597  603 -6.565378e+09
 598  590 -2.400048e+16
 598  592  1.333360e+16
 598  596 -8.000160e+15
 598  598  2.933392e+16
 598  602  3.200064e+16
 598  604  1.333360e+16
 599  589  9.600048e+16
 599  593  5.333360e+16
 599  595  3.200016e+16
 599  599  1.173339e+17
 599  601 -1.280006e+17
 599  605  5.333360e+16
 600  594 -2.000000e+13
 600  600  2.000000e+13
 601  595 -2.240011e+17
 601  599 -1.280006e+17
 601  601  2.240011e+17
 601  605 -9.600048e+16
 602  596 -5.600112e+16
 602  598  3.200064e+16
 602  602  5.600112e+16
 602  604  2.400048e+16
 603  597 -6.565378e+09
 603  603  6.565378e+09
 604  596 -2.400048e+16
 604  598  1.333360e+16
 604  602  2.400048e+16
 604  604  1.066688e+16
 605  595  9.600048e+16
 605  599  5.333360e+16
 605  601 -9.600048e+16
 605  605  4.266688e+16
2025-05-18 00:15:22,828 - INFO - ✅ Assembly complete.
