2025-05-18 00:15:23,830 [INFO] (condensation:35) - 🔧 Starting static condensation process.
2025-05-18 00:15:23,830 [DEBUG] (condensation:38) - 🔍 Total DOFs in initial system: 606
2025-05-18 00:15:23,831 [DEBUG] (condensation:42) - 🚫 Explicitly Fixed DOFs: [0 1 2 3 4 5]
2025-05-18 00:15:23,833 [DEBUG] (condensation:43) - ✅ Active DOFs after removing fixed: [  6   7   8   9  10  11  12  13  14  15  16  17  18  19  20  21  22  23
  24  25  26  27  28  29  30  31  32  33  34  35  36  37  38  39  40  41
  42  43  44  45  46  47  48  49  50  51  52  53  54  55  56  57  58  59
  60  61  62  63  64  65  66  67  68  69  70  71  72  73  74  75  76  77
  78  79  80  81  82  83  84  85  86  87  88  89  90  91  92  93  94  95
  96  97  98  99 100 101 102 103 104 105 106 107 108 109 110 111 112 113
 114 115 116 117 118 119 120 121 122 123 124 125 126 127 128 129 130 131
 132 133 134 135 136 137 138 139 140 141 142 143 144 145 146 147 148 149
 150 151 152 153 154 155 156 157 158 159 160 161 162 163 164 165 166 167
 168 169 170 171 172 173 174 175 176 177 178 179 180 181 182 183 184 185
 186 187 188 189 190 191 192 193 194 195 196 197 198 199 200 201 202 203
 204 205 206 207 208 209 210 211 212 213 214 215 216 217 218 219 220 221
 222 223 224 225 226 227 228 229 230 231 232 233 234 235 236 237 238 239
 240 241 242 243 244 245 246 247 248 249 250 251 252 253 254 255 256 257
 258 259 260 261 262 263 264 265 266 267 268 269 270 271 272 273 274 275
 276 277 278 279 280 281 282 283 284 285 286 287 288 289 290 291 292 293
 294 295 296 297 298 299 300 301 302 303 304 305 306 307 308 309 310 311
 312 313 314 315 316 317 318 319 320 321 322 323 324 325 326 327 328 329
 330 331 332 333 334 335 336 337 338 339 340 341 342 343 344 345 346 347
 348 349 350 351 352 353 354 355 356 357 358 359 360 361 362 363 364 365
 366 367 368 369 370 371 372 373 374 375 376 377 378 379 380 381 382 383
 384 385 386 387 388 389 390 391 392 393 394 395 396 397 398 399 400 401
 402 403 404 405 406 407 408 409 410 411 412 413 414 415 416 417 418 419
 420 421 422 423 424 425 426 427 428 429 430 431 432 433 434 435 436 437
 438 439 440 441 442 443 444 445 446 447 448 449 450 451 452 453 454 455
 456 457 458 459 460 461 462 463 464 465 466 467 468 469 470 471 472 473
 474 475 476 477 478 479 480 481 482 483 484 485 486 487 488 489 490 491
 492 493 494 495 496 497 498 499 500 501 502 503 504 505 506 507 508 509
 510 511 512 513 514 515 516 517 518 519 520 521 522 523 524 525 526 527
 528 529 530 531 532 533 534 535 536 537 538 539 540 541 542 543 544 545
 546 547 548 549 550 551 552 553 554 555 556 557 558 559 560 561 562 563
 564 565 566 567 568 569 570 571 572 573 574 575 576 577 578 579 580 581
 582 583 584 585 586 587 588 589 590 591 592 593 594 595 596 597 598 599
 600 601 602 603 604 605]
2025-05-18 00:15:23,835 [DEBUG] (condensation:48) - 🟢 Intermediate K matrix shape: (600, 600)
2025-05-18 00:15:23,836 [INFO] (condensation:53) - 🔍 DOFs removed due to zero rows/columns: 0
2025-05-18 00:15:23,838 [DEBUG] (condensation:54) - ✅ Fully active DOFs post zero check: [  6   7   8   9  10  11  12  13  14  15  16  17  18  19  20  21  22  23
  24  25  26  27  28  29  30  31  32  33  34  35  36  37  38  39  40  41
  42  43  44  45  46  47  48  49  50  51  52  53  54  55  56  57  58  59
  60  61  62  63  64  65  66  67  68  69  70  71  72  73  74  75  76  77
  78  79  80  81  82  83  84  85  86  87  88  89  90  91  92  93  94  95
  96  97  98  99 100 101 102 103 104 105 106 107 108 109 110 111 112 113
 114 115 116 117 118 119 120 121 122 123 124 125 126 127 128 129 130 131
 132 133 134 135 136 137 138 139 140 141 142 143 144 145 146 147 148 149
 150 151 152 153 154 155 156 157 158 159 160 161 162 163 164 165 166 167
 168 169 170 171 172 173 174 175 176 177 178 179 180 181 182 183 184 185
 186 187 188 189 190 191 192 193 194 195 196 197 198 199 200 201 202 203
 204 205 206 207 208 209 210 211 212 213 214 215 216 217 218 219 220 221
 222 223 224 225 226 227 228 229 230 231 232 233 234 235 236 237 238 239
 240 241 242 243 244 245 246 247 248 249 250 251 252 253 254 255 256 257
 258 259 260 261 262 263 264 265 266 267 268 269 270 271 272 273 274 275
 276 277 278 279 280 281 282 283 284 285 286 287 288 289 290 291 292 293
 294 295 296 297 298 299 300 301 302 303 304 305 306 307 308 309 310 311
 312 313 314 315 316 317 318 319 320 321 322 323 324 325 326 327 328 329
 330 331 332 333 334 335 336 337 338 339 340 341 342 343 344 345 346 347
 348 349 350 351 352 353 354 355 356 357 358 359 360 361 362 363 364 365
 366 367 368 369 370 371 372 373 374 375 376 377 378 379 380 381 382 383
 384 385 386 387 388 389 390 391 392 393 394 395 396 397 398 399 400 401
 402 403 404 405 406 407 408 409 410 411 412 413 414 415 416 417 418 419
 420 421 422 423 424 425 426 427 428 429 430 431 432 433 434 435 436 437
 438 439 440 441 442 443 444 445 446 447 448 449 450 451 452 453 454 455
 456 457 458 459 460 461 462 463 464 465 466 467 468 469 470 471 472 473
 474 475 476 477 478 479 480 481 482 483 484 485 486 487 488 489 490 491
 492 493 494 495 496 497 498 499 500 501 502 503 504 505 506 507 508 509
 510 511 512 513 514 515 516 517 518 519 520 521 522 523 524 525 526 527
 528 529 530 531 532 533 534 535 536 537 538 539 540 541 542 543 544 545
 546 547 548 549 550 551 552 553 554 555 556 557 558 559 560 561 562 563
 564 565 566 567 568 569 570 571 572 573 574 575 576 577 578 579 580 581
 582 583 584 585 586 587 588 589 590 591 592 593 594 595 596 597 598 599
 600 601 602 603 604 605]
2025-05-18 00:15:23,839 [DEBUG] (condensation:62) - 🟠 Secondary inactive DOFs removed: []
2025-05-18 00:15:23,839 [INFO] (condensation:89) - 🔗 DOF Mapping (Condensed → Original):
2025-05-18 00:15:23,840 [DEBUG] (condensation:91) - Condensed 0 → Original 6
2025-05-18 00:15:23,840 [DEBUG] (condensation:91) - Condensed 1 → Original 7
2025-05-18 00:15:23,841 [DEBUG] (condensation:91) - Condensed 2 → Original 8
2025-05-18 00:15:23,842 [DEBUG] (condensation:91) - Condensed 3 → Original 9
2025-05-18 00:15:23,842 [DEBUG] (condensation:91) - Condensed 4 → Original 10
2025-05-18 00:15:23,843 [DEBUG] (condensation:91) - Condensed 5 → Original 11
2025-05-18 00:15:23,843 [DEBUG] (condensation:91) - Condensed 6 → Original 12
2025-05-18 00:15:23,844 [DEBUG] (condensation:91) - Condensed 7 → Original 13
2025-05-18 00:15:23,844 [DEBUG] (condensation:91) - Condensed 8 → Original 14
2025-05-18 00:15:23,845 [DEBUG] (condensation:91) - Condensed 9 → Original 15
2025-05-18 00:15:23,845 [DEBUG] (condensation:91) - Condensed 10 → Original 16
2025-05-18 00:15:23,846 [DEBUG] (condensation:91) - Condensed 11 → Original 17
2025-05-18 00:15:23,846 [DEBUG] (condensation:91) - Condensed 12 → Original 18
2025-05-18 00:15:23,847 [DEBUG] (condensation:91) - Condensed 13 → Original 19
2025-05-18 00:15:23,847 [DEBUG] (condensation:91) - Condensed 14 → Original 20
2025-05-18 00:15:23,848 [DEBUG] (condensation:91) - Condensed 15 → Original 21
2025-05-18 00:15:23,848 [DEBUG] (condensation:91) - Condensed 16 → Original 22
2025-05-18 00:15:23,849 [DEBUG] (condensation:91) - Condensed 17 → Original 23
2025-05-18 00:15:23,850 [DEBUG] (condensation:91) - Condensed 18 → Original 24
2025-05-18 00:15:23,850 [DEBUG] (condensation:91) - Condensed 19 → Original 25
2025-05-18 00:15:23,851 [DEBUG] (condensation:91) - Condensed 20 → Original 26
2025-05-18 00:15:23,852 [DEBUG] (condensation:91) - Condensed 21 → Original 27
2025-05-18 00:15:23,853 [DEBUG] (condensation:91) - Condensed 22 → Original 28
2025-05-18 00:15:23,853 [DEBUG] (condensation:91) - Condensed 23 → Original 29
2025-05-18 00:15:23,853 [DEBUG] (condensation:91) - Condensed 24 → Original 30
2025-05-18 00:15:23,854 [DEBUG] (condensation:91) - Condensed 25 → Original 31
2025-05-18 00:15:23,855 [DEBUG] (condensation:91) - Condensed 26 → Original 32
2025-05-18 00:15:23,855 [DEBUG] (condensation:91) - Condensed 27 → Original 33
2025-05-18 00:15:23,856 [DEBUG] (condensation:91) - Condensed 28 → Original 34
2025-05-18 00:15:23,856 [DEBUG] (condensation:91) - Condensed 29 → Original 35
2025-05-18 00:15:23,857 [DEBUG] (condensation:91) - Condensed 30 → Original 36
2025-05-18 00:15:23,857 [DEBUG] (condensation:91) - Condensed 31 → Original 37
2025-05-18 00:15:23,858 [DEBUG] (condensation:91) - Condensed 32 → Original 38
2025-05-18 00:15:23,859 [DEBUG] (condensation:91) - Condensed 33 → Original 39
2025-05-18 00:15:23,859 [DEBUG] (condensation:91) - Condensed 34 → Original 40
2025-05-18 00:15:23,860 [DEBUG] (condensation:91) - Condensed 35 → Original 41
2025-05-18 00:15:23,860 [DEBUG] (condensation:91) - Condensed 36 → Original 42
2025-05-18 00:15:23,861 [DEBUG] (condensation:91) - Condensed 37 → Original 43
2025-05-18 00:15:23,862 [DEBUG] (condensation:91) - Condensed 38 → Original 44
2025-05-18 00:15:23,862 [DEBUG] (condensation:91) - Condensed 39 → Original 45
2025-05-18 00:15:23,863 [DEBUG] (condensation:91) - Condensed 40 → Original 46
2025-05-18 00:15:23,863 [DEBUG] (condensation:91) - Condensed 41 → Original 47
2025-05-18 00:15:23,864 [DEBUG] (condensation:91) - Condensed 42 → Original 48
2025-05-18 00:15:23,864 [DEBUG] (condensation:91) - Condensed 43 → Original 49
2025-05-18 00:15:23,865 [DEBUG] (condensation:91) - Condensed 44 → Original 50
2025-05-18 00:15:23,866 [DEBUG] (condensation:91) - Condensed 45 → Original 51
2025-05-18 00:15:23,866 [DEBUG] (condensation:91) - Condensed 46 → Original 52
2025-05-18 00:15:23,867 [DEBUG] (condensation:91) - Condensed 47 → Original 53
2025-05-18 00:15:23,868 [DEBUG] (condensation:91) - Condensed 48 → Original 54
2025-05-18 00:15:23,869 [DEBUG] (condensation:91) - Condensed 49 → Original 55
2025-05-18 00:15:23,870 [DEBUG] (condensation:91) - Condensed 50 → Original 56
2025-05-18 00:15:23,870 [DEBUG] (condensation:91) - Condensed 51 → Original 57
2025-05-18 00:15:23,871 [DEBUG] (condensation:91) - Condensed 52 → Original 58
2025-05-18 00:15:23,872 [DEBUG] (condensation:91) - Condensed 53 → Original 59
2025-05-18 00:15:23,872 [DEBUG] (condensation:91) - Condensed 54 → Original 60
2025-05-18 00:15:23,872 [DEBUG] (condensation:91) - Condensed 55 → Original 61
2025-05-18 00:15:23,873 [DEBUG] (condensation:91) - Condensed 56 → Original 62
2025-05-18 00:15:23,873 [DEBUG] (condensation:91) - Condensed 57 → Original 63
2025-05-18 00:15:23,874 [DEBUG] (condensation:91) - Condensed 58 → Original 64
2025-05-18 00:15:23,875 [DEBUG] (condensation:91) - Condensed 59 → Original 65
2025-05-18 00:15:23,875 [DEBUG] (condensation:91) - Condensed 60 → Original 66
2025-05-18 00:15:23,876 [DEBUG] (condensation:91) - Condensed 61 → Original 67
2025-05-18 00:15:23,876 [DEBUG] (condensation:91) - Condensed 62 → Original 68
2025-05-18 00:15:23,877 [DEBUG] (condensation:91) - Condensed 63 → Original 69
2025-05-18 00:15:23,877 [DEBUG] (condensation:91) - Condensed 64 → Original 70
2025-05-18 00:15:23,878 [DEBUG] (condensation:91) - Condensed 65 → Original 71
2025-05-18 00:15:23,878 [DEBUG] (condensation:91) - Condensed 66 → Original 72
2025-05-18 00:15:23,878 [DEBUG] (condensation:91) - Condensed 67 → Original 73
2025-05-18 00:15:23,879 [DEBUG] (condensation:91) - Condensed 68 → Original 74
2025-05-18 00:15:23,880 [DEBUG] (condensation:91) - Condensed 69 → Original 75
2025-05-18 00:15:23,880 [DEBUG] (condensation:91) - Condensed 70 → Original 76
2025-05-18 00:15:23,881 [DEBUG] (condensation:91) - Condensed 71 → Original 77
2025-05-18 00:15:23,881 [DEBUG] (condensation:91) - Condensed 72 → Original 78
2025-05-18 00:15:23,882 [DEBUG] (condensation:91) - Condensed 73 → Original 79
2025-05-18 00:15:23,882 [DEBUG] (condensation:91) - Condensed 74 → Original 80
2025-05-18 00:15:23,883 [DEBUG] (condensation:91) - Condensed 75 → Original 81
2025-05-18 00:15:23,883 [DEBUG] (condensation:91) - Condensed 76 → Original 82
2025-05-18 00:15:23,883 [DEBUG] (condensation:91) - Condensed 77 → Original 83
2025-05-18 00:15:23,884 [DEBUG] (condensation:91) - Condensed 78 → Original 84
2025-05-18 00:15:23,885 [DEBUG] (condensation:91) - Condensed 79 → Original 85
2025-05-18 00:15:23,886 [DEBUG] (condensation:91) - Condensed 80 → Original 86
2025-05-18 00:15:23,886 [DEBUG] (condensation:91) - Condensed 81 → Original 87
2025-05-18 00:15:23,886 [DEBUG] (condensation:91) - Condensed 82 → Original 88
2025-05-18 00:15:23,887 [DEBUG] (condensation:91) - Condensed 83 → Original 89
2025-05-18 00:15:23,887 [DEBUG] (condensation:91) - Condensed 84 → Original 90
2025-05-18 00:15:23,888 [DEBUG] (condensation:91) - Condensed 85 → Original 91
2025-05-18 00:15:23,888 [DEBUG] (condensation:91) - Condensed 86 → Original 92
2025-05-18 00:15:23,889 [DEBUG] (condensation:91) - Condensed 87 → Original 93
2025-05-18 00:15:23,889 [DEBUG] (condensation:91) - Condensed 88 → Original 94
2025-05-18 00:15:23,890 [DEBUG] (condensation:91) - Condensed 89 → Original 95
2025-05-18 00:15:23,890 [DEBUG] (condensation:91) - Condensed 90 → Original 96
2025-05-18 00:15:23,891 [DEBUG] (condensation:91) - Condensed 91 → Original 97
2025-05-18 00:15:23,892 [DEBUG] (condensation:91) - Condensed 92 → Original 98
2025-05-18 00:15:23,892 [DEBUG] (condensation:91) - Condensed 93 → Original 99
2025-05-18 00:15:23,893 [DEBUG] (condensation:91) - Condensed 94 → Original 100
2025-05-18 00:15:23,893 [DEBUG] (condensation:91) - Condensed 95 → Original 101
2025-05-18 00:15:23,894 [DEBUG] (condensation:91) - Condensed 96 → Original 102
2025-05-18 00:15:23,895 [DEBUG] (condensation:91) - Condensed 97 → Original 103
2025-05-18 00:15:23,895 [DEBUG] (condensation:91) - Condensed 98 → Original 104
2025-05-18 00:15:23,896 [DEBUG] (condensation:91) - Condensed 99 → Original 105
2025-05-18 00:15:23,896 [DEBUG] (condensation:91) - Condensed 100 → Original 106
2025-05-18 00:15:23,897 [DEBUG] (condensation:91) - Condensed 101 → Original 107
2025-05-18 00:15:23,902 [DEBUG] (condensation:91) - Condensed 102 → Original 108
2025-05-18 00:15:23,903 [DEBUG] (condensation:91) - Condensed 103 → Original 109
2025-05-18 00:15:23,903 [DEBUG] (condensation:91) - Condensed 104 → Original 110
2025-05-18 00:15:23,904 [DEBUG] (condensation:91) - Condensed 105 → Original 111
2025-05-18 00:15:23,904 [DEBUG] (condensation:91) - Condensed 106 → Original 112
2025-05-18 00:15:23,905 [DEBUG] (condensation:91) - Condensed 107 → Original 113
2025-05-18 00:15:23,906 [DEBUG] (condensation:91) - Condensed 108 → Original 114
2025-05-18 00:15:23,906 [DEBUG] (condensation:91) - Condensed 109 → Original 115
2025-05-18 00:15:23,907 [DEBUG] (condensation:91) - Condensed 110 → Original 116
2025-05-18 00:15:23,907 [DEBUG] (condensation:91) - Condensed 111 → Original 117
2025-05-18 00:15:23,908 [DEBUG] (condensation:91) - Condensed 112 → Original 118
2025-05-18 00:15:23,908 [DEBUG] (condensation:91) - Condensed 113 → Original 119
2025-05-18 00:15:23,909 [DEBUG] (condensation:91) - Condensed 114 → Original 120
2025-05-18 00:15:23,910 [DEBUG] (condensation:91) - Condensed 115 → Original 121
2025-05-18 00:15:23,910 [DEBUG] (condensation:91) - Condensed 116 → Original 122
2025-05-18 00:15:23,910 [DEBUG] (condensation:91) - Condensed 117 → Original 123
2025-05-18 00:15:23,911 [DEBUG] (condensation:91) - Condensed 118 → Original 124
2025-05-18 00:15:23,911 [DEBUG] (condensation:91) - Condensed 119 → Original 125
2025-05-18 00:15:23,912 [DEBUG] (condensation:91) - Condensed 120 → Original 126
2025-05-18 00:15:23,912 [DEBUG] (condensation:91) - Condensed 121 → Original 127
2025-05-18 00:15:23,913 [DEBUG] (condensation:91) - Condensed 122 → Original 128
2025-05-18 00:15:23,913 [DEBUG] (condensation:91) - Condensed 123 → Original 129
2025-05-18 00:15:23,914 [DEBUG] (condensation:91) - Condensed 124 → Original 130
2025-05-18 00:15:23,914 [DEBUG] (condensation:91) - Condensed 125 → Original 131
2025-05-18 00:15:23,915 [DEBUG] (condensation:91) - Condensed 126 → Original 132
2025-05-18 00:15:23,915 [DEBUG] (condensation:91) - Condensed 127 → Original 133
2025-05-18 00:15:23,916 [DEBUG] (condensation:91) - Condensed 128 → Original 134
2025-05-18 00:15:23,916 [DEBUG] (condensation:91) - Condensed 129 → Original 135
2025-05-18 00:15:23,917 [DEBUG] (condensation:91) - Condensed 130 → Original 136
2025-05-18 00:15:23,917 [DEBUG] (condensation:91) - Condensed 131 → Original 137
2025-05-18 00:15:23,919 [DEBUG] (condensation:91) - Condensed 132 → Original 138
2025-05-18 00:15:23,919 [DEBUG] (condensation:91) - Condensed 133 → Original 139
2025-05-18 00:15:23,919 [DEBUG] (condensation:91) - Condensed 134 → Original 140
2025-05-18 00:15:23,919 [DEBUG] (condensation:91) - Condensed 135 → Original 141
2025-05-18 00:15:23,920 [DEBUG] (condensation:91) - Condensed 136 → Original 142
2025-05-18 00:15:23,920 [DEBUG] (condensation:91) - Condensed 137 → Original 143
2025-05-18 00:15:23,921 [DEBUG] (condensation:91) - Condensed 138 → Original 144
2025-05-18 00:15:23,921 [DEBUG] (condensation:91) - Condensed 139 → Original 145
2025-05-18 00:15:23,922 [DEBUG] (condensation:91) - Condensed 140 → Original 146
2025-05-18 00:15:23,923 [DEBUG] (condensation:91) - Condensed 141 → Original 147
2025-05-18 00:15:23,923 [DEBUG] (condensation:91) - Condensed 142 → Original 148
2025-05-18 00:15:23,924 [DEBUG] (condensation:91) - Condensed 143 → Original 149
2025-05-18 00:15:23,924 [DEBUG] (condensation:91) - Condensed 144 → Original 150
2025-05-18 00:15:23,925 [DEBUG] (condensation:91) - Condensed 145 → Original 151
2025-05-18 00:15:23,926 [DEBUG] (condensation:91) - Condensed 146 → Original 152
2025-05-18 00:15:23,926 [DEBUG] (condensation:91) - Condensed 147 → Original 153
2025-05-18 00:15:23,927 [DEBUG] (condensation:91) - Condensed 148 → Original 154
2025-05-18 00:15:23,927 [DEBUG] (condensation:91) - Condensed 149 → Original 155
2025-05-18 00:15:23,928 [DEBUG] (condensation:91) - Condensed 150 → Original 156
2025-05-18 00:15:23,929 [DEBUG] (condensation:91) - Condensed 151 → Original 157
2025-05-18 00:15:23,929 [DEBUG] (condensation:91) - Condensed 152 → Original 158
2025-05-18 00:15:23,930 [DEBUG] (condensation:91) - Condensed 153 → Original 159
2025-05-18 00:15:23,931 [DEBUG] (condensation:91) - Condensed 154 → Original 160
2025-05-18 00:15:23,931 [DEBUG] (condensation:91) - Condensed 155 → Original 161
2025-05-18 00:15:23,932 [DEBUG] (condensation:91) - Condensed 156 → Original 162
2025-05-18 00:15:23,932 [DEBUG] (condensation:91) - Condensed 157 → Original 163
2025-05-18 00:15:23,933 [DEBUG] (condensation:91) - Condensed 158 → Original 164
2025-05-18 00:15:23,933 [DEBUG] (condensation:91) - Condensed 159 → Original 165
2025-05-18 00:15:23,934 [DEBUG] (condensation:91) - Condensed 160 → Original 166
2025-05-18 00:15:23,934 [DEBUG] (condensation:91) - Condensed 161 → Original 167
2025-05-18 00:15:23,936 [DEBUG] (condensation:91) - Condensed 162 → Original 168
2025-05-18 00:15:23,939 [DEBUG] (condensation:91) - Condensed 163 → Original 169
2025-05-18 00:15:23,948 [DEBUG] (condensation:91) - Condensed 164 → Original 170
2025-05-18 00:15:23,950 [DEBUG] (condensation:91) - Condensed 165 → Original 171
2025-05-18 00:15:23,952 [DEBUG] (condensation:91) - Condensed 166 → Original 172
2025-05-18 00:15:23,953 [DEBUG] (condensation:91) - Condensed 167 → Original 173
2025-05-18 00:15:23,953 [DEBUG] (condensation:91) - Condensed 168 → Original 174
2025-05-18 00:15:23,954 [DEBUG] (condensation:91) - Condensed 169 → Original 175
2025-05-18 00:15:23,955 [DEBUG] (condensation:91) - Condensed 170 → Original 176
2025-05-18 00:15:23,955 [DEBUG] (condensation:91) - Condensed 171 → Original 177
2025-05-18 00:15:23,956 [DEBUG] (condensation:91) - Condensed 172 → Original 178
2025-05-18 00:15:23,956 [DEBUG] (condensation:91) - Condensed 173 → Original 179
2025-05-18 00:15:23,957 [DEBUG] (condensation:91) - Condensed 174 → Original 180
2025-05-18 00:15:23,957 [DEBUG] (condensation:91) - Condensed 175 → Original 181
2025-05-18 00:15:23,958 [DEBUG] (condensation:91) - Condensed 176 → Original 182
2025-05-18 00:15:23,958 [DEBUG] (condensation:91) - Condensed 177 → Original 183
2025-05-18 00:15:23,959 [DEBUG] (condensation:91) - Condensed 178 → Original 184
2025-05-18 00:15:23,959 [DEBUG] (condensation:91) - Condensed 179 → Original 185
2025-05-18 00:15:23,960 [DEBUG] (condensation:91) - Condensed 180 → Original 186
2025-05-18 00:15:23,961 [DEBUG] (condensation:91) - Condensed 181 → Original 187
2025-05-18 00:15:23,961 [DEBUG] (condensation:91) - Condensed 182 → Original 188
2025-05-18 00:15:23,962 [DEBUG] (condensation:91) - Condensed 183 → Original 189
2025-05-18 00:15:23,962 [DEBUG] (condensation:91) - Condensed 184 → Original 190
2025-05-18 00:15:23,963 [DEBUG] (condensation:91) - Condensed 185 → Original 191
2025-05-18 00:15:23,964 [DEBUG] (condensation:91) - Condensed 186 → Original 192
2025-05-18 00:15:23,964 [DEBUG] (condensation:91) - Condensed 187 → Original 193
2025-05-18 00:15:23,965 [DEBUG] (condensation:91) - Condensed 188 → Original 194
2025-05-18 00:15:23,966 [DEBUG] (condensation:91) - Condensed 189 → Original 195
2025-05-18 00:15:23,966 [DEBUG] (condensation:91) - Condensed 190 → Original 196
2025-05-18 00:15:23,967 [DEBUG] (condensation:91) - Condensed 191 → Original 197
2025-05-18 00:15:23,967 [DEBUG] (condensation:91) - Condensed 192 → Original 198
2025-05-18 00:15:23,968 [DEBUG] (condensation:91) - Condensed 193 → Original 199
2025-05-18 00:15:23,969 [DEBUG] (condensation:91) - Condensed 194 → Original 200
2025-05-18 00:15:23,969 [DEBUG] (condensation:91) - Condensed 195 → Original 201
2025-05-18 00:15:23,970 [DEBUG] (condensation:91) - Condensed 196 → Original 202
2025-05-18 00:15:23,970 [DEBUG] (condensation:91) - Condensed 197 → Original 203
2025-05-18 00:15:23,971 [DEBUG] (condensation:91) - Condensed 198 → Original 204
2025-05-18 00:15:23,971 [DEBUG] (condensation:91) - Condensed 199 → Original 205
2025-05-18 00:15:23,972 [DEBUG] (condensation:91) - Condensed 200 → Original 206
2025-05-18 00:15:23,972 [DEBUG] (condensation:91) - Condensed 201 → Original 207
2025-05-18 00:15:23,973 [DEBUG] (condensation:91) - Condensed 202 → Original 208
2025-05-18 00:15:23,973 [DEBUG] (condensation:91) - Condensed 203 → Original 209
2025-05-18 00:15:23,974 [DEBUG] (condensation:91) - Condensed 204 → Original 210
2025-05-18 00:15:23,975 [DEBUG] (condensation:91) - Condensed 205 → Original 211
2025-05-18 00:15:23,975 [DEBUG] (condensation:91) - Condensed 206 → Original 212
2025-05-18 00:15:23,976 [DEBUG] (condensation:91) - Condensed 207 → Original 213
2025-05-18 00:15:23,976 [DEBUG] (condensation:91) - Condensed 208 → Original 214
2025-05-18 00:15:23,977 [DEBUG] (condensation:91) - Condensed 209 → Original 215
2025-05-18 00:15:23,978 [DEBUG] (condensation:91) - Condensed 210 → Original 216
2025-05-18 00:15:23,978 [DEBUG] (condensation:91) - Condensed 211 → Original 217
2025-05-18 00:15:23,979 [DEBUG] (condensation:91) - Condensed 212 → Original 218
2025-05-18 00:15:23,979 [DEBUG] (condensation:91) - Condensed 213 → Original 219
2025-05-18 00:15:23,980 [DEBUG] (condensation:91) - Condensed 214 → Original 220
2025-05-18 00:15:23,980 [DEBUG] (condensation:91) - Condensed 215 → Original 221
2025-05-18 00:15:23,981 [DEBUG] (condensation:91) - Condensed 216 → Original 222
2025-05-18 00:15:23,982 [DEBUG] (condensation:91) - Condensed 217 → Original 223
2025-05-18 00:15:23,995 [DEBUG] (condensation:91) - Condensed 218 → Original 224
2025-05-18 00:15:23,997 [DEBUG] (condensation:91) - Condensed 219 → Original 225
2025-05-18 00:15:23,999 [DEBUG] (condensation:91) - Condensed 220 → Original 226
2025-05-18 00:15:23,999 [DEBUG] (condensation:91) - Condensed 221 → Original 227
2025-05-18 00:15:24,000 [DEBUG] (condensation:91) - Condensed 222 → Original 228
2025-05-18 00:15:24,001 [DEBUG] (condensation:91) - Condensed 223 → Original 229
2025-05-18 00:15:24,009 [DEBUG] (condensation:91) - Condensed 224 → Original 230
2025-05-18 00:15:24,010 [DEBUG] (condensation:91) - Condensed 225 → Original 231
2025-05-18 00:15:24,010 [DEBUG] (condensation:91) - Condensed 226 → Original 232
2025-05-18 00:15:24,011 [DEBUG] (condensation:91) - Condensed 227 → Original 233
2025-05-18 00:15:24,011 [DEBUG] (condensation:91) - Condensed 228 → Original 234
2025-05-18 00:15:24,012 [DEBUG] (condensation:91) - Condensed 229 → Original 235
2025-05-18 00:15:24,012 [DEBUG] (condensation:91) - Condensed 230 → Original 236
2025-05-18 00:15:24,013 [DEBUG] (condensation:91) - Condensed 231 → Original 237
2025-05-18 00:15:24,013 [DEBUG] (condensation:91) - Condensed 232 → Original 238
2025-05-18 00:15:24,013 [DEBUG] (condensation:91) - Condensed 233 → Original 239
2025-05-18 00:15:24,014 [DEBUG] (condensation:91) - Condensed 234 → Original 240
2025-05-18 00:15:24,015 [DEBUG] (condensation:91) - Condensed 235 → Original 241
2025-05-18 00:15:24,015 [DEBUG] (condensation:91) - Condensed 236 → Original 242
2025-05-18 00:15:24,016 [DEBUG] (condensation:91) - Condensed 237 → Original 243
2025-05-18 00:15:24,016 [DEBUG] (condensation:91) - Condensed 238 → Original 244
2025-05-18 00:15:24,017 [DEBUG] (condensation:91) - Condensed 239 → Original 245
2025-05-18 00:15:24,017 [DEBUG] (condensation:91) - Condensed 240 → Original 246
2025-05-18 00:15:24,019 [DEBUG] (condensation:91) - Condensed 241 → Original 247
2025-05-18 00:15:24,019 [DEBUG] (condensation:91) - Condensed 242 → Original 248
2025-05-18 00:15:24,019 [DEBUG] (condensation:91) - Condensed 243 → Original 249
2025-05-18 00:15:24,020 [DEBUG] (condensation:91) - Condensed 244 → Original 250
2025-05-18 00:15:24,021 [DEBUG] (condensation:91) - Condensed 245 → Original 251
2025-05-18 00:15:24,021 [DEBUG] (condensation:91) - Condensed 246 → Original 252
2025-05-18 00:15:24,022 [DEBUG] (condensation:91) - Condensed 247 → Original 253
2025-05-18 00:15:24,022 [DEBUG] (condensation:91) - Condensed 248 → Original 254
2025-05-18 00:15:24,023 [DEBUG] (condensation:91) - Condensed 249 → Original 255
2025-05-18 00:15:24,023 [DEBUG] (condensation:91) - Condensed 250 → Original 256
2025-05-18 00:15:24,024 [DEBUG] (condensation:91) - Condensed 251 → Original 257
2025-05-18 00:15:24,024 [DEBUG] (condensation:91) - Condensed 252 → Original 258
2025-05-18 00:15:24,025 [DEBUG] (condensation:91) - Condensed 253 → Original 259
2025-05-18 00:15:24,025 [DEBUG] (condensation:91) - Condensed 254 → Original 260
2025-05-18 00:15:24,026 [DEBUG] (condensation:91) - Condensed 255 → Original 261
2025-05-18 00:15:24,026 [DEBUG] (condensation:91) - Condensed 256 → Original 262
2025-05-18 00:15:24,027 [DEBUG] (condensation:91) - Condensed 257 → Original 263
2025-05-18 00:15:24,028 [DEBUG] (condensation:91) - Condensed 258 → Original 264
2025-05-18 00:15:24,028 [DEBUG] (condensation:91) - Condensed 259 → Original 265
2025-05-18 00:15:24,029 [DEBUG] (condensation:91) - Condensed 260 → Original 266
2025-05-18 00:15:24,032 [DEBUG] (condensation:91) - Condensed 261 → Original 267
2025-05-18 00:15:24,036 [DEBUG] (condensation:91) - Condensed 262 → Original 268
2025-05-18 00:15:24,043 [DEBUG] (condensation:91) - Condensed 263 → Original 269
2025-05-18 00:15:24,044 [DEBUG] (condensation:91) - Condensed 264 → Original 270
2025-05-18 00:15:24,046 [DEBUG] (condensation:91) - Condensed 265 → Original 271
2025-05-18 00:15:24,049 [DEBUG] (condensation:91) - Condensed 266 → Original 272
2025-05-18 00:15:24,049 [DEBUG] (condensation:91) - Condensed 267 → Original 273
2025-05-18 00:15:24,056 [DEBUG] (condensation:91) - Condensed 268 → Original 274
2025-05-18 00:15:24,057 [DEBUG] (condensation:91) - Condensed 269 → Original 275
2025-05-18 00:15:24,057 [DEBUG] (condensation:91) - Condensed 270 → Original 276
2025-05-18 00:15:24,058 [DEBUG] (condensation:91) - Condensed 271 → Original 277
2025-05-18 00:15:24,058 [DEBUG] (condensation:91) - Condensed 272 → Original 278
2025-05-18 00:15:24,059 [DEBUG] (condensation:91) - Condensed 273 → Original 279
2025-05-18 00:15:24,059 [DEBUG] (condensation:91) - Condensed 274 → Original 280
2025-05-18 00:15:24,060 [DEBUG] (condensation:91) - Condensed 275 → Original 281
2025-05-18 00:15:24,060 [DEBUG] (condensation:91) - Condensed 276 → Original 282
2025-05-18 00:15:24,061 [DEBUG] (condensation:91) - Condensed 277 → Original 283
2025-05-18 00:15:24,061 [DEBUG] (condensation:91) - Condensed 278 → Original 284
2025-05-18 00:15:24,062 [DEBUG] (condensation:91) - Condensed 279 → Original 285
2025-05-18 00:15:24,062 [DEBUG] (condensation:91) - Condensed 280 → Original 286
2025-05-18 00:15:24,063 [DEBUG] (condensation:91) - Condensed 281 → Original 287
2025-05-18 00:15:24,063 [DEBUG] (condensation:91) - Condensed 282 → Original 288
2025-05-18 00:15:24,064 [DEBUG] (condensation:91) - Condensed 283 → Original 289
2025-05-18 00:15:24,064 [DEBUG] (condensation:91) - Condensed 284 → Original 290
2025-05-18 00:15:24,065 [DEBUG] (condensation:91) - Condensed 285 → Original 291
2025-05-18 00:15:24,065 [DEBUG] (condensation:91) - Condensed 286 → Original 292
2025-05-18 00:15:24,066 [DEBUG] (condensation:91) - Condensed 287 → Original 293
2025-05-18 00:15:24,067 [DEBUG] (condensation:91) - Condensed 288 → Original 294
2025-05-18 00:15:24,067 [DEBUG] (condensation:91) - Condensed 289 → Original 295
2025-05-18 00:15:24,068 [DEBUG] (condensation:91) - Condensed 290 → Original 296
2025-05-18 00:15:24,068 [DEBUG] (condensation:91) - Condensed 291 → Original 297
2025-05-18 00:15:24,069 [DEBUG] (condensation:91) - Condensed 292 → Original 298
2025-05-18 00:15:24,069 [DEBUG] (condensation:91) - Condensed 293 → Original 299
2025-05-18 00:15:24,069 [DEBUG] (condensation:91) - Condensed 294 → Original 300
2025-05-18 00:15:24,071 [DEBUG] (condensation:91) - Condensed 295 → Original 301
2025-05-18 00:15:24,071 [DEBUG] (condensation:91) - Condensed 296 → Original 302
2025-05-18 00:15:24,071 [DEBUG] (condensation:91) - Condensed 297 → Original 303
2025-05-18 00:15:24,072 [DEBUG] (condensation:91) - Condensed 298 → Original 304
2025-05-18 00:15:24,072 [DEBUG] (condensation:91) - Condensed 299 → Original 305
2025-05-18 00:15:24,073 [DEBUG] (condensation:91) - Condensed 300 → Original 306
2025-05-18 00:15:24,073 [DEBUG] (condensation:91) - Condensed 301 → Original 307
2025-05-18 00:15:24,074 [DEBUG] (condensation:91) - Condensed 302 → Original 308
2025-05-18 00:15:24,074 [DEBUG] (condensation:91) - Condensed 303 → Original 309
2025-05-18 00:15:24,075 [DEBUG] (condensation:91) - Condensed 304 → Original 310
2025-05-18 00:15:24,076 [DEBUG] (condensation:91) - Condensed 305 → Original 311
2025-05-18 00:15:24,080 [DEBUG] (condensation:91) - Condensed 306 → Original 312
2025-05-18 00:15:24,082 [DEBUG] (condensation:91) - Condensed 307 → Original 313
2025-05-18 00:15:24,083 [DEBUG] (condensation:91) - Condensed 308 → Original 314
2025-05-18 00:15:24,093 [DEBUG] (condensation:91) - Condensed 309 → Original 315
2025-05-18 00:15:24,096 [DEBUG] (condensation:91) - Condensed 310 → Original 316
2025-05-18 00:15:24,101 [DEBUG] (condensation:91) - Condensed 311 → Original 317
2025-05-18 00:15:24,102 [DEBUG] (condensation:91) - Condensed 312 → Original 318
2025-05-18 00:15:24,103 [DEBUG] (condensation:91) - Condensed 313 → Original 319
2025-05-18 00:15:24,103 [DEBUG] (condensation:91) - Condensed 314 → Original 320
2025-05-18 00:15:24,104 [DEBUG] (condensation:91) - Condensed 315 → Original 321
2025-05-18 00:15:24,104 [DEBUG] (condensation:91) - Condensed 316 → Original 322
2025-05-18 00:15:24,104 [DEBUG] (condensation:91) - Condensed 317 → Original 323
2025-05-18 00:15:24,105 [DEBUG] (condensation:91) - Condensed 318 → Original 324
2025-05-18 00:15:24,106 [DEBUG] (condensation:91) - Condensed 319 → Original 325
2025-05-18 00:15:24,106 [DEBUG] (condensation:91) - Condensed 320 → Original 326
2025-05-18 00:15:24,107 [DEBUG] (condensation:91) - Condensed 321 → Original 327
2025-05-18 00:15:24,107 [DEBUG] (condensation:91) - Condensed 322 → Original 328
2025-05-18 00:15:24,108 [DEBUG] (condensation:91) - Condensed 323 → Original 329
2025-05-18 00:15:24,109 [DEBUG] (condensation:91) - Condensed 324 → Original 330
2025-05-18 00:15:24,109 [DEBUG] (condensation:91) - Condensed 325 → Original 331
2025-05-18 00:15:24,110 [DEBUG] (condensation:91) - Condensed 326 → Original 332
2025-05-18 00:15:24,111 [DEBUG] (condensation:91) - Condensed 327 → Original 333
2025-05-18 00:15:24,111 [DEBUG] (condensation:91) - Condensed 328 → Original 334
2025-05-18 00:15:24,112 [DEBUG] (condensation:91) - Condensed 329 → Original 335
2025-05-18 00:15:24,113 [DEBUG] (condensation:91) - Condensed 330 → Original 336
2025-05-18 00:15:24,113 [DEBUG] (condensation:91) - Condensed 331 → Original 337
2025-05-18 00:15:24,114 [DEBUG] (condensation:91) - Condensed 332 → Original 338
2025-05-18 00:15:24,114 [DEBUG] (condensation:91) - Condensed 333 → Original 339
2025-05-18 00:15:24,115 [DEBUG] (condensation:91) - Condensed 334 → Original 340
2025-05-18 00:15:24,115 [DEBUG] (condensation:91) - Condensed 335 → Original 341
2025-05-18 00:15:24,115 [DEBUG] (condensation:91) - Condensed 336 → Original 342
2025-05-18 00:15:24,116 [DEBUG] (condensation:91) - Condensed 337 → Original 343
2025-05-18 00:15:24,117 [DEBUG] (condensation:91) - Condensed 338 → Original 344
2025-05-18 00:15:24,117 [DEBUG] (condensation:91) - Condensed 339 → Original 345
2025-05-18 00:15:24,118 [DEBUG] (condensation:91) - Condensed 340 → Original 346
2025-05-18 00:15:24,119 [DEBUG] (condensation:91) - Condensed 341 → Original 347
2025-05-18 00:15:24,119 [DEBUG] (condensation:91) - Condensed 342 → Original 348
2025-05-18 00:15:24,120 [DEBUG] (condensation:91) - Condensed 343 → Original 349
2025-05-18 00:15:24,120 [DEBUG] (condensation:91) - Condensed 344 → Original 350
2025-05-18 00:15:24,121 [DEBUG] (condensation:91) - Condensed 345 → Original 351
2025-05-18 00:15:24,122 [DEBUG] (condensation:91) - Condensed 346 → Original 352
2025-05-18 00:15:24,123 [DEBUG] (condensation:91) - Condensed 347 → Original 353
2025-05-18 00:15:24,123 [DEBUG] (condensation:91) - Condensed 348 → Original 354
2025-05-18 00:15:24,127 [DEBUG] (condensation:91) - Condensed 349 → Original 355
2025-05-18 00:15:24,127 [DEBUG] (condensation:91) - Condensed 350 → Original 356
2025-05-18 00:15:24,135 [DEBUG] (condensation:91) - Condensed 351 → Original 357
2025-05-18 00:15:24,135 [DEBUG] (condensation:91) - Condensed 352 → Original 358
2025-05-18 00:15:24,138 [DEBUG] (condensation:91) - Condensed 353 → Original 359
2025-05-18 00:15:24,140 [DEBUG] (condensation:91) - Condensed 354 → Original 360
2025-05-18 00:15:24,140 [DEBUG] (condensation:91) - Condensed 355 → Original 361
2025-05-18 00:15:24,140 [DEBUG] (condensation:91) - Condensed 356 → Original 362
2025-05-18 00:15:24,141 [DEBUG] (condensation:91) - Condensed 357 → Original 363
2025-05-18 00:15:24,142 [DEBUG] (condensation:91) - Condensed 358 → Original 364
2025-05-18 00:15:24,142 [DEBUG] (condensation:91) - Condensed 359 → Original 365
2025-05-18 00:15:24,143 [DEBUG] (condensation:91) - Condensed 360 → Original 366
2025-05-18 00:15:24,143 [DEBUG] (condensation:91) - Condensed 361 → Original 367
2025-05-18 00:15:24,144 [DEBUG] (condensation:91) - Condensed 362 → Original 368
2025-05-18 00:15:24,144 [DEBUG] (condensation:91) - Condensed 363 → Original 369
2025-05-18 00:15:24,145 [DEBUG] (condensation:91) - Condensed 364 → Original 370
2025-05-18 00:15:24,146 [DEBUG] (condensation:91) - Condensed 365 → Original 371
2025-05-18 00:15:24,146 [DEBUG] (condensation:91) - Condensed 366 → Original 372
2025-05-18 00:15:24,147 [DEBUG] (condensation:91) - Condensed 367 → Original 373
2025-05-18 00:15:24,147 [DEBUG] (condensation:91) - Condensed 368 → Original 374
2025-05-18 00:15:24,148 [DEBUG] (condensation:91) - Condensed 369 → Original 375
2025-05-18 00:15:24,148 [DEBUG] (condensation:91) - Condensed 370 → Original 376
2025-05-18 00:15:24,149 [DEBUG] (condensation:91) - Condensed 371 → Original 377
2025-05-18 00:15:24,150 [DEBUG] (condensation:91) - Condensed 372 → Original 378
2025-05-18 00:15:24,150 [DEBUG] (condensation:91) - Condensed 373 → Original 379
2025-05-18 00:15:24,151 [DEBUG] (condensation:91) - Condensed 374 → Original 380
2025-05-18 00:15:24,152 [DEBUG] (condensation:91) - Condensed 375 → Original 381
2025-05-18 00:15:24,152 [DEBUG] (condensation:91) - Condensed 376 → Original 382
2025-05-18 00:15:24,153 [DEBUG] (condensation:91) - Condensed 377 → Original 383
2025-05-18 00:15:24,154 [DEBUG] (condensation:91) - Condensed 378 → Original 384
2025-05-18 00:15:24,154 [DEBUG] (condensation:91) - Condensed 379 → Original 385
2025-05-18 00:15:24,155 [DEBUG] (condensation:91) - Condensed 380 → Original 386
2025-05-18 00:15:24,156 [DEBUG] (condensation:91) - Condensed 381 → Original 387
2025-05-18 00:15:24,156 [DEBUG] (condensation:91) - Condensed 382 → Original 388
2025-05-18 00:15:24,157 [DEBUG] (condensation:91) - Condensed 383 → Original 389
2025-05-18 00:15:24,157 [DEBUG] (condensation:91) - Condensed 384 → Original 390
2025-05-18 00:15:24,158 [DEBUG] (condensation:91) - Condensed 385 → Original 391
2025-05-18 00:15:24,159 [DEBUG] (condensation:91) - Condensed 386 → Original 392
2025-05-18 00:15:24,159 [DEBUG] (condensation:91) - Condensed 387 → Original 393
2025-05-18 00:15:24,160 [DEBUG] (condensation:91) - Condensed 388 → Original 394
2025-05-18 00:15:24,161 [DEBUG] (condensation:91) - Condensed 389 → Original 395
2025-05-18 00:15:24,161 [DEBUG] (condensation:91) - Condensed 390 → Original 396
2025-05-18 00:15:24,162 [DEBUG] (condensation:91) - Condensed 391 → Original 397
2025-05-18 00:15:24,163 [DEBUG] (condensation:91) - Condensed 392 → Original 398
2025-05-18 00:15:24,163 [DEBUG] (condensation:91) - Condensed 393 → Original 399
2025-05-18 00:15:24,164 [DEBUG] (condensation:91) - Condensed 394 → Original 400
2025-05-18 00:15:24,164 [DEBUG] (condensation:91) - Condensed 395 → Original 401
2025-05-18 00:15:24,165 [DEBUG] (condensation:91) - Condensed 396 → Original 402
2025-05-18 00:15:24,166 [DEBUG] (condensation:91) - Condensed 397 → Original 403
2025-05-18 00:15:24,166 [DEBUG] (condensation:91) - Condensed 398 → Original 404
2025-05-18 00:15:24,167 [DEBUG] (condensation:91) - Condensed 399 → Original 405
2025-05-18 00:15:24,167 [DEBUG] (condensation:91) - Condensed 400 → Original 406
2025-05-18 00:15:24,168 [DEBUG] (condensation:91) - Condensed 401 → Original 407
2025-05-18 00:15:24,169 [DEBUG] (condensation:91) - Condensed 402 → Original 408
2025-05-18 00:15:24,170 [DEBUG] (condensation:91) - Condensed 403 → Original 409
2025-05-18 00:15:24,182 [DEBUG] (condensation:91) - Condensed 404 → Original 410
2025-05-18 00:15:24,183 [DEBUG] (condensation:91) - Condensed 405 → Original 411
2025-05-18 00:15:24,184 [DEBUG] (condensation:91) - Condensed 406 → Original 412
2025-05-18 00:15:24,187 [DEBUG] (condensation:91) - Condensed 407 → Original 413
2025-05-18 00:15:24,190 [DEBUG] (condensation:91) - Condensed 408 → Original 414
2025-05-18 00:15:24,192 [DEBUG] (condensation:91) - Condensed 409 → Original 415
2025-05-18 00:15:24,194 [DEBUG] (condensation:91) - Condensed 410 → Original 416
2025-05-18 00:15:24,195 [DEBUG] (condensation:91) - Condensed 411 → Original 417
2025-05-18 00:15:24,196 [DEBUG] (condensation:91) - Condensed 412 → Original 418
2025-05-18 00:15:24,196 [DEBUG] (condensation:91) - Condensed 413 → Original 419
2025-05-18 00:15:24,197 [DEBUG] (condensation:91) - Condensed 414 → Original 420
2025-05-18 00:15:24,197 [DEBUG] (condensation:91) - Condensed 415 → Original 421
2025-05-18 00:15:24,199 [DEBUG] (condensation:91) - Condensed 416 → Original 422
2025-05-18 00:15:24,199 [DEBUG] (condensation:91) - Condensed 417 → Original 423
2025-05-18 00:15:24,200 [DEBUG] (condensation:91) - Condensed 418 → Original 424
2025-05-18 00:15:24,200 [DEBUG] (condensation:91) - Condensed 419 → Original 425
2025-05-18 00:15:24,201 [DEBUG] (condensation:91) - Condensed 420 → Original 426
2025-05-18 00:15:24,208 [DEBUG] (condensation:91) - Condensed 421 → Original 427
2025-05-18 00:15:24,216 [DEBUG] (condensation:91) - Condensed 422 → Original 428
2025-05-18 00:15:24,217 [DEBUG] (condensation:91) - Condensed 423 → Original 429
2025-05-18 00:15:24,217 [DEBUG] (condensation:91) - Condensed 424 → Original 430
2025-05-18 00:15:24,218 [DEBUG] (condensation:91) - Condensed 425 → Original 431
2025-05-18 00:15:24,218 [DEBUG] (condensation:91) - Condensed 426 → Original 432
2025-05-18 00:15:24,219 [DEBUG] (condensation:91) - Condensed 427 → Original 433
2025-05-18 00:15:24,219 [DEBUG] (condensation:91) - Condensed 428 → Original 434
2025-05-18 00:15:24,220 [DEBUG] (condensation:91) - Condensed 429 → Original 435
2025-05-18 00:15:24,220 [DEBUG] (condensation:91) - Condensed 430 → Original 436
2025-05-18 00:15:24,221 [DEBUG] (condensation:91) - Condensed 431 → Original 437
2025-05-18 00:15:24,222 [DEBUG] (condensation:91) - Condensed 432 → Original 438
2025-05-18 00:15:24,222 [DEBUG] (condensation:91) - Condensed 433 → Original 439
2025-05-18 00:15:24,223 [DEBUG] (condensation:91) - Condensed 434 → Original 440
2025-05-18 00:15:24,224 [DEBUG] (condensation:91) - Condensed 435 → Original 441
2025-05-18 00:15:24,224 [DEBUG] (condensation:91) - Condensed 436 → Original 442
2025-05-18 00:15:24,225 [DEBUG] (condensation:91) - Condensed 437 → Original 443
2025-05-18 00:15:24,225 [DEBUG] (condensation:91) - Condensed 438 → Original 444
2025-05-18 00:15:24,226 [DEBUG] (condensation:91) - Condensed 439 → Original 445
2025-05-18 00:15:24,227 [DEBUG] (condensation:91) - Condensed 440 → Original 446
2025-05-18 00:15:24,227 [DEBUG] (condensation:91) - Condensed 441 → Original 447
2025-05-18 00:15:24,228 [DEBUG] (condensation:91) - Condensed 442 → Original 448
2025-05-18 00:15:24,228 [DEBUG] (condensation:91) - Condensed 443 → Original 449
2025-05-18 00:15:24,229 [DEBUG] (condensation:91) - Condensed 444 → Original 450
2025-05-18 00:15:24,230 [DEBUG] (condensation:91) - Condensed 445 → Original 451
2025-05-18 00:15:24,230 [DEBUG] (condensation:91) - Condensed 446 → Original 452
2025-05-18 00:15:24,231 [DEBUG] (condensation:91) - Condensed 447 → Original 453
2025-05-18 00:15:24,232 [DEBUG] (condensation:91) - Condensed 448 → Original 454
2025-05-18 00:15:24,233 [DEBUG] (condensation:91) - Condensed 449 → Original 455
2025-05-18 00:15:24,233 [DEBUG] (condensation:91) - Condensed 450 → Original 456
2025-05-18 00:15:24,237 [DEBUG] (condensation:91) - Condensed 451 → Original 457
2025-05-18 00:15:24,249 [DEBUG] (condensation:91) - Condensed 452 → Original 458
2025-05-18 00:15:24,252 [DEBUG] (condensation:91) - Condensed 453 → Original 459
2025-05-18 00:15:24,252 [DEBUG] (condensation:91) - Condensed 454 → Original 460
2025-05-18 00:15:24,253 [DEBUG] (condensation:91) - Condensed 455 → Original 461
2025-05-18 00:15:24,253 [DEBUG] (condensation:91) - Condensed 456 → Original 462
2025-05-18 00:15:24,254 [DEBUG] (condensation:91) - Condensed 457 → Original 463
2025-05-18 00:15:24,254 [DEBUG] (condensation:91) - Condensed 458 → Original 464
2025-05-18 00:15:24,255 [DEBUG] (condensation:91) - Condensed 459 → Original 465
2025-05-18 00:15:24,255 [DEBUG] (condensation:91) - Condensed 460 → Original 466
2025-05-18 00:15:24,256 [DEBUG] (condensation:91) - Condensed 461 → Original 467
2025-05-18 00:15:24,257 [DEBUG] (condensation:91) - Condensed 462 → Original 468
2025-05-18 00:15:24,257 [DEBUG] (condensation:91) - Condensed 463 → Original 469
2025-05-18 00:15:24,258 [DEBUG] (condensation:91) - Condensed 464 → Original 470
2025-05-18 00:15:24,259 [DEBUG] (condensation:91) - Condensed 465 → Original 471
2025-05-18 00:15:24,259 [DEBUG] (condensation:91) - Condensed 466 → Original 472
2025-05-18 00:15:24,260 [DEBUG] (condensation:91) - Condensed 467 → Original 473
2025-05-18 00:15:24,261 [DEBUG] (condensation:91) - Condensed 468 → Original 474
2025-05-18 00:15:24,261 [DEBUG] (condensation:91) - Condensed 469 → Original 475
2025-05-18 00:15:24,262 [DEBUG] (condensation:91) - Condensed 470 → Original 476
2025-05-18 00:15:24,263 [DEBUG] (condensation:91) - Condensed 471 → Original 477
2025-05-18 00:15:24,263 [DEBUG] (condensation:91) - Condensed 472 → Original 478
2025-05-18 00:15:24,264 [DEBUG] (condensation:91) - Condensed 473 → Original 479
2025-05-18 00:15:24,265 [DEBUG] (condensation:91) - Condensed 474 → Original 480
2025-05-18 00:15:24,265 [DEBUG] (condensation:91) - Condensed 475 → Original 481
2025-05-18 00:15:24,266 [DEBUG] (condensation:91) - Condensed 476 → Original 482
2025-05-18 00:15:24,266 [DEBUG] (condensation:91) - Condensed 477 → Original 483
2025-05-18 00:15:24,267 [DEBUG] (condensation:91) - Condensed 478 → Original 484
2025-05-18 00:15:24,267 [DEBUG] (condensation:91) - Condensed 479 → Original 485
2025-05-18 00:15:24,269 [DEBUG] (condensation:91) - Condensed 480 → Original 486
2025-05-18 00:15:24,269 [DEBUG] (condensation:91) - Condensed 481 → Original 487
2025-05-18 00:15:24,269 [DEBUG] (condensation:91) - Condensed 482 → Original 488
2025-05-18 00:15:24,270 [DEBUG] (condensation:91) - Condensed 483 → Original 489
2025-05-18 00:15:24,270 [DEBUG] (condensation:91) - Condensed 484 → Original 490
2025-05-18 00:15:24,271 [DEBUG] (condensation:91) - Condensed 485 → Original 491
2025-05-18 00:15:24,272 [DEBUG] (condensation:91) - Condensed 486 → Original 492
2025-05-18 00:15:24,272 [DEBUG] (condensation:91) - Condensed 487 → Original 493
2025-05-18 00:15:24,273 [DEBUG] (condensation:91) - Condensed 488 → Original 494
2025-05-18 00:15:24,273 [DEBUG] (condensation:91) - Condensed 489 → Original 495
2025-05-18 00:15:24,274 [DEBUG] (condensation:91) - Condensed 490 → Original 496
2025-05-18 00:15:24,274 [DEBUG] (condensation:91) - Condensed 491 → Original 497
2025-05-18 00:15:24,275 [DEBUG] (condensation:91) - Condensed 492 → Original 498
2025-05-18 00:15:24,275 [DEBUG] (condensation:91) - Condensed 493 → Original 499
2025-05-18 00:15:24,276 [DEBUG] (condensation:91) - Condensed 494 → Original 500
2025-05-18 00:15:24,276 [DEBUG] (condensation:91) - Condensed 495 → Original 501
2025-05-18 00:15:24,277 [DEBUG] (condensation:91) - Condensed 496 → Original 502
2025-05-18 00:15:24,278 [DEBUG] (condensation:91) - Condensed 497 → Original 503
2025-05-18 00:15:24,278 [DEBUG] (condensation:91) - Condensed 498 → Original 504
2025-05-18 00:15:24,279 [DEBUG] (condensation:91) - Condensed 499 → Original 505
2025-05-18 00:15:24,279 [DEBUG] (condensation:91) - Condensed 500 → Original 506
2025-05-18 00:15:24,292 [DEBUG] (condensation:91) - Condensed 501 → Original 507
2025-05-18 00:15:24,296 [DEBUG] (condensation:91) - Condensed 502 → Original 508
2025-05-18 00:15:24,298 [DEBUG] (condensation:91) - Condensed 503 → Original 509
2025-05-18 00:15:24,299 [DEBUG] (condensation:91) - Condensed 504 → Original 510
2025-05-18 00:15:24,306 [DEBUG] (condensation:91) - Condensed 505 → Original 511
2025-05-18 00:15:24,307 [DEBUG] (condensation:91) - Condensed 506 → Original 512
2025-05-18 00:15:24,308 [DEBUG] (condensation:91) - Condensed 507 → Original 513
2025-05-18 00:15:24,309 [DEBUG] (condensation:91) - Condensed 508 → Original 514
2025-05-18 00:15:24,310 [DEBUG] (condensation:91) - Condensed 509 → Original 515
2025-05-18 00:15:24,311 [DEBUG] (condensation:91) - Condensed 510 → Original 516
2025-05-18 00:15:24,312 [DEBUG] (condensation:91) - Condensed 511 → Original 517
2025-05-18 00:15:24,313 [DEBUG] (condensation:91) - Condensed 512 → Original 518
2025-05-18 00:15:24,314 [DEBUG] (condensation:91) - Condensed 513 → Original 519
2025-05-18 00:15:24,314 [DEBUG] (condensation:91) - Condensed 514 → Original 520
2025-05-18 00:15:24,315 [DEBUG] (condensation:91) - Condensed 515 → Original 521
2025-05-18 00:15:24,316 [DEBUG] (condensation:91) - Condensed 516 → Original 522
2025-05-18 00:15:24,316 [DEBUG] (condensation:91) - Condensed 517 → Original 523
2025-05-18 00:15:24,317 [DEBUG] (condensation:91) - Condensed 518 → Original 524
2025-05-18 00:15:24,318 [DEBUG] (condensation:91) - Condensed 519 → Original 525
2025-05-18 00:15:24,318 [DEBUG] (condensation:91) - Condensed 520 → Original 526
2025-05-18 00:15:24,319 [DEBUG] (condensation:91) - Condensed 521 → Original 527
2025-05-18 00:15:24,319 [DEBUG] (condensation:91) - Condensed 522 → Original 528
2025-05-18 00:15:24,320 [DEBUG] (condensation:91) - Condensed 523 → Original 529
2025-05-18 00:15:24,321 [DEBUG] (condensation:91) - Condensed 524 → Original 530
2025-05-18 00:15:24,321 [DEBUG] (condensation:91) - Condensed 525 → Original 531
2025-05-18 00:15:24,322 [DEBUG] (condensation:91) - Condensed 526 → Original 532
2025-05-18 00:15:24,322 [DEBUG] (condensation:91) - Condensed 527 → Original 533
2025-05-18 00:15:24,323 [DEBUG] (condensation:91) - Condensed 528 → Original 534
2025-05-18 00:15:24,324 [DEBUG] (condensation:91) - Condensed 529 → Original 535
2025-05-18 00:15:24,324 [DEBUG] (condensation:91) - Condensed 530 → Original 536
2025-05-18 00:15:24,325 [DEBUG] (condensation:91) - Condensed 531 → Original 537
2025-05-18 00:15:24,326 [DEBUG] (condensation:91) - Condensed 532 → Original 538
2025-05-18 00:15:24,333 [DEBUG] (condensation:91) - Condensed 533 → Original 539
2025-05-18 00:15:24,339 [DEBUG] (condensation:91) - Condensed 534 → Original 540
2025-05-18 00:15:24,340 [DEBUG] (condensation:91) - Condensed 535 → Original 541
2025-05-18 00:15:24,340 [DEBUG] (condensation:91) - Condensed 536 → Original 542
2025-05-18 00:15:24,341 [DEBUG] (condensation:91) - Condensed 537 → Original 543
2025-05-18 00:15:24,341 [DEBUG] (condensation:91) - Condensed 538 → Original 544
2025-05-18 00:15:24,342 [DEBUG] (condensation:91) - Condensed 539 → Original 545
2025-05-18 00:15:24,343 [DEBUG] (condensation:91) - Condensed 540 → Original 546
2025-05-18 00:15:24,343 [DEBUG] (condensation:91) - Condensed 541 → Original 547
2025-05-18 00:15:24,344 [DEBUG] (condensation:91) - Condensed 542 → Original 548
2025-05-18 00:15:24,345 [DEBUG] (condensation:91) - Condensed 543 → Original 549
2025-05-18 00:15:24,346 [DEBUG] (condensation:91) - Condensed 544 → Original 550
2025-05-18 00:15:24,346 [DEBUG] (condensation:91) - Condensed 545 → Original 551
2025-05-18 00:15:24,347 [DEBUG] (condensation:91) - Condensed 546 → Original 552
2025-05-18 00:15:24,347 [DEBUG] (condensation:91) - Condensed 547 → Original 553
2025-05-18 00:15:24,348 [DEBUG] (condensation:91) - Condensed 548 → Original 554
2025-05-18 00:15:24,349 [DEBUG] (condensation:91) - Condensed 549 → Original 555
2025-05-18 00:15:24,350 [DEBUG] (condensation:91) - Condensed 550 → Original 556
2025-05-18 00:15:24,350 [DEBUG] (condensation:91) - Condensed 551 → Original 557
2025-05-18 00:15:24,351 [DEBUG] (condensation:91) - Condensed 552 → Original 558
2025-05-18 00:15:24,352 [DEBUG] (condensation:91) - Condensed 553 → Original 559
2025-05-18 00:15:24,352 [DEBUG] (condensation:91) - Condensed 554 → Original 560
2025-05-18 00:15:24,352 [DEBUG] (condensation:91) - Condensed 555 → Original 561
2025-05-18 00:15:24,354 [DEBUG] (condensation:91) - Condensed 556 → Original 562
2025-05-18 00:15:24,354 [DEBUG] (condensation:91) - Condensed 557 → Original 563
2025-05-18 00:15:24,355 [DEBUG] (condensation:91) - Condensed 558 → Original 564
2025-05-18 00:15:24,356 [DEBUG] (condensation:91) - Condensed 559 → Original 565
2025-05-18 00:15:24,356 [DEBUG] (condensation:91) - Condensed 560 → Original 566
2025-05-18 00:15:24,357 [DEBUG] (condensation:91) - Condensed 561 → Original 567
2025-05-18 00:15:24,358 [DEBUG] (condensation:91) - Condensed 562 → Original 568
2025-05-18 00:15:24,360 [DEBUG] (condensation:91) - Condensed 563 → Original 569
2025-05-18 00:15:24,370 [DEBUG] (condensation:91) - Condensed 564 → Original 570
2025-05-18 00:15:24,370 [DEBUG] (condensation:91) - Condensed 565 → Original 571
2025-05-18 00:15:24,371 [DEBUG] (condensation:91) - Condensed 566 → Original 572
2025-05-18 00:15:24,373 [DEBUG] (condensation:91) - Condensed 567 → Original 573
2025-05-18 00:15:24,373 [DEBUG] (condensation:91) - Condensed 568 → Original 574
2025-05-18 00:15:24,374 [DEBUG] (condensation:91) - Condensed 569 → Original 575
2025-05-18 00:15:24,374 [DEBUG] (condensation:91) - Condensed 570 → Original 576
2025-05-18 00:15:24,375 [DEBUG] (condensation:91) - Condensed 571 → Original 577
2025-05-18 00:15:24,376 [DEBUG] (condensation:91) - Condensed 572 → Original 578
2025-05-18 00:15:24,376 [DEBUG] (condensation:91) - Condensed 573 → Original 579
2025-05-18 00:15:24,377 [DEBUG] (condensation:91) - Condensed 574 → Original 580
2025-05-18 00:15:24,378 [DEBUG] (condensation:91) - Condensed 575 → Original 581
2025-05-18 00:15:24,379 [DEBUG] (condensation:91) - Condensed 576 → Original 582
2025-05-18 00:15:24,379 [DEBUG] (condensation:91) - Condensed 577 → Original 583
2025-05-18 00:15:24,380 [DEBUG] (condensation:91) - Condensed 578 → Original 584
2025-05-18 00:15:24,380 [DEBUG] (condensation:91) - Condensed 579 → Original 585
2025-05-18 00:15:24,381 [DEBUG] (condensation:91) - Condensed 580 → Original 586
2025-05-18 00:15:24,382 [DEBUG] (condensation:91) - Condensed 581 → Original 587
2025-05-18 00:15:24,382 [DEBUG] (condensation:91) - Condensed 582 → Original 588
2025-05-18 00:15:24,383 [DEBUG] (condensation:91) - Condensed 583 → Original 589
2025-05-18 00:15:24,383 [DEBUG] (condensation:91) - Condensed 584 → Original 590
2025-05-18 00:15:24,384 [DEBUG] (condensation:91) - Condensed 585 → Original 591
2025-05-18 00:15:24,385 [DEBUG] (condensation:91) - Condensed 586 → Original 592
2025-05-18 00:15:24,386 [DEBUG] (condensation:91) - Condensed 587 → Original 593
2025-05-18 00:15:24,387 [DEBUG] (condensation:91) - Condensed 588 → Original 594
2025-05-18 00:15:24,387 [DEBUG] (condensation:91) - Condensed 589 → Original 595
2025-05-18 00:15:24,388 [DEBUG] (condensation:91) - Condensed 590 → Original 596
2025-05-18 00:15:24,388 [DEBUG] (condensation:91) - Condensed 591 → Original 597
2025-05-18 00:15:24,389 [DEBUG] (condensation:91) - Condensed 592 → Original 598
2025-05-18 00:15:24,390 [DEBUG] (condensation:91) - Condensed 593 → Original 599
2025-05-18 00:15:24,392 [DEBUG] (condensation:91) - Condensed 594 → Original 600
2025-05-18 00:15:24,393 [DEBUG] (condensation:91) - Condensed 595 → Original 601
2025-05-18 00:15:24,395 [DEBUG] (condensation:91) - Condensed 596 → Original 602
2025-05-18 00:15:24,395 [DEBUG] (condensation:91) - Condensed 597 → Original 603
2025-05-18 00:15:24,396 [DEBUG] (condensation:91) - Condensed 598 → Original 604
2025-05-18 00:15:24,397 [DEBUG] (condensation:91) - Condensed 599 → Original 605
2025-05-18 00:15:24,397 [INFO] (condensation:93) - ✅ Static condensation completed successfully.
