Machine Specifications:
   - OS: Windows 11 (10.0.22631)
   - CPU: Intel64 Family 6 Model 151 Stepping 2, GenuineIntel (20 cores)
   - RAM: 31.24 GB
   - Python Version: 3.12.5

Job: job_0010
Timestamp (job start): 2025-05-18_00-15-26-300848
Total Time: 6.74 sec

+-------------------------------+------------+---------------+-------------+-----------+
| Step                          |   Time (s) |   Memory (MB) |   Disk (GB) |   CPU (%) |
+===============================+============+===============+=============+===========+
| Parsing                       |  0.0149117 |       119.926 |     801.595 |         0 |
+-------------------------------+------------+---------------+-------------+-----------+
| Element Instantiation         |  0.952112  |       120.418 |     801.598 |         0 |
+-------------------------------+------------+---------------+-------------+-----------+
| Element Stiffness Computation |  1.08345   |       120.984 |     801.6   |         0 |
+-------------------------------+------------+---------------+-------------+-----------+
| Element Force Computation     |  0.670559  |       121.023 |     801.6   |         0 |
+-------------------------------+------------+---------------+-------------+-----------+
| Setup Simulation              |  0         |       121.191 |     801.6   |         0 |
+-------------------------------+------------+---------------+-------------+-----------+
| Assemble Global Matrices      |  0.351875  |       128.707 |     801.601 |         0 |
+-------------------------------+------------+---------------+-------------+-----------+
| Modify Global Matrices        |  0.49165   |       129.23  |     801.601 |         0 |
+-------------------------------+------------+---------------+-------------+-----------+
| Solve Linear Static System    |  1.8807    |       144.145 |     801.601 |         0 |
+-------------------------------+------------+---------------+-------------+-----------+
| Compute Primary Results       |  0.0119028 |       144.312 |     801.601 |         0 |
+-------------------------------+------------+---------------+-------------+-----------+
| Save Primary Results          |  0.15254   |       144.332 |     801.602 |         0 |
+-------------------------------+------------+---------------+-------------+-----------+

Parallel Jobs: job_0007, job_0008, job_0009, job_0002, job_0001, job_0003, job_0004, job_0005, job_0006
Start Memory: 119.64 MB | End Memory: 144.33 MB
Start Disk Usage: 801.60 GB | End Disk Usage: 801.60 GB
Start CPU: 0.00% | End CPU: 0.00%
