Machine Specifications:
   - OS: Windows 11 (10.0.22631)
   - CPU: Intel64 Family 6 Model 151 Stepping 2, GenuineIntel (20 cores)
   - RAM: 31.24 GB
   - Python Version: 3.12.5

Job: job_0001
Timestamp (job start): 2025-03-07_16-43-57
Total Time: 2.04 sec

+-------------------------------+-------------+---------------+-------------+-----------+
| Step                          |    Time (s) |   Memory (MB) |   Disk (GB) |   CPU (%) |
+===============================+=============+===============+=============+===========+
| Parsing                       | 0.0110013   |       78.3281 |     752.529 |         0 |
+-------------------------------+-------------+---------------+-------------+-----------+
| Element Instantiation         | 0           |       78.375  |     752.529 |         0 |
+-------------------------------+-------------+---------------+-------------+-----------+
| Element Stiffness Computation | 0.35839     |       78.6172 |     752.529 |         0 |
+-------------------------------+-------------+---------------+-------------+-----------+
| Element Force Computation     | 0           |       78.6211 |     752.529 |         0 |
+-------------------------------+-------------+---------------+-------------+-----------+
| Setup Simulation              | 0           |       78.6602 |     752.529 |         0 |
+-------------------------------+-------------+---------------+-------------+-----------+
| Assemble Global Matrices      | 0.0106225   |       79.707  |     752.529 |         0 |
+-------------------------------+-------------+---------------+-------------+-----------+
| Modify Global Matrices        | 0.00751042  |       79.8164 |     752.529 |         0 |
+-------------------------------+-------------+---------------+-------------+-----------+
| Solve Linear Static System    | 0.441834    |       98.1758 |     752.529 |         0 |
+-------------------------------+-------------+---------------+-------------+-----------+
| Compute Primary Results       | 0.000506163 |       98.1758 |     752.529 |         0 |
+-------------------------------+-------------+---------------+-------------+-----------+
| Save Primary Results          | 0.0779512   |       98.2305 |     752.53  |         0 |
+-------------------------------+-------------+---------------+-------------+-----------+

Parallel Jobs: None
Start Memory: 78.23 MB | End Memory: 98.23 MB
Start Disk Usage: 752.53 GB | End Disk Usage: 752.53 GB
Start CPU: 0.00% | End CPU: 0.00%
