Machine Specifications:
   - OS: Windows 11 (10.0.22631)
   - CPU: Intel64 Family 6 Model 151 Stepping 2, GenuineIntel (20 cores)
   - RAM: 31.24 GB
   - Python Version: 3.12.5

Job: job_0003
Timestamp (job start): 2025-03-14_16-54-22
Total Time: 1.74 sec

+-------------------------------+------------+---------------+-------------+-----------+
| Step                          |   Time (s) |   Memory (MB) |   Disk (GB) |   CPU (%) |
+===============================+============+===============+=============+===========+
| Parsing                       | 0.00951719 |       79.1211 |     759.968 |         0 |
+-------------------------------+------------+---------------+-------------+-----------+
| Element Instantiation         | 0          |       79.1719 |     759.968 |         0 |
+-------------------------------+------------+---------------+-------------+-----------+
| Element Stiffness Computation | 0.00515747 |       79.3555 |     759.968 |         0 |
+-------------------------------+------------+---------------+-------------+-----------+
| Element Force Computation     | 0          |       79.3594 |     759.968 |         0 |
+-------------------------------+------------+---------------+-------------+-----------+
| Setup Simulation              | 0          |       79.4336 |     759.968 |         0 |
+-------------------------------+------------+---------------+-------------+-----------+
| Assemble Global Matrices      | 0.197776   |       80.6523 |     759.968 |         0 |
+-------------------------------+------------+---------------+-------------+-----------+
| Modify Global Matrices        | 0.00437045 |       80.8008 |     759.968 |         0 |
+-------------------------------+------------+---------------+-------------+-----------+
| Solve Linear Static System    | 0.33444    |       96.6953 |     759.968 |         0 |
+-------------------------------+------------+---------------+-------------+-----------+
| Compute Primary Results       | 0          |       96.6992 |     759.968 |         0 |
+-------------------------------+------------+---------------+-------------+-----------+
| Save Primary Results          | 0.063086   |       96.7305 |     759.968 |         0 |
+-------------------------------+------------+---------------+-------------+-----------+

Parallel Jobs: job_0001, job_0002, job_0005
Start Memory: 78.99 MB | End Memory: 96.73 MB
Start Disk Usage: 759.97 GB | End Disk Usage: 759.97 GB
Start CPU: 0.00% | End CPU: 0.00%
