=== Validation Matrix ===
[[0. 0.]
 [0. 0.]]


=== Element 5 Stiffness Matrix Computation ===
=== Material Stiffness Matrix (D) ===
[[ 4.000000e+09  0.000000e+00  0.000000e+00  0.000000e+00]
 [ 0.000000e+00  3.333400e+06  0.000000e+00 -0.000000e+00]
 [ 0.000000e+00  0.000000e+00  1.333340e+07  0.000000e+00]
 [ 0.000000e+00 -0.000000e+00  0.000000e+00  1.313076e+06]]


GP 1/3: ξ=-0.774597, x=1.022540e+00, w=5.555556e-01
=== Shape Function Derivative Matrix dN/dξ (1, 12, 6) ===
[[[-0.5       0.        0.        0.        0.        0.      ]
  [ 0.        8.24758   0.        0.        0.        0.      ]
  [ 0.        0.        8.24758   0.        0.        0.      ]
  [ 0.        0.        0.       -0.5       0.        0.      ]
  [ 0.        0.        0.        0.       -5.898387  0.      ]
  [ 0.        0.        0.        0.        0.        5.898387]
  [ 0.5       0.        0.        0.        0.        0.      ]
  [ 0.       -8.24758   0.        0.        0.        0.      ]
  [ 0.        0.       -8.24758   0.        0.        0.      ]
  [ 0.        0.        0.        0.5       0.        0.      ]
  [ 0.        0.        0.        0.       -3.349193  0.      ]
  [ 0.        0.        0.        0.        0.        3.349193]]]

=== Shape Function Second Derivative Matrix d²N/dξ² (1, 12, 6) ===
[[[  0.        0.        0.        0.        0.        0.     ]
  [  0.      -15.29516   0.        0.        0.        0.     ]
  [  0.        0.      -15.29516   0.        0.        0.     ]
  [  0.        0.        0.        0.        0.        0.     ]
  [  0.        0.        0.        0.        8.64758   0.     ]
  [  0.        0.        0.        0.        0.       -8.64758]
  [  0.        0.        0.        0.        0.        0.     ]
  [  0.       15.29516   0.        0.        0.        0.     ]
  [  0.        0.       15.29516   0.        0.        0.     ]
  [  0.        0.        0.        0.        0.        0.     ]
  [  0.        0.        0.        0.        6.64758   0.     ]
  [  0.        0.        0.        0.        0.       -6.64758]]]

=== Strain-Dsiplacement Matrix B (4, 12) ===
[[   -5.           0.           0.           0.           0.           0.           5.           0.           0.
      0.           0.           0.      ]
 [    0.           0.       -1529.516003     0.         864.758002     0.           0.           0.        1529.516003
      0.         664.758002     0.      ]
 [    0.       -1529.516003     0.           0.           0.        -864.758002     0.        1529.516003     0.
      0.           0.        -664.758002]
 [    0.           0.           0.          -5.           0.           0.           0.           0.           0.
      5.           0.           0.      ]]

=== Stiffness BᵀDB (12, 12) ===
[[ 5.555556e+10  0.000000e+00  0.000000e+00  0.000000e+00  0.000000e+00  0.000000e+00 -5.555556e+10  0.000000e+00
   0.000000e+00  0.000000e+00  0.000000e+00  0.000000e+00]
 [ 0.000000e+00  1.732912e+13  0.000000e+00  0.000000e+00  0.000000e+00  9.797539e+12  0.000000e+00 -1.732912e+13
   0.000000e+00  0.000000e+00  0.000000e+00  7.531578e+12]
 [ 0.000000e+00  0.000000e+00  4.332344e+12  0.000000e+00 -2.449422e+12  0.000000e+00  0.000000e+00  0.000000e+00
  -4.332344e+12  0.000000e+00 -1.882923e+12  0.000000e+00]
 [ 0.000000e+00  0.000000e+00  0.000000e+00  1.823716e+07  0.000000e+00  0.000000e+00  0.000000e+00  0.000000e+00
   0.000000e+00 -1.823716e+07  0.000000e+00  0.000000e+00]
 [ 0.000000e+00  0.000000e+00 -2.449422e+12  0.000000e+00  1.384854e+12  0.000000e+00  0.000000e+00  0.000000e+00
   2.449422e+12  0.000000e+00  1.064567e+12  0.000000e+00]
 [ 0.000000e+00  9.797539e+12  0.000000e+00  0.000000e+00  0.000000e+00  5.539334e+12  0.000000e+00 -9.797539e+12
   0.000000e+00  0.000000e+00  0.000000e+00  4.258205e+12]
 [-5.555556e+10  0.000000e+00  0.000000e+00  0.000000e+00  0.000000e+00  0.000000e+00  5.555556e+10  0.000000e+00
   0.000000e+00  0.000000e+00  0.000000e+00  0.000000e+00]
 [ 0.000000e+00 -1.732912e+13  0.000000e+00  0.000000e+00  0.000000e+00 -9.797539e+12  0.000000e+00  1.732912e+13
   0.000000e+00  0.000000e+00  0.000000e+00 -7.531578e+12]
 [ 0.000000e+00  0.000000e+00 -4.332344e+12  0.000000e+00  2.449422e+12  0.000000e+00  0.000000e+00  0.000000e+00
   4.332344e+12  0.000000e+00  1.882923e+12  0.000000e+00]
 [ 0.000000e+00  0.000000e+00  0.000000e+00 -1.823716e+07  0.000000e+00  0.000000e+00  0.000000e+00  0.000000e+00
   0.000000e+00  1.823716e+07  0.000000e+00  0.000000e+00]
 [ 0.000000e+00  0.000000e+00 -1.882923e+12  0.000000e+00  1.064567e+12  0.000000e+00  0.000000e+00  0.000000e+00
   1.882923e+12  0.000000e+00  8.183556e+11  0.000000e+00]
 [ 0.000000e+00  7.531578e+12  0.000000e+00  0.000000e+00  0.000000e+00  4.258205e+12  0.000000e+00 -7.531578e+12
   0.000000e+00  0.000000e+00  0.000000e+00  3.273373e+12]]


GP 2/3: ξ=0.000000, x=1.100000e+00, w=8.888889e-01
=== Shape Function Derivative Matrix dN/dξ (1, 12, 6) ===
[[[-0.5  0.   0.   0.   0.   0. ]
  [ 0.   0.   0.   0.   0.   0. ]
  [ 0.   0.   0.   0.   0.   0. ]
  [ 0.   0.   0.  -0.5  0.   0. ]
  [ 0.   0.   0.   0.  -1.   0. ]
  [ 0.   0.   0.   0.   0.   1. ]
  [ 0.5  0.   0.   0.   0.   0. ]
  [ 0.   0.   0.   0.   0.   0. ]
  [ 0.   0.   0.   0.   0.   0. ]
  [ 0.   0.   0.   0.5  0.   0. ]
  [ 0.   0.   0.   0.  -0.   0. ]
  [ 0.   0.   0.   0.   0.   0. ]]]

=== Shape Function Second Derivative Matrix d²N/dξ² (1, 12, 6) ===
[[[ 0.  0.  0.  0.  0.  0.]
  [ 0. -6.  0.  0.  0.  0.]
  [ 0.  0. -6.  0.  0.  0.]
  [ 0.  0.  0.  0.  0.  0.]
  [ 0.  0.  0.  0.  4.  0.]
  [ 0.  0.  0.  0.  0. -4.]
  [ 0.  0.  0.  0.  0.  0.]
  [ 0.  6.  0.  0.  0.  0.]
  [ 0.  0.  6.  0.  0.  0.]
  [ 0.  0.  0.  0.  0.  0.]
  [ 0.  0.  0.  0.  2.  0.]
  [ 0.  0.  0.  0.  0. -2.]]]

=== Strain-Dsiplacement Matrix B (4, 12) ===
[[  -5.    0.    0.    0.    0.    0.    5.    0.    0.    0.    0.    0.]
 [   0.    0. -600.    0.  400.    0.    0.    0.  600.    0.  200.    0.]
 [   0. -600.    0.    0.    0. -400.    0.  600.    0.    0.    0. -200.]
 [   0.    0.    0.   -5.    0.    0.    0.    0.    0.    5.    0.    0.]]

=== Stiffness BᵀDB (12, 12) ===
[[ 8.888889e+10  0.000000e+00  0.000000e+00  0.000000e+00  0.000000e+00  0.000000e+00 -8.888889e+10  0.000000e+00
   0.000000e+00  0.000000e+00  0.000000e+00  0.000000e+00]
 [ 0.000000e+00  4.266688e+12  0.000000e+00  0.000000e+00  0.000000e+00  2.844459e+12  0.000000e+00 -4.266688e+12
   0.000000e+00  0.000000e+00  0.000000e+00  1.422229e+12]
 [ 0.000000e+00  0.000000e+00  1.066688e+12  0.000000e+00 -7.111253e+11  0.000000e+00  0.000000e+00  0.000000e+00
  -1.066688e+12  0.000000e+00 -3.555627e+11  0.000000e+00]
 [ 0.000000e+00  0.000000e+00  0.000000e+00  2.917946e+07  0.000000e+00  0.000000e+00  0.000000e+00  0.000000e+00
   0.000000e+00 -2.917946e+07  0.000000e+00  0.000000e+00]
 [ 0.000000e+00  0.000000e+00 -7.111253e+11  0.000000e+00  4.740836e+11  0.000000e+00  0.000000e+00  0.000000e+00
   7.111253e+11  0.000000e+00  2.370418e+11  0.000000e+00]
 [ 0.000000e+00  2.844459e+12  0.000000e+00  0.000000e+00  0.000000e+00  1.896306e+12  0.000000e+00 -2.844459e+12
   0.000000e+00  0.000000e+00  0.000000e+00  9.481529e+11]
 [-8.888889e+10  0.000000e+00  0.000000e+00  0.000000e+00  0.000000e+00  0.000000e+00  8.888889e+10  0.000000e+00
   0.000000e+00  0.000000e+00  0.000000e+00  0.000000e+00]
 [ 0.000000e+00 -4.266688e+12  0.000000e+00  0.000000e+00  0.000000e+00 -2.844459e+12  0.000000e+00  4.266688e+12
   0.000000e+00  0.000000e+00  0.000000e+00 -1.422229e+12]
 [ 0.000000e+00  0.000000e+00 -1.066688e+12  0.000000e+00  7.111253e+11  0.000000e+00  0.000000e+00  0.000000e+00
   1.066688e+12  0.000000e+00  3.555627e+11  0.000000e+00]
 [ 0.000000e+00  0.000000e+00  0.000000e+00 -2.917946e+07  0.000000e+00  0.000000e+00  0.000000e+00  0.000000e+00
   0.000000e+00  2.917946e+07  0.000000e+00  0.000000e+00]
 [ 0.000000e+00  0.000000e+00 -3.555627e+11  0.000000e+00  2.370418e+11  0.000000e+00  0.000000e+00  0.000000e+00
   3.555627e+11  0.000000e+00  1.185209e+11  0.000000e+00]
 [ 0.000000e+00  1.422229e+12  0.000000e+00  0.000000e+00  0.000000e+00  9.481529e+11  0.000000e+00 -1.422229e+12
   0.000000e+00  0.000000e+00  0.000000e+00  4.740764e+11]]


GP 3/3: ξ=0.774597, x=1.177460e+00, w=5.555556e-01
=== Shape Function Derivative Matrix dN/dξ (1, 12, 6) ===
[[[-0.5       0.        0.        0.        0.        0.      ]
  [ 0.       -1.04758   0.        0.        0.        0.      ]
  [ 0.        0.       -1.04758   0.        0.        0.      ]
  [ 0.        0.        0.       -0.5       0.        0.      ]
  [ 0.        0.        0.        0.        0.298387  0.      ]
  [ 0.        0.        0.        0.        0.       -0.298387]
  [ 0.5       0.        0.        0.        0.        0.      ]
  [ 0.        1.04758   0.        0.        0.        0.      ]
  [ 0.        0.        1.04758   0.        0.        0.      ]
  [ 0.        0.        0.        0.5       0.        0.      ]
  [ 0.        0.        0.        0.       -0.250807  0.      ]
  [ 0.        0.        0.        0.        0.        0.250807]]]

=== Shape Function Second Derivative Matrix d²N/dξ² (1, 12, 6) ===
[[[ 0.       0.       0.       0.       0.       0.     ]
  [ 0.       3.29516  0.       0.       0.       0.     ]
  [ 0.       0.       3.29516  0.       0.       0.     ]
  [ 0.       0.       0.       0.       0.       0.     ]
  [ 0.       0.       0.       0.      -0.64758  0.     ]
  [ 0.       0.       0.       0.       0.       0.64758]
  [ 0.       0.       0.       0.       0.       0.     ]
  [ 0.      -3.29516  0.       0.       0.       0.     ]
  [ 0.       0.      -3.29516  0.       0.       0.     ]
  [ 0.       0.       0.       0.       0.       0.     ]
  [ 0.       0.       0.       0.      -2.64758  0.     ]
  [ 0.       0.       0.       0.       0.       2.64758]]]

=== Strain-Dsiplacement Matrix B (4, 12) ===
[[  -5.          0.          0.          0.          0.          0.          5.          0.          0.
     0.          0.          0.      ]
 [   0.          0.        329.516003    0.        -64.758002    0.          0.          0.       -329.516003
     0.       -264.758002    0.      ]
 [   0.        329.516003    0.          0.          0.         64.758002    0.       -329.516003    0.
     0.          0.        264.758002]
 [   0.          0.          0.         -5.          0.          0.          0.          0.          0.
     5.          0.          0.      ]]

=== Stiffness BᵀDB (12, 12) ===
[[ 5.555556e+10  0.000000e+00  0.000000e+00  0.000000e+00  0.000000e+00  0.000000e+00 -5.555556e+10  0.000000e+00
   0.000000e+00  0.000000e+00  0.000000e+00  0.000000e+00]
 [ 0.000000e+00  8.043062e+11  0.000000e+00  0.000000e+00  0.000000e+00  1.580660e+11  0.000000e+00 -8.043062e+11
   0.000000e+00  0.000000e+00  0.000000e+00  6.462403e+11]
 [ 0.000000e+00  0.000000e+00  2.010796e+11  0.000000e+00 -3.951708e+10  0.000000e+00  0.000000e+00  0.000000e+00
  -2.010796e+11  0.000000e+00 -1.615625e+11  0.000000e+00]
 [ 0.000000e+00  0.000000e+00  0.000000e+00  1.823716e+07  0.000000e+00  0.000000e+00  0.000000e+00  0.000000e+00
   0.000000e+00 -1.823716e+07  0.000000e+00  0.000000e+00]
 [ 0.000000e+00  0.000000e+00 -3.951708e+10  0.000000e+00  7.766079e+09  0.000000e+00  0.000000e+00  0.000000e+00
   3.951708e+10  0.000000e+00  3.175100e+10  0.000000e+00]
 [ 0.000000e+00  1.580660e+11  0.000000e+00  0.000000e+00  0.000000e+00  3.106385e+10  0.000000e+00 -1.580660e+11
   0.000000e+00  0.000000e+00  0.000000e+00  1.270021e+11]
 [-5.555556e+10  0.000000e+00  0.000000e+00  0.000000e+00  0.000000e+00  0.000000e+00  5.555556e+10  0.000000e+00
   0.000000e+00  0.000000e+00  0.000000e+00  0.000000e+00]
 [ 0.000000e+00 -8.043062e+11  0.000000e+00  0.000000e+00  0.000000e+00 -1.580660e+11  0.000000e+00  8.043062e+11
   0.000000e+00  0.000000e+00  0.000000e+00 -6.462403e+11]
 [ 0.000000e+00  0.000000e+00 -2.010796e+11  0.000000e+00  3.951708e+10  0.000000e+00  0.000000e+00  0.000000e+00
   2.010796e+11  0.000000e+00  1.615625e+11  0.000000e+00]
 [ 0.000000e+00  0.000000e+00  0.000000e+00 -1.823716e+07  0.000000e+00  0.000000e+00  0.000000e+00  0.000000e+00
   0.000000e+00  1.823716e+07  0.000000e+00  0.000000e+00]
 [ 0.000000e+00  0.000000e+00 -1.615625e+11  0.000000e+00  3.175100e+10  0.000000e+00  0.000000e+00  0.000000e+00
   1.615625e+11  0.000000e+00  1.298115e+11  0.000000e+00]
 [ 0.000000e+00  6.462403e+11  0.000000e+00  0.000000e+00  0.000000e+00  1.270021e+11  0.000000e+00 -6.462403e+11
   0.000000e+00  0.000000e+00  0.000000e+00  5.192381e+11]]

=== Final Element Stiffness Matrix ===
[[ 2.000000e+11  0.000000e+00  0.000000e+00  0.000000e+00  0.000000e+00  0.000000e+00 -2.000000e+11  0.000000e+00
   0.000000e+00  0.000000e+00  0.000000e+00  0.000000e+00]
 [ 0.000000e+00  2.240011e+13  0.000000e+00  0.000000e+00  0.000000e+00  1.280006e+13  0.000000e+00 -2.240011e+13
   0.000000e+00  0.000000e+00  0.000000e+00  9.600048e+12]
 [ 0.000000e+00  0.000000e+00  5.600112e+12  0.000000e+00 -3.200064e+12  0.000000e+00  0.000000e+00  0.000000e+00
  -5.600112e+12  0.000000e+00 -2.400048e+12  0.000000e+00]
 [ 0.000000e+00  0.000000e+00  0.000000e+00  6.565378e+07  0.000000e+00  0.000000e+00  0.000000e+00  0.000000e+00
   0.000000e+00 -6.565378e+07  0.000000e+00  0.000000e+00]
 [ 0.000000e+00  0.000000e+00 -3.200064e+12  0.000000e+00  1.866704e+12  0.000000e+00  0.000000e+00  0.000000e+00
   3.200064e+12  0.000000e+00  1.333360e+12  0.000000e+00]
 [ 0.000000e+00  1.280006e+13  0.000000e+00  0.000000e+00  0.000000e+00  7.466704e+12  0.000000e+00 -1.280006e+13
   0.000000e+00  0.000000e+00  0.000000e+00  5.333360e+12]
 [-2.000000e+11  0.000000e+00  0.000000e+00  0.000000e+00  0.000000e+00  0.000000e+00  2.000000e+11  0.000000e+00
   0.000000e+00  0.000000e+00  0.000000e+00  0.000000e+00]
 [ 0.000000e+00 -2.240011e+13  0.000000e+00  0.000000e+00  0.000000e+00 -1.280006e+13  0.000000e+00  2.240011e+13
   0.000000e+00  0.000000e+00  0.000000e+00 -9.600048e+12]
 [ 0.000000e+00  0.000000e+00 -5.600112e+12  0.000000e+00  3.200064e+12  0.000000e+00  0.000000e+00  0.000000e+00
   5.600112e+12  0.000000e+00  2.400048e+12  0.000000e+00]
 [ 0.000000e+00  0.000000e+00  0.000000e+00 -6.565378e+07  0.000000e+00  0.000000e+00  0.000000e+00  0.000000e+00
   0.000000e+00  6.565378e+07  0.000000e+00  0.000000e+00]
 [ 0.000000e+00  0.000000e+00 -2.400048e+12  0.000000e+00  1.333360e+12  0.000000e+00  0.000000e+00  0.000000e+00
   2.400048e+12  0.000000e+00  1.066688e+12  0.000000e+00]
 [ 0.000000e+00  9.600048e+12  0.000000e+00  0.000000e+00  0.000000e+00  5.333360e+12  0.000000e+00 -9.600048e+12
   0.000000e+00  0.000000e+00  0.000000e+00  4.266688e+12]]

