Machine Specifications:
   - OS: Windows 11 (10.0.22631)
   - CPU: Intel64 Family 6 Model 151 Stepping 2, GenuineIntel (20 cores)
   - RAM: 31.24 GB
   - Python Version: 3.12.5

Job: job_0003
Timestamp (job start): 2025-04-25_14-49-26
Total Time: 4.26 sec

+-------------------------------+------------+---------------+-------------+-----------+
| Step                          |   Time (s) |   Memory (MB) |   Disk (GB) |   CPU (%) |
+===============================+============+===============+=============+===========+
| Parsing                       | 0.00988221 |       106.105 |     798.588 |         0 |
+-------------------------------+------------+---------------+-------------+-----------+
| Element Instantiation         | 0.00155902 |       106.148 |     798.588 |         0 |
+-------------------------------+------------+---------------+-------------+-----------+
| Element Stiffness Computation | 2.04384    |       106.531 |     798.595 |         0 |
+-------------------------------+------------+---------------+-------------+-----------+
| Element Force Computation     | 0.418653   |       106.57  |     798.596 |         0 |
+-------------------------------+------------+---------------+-------------+-----------+
| Setup Simulation              | 0          |       106.602 |     798.596 |         0 |
+-------------------------------+------------+---------------+-------------+-----------+
| Assemble Global Matrices      | 0.0339425  |       108.711 |     798.597 |         0 |
+-------------------------------+------------+---------------+-------------+-----------+
| Modify Global Matrices        | 0.0421004  |       109.258 |     798.597 |         0 |
+-------------------------------+------------+---------------+-------------+-----------+
| Solve Linear Static System    | 0.485302   |       124.422 |     798.598 |         0 |
+-------------------------------+------------+---------------+-------------+-----------+
| Compute Primary Results       | 0.00404072 |       124.43  |     798.598 |         0 |
+-------------------------------+------------+---------------+-------------+-----------+
| Save Primary Results          | 0.0928252  |       124.535 |     798.598 |         0 |
+-------------------------------+------------+---------------+-------------+-----------+

Parallel Jobs: job_0007, job_0008, job_0009, job_0001, job_0002
Start Memory: 106.00 MB | End Memory: 124.54 MB
Start Disk Usage: 798.59 GB | End Disk Usage: 798.60 GB
Start CPU: 0.00% | End CPU: 0.00%
