Machine Specifications:
   - OS: Windows 11 (10.0.22631)
   - CPU: Intel64 Family 6 Model 151 Stepping 2, GenuineIntel (20 cores)
   - RAM: 31.24 GB
   - Python Version: 3.12.5

Job: job_0002
Timestamp (job start): 2025-05-06_15-47-58
Total Time: 4.36 sec

+-------------------------------+------------+---------------+-------------+-----------+
| Step                          |   Time (s) |   Memory (MB) |   Disk (GB) |   CPU (%) |
+===============================+============+===============+=============+===========+
| Parsing                       | 0.00776863 |       119.836 |     798.984 |         0 |
+-------------------------------+------------+---------------+-------------+-----------+
| Element Instantiation         | 0.00251269 |       119.891 |     798.984 |         0 |
+-------------------------------+------------+---------------+-------------+-----------+
| Element Stiffness Computation | 1.89176    |       120.266 |     798.991 |         0 |
+-------------------------------+------------+---------------+-------------+-----------+
| Element Force Computation     | 0.654748   |       120.297 |     798.992 |         0 |
+-------------------------------+------------+---------------+-------------+-----------+
| Setup Simulation              | 0          |       120.328 |     798.992 |         0 |
+-------------------------------+------------+---------------+-------------+-----------+
| Assemble Global Matrices      | 0.0341835  |       122.398 |     798.993 |         0 |
+-------------------------------+------------+---------------+-------------+-----------+
| Modify Global Matrices        | 0.0395143  |       122.934 |     798.993 |         0 |
+-------------------------------+------------+---------------+-------------+-----------+
| Solve Linear Static System    | 0.498292   |       137.262 |     798.994 |         0 |
+-------------------------------+------------+---------------+-------------+-----------+
| Compute Primary Results       | 0.00400519 |       137.27  |     798.994 |         0 |
+-------------------------------+------------+---------------+-------------+-----------+
| Save Primary Results          | 0.102053   |       137.297 |     798.994 |         0 |
+-------------------------------+------------+---------------+-------------+-----------+

Parallel Jobs: job_0007, job_0008, job_0009, job_0001, job_0003
Start Memory: 119.75 MB | End Memory: 137.30 MB
Start Disk Usage: 798.98 GB | End Disk Usage: 798.99 GB
Start CPU: 0.00% | End CPU: 0.00%
