2025-04-30 18:05:45,316 - INFO - 🔧 Starting global matrix assembly...
2025-04-30 18:05:45,317 - DEBUG - This detailed log is written to the assembly.log file
2025-04-30 18:05:45,317 - INFO - Total DOFs: 18, Elements count: 2

DOF mappings per element:
Element 0: DOF mapping = [ 0  1  2  3  4  5  6  7  8  9 10 11]
Element 1: DOF mapping = [ 6  7  8  9 10 11 12 13 14 15 16 17]
2025-04-30 18:05:45,319 - INFO - 🔧 Assembling global stiffness matrix...
2025-04-30 18:05:45,321 - INFO - ✅ Stiffness matrix assembled.
2025-04-30 18:05:45,321 - INFO - 🔧 Assembling force vector...
2025-04-30 18:05:45,322 - INFO - ✅ Force vector assembled.

Full K_global Matrix:
            0           1           2           3           4           5           6           7           8           9           10          11          12          13          14          15          16          17
0   1.8220e+08  0.0000e+00  0.0000e+00  0.0000e+00  0.0000e+00  0.0000e+00 -1.8220e+08  0.0000e+00  0.0000e+00  0.0000e+00  0.0000e+00  0.0000e+00  0.0000e+00  0.0000e+00  0.0000e+00  0.0000e+00  0.0000e+00  0.0000e+00
1   0.0000e+00  2.6934e+14  0.0000e+00  0.0000e+00  0.0000e+00  1.5391e+14  0.0000e+00 -2.6934e+14  0.0000e+00  0.0000e+00  0.0000e+00  1.1543e+14  0.0000e+00  0.0000e+00  0.0000e+00  0.0000e+00  0.0000e+00  0.0000e+00
2   0.0000e+00  0.0000e+00  2.6988e+14  0.0000e+00 -1.5421e+14  0.0000e+00  0.0000e+00  0.0000e+00 -2.6988e+14  0.0000e+00 -1.1566e+14  0.0000e+00  0.0000e+00  0.0000e+00  0.0000e+00  0.0000e+00  0.0000e+00  0.0000e+00
3   0.0000e+00  0.0000e+00  0.0000e+00  8.9615e+02  0.0000e+00  0.0000e+00  0.0000e+00  0.0000e+00  0.0000e+00 -8.9615e+02  0.0000e+00  0.0000e+00  0.0000e+00  0.0000e+00  0.0000e+00  0.0000e+00  0.0000e+00  0.0000e+00
4   0.0000e+00  0.0000e+00 -1.5421e+14  0.0000e+00  8.9958e+13  0.0000e+00  0.0000e+00  0.0000e+00  1.5421e+14  0.0000e+00  6.4256e+13  0.0000e+00  0.0000e+00  0.0000e+00  0.0000e+00  0.0000e+00  0.0000e+00  0.0000e+00
5   0.0000e+00  1.5391e+14  0.0000e+00  0.0000e+00  0.0000e+00  8.9779e+13  0.0000e+00 -1.5391e+14  0.0000e+00  0.0000e+00  0.0000e+00  6.4128e+13  0.0000e+00  0.0000e+00  0.0000e+00  0.0000e+00  0.0000e+00  0.0000e+00
6  -1.8220e+08  0.0000e+00  0.0000e+00  0.0000e+00  0.0000e+00  0.0000e+00  3.6440e+08  0.0000e+00  0.0000e+00  0.0000e+00  0.0000e+00  0.0000e+00 -1.8220e+08  0.0000e+00  0.0000e+00  0.0000e+00  0.0000e+00  0.0000e+00
7   0.0000e+00 -2.6934e+14  0.0000e+00  0.0000e+00  0.0000e+00 -1.5391e+14  0.0000e+00  5.3868e+14  0.0000e+00  0.0000e+00  0.0000e+00  3.8477e+13  0.0000e+00 -2.6934e+14  0.0000e+00  0.0000e+00  0.0000e+00  1.1543e+14
8   0.0000e+00  0.0000e+00 -2.6988e+14  0.0000e+00  1.5421e+14  0.0000e+00  0.0000e+00  0.0000e+00  5.3975e+14  0.0000e+00 -3.8554e+13  0.0000e+00  0.0000e+00  0.0000e+00 -2.6988e+14  0.0000e+00 -1.1566e+14  0.0000e+00
9   0.0000e+00  0.0000e+00  0.0000e+00 -8.9615e+02  0.0000e+00  0.0000e+00  0.0000e+00  0.0000e+00  0.0000e+00  1.7923e+03  0.0000e+00  0.0000e+00  0.0000e+00  0.0000e+00  0.0000e+00 -8.9615e+02  0.0000e+00  0.0000e+00
10  0.0000e+00  0.0000e+00 -1.1566e+14  0.0000e+00  6.4256e+13  0.0000e+00  0.0000e+00  0.0000e+00 -3.8554e+13  0.0000e+00  1.4136e+14  0.0000e+00  0.0000e+00  0.0000e+00  1.5421e+14  0.0000e+00  6.4256e+13  0.0000e+00
11  0.0000e+00  1.1543e+14  0.0000e+00  0.0000e+00  0.0000e+00  6.4128e+13  0.0000e+00  3.8477e+13  0.0000e+00  0.0000e+00  0.0000e+00  1.4108e+14  0.0000e+00 -1.5391e+14  0.0000e+00  0.0000e+00  0.0000e+00  6.4128e+13
12  0.0000e+00  0.0000e+00  0.0000e+00  0.0000e+00  0.0000e+00  0.0000e+00 -1.8220e+08  0.0000e+00  0.0000e+00  0.0000e+00  0.0000e+00  0.0000e+00  1.8220e+08  0.0000e+00  0.0000e+00  0.0000e+00  0.0000e+00  0.0000e+00
13  0.0000e+00  0.0000e+00  0.0000e+00  0.0000e+00  0.0000e+00  0.0000e+00  0.0000e+00 -2.6934e+14  0.0000e+00  0.0000e+00  0.0000e+00 -1.5391e+14  0.0000e+00  2.6934e+14  0.0000e+00  0.0000e+00  0.0000e+00 -1.1543e+14
14  0.0000e+00  0.0000e+00  0.0000e+00  0.0000e+00  0.0000e+00  0.0000e+00  0.0000e+00  0.0000e+00 -2.6988e+14  0.0000e+00  1.5421e+14  0.0000e+00  0.0000e+00  0.0000e+00  2.6988e+14  0.0000e+00  1.1566e+14  0.0000e+00
15  0.0000e+00  0.0000e+00  0.0000e+00  0.0000e+00  0.0000e+00  0.0000e+00  0.0000e+00  0.0000e+00  0.0000e+00 -8.9615e+02  0.0000e+00  0.0000e+00  0.0000e+00  0.0000e+00  0.0000e+00  8.9615e+02  0.0000e+00  0.0000e+00
16  0.0000e+00  0.0000e+00  0.0000e+00  0.0000e+00  0.0000e+00  0.0000e+00  0.0000e+00  0.0000e+00 -1.1566e+14  0.0000e+00  6.4256e+13  0.0000e+00  0.0000e+00  0.0000e+00  1.1566e+14  0.0000e+00  5.1405e+13  0.0000e+00
17  0.0000e+00  0.0000e+00  0.0000e+00  0.0000e+00  0.0000e+00  0.0000e+00  0.0000e+00  1.1543e+14  0.0000e+00  0.0000e+00  0.0000e+00  6.4128e+13  0.0000e+00 -1.1543e+14  0.0000e+00  0.0000e+00  0.0000e+00  5.1302e+13

Full F_global Vector:
             Force
DOF 0   0.0000e+00
DOF 1   0.0000e+00
DOF 2   0.0000e+00
DOF 3   0.0000e+00
DOF 4   0.0000e+00
DOF 5   0.0000e+00
DOF 6   0.0000e+00
DOF 7   0.0000e+00
DOF 8   0.0000e+00
DOF 9   0.0000e+00
DOF 10  0.0000e+00
DOF 11  0.0000e+00
DOF 12  0.0000e+00
DOF 13 -1.0000e+05
DOF 14  0.0000e+00
DOF 15  0.0000e+00
DOF 16  0.0000e+00
DOF 17  0.0000e+00
2025-04-30 18:05:45,326 - INFO - ✅ Assembly complete.
