2025-04-30 18:05:44,832 - pre_processing.element_library.element_1D_base - DEBUG - Element Stiffness Matrix Computation (Element ID: 0)
2025-04-30 18:05:44,833 - pre_processing.element_library.element_1D_base - DEBUG - Element Length (L): 1.000000e+00, Jacobian determinant (detJ): 5.000000e-01
2025-04-30 18:05:44,833 - pre_processing.element_library.element_1D_base - DEBUG - Material Stiffness Matrix (D):
2025-04-30 18:05:44,834 - pre_processing.element_library.element_1D_base - DEBUG - [[1.82200e+08 0.00000e+00 0.00000e+00 0.00000e+00]
 [0.00000e+00 2.00400e+11 0.00000e+00 0.00000e+00]
 [0.00000e+00 0.00000e+00 2.00800e+11 0.00000e+00]
 [0.00000e+00 0.00000e+00 0.00000e+00 8.96153e+02]]
2025-04-30 18:05:44,837 - pre_processing.element_library.element_1D_base - DEBUG - 
----- Gauss Point 1/3 -----
2025-04-30 18:05:44,837 - pre_processing.element_library.element_1D_base - DEBUG - Natural Coordinate (xi): -7.745967e-01, Gauss Weight: 5.555556e-01
2025-04-30 18:05:44,838 - pre_processing.element_library.element_1D_base - DEBUG - Shape Function First Derivatives (dN_dxi):
2025-04-30 18:05:44,839 - pre_processing.element_library.element_1D_base - DEBUG - [[-0.5       0.        0.        0.        0.        0.      ]
 [ 0.        8.24758   0.        0.        0.        0.      ]
 [ 0.        0.        8.24758   0.        0.        0.      ]
 [ 0.        0.        0.       -0.5       0.        0.      ]
 [ 0.        0.        0.        0.       -5.898387  0.      ]
 [ 0.        0.        0.        0.        0.        5.898387]
 [ 0.5       0.        0.        0.        0.        0.      ]
 [ 0.       -8.24758   0.        0.        0.        0.      ]
 [ 0.        0.       -8.24758   0.        0.        0.      ]
 [ 0.        0.        0.        0.5       0.        0.      ]
 [ 0.        0.        0.        0.       -3.349193  0.      ]
 [ 0.        0.        0.        0.        0.        3.349193]]
2025-04-30 18:05:44,840 - pre_processing.element_library.element_1D_base - DEBUG - Shape Function Second Derivatives (d2N_dxi2):
2025-04-30 18:05:44,840 - pre_processing.element_library.element_1D_base - DEBUG - [[  0.        0.        0.        0.        0.        0.     ]
 [  0.      -15.29516   0.        0.        0.        0.     ]
 [  0.        0.      -15.29516   0.        0.        0.     ]
 [  0.        0.        0.        0.        0.        0.     ]
 [  0.        0.        0.        0.        8.64758   0.     ]
 [  0.        0.        0.        0.        0.       -8.64758]
 [  0.        0.        0.        0.        0.        0.     ]
 [  0.       15.29516   0.        0.        0.        0.     ]
 [  0.        0.       15.29516   0.        0.        0.     ]
 [  0.        0.        0.        0.        0.        0.     ]
 [  0.        0.        0.        0.        6.64758   0.     ]
 [  0.        0.        0.        0.        0.       -6.64758]]
2025-04-30 18:05:44,841 - pre_processing.element_library.element_1D_base - DEBUG - Strain-Displacement Matrix (B):
2025-04-30 18:05:44,842 - pre_processing.element_library.element_1D_base - DEBUG - [[ -1.        0.        0.        0.        0.        0.        1.
    0.        0.        0.        0.        0.     ]
 [  0.      -61.18064   0.        0.        0.      -34.59032   0.
   61.18064   0.        0.        0.      -26.59032]
 [  0.        0.      -61.18064   0.       34.59032   0.        0.
    0.       61.18064   0.       26.59032   0.     ]
 [  0.        0.        0.       -1.        0.        0.        0.
    0.        0.        1.        0.        0.     ]]
2025-04-30 18:05:44,842 - pre_processing.element_library.element_1D_base - DEBUG - Strain-Displacement Matrix Transpose (B.T):
2025-04-30 18:05:44,843 - pre_processing.element_library.element_1D_base - DEBUG - [[ -1.        0.        0.        0.     ]
 [  0.      -61.18064   0.        0.     ]
 [  0.        0.      -61.18064   0.     ]
 [  0.        0.        0.       -1.     ]
 [  0.        0.       34.59032   0.     ]
 [  0.      -34.59032   0.        0.     ]
 [  1.        0.        0.        0.     ]
 [  0.       61.18064   0.        0.     ]
 [  0.        0.       61.18064   0.     ]
 [  0.        0.        0.        1.     ]
 [  0.        0.       26.59032   0.     ]
 [  0.      -26.59032   0.        0.     ]]
2025-04-30 18:05:44,844 - pre_processing.element_library.element_1D_base - DEBUG - Element Stiffness Matrix Contribution at Gauss Point:
2025-04-30 18:05:44,845 - pre_processing.element_library.element_1D_base - DEBUG - [[ 5.061111e+07  0.000000e+00  0.000000e+00  0.000000e+00  0.000000e+00
   0.000000e+00 -5.061111e+07  0.000000e+00  0.000000e+00  0.000000e+00
   0.000000e+00  0.000000e+00]
 [ 0.000000e+00  2.083643e+14  0.000000e+00  0.000000e+00  0.000000e+00
   1.178050e+14  0.000000e+00 -2.083643e+14  0.000000e+00  0.000000e+00
   0.000000e+00  9.055925e+13]
 [ 0.000000e+00  0.000000e+00  2.087802e+14  0.000000e+00 -1.180402e+14
   0.000000e+00  0.000000e+00  0.000000e+00 -2.087802e+14  0.000000e+00
  -9.074000e+13  0.000000e+00]
 [ 0.000000e+00  0.000000e+00  0.000000e+00  2.489314e+02  0.000000e+00
   0.000000e+00  0.000000e+00  0.000000e+00  0.000000e+00 -2.489314e+02
   0.000000e+00  0.000000e+00]
 [ 0.000000e+00  0.000000e+00 -1.180402e+14  0.000000e+00  6.673757e+13
   0.000000e+00  0.000000e+00  0.000000e+00  1.180402e+14  0.000000e+00
   5.130260e+13  0.000000e+00]
 [ 0.000000e+00  1.178050e+14  0.000000e+00  0.000000e+00  0.000000e+00
   6.660462e+13  0.000000e+00 -1.178050e+14  0.000000e+00  0.000000e+00
   0.000000e+00  5.120040e+13]
 [-5.061111e+07  0.000000e+00  0.000000e+00  0.000000e+00  0.000000e+00
   0.000000e+00  5.061111e+07  0.000000e+00  0.000000e+00  0.000000e+00
   0.000000e+00  0.000000e+00]
 [ 0.000000e+00 -2.083643e+14  0.000000e+00  0.000000e+00  0.000000e+00
  -1.178050e+14  0.000000e+00  2.083643e+14  0.000000e+00  0.000000e+00
   0.000000e+00 -9.055925e+13]
 [ 0.000000e+00  0.000000e+00 -2.087802e+14  0.000000e+00  1.180402e+14
   0.000000e+00  0.000000e+00  0.000000e+00  2.087802e+14  0.000000e+00
   9.074000e+13  0.000000e+00]
 [ 0.000000e+00  0.000000e+00  0.000000e+00 -2.489314e+02  0.000000e+00
   0.000000e+00  0.000000e+00  0.000000e+00  0.000000e+00  2.489314e+02
   0.000000e+00  0.000000e+00]
 [ 0.000000e+00  0.000000e+00 -9.074000e+13  0.000000e+00  5.130260e+13
   0.000000e+00  0.000000e+00  0.000000e+00  9.074000e+13  0.000000e+00
   3.943741e+13  0.000000e+00]
 [ 0.000000e+00  9.055925e+13  0.000000e+00  0.000000e+00  0.000000e+00
   5.120040e+13  0.000000e+00 -9.055925e+13  0.000000e+00  0.000000e+00
   0.000000e+00  3.935885e+13]]
2025-04-30 18:05:44,846 - pre_processing.element_library.element_1D_base - DEBUG - 
2025-04-30 18:05:44,847 - pre_processing.element_library.element_1D_base - DEBUG - 
----- Gauss Point 2/3 -----
2025-04-30 18:05:44,847 - pre_processing.element_library.element_1D_base - DEBUG - Natural Coordinate (xi): 0.000000e+00, Gauss Weight: 8.888889e-01
2025-04-30 18:05:44,848 - pre_processing.element_library.element_1D_base - DEBUG - Shape Function First Derivatives (dN_dxi):
2025-04-30 18:05:44,848 - pre_processing.element_library.element_1D_base - DEBUG - [[-0.5  0.   0.   0.   0.   0. ]
 [ 0.   0.   0.   0.   0.   0. ]
 [ 0.   0.   0.   0.   0.   0. ]
 [ 0.   0.   0.  -0.5  0.   0. ]
 [ 0.   0.   0.   0.  -1.   0. ]
 [ 0.   0.   0.   0.   0.   1. ]
 [ 0.5  0.   0.   0.   0.   0. ]
 [ 0.   0.   0.   0.   0.   0. ]
 [ 0.   0.   0.   0.   0.   0. ]
 [ 0.   0.   0.   0.5  0.   0. ]
 [ 0.   0.   0.   0.  -0.   0. ]
 [ 0.   0.   0.   0.   0.   0. ]]
2025-04-30 18:05:44,849 - pre_processing.element_library.element_1D_base - DEBUG - Shape Function Second Derivatives (d2N_dxi2):
2025-04-30 18:05:44,850 - pre_processing.element_library.element_1D_base - DEBUG - [[ 0.  0.  0.  0.  0.  0.]
 [ 0. -6.  0.  0.  0.  0.]
 [ 0.  0. -6.  0.  0.  0.]
 [ 0.  0.  0.  0.  0.  0.]
 [ 0.  0.  0.  0.  4.  0.]
 [ 0.  0.  0.  0.  0. -4.]
 [ 0.  0.  0.  0.  0.  0.]
 [ 0.  6.  0.  0.  0.  0.]
 [ 0.  0.  6.  0.  0.  0.]
 [ 0.  0.  0.  0.  0.  0.]
 [ 0.  0.  0.  0.  2.  0.]
 [ 0.  0.  0.  0.  0. -2.]]
2025-04-30 18:05:44,850 - pre_processing.element_library.element_1D_base - DEBUG - Strain-Displacement Matrix (B):
2025-04-30 18:05:44,853 - pre_processing.element_library.element_1D_base - DEBUG - [[ -1.   0.   0.   0.   0.   0.   1.   0.   0.   0.   0.   0.]
 [  0. -24.   0.   0.   0. -16.   0.  24.   0.   0.   0.  -8.]
 [  0.   0. -24.   0.  16.   0.   0.   0.  24.   0.   8.   0.]
 [  0.   0.   0.  -1.   0.   0.   0.   0.   0.   1.   0.   0.]]
2025-04-30 18:05:44,854 - pre_processing.element_library.element_1D_base - DEBUG - Strain-Displacement Matrix Transpose (B.T):
2025-04-30 18:05:44,855 - pre_processing.element_library.element_1D_base - DEBUG - [[ -1.   0.   0.   0.]
 [  0. -24.   0.   0.]
 [  0.   0. -24.   0.]
 [  0.   0.   0.  -1.]
 [  0.   0.  16.   0.]
 [  0. -16.   0.   0.]
 [  1.   0.   0.   0.]
 [  0.  24.   0.   0.]
 [  0.   0.  24.   0.]
 [  0.   0.   0.   1.]
 [  0.   0.   8.   0.]
 [  0.  -8.   0.   0.]]
2025-04-30 18:05:44,855 - pre_processing.element_library.element_1D_base - DEBUG - Element Stiffness Matrix Contribution at Gauss Point:
2025-04-30 18:05:44,857 - pre_processing.element_library.element_1D_base - DEBUG - [[ 8.097778e+07  0.000000e+00  0.000000e+00  0.000000e+00  0.000000e+00
   0.000000e+00 -8.097778e+07  0.000000e+00  0.000000e+00  0.000000e+00
   0.000000e+00  0.000000e+00]
 [ 0.000000e+00  5.130240e+13  0.000000e+00  0.000000e+00  0.000000e+00
   3.420160e+13  0.000000e+00 -5.130240e+13  0.000000e+00  0.000000e+00
   0.000000e+00  1.710080e+13]
 [ 0.000000e+00  0.000000e+00  5.140480e+13  0.000000e+00 -3.426987e+13
   0.000000e+00  0.000000e+00  0.000000e+00 -5.140480e+13  0.000000e+00
  -1.713493e+13  0.000000e+00]
 [ 0.000000e+00  0.000000e+00  0.000000e+00  3.982902e+02  0.000000e+00
   0.000000e+00  0.000000e+00  0.000000e+00  0.000000e+00 -3.982902e+02
   0.000000e+00  0.000000e+00]
 [ 0.000000e+00  0.000000e+00 -3.426987e+13  0.000000e+00  2.284658e+13
   0.000000e+00  0.000000e+00  0.000000e+00  3.426987e+13  0.000000e+00
   1.142329e+13  0.000000e+00]
 [ 0.000000e+00  3.420160e+13  0.000000e+00  0.000000e+00  0.000000e+00
   2.280107e+13  0.000000e+00 -3.420160e+13  0.000000e+00  0.000000e+00
   0.000000e+00  1.140053e+13]
 [-8.097778e+07  0.000000e+00  0.000000e+00  0.000000e+00  0.000000e+00
   0.000000e+00  8.097778e+07  0.000000e+00  0.000000e+00  0.000000e+00
   0.000000e+00  0.000000e+00]
 [ 0.000000e+00 -5.130240e+13  0.000000e+00  0.000000e+00  0.000000e+00
  -3.420160e+13  0.000000e+00  5.130240e+13  0.000000e+00  0.000000e+00
   0.000000e+00 -1.710080e+13]
 [ 0.000000e+00  0.000000e+00 -5.140480e+13  0.000000e+00  3.426987e+13
   0.000000e+00  0.000000e+00  0.000000e+00  5.140480e+13  0.000000e+00
   1.713493e+13  0.000000e+00]
 [ 0.000000e+00  0.000000e+00  0.000000e+00 -3.982902e+02  0.000000e+00
   0.000000e+00  0.000000e+00  0.000000e+00  0.000000e+00  3.982902e+02
   0.000000e+00  0.000000e+00]
 [ 0.000000e+00  0.000000e+00 -1.713493e+13  0.000000e+00  1.142329e+13
   0.000000e+00  0.000000e+00  0.000000e+00  1.713493e+13  0.000000e+00
   5.711644e+12  0.000000e+00]
 [ 0.000000e+00  1.710080e+13  0.000000e+00  0.000000e+00  0.000000e+00
   1.140053e+13  0.000000e+00 -1.710080e+13  0.000000e+00  0.000000e+00
   0.000000e+00  5.700267e+12]]
2025-04-30 18:05:44,859 - pre_processing.element_library.element_1D_base - DEBUG - 
2025-04-30 18:05:44,860 - pre_processing.element_library.element_1D_base - DEBUG - 
----- Gauss Point 3/3 -----
2025-04-30 18:05:44,861 - pre_processing.element_library.element_1D_base - DEBUG - Natural Coordinate (xi): 7.745967e-01, Gauss Weight: 5.555556e-01
2025-04-30 18:05:44,868 - pre_processing.element_library.element_1D_base - DEBUG - Shape Function First Derivatives (dN_dxi):
2025-04-30 18:05:44,869 - pre_processing.element_library.element_1D_base - DEBUG - [[-0.5       0.        0.        0.        0.        0.      ]
 [ 0.       -1.04758   0.        0.        0.        0.      ]
 [ 0.        0.       -1.04758   0.        0.        0.      ]
 [ 0.        0.        0.       -0.5       0.        0.      ]
 [ 0.        0.        0.        0.        0.298387  0.      ]
 [ 0.        0.        0.        0.        0.       -0.298387]
 [ 0.5       0.        0.        0.        0.        0.      ]
 [ 0.        1.04758   0.        0.        0.        0.      ]
 [ 0.        0.        1.04758   0.        0.        0.      ]
 [ 0.        0.        0.        0.5       0.        0.      ]
 [ 0.        0.        0.        0.       -0.250807  0.      ]
 [ 0.        0.        0.        0.        0.        0.250807]]
2025-04-30 18:05:44,870 - pre_processing.element_library.element_1D_base - DEBUG - Shape Function Second Derivatives (d2N_dxi2):
2025-04-30 18:05:44,871 - pre_processing.element_library.element_1D_base - DEBUG - [[ 0.       0.       0.       0.       0.       0.     ]
 [ 0.       3.29516  0.       0.       0.       0.     ]
 [ 0.       0.       3.29516  0.       0.       0.     ]
 [ 0.       0.       0.       0.       0.       0.     ]
 [ 0.       0.       0.       0.      -0.64758  0.     ]
 [ 0.       0.       0.       0.       0.       0.64758]
 [ 0.       0.       0.       0.       0.       0.     ]
 [ 0.      -3.29516  0.       0.       0.       0.     ]
 [ 0.       0.      -3.29516  0.       0.       0.     ]
 [ 0.       0.       0.       0.       0.       0.     ]
 [ 0.       0.       0.       0.      -2.64758  0.     ]
 [ 0.       0.       0.       0.       0.       2.64758]]
2025-04-30 18:05:44,872 - pre_processing.element_library.element_1D_base - DEBUG - Strain-Displacement Matrix (B):
2025-04-30 18:05:44,873 - pre_processing.element_library.element_1D_base - DEBUG - [[ -1.        0.        0.        0.        0.        0.        1.
    0.        0.        0.        0.        0.     ]
 [  0.       13.18064   0.        0.        0.        2.59032   0.
  -13.18064   0.        0.        0.       10.59032]
 [  0.        0.       13.18064   0.       -2.59032   0.        0.
    0.      -13.18064   0.      -10.59032   0.     ]
 [  0.        0.        0.       -1.        0.        0.        0.
    0.        0.        1.        0.        0.     ]]
2025-04-30 18:05:44,874 - pre_processing.element_library.element_1D_base - DEBUG - Strain-Displacement Matrix Transpose (B.T):
2025-04-30 18:05:44,876 - pre_processing.element_library.element_1D_base - DEBUG - [[ -1.        0.        0.        0.     ]
 [  0.       13.18064   0.        0.     ]
 [  0.        0.       13.18064   0.     ]
 [  0.        0.        0.       -1.     ]
 [  0.        0.       -2.59032   0.     ]
 [  0.        2.59032   0.        0.     ]
 [  1.        0.        0.        0.     ]
 [  0.      -13.18064   0.        0.     ]
 [  0.        0.      -13.18064   0.     ]
 [  0.        0.        0.        1.     ]
 [  0.        0.      -10.59032   0.     ]
 [  0.       10.59032   0.        0.     ]]
2025-04-30 18:05:44,876 - pre_processing.element_library.element_1D_base - DEBUG - Element Stiffness Matrix Contribution at Gauss Point:
2025-04-30 18:05:44,877 - pre_processing.element_library.element_1D_base - DEBUG - [[ 5.061111e+07  0.000000e+00  0.000000e+00  0.000000e+00  0.000000e+00
   0.000000e+00 -5.061111e+07  0.000000e+00  0.000000e+00  0.000000e+00
   0.000000e+00  0.000000e+00]
 [ 0.000000e+00  9.670930e+12  0.000000e+00  0.000000e+00  0.000000e+00
   1.900576e+12  0.000000e+00 -9.670930e+12  0.000000e+00  0.000000e+00
   0.000000e+00  7.770354e+12]
 [ 0.000000e+00  0.000000e+00  9.690233e+12  0.000000e+00 -1.904369e+12
   0.000000e+00  0.000000e+00  0.000000e+00 -9.690233e+12  0.000000e+00
  -7.785864e+12  0.000000e+00]
 [ 0.000000e+00  0.000000e+00  0.000000e+00  2.489314e+02  0.000000e+00
   0.000000e+00  0.000000e+00  0.000000e+00  0.000000e+00 -2.489314e+02
   0.000000e+00  0.000000e+00]
 [ 0.000000e+00  0.000000e+00 -1.904369e+12  0.000000e+00  3.742554e+11
   0.000000e+00  0.000000e+00  0.000000e+00  1.904369e+12  0.000000e+00
   1.530114e+12  0.000000e+00]
 [ 0.000000e+00  1.900576e+12  0.000000e+00  0.000000e+00  0.000000e+00
   3.735099e+11  0.000000e+00 -1.900576e+12  0.000000e+00  0.000000e+00
   0.000000e+00  1.527066e+12]
 [-5.061111e+07  0.000000e+00  0.000000e+00  0.000000e+00  0.000000e+00
   0.000000e+00  5.061111e+07  0.000000e+00  0.000000e+00  0.000000e+00
   0.000000e+00  0.000000e+00]
 [ 0.000000e+00 -9.670930e+12  0.000000e+00  0.000000e+00  0.000000e+00
  -1.900576e+12  0.000000e+00  9.670930e+12  0.000000e+00  0.000000e+00
   0.000000e+00 -7.770354e+12]
 [ 0.000000e+00  0.000000e+00 -9.690233e+12  0.000000e+00  1.904369e+12
   0.000000e+00  0.000000e+00  0.000000e+00  9.690233e+12  0.000000e+00
   7.785864e+12  0.000000e+00]
 [ 0.000000e+00  0.000000e+00  0.000000e+00 -2.489314e+02  0.000000e+00
   0.000000e+00  0.000000e+00  0.000000e+00  0.000000e+00  2.489314e+02
   0.000000e+00  0.000000e+00]
 [ 0.000000e+00  0.000000e+00 -7.785864e+12  0.000000e+00  1.530114e+12
   0.000000e+00  0.000000e+00  0.000000e+00  7.785864e+12  0.000000e+00
   6.255750e+12  0.000000e+00]
 [ 0.000000e+00  7.770354e+12  0.000000e+00  0.000000e+00  0.000000e+00
   1.527066e+12  0.000000e+00 -7.770354e+12  0.000000e+00  0.000000e+00
   0.000000e+00  6.243288e+12]]
2025-04-30 18:05:44,878 - pre_processing.element_library.element_1D_base - DEBUG - 
2025-04-30 18:05:44,879 - pre_processing.element_library.element_1D_base - DEBUG - 
===== Final Element Stiffness Matrix (Ke) =====
2025-04-30 18:05:44,880 - pre_processing.element_library.element_1D_base - DEBUG - [[ 1.822000e+08  0.000000e+00  0.000000e+00  0.000000e+00  0.000000e+00
   0.000000e+00 -1.822000e+08  0.000000e+00  0.000000e+00  0.000000e+00
   0.000000e+00  0.000000e+00]
 [ 0.000000e+00  2.693376e+14  0.000000e+00  0.000000e+00  0.000000e+00
   1.539072e+14  0.000000e+00 -2.693376e+14  0.000000e+00  0.000000e+00
   0.000000e+00  1.154304e+14]
 [ 0.000000e+00  0.000000e+00  2.698752e+14  0.000000e+00 -1.542144e+14
   0.000000e+00  0.000000e+00  0.000000e+00 -2.698752e+14  0.000000e+00
  -1.156608e+14  0.000000e+00]
 [ 0.000000e+00  0.000000e+00  0.000000e+00  8.961530e+02  0.000000e+00
   0.000000e+00  0.000000e+00  0.000000e+00  0.000000e+00 -8.961530e+02
   0.000000e+00  0.000000e+00]
 [ 0.000000e+00  0.000000e+00 -1.542144e+14  0.000000e+00  8.995840e+13
   0.000000e+00  0.000000e+00  0.000000e+00  1.542144e+14  0.000000e+00
   6.425600e+13  0.000000e+00]
 [ 0.000000e+00  1.539072e+14  0.000000e+00  0.000000e+00  0.000000e+00
   8.977920e+13  0.000000e+00 -1.539072e+14  0.000000e+00  0.000000e+00
   0.000000e+00  6.412800e+13]
 [-1.822000e+08  0.000000e+00  0.000000e+00  0.000000e+00  0.000000e+00
   0.000000e+00  1.822000e+08  0.000000e+00  0.000000e+00  0.000000e+00
   0.000000e+00  0.000000e+00]
 [ 0.000000e+00 -2.693376e+14  0.000000e+00  0.000000e+00  0.000000e+00
  -1.539072e+14  0.000000e+00  2.693376e+14  0.000000e+00  0.000000e+00
   0.000000e+00 -1.154304e+14]
 [ 0.000000e+00  0.000000e+00 -2.698752e+14  0.000000e+00  1.542144e+14
   0.000000e+00  0.000000e+00  0.000000e+00  2.698752e+14  0.000000e+00
   1.156608e+14  0.000000e+00]
 [ 0.000000e+00  0.000000e+00  0.000000e+00 -8.961530e+02  0.000000e+00
   0.000000e+00  0.000000e+00  0.000000e+00  0.000000e+00  8.961530e+02
   0.000000e+00  0.000000e+00]
 [ 0.000000e+00  0.000000e+00 -1.156608e+14  0.000000e+00  6.425600e+13
   0.000000e+00  0.000000e+00  0.000000e+00  1.156608e+14  0.000000e+00
   5.140480e+13  0.000000e+00]
 [ 0.000000e+00  1.154304e+14  0.000000e+00  0.000000e+00  0.000000e+00
   6.412800e+13  0.000000e+00 -1.154304e+14  0.000000e+00  0.000000e+00
   0.000000e+00  5.130240e+13]]
2025-04-30 18:05:44,885 - pre_processing.element_library.element_1D_base - DEBUG - Element Stiffness Matrix Computation (Element ID: 1)
2025-04-30 18:05:44,885 - pre_processing.element_library.element_1D_base - DEBUG - Element Stiffness Matrix Computation (Element ID: 1)
2025-04-30 18:05:44,886 - pre_processing.element_library.element_1D_base - DEBUG - Element Length (L): 1.000000e+00, Jacobian determinant (detJ): 5.000000e-01
2025-04-30 18:05:44,886 - pre_processing.element_library.element_1D_base - DEBUG - Element Length (L): 1.000000e+00, Jacobian determinant (detJ): 5.000000e-01
2025-04-30 18:05:44,888 - pre_processing.element_library.element_1D_base - DEBUG - Material Stiffness Matrix (D):
2025-04-30 18:05:44,888 - pre_processing.element_library.element_1D_base - DEBUG - Material Stiffness Matrix (D):
2025-04-30 18:05:44,890 - pre_processing.element_library.element_1D_base - DEBUG - [[1.82200e+08 0.00000e+00 0.00000e+00 0.00000e+00]
 [0.00000e+00 2.00400e+11 0.00000e+00 0.00000e+00]
 [0.00000e+00 0.00000e+00 2.00800e+11 0.00000e+00]
 [0.00000e+00 0.00000e+00 0.00000e+00 8.96153e+02]]
2025-04-30 18:05:44,890 - pre_processing.element_library.element_1D_base - DEBUG - [[1.82200e+08 0.00000e+00 0.00000e+00 0.00000e+00]
 [0.00000e+00 2.00400e+11 0.00000e+00 0.00000e+00]
 [0.00000e+00 0.00000e+00 2.00800e+11 0.00000e+00]
 [0.00000e+00 0.00000e+00 0.00000e+00 8.96153e+02]]
2025-04-30 18:05:44,891 - pre_processing.element_library.element_1D_base - DEBUG - 
----- Gauss Point 1/3 -----
2025-04-30 18:05:44,891 - pre_processing.element_library.element_1D_base - DEBUG - 
----- Gauss Point 1/3 -----
2025-04-30 18:05:44,892 - pre_processing.element_library.element_1D_base - DEBUG - Natural Coordinate (xi): -7.745967e-01, Gauss Weight: 5.555556e-01
2025-04-30 18:05:44,892 - pre_processing.element_library.element_1D_base - DEBUG - Natural Coordinate (xi): -7.745967e-01, Gauss Weight: 5.555556e-01
2025-04-30 18:05:44,893 - pre_processing.element_library.element_1D_base - DEBUG - Shape Function First Derivatives (dN_dxi):
2025-04-30 18:05:44,893 - pre_processing.element_library.element_1D_base - DEBUG - Shape Function First Derivatives (dN_dxi):
2025-04-30 18:05:44,894 - pre_processing.element_library.element_1D_base - DEBUG - [[-0.5       0.        0.        0.        0.        0.      ]
 [ 0.        8.24758   0.        0.        0.        0.      ]
 [ 0.        0.        8.24758   0.        0.        0.      ]
 [ 0.        0.        0.       -0.5       0.        0.      ]
 [ 0.        0.        0.        0.       -5.898387  0.      ]
 [ 0.        0.        0.        0.        0.        5.898387]
 [ 0.5       0.        0.        0.        0.        0.      ]
 [ 0.       -8.24758   0.        0.        0.        0.      ]
 [ 0.        0.       -8.24758   0.        0.        0.      ]
 [ 0.        0.        0.        0.5       0.        0.      ]
 [ 0.        0.        0.        0.       -3.349193  0.      ]
 [ 0.        0.        0.        0.        0.        3.349193]]
2025-04-30 18:05:44,894 - pre_processing.element_library.element_1D_base - DEBUG - [[-0.5       0.        0.        0.        0.        0.      ]
 [ 0.        8.24758   0.        0.        0.        0.      ]
 [ 0.        0.        8.24758   0.        0.        0.      ]
 [ 0.        0.        0.       -0.5       0.        0.      ]
 [ 0.        0.        0.        0.       -5.898387  0.      ]
 [ 0.        0.        0.        0.        0.        5.898387]
 [ 0.5       0.        0.        0.        0.        0.      ]
 [ 0.       -8.24758   0.        0.        0.        0.      ]
 [ 0.        0.       -8.24758   0.        0.        0.      ]
 [ 0.        0.        0.        0.5       0.        0.      ]
 [ 0.        0.        0.        0.       -3.349193  0.      ]
 [ 0.        0.        0.        0.        0.        3.349193]]
2025-04-30 18:05:44,896 - pre_processing.element_library.element_1D_base - DEBUG - Shape Function Second Derivatives (d2N_dxi2):
2025-04-30 18:05:44,896 - pre_processing.element_library.element_1D_base - DEBUG - Shape Function Second Derivatives (d2N_dxi2):
2025-04-30 18:05:44,898 - pre_processing.element_library.element_1D_base - DEBUG - [[  0.        0.        0.        0.        0.        0.     ]
 [  0.      -15.29516   0.        0.        0.        0.     ]
 [  0.        0.      -15.29516   0.        0.        0.     ]
 [  0.        0.        0.        0.        0.        0.     ]
 [  0.        0.        0.        0.        8.64758   0.     ]
 [  0.        0.        0.        0.        0.       -8.64758]
 [  0.        0.        0.        0.        0.        0.     ]
 [  0.       15.29516   0.        0.        0.        0.     ]
 [  0.        0.       15.29516   0.        0.        0.     ]
 [  0.        0.        0.        0.        0.        0.     ]
 [  0.        0.        0.        0.        6.64758   0.     ]
 [  0.        0.        0.        0.        0.       -6.64758]]
2025-04-30 18:05:44,898 - pre_processing.element_library.element_1D_base - DEBUG - [[  0.        0.        0.        0.        0.        0.     ]
 [  0.      -15.29516   0.        0.        0.        0.     ]
 [  0.        0.      -15.29516   0.        0.        0.     ]
 [  0.        0.        0.        0.        0.        0.     ]
 [  0.        0.        0.        0.        8.64758   0.     ]
 [  0.        0.        0.        0.        0.       -8.64758]
 [  0.        0.        0.        0.        0.        0.     ]
 [  0.       15.29516   0.        0.        0.        0.     ]
 [  0.        0.       15.29516   0.        0.        0.     ]
 [  0.        0.        0.        0.        0.        0.     ]
 [  0.        0.        0.        0.        6.64758   0.     ]
 [  0.        0.        0.        0.        0.       -6.64758]]
2025-04-30 18:05:44,899 - pre_processing.element_library.element_1D_base - DEBUG - Strain-Displacement Matrix (B):
2025-04-30 18:05:44,899 - pre_processing.element_library.element_1D_base - DEBUG - Strain-Displacement Matrix (B):
2025-04-30 18:05:44,900 - pre_processing.element_library.element_1D_base - DEBUG - [[ -1.        0.        0.        0.        0.        0.        1.
    0.        0.        0.        0.        0.     ]
 [  0.      -61.18064   0.        0.        0.      -34.59032   0.
   61.18064   0.        0.        0.      -26.59032]
 [  0.        0.      -61.18064   0.       34.59032   0.        0.
    0.       61.18064   0.       26.59032   0.     ]
 [  0.        0.        0.       -1.        0.        0.        0.
    0.        0.        1.        0.        0.     ]]
2025-04-30 18:05:44,900 - pre_processing.element_library.element_1D_base - DEBUG - [[ -1.        0.        0.        0.        0.        0.        1.
    0.        0.        0.        0.        0.     ]
 [  0.      -61.18064   0.        0.        0.      -34.59032   0.
   61.18064   0.        0.        0.      -26.59032]
 [  0.        0.      -61.18064   0.       34.59032   0.        0.
    0.       61.18064   0.       26.59032   0.     ]
 [  0.        0.        0.       -1.        0.        0.        0.
    0.        0.        1.        0.        0.     ]]
2025-04-30 18:05:44,901 - pre_processing.element_library.element_1D_base - DEBUG - Strain-Displacement Matrix Transpose (B.T):
2025-04-30 18:05:44,901 - pre_processing.element_library.element_1D_base - DEBUG - Strain-Displacement Matrix Transpose (B.T):
2025-04-30 18:05:44,903 - pre_processing.element_library.element_1D_base - DEBUG - [[ -1.        0.        0.        0.     ]
 [  0.      -61.18064   0.        0.     ]
 [  0.        0.      -61.18064   0.     ]
 [  0.        0.        0.       -1.     ]
 [  0.        0.       34.59032   0.     ]
 [  0.      -34.59032   0.        0.     ]
 [  1.        0.        0.        0.     ]
 [  0.       61.18064   0.        0.     ]
 [  0.        0.       61.18064   0.     ]
 [  0.        0.        0.        1.     ]
 [  0.        0.       26.59032   0.     ]
 [  0.      -26.59032   0.        0.     ]]
2025-04-30 18:05:44,903 - pre_processing.element_library.element_1D_base - DEBUG - [[ -1.        0.        0.        0.     ]
 [  0.      -61.18064   0.        0.     ]
 [  0.        0.      -61.18064   0.     ]
 [  0.        0.        0.       -1.     ]
 [  0.        0.       34.59032   0.     ]
 [  0.      -34.59032   0.        0.     ]
 [  1.        0.        0.        0.     ]
 [  0.       61.18064   0.        0.     ]
 [  0.        0.       61.18064   0.     ]
 [  0.        0.        0.        1.     ]
 [  0.        0.       26.59032   0.     ]
 [  0.      -26.59032   0.        0.     ]]
2025-04-30 18:05:44,904 - pre_processing.element_library.element_1D_base - DEBUG - Element Stiffness Matrix Contribution at Gauss Point:
2025-04-30 18:05:44,904 - pre_processing.element_library.element_1D_base - DEBUG - Element Stiffness Matrix Contribution at Gauss Point:
2025-04-30 18:05:44,906 - pre_processing.element_library.element_1D_base - DEBUG - [[ 5.061111e+07  0.000000e+00  0.000000e+00  0.000000e+00  0.000000e+00
   0.000000e+00 -5.061111e+07  0.000000e+00  0.000000e+00  0.000000e+00
   0.000000e+00  0.000000e+00]
 [ 0.000000e+00  2.083643e+14  0.000000e+00  0.000000e+00  0.000000e+00
   1.178050e+14  0.000000e+00 -2.083643e+14  0.000000e+00  0.000000e+00
   0.000000e+00  9.055925e+13]
 [ 0.000000e+00  0.000000e+00  2.087802e+14  0.000000e+00 -1.180402e+14
   0.000000e+00  0.000000e+00  0.000000e+00 -2.087802e+14  0.000000e+00
  -9.074000e+13  0.000000e+00]
 [ 0.000000e+00  0.000000e+00  0.000000e+00  2.489314e+02  0.000000e+00
   0.000000e+00  0.000000e+00  0.000000e+00  0.000000e+00 -2.489314e+02
   0.000000e+00  0.000000e+00]
 [ 0.000000e+00  0.000000e+00 -1.180402e+14  0.000000e+00  6.673757e+13
   0.000000e+00  0.000000e+00  0.000000e+00  1.180402e+14  0.000000e+00
   5.130260e+13  0.000000e+00]
 [ 0.000000e+00  1.178050e+14  0.000000e+00  0.000000e+00  0.000000e+00
   6.660462e+13  0.000000e+00 -1.178050e+14  0.000000e+00  0.000000e+00
   0.000000e+00  5.120040e+13]
 [-5.061111e+07  0.000000e+00  0.000000e+00  0.000000e+00  0.000000e+00
   0.000000e+00  5.061111e+07  0.000000e+00  0.000000e+00  0.000000e+00
   0.000000e+00  0.000000e+00]
 [ 0.000000e+00 -2.083643e+14  0.000000e+00  0.000000e+00  0.000000e+00
  -1.178050e+14  0.000000e+00  2.083643e+14  0.000000e+00  0.000000e+00
   0.000000e+00 -9.055925e+13]
 [ 0.000000e+00  0.000000e+00 -2.087802e+14  0.000000e+00  1.180402e+14
   0.000000e+00  0.000000e+00  0.000000e+00  2.087802e+14  0.000000e+00
   9.074000e+13  0.000000e+00]
 [ 0.000000e+00  0.000000e+00  0.000000e+00 -2.489314e+02  0.000000e+00
   0.000000e+00  0.000000e+00  0.000000e+00  0.000000e+00  2.489314e+02
   0.000000e+00  0.000000e+00]
 [ 0.000000e+00  0.000000e+00 -9.074000e+13  0.000000e+00  5.130260e+13
   0.000000e+00  0.000000e+00  0.000000e+00  9.074000e+13  0.000000e+00
   3.943741e+13  0.000000e+00]
 [ 0.000000e+00  9.055925e+13  0.000000e+00  0.000000e+00  0.000000e+00
   5.120040e+13  0.000000e+00 -9.055925e+13  0.000000e+00  0.000000e+00
   0.000000e+00  3.935885e+13]]
2025-04-30 18:05:44,906 - pre_processing.element_library.element_1D_base - DEBUG - [[ 5.061111e+07  0.000000e+00  0.000000e+00  0.000000e+00  0.000000e+00
   0.000000e+00 -5.061111e+07  0.000000e+00  0.000000e+00  0.000000e+00
   0.000000e+00  0.000000e+00]
 [ 0.000000e+00  2.083643e+14  0.000000e+00  0.000000e+00  0.000000e+00
   1.178050e+14  0.000000e+00 -2.083643e+14  0.000000e+00  0.000000e+00
   0.000000e+00  9.055925e+13]
 [ 0.000000e+00  0.000000e+00  2.087802e+14  0.000000e+00 -1.180402e+14
   0.000000e+00  0.000000e+00  0.000000e+00 -2.087802e+14  0.000000e+00
  -9.074000e+13  0.000000e+00]
 [ 0.000000e+00  0.000000e+00  0.000000e+00  2.489314e+02  0.000000e+00
   0.000000e+00  0.000000e+00  0.000000e+00  0.000000e+00 -2.489314e+02
   0.000000e+00  0.000000e+00]
 [ 0.000000e+00  0.000000e+00 -1.180402e+14  0.000000e+00  6.673757e+13
   0.000000e+00  0.000000e+00  0.000000e+00  1.180402e+14  0.000000e+00
   5.130260e+13  0.000000e+00]
 [ 0.000000e+00  1.178050e+14  0.000000e+00  0.000000e+00  0.000000e+00
   6.660462e+13  0.000000e+00 -1.178050e+14  0.000000e+00  0.000000e+00
   0.000000e+00  5.120040e+13]
 [-5.061111e+07  0.000000e+00  0.000000e+00  0.000000e+00  0.000000e+00
   0.000000e+00  5.061111e+07  0.000000e+00  0.000000e+00  0.000000e+00
   0.000000e+00  0.000000e+00]
 [ 0.000000e+00 -2.083643e+14  0.000000e+00  0.000000e+00  0.000000e+00
  -1.178050e+14  0.000000e+00  2.083643e+14  0.000000e+00  0.000000e+00
   0.000000e+00 -9.055925e+13]
 [ 0.000000e+00  0.000000e+00 -2.087802e+14  0.000000e+00  1.180402e+14
   0.000000e+00  0.000000e+00  0.000000e+00  2.087802e+14  0.000000e+00
   9.074000e+13  0.000000e+00]
 [ 0.000000e+00  0.000000e+00  0.000000e+00 -2.489314e+02  0.000000e+00
   0.000000e+00  0.000000e+00  0.000000e+00  0.000000e+00  2.489314e+02
   0.000000e+00  0.000000e+00]
 [ 0.000000e+00  0.000000e+00 -9.074000e+13  0.000000e+00  5.130260e+13
   0.000000e+00  0.000000e+00  0.000000e+00  9.074000e+13  0.000000e+00
   3.943741e+13  0.000000e+00]
 [ 0.000000e+00  9.055925e+13  0.000000e+00  0.000000e+00  0.000000e+00
   5.120040e+13  0.000000e+00 -9.055925e+13  0.000000e+00  0.000000e+00
   0.000000e+00  3.935885e+13]]
2025-04-30 18:05:44,908 - pre_processing.element_library.element_1D_base - DEBUG - 
2025-04-30 18:05:44,908 - pre_processing.element_library.element_1D_base - DEBUG - 
2025-04-30 18:05:44,909 - pre_processing.element_library.element_1D_base - DEBUG - 
----- Gauss Point 2/3 -----
2025-04-30 18:05:44,909 - pre_processing.element_library.element_1D_base - DEBUG - 
----- Gauss Point 2/3 -----
2025-04-30 18:05:44,910 - pre_processing.element_library.element_1D_base - DEBUG - Natural Coordinate (xi): 0.000000e+00, Gauss Weight: 8.888889e-01
2025-04-30 18:05:44,910 - pre_processing.element_library.element_1D_base - DEBUG - Natural Coordinate (xi): 0.000000e+00, Gauss Weight: 8.888889e-01
2025-04-30 18:05:44,911 - pre_processing.element_library.element_1D_base - DEBUG - Shape Function First Derivatives (dN_dxi):
2025-04-30 18:05:44,911 - pre_processing.element_library.element_1D_base - DEBUG - Shape Function First Derivatives (dN_dxi):
2025-04-30 18:05:44,913 - pre_processing.element_library.element_1D_base - DEBUG - [[-0.5  0.   0.   0.   0.   0. ]
 [ 0.   0.   0.   0.   0.   0. ]
 [ 0.   0.   0.   0.   0.   0. ]
 [ 0.   0.   0.  -0.5  0.   0. ]
 [ 0.   0.   0.   0.  -1.   0. ]
 [ 0.   0.   0.   0.   0.   1. ]
 [ 0.5  0.   0.   0.   0.   0. ]
 [ 0.   0.   0.   0.   0.   0. ]
 [ 0.   0.   0.   0.   0.   0. ]
 [ 0.   0.   0.   0.5  0.   0. ]
 [ 0.   0.   0.   0.  -0.   0. ]
 [ 0.   0.   0.   0.   0.   0. ]]
2025-04-30 18:05:44,913 - pre_processing.element_library.element_1D_base - DEBUG - [[-0.5  0.   0.   0.   0.   0. ]
 [ 0.   0.   0.   0.   0.   0. ]
 [ 0.   0.   0.   0.   0.   0. ]
 [ 0.   0.   0.  -0.5  0.   0. ]
 [ 0.   0.   0.   0.  -1.   0. ]
 [ 0.   0.   0.   0.   0.   1. ]
 [ 0.5  0.   0.   0.   0.   0. ]
 [ 0.   0.   0.   0.   0.   0. ]
 [ 0.   0.   0.   0.   0.   0. ]
 [ 0.   0.   0.   0.5  0.   0. ]
 [ 0.   0.   0.   0.  -0.   0. ]
 [ 0.   0.   0.   0.   0.   0. ]]
2025-04-30 18:05:44,914 - pre_processing.element_library.element_1D_base - DEBUG - Shape Function Second Derivatives (d2N_dxi2):
2025-04-30 18:05:44,914 - pre_processing.element_library.element_1D_base - DEBUG - Shape Function Second Derivatives (d2N_dxi2):
2025-04-30 18:05:44,916 - pre_processing.element_library.element_1D_base - DEBUG - [[ 0.  0.  0.  0.  0.  0.]
 [ 0. -6.  0.  0.  0.  0.]
 [ 0.  0. -6.  0.  0.  0.]
 [ 0.  0.  0.  0.  0.  0.]
 [ 0.  0.  0.  0.  4.  0.]
 [ 0.  0.  0.  0.  0. -4.]
 [ 0.  0.  0.  0.  0.  0.]
 [ 0.  6.  0.  0.  0.  0.]
 [ 0.  0.  6.  0.  0.  0.]
 [ 0.  0.  0.  0.  0.  0.]
 [ 0.  0.  0.  0.  2.  0.]
 [ 0.  0.  0.  0.  0. -2.]]
2025-04-30 18:05:44,916 - pre_processing.element_library.element_1D_base - DEBUG - [[ 0.  0.  0.  0.  0.  0.]
 [ 0. -6.  0.  0.  0.  0.]
 [ 0.  0. -6.  0.  0.  0.]
 [ 0.  0.  0.  0.  0.  0.]
 [ 0.  0.  0.  0.  4.  0.]
 [ 0.  0.  0.  0.  0. -4.]
 [ 0.  0.  0.  0.  0.  0.]
 [ 0.  6.  0.  0.  0.  0.]
 [ 0.  0.  6.  0.  0.  0.]
 [ 0.  0.  0.  0.  0.  0.]
 [ 0.  0.  0.  0.  2.  0.]
 [ 0.  0.  0.  0.  0. -2.]]
2025-04-30 18:05:44,918 - pre_processing.element_library.element_1D_base - DEBUG - Strain-Displacement Matrix (B):
2025-04-30 18:05:44,918 - pre_processing.element_library.element_1D_base - DEBUG - Strain-Displacement Matrix (B):
2025-04-30 18:05:44,919 - pre_processing.element_library.element_1D_base - DEBUG - [[ -1.   0.   0.   0.   0.   0.   1.   0.   0.   0.   0.   0.]
 [  0. -24.   0.   0.   0. -16.   0.  24.   0.   0.   0.  -8.]
 [  0.   0. -24.   0.  16.   0.   0.   0.  24.   0.   8.   0.]
 [  0.   0.   0.  -1.   0.   0.   0.   0.   0.   1.   0.   0.]]
2025-04-30 18:05:44,919 - pre_processing.element_library.element_1D_base - DEBUG - [[ -1.   0.   0.   0.   0.   0.   1.   0.   0.   0.   0.   0.]
 [  0. -24.   0.   0.   0. -16.   0.  24.   0.   0.   0.  -8.]
 [  0.   0. -24.   0.  16.   0.   0.   0.  24.   0.   8.   0.]
 [  0.   0.   0.  -1.   0.   0.   0.   0.   0.   1.   0.   0.]]
2025-04-30 18:05:44,920 - pre_processing.element_library.element_1D_base - DEBUG - Strain-Displacement Matrix Transpose (B.T):
2025-04-30 18:05:44,920 - pre_processing.element_library.element_1D_base - DEBUG - Strain-Displacement Matrix Transpose (B.T):
2025-04-30 18:05:44,922 - pre_processing.element_library.element_1D_base - DEBUG - [[ -1.   0.   0.   0.]
 [  0. -24.   0.   0.]
 [  0.   0. -24.   0.]
 [  0.   0.   0.  -1.]
 [  0.   0.  16.   0.]
 [  0. -16.   0.   0.]
 [  1.   0.   0.   0.]
 [  0.  24.   0.   0.]
 [  0.   0.  24.   0.]
 [  0.   0.   0.   1.]
 [  0.   0.   8.   0.]
 [  0.  -8.   0.   0.]]
2025-04-30 18:05:44,922 - pre_processing.element_library.element_1D_base - DEBUG - [[ -1.   0.   0.   0.]
 [  0. -24.   0.   0.]
 [  0.   0. -24.   0.]
 [  0.   0.   0.  -1.]
 [  0.   0.  16.   0.]
 [  0. -16.   0.   0.]
 [  1.   0.   0.   0.]
 [  0.  24.   0.   0.]
 [  0.   0.  24.   0.]
 [  0.   0.   0.   1.]
 [  0.   0.   8.   0.]
 [  0.  -8.   0.   0.]]
2025-04-30 18:05:44,923 - pre_processing.element_library.element_1D_base - DEBUG - Element Stiffness Matrix Contribution at Gauss Point:
2025-04-30 18:05:44,923 - pre_processing.element_library.element_1D_base - DEBUG - Element Stiffness Matrix Contribution at Gauss Point:
2025-04-30 18:05:44,924 - pre_processing.element_library.element_1D_base - DEBUG - [[ 8.097778e+07  0.000000e+00  0.000000e+00  0.000000e+00  0.000000e+00
   0.000000e+00 -8.097778e+07  0.000000e+00  0.000000e+00  0.000000e+00
   0.000000e+00  0.000000e+00]
 [ 0.000000e+00  5.130240e+13  0.000000e+00  0.000000e+00  0.000000e+00
   3.420160e+13  0.000000e+00 -5.130240e+13  0.000000e+00  0.000000e+00
   0.000000e+00  1.710080e+13]
 [ 0.000000e+00  0.000000e+00  5.140480e+13  0.000000e+00 -3.426987e+13
   0.000000e+00  0.000000e+00  0.000000e+00 -5.140480e+13  0.000000e+00
  -1.713493e+13  0.000000e+00]
 [ 0.000000e+00  0.000000e+00  0.000000e+00  3.982902e+02  0.000000e+00
   0.000000e+00  0.000000e+00  0.000000e+00  0.000000e+00 -3.982902e+02
   0.000000e+00  0.000000e+00]
 [ 0.000000e+00  0.000000e+00 -3.426987e+13  0.000000e+00  2.284658e+13
   0.000000e+00  0.000000e+00  0.000000e+00  3.426987e+13  0.000000e+00
   1.142329e+13  0.000000e+00]
 [ 0.000000e+00  3.420160e+13  0.000000e+00  0.000000e+00  0.000000e+00
   2.280107e+13  0.000000e+00 -3.420160e+13  0.000000e+00  0.000000e+00
   0.000000e+00  1.140053e+13]
 [-8.097778e+07  0.000000e+00  0.000000e+00  0.000000e+00  0.000000e+00
   0.000000e+00  8.097778e+07  0.000000e+00  0.000000e+00  0.000000e+00
   0.000000e+00  0.000000e+00]
 [ 0.000000e+00 -5.130240e+13  0.000000e+00  0.000000e+00  0.000000e+00
  -3.420160e+13  0.000000e+00  5.130240e+13  0.000000e+00  0.000000e+00
   0.000000e+00 -1.710080e+13]
 [ 0.000000e+00  0.000000e+00 -5.140480e+13  0.000000e+00  3.426987e+13
   0.000000e+00  0.000000e+00  0.000000e+00  5.140480e+13  0.000000e+00
   1.713493e+13  0.000000e+00]
 [ 0.000000e+00  0.000000e+00  0.000000e+00 -3.982902e+02  0.000000e+00
   0.000000e+00  0.000000e+00  0.000000e+00  0.000000e+00  3.982902e+02
   0.000000e+00  0.000000e+00]
 [ 0.000000e+00  0.000000e+00 -1.713493e+13  0.000000e+00  1.142329e+13
   0.000000e+00  0.000000e+00  0.000000e+00  1.713493e+13  0.000000e+00
   5.711644e+12  0.000000e+00]
 [ 0.000000e+00  1.710080e+13  0.000000e+00  0.000000e+00  0.000000e+00
   1.140053e+13  0.000000e+00 -1.710080e+13  0.000000e+00  0.000000e+00
   0.000000e+00  5.700267e+12]]
2025-04-30 18:05:44,924 - pre_processing.element_library.element_1D_base - DEBUG - [[ 8.097778e+07  0.000000e+00  0.000000e+00  0.000000e+00  0.000000e+00
   0.000000e+00 -8.097778e+07  0.000000e+00  0.000000e+00  0.000000e+00
   0.000000e+00  0.000000e+00]
 [ 0.000000e+00  5.130240e+13  0.000000e+00  0.000000e+00  0.000000e+00
   3.420160e+13  0.000000e+00 -5.130240e+13  0.000000e+00  0.000000e+00
   0.000000e+00  1.710080e+13]
 [ 0.000000e+00  0.000000e+00  5.140480e+13  0.000000e+00 -3.426987e+13
   0.000000e+00  0.000000e+00  0.000000e+00 -5.140480e+13  0.000000e+00
  -1.713493e+13  0.000000e+00]
 [ 0.000000e+00  0.000000e+00  0.000000e+00  3.982902e+02  0.000000e+00
   0.000000e+00  0.000000e+00  0.000000e+00  0.000000e+00 -3.982902e+02
   0.000000e+00  0.000000e+00]
 [ 0.000000e+00  0.000000e+00 -3.426987e+13  0.000000e+00  2.284658e+13
   0.000000e+00  0.000000e+00  0.000000e+00  3.426987e+13  0.000000e+00
   1.142329e+13  0.000000e+00]
 [ 0.000000e+00  3.420160e+13  0.000000e+00  0.000000e+00  0.000000e+00
   2.280107e+13  0.000000e+00 -3.420160e+13  0.000000e+00  0.000000e+00
   0.000000e+00  1.140053e+13]
 [-8.097778e+07  0.000000e+00  0.000000e+00  0.000000e+00  0.000000e+00
   0.000000e+00  8.097778e+07  0.000000e+00  0.000000e+00  0.000000e+00
   0.000000e+00  0.000000e+00]
 [ 0.000000e+00 -5.130240e+13  0.000000e+00  0.000000e+00  0.000000e+00
  -3.420160e+13  0.000000e+00  5.130240e+13  0.000000e+00  0.000000e+00
   0.000000e+00 -1.710080e+13]
 [ 0.000000e+00  0.000000e+00 -5.140480e+13  0.000000e+00  3.426987e+13
   0.000000e+00  0.000000e+00  0.000000e+00  5.140480e+13  0.000000e+00
   1.713493e+13  0.000000e+00]
 [ 0.000000e+00  0.000000e+00  0.000000e+00 -3.982902e+02  0.000000e+00
   0.000000e+00  0.000000e+00  0.000000e+00  0.000000e+00  3.982902e+02
   0.000000e+00  0.000000e+00]
 [ 0.000000e+00  0.000000e+00 -1.713493e+13  0.000000e+00  1.142329e+13
   0.000000e+00  0.000000e+00  0.000000e+00  1.713493e+13  0.000000e+00
   5.711644e+12  0.000000e+00]
 [ 0.000000e+00  1.710080e+13  0.000000e+00  0.000000e+00  0.000000e+00
   1.140053e+13  0.000000e+00 -1.710080e+13  0.000000e+00  0.000000e+00
   0.000000e+00  5.700267e+12]]
2025-04-30 18:05:44,935 - pre_processing.element_library.element_1D_base - DEBUG - 
2025-04-30 18:05:44,935 - pre_processing.element_library.element_1D_base - DEBUG - 
2025-04-30 18:05:44,937 - pre_processing.element_library.element_1D_base - DEBUG - 
----- Gauss Point 3/3 -----
2025-04-30 18:05:44,937 - pre_processing.element_library.element_1D_base - DEBUG - 
----- Gauss Point 3/3 -----
2025-04-30 18:05:44,938 - pre_processing.element_library.element_1D_base - DEBUG - Natural Coordinate (xi): 7.745967e-01, Gauss Weight: 5.555556e-01
2025-04-30 18:05:44,938 - pre_processing.element_library.element_1D_base - DEBUG - Natural Coordinate (xi): 7.745967e-01, Gauss Weight: 5.555556e-01
2025-04-30 18:05:44,939 - pre_processing.element_library.element_1D_base - DEBUG - Shape Function First Derivatives (dN_dxi):
2025-04-30 18:05:44,939 - pre_processing.element_library.element_1D_base - DEBUG - Shape Function First Derivatives (dN_dxi):
2025-04-30 18:05:44,941 - pre_processing.element_library.element_1D_base - DEBUG - [[-0.5       0.        0.        0.        0.        0.      ]
 [ 0.       -1.04758   0.        0.        0.        0.      ]
 [ 0.        0.       -1.04758   0.        0.        0.      ]
 [ 0.        0.        0.       -0.5       0.        0.      ]
 [ 0.        0.        0.        0.        0.298387  0.      ]
 [ 0.        0.        0.        0.        0.       -0.298387]
 [ 0.5       0.        0.        0.        0.        0.      ]
 [ 0.        1.04758   0.        0.        0.        0.      ]
 [ 0.        0.        1.04758   0.        0.        0.      ]
 [ 0.        0.        0.        0.5       0.        0.      ]
 [ 0.        0.        0.        0.       -0.250807  0.      ]
 [ 0.        0.        0.        0.        0.        0.250807]]
2025-04-30 18:05:44,941 - pre_processing.element_library.element_1D_base - DEBUG - [[-0.5       0.        0.        0.        0.        0.      ]
 [ 0.       -1.04758   0.        0.        0.        0.      ]
 [ 0.        0.       -1.04758   0.        0.        0.      ]
 [ 0.        0.        0.       -0.5       0.        0.      ]
 [ 0.        0.        0.        0.        0.298387  0.      ]
 [ 0.        0.        0.        0.        0.       -0.298387]
 [ 0.5       0.        0.        0.        0.        0.      ]
 [ 0.        1.04758   0.        0.        0.        0.      ]
 [ 0.        0.        1.04758   0.        0.        0.      ]
 [ 0.        0.        0.        0.5       0.        0.      ]
 [ 0.        0.        0.        0.       -0.250807  0.      ]
 [ 0.        0.        0.        0.        0.        0.250807]]
2025-04-30 18:05:44,942 - pre_processing.element_library.element_1D_base - DEBUG - Shape Function Second Derivatives (d2N_dxi2):
2025-04-30 18:05:44,942 - pre_processing.element_library.element_1D_base - DEBUG - Shape Function Second Derivatives (d2N_dxi2):
2025-04-30 18:05:44,944 - pre_processing.element_library.element_1D_base - DEBUG - [[ 0.       0.       0.       0.       0.       0.     ]
 [ 0.       3.29516  0.       0.       0.       0.     ]
 [ 0.       0.       3.29516  0.       0.       0.     ]
 [ 0.       0.       0.       0.       0.       0.     ]
 [ 0.       0.       0.       0.      -0.64758  0.     ]
 [ 0.       0.       0.       0.       0.       0.64758]
 [ 0.       0.       0.       0.       0.       0.     ]
 [ 0.      -3.29516  0.       0.       0.       0.     ]
 [ 0.       0.      -3.29516  0.       0.       0.     ]
 [ 0.       0.       0.       0.       0.       0.     ]
 [ 0.       0.       0.       0.      -2.64758  0.     ]
 [ 0.       0.       0.       0.       0.       2.64758]]
2025-04-30 18:05:44,944 - pre_processing.element_library.element_1D_base - DEBUG - [[ 0.       0.       0.       0.       0.       0.     ]
 [ 0.       3.29516  0.       0.       0.       0.     ]
 [ 0.       0.       3.29516  0.       0.       0.     ]
 [ 0.       0.       0.       0.       0.       0.     ]
 [ 0.       0.       0.       0.      -0.64758  0.     ]
 [ 0.       0.       0.       0.       0.       0.64758]
 [ 0.       0.       0.       0.       0.       0.     ]
 [ 0.      -3.29516  0.       0.       0.       0.     ]
 [ 0.       0.      -3.29516  0.       0.       0.     ]
 [ 0.       0.       0.       0.       0.       0.     ]
 [ 0.       0.       0.       0.      -2.64758  0.     ]
 [ 0.       0.       0.       0.       0.       2.64758]]
2025-04-30 18:05:44,945 - pre_processing.element_library.element_1D_base - DEBUG - Strain-Displacement Matrix (B):
2025-04-30 18:05:44,945 - pre_processing.element_library.element_1D_base - DEBUG - Strain-Displacement Matrix (B):
2025-04-30 18:05:44,946 - pre_processing.element_library.element_1D_base - DEBUG - [[ -1.        0.        0.        0.        0.        0.        1.
    0.        0.        0.        0.        0.     ]
 [  0.       13.18064   0.        0.        0.        2.59032   0.
  -13.18064   0.        0.        0.       10.59032]
 [  0.        0.       13.18064   0.       -2.59032   0.        0.
    0.      -13.18064   0.      -10.59032   0.     ]
 [  0.        0.        0.       -1.        0.        0.        0.
    0.        0.        1.        0.        0.     ]]
2025-04-30 18:05:44,946 - pre_processing.element_library.element_1D_base - DEBUG - [[ -1.        0.        0.        0.        0.        0.        1.
    0.        0.        0.        0.        0.     ]
 [  0.       13.18064   0.        0.        0.        2.59032   0.
  -13.18064   0.        0.        0.       10.59032]
 [  0.        0.       13.18064   0.       -2.59032   0.        0.
    0.      -13.18064   0.      -10.59032   0.     ]
 [  0.        0.        0.       -1.        0.        0.        0.
    0.        0.        1.        0.        0.     ]]
2025-04-30 18:05:44,947 - pre_processing.element_library.element_1D_base - DEBUG - Strain-Displacement Matrix Transpose (B.T):
2025-04-30 18:05:44,947 - pre_processing.element_library.element_1D_base - DEBUG - Strain-Displacement Matrix Transpose (B.T):
2025-04-30 18:05:44,949 - pre_processing.element_library.element_1D_base - DEBUG - [[ -1.        0.        0.        0.     ]
 [  0.       13.18064   0.        0.     ]
 [  0.        0.       13.18064   0.     ]
 [  0.        0.        0.       -1.     ]
 [  0.        0.       -2.59032   0.     ]
 [  0.        2.59032   0.        0.     ]
 [  1.        0.        0.        0.     ]
 [  0.      -13.18064   0.        0.     ]
 [  0.        0.      -13.18064   0.     ]
 [  0.        0.        0.        1.     ]
 [  0.        0.      -10.59032   0.     ]
 [  0.       10.59032   0.        0.     ]]
2025-04-30 18:05:44,949 - pre_processing.element_library.element_1D_base - DEBUG - [[ -1.        0.        0.        0.     ]
 [  0.       13.18064   0.        0.     ]
 [  0.        0.       13.18064   0.     ]
 [  0.        0.        0.       -1.     ]
 [  0.        0.       -2.59032   0.     ]
 [  0.        2.59032   0.        0.     ]
 [  1.        0.        0.        0.     ]
 [  0.      -13.18064   0.        0.     ]
 [  0.        0.      -13.18064   0.     ]
 [  0.        0.        0.        1.     ]
 [  0.        0.      -10.59032   0.     ]
 [  0.       10.59032   0.        0.     ]]
2025-04-30 18:05:44,950 - pre_processing.element_library.element_1D_base - DEBUG - Element Stiffness Matrix Contribution at Gauss Point:
2025-04-30 18:05:44,950 - pre_processing.element_library.element_1D_base - DEBUG - Element Stiffness Matrix Contribution at Gauss Point:
2025-04-30 18:05:44,951 - pre_processing.element_library.element_1D_base - DEBUG - [[ 5.061111e+07  0.000000e+00  0.000000e+00  0.000000e+00  0.000000e+00
   0.000000e+00 -5.061111e+07  0.000000e+00  0.000000e+00  0.000000e+00
   0.000000e+00  0.000000e+00]
 [ 0.000000e+00  9.670930e+12  0.000000e+00  0.000000e+00  0.000000e+00
   1.900576e+12  0.000000e+00 -9.670930e+12  0.000000e+00  0.000000e+00
   0.000000e+00  7.770354e+12]
 [ 0.000000e+00  0.000000e+00  9.690233e+12  0.000000e+00 -1.904369e+12
   0.000000e+00  0.000000e+00  0.000000e+00 -9.690233e+12  0.000000e+00
  -7.785864e+12  0.000000e+00]
 [ 0.000000e+00  0.000000e+00  0.000000e+00  2.489314e+02  0.000000e+00
   0.000000e+00  0.000000e+00  0.000000e+00  0.000000e+00 -2.489314e+02
   0.000000e+00  0.000000e+00]
 [ 0.000000e+00  0.000000e+00 -1.904369e+12  0.000000e+00  3.742554e+11
   0.000000e+00  0.000000e+00  0.000000e+00  1.904369e+12  0.000000e+00
   1.530114e+12  0.000000e+00]
 [ 0.000000e+00  1.900576e+12  0.000000e+00  0.000000e+00  0.000000e+00
   3.735099e+11  0.000000e+00 -1.900576e+12  0.000000e+00  0.000000e+00
   0.000000e+00  1.527066e+12]
 [-5.061111e+07  0.000000e+00  0.000000e+00  0.000000e+00  0.000000e+00
   0.000000e+00  5.061111e+07  0.000000e+00  0.000000e+00  0.000000e+00
   0.000000e+00  0.000000e+00]
 [ 0.000000e+00 -9.670930e+12  0.000000e+00  0.000000e+00  0.000000e+00
  -1.900576e+12  0.000000e+00  9.670930e+12  0.000000e+00  0.000000e+00
   0.000000e+00 -7.770354e+12]
 [ 0.000000e+00  0.000000e+00 -9.690233e+12  0.000000e+00  1.904369e+12
   0.000000e+00  0.000000e+00  0.000000e+00  9.690233e+12  0.000000e+00
   7.785864e+12  0.000000e+00]
 [ 0.000000e+00  0.000000e+00  0.000000e+00 -2.489314e+02  0.000000e+00
   0.000000e+00  0.000000e+00  0.000000e+00  0.000000e+00  2.489314e+02
   0.000000e+00  0.000000e+00]
 [ 0.000000e+00  0.000000e+00 -7.785864e+12  0.000000e+00  1.530114e+12
   0.000000e+00  0.000000e+00  0.000000e+00  7.785864e+12  0.000000e+00
   6.255750e+12  0.000000e+00]
 [ 0.000000e+00  7.770354e+12  0.000000e+00  0.000000e+00  0.000000e+00
   1.527066e+12  0.000000e+00 -7.770354e+12  0.000000e+00  0.000000e+00
   0.000000e+00  6.243288e+12]]
2025-04-30 18:05:44,951 - pre_processing.element_library.element_1D_base - DEBUG - [[ 5.061111e+07  0.000000e+00  0.000000e+00  0.000000e+00  0.000000e+00
   0.000000e+00 -5.061111e+07  0.000000e+00  0.000000e+00  0.000000e+00
   0.000000e+00  0.000000e+00]
 [ 0.000000e+00  9.670930e+12  0.000000e+00  0.000000e+00  0.000000e+00
   1.900576e+12  0.000000e+00 -9.670930e+12  0.000000e+00  0.000000e+00
   0.000000e+00  7.770354e+12]
 [ 0.000000e+00  0.000000e+00  9.690233e+12  0.000000e+00 -1.904369e+12
   0.000000e+00  0.000000e+00  0.000000e+00 -9.690233e+12  0.000000e+00
  -7.785864e+12  0.000000e+00]
 [ 0.000000e+00  0.000000e+00  0.000000e+00  2.489314e+02  0.000000e+00
   0.000000e+00  0.000000e+00  0.000000e+00  0.000000e+00 -2.489314e+02
   0.000000e+00  0.000000e+00]
 [ 0.000000e+00  0.000000e+00 -1.904369e+12  0.000000e+00  3.742554e+11
   0.000000e+00  0.000000e+00  0.000000e+00  1.904369e+12  0.000000e+00
   1.530114e+12  0.000000e+00]
 [ 0.000000e+00  1.900576e+12  0.000000e+00  0.000000e+00  0.000000e+00
   3.735099e+11  0.000000e+00 -1.900576e+12  0.000000e+00  0.000000e+00
   0.000000e+00  1.527066e+12]
 [-5.061111e+07  0.000000e+00  0.000000e+00  0.000000e+00  0.000000e+00
   0.000000e+00  5.061111e+07  0.000000e+00  0.000000e+00  0.000000e+00
   0.000000e+00  0.000000e+00]
 [ 0.000000e+00 -9.670930e+12  0.000000e+00  0.000000e+00  0.000000e+00
  -1.900576e+12  0.000000e+00  9.670930e+12  0.000000e+00  0.000000e+00
   0.000000e+00 -7.770354e+12]
 [ 0.000000e+00  0.000000e+00 -9.690233e+12  0.000000e+00  1.904369e+12
   0.000000e+00  0.000000e+00  0.000000e+00  9.690233e+12  0.000000e+00
   7.785864e+12  0.000000e+00]
 [ 0.000000e+00  0.000000e+00  0.000000e+00 -2.489314e+02  0.000000e+00
   0.000000e+00  0.000000e+00  0.000000e+00  0.000000e+00  2.489314e+02
   0.000000e+00  0.000000e+00]
 [ 0.000000e+00  0.000000e+00 -7.785864e+12  0.000000e+00  1.530114e+12
   0.000000e+00  0.000000e+00  0.000000e+00  7.785864e+12  0.000000e+00
   6.255750e+12  0.000000e+00]
 [ 0.000000e+00  7.770354e+12  0.000000e+00  0.000000e+00  0.000000e+00
   1.527066e+12  0.000000e+00 -7.770354e+12  0.000000e+00  0.000000e+00
   0.000000e+00  6.243288e+12]]
2025-04-30 18:05:44,953 - pre_processing.element_library.element_1D_base - DEBUG - 
2025-04-30 18:05:44,953 - pre_processing.element_library.element_1D_base - DEBUG - 
2025-04-30 18:05:44,956 - pre_processing.element_library.element_1D_base - DEBUG - 
===== Final Element Stiffness Matrix (Ke) =====
2025-04-30 18:05:44,956 - pre_processing.element_library.element_1D_base - DEBUG - 
===== Final Element Stiffness Matrix (Ke) =====
2025-04-30 18:05:44,958 - pre_processing.element_library.element_1D_base - DEBUG - [[ 1.822000e+08  0.000000e+00  0.000000e+00  0.000000e+00  0.000000e+00
   0.000000e+00 -1.822000e+08  0.000000e+00  0.000000e+00  0.000000e+00
   0.000000e+00  0.000000e+00]
 [ 0.000000e+00  2.693376e+14  0.000000e+00  0.000000e+00  0.000000e+00
   1.539072e+14  0.000000e+00 -2.693376e+14  0.000000e+00  0.000000e+00
   0.000000e+00  1.154304e+14]
 [ 0.000000e+00  0.000000e+00  2.698752e+14  0.000000e+00 -1.542144e+14
   0.000000e+00  0.000000e+00  0.000000e+00 -2.698752e+14  0.000000e+00
  -1.156608e+14  0.000000e+00]
 [ 0.000000e+00  0.000000e+00  0.000000e+00  8.961530e+02  0.000000e+00
   0.000000e+00  0.000000e+00  0.000000e+00  0.000000e+00 -8.961530e+02
   0.000000e+00  0.000000e+00]
 [ 0.000000e+00  0.000000e+00 -1.542144e+14  0.000000e+00  8.995840e+13
   0.000000e+00  0.000000e+00  0.000000e+00  1.542144e+14  0.000000e+00
   6.425600e+13  0.000000e+00]
 [ 0.000000e+00  1.539072e+14  0.000000e+00  0.000000e+00  0.000000e+00
   8.977920e+13  0.000000e+00 -1.539072e+14  0.000000e+00  0.000000e+00
   0.000000e+00  6.412800e+13]
 [-1.822000e+08  0.000000e+00  0.000000e+00  0.000000e+00  0.000000e+00
   0.000000e+00  1.822000e+08  0.000000e+00  0.000000e+00  0.000000e+00
   0.000000e+00  0.000000e+00]
 [ 0.000000e+00 -2.693376e+14  0.000000e+00  0.000000e+00  0.000000e+00
  -1.539072e+14  0.000000e+00  2.693376e+14  0.000000e+00  0.000000e+00
   0.000000e+00 -1.154304e+14]
 [ 0.000000e+00  0.000000e+00 -2.698752e+14  0.000000e+00  1.542144e+14
   0.000000e+00  0.000000e+00  0.000000e+00  2.698752e+14  0.000000e+00
   1.156608e+14  0.000000e+00]
 [ 0.000000e+00  0.000000e+00  0.000000e+00 -8.961530e+02  0.000000e+00
   0.000000e+00  0.000000e+00  0.000000e+00  0.000000e+00  8.961530e+02
   0.000000e+00  0.000000e+00]
 [ 0.000000e+00  0.000000e+00 -1.156608e+14  0.000000e+00  6.425600e+13
   0.000000e+00  0.000000e+00  0.000000e+00  1.156608e+14  0.000000e+00
   5.140480e+13  0.000000e+00]
 [ 0.000000e+00  1.154304e+14  0.000000e+00  0.000000e+00  0.000000e+00
   6.412800e+13  0.000000e+00 -1.154304e+14  0.000000e+00  0.000000e+00
   0.000000e+00  5.130240e+13]]
2025-04-30 18:05:44,958 - pre_processing.element_library.element_1D_base - DEBUG - [[ 1.822000e+08  0.000000e+00  0.000000e+00  0.000000e+00  0.000000e+00
   0.000000e+00 -1.822000e+08  0.000000e+00  0.000000e+00  0.000000e+00
   0.000000e+00  0.000000e+00]
 [ 0.000000e+00  2.693376e+14  0.000000e+00  0.000000e+00  0.000000e+00
   1.539072e+14  0.000000e+00 -2.693376e+14  0.000000e+00  0.000000e+00
   0.000000e+00  1.154304e+14]
 [ 0.000000e+00  0.000000e+00  2.698752e+14  0.000000e+00 -1.542144e+14
   0.000000e+00  0.000000e+00  0.000000e+00 -2.698752e+14  0.000000e+00
  -1.156608e+14  0.000000e+00]
 [ 0.000000e+00  0.000000e+00  0.000000e+00  8.961530e+02  0.000000e+00
   0.000000e+00  0.000000e+00  0.000000e+00  0.000000e+00 -8.961530e+02
   0.000000e+00  0.000000e+00]
 [ 0.000000e+00  0.000000e+00 -1.542144e+14  0.000000e+00  8.995840e+13
   0.000000e+00  0.000000e+00  0.000000e+00  1.542144e+14  0.000000e+00
   6.425600e+13  0.000000e+00]
 [ 0.000000e+00  1.539072e+14  0.000000e+00  0.000000e+00  0.000000e+00
   8.977920e+13  0.000000e+00 -1.539072e+14  0.000000e+00  0.000000e+00
   0.000000e+00  6.412800e+13]
 [-1.822000e+08  0.000000e+00  0.000000e+00  0.000000e+00  0.000000e+00
   0.000000e+00  1.822000e+08  0.000000e+00  0.000000e+00  0.000000e+00
   0.000000e+00  0.000000e+00]
 [ 0.000000e+00 -2.693376e+14  0.000000e+00  0.000000e+00  0.000000e+00
  -1.539072e+14  0.000000e+00  2.693376e+14  0.000000e+00  0.000000e+00
   0.000000e+00 -1.154304e+14]
 [ 0.000000e+00  0.000000e+00 -2.698752e+14  0.000000e+00  1.542144e+14
   0.000000e+00  0.000000e+00  0.000000e+00  2.698752e+14  0.000000e+00
   1.156608e+14  0.000000e+00]
 [ 0.000000e+00  0.000000e+00  0.000000e+00 -8.961530e+02  0.000000e+00
   0.000000e+00  0.000000e+00  0.000000e+00  0.000000e+00  8.961530e+02
   0.000000e+00  0.000000e+00]
 [ 0.000000e+00  0.000000e+00 -1.156608e+14  0.000000e+00  6.425600e+13
   0.000000e+00  0.000000e+00  0.000000e+00  1.156608e+14  0.000000e+00
   5.140480e+13  0.000000e+00]
 [ 0.000000e+00  1.154304e+14  0.000000e+00  0.000000e+00  0.000000e+00
   6.412800e+13  0.000000e+00 -1.154304e+14  0.000000e+00  0.000000e+00
   0.000000e+00  5.130240e+13]]
2025-04-30 18:05:45,064 - pre_processing.element_library.element_1D_base - DEBUG - Element Force Vector Computation (Element ID: 0)
2025-04-30 18:05:45,064 - pre_processing.element_library.element_1D_base - DEBUG - Element Force Vector Computation (Element ID: 0)
2025-04-30 18:05:45,065 - pre_processing.element_library.element_1D_base - DEBUG - 
===== Final Element Force Vector =====
2025-04-30 18:05:45,065 - pre_processing.element_library.element_1D_base - DEBUG - 
===== Final Element Force Vector =====
2025-04-30 18:05:45,067 - pre_processing.element_library.element_1D_base - DEBUG - [[0. 0. 0. 0. 0. 0. 0. 0. 0. 0. 0. 0.]]
2025-04-30 18:05:45,067 - pre_processing.element_library.element_1D_base - DEBUG - [[0. 0. 0. 0. 0. 0. 0. 0. 0. 0. 0. 0.]]
2025-04-30 18:05:45,071 - pre_processing.element_library.element_1D_base - DEBUG - Element Force Vector Computation (Element ID: 1)
2025-04-30 18:05:45,071 - pre_processing.element_library.element_1D_base - DEBUG - Element Force Vector Computation (Element ID: 1)
2025-04-30 18:05:45,074 - pre_processing.element_library.element_1D_base - DEBUG - 
Point Load at x_p = 2.000000e+00 (xi_p = 1.000000e+00)
2025-04-30 18:05:45,074 - pre_processing.element_library.element_1D_base - DEBUG - 
Point Load at x_p = 2.000000e+00 (xi_p = 1.000000e+00)
2025-04-30 18:05:45,078 - pre_processing.element_library.element_1D_base - DEBUG - Point Load Vector (F_p): [      0. -100000.       0.       0.       0.       0.]
2025-04-30 18:05:45,078 - pre_processing.element_library.element_1D_base - DEBUG - Point Load Vector (F_p): [      0. -100000.       0.       0.       0.       0.]
2025-04-30 18:05:45,082 - pre_processing.element_library.element_1D_base - DEBUG - Shape Function Values at Load Point:
2025-04-30 18:05:45,082 - pre_processing.element_library.element_1D_base - DEBUG - Shape Function Values at Load Point:
2025-04-30 18:05:45,086 - pre_processing.element_library.element_1D_base - DEBUG - [[ 0.  0.  0.  0.  0.  0.]
 [ 0.  0.  0.  0.  0.  0.]
 [ 0.  0.  0.  0.  0.  0.]
 [ 0.  0.  0.  0.  0.  0.]
 [ 0.  0.  0.  0. -2.  0.]
 [ 0.  0.  0.  0.  0.  0.]
 [ 1.  0.  0.  0.  0.  0.]
 [ 0.  1.  0.  0.  0.  0.]
 [ 0.  0.  1.  0.  0.  0.]
 [ 0.  0.  0.  1.  0.  0.]
 [ 0.  0.  0.  0. -0.  0.]
 [ 0.  0.  0.  0.  0.  0.]]
2025-04-30 18:05:45,086 - pre_processing.element_library.element_1D_base - DEBUG - [[ 0.  0.  0.  0.  0.  0.]
 [ 0.  0.  0.  0.  0.  0.]
 [ 0.  0.  0.  0.  0.  0.]
 [ 0.  0.  0.  0.  0.  0.]
 [ 0.  0.  0.  0. -2.  0.]
 [ 0.  0.  0.  0.  0.  0.]
 [ 1.  0.  0.  0.  0.  0.]
 [ 0.  1.  0.  0.  0.  0.]
 [ 0.  0.  1.  0.  0.  0.]
 [ 0.  0.  0.  1.  0.  0.]
 [ 0.  0.  0.  0. -0.  0.]
 [ 0.  0.  0.  0.  0.  0.]]
2025-04-30 18:05:45,088 - pre_processing.element_library.element_1D_base - DEBUG - Separated Translational Contribution:
2025-04-30 18:05:45,088 - pre_processing.element_library.element_1D_base - DEBUG - Separated Translational Contribution:
2025-04-30 18:05:45,091 - pre_processing.element_library.element_1D_base - DEBUG - [[      0.       0.       0.       0. -100000.       0.]]
2025-04-30 18:05:45,091 - pre_processing.element_library.element_1D_base - DEBUG - [[      0.       0.       0.       0. -100000.       0.]]
2025-04-30 18:05:45,094 - pre_processing.element_library.element_1D_base - DEBUG - Separated Rotational Contribution:
2025-04-30 18:05:45,094 - pre_processing.element_library.element_1D_base - DEBUG - Separated Rotational Contribution:
2025-04-30 18:05:45,096 - pre_processing.element_library.element_1D_base - DEBUG - [[0. 0. 0. 0. 0. 0.]]
2025-04-30 18:05:45,096 - pre_processing.element_library.element_1D_base - DEBUG - [[0. 0. 0. 0. 0. 0.]]
2025-04-30 18:05:45,098 - pre_processing.element_library.element_1D_base - DEBUG - Updated Element Force Vector:
2025-04-30 18:05:45,098 - pre_processing.element_library.element_1D_base - DEBUG - Updated Element Force Vector:
2025-04-30 18:05:45,100 - pre_processing.element_library.element_1D_base - DEBUG - [[      0.       0.       0.       0.       0.       0.       0. -100000.
        0.       0.       0.       0.]]
2025-04-30 18:05:45,100 - pre_processing.element_library.element_1D_base - DEBUG - [[      0.       0.       0.       0.       0.       0.       0. -100000.
        0.       0.       0.       0.]]
2025-04-30 18:05:45,104 - pre_processing.element_library.element_1D_base - DEBUG - 
===== Final Element Force Vector =====
2025-04-30 18:05:45,104 - pre_processing.element_library.element_1D_base - DEBUG - 
===== Final Element Force Vector =====
2025-04-30 18:05:45,105 - pre_processing.element_library.element_1D_base - DEBUG - [[      0.       0.       0.       0.       0.       0.       0. -100000.
        0.       0.       0.       0.]]
2025-04-30 18:05:45,105 - pre_processing.element_library.element_1D_base - DEBUG - [[      0.       0.       0.       0.       0.       0.       0. -100000.
        0.       0.       0.       0.]]
