Machine Specifications:
   - OS: Windows 11 (10.0.22631)
   - CPU: Intel64 Family 6 Model 151 Stepping 2, GenuineIntel (20 cores)
   - RAM: 31.24 GB
   - Python Version: 3.12.5

Job: job_0008
Timestamp (job start): 2025-04-30_18-05-46
Total Time: 2.00 sec

+-------------------------------+------------+---------------+-------------+-----------+
| Step                          |   Time (s) |   Memory (MB) |   Disk (GB) |   CPU (%) |
+===============================+============+===============+=============+===========+
| Parsing                       |  0.156621  |       106.008 |     797.01  |         0 |
+-------------------------------+------------+---------------+-------------+-----------+
| Element Instantiation         |  0         |       106.055 |     797.01  |         0 |
+-------------------------------+------------+---------------+-------------+-----------+
| Element Stiffness Computation |  0.130838  |       106.305 |     797.011 |         0 |
+-------------------------------+------------+---------------+-------------+-----------+
| Element Force Computation     |  0.0467336 |       106.328 |     797.012 |         0 |
+-------------------------------+------------+---------------+-------------+-----------+
| Setup Simulation              |  0         |       106.355 |     797.013 |         0 |
+-------------------------------+------------+---------------+-------------+-----------+
| Assemble Global Matrices      |  0.0200081 |       107.129 |     797.013 |         0 |
+-------------------------------+------------+---------------+-------------+-----------+
| Modify Global Matrices        |  0.0174832 |       107.312 |     797.013 |         0 |
+-------------------------------+------------+---------------+-------------+-----------+
| Solve Linear Static System    |  0.429901  |       125.094 |     797.015 |         0 |
+-------------------------------+------------+---------------+-------------+-----------+
| Compute Primary Results       |  0.0052731 |       125.098 |     797.016 |         0 |
+-------------------------------+------------+---------------+-------------+-----------+
| Save Primary Results          |  0.0726702 |       125.113 |     797.017 |         0 |
+-------------------------------+------------+---------------+-------------+-----------+

Parallel Jobs: job_0007
Start Memory: 105.91 MB | End Memory: 125.11 MB
Start Disk Usage: 797.01 GB | End Disk Usage: 797.02 GB
Start CPU: 0.00% | End CPU: 0.00%
