2025-04-30 18:05:45,955 - DEBUG - 🔧 Beginning displacement reconstruction.
2025-04-30 18:05:45,956 - DEBUG - 📌 Total DOFs in system: 18
2025-04-30 18:05:45,957 - DEBUG - 📌 Condensed DOFs count: 12
2025-04-30 18:05:45,957 - DEBUG - 📌 Active DOFs indices: [ 6  7  8  9 10 11 12 13 14 15 16 17]
2025-04-30 18:05:45,958 - DEBUG - 📐 Initialized global displacement array with zeros.
2025-04-30 18:05:45,959 - DEBUG - Mapped condensed displacement U_cond[0] = 0.000000e+00 to global DOF 6.
2025-04-30 18:05:45,960 - DEBUG - Mapped condensed displacement U_cond[1] = -3.378659e-08 to global DOF 7.
2025-04-30 18:05:45,960 - DEBUG - Mapped condensed displacement U_cond[2] = 0.000000e+00 to global DOF 8.
2025-04-30 18:05:45,964 - DEBUG - Mapped condensed displacement U_cond[3] = 0.000000e+00 to global DOF 9.
2025-04-30 18:05:45,964 - DEBUG - Mapped condensed displacement U_cond[4] = 0.000000e+00 to global DOF 10.
2025-04-30 18:05:45,964 - DEBUG - Mapped condensed displacement U_cond[5] = -7.796906e-08 to global DOF 11.
2025-04-30 18:05:45,965 - DEBUG - Mapped condensed displacement U_cond[6] = 0.000000e+00 to global DOF 12.
2025-04-30 18:05:45,965 - DEBUG - Mapped condensed displacement U_cond[7] = -1.221515e-07 to global DOF 13.
2025-04-30 18:05:45,966 - DEBUG - Mapped condensed displacement U_cond[8] = 0.000000e+00 to global DOF 14.
2025-04-30 18:05:45,967 - DEBUG - Mapped condensed displacement U_cond[9] = 0.000000e+00 to global DOF 15.
2025-04-30 18:05:45,968 - DEBUG - Mapped condensed displacement U_cond[10] = 0.000000e+00 to global DOF 16.
2025-04-30 18:05:45,968 - DEBUG - Mapped condensed displacement U_cond[11] = -1.013598e-07 to global DOF 17.
2025-04-30 18:05:45,969 - INFO - ✅ Successfully mapped all condensed displacements back to global vector.
2025-04-30 18:05:45,976 - DEBUG - 📝 Logged detailed DOF mapping.
2025-04-30 18:05:45,983 - INFO - 📘 Reconstruction log updated with structured displacement data.
08
   2 →    8: 0.000000e+00
   3 →    9: 0.000000e+00
   4 →   10: 0.000000e+00
   5 →   11: -7.796906e-08
   6 →   12: 0.000000e+00
   7 →   13: -1.221515e-07
   8 →   14: 0.000000e+00
   9 →   15: 0.000000e+00
  10 →   16: 0.000000e+00
  11 →   17: -1.013598e-07

📊 Full reconstructed displacement vector:
    Global DOF  Displacement
0            0  0.000000e+00
1            1  0.000000e+00
2            2  0.000000e+00
3            3  0.000000e+00
4            4  0.000000e+00
5            5  0.000000e+00
6            6  0.000000e+00
7            7 -3.378659e-08
8            8  0.000000e+00
9            9  0.000000e+00
10          10  0.000000e+00
11          11 -7.796906e-08
12          12  0.000000e+00
13          13 -1.221515e-07
14          14  0.000000e+00
15          15  0.000000e+00
16          16  0.000000e+00
17          17 -1.013598e-07