2025-04-25 14:49:22,850 - processing.static.boundary_conditions - INFO - 🔧 Applying fixed boundary conditions...
2025-04-25 14:49:22,850 - processing.static.boundary_conditions - INFO - 🔍 Fixed DOFs: [0 1 2 3 4 5]

🔍 Original K_global Matrix:
            0           1           2           3           4           5           6           7           8           9           10          11          12          13          14          15          16          17
0   1.8220e+08  0.0000e+00  0.0000e+00  0.0000e+00  0.0000e+00  0.0000e+00 -1.8220e+08  0.0000e+00  0.0000e+00  0.0000e+00  0.0000e+00  0.0000e+00  0.0000e+00  0.0000e+00  0.0000e+00  0.0000e+00  0.0000e+00  0.0000e+00
1   0.0000e+00  2.6934e+14  0.0000e+00  0.0000e+00  0.0000e+00  1.5391e+14  0.0000e+00 -2.6934e+14  0.0000e+00  0.0000e+00  0.0000e+00  1.1543e+14  0.0000e+00  0.0000e+00  0.0000e+00  0.0000e+00  0.0000e+00  0.0000e+00
2   0.0000e+00  0.0000e+00  2.6988e+14  0.0000e+00 -1.5421e+14  0.0000e+00  0.0000e+00  0.0000e+00 -2.6988e+14  0.0000e+00 -1.1566e+14  0.0000e+00  0.0000e+00  0.0000e+00  0.0000e+00  0.0000e+00  0.0000e+00  0.0000e+00
3   0.0000e+00  0.0000e+00  0.0000e+00  8.9615e+02  0.0000e+00  0.0000e+00  0.0000e+00  0.0000e+00  0.0000e+00 -8.9615e+02  0.0000e+00  0.0000e+00  0.0000e+00  0.0000e+00  0.0000e+00  0.0000e+00  0.0000e+00  0.0000e+00
4   0.0000e+00  0.0000e+00 -1.5421e+14  0.0000e+00  8.9958e+13  0.0000e+00  0.0000e+00  0.0000e+00  1.5421e+14  0.0000e+00  6.4256e+13  0.0000e+00  0.0000e+00  0.0000e+00  0.0000e+00  0.0000e+00  0.0000e+00  0.0000e+00
5   0.0000e+00  1.5391e+14  0.0000e+00  0.0000e+00  0.0000e+00  8.9779e+13  0.0000e+00 -1.5391e+14  0.0000e+00  0.0000e+00  0.0000e+00  6.4128e+13  0.0000e+00  0.0000e+00  0.0000e+00  0.0000e+00  0.0000e+00  0.0000e+00
6  -1.8220e+08  0.0000e+00  0.0000e+00  0.0000e+00  0.0000e+00  0.0000e+00  3.6440e+08  0.0000e+00  0.0000e+00  0.0000e+00  0.0000e+00  0.0000e+00 -1.8220e+08  0.0000e+00  0.0000e+00  0.0000e+00  0.0000e+00  0.0000e+00
7   0.0000e+00 -2.6934e+14  0.0000e+00  0.0000e+00  0.0000e+00 -1.5391e+14  0.0000e+00  5.3868e+14  0.0000e+00  0.0000e+00  0.0000e+00  3.8477e+13  0.0000e+00 -2.6934e+14  0.0000e+00  0.0000e+00  0.0000e+00  1.1543e+14
8   0.0000e+00  0.0000e+00 -2.6988e+14  0.0000e+00  1.5421e+14  0.0000e+00  0.0000e+00  0.0000e+00  5.3975e+14  0.0000e+00 -3.8554e+13  0.0000e+00  0.0000e+00  0.0000e+00 -2.6988e+14  0.0000e+00 -1.1566e+14  0.0000e+00
9   0.0000e+00  0.0000e+00  0.0000e+00 -8.9615e+02  0.0000e+00  0.0000e+00  0.0000e+00  0.0000e+00  0.0000e+00  1.7923e+03  0.0000e+00  0.0000e+00  0.0000e+00  0.0000e+00  0.0000e+00 -8.9615e+02  0.0000e+00  0.0000e+00
10  0.0000e+00  0.0000e+00 -1.1566e+14  0.0000e+00  6.4256e+13  0.0000e+00  0.0000e+00  0.0000e+00 -3.8554e+13  0.0000e+00  1.4136e+14  0.0000e+00  0.0000e+00  0.0000e+00  1.5421e+14  0.0000e+00  6.4256e+13  0.0000e+00
11  0.0000e+00  1.1543e+14  0.0000e+00  0.0000e+00  0.0000e+00  6.4128e+13  0.0000e+00  3.8477e+13  0.0000e+00  0.0000e+00  0.0000e+00  1.4108e+14  0.0000e+00 -1.5391e+14  0.0000e+00  0.0000e+00  0.0000e+00  6.4128e+13
12  0.0000e+00  0.0000e+00  0.0000e+00  0.0000e+00  0.0000e+00  0.0000e+00 -1.8220e+08  0.0000e+00  0.0000e+00  0.0000e+00  0.0000e+00  0.0000e+00  1.8220e+08  0.0000e+00  0.0000e+00  0.0000e+00  0.0000e+00  0.0000e+00
13  0.0000e+00  0.0000e+00  0.0000e+00  0.0000e+00  0.0000e+00  0.0000e+00  0.0000e+00 -2.6934e+14  0.0000e+00  0.0000e+00  0.0000e+00 -1.5391e+14  0.0000e+00  2.6934e+14  0.0000e+00  0.0000e+00  0.0000e+00 -1.1543e+14
14  0.0000e+00  0.0000e+00  0.0000e+00  0.0000e+00  0.0000e+00  0.0000e+00  0.0000e+00  0.0000e+00 -2.6988e+14  0.0000e+00  1.5421e+14  0.0000e+00  0.0000e+00  0.0000e+00  2.6988e+14  0.0000e+00  1.1566e+14  0.0000e+00
15  0.0000e+00  0.0000e+00  0.0000e+00  0.0000e+00  0.0000e+00  0.0000e+00  0.0000e+00  0.0000e+00  0.0000e+00 -8.9615e+02  0.0000e+00  0.0000e+00  0.0000e+00  0.0000e+00  0.0000e+00  8.9615e+02  0.0000e+00  0.0000e+00
16  0.0000e+00  0.0000e+00  0.0000e+00  0.0000e+00  0.0000e+00  0.0000e+00  0.0000e+00  0.0000e+00 -1.1566e+14  0.0000e+00  6.4256e+13  0.0000e+00  0.0000e+00  0.0000e+00  1.1566e+14  0.0000e+00  5.1405e+13  0.0000e+00
17  0.0000e+00  0.0000e+00  0.0000e+00  0.0000e+00  0.0000e+00  0.0000e+00  0.0000e+00  1.1543e+14  0.0000e+00  0.0000e+00  0.0000e+00  6.4128e+13  0.0000e+00 -1.1543e+14  0.0000e+00  0.0000e+00  0.0000e+00  5.1302e+13

🔍 Original F_global Vector:
             Force
DOF 0   0.0000e+00
DOF 1   0.0000e+00
DOF 2   0.0000e+00
DOF 3   0.0000e+00
DOF 4   0.0000e+00
DOF 5   0.0000e+00
DOF 6   0.0000e+00
DOF 7   0.0000e+00
DOF 8   0.0000e+00
DOF 9   0.0000e+00
DOF 10  0.0000e+00
DOF 11  0.0000e+00
DOF 12  0.0000e+00
DOF 13 -1.0000e+05
DOF 14  0.0000e+00
DOF 15  0.0000e+00
DOF 16  0.0000e+00
DOF 17  0.0000e+00
2025-04-25 14:49:22,857 - processing.static.boundary_conditions - INFO - ✅ Fixed boundary conditions applied successfully.

🔍 Modified K_global Matrix:
           0          1          2          3          4          5           6           7           8           9           10          11          12          13          14          15          16          17
0  1.0000e+36 0.0000e+00 0.0000e+00 0.0000e+00 0.0000e+00 0.0000e+00  0.0000e+00  0.0000e+00  0.0000e+00  0.0000e+00  0.0000e+00  0.0000e+00  0.0000e+00  0.0000e+00  0.0000e+00  0.0000e+00  0.0000e+00  0.0000e+00
1  0.0000e+00 1.0000e+36 0.0000e+00 0.0000e+00 0.0000e+00 0.0000e+00  0.0000e+00  0.0000e+00  0.0000e+00  0.0000e+00  0.0000e+00  0.0000e+00  0.0000e+00  0.0000e+00  0.0000e+00  0.0000e+00  0.0000e+00  0.0000e+00
2  0.0000e+00 0.0000e+00 1.0000e+36 0.0000e+00 0.0000e+00 0.0000e+00  0.0000e+00  0.0000e+00  0.0000e+00  0.0000e+00  0.0000e+00  0.0000e+00  0.0000e+00  0.0000e+00  0.0000e+00  0.0000e+00  0.0000e+00  0.0000e+00
3  0.0000e+00 0.0000e+00 0.0000e+00 1.0000e+36 0.0000e+00 0.0000e+00  0.0000e+00  0.0000e+00  0.0000e+00  0.0000e+00  0.0000e+00  0.0000e+00  0.0000e+00  0.0000e+00  0.0000e+00  0.0000e+00  0.0000e+00  0.0000e+00
4  0.0000e+00 0.0000e+00 0.0000e+00 0.0000e+00 1.0000e+36 0.0000e+00  0.0000e+00  0.0000e+00  0.0000e+00  0.0000e+00  0.0000e+00  0.0000e+00  0.0000e+00  0.0000e+00  0.0000e+00  0.0000e+00  0.0000e+00  0.0000e+00
5  0.0000e+00 0.0000e+00 0.0000e+00 0.0000e+00 0.0000e+00 1.0000e+36  0.0000e+00  0.0000e+00  0.0000e+00  0.0000e+00  0.0000e+00  0.0000e+00  0.0000e+00  0.0000e+00  0.0000e+00  0.0000e+00  0.0000e+00  0.0000e+00
6  0.0000e+00 0.0000e+00 0.0000e+00 0.0000e+00 0.0000e+00 0.0000e+00  3.6440e+08  0.0000e+00  0.0000e+00  0.0000e+00  0.0000e+00  0.0000e+00 -1.8220e+08  0.0000e+00  0.0000e+00  0.0000e+00  0.0000e+00  0.0000e+00
7  0.0000e+00 0.0000e+00 0.0000e+00 0.0000e+00 0.0000e+00 0.0000e+00  0.0000e+00  5.3868e+14  0.0000e+00  0.0000e+00  0.0000e+00  3.8477e+13  0.0000e+00 -2.6934e+14  0.0000e+00  0.0000e+00  0.0000e+00  1.1543e+14
8  0.0000e+00 0.0000e+00 0.0000e+00 0.0000e+00 0.0000e+00 0.0000e+00  0.0000e+00  0.0000e+00  5.3975e+14  0.0000e+00 -3.8554e+13  0.0000e+00  0.0000e+00  0.0000e+00 -2.6988e+14  0.0000e+00 -1.1566e+14  0.0000e+00
9  0.0000e+00 0.0000e+00 0.0000e+00 0.0000e+00 0.0000e+00 0.0000e+00  0.0000e+00  0.0000e+00  0.0000e+00  1.7923e+03  0.0000e+00  0.0000e+00  0.0000e+00  0.0000e+00  0.0000e+00 -8.9615e+02  0.0000e+00  0.0000e+00
10 0.0000e+00 0.0000e+00 0.0000e+00 0.0000e+00 0.0000e+00 0.0000e+00  0.0000e+00  0.0000e+00 -3.8554e+13  0.0000e+00  1.4136e+14  0.0000e+00  0.0000e+00  0.0000e+00  1.5421e+14  0.0000e+00  6.4256e+13  0.0000e+00
11 0.0000e+00 0.0000e+00 0.0000e+00 0.0000e+00 0.0000e+00 0.0000e+00  0.0000e+00  3.8477e+13  0.0000e+00  0.0000e+00  0.0000e+00  1.4108e+14  0.0000e+00 -1.5391e+14  0.0000e+00  0.0000e+00  0.0000e+00  6.4128e+13
12 0.0000e+00 0.0000e+00 0.0000e+00 0.0000e+00 0.0000e+00 0.0000e+00 -1.8220e+08  0.0000e+00  0.0000e+00  0.0000e+00  0.0000e+00  0.0000e+00  1.8220e+08  0.0000e+00  0.0000e+00  0.0000e+00  0.0000e+00  0.0000e+00
13 0.0000e+00 0.0000e+00 0.0000e+00 0.0000e+00 0.0000e+00 0.0000e+00  0.0000e+00 -2.6934e+14  0.0000e+00  0.0000e+00  0.0000e+00 -1.5391e+14  0.0000e+00  2.6934e+14  0.0000e+00  0.0000e+00  0.0000e+00 -1.1543e+14
14 0.0000e+00 0.0000e+00 0.0000e+00 0.0000e+00 0.0000e+00 0.0000e+00  0.0000e+00  0.0000e+00 -2.6988e+14  0.0000e+00  1.5421e+14  0.0000e+00  0.0000e+00  0.0000e+00  2.6988e+14  0.0000e+00  1.1566e+14  0.0000e+00
15 0.0000e+00 0.0000e+00 0.0000e+00 0.0000e+00 0.0000e+00 0.0000e+00  0.0000e+00  0.0000e+00  0.0000e+00 -8.9615e+02  0.0000e+00  0.0000e+00  0.0000e+00  0.0000e+00  0.0000e+00  8.9615e+02  0.0000e+00  0.0000e+00
16 0.0000e+00 0.0000e+00 0.0000e+00 0.0000e+00 0.0000e+00 0.0000e+00  0.0000e+00  0.0000e+00 -1.1566e+14  0.0000e+00  6.4256e+13  0.0000e+00  0.0000e+00  0.0000e+00  1.1566e+14  0.0000e+00  5.1405e+13  0.0000e+00
17 0.0000e+00 0.0000e+00 0.0000e+00 0.0000e+00 0.0000e+00 0.0000e+00  0.0000e+00  1.1543e+14  0.0000e+00  0.0000e+00  0.0000e+00  6.4128e+13  0.0000e+00 -1.1543e+14  0.0000e+00  0.0000e+00  0.0000e+00  5.1302e+13

🔍 Modified F_global Vector:
             Force
DOF 0   0.0000e+00
DOF 1   0.0000e+00
DOF 2   0.0000e+00
DOF 3   0.0000e+00
DOF 4   0.0000e+00
DOF 5   0.0000e+00
DOF 6   0.0000e+00
DOF 7   0.0000e+00
DOF 8   0.0000e+00
DOF 9   0.0000e+00
DOF 10  0.0000e+00
DOF 11  0.0000e+00
DOF 12  0.0000e+00
DOF 13 -1.0000e+05
DOF 14  0.0000e+00
DOF 15  0.0000e+00
DOF 16  0.0000e+00
DOF 17  0.0000e+00
2025-04-25 14:49:23,580 - processing.static.boundary_conditions - INFO - 🔧 Applying fixed boundary conditions...
2025-04-25 14:49:23,581 - processing.static.boundary_conditions - INFO - 🔍 Fixed DOFs: [0 1 2 3 4 5]
2025-04-25 14:49:23,582 - processing.static.boundary_conditions - INFO - ✅ Fixed boundary conditions applied successfully.
