2025-04-25 14:49:22,238 - pre_processing.element_library.element_1D_base - DEBUG - Element Stiffness Matrix Computation (Element ID: 0)
2025-04-25 14:49:22,239 - pre_processing.element_library.element_1D_base - DEBUG - Element Length (L): 1.000000e+00, Jacobian determinant (detJ): 5.000000e-01
2025-04-25 14:49:22,239 - pre_processing.element_library.element_1D_base - DEBUG - Material Stiffness Matrix (D):
2025-04-25 14:49:22,240 - pre_processing.element_library.element_1D_base - DEBUG - [[1.82200e+08 0.00000e+00 0.00000e+00 0.00000e+00]
 [0.00000e+00 2.00400e+11 0.00000e+00 0.00000e+00]
 [0.00000e+00 0.00000e+00 2.00800e+11 0.00000e+00]
 [0.00000e+00 0.00000e+00 0.00000e+00 8.96153e+02]]
2025-04-25 14:49:22,240 - pre_processing.element_library.element_1D_base - DEBUG - 
----- Gauss Point 1/3 -----
2025-04-25 14:49:22,240 - pre_processing.element_library.element_1D_base - DEBUG - Natural Coordinate (xi): -7.745967e-01, Gauss Weight: 5.555556e-01
2025-04-25 14:49:22,240 - pre_processing.element_library.element_1D_base - DEBUG - Shape Function First Derivatives (dN_dxi):
2025-04-25 14:49:22,240 - pre_processing.element_library.element_1D_base - DEBUG - [[-0.5       0.        0.        0.        0.        0.      ]
 [ 0.        8.24758   0.        0.        0.        0.      ]
 [ 0.        0.        8.24758   0.        0.        0.      ]
 [ 0.        0.        0.       -0.5       0.        0.      ]
 [ 0.        0.        0.        0.       -5.898387  0.      ]
 [ 0.        0.        0.        0.        0.        5.898387]
 [ 0.5       0.        0.        0.        0.        0.      ]
 [ 0.       -8.24758   0.        0.        0.        0.      ]
 [ 0.        0.       -8.24758   0.        0.        0.      ]
 [ 0.        0.        0.        0.5       0.        0.      ]
 [ 0.        0.        0.        0.       -3.349193  0.      ]
 [ 0.        0.        0.        0.        0.        3.349193]]
2025-04-25 14:49:22,245 - pre_processing.element_library.element_1D_base - DEBUG - Shape Function Second Derivatives (d2N_dxi2):
2025-04-25 14:49:22,247 - pre_processing.element_library.element_1D_base - DEBUG - [[  0.        0.        0.        0.        0.        0.     ]
 [  0.      -15.29516   0.        0.        0.        0.     ]
 [  0.        0.      -15.29516   0.        0.        0.     ]
 [  0.        0.        0.        0.        0.        0.     ]
 [  0.        0.        0.        0.        8.64758   0.     ]
 [  0.        0.        0.        0.        0.       -8.64758]
 [  0.        0.        0.        0.        0.        0.     ]
 [  0.       15.29516   0.        0.        0.        0.     ]
 [  0.        0.       15.29516   0.        0.        0.     ]
 [  0.        0.        0.        0.        0.        0.     ]
 [  0.        0.        0.        0.        6.64758   0.     ]
 [  0.        0.        0.        0.        0.       -6.64758]]
2025-04-25 14:49:22,247 - pre_processing.element_library.element_1D_base - DEBUG - Strain-Displacement Matrix (B):
2025-04-25 14:49:22,250 - pre_processing.element_library.element_1D_base - DEBUG - [[ -1.        0.        0.        0.        0.        0.        1.
    0.        0.        0.        0.        0.     ]
 [  0.      -61.18064   0.        0.        0.      -34.59032   0.
   61.18064   0.        0.        0.      -26.59032]
 [  0.        0.      -61.18064   0.       34.59032   0.        0.
    0.       61.18064   0.       26.59032   0.     ]
 [  0.        0.        0.       -1.        0.        0.        0.
    0.        0.        1.        0.        0.     ]]
2025-04-25 14:49:22,251 - pre_processing.element_library.element_1D_base - DEBUG - Strain-Displacement Matrix Transpose (B.T):
2025-04-25 14:49:22,252 - pre_processing.element_library.element_1D_base - DEBUG - [[ -1.        0.        0.        0.     ]
 [  0.      -61.18064   0.        0.     ]
 [  0.        0.      -61.18064   0.     ]
 [  0.        0.        0.       -1.     ]
 [  0.        0.       34.59032   0.     ]
 [  0.      -34.59032   0.        0.     ]
 [  1.        0.        0.        0.     ]
 [  0.       61.18064   0.        0.     ]
 [  0.        0.       61.18064   0.     ]
 [  0.        0.        0.        1.     ]
 [  0.        0.       26.59032   0.     ]
 [  0.      -26.59032   0.        0.     ]]
2025-04-25 14:49:22,252 - pre_processing.element_library.element_1D_base - DEBUG - Element Stiffness Matrix Contribution at Gauss Point:
2025-04-25 14:49:22,252 - pre_processing.element_library.element_1D_base - DEBUG - [[ 5.061111e+07  0.000000e+00  0.000000e+00  0.000000e+00  0.000000e+00
   0.000000e+00 -5.061111e+07  0.000000e+00  0.000000e+00  0.000000e+00
   0.000000e+00  0.000000e+00]
 [ 0.000000e+00  2.083643e+14  0.000000e+00  0.000000e+00  0.000000e+00
   1.178050e+14  0.000000e+00 -2.083643e+14  0.000000e+00  0.000000e+00
   0.000000e+00  9.055925e+13]
 [ 0.000000e+00  0.000000e+00  2.087802e+14  0.000000e+00 -1.180402e+14
   0.000000e+00  0.000000e+00  0.000000e+00 -2.087802e+14  0.000000e+00
  -9.074000e+13  0.000000e+00]
 [ 0.000000e+00  0.000000e+00  0.000000e+00  2.489314e+02  0.000000e+00
   0.000000e+00  0.000000e+00  0.000000e+00  0.000000e+00 -2.489314e+02
   0.000000e+00  0.000000e+00]
 [ 0.000000e+00  0.000000e+00 -1.180402e+14  0.000000e+00  6.673757e+13
   0.000000e+00  0.000000e+00  0.000000e+00  1.180402e+14  0.000000e+00
   5.130260e+13  0.000000e+00]
 [ 0.000000e+00  1.178050e+14  0.000000e+00  0.000000e+00  0.000000e+00
   6.660462e+13  0.000000e+00 -1.178050e+14  0.000000e+00  0.000000e+00
   0.000000e+00  5.120040e+13]
 [-5.061111e+07  0.000000e+00  0.000000e+00  0.000000e+00  0.000000e+00
   0.000000e+00  5.061111e+07  0.000000e+00  0.000000e+00  0.000000e+00
   0.000000e+00  0.000000e+00]
 [ 0.000000e+00 -2.083643e+14  0.000000e+00  0.000000e+00  0.000000e+00
  -1.178050e+14  0.000000e+00  2.083643e+14  0.000000e+00  0.000000e+00
   0.000000e+00 -9.055925e+13]
 [ 0.000000e+00  0.000000e+00 -2.087802e+14  0.000000e+00  1.180402e+14
   0.000000e+00  0.000000e+00  0.000000e+00  2.087802e+14  0.000000e+00
   9.074000e+13  0.000000e+00]
 [ 0.000000e+00  0.000000e+00  0.000000e+00 -2.489314e+02  0.000000e+00
   0.000000e+00  0.000000e+00  0.000000e+00  0.000000e+00  2.489314e+02
   0.000000e+00  0.000000e+00]
 [ 0.000000e+00  0.000000e+00 -9.074000e+13  0.000000e+00  5.130260e+13
   0.000000e+00  0.000000e+00  0.000000e+00  9.074000e+13  0.000000e+00
   3.943741e+13  0.000000e+00]
 [ 0.000000e+00  9.055925e+13  0.000000e+00  0.000000e+00  0.000000e+00
   5.120040e+13  0.000000e+00 -9.055925e+13  0.000000e+00  0.000000e+00
   0.000000e+00  3.935885e+13]]
2025-04-25 14:49:22,254 - pre_processing.element_library.element_1D_base - DEBUG - 
2025-04-25 14:49:22,254 - pre_processing.element_library.element_1D_base - DEBUG - 
----- Gauss Point 2/3 -----
2025-04-25 14:49:22,255 - pre_processing.element_library.element_1D_base - DEBUG - Natural Coordinate (xi): 0.000000e+00, Gauss Weight: 8.888889e-01
2025-04-25 14:49:22,256 - pre_processing.element_library.element_1D_base - DEBUG - Shape Function First Derivatives (dN_dxi):
2025-04-25 14:49:22,258 - pre_processing.element_library.element_1D_base - DEBUG - [[-0.5  0.   0.   0.   0.   0. ]
 [ 0.   0.   0.   0.   0.   0. ]
 [ 0.   0.   0.   0.   0.   0. ]
 [ 0.   0.   0.  -0.5  0.   0. ]
 [ 0.   0.   0.   0.  -1.   0. ]
 [ 0.   0.   0.   0.   0.   1. ]
 [ 0.5  0.   0.   0.   0.   0. ]
 [ 0.   0.   0.   0.   0.   0. ]
 [ 0.   0.   0.   0.   0.   0. ]
 [ 0.   0.   0.   0.5  0.   0. ]
 [ 0.   0.   0.   0.  -0.   0. ]
 [ 0.   0.   0.   0.   0.   0. ]]
2025-04-25 14:49:22,258 - pre_processing.element_library.element_1D_base - DEBUG - Shape Function Second Derivatives (d2N_dxi2):
2025-04-25 14:49:22,260 - pre_processing.element_library.element_1D_base - DEBUG - [[ 0.  0.  0.  0.  0.  0.]
 [ 0. -6.  0.  0.  0.  0.]
 [ 0.  0. -6.  0.  0.  0.]
 [ 0.  0.  0.  0.  0.  0.]
 [ 0.  0.  0.  0.  4.  0.]
 [ 0.  0.  0.  0.  0. -4.]
 [ 0.  0.  0.  0.  0.  0.]
 [ 0.  6.  0.  0.  0.  0.]
 [ 0.  0.  6.  0.  0.  0.]
 [ 0.  0.  0.  0.  0.  0.]
 [ 0.  0.  0.  0.  2.  0.]
 [ 0.  0.  0.  0.  0. -2.]]
2025-04-25 14:49:22,260 - pre_processing.element_library.element_1D_base - DEBUG - Strain-Displacement Matrix (B):
2025-04-25 14:49:22,261 - pre_processing.element_library.element_1D_base - DEBUG - [[ -1.   0.   0.   0.   0.   0.   1.   0.   0.   0.   0.   0.]
 [  0. -24.   0.   0.   0. -16.   0.  24.   0.   0.   0.  -8.]
 [  0.   0. -24.   0.  16.   0.   0.   0.  24.   0.   8.   0.]
 [  0.   0.   0.  -1.   0.   0.   0.   0.   0.   1.   0.   0.]]
2025-04-25 14:49:22,261 - pre_processing.element_library.element_1D_base - DEBUG - Strain-Displacement Matrix Transpose (B.T):
2025-04-25 14:49:22,263 - pre_processing.element_library.element_1D_base - DEBUG - [[ -1.   0.   0.   0.]
 [  0. -24.   0.   0.]
 [  0.   0. -24.   0.]
 [  0.   0.   0.  -1.]
 [  0.   0.  16.   0.]
 [  0. -16.   0.   0.]
 [  1.   0.   0.   0.]
 [  0.  24.   0.   0.]
 [  0.   0.  24.   0.]
 [  0.   0.   0.   1.]
 [  0.   0.   8.   0.]
 [  0.  -8.   0.   0.]]
2025-04-25 14:49:22,263 - pre_processing.element_library.element_1D_base - DEBUG - Element Stiffness Matrix Contribution at Gauss Point:
2025-04-25 14:49:22,265 - pre_processing.element_library.element_1D_base - DEBUG - [[ 8.097778e+07  0.000000e+00  0.000000e+00  0.000000e+00  0.000000e+00
   0.000000e+00 -8.097778e+07  0.000000e+00  0.000000e+00  0.000000e+00
   0.000000e+00  0.000000e+00]
 [ 0.000000e+00  5.130240e+13  0.000000e+00  0.000000e+00  0.000000e+00
   3.420160e+13  0.000000e+00 -5.130240e+13  0.000000e+00  0.000000e+00
   0.000000e+00  1.710080e+13]
 [ 0.000000e+00  0.000000e+00  5.140480e+13  0.000000e+00 -3.426987e+13
   0.000000e+00  0.000000e+00  0.000000e+00 -5.140480e+13  0.000000e+00
  -1.713493e+13  0.000000e+00]
 [ 0.000000e+00  0.000000e+00  0.000000e+00  3.982902e+02  0.000000e+00
   0.000000e+00  0.000000e+00  0.000000e+00  0.000000e+00 -3.982902e+02
   0.000000e+00  0.000000e+00]
 [ 0.000000e+00  0.000000e+00 -3.426987e+13  0.000000e+00  2.284658e+13
   0.000000e+00  0.000000e+00  0.000000e+00  3.426987e+13  0.000000e+00
   1.142329e+13  0.000000e+00]
 [ 0.000000e+00  3.420160e+13  0.000000e+00  0.000000e+00  0.000000e+00
   2.280107e+13  0.000000e+00 -3.420160e+13  0.000000e+00  0.000000e+00
   0.000000e+00  1.140053e+13]
 [-8.097778e+07  0.000000e+00  0.000000e+00  0.000000e+00  0.000000e+00
   0.000000e+00  8.097778e+07  0.000000e+00  0.000000e+00  0.000000e+00
   0.000000e+00  0.000000e+00]
 [ 0.000000e+00 -5.130240e+13  0.000000e+00  0.000000e+00  0.000000e+00
  -3.420160e+13  0.000000e+00  5.130240e+13  0.000000e+00  0.000000e+00
   0.000000e+00 -1.710080e+13]
 [ 0.000000e+00  0.000000e+00 -5.140480e+13  0.000000e+00  3.426987e+13
   0.000000e+00  0.000000e+00  0.000000e+00  5.140480e+13  0.000000e+00
   1.713493e+13  0.000000e+00]
 [ 0.000000e+00  0.000000e+00  0.000000e+00 -3.982902e+02  0.000000e+00
   0.000000e+00  0.000000e+00  0.000000e+00  0.000000e+00  3.982902e+02
   0.000000e+00  0.000000e+00]
 [ 0.000000e+00  0.000000e+00 -1.713493e+13  0.000000e+00  1.142329e+13
   0.000000e+00  0.000000e+00  0.000000e+00  1.713493e+13  0.000000e+00
   5.711644e+12  0.000000e+00]
 [ 0.000000e+00  1.710080e+13  0.000000e+00  0.000000e+00  0.000000e+00
   1.140053e+13  0.000000e+00 -1.710080e+13  0.000000e+00  0.000000e+00
   0.000000e+00  5.700267e+12]]
2025-04-25 14:49:22,268 - pre_processing.element_library.element_1D_base - DEBUG - 
2025-04-25 14:49:22,271 - pre_processing.element_library.element_1D_base - DEBUG - 
----- Gauss Point 3/3 -----
2025-04-25 14:49:22,272 - pre_processing.element_library.element_1D_base - DEBUG - Natural Coordinate (xi): 7.745967e-01, Gauss Weight: 5.555556e-01
2025-04-25 14:49:22,272 - pre_processing.element_library.element_1D_base - DEBUG - Shape Function First Derivatives (dN_dxi):
2025-04-25 14:49:22,276 - pre_processing.element_library.element_1D_base - DEBUG - [[-0.5       0.        0.        0.        0.        0.      ]
 [ 0.       -1.04758   0.        0.        0.        0.      ]
 [ 0.        0.       -1.04758   0.        0.        0.      ]
 [ 0.        0.        0.       -0.5       0.        0.      ]
 [ 0.        0.        0.        0.        0.298387  0.      ]
 [ 0.        0.        0.        0.        0.       -0.298387]
 [ 0.5       0.        0.        0.        0.        0.      ]
 [ 0.        1.04758   0.        0.        0.        0.      ]
 [ 0.        0.        1.04758   0.        0.        0.      ]
 [ 0.        0.        0.        0.5       0.        0.      ]
 [ 0.        0.        0.        0.       -0.250807  0.      ]
 [ 0.        0.        0.        0.        0.        0.250807]]
2025-04-25 14:49:22,277 - pre_processing.element_library.element_1D_base - DEBUG - Shape Function Second Derivatives (d2N_dxi2):
2025-04-25 14:49:22,278 - pre_processing.element_library.element_1D_base - DEBUG - [[ 0.       0.       0.       0.       0.       0.     ]
 [ 0.       3.29516  0.       0.       0.       0.     ]
 [ 0.       0.       3.29516  0.       0.       0.     ]
 [ 0.       0.       0.       0.       0.       0.     ]
 [ 0.       0.       0.       0.      -0.64758  0.     ]
 [ 0.       0.       0.       0.       0.       0.64758]
 [ 0.       0.       0.       0.       0.       0.     ]
 [ 0.      -3.29516  0.       0.       0.       0.     ]
 [ 0.       0.      -3.29516  0.       0.       0.     ]
 [ 0.       0.       0.       0.       0.       0.     ]
 [ 0.       0.       0.       0.      -2.64758  0.     ]
 [ 0.       0.       0.       0.       0.       2.64758]]
2025-04-25 14:49:22,278 - pre_processing.element_library.element_1D_base - DEBUG - Strain-Displacement Matrix (B):
2025-04-25 14:49:22,278 - pre_processing.element_library.element_1D_base - DEBUG - [[ -1.        0.        0.        0.        0.        0.        1.
    0.        0.        0.        0.        0.     ]
 [  0.       13.18064   0.        0.        0.        2.59032   0.
  -13.18064   0.        0.        0.       10.59032]
 [  0.        0.       13.18064   0.       -2.59032   0.        0.
    0.      -13.18064   0.      -10.59032   0.     ]
 [  0.        0.        0.       -1.        0.        0.        0.
    0.        0.        1.        0.        0.     ]]
2025-04-25 14:49:22,283 - pre_processing.element_library.element_1D_base - DEBUG - Strain-Displacement Matrix Transpose (B.T):
2025-04-25 14:49:22,285 - pre_processing.element_library.element_1D_base - DEBUG - [[ -1.        0.        0.        0.     ]
 [  0.       13.18064   0.        0.     ]
 [  0.        0.       13.18064   0.     ]
 [  0.        0.        0.       -1.     ]
 [  0.        0.       -2.59032   0.     ]
 [  0.        2.59032   0.        0.     ]
 [  1.        0.        0.        0.     ]
 [  0.      -13.18064   0.        0.     ]
 [  0.        0.      -13.18064   0.     ]
 [  0.        0.        0.        1.     ]
 [  0.        0.      -10.59032   0.     ]
 [  0.       10.59032   0.        0.     ]]
2025-04-25 14:49:22,286 - pre_processing.element_library.element_1D_base - DEBUG - Element Stiffness Matrix Contribution at Gauss Point:
2025-04-25 14:49:22,286 - pre_processing.element_library.element_1D_base - DEBUG - [[ 5.061111e+07  0.000000e+00  0.000000e+00  0.000000e+00  0.000000e+00
   0.000000e+00 -5.061111e+07  0.000000e+00  0.000000e+00  0.000000e+00
   0.000000e+00  0.000000e+00]
 [ 0.000000e+00  9.670930e+12  0.000000e+00  0.000000e+00  0.000000e+00
   1.900576e+12  0.000000e+00 -9.670930e+12  0.000000e+00  0.000000e+00
   0.000000e+00  7.770354e+12]
 [ 0.000000e+00  0.000000e+00  9.690233e+12  0.000000e+00 -1.904369e+12
   0.000000e+00  0.000000e+00  0.000000e+00 -9.690233e+12  0.000000e+00
  -7.785864e+12  0.000000e+00]
 [ 0.000000e+00  0.000000e+00  0.000000e+00  2.489314e+02  0.000000e+00
   0.000000e+00  0.000000e+00  0.000000e+00  0.000000e+00 -2.489314e+02
   0.000000e+00  0.000000e+00]
 [ 0.000000e+00  0.000000e+00 -1.904369e+12  0.000000e+00  3.742554e+11
   0.000000e+00  0.000000e+00  0.000000e+00  1.904369e+12  0.000000e+00
   1.530114e+12  0.000000e+00]
 [ 0.000000e+00  1.900576e+12  0.000000e+00  0.000000e+00  0.000000e+00
   3.735099e+11  0.000000e+00 -1.900576e+12  0.000000e+00  0.000000e+00
   0.000000e+00  1.527066e+12]
 [-5.061111e+07  0.000000e+00  0.000000e+00  0.000000e+00  0.000000e+00
   0.000000e+00  5.061111e+07  0.000000e+00  0.000000e+00  0.000000e+00
   0.000000e+00  0.000000e+00]
 [ 0.000000e+00 -9.670930e+12  0.000000e+00  0.000000e+00  0.000000e+00
  -1.900576e+12  0.000000e+00  9.670930e+12  0.000000e+00  0.000000e+00
   0.000000e+00 -7.770354e+12]
 [ 0.000000e+00  0.000000e+00 -9.690233e+12  0.000000e+00  1.904369e+12
   0.000000e+00  0.000000e+00  0.000000e+00  9.690233e+12  0.000000e+00
   7.785864e+12  0.000000e+00]
 [ 0.000000e+00  0.000000e+00  0.000000e+00 -2.489314e+02  0.000000e+00
   0.000000e+00  0.000000e+00  0.000000e+00  0.000000e+00  2.489314e+02
   0.000000e+00  0.000000e+00]
 [ 0.000000e+00  0.000000e+00 -7.785864e+12  0.000000e+00  1.530114e+12
   0.000000e+00  0.000000e+00  0.000000e+00  7.785864e+12  0.000000e+00
   6.255750e+12  0.000000e+00]
 [ 0.000000e+00  7.770354e+12  0.000000e+00  0.000000e+00  0.000000e+00
   1.527066e+12  0.000000e+00 -7.770354e+12  0.000000e+00  0.000000e+00
   0.000000e+00  6.243288e+12]]
2025-04-25 14:49:22,286 - pre_processing.element_library.element_1D_base - DEBUG - 
2025-04-25 14:49:22,286 - pre_processing.element_library.element_1D_base - DEBUG - 
===== Final Element Stiffness Matrix (Ke) =====
2025-04-25 14:49:22,286 - pre_processing.element_library.element_1D_base - DEBUG - [[ 1.822000e+08  0.000000e+00  0.000000e+00  0.000000e+00  0.000000e+00
   0.000000e+00 -1.822000e+08  0.000000e+00  0.000000e+00  0.000000e+00
   0.000000e+00  0.000000e+00]
 [ 0.000000e+00  2.693376e+14  0.000000e+00  0.000000e+00  0.000000e+00
   1.539072e+14  0.000000e+00 -2.693376e+14  0.000000e+00  0.000000e+00
   0.000000e+00  1.154304e+14]
 [ 0.000000e+00  0.000000e+00  2.698752e+14  0.000000e+00 -1.542144e+14
   0.000000e+00  0.000000e+00  0.000000e+00 -2.698752e+14  0.000000e+00
  -1.156608e+14  0.000000e+00]
 [ 0.000000e+00  0.000000e+00  0.000000e+00  8.961530e+02  0.000000e+00
   0.000000e+00  0.000000e+00  0.000000e+00  0.000000e+00 -8.961530e+02
   0.000000e+00  0.000000e+00]
 [ 0.000000e+00  0.000000e+00 -1.542144e+14  0.000000e+00  8.995840e+13
   0.000000e+00  0.000000e+00  0.000000e+00  1.542144e+14  0.000000e+00
   6.425600e+13  0.000000e+00]
 [ 0.000000e+00  1.539072e+14  0.000000e+00  0.000000e+00  0.000000e+00
   8.977920e+13  0.000000e+00 -1.539072e+14  0.000000e+00  0.000000e+00
   0.000000e+00  6.412800e+13]
 [-1.822000e+08  0.000000e+00  0.000000e+00  0.000000e+00  0.000000e+00
   0.000000e+00  1.822000e+08  0.000000e+00  0.000000e+00  0.000000e+00
   0.000000e+00  0.000000e+00]
 [ 0.000000e+00 -2.693376e+14  0.000000e+00  0.000000e+00  0.000000e+00
  -1.539072e+14  0.000000e+00  2.693376e+14  0.000000e+00  0.000000e+00
   0.000000e+00 -1.154304e+14]
 [ 0.000000e+00  0.000000e+00 -2.698752e+14  0.000000e+00  1.542144e+14
   0.000000e+00  0.000000e+00  0.000000e+00  2.698752e+14  0.000000e+00
   1.156608e+14  0.000000e+00]
 [ 0.000000e+00  0.000000e+00  0.000000e+00 -8.961530e+02  0.000000e+00
   0.000000e+00  0.000000e+00  0.000000e+00  0.000000e+00  8.961530e+02
   0.000000e+00  0.000000e+00]
 [ 0.000000e+00  0.000000e+00 -1.156608e+14  0.000000e+00  6.425600e+13
   0.000000e+00  0.000000e+00  0.000000e+00  1.156608e+14  0.000000e+00
   5.140480e+13  0.000000e+00]
 [ 0.000000e+00  1.154304e+14  0.000000e+00  0.000000e+00  0.000000e+00
   6.412800e+13  0.000000e+00 -1.154304e+14  0.000000e+00  0.000000e+00
   0.000000e+00  5.130240e+13]]
2025-04-25 14:49:22,296 - pre_processing.element_library.element_1D_base - DEBUG - Element Stiffness Matrix Computation (Element ID: 1)
2025-04-25 14:49:22,296 - pre_processing.element_library.element_1D_base - DEBUG - Element Stiffness Matrix Computation (Element ID: 1)
2025-04-25 14:49:22,296 - pre_processing.element_library.element_1D_base - DEBUG - Element Length (L): 1.000000e+00, Jacobian determinant (detJ): 5.000000e-01
2025-04-25 14:49:22,296 - pre_processing.element_library.element_1D_base - DEBUG - Element Length (L): 1.000000e+00, Jacobian determinant (detJ): 5.000000e-01
2025-04-25 14:49:22,296 - pre_processing.element_library.element_1D_base - DEBUG - Material Stiffness Matrix (D):
2025-04-25 14:49:22,296 - pre_processing.element_library.element_1D_base - DEBUG - Material Stiffness Matrix (D):
2025-04-25 14:49:22,296 - pre_processing.element_library.element_1D_base - DEBUG - [[1.82200e+08 0.00000e+00 0.00000e+00 0.00000e+00]
 [0.00000e+00 2.00400e+11 0.00000e+00 0.00000e+00]
 [0.00000e+00 0.00000e+00 2.00800e+11 0.00000e+00]
 [0.00000e+00 0.00000e+00 0.00000e+00 8.96153e+02]]
2025-04-25 14:49:22,296 - pre_processing.element_library.element_1D_base - DEBUG - [[1.82200e+08 0.00000e+00 0.00000e+00 0.00000e+00]
 [0.00000e+00 2.00400e+11 0.00000e+00 0.00000e+00]
 [0.00000e+00 0.00000e+00 2.00800e+11 0.00000e+00]
 [0.00000e+00 0.00000e+00 0.00000e+00 8.96153e+02]]
2025-04-25 14:49:22,302 - pre_processing.element_library.element_1D_base - DEBUG - 
----- Gauss Point 1/3 -----
2025-04-25 14:49:22,302 - pre_processing.element_library.element_1D_base - DEBUG - 
----- Gauss Point 1/3 -----
2025-04-25 14:49:22,304 - pre_processing.element_library.element_1D_base - DEBUG - Natural Coordinate (xi): -7.745967e-01, Gauss Weight: 5.555556e-01
2025-04-25 14:49:22,304 - pre_processing.element_library.element_1D_base - DEBUG - Natural Coordinate (xi): -7.745967e-01, Gauss Weight: 5.555556e-01
2025-04-25 14:49:22,305 - pre_processing.element_library.element_1D_base - DEBUG - Shape Function First Derivatives (dN_dxi):
2025-04-25 14:49:22,305 - pre_processing.element_library.element_1D_base - DEBUG - Shape Function First Derivatives (dN_dxi):
2025-04-25 14:49:22,307 - pre_processing.element_library.element_1D_base - DEBUG - [[-0.5       0.        0.        0.        0.        0.      ]
 [ 0.        8.24758   0.        0.        0.        0.      ]
 [ 0.        0.        8.24758   0.        0.        0.      ]
 [ 0.        0.        0.       -0.5       0.        0.      ]
 [ 0.        0.        0.        0.       -5.898387  0.      ]
 [ 0.        0.        0.        0.        0.        5.898387]
 [ 0.5       0.        0.        0.        0.        0.      ]
 [ 0.       -8.24758   0.        0.        0.        0.      ]
 [ 0.        0.       -8.24758   0.        0.        0.      ]
 [ 0.        0.        0.        0.5       0.        0.      ]
 [ 0.        0.        0.        0.       -3.349193  0.      ]
 [ 0.        0.        0.        0.        0.        3.349193]]
2025-04-25 14:49:22,307 - pre_processing.element_library.element_1D_base - DEBUG - [[-0.5       0.        0.        0.        0.        0.      ]
 [ 0.        8.24758   0.        0.        0.        0.      ]
 [ 0.        0.        8.24758   0.        0.        0.      ]
 [ 0.        0.        0.       -0.5       0.        0.      ]
 [ 0.        0.        0.        0.       -5.898387  0.      ]
 [ 0.        0.        0.        0.        0.        5.898387]
 [ 0.5       0.        0.        0.        0.        0.      ]
 [ 0.       -8.24758   0.        0.        0.        0.      ]
 [ 0.        0.       -8.24758   0.        0.        0.      ]
 [ 0.        0.        0.        0.5       0.        0.      ]
 [ 0.        0.        0.        0.       -3.349193  0.      ]
 [ 0.        0.        0.        0.        0.        3.349193]]
2025-04-25 14:49:22,308 - pre_processing.element_library.element_1D_base - DEBUG - Shape Function Second Derivatives (d2N_dxi2):
2025-04-25 14:49:22,308 - pre_processing.element_library.element_1D_base - DEBUG - Shape Function Second Derivatives (d2N_dxi2):
2025-04-25 14:49:22,309 - pre_processing.element_library.element_1D_base - DEBUG - [[  0.        0.        0.        0.        0.        0.     ]
 [  0.      -15.29516   0.        0.        0.        0.     ]
 [  0.        0.      -15.29516   0.        0.        0.     ]
 [  0.        0.        0.        0.        0.        0.     ]
 [  0.        0.        0.        0.        8.64758   0.     ]
 [  0.        0.        0.        0.        0.       -8.64758]
 [  0.        0.        0.        0.        0.        0.     ]
 [  0.       15.29516   0.        0.        0.        0.     ]
 [  0.        0.       15.29516   0.        0.        0.     ]
 [  0.        0.        0.        0.        0.        0.     ]
 [  0.        0.        0.        0.        6.64758   0.     ]
 [  0.        0.        0.        0.        0.       -6.64758]]
2025-04-25 14:49:22,309 - pre_processing.element_library.element_1D_base - DEBUG - [[  0.        0.        0.        0.        0.        0.     ]
 [  0.      -15.29516   0.        0.        0.        0.     ]
 [  0.        0.      -15.29516   0.        0.        0.     ]
 [  0.        0.        0.        0.        0.        0.     ]
 [  0.        0.        0.        0.        8.64758   0.     ]
 [  0.        0.        0.        0.        0.       -8.64758]
 [  0.        0.        0.        0.        0.        0.     ]
 [  0.       15.29516   0.        0.        0.        0.     ]
 [  0.        0.       15.29516   0.        0.        0.     ]
 [  0.        0.        0.        0.        0.        0.     ]
 [  0.        0.        0.        0.        6.64758   0.     ]
 [  0.        0.        0.        0.        0.       -6.64758]]
2025-04-25 14:49:22,309 - pre_processing.element_library.element_1D_base - DEBUG - Strain-Displacement Matrix (B):
2025-04-25 14:49:22,309 - pre_processing.element_library.element_1D_base - DEBUG - Strain-Displacement Matrix (B):
2025-04-25 14:49:22,313 - pre_processing.element_library.element_1D_base - DEBUG - [[ -1.        0.        0.        0.        0.        0.        1.
    0.        0.        0.        0.        0.     ]
 [  0.      -61.18064   0.        0.        0.      -34.59032   0.
   61.18064   0.        0.        0.      -26.59032]
 [  0.        0.      -61.18064   0.       34.59032   0.        0.
    0.       61.18064   0.       26.59032   0.     ]
 [  0.        0.        0.       -1.        0.        0.        0.
    0.        0.        1.        0.        0.     ]]
2025-04-25 14:49:22,313 - pre_processing.element_library.element_1D_base - DEBUG - [[ -1.        0.        0.        0.        0.        0.        1.
    0.        0.        0.        0.        0.     ]
 [  0.      -61.18064   0.        0.        0.      -34.59032   0.
   61.18064   0.        0.        0.      -26.59032]
 [  0.        0.      -61.18064   0.       34.59032   0.        0.
    0.       61.18064   0.       26.59032   0.     ]
 [  0.        0.        0.       -1.        0.        0.        0.
    0.        0.        1.        0.        0.     ]]
2025-04-25 14:49:22,313 - pre_processing.element_library.element_1D_base - DEBUG - Strain-Displacement Matrix Transpose (B.T):
2025-04-25 14:49:22,313 - pre_processing.element_library.element_1D_base - DEBUG - Strain-Displacement Matrix Transpose (B.T):
2025-04-25 14:49:22,316 - pre_processing.element_library.element_1D_base - DEBUG - [[ -1.        0.        0.        0.     ]
 [  0.      -61.18064   0.        0.     ]
 [  0.        0.      -61.18064   0.     ]
 [  0.        0.        0.       -1.     ]
 [  0.        0.       34.59032   0.     ]
 [  0.      -34.59032   0.        0.     ]
 [  1.        0.        0.        0.     ]
 [  0.       61.18064   0.        0.     ]
 [  0.        0.       61.18064   0.     ]
 [  0.        0.        0.        1.     ]
 [  0.        0.       26.59032   0.     ]
 [  0.      -26.59032   0.        0.     ]]
2025-04-25 14:49:22,316 - pre_processing.element_library.element_1D_base - DEBUG - [[ -1.        0.        0.        0.     ]
 [  0.      -61.18064   0.        0.     ]
 [  0.        0.      -61.18064   0.     ]
 [  0.        0.        0.       -1.     ]
 [  0.        0.       34.59032   0.     ]
 [  0.      -34.59032   0.        0.     ]
 [  1.        0.        0.        0.     ]
 [  0.       61.18064   0.        0.     ]
 [  0.        0.       61.18064   0.     ]
 [  0.        0.        0.        1.     ]
 [  0.        0.       26.59032   0.     ]
 [  0.      -26.59032   0.        0.     ]]
2025-04-25 14:49:22,318 - pre_processing.element_library.element_1D_base - DEBUG - Element Stiffness Matrix Contribution at Gauss Point:
2025-04-25 14:49:22,318 - pre_processing.element_library.element_1D_base - DEBUG - Element Stiffness Matrix Contribution at Gauss Point:
2025-04-25 14:49:22,320 - pre_processing.element_library.element_1D_base - DEBUG - [[ 5.061111e+07  0.000000e+00  0.000000e+00  0.000000e+00  0.000000e+00
   0.000000e+00 -5.061111e+07  0.000000e+00  0.000000e+00  0.000000e+00
   0.000000e+00  0.000000e+00]
 [ 0.000000e+00  2.083643e+14  0.000000e+00  0.000000e+00  0.000000e+00
   1.178050e+14  0.000000e+00 -2.083643e+14  0.000000e+00  0.000000e+00
   0.000000e+00  9.055925e+13]
 [ 0.000000e+00  0.000000e+00  2.087802e+14  0.000000e+00 -1.180402e+14
   0.000000e+00  0.000000e+00  0.000000e+00 -2.087802e+14  0.000000e+00
  -9.074000e+13  0.000000e+00]
 [ 0.000000e+00  0.000000e+00  0.000000e+00  2.489314e+02  0.000000e+00
   0.000000e+00  0.000000e+00  0.000000e+00  0.000000e+00 -2.489314e+02
   0.000000e+00  0.000000e+00]
 [ 0.000000e+00  0.000000e+00 -1.180402e+14  0.000000e+00  6.673757e+13
   0.000000e+00  0.000000e+00  0.000000e+00  1.180402e+14  0.000000e+00
   5.130260e+13  0.000000e+00]
 [ 0.000000e+00  1.178050e+14  0.000000e+00  0.000000e+00  0.000000e+00
   6.660462e+13  0.000000e+00 -1.178050e+14  0.000000e+00  0.000000e+00
   0.000000e+00  5.120040e+13]
 [-5.061111e+07  0.000000e+00  0.000000e+00  0.000000e+00  0.000000e+00
   0.000000e+00  5.061111e+07  0.000000e+00  0.000000e+00  0.000000e+00
   0.000000e+00  0.000000e+00]
 [ 0.000000e+00 -2.083643e+14  0.000000e+00  0.000000e+00  0.000000e+00
  -1.178050e+14  0.000000e+00  2.083643e+14  0.000000e+00  0.000000e+00
   0.000000e+00 -9.055925e+13]
 [ 0.000000e+00  0.000000e+00 -2.087802e+14  0.000000e+00  1.180402e+14
   0.000000e+00  0.000000e+00  0.000000e+00  2.087802e+14  0.000000e+00
   9.074000e+13  0.000000e+00]
 [ 0.000000e+00  0.000000e+00  0.000000e+00 -2.489314e+02  0.000000e+00
   0.000000e+00  0.000000e+00  0.000000e+00  0.000000e+00  2.489314e+02
   0.000000e+00  0.000000e+00]
 [ 0.000000e+00  0.000000e+00 -9.074000e+13  0.000000e+00  5.130260e+13
   0.000000e+00  0.000000e+00  0.000000e+00  9.074000e+13  0.000000e+00
   3.943741e+13  0.000000e+00]
 [ 0.000000e+00  9.055925e+13  0.000000e+00  0.000000e+00  0.000000e+00
   5.120040e+13  0.000000e+00 -9.055925e+13  0.000000e+00  0.000000e+00
   0.000000e+00  3.935885e+13]]
2025-04-25 14:49:22,320 - pre_processing.element_library.element_1D_base - DEBUG - [[ 5.061111e+07  0.000000e+00  0.000000e+00  0.000000e+00  0.000000e+00
   0.000000e+00 -5.061111e+07  0.000000e+00  0.000000e+00  0.000000e+00
   0.000000e+00  0.000000e+00]
 [ 0.000000e+00  2.083643e+14  0.000000e+00  0.000000e+00  0.000000e+00
   1.178050e+14  0.000000e+00 -2.083643e+14  0.000000e+00  0.000000e+00
   0.000000e+00  9.055925e+13]
 [ 0.000000e+00  0.000000e+00  2.087802e+14  0.000000e+00 -1.180402e+14
   0.000000e+00  0.000000e+00  0.000000e+00 -2.087802e+14  0.000000e+00
  -9.074000e+13  0.000000e+00]
 [ 0.000000e+00  0.000000e+00  0.000000e+00  2.489314e+02  0.000000e+00
   0.000000e+00  0.000000e+00  0.000000e+00  0.000000e+00 -2.489314e+02
   0.000000e+00  0.000000e+00]
 [ 0.000000e+00  0.000000e+00 -1.180402e+14  0.000000e+00  6.673757e+13
   0.000000e+00  0.000000e+00  0.000000e+00  1.180402e+14  0.000000e+00
   5.130260e+13  0.000000e+00]
 [ 0.000000e+00  1.178050e+14  0.000000e+00  0.000000e+00  0.000000e+00
   6.660462e+13  0.000000e+00 -1.178050e+14  0.000000e+00  0.000000e+00
   0.000000e+00  5.120040e+13]
 [-5.061111e+07  0.000000e+00  0.000000e+00  0.000000e+00  0.000000e+00
   0.000000e+00  5.061111e+07  0.000000e+00  0.000000e+00  0.000000e+00
   0.000000e+00  0.000000e+00]
 [ 0.000000e+00 -2.083643e+14  0.000000e+00  0.000000e+00  0.000000e+00
  -1.178050e+14  0.000000e+00  2.083643e+14  0.000000e+00  0.000000e+00
   0.000000e+00 -9.055925e+13]
 [ 0.000000e+00  0.000000e+00 -2.087802e+14  0.000000e+00  1.180402e+14
   0.000000e+00  0.000000e+00  0.000000e+00  2.087802e+14  0.000000e+00
   9.074000e+13  0.000000e+00]
 [ 0.000000e+00  0.000000e+00  0.000000e+00 -2.489314e+02  0.000000e+00
   0.000000e+00  0.000000e+00  0.000000e+00  0.000000e+00  2.489314e+02
   0.000000e+00  0.000000e+00]
 [ 0.000000e+00  0.000000e+00 -9.074000e+13  0.000000e+00  5.130260e+13
   0.000000e+00  0.000000e+00  0.000000e+00  9.074000e+13  0.000000e+00
   3.943741e+13  0.000000e+00]
 [ 0.000000e+00  9.055925e+13  0.000000e+00  0.000000e+00  0.000000e+00
   5.120040e+13  0.000000e+00 -9.055925e+13  0.000000e+00  0.000000e+00
   0.000000e+00  3.935885e+13]]
2025-04-25 14:49:22,321 - pre_processing.element_library.element_1D_base - DEBUG - 
2025-04-25 14:49:22,321 - pre_processing.element_library.element_1D_base - DEBUG - 
2025-04-25 14:49:22,322 - pre_processing.element_library.element_1D_base - DEBUG - 
----- Gauss Point 2/3 -----
2025-04-25 14:49:22,322 - pre_processing.element_library.element_1D_base - DEBUG - 
----- Gauss Point 2/3 -----
2025-04-25 14:49:22,323 - pre_processing.element_library.element_1D_base - DEBUG - Natural Coordinate (xi): 0.000000e+00, Gauss Weight: 8.888889e-01
2025-04-25 14:49:22,323 - pre_processing.element_library.element_1D_base - DEBUG - Natural Coordinate (xi): 0.000000e+00, Gauss Weight: 8.888889e-01
2025-04-25 14:49:22,324 - pre_processing.element_library.element_1D_base - DEBUG - Shape Function First Derivatives (dN_dxi):
2025-04-25 14:49:22,324 - pre_processing.element_library.element_1D_base - DEBUG - Shape Function First Derivatives (dN_dxi):
2025-04-25 14:49:22,326 - pre_processing.element_library.element_1D_base - DEBUG - [[-0.5  0.   0.   0.   0.   0. ]
 [ 0.   0.   0.   0.   0.   0. ]
 [ 0.   0.   0.   0.   0.   0. ]
 [ 0.   0.   0.  -0.5  0.   0. ]
 [ 0.   0.   0.   0.  -1.   0. ]
 [ 0.   0.   0.   0.   0.   1. ]
 [ 0.5  0.   0.   0.   0.   0. ]
 [ 0.   0.   0.   0.   0.   0. ]
 [ 0.   0.   0.   0.   0.   0. ]
 [ 0.   0.   0.   0.5  0.   0. ]
 [ 0.   0.   0.   0.  -0.   0. ]
 [ 0.   0.   0.   0.   0.   0. ]]
2025-04-25 14:49:22,326 - pre_processing.element_library.element_1D_base - DEBUG - [[-0.5  0.   0.   0.   0.   0. ]
 [ 0.   0.   0.   0.   0.   0. ]
 [ 0.   0.   0.   0.   0.   0. ]
 [ 0.   0.   0.  -0.5  0.   0. ]
 [ 0.   0.   0.   0.  -1.   0. ]
 [ 0.   0.   0.   0.   0.   1. ]
 [ 0.5  0.   0.   0.   0.   0. ]
 [ 0.   0.   0.   0.   0.   0. ]
 [ 0.   0.   0.   0.   0.   0. ]
 [ 0.   0.   0.   0.5  0.   0. ]
 [ 0.   0.   0.   0.  -0.   0. ]
 [ 0.   0.   0.   0.   0.   0. ]]
2025-04-25 14:49:22,327 - pre_processing.element_library.element_1D_base - DEBUG - Shape Function Second Derivatives (d2N_dxi2):
2025-04-25 14:49:22,327 - pre_processing.element_library.element_1D_base - DEBUG - Shape Function Second Derivatives (d2N_dxi2):
2025-04-25 14:49:22,328 - pre_processing.element_library.element_1D_base - DEBUG - [[ 0.  0.  0.  0.  0.  0.]
 [ 0. -6.  0.  0.  0.  0.]
 [ 0.  0. -6.  0.  0.  0.]
 [ 0.  0.  0.  0.  0.  0.]
 [ 0.  0.  0.  0.  4.  0.]
 [ 0.  0.  0.  0.  0. -4.]
 [ 0.  0.  0.  0.  0.  0.]
 [ 0.  6.  0.  0.  0.  0.]
 [ 0.  0.  6.  0.  0.  0.]
 [ 0.  0.  0.  0.  0.  0.]
 [ 0.  0.  0.  0.  2.  0.]
 [ 0.  0.  0.  0.  0. -2.]]
2025-04-25 14:49:22,328 - pre_processing.element_library.element_1D_base - DEBUG - [[ 0.  0.  0.  0.  0.  0.]
 [ 0. -6.  0.  0.  0.  0.]
 [ 0.  0. -6.  0.  0.  0.]
 [ 0.  0.  0.  0.  0.  0.]
 [ 0.  0.  0.  0.  4.  0.]
 [ 0.  0.  0.  0.  0. -4.]
 [ 0.  0.  0.  0.  0.  0.]
 [ 0.  6.  0.  0.  0.  0.]
 [ 0.  0.  6.  0.  0.  0.]
 [ 0.  0.  0.  0.  0.  0.]
 [ 0.  0.  0.  0.  2.  0.]
 [ 0.  0.  0.  0.  0. -2.]]
2025-04-25 14:49:22,328 - pre_processing.element_library.element_1D_base - DEBUG - Strain-Displacement Matrix (B):
2025-04-25 14:49:22,328 - pre_processing.element_library.element_1D_base - DEBUG - Strain-Displacement Matrix (B):
2025-04-25 14:49:22,328 - pre_processing.element_library.element_1D_base - DEBUG - [[ -1.   0.   0.   0.   0.   0.   1.   0.   0.   0.   0.   0.]
 [  0. -24.   0.   0.   0. -16.   0.  24.   0.   0.   0.  -8.]
 [  0.   0. -24.   0.  16.   0.   0.   0.  24.   0.   8.   0.]
 [  0.   0.   0.  -1.   0.   0.   0.   0.   0.   1.   0.   0.]]
2025-04-25 14:49:22,328 - pre_processing.element_library.element_1D_base - DEBUG - [[ -1.   0.   0.   0.   0.   0.   1.   0.   0.   0.   0.   0.]
 [  0. -24.   0.   0.   0. -16.   0.  24.   0.   0.   0.  -8.]
 [  0.   0. -24.   0.  16.   0.   0.   0.  24.   0.   8.   0.]
 [  0.   0.   0.  -1.   0.   0.   0.   0.   0.   1.   0.   0.]]
2025-04-25 14:49:22,333 - pre_processing.element_library.element_1D_base - DEBUG - Strain-Displacement Matrix Transpose (B.T):
2025-04-25 14:49:22,333 - pre_processing.element_library.element_1D_base - DEBUG - Strain-Displacement Matrix Transpose (B.T):
2025-04-25 14:49:22,334 - pre_processing.element_library.element_1D_base - DEBUG - [[ -1.   0.   0.   0.]
 [  0. -24.   0.   0.]
 [  0.   0. -24.   0.]
 [  0.   0.   0.  -1.]
 [  0.   0.  16.   0.]
 [  0. -16.   0.   0.]
 [  1.   0.   0.   0.]
 [  0.  24.   0.   0.]
 [  0.   0.  24.   0.]
 [  0.   0.   0.   1.]
 [  0.   0.   8.   0.]
 [  0.  -8.   0.   0.]]
2025-04-25 14:49:22,334 - pre_processing.element_library.element_1D_base - DEBUG - [[ -1.   0.   0.   0.]
 [  0. -24.   0.   0.]
 [  0.   0. -24.   0.]
 [  0.   0.   0.  -1.]
 [  0.   0.  16.   0.]
 [  0. -16.   0.   0.]
 [  1.   0.   0.   0.]
 [  0.  24.   0.   0.]
 [  0.   0.  24.   0.]
 [  0.   0.   0.   1.]
 [  0.   0.   8.   0.]
 [  0.  -8.   0.   0.]]
2025-04-25 14:49:22,335 - pre_processing.element_library.element_1D_base - DEBUG - Element Stiffness Matrix Contribution at Gauss Point:
2025-04-25 14:49:22,335 - pre_processing.element_library.element_1D_base - DEBUG - Element Stiffness Matrix Contribution at Gauss Point:
2025-04-25 14:49:22,338 - pre_processing.element_library.element_1D_base - DEBUG - [[ 8.097778e+07  0.000000e+00  0.000000e+00  0.000000e+00  0.000000e+00
   0.000000e+00 -8.097778e+07  0.000000e+00  0.000000e+00  0.000000e+00
   0.000000e+00  0.000000e+00]
 [ 0.000000e+00  5.130240e+13  0.000000e+00  0.000000e+00  0.000000e+00
   3.420160e+13  0.000000e+00 -5.130240e+13  0.000000e+00  0.000000e+00
   0.000000e+00  1.710080e+13]
 [ 0.000000e+00  0.000000e+00  5.140480e+13  0.000000e+00 -3.426987e+13
   0.000000e+00  0.000000e+00  0.000000e+00 -5.140480e+13  0.000000e+00
  -1.713493e+13  0.000000e+00]
 [ 0.000000e+00  0.000000e+00  0.000000e+00  3.982902e+02  0.000000e+00
   0.000000e+00  0.000000e+00  0.000000e+00  0.000000e+00 -3.982902e+02
   0.000000e+00  0.000000e+00]
 [ 0.000000e+00  0.000000e+00 -3.426987e+13  0.000000e+00  2.284658e+13
   0.000000e+00  0.000000e+00  0.000000e+00  3.426987e+13  0.000000e+00
   1.142329e+13  0.000000e+00]
 [ 0.000000e+00  3.420160e+13  0.000000e+00  0.000000e+00  0.000000e+00
   2.280107e+13  0.000000e+00 -3.420160e+13  0.000000e+00  0.000000e+00
   0.000000e+00  1.140053e+13]
 [-8.097778e+07  0.000000e+00  0.000000e+00  0.000000e+00  0.000000e+00
   0.000000e+00  8.097778e+07  0.000000e+00  0.000000e+00  0.000000e+00
   0.000000e+00  0.000000e+00]
 [ 0.000000e+00 -5.130240e+13  0.000000e+00  0.000000e+00  0.000000e+00
  -3.420160e+13  0.000000e+00  5.130240e+13  0.000000e+00  0.000000e+00
   0.000000e+00 -1.710080e+13]
 [ 0.000000e+00  0.000000e+00 -5.140480e+13  0.000000e+00  3.426987e+13
   0.000000e+00  0.000000e+00  0.000000e+00  5.140480e+13  0.000000e+00
   1.713493e+13  0.000000e+00]
 [ 0.000000e+00  0.000000e+00  0.000000e+00 -3.982902e+02  0.000000e+00
   0.000000e+00  0.000000e+00  0.000000e+00  0.000000e+00  3.982902e+02
   0.000000e+00  0.000000e+00]
 [ 0.000000e+00  0.000000e+00 -1.713493e+13  0.000000e+00  1.142329e+13
   0.000000e+00  0.000000e+00  0.000000e+00  1.713493e+13  0.000000e+00
   5.711644e+12  0.000000e+00]
 [ 0.000000e+00  1.710080e+13  0.000000e+00  0.000000e+00  0.000000e+00
   1.140053e+13  0.000000e+00 -1.710080e+13  0.000000e+00  0.000000e+00
   0.000000e+00  5.700267e+12]]
2025-04-25 14:49:22,338 - pre_processing.element_library.element_1D_base - DEBUG - [[ 8.097778e+07  0.000000e+00  0.000000e+00  0.000000e+00  0.000000e+00
   0.000000e+00 -8.097778e+07  0.000000e+00  0.000000e+00  0.000000e+00
   0.000000e+00  0.000000e+00]
 [ 0.000000e+00  5.130240e+13  0.000000e+00  0.000000e+00  0.000000e+00
   3.420160e+13  0.000000e+00 -5.130240e+13  0.000000e+00  0.000000e+00
   0.000000e+00  1.710080e+13]
 [ 0.000000e+00  0.000000e+00  5.140480e+13  0.000000e+00 -3.426987e+13
   0.000000e+00  0.000000e+00  0.000000e+00 -5.140480e+13  0.000000e+00
  -1.713493e+13  0.000000e+00]
 [ 0.000000e+00  0.000000e+00  0.000000e+00  3.982902e+02  0.000000e+00
   0.000000e+00  0.000000e+00  0.000000e+00  0.000000e+00 -3.982902e+02
   0.000000e+00  0.000000e+00]
 [ 0.000000e+00  0.000000e+00 -3.426987e+13  0.000000e+00  2.284658e+13
   0.000000e+00  0.000000e+00  0.000000e+00  3.426987e+13  0.000000e+00
   1.142329e+13  0.000000e+00]
 [ 0.000000e+00  3.420160e+13  0.000000e+00  0.000000e+00  0.000000e+00
   2.280107e+13  0.000000e+00 -3.420160e+13  0.000000e+00  0.000000e+00
   0.000000e+00  1.140053e+13]
 [-8.097778e+07  0.000000e+00  0.000000e+00  0.000000e+00  0.000000e+00
   0.000000e+00  8.097778e+07  0.000000e+00  0.000000e+00  0.000000e+00
   0.000000e+00  0.000000e+00]
 [ 0.000000e+00 -5.130240e+13  0.000000e+00  0.000000e+00  0.000000e+00
  -3.420160e+13  0.000000e+00  5.130240e+13  0.000000e+00  0.000000e+00
   0.000000e+00 -1.710080e+13]
 [ 0.000000e+00  0.000000e+00 -5.140480e+13  0.000000e+00  3.426987e+13
   0.000000e+00  0.000000e+00  0.000000e+00  5.140480e+13  0.000000e+00
   1.713493e+13  0.000000e+00]
 [ 0.000000e+00  0.000000e+00  0.000000e+00 -3.982902e+02  0.000000e+00
   0.000000e+00  0.000000e+00  0.000000e+00  0.000000e+00  3.982902e+02
   0.000000e+00  0.000000e+00]
 [ 0.000000e+00  0.000000e+00 -1.713493e+13  0.000000e+00  1.142329e+13
   0.000000e+00  0.000000e+00  0.000000e+00  1.713493e+13  0.000000e+00
   5.711644e+12  0.000000e+00]
 [ 0.000000e+00  1.710080e+13  0.000000e+00  0.000000e+00  0.000000e+00
   1.140053e+13  0.000000e+00 -1.710080e+13  0.000000e+00  0.000000e+00
   0.000000e+00  5.700267e+12]]
2025-04-25 14:49:22,341 - pre_processing.element_library.element_1D_base - DEBUG - 
2025-04-25 14:49:22,341 - pre_processing.element_library.element_1D_base - DEBUG - 
2025-04-25 14:49:22,343 - pre_processing.element_library.element_1D_base - DEBUG - 
----- Gauss Point 3/3 -----
2025-04-25 14:49:22,343 - pre_processing.element_library.element_1D_base - DEBUG - 
----- Gauss Point 3/3 -----
2025-04-25 14:49:22,343 - pre_processing.element_library.element_1D_base - DEBUG - Natural Coordinate (xi): 7.745967e-01, Gauss Weight: 5.555556e-01
2025-04-25 14:49:22,343 - pre_processing.element_library.element_1D_base - DEBUG - Natural Coordinate (xi): 7.745967e-01, Gauss Weight: 5.555556e-01
2025-04-25 14:49:22,346 - pre_processing.element_library.element_1D_base - DEBUG - Shape Function First Derivatives (dN_dxi):
2025-04-25 14:49:22,346 - pre_processing.element_library.element_1D_base - DEBUG - Shape Function First Derivatives (dN_dxi):
2025-04-25 14:49:22,347 - pre_processing.element_library.element_1D_base - DEBUG - [[-0.5       0.        0.        0.        0.        0.      ]
 [ 0.       -1.04758   0.        0.        0.        0.      ]
 [ 0.        0.       -1.04758   0.        0.        0.      ]
 [ 0.        0.        0.       -0.5       0.        0.      ]
 [ 0.        0.        0.        0.        0.298387  0.      ]
 [ 0.        0.        0.        0.        0.       -0.298387]
 [ 0.5       0.        0.        0.        0.        0.      ]
 [ 0.        1.04758   0.        0.        0.        0.      ]
 [ 0.        0.        1.04758   0.        0.        0.      ]
 [ 0.        0.        0.        0.5       0.        0.      ]
 [ 0.        0.        0.        0.       -0.250807  0.      ]
 [ 0.        0.        0.        0.        0.        0.250807]]
2025-04-25 14:49:22,347 - pre_processing.element_library.element_1D_base - DEBUG - [[-0.5       0.        0.        0.        0.        0.      ]
 [ 0.       -1.04758   0.        0.        0.        0.      ]
 [ 0.        0.       -1.04758   0.        0.        0.      ]
 [ 0.        0.        0.       -0.5       0.        0.      ]
 [ 0.        0.        0.        0.        0.298387  0.      ]
 [ 0.        0.        0.        0.        0.       -0.298387]
 [ 0.5       0.        0.        0.        0.        0.      ]
 [ 0.        1.04758   0.        0.        0.        0.      ]
 [ 0.        0.        1.04758   0.        0.        0.      ]
 [ 0.        0.        0.        0.5       0.        0.      ]
 [ 0.        0.        0.        0.       -0.250807  0.      ]
 [ 0.        0.        0.        0.        0.        0.250807]]
2025-04-25 14:49:22,348 - pre_processing.element_library.element_1D_base - DEBUG - Shape Function Second Derivatives (d2N_dxi2):
2025-04-25 14:49:22,348 - pre_processing.element_library.element_1D_base - DEBUG - Shape Function Second Derivatives (d2N_dxi2):
2025-04-25 14:49:22,351 - pre_processing.element_library.element_1D_base - DEBUG - [[ 0.       0.       0.       0.       0.       0.     ]
 [ 0.       3.29516  0.       0.       0.       0.     ]
 [ 0.       0.       3.29516  0.       0.       0.     ]
 [ 0.       0.       0.       0.       0.       0.     ]
 [ 0.       0.       0.       0.      -0.64758  0.     ]
 [ 0.       0.       0.       0.       0.       0.64758]
 [ 0.       0.       0.       0.       0.       0.     ]
 [ 0.      -3.29516  0.       0.       0.       0.     ]
 [ 0.       0.      -3.29516  0.       0.       0.     ]
 [ 0.       0.       0.       0.       0.       0.     ]
 [ 0.       0.       0.       0.      -2.64758  0.     ]
 [ 0.       0.       0.       0.       0.       2.64758]]
2025-04-25 14:49:22,351 - pre_processing.element_library.element_1D_base - DEBUG - [[ 0.       0.       0.       0.       0.       0.     ]
 [ 0.       3.29516  0.       0.       0.       0.     ]
 [ 0.       0.       3.29516  0.       0.       0.     ]
 [ 0.       0.       0.       0.       0.       0.     ]
 [ 0.       0.       0.       0.      -0.64758  0.     ]
 [ 0.       0.       0.       0.       0.       0.64758]
 [ 0.       0.       0.       0.       0.       0.     ]
 [ 0.      -3.29516  0.       0.       0.       0.     ]
 [ 0.       0.      -3.29516  0.       0.       0.     ]
 [ 0.       0.       0.       0.       0.       0.     ]
 [ 0.       0.       0.       0.      -2.64758  0.     ]
 [ 0.       0.       0.       0.       0.       2.64758]]
2025-04-25 14:49:22,351 - pre_processing.element_library.element_1D_base - DEBUG - Strain-Displacement Matrix (B):
2025-04-25 14:49:22,351 - pre_processing.element_library.element_1D_base - DEBUG - Strain-Displacement Matrix (B):
2025-04-25 14:49:22,351 - pre_processing.element_library.element_1D_base - DEBUG - [[ -1.        0.        0.        0.        0.        0.        1.
    0.        0.        0.        0.        0.     ]
 [  0.       13.18064   0.        0.        0.        2.59032   0.
  -13.18064   0.        0.        0.       10.59032]
 [  0.        0.       13.18064   0.       -2.59032   0.        0.
    0.      -13.18064   0.      -10.59032   0.     ]
 [  0.        0.        0.       -1.        0.        0.        0.
    0.        0.        1.        0.        0.     ]]
2025-04-25 14:49:22,351 - pre_processing.element_library.element_1D_base - DEBUG - [[ -1.        0.        0.        0.        0.        0.        1.
    0.        0.        0.        0.        0.     ]
 [  0.       13.18064   0.        0.        0.        2.59032   0.
  -13.18064   0.        0.        0.       10.59032]
 [  0.        0.       13.18064   0.       -2.59032   0.        0.
    0.      -13.18064   0.      -10.59032   0.     ]
 [  0.        0.        0.       -1.        0.        0.        0.
    0.        0.        1.        0.        0.     ]]
2025-04-25 14:49:22,355 - pre_processing.element_library.element_1D_base - DEBUG - Strain-Displacement Matrix Transpose (B.T):
2025-04-25 14:49:22,355 - pre_processing.element_library.element_1D_base - DEBUG - Strain-Displacement Matrix Transpose (B.T):
2025-04-25 14:49:22,357 - pre_processing.element_library.element_1D_base - DEBUG - [[ -1.        0.        0.        0.     ]
 [  0.       13.18064   0.        0.     ]
 [  0.        0.       13.18064   0.     ]
 [  0.        0.        0.       -1.     ]
 [  0.        0.       -2.59032   0.     ]
 [  0.        2.59032   0.        0.     ]
 [  1.        0.        0.        0.     ]
 [  0.      -13.18064   0.        0.     ]
 [  0.        0.      -13.18064   0.     ]
 [  0.        0.        0.        1.     ]
 [  0.        0.      -10.59032   0.     ]
 [  0.       10.59032   0.        0.     ]]
2025-04-25 14:49:22,357 - pre_processing.element_library.element_1D_base - DEBUG - [[ -1.        0.        0.        0.     ]
 [  0.       13.18064   0.        0.     ]
 [  0.        0.       13.18064   0.     ]
 [  0.        0.        0.       -1.     ]
 [  0.        0.       -2.59032   0.     ]
 [  0.        2.59032   0.        0.     ]
 [  1.        0.        0.        0.     ]
 [  0.      -13.18064   0.        0.     ]
 [  0.        0.      -13.18064   0.     ]
 [  0.        0.        0.        1.     ]
 [  0.        0.      -10.59032   0.     ]
 [  0.       10.59032   0.        0.     ]]
2025-04-25 14:49:22,358 - pre_processing.element_library.element_1D_base - DEBUG - Element Stiffness Matrix Contribution at Gauss Point:
2025-04-25 14:49:22,358 - pre_processing.element_library.element_1D_base - DEBUG - Element Stiffness Matrix Contribution at Gauss Point:
2025-04-25 14:49:22,360 - pre_processing.element_library.element_1D_base - DEBUG - [[ 5.061111e+07  0.000000e+00  0.000000e+00  0.000000e+00  0.000000e+00
   0.000000e+00 -5.061111e+07  0.000000e+00  0.000000e+00  0.000000e+00
   0.000000e+00  0.000000e+00]
 [ 0.000000e+00  9.670930e+12  0.000000e+00  0.000000e+00  0.000000e+00
   1.900576e+12  0.000000e+00 -9.670930e+12  0.000000e+00  0.000000e+00
   0.000000e+00  7.770354e+12]
 [ 0.000000e+00  0.000000e+00  9.690233e+12  0.000000e+00 -1.904369e+12
   0.000000e+00  0.000000e+00  0.000000e+00 -9.690233e+12  0.000000e+00
  -7.785864e+12  0.000000e+00]
 [ 0.000000e+00  0.000000e+00  0.000000e+00  2.489314e+02  0.000000e+00
   0.000000e+00  0.000000e+00  0.000000e+00  0.000000e+00 -2.489314e+02
   0.000000e+00  0.000000e+00]
 [ 0.000000e+00  0.000000e+00 -1.904369e+12  0.000000e+00  3.742554e+11
   0.000000e+00  0.000000e+00  0.000000e+00  1.904369e+12  0.000000e+00
   1.530114e+12  0.000000e+00]
 [ 0.000000e+00  1.900576e+12  0.000000e+00  0.000000e+00  0.000000e+00
   3.735099e+11  0.000000e+00 -1.900576e+12  0.000000e+00  0.000000e+00
   0.000000e+00  1.527066e+12]
 [-5.061111e+07  0.000000e+00  0.000000e+00  0.000000e+00  0.000000e+00
   0.000000e+00  5.061111e+07  0.000000e+00  0.000000e+00  0.000000e+00
   0.000000e+00  0.000000e+00]
 [ 0.000000e+00 -9.670930e+12  0.000000e+00  0.000000e+00  0.000000e+00
  -1.900576e+12  0.000000e+00  9.670930e+12  0.000000e+00  0.000000e+00
   0.000000e+00 -7.770354e+12]
 [ 0.000000e+00  0.000000e+00 -9.690233e+12  0.000000e+00  1.904369e+12
   0.000000e+00  0.000000e+00  0.000000e+00  9.690233e+12  0.000000e+00
   7.785864e+12  0.000000e+00]
 [ 0.000000e+00  0.000000e+00  0.000000e+00 -2.489314e+02  0.000000e+00
   0.000000e+00  0.000000e+00  0.000000e+00  0.000000e+00  2.489314e+02
   0.000000e+00  0.000000e+00]
 [ 0.000000e+00  0.000000e+00 -7.785864e+12  0.000000e+00  1.530114e+12
   0.000000e+00  0.000000e+00  0.000000e+00  7.785864e+12  0.000000e+00
   6.255750e+12  0.000000e+00]
 [ 0.000000e+00  7.770354e+12  0.000000e+00  0.000000e+00  0.000000e+00
   1.527066e+12  0.000000e+00 -7.770354e+12  0.000000e+00  0.000000e+00
   0.000000e+00  6.243288e+12]]
2025-04-25 14:49:22,360 - pre_processing.element_library.element_1D_base - DEBUG - [[ 5.061111e+07  0.000000e+00  0.000000e+00  0.000000e+00  0.000000e+00
   0.000000e+00 -5.061111e+07  0.000000e+00  0.000000e+00  0.000000e+00
   0.000000e+00  0.000000e+00]
 [ 0.000000e+00  9.670930e+12  0.000000e+00  0.000000e+00  0.000000e+00
   1.900576e+12  0.000000e+00 -9.670930e+12  0.000000e+00  0.000000e+00
   0.000000e+00  7.770354e+12]
 [ 0.000000e+00  0.000000e+00  9.690233e+12  0.000000e+00 -1.904369e+12
   0.000000e+00  0.000000e+00  0.000000e+00 -9.690233e+12  0.000000e+00
  -7.785864e+12  0.000000e+00]
 [ 0.000000e+00  0.000000e+00  0.000000e+00  2.489314e+02  0.000000e+00
   0.000000e+00  0.000000e+00  0.000000e+00  0.000000e+00 -2.489314e+02
   0.000000e+00  0.000000e+00]
 [ 0.000000e+00  0.000000e+00 -1.904369e+12  0.000000e+00  3.742554e+11
   0.000000e+00  0.000000e+00  0.000000e+00  1.904369e+12  0.000000e+00
   1.530114e+12  0.000000e+00]
 [ 0.000000e+00  1.900576e+12  0.000000e+00  0.000000e+00  0.000000e+00
   3.735099e+11  0.000000e+00 -1.900576e+12  0.000000e+00  0.000000e+00
   0.000000e+00  1.527066e+12]
 [-5.061111e+07  0.000000e+00  0.000000e+00  0.000000e+00  0.000000e+00
   0.000000e+00  5.061111e+07  0.000000e+00  0.000000e+00  0.000000e+00
   0.000000e+00  0.000000e+00]
 [ 0.000000e+00 -9.670930e+12  0.000000e+00  0.000000e+00  0.000000e+00
  -1.900576e+12  0.000000e+00  9.670930e+12  0.000000e+00  0.000000e+00
   0.000000e+00 -7.770354e+12]
 [ 0.000000e+00  0.000000e+00 -9.690233e+12  0.000000e+00  1.904369e+12
   0.000000e+00  0.000000e+00  0.000000e+00  9.690233e+12  0.000000e+00
   7.785864e+12  0.000000e+00]
 [ 0.000000e+00  0.000000e+00  0.000000e+00 -2.489314e+02  0.000000e+00
   0.000000e+00  0.000000e+00  0.000000e+00  0.000000e+00  2.489314e+02
   0.000000e+00  0.000000e+00]
 [ 0.000000e+00  0.000000e+00 -7.785864e+12  0.000000e+00  1.530114e+12
   0.000000e+00  0.000000e+00  0.000000e+00  7.785864e+12  0.000000e+00
   6.255750e+12  0.000000e+00]
 [ 0.000000e+00  7.770354e+12  0.000000e+00  0.000000e+00  0.000000e+00
   1.527066e+12  0.000000e+00 -7.770354e+12  0.000000e+00  0.000000e+00
   0.000000e+00  6.243288e+12]]
2025-04-25 14:49:22,361 - pre_processing.element_library.element_1D_base - DEBUG - 
2025-04-25 14:49:22,361 - pre_processing.element_library.element_1D_base - DEBUG - 
2025-04-25 14:49:22,361 - pre_processing.element_library.element_1D_base - DEBUG - 
===== Final Element Stiffness Matrix (Ke) =====
2025-04-25 14:49:22,361 - pre_processing.element_library.element_1D_base - DEBUG - 
===== Final Element Stiffness Matrix (Ke) =====
2025-04-25 14:49:22,363 - pre_processing.element_library.element_1D_base - DEBUG - [[ 1.822000e+08  0.000000e+00  0.000000e+00  0.000000e+00  0.000000e+00
   0.000000e+00 -1.822000e+08  0.000000e+00  0.000000e+00  0.000000e+00
   0.000000e+00  0.000000e+00]
 [ 0.000000e+00  2.693376e+14  0.000000e+00  0.000000e+00  0.000000e+00
   1.539072e+14  0.000000e+00 -2.693376e+14  0.000000e+00  0.000000e+00
   0.000000e+00  1.154304e+14]
 [ 0.000000e+00  0.000000e+00  2.698752e+14  0.000000e+00 -1.542144e+14
   0.000000e+00  0.000000e+00  0.000000e+00 -2.698752e+14  0.000000e+00
  -1.156608e+14  0.000000e+00]
 [ 0.000000e+00  0.000000e+00  0.000000e+00  8.961530e+02  0.000000e+00
   0.000000e+00  0.000000e+00  0.000000e+00  0.000000e+00 -8.961530e+02
   0.000000e+00  0.000000e+00]
 [ 0.000000e+00  0.000000e+00 -1.542144e+14  0.000000e+00  8.995840e+13
   0.000000e+00  0.000000e+00  0.000000e+00  1.542144e+14  0.000000e+00
   6.425600e+13  0.000000e+00]
 [ 0.000000e+00  1.539072e+14  0.000000e+00  0.000000e+00  0.000000e+00
   8.977920e+13  0.000000e+00 -1.539072e+14  0.000000e+00  0.000000e+00
   0.000000e+00  6.412800e+13]
 [-1.822000e+08  0.000000e+00  0.000000e+00  0.000000e+00  0.000000e+00
   0.000000e+00  1.822000e+08  0.000000e+00  0.000000e+00  0.000000e+00
   0.000000e+00  0.000000e+00]
 [ 0.000000e+00 -2.693376e+14  0.000000e+00  0.000000e+00  0.000000e+00
  -1.539072e+14  0.000000e+00  2.693376e+14  0.000000e+00  0.000000e+00
   0.000000e+00 -1.154304e+14]
 [ 0.000000e+00  0.000000e+00 -2.698752e+14  0.000000e+00  1.542144e+14
   0.000000e+00  0.000000e+00  0.000000e+00  2.698752e+14  0.000000e+00
   1.156608e+14  0.000000e+00]
 [ 0.000000e+00  0.000000e+00  0.000000e+00 -8.961530e+02  0.000000e+00
   0.000000e+00  0.000000e+00  0.000000e+00  0.000000e+00  8.961530e+02
   0.000000e+00  0.000000e+00]
 [ 0.000000e+00  0.000000e+00 -1.156608e+14  0.000000e+00  6.425600e+13
   0.000000e+00  0.000000e+00  0.000000e+00  1.156608e+14  0.000000e+00
   5.140480e+13  0.000000e+00]
 [ 0.000000e+00  1.154304e+14  0.000000e+00  0.000000e+00  0.000000e+00
   6.412800e+13  0.000000e+00 -1.154304e+14  0.000000e+00  0.000000e+00
   0.000000e+00  5.130240e+13]]
2025-04-25 14:49:22,363 - pre_processing.element_library.element_1D_base - DEBUG - [[ 1.822000e+08  0.000000e+00  0.000000e+00  0.000000e+00  0.000000e+00
   0.000000e+00 -1.822000e+08  0.000000e+00  0.000000e+00  0.000000e+00
   0.000000e+00  0.000000e+00]
 [ 0.000000e+00  2.693376e+14  0.000000e+00  0.000000e+00  0.000000e+00
   1.539072e+14  0.000000e+00 -2.693376e+14  0.000000e+00  0.000000e+00
   0.000000e+00  1.154304e+14]
 [ 0.000000e+00  0.000000e+00  2.698752e+14  0.000000e+00 -1.542144e+14
   0.000000e+00  0.000000e+00  0.000000e+00 -2.698752e+14  0.000000e+00
  -1.156608e+14  0.000000e+00]
 [ 0.000000e+00  0.000000e+00  0.000000e+00  8.961530e+02  0.000000e+00
   0.000000e+00  0.000000e+00  0.000000e+00  0.000000e+00 -8.961530e+02
   0.000000e+00  0.000000e+00]
 [ 0.000000e+00  0.000000e+00 -1.542144e+14  0.000000e+00  8.995840e+13
   0.000000e+00  0.000000e+00  0.000000e+00  1.542144e+14  0.000000e+00
   6.425600e+13  0.000000e+00]
 [ 0.000000e+00  1.539072e+14  0.000000e+00  0.000000e+00  0.000000e+00
   8.977920e+13  0.000000e+00 -1.539072e+14  0.000000e+00  0.000000e+00
   0.000000e+00  6.412800e+13]
 [-1.822000e+08  0.000000e+00  0.000000e+00  0.000000e+00  0.000000e+00
   0.000000e+00  1.822000e+08  0.000000e+00  0.000000e+00  0.000000e+00
   0.000000e+00  0.000000e+00]
 [ 0.000000e+00 -2.693376e+14  0.000000e+00  0.000000e+00  0.000000e+00
  -1.539072e+14  0.000000e+00  2.693376e+14  0.000000e+00  0.000000e+00
   0.000000e+00 -1.154304e+14]
 [ 0.000000e+00  0.000000e+00 -2.698752e+14  0.000000e+00  1.542144e+14
   0.000000e+00  0.000000e+00  0.000000e+00  2.698752e+14  0.000000e+00
   1.156608e+14  0.000000e+00]
 [ 0.000000e+00  0.000000e+00  0.000000e+00 -8.961530e+02  0.000000e+00
   0.000000e+00  0.000000e+00  0.000000e+00  0.000000e+00  8.961530e+02
   0.000000e+00  0.000000e+00]
 [ 0.000000e+00  0.000000e+00 -1.156608e+14  0.000000e+00  6.425600e+13
   0.000000e+00  0.000000e+00  0.000000e+00  1.156608e+14  0.000000e+00
   5.140480e+13  0.000000e+00]
 [ 0.000000e+00  1.154304e+14  0.000000e+00  0.000000e+00  0.000000e+00
   6.412800e+13  0.000000e+00 -1.154304e+14  0.000000e+00  0.000000e+00
   0.000000e+00  5.130240e+13]]
2025-04-25 14:49:22,468 - pre_processing.element_library.element_1D_base - DEBUG - Element Force Vector Computation (Element ID: 0)
2025-04-25 14:49:22,468 - pre_processing.element_library.element_1D_base - DEBUG - Element Force Vector Computation (Element ID: 0)
2025-04-25 14:49:22,472 - pre_processing.element_library.element_1D_base - DEBUG - 
===== Final Element Force Vector =====
2025-04-25 14:49:22,472 - pre_processing.element_library.element_1D_base - DEBUG - 
===== Final Element Force Vector =====
2025-04-25 14:49:22,472 - pre_processing.element_library.element_1D_base - DEBUG - [[0. 0. 0. 0. 0. 0. 0. 0. 0. 0. 0. 0.]]
2025-04-25 14:49:22,472 - pre_processing.element_library.element_1D_base - DEBUG - [[0. 0. 0. 0. 0. 0. 0. 0. 0. 0. 0. 0.]]
2025-04-25 14:49:22,484 - pre_processing.element_library.element_1D_base - DEBUG - Element Force Vector Computation (Element ID: 1)
2025-04-25 14:49:22,484 - pre_processing.element_library.element_1D_base - DEBUG - Element Force Vector Computation (Element ID: 1)
2025-04-25 14:49:22,491 - pre_processing.element_library.element_1D_base - DEBUG - 
Point Load at x_p = 2.000000e+00 (xi_p = 1.000000e+00)
2025-04-25 14:49:22,491 - pre_processing.element_library.element_1D_base - DEBUG - 
Point Load at x_p = 2.000000e+00 (xi_p = 1.000000e+00)
2025-04-25 14:49:22,495 - pre_processing.element_library.element_1D_base - DEBUG - Point Load Vector (F_p): [      0. -100000.       0.       0.       0.       0.]
2025-04-25 14:49:22,495 - pre_processing.element_library.element_1D_base - DEBUG - Point Load Vector (F_p): [      0. -100000.       0.       0.       0.       0.]
2025-04-25 14:49:22,499 - pre_processing.element_library.element_1D_base - DEBUG - Shape Function Values at Load Point:
2025-04-25 14:49:22,499 - pre_processing.element_library.element_1D_base - DEBUG - Shape Function Values at Load Point:
2025-04-25 14:49:22,502 - pre_processing.element_library.element_1D_base - DEBUG - [[ 0.  0.  0.  0.  0.  0.]
 [ 0.  0.  0.  0.  0.  0.]
 [ 0.  0.  0.  0.  0.  0.]
 [ 0.  0.  0.  0.  0.  0.]
 [ 0.  0.  0.  0. -2.  0.]
 [ 0.  0.  0.  0.  0.  0.]
 [ 1.  0.  0.  0.  0.  0.]
 [ 0.  1.  0.  0.  0.  0.]
 [ 0.  0.  1.  0.  0.  0.]
 [ 0.  0.  0.  1.  0.  0.]
 [ 0.  0.  0.  0. -0.  0.]
 [ 0.  0.  0.  0.  0.  0.]]
2025-04-25 14:49:22,502 - pre_processing.element_library.element_1D_base - DEBUG - [[ 0.  0.  0.  0.  0.  0.]
 [ 0.  0.  0.  0.  0.  0.]
 [ 0.  0.  0.  0.  0.  0.]
 [ 0.  0.  0.  0.  0.  0.]
 [ 0.  0.  0.  0. -2.  0.]
 [ 0.  0.  0.  0.  0.  0.]
 [ 1.  0.  0.  0.  0.  0.]
 [ 0.  1.  0.  0.  0.  0.]
 [ 0.  0.  1.  0.  0.  0.]
 [ 0.  0.  0.  1.  0.  0.]
 [ 0.  0.  0.  0. -0.  0.]
 [ 0.  0.  0.  0.  0.  0.]]
2025-04-25 14:49:22,504 - pre_processing.element_library.element_1D_base - DEBUG - Separated Translational Contribution:
2025-04-25 14:49:22,504 - pre_processing.element_library.element_1D_base - DEBUG - Separated Translational Contribution:
2025-04-25 14:49:22,504 - pre_processing.element_library.element_1D_base - DEBUG - [[      0.       0.       0.       0. -100000.       0.]]
2025-04-25 14:49:22,504 - pre_processing.element_library.element_1D_base - DEBUG - [[      0.       0.       0.       0. -100000.       0.]]
2025-04-25 14:49:22,509 - pre_processing.element_library.element_1D_base - DEBUG - Separated Rotational Contribution:
2025-04-25 14:49:22,509 - pre_processing.element_library.element_1D_base - DEBUG - Separated Rotational Contribution:
2025-04-25 14:49:22,511 - pre_processing.element_library.element_1D_base - DEBUG - [[0. 0. 0. 0. 0. 0.]]
2025-04-25 14:49:22,511 - pre_processing.element_library.element_1D_base - DEBUG - [[0. 0. 0. 0. 0. 0.]]
2025-04-25 14:49:22,514 - pre_processing.element_library.element_1D_base - DEBUG - Updated Element Force Vector:
2025-04-25 14:49:22,514 - pre_processing.element_library.element_1D_base - DEBUG - Updated Element Force Vector:
2025-04-25 14:49:22,516 - pre_processing.element_library.element_1D_base - DEBUG - [[      0.       0.       0.       0.       0.       0.       0. -100000.
        0.       0.       0.       0.]]
2025-04-25 14:49:22,516 - pre_processing.element_library.element_1D_base - DEBUG - [[      0.       0.       0.       0.       0.       0.       0. -100000.
        0.       0.       0.       0.]]
2025-04-25 14:49:22,518 - pre_processing.element_library.element_1D_base - DEBUG - 
===== Final Element Force Vector =====
2025-04-25 14:49:22,518 - pre_processing.element_library.element_1D_base - DEBUG - 
===== Final Element Force Vector =====
2025-04-25 14:49:22,519 - pre_processing.element_library.element_1D_base - DEBUG - [[      0.       0.       0.       0.       0.       0.       0. -100000.
        0.       0.       0.       0.]]
2025-04-25 14:49:22,519 - pre_processing.element_library.element_1D_base - DEBUG - [[      0.       0.       0.       0.       0.       0.       0. -100000.
        0.       0.       0.       0.]]
