Machine Specifications:
   - OS: Windows 11 (10.0.22631)
   - CPU: Intel64 Family 6 Model 151 Stepping 2, GenuineIntel (20 cores)
   - RAM: 31.24 GB
   - Python Version: 3.12.5

Job: job_0008
Timestamp (job start): 2025-04-25_14-49-23
Total Time: 1.94 sec

+-------------------------------+-------------+---------------+-------------+-----------+
| Step                          |    Time (s) |   Memory (MB) |   Disk (GB) |   CPU (%) |
+===============================+=============+===============+=============+===========+
| Parsing                       | 0.0104518   |       105.922 |     798.588 |         0 |
+-------------------------------+-------------+---------------+-------------+-----------+
| Element Instantiation         | 0.000870943 |       105.969 |     798.588 |         0 |
+-------------------------------+-------------+---------------+-------------+-----------+
| Element Stiffness Computation | 0.129889    |       106.25  |     798.589 |         0 |
+-------------------------------+-------------+---------------+-------------+-----------+
| Element Force Computation     | 0.0555587   |       106.398 |     798.59  |         0 |
+-------------------------------+-------------+---------------+-------------+-----------+
| Setup Simulation              | 0           |       106.426 |     798.59  |         0 |
+-------------------------------+-------------+---------------+-------------+-----------+
| Assemble Global Matrices      | 0.0214078   |       107.215 |     798.591 |         0 |
+-------------------------------+-------------+---------------+-------------+-----------+
| Modify Global Matrices        | 0.0158381   |       107.371 |     798.591 |         0 |
+-------------------------------+-------------+---------------+-------------+-----------+
| Solve Linear Static System    | 0.508798    |       123.055 |     798.593 |         0 |
+-------------------------------+-------------+---------------+-------------+-----------+
| Compute Primary Results       | 0.00305295  |       123.059 |     798.594 |         0 |
+-------------------------------+-------------+---------------+-------------+-----------+
| Save Primary Results          | 0.0727885   |       123.078 |     798.594 |         0 |
+-------------------------------+-------------+---------------+-------------+-----------+

Parallel Jobs: job_0007
Start Memory: 105.83 MB | End Memory: 123.08 MB
Start Disk Usage: 798.59 GB | End Disk Usage: 798.59 GB
Start CPU: 0.00% | End CPU: 0.00%
