
------------------------------------------------------------
### Diagnostics for Global System
Total DOFs: 18
Independent Equations (nonzero rows): 12
Boundary Condition DOFs: None
✅ Matrix is symmetric.
⚠️ K is not positive definite. Possibly singular or indefinite.
🔹 Approx. rank of K: 8/18
🔹 Condition Number: inf
⚠️ Zero rows: [4, 5, 10, 11, 16, 17]
⚠️ Zero columns: [4, 5, 10, 11, 16, 17]
⚠️ DOFs with zero force: [0, 1, 2, 3, 4, 5, 6, 7, 8, 9]...
Min Force = -1.0000e+05, Max Force = 0.0000e+00
Sum of Forces = -1.0000e+05 (⚠️ Nonzero!)
Top DOFs by force magnitude:
  DOF 13, Force = -1.0000e+05
  DOF 0, Force = 0.0000e+00
  DOF 2, Force = 0.0000e+00
  DOF 1, Force = 0.0000e+00
  DOF 4, Force = 0.0000e+00
  DOF 5, Force = 0.0000e+00
  DOF 6, Force = 0.0000e+00
  DOF 3, Force = 0.0000e+00
  DOF 7, Force = 0.0000e+00
  DOF 8, Force = 0.0000e+00


------------------------------------------------------------
### Diagnostics for Modified System
Total DOFs: 18
Independent Equations (nonzero rows): 14
Boundary Condition DOFs: [0, 1, 2, 3, 4, 5]
✅ Matrix is symmetric.
⚠️ K is not positive definite. Possibly singular or indefinite.
🔹 Approx. rank of K: 6/18
🔹 Condition Number: inf
⚠️ Zero rows: [10, 11, 16, 17]
⚠️ Zero columns: [10, 11, 16, 17]
⚠️ DOFs with zero force: [0, 1, 2, 3, 4, 5, 6, 7, 8, 9]...
Min Force = -1.0000e+05, Max Force = 0.0000e+00
Sum of Forces = -1.0000e+05 (⚠️ Nonzero!)
Top DOFs by force magnitude:
  DOF 13, Force = -1.0000e+05
  DOF 0, Force = 0.0000e+00
  DOF 2, Force = 0.0000e+00
  DOF 1, Force = 0.0000e+00
  DOF 4, Force = 0.0000e+00
  DOF 5, Force = 0.0000e+00
  DOF 6, Force = 0.0000e+00
  DOF 3, Force = 0.0000e+00
  DOF 7, Force = 0.0000e+00
  DOF 8, Force = 0.0000e+00


------------------------------------------------------------
### Diagnostics for Condensed System
Total DOFs: 8
Independent Equations (nonzero rows): 8
Boundary Condition DOFs: [6, 7, 8, 9, 12, 13, 14, 15]
✅ Matrix is symmetric.
✅ K is positive definite.
🔹 Approx. rank of K: 8/8
🔹 Condition Number: 9.35e+04
⚠️ DOFs with zero force: [0, 1, 2, 3, 4, 6, 7]
Min Force = -1.0000e+05, Max Force = 0.0000e+00
Sum of Forces = -1.0000e+05 (⚠️ Nonzero!)
Top DOFs by force magnitude:
  DOF 5, Force = -1.0000e+05
  DOF 0, Force = 0.0000e+00
  DOF 2, Force = 0.0000e+00
  DOF 1, Force = 0.0000e+00
  DOF 3, Force = 0.0000e+00
  DOF 4, Force = 0.0000e+00
  DOF 6, Force = 0.0000e+00
  DOF 7, Force = 0.0000e+00

