Machine Specifications:
   - OS: Windows 11 (10.0.22631)
   - CPU: Intel64 Family 6 Model 151 Stepping 2, GenuineIntel (20 cores)
   - RAM: 31.24 GB
   - Python Version: 3.12.5

Job: job_0004
Timestamp (job start): 2025-05-06_15-48-00
Total Time: 6.91 sec

+-------------------------------+------------+---------------+-------------+-----------+
| Step                          |   Time (s) |   Memory (MB) |   Disk (GB) |   CPU (%) |
+===============================+============+===============+=============+===========+
| Parsing                       | 0.00901103 |       119.711 |     798.984 |         0 |
+-------------------------------+------------+---------------+-------------+-----------+
| Element Instantiation         | 0.00153327 |       119.762 |     798.984 |         0 |
+-------------------------------+------------+---------------+-------------+-----------+
| Element Stiffness Computation | 1.69014    |       119.996 |     798.991 |         0 |
+-------------------------------+------------+---------------+-------------+-----------+
| Element Force Computation     | 3.46259    |       120.215 |     798.995 |         0 |
+-------------------------------+------------+---------------+-------------+-----------+
| Setup Simulation              | 0          |       120.246 |     798.995 |         0 |
+-------------------------------+------------+---------------+-------------+-----------+
| Assemble Global Matrices      | 0.0322814  |       122.32  |     798.995 |         0 |
+-------------------------------+------------+---------------+-------------+-----------+
| Modify Global Matrices        | 0.0546143  |       122.797 |     798.995 |         0 |
+-------------------------------+------------+---------------+-------------+-----------+
| Solve Linear Static System    | 0.435462   |       137.934 |     798.996 |         0 |
+-------------------------------+------------+---------------+-------------+-----------+
| Compute Primary Results       | 0.00402069 |       137.938 |     798.996 |         0 |
+-------------------------------+------------+---------------+-------------+-----------+
| Save Primary Results          | 0.0930867  |       137.992 |     798.996 |         0 |
+-------------------------------+------------+---------------+-------------+-----------+

Parallel Jobs: job_0007, job_0008, job_0009, job_0001, job_0003, job_0002
Start Memory: 119.55 MB | End Memory: 137.99 MB
Start Disk Usage: 798.98 GB | End Disk Usage: 799.00 GB
Start CPU: 0.00% | End CPU: 0.00%
