--------------------------------------------------------------------------
### Global System

                   │ CURRENT            │ EVOLUTION         
Equations          │ 606                │ 606               
Dirichlet          │ 0                  │ 0                 
Eliminated         │ 0                  │ 0                 
Unknowns           │ 606                │ 606               
nnz                │ 3010               │ 3010              
Density            │ 8.20e-03           │ 8.20e-03          
Zero rows          │ 0                  │ 0                 
Zero cols          │ 0                  │ 0                 
Bandwidth          │ 10                 │ 10                
Symmetric          │ yes                │ yes               
Rank               │ 577                │ 577               
Cond-no            │ 3.5e+19            │ 3.5e+19           
λmin/λmax          │ —                  │ —                 
Inertia            │ —                  │ —                 
b-min/max          │ -2.5e+03/1.5e+03   │ -2.5e+03/1.5e+03  
Σb                 │ -1.0e+03           │ -1.0e+03          
Top|b|             │ 157:-2.5e+03, 151:1.5e+03, 591:0.0e+00 │ 157:-2.5e+03, 151:1.5e+03, 591:0.0e+00

2025-07-07 19:50:16,264 [INFO] 🩺  Global System diagnostics appended → \\mull.sms.ed.ac.uk\home\s1834431\Win7\Desktop\fem_model\post_processing\results\job_0003_2025-07-07_19-50-06-041508_pid76900_dd69aabc\diagnostics\DiagnoseLinearStaticSystem.log
--------------------------------------------------------------------------
### Modified System

                   │ CURRENT            │ EVOLUTION         
Equations          │ 606                │ 606               
Dirichlet          │ 0                  │ 6                 
Eliminated         │ 0                  │ 0                 
Unknowns           │ 606                │ 600               
nnz                │ 2986               │ 3010              
Density            │ 8.13e-03           │ 8.20e-03          
Zero rows          │ 0                  │ 0                 
Zero cols          │ 0                  │ 0                 
Bandwidth          │ 10                 │ 10                
Symmetric          │ yes                │ yes               
Rank               │ 6                  │ 577               
Cond-no            │ 3.9e+34            │ 3.5e+19           
λmin/λmax          │ —                  │ —                 
Inertia            │ —                  │ —                 
b-min/max          │ -2.5e+03/1.5e+03   │ -2.5e+03/1.5e+03  
Σb                 │ -1.0e+03           │ -1.0e+03          
Top|b|             │ 157:-2.5e+03, 151:1.5e+03, 591:0.0e+00 │ 157:-2.5e+03, 151:1.5e+03, 591:0.0e+00

2025-07-07 19:50:17,344 [INFO] 🩺  Modified System diagnostics appended → \\mull.sms.ed.ac.uk\home\s1834431\Win7\Desktop\fem_model\post_processing\results\job_0003_2025-07-07_19-50-06-041508_pid76900_dd69aabc\diagnostics\DiagnoseLinearStaticSystem.log
--------------------------------------------------------------------------
### Condensed System

                   │ CURRENT            │ EVOLUTION         
Equations          │ 600                │ 606               
Dirichlet          │ 0                  │ 6                 
Eliminated         │ 0                  │ 6                 
Unknowns           │ 600                │ 594               
nnz                │ 2980               │ 3010              
Density            │ 8.28e-03           │ 8.20e-03          
Zero rows          │ 0                  │ 0                 
Zero cols          │ 0                  │ 0                 
Bandwidth          │ 10                 │ 10                
Symmetric          │ yes                │ yes               
Rank               │ 575                │ 577               
Cond-no            │ 2.1e+15            │ 3.5e+19           
λmin/λmax          │ —                  │ —                 
Inertia            │ —                  │ —                 
b-min/max          │ -2.5e+03/1.5e+03   │ -2.5e+03/1.5e+03  
Σb                 │ -1.0e+03           │ -1.0e+03          
Top|b|             │ 151:-2.5e+03, 145:1.5e+03, 591:0.0e+00 │ 157:-2.5e+03, 151:1.5e+03, 591:0.0e+00

2025-07-07 19:50:18,430 [INFO] 🩺  Condensed System diagnostics appended → \\mull.sms.ed.ac.uk\home\s1834431\Win7\Desktop\fem_model\post_processing\results\job_0003_2025-07-07_19-50-06-041508_pid76900_dd69aabc\diagnostics\DiagnoseLinearStaticSystem.log
