--------------------------------------------------------------------------
Machine specifications – written 2025-07-07 19:50:13.218064
OS          : Windows 11 (10.0.22631)
CPU         : 12th Gen Intel(R) Core(TM) i7-12700
   logical  : 20
   physical : 12
RAM         : 31.24 GB
Disk        : 3071.87 GB total  /  2258.40 GB free
Python      : 3.12.5  (C:\Users\s1834431\AppData\Local\Programs\Python\Python312\python.exe)
GPU(s)      : Intel(R) UHD Graphics 770
--------------------------------------------------------------------------

Runtime telemetry header written → \\mull.sms.ed.ac.uk\home\s1834431\Win7\Desktop\fem_model\post_processing\results\job_0003_2025-07-07_19-50-06-041508_pid76900_dd69aabc\diagnostics\RuntimeMonitorTelemetry.log
2025-07-07 19:50:13 │ PrepareLocalSystem BEGIN   │ Δt  0.00 s │ RAM   122.3 MB │ CPU   9.9 % │ Disk  813.5 GB
2025-07-07 19:50:14 │ PrepareLocalSystem END     │ Δt  0.78 s │ RAM   122.4 MB │ CPU   1.5 % │ Disk  813.5 GB
2025-07-07 19:50:14 │ AssembleGlobalSystem BEGIN │ Δt  0.21 s │ RAM   122.4 MB │ CPU   1.2 % │ Disk  813.5 GB
2025-07-07 19:50:15 │ AssembleGlobalSystem END   │ Δt  0.99 s │ RAM   123.9 MB │ CPU   3.2 % │ Disk  813.5 GB
2025-07-07 19:50:16 │ ModifyGlobalSystem BEGIN   │ Δt  0.87 s │ RAM   126.5 MB │ CPU   7.3 % │ Disk  813.5 GB
2025-07-07 19:50:16 │ ModifyGlobalSystem END     │ Δt  0.28 s │ RAM   126.9 MB │ CPU   5.4 % │ Disk  813.5 GB
2025-07-07 19:50:17 │ CondenseModifiedSystem BEGIN │ Δt  0.80 s │ RAM   126.9 MB │ CPU  11.0 % │ Disk  813.5 GB
2025-07-07 19:50:17 │ CondenseModifiedSystem END │ Δt  0.29 s │ RAM   127.2 MB │ CPU   2.4 % │ Disk  813.5 GB
2025-07-07 19:50:18 │ SolveCondensedSystem BEGIN │ Δt  0.81 s │ RAM   127.3 MB │ CPU  13.8 % │ Disk  813.5 GB
2025-07-07 19:50:20 │ SolveCondensedSystem END   │ Δt  1.96 s │ RAM   127.6 MB │ CPU   4.4 % │ Disk  813.5 GB
2025-07-07 19:50:20 │ ReconstructGlobalSystem BEGIN │ Δt  0.21 s │ RAM   127.6 MB │ CPU   1.6 % │ Disk  813.5 GB
2025-07-07 19:50:21 │ ReconstructGlobalSystem END │ Δt  0.25 s │ RAM   127.6 MB │ CPU   7.5 % │ Disk  813.5 GB
2025-07-07 19:50:21 │ ComputePrimaryResults BEGIN │ Δt  0.21 s │ RAM   127.6 MB │ CPU   5.8 % │ Disk  813.5 GB
2025-07-07 19:50:25 │ ComputePrimaryResults END  │ Δt  3.75 s │ RAM   127.6 MB │ CPU   7.9 % │ Disk  813.5 GB
