2025-05-18 00:15:20,015 - INFO - 🔧 Starting global matrix assembly...
2025-05-18 00:15:20,016 - DEBUG - This detailed log is written to the assembly.log file
2025-05-18 00:15:20,017 - INFO - Total DOFs: 12, Elements count: 1

DOF mappings per element:
Element 0: DOF mapping = [ 0  1  2  3  4  5  6  7  8  9 10 11]
2025-05-18 00:15:20,018 - INFO - 🔧 Assembling global stiffness matrix...
2025-05-18 00:15:20,018 - INFO - ✅ Stiffness matrix assembled.
2025-05-18 00:15:20,019 - INFO - 🔧 Assembling force vector...
2025-05-18 00:15:20,020 - INFO - ✅ Force vector assembled.

Full K_global Matrix:
            0           1           2           3           4           5           6           7           8           9           10          11
0   2.0000e+09  0.0000e+00  0.0000e+00  0.0000e+00  0.0000e+00  0.0000e+00 -2.0000e+09  0.0000e+00  0.0000e+00  0.0000e+00  0.0000e+00  0.0000e+00
1   0.0000e+00  2.2400e+09  0.0000e+00  0.0000e+00  0.0000e+00  1.2800e+09  0.0000e+00 -2.2400e+09  0.0000e+00  0.0000e+00  0.0000e+00  9.6000e+08
2   0.0000e+00  0.0000e+00  5.6001e+08  0.0000e+00 -3.2001e+08  0.0000e+00  0.0000e+00  0.0000e+00 -5.6001e+08  0.0000e+00 -2.4000e+08  0.0000e+00
3   0.0000e+00  0.0000e+00  0.0000e+00  6.5654e+05  0.0000e+00  0.0000e+00  0.0000e+00  0.0000e+00  0.0000e+00 -6.5654e+05  0.0000e+00  0.0000e+00
4   0.0000e+00  0.0000e+00 -3.2001e+08  0.0000e+00  1.8667e+08  0.0000e+00  0.0000e+00  0.0000e+00  3.2001e+08  0.0000e+00  1.3334e+08  0.0000e+00
5   0.0000e+00  1.2800e+09  0.0000e+00  0.0000e+00  0.0000e+00  7.4667e+08  0.0000e+00 -1.2800e+09  0.0000e+00  0.0000e+00  0.0000e+00  5.3334e+08
6  -2.0000e+09  0.0000e+00  0.0000e+00  0.0000e+00  0.0000e+00  0.0000e+00  2.0000e+09  0.0000e+00  0.0000e+00  0.0000e+00  0.0000e+00  0.0000e+00
7   0.0000e+00 -2.2400e+09  0.0000e+00  0.0000e+00  0.0000e+00 -1.2800e+09  0.0000e+00  2.2400e+09  0.0000e+00  0.0000e+00  0.0000e+00 -9.6000e+08
8   0.0000e+00  0.0000e+00 -5.6001e+08  0.0000e+00  3.2001e+08  0.0000e+00  0.0000e+00  0.0000e+00  5.6001e+08  0.0000e+00  2.4000e+08  0.0000e+00
9   0.0000e+00  0.0000e+00  0.0000e+00 -6.5654e+05  0.0000e+00  0.0000e+00  0.0000e+00  0.0000e+00  0.0000e+00  6.5654e+05  0.0000e+00  0.0000e+00
10  0.0000e+00  0.0000e+00 -2.4000e+08  0.0000e+00  1.3334e+08  0.0000e+00  0.0000e+00  0.0000e+00  2.4000e+08  0.0000e+00  1.0667e+08  0.0000e+00
11  0.0000e+00  9.6000e+08  0.0000e+00  0.0000e+00  0.0000e+00  5.3334e+08  0.0000e+00 -9.6000e+08  0.0000e+00  0.0000e+00  0.0000e+00  4.2667e+08

Full F_global Vector:
             Force
DOF 0   0.0000e+00
DOF 1   0.0000e+00
DOF 2   0.0000e+00
DOF 3   0.0000e+00
DOF 4   0.0000e+00
DOF 5   0.0000e+00
DOF 6   0.0000e+00
DOF 7  -1.0000e+05
DOF 8   0.0000e+00
DOF 9   0.0000e+00
DOF 10  0.0000e+00
DOF 11  0.0000e+00
2025-05-18 00:15:20,025 - INFO - ✅ Assembly complete.
