Machine Specifications:
   - OS: Windows 11 (10.0.22631)
       • Logical cores: 20
       • Physical cores: 12
   - RAM: 31.24 GB
   - Disk: 3071.87 GB total, 2256.84 GB free
   - Python Version: 3.12.5 (C:\Users\s1834431\AppData\Local\Programs\Python\Python312\python.exe)
   - GPU(s): Intel(R) UHD Graphics 770

Job: job_0001
Timestamp (job start): 2025-07-21_19-09-03-011754
Total Time: 19.45 sec

+-------------------------------+------------+---------------+-------------+-----------+
| Step                          |   Time (s) |   Memory (MB) |   Disk (GB) |   CPU (%) |
+===============================+============+===============+=============+===========+
| Parsing                       |   0.210559 |       65.1094 |     815.016 |         0 |
+-------------------------------+------------+---------------+-------------+-----------+
| Element Instantiation         |   1.44086  |       97.4922 |     815.016 |         0 |
+-------------------------------+------------+---------------+-------------+-----------+
| Element Stiffness Computation |   1.20225  |       97.9453 |     815.019 |         0 |
+-------------------------------+------------+---------------+-------------+-----------+
| Element Force Computation     |   0.485934 |       98      |     815.02  |         0 |
+-------------------------------+------------+---------------+-------------+-----------+
| Full Simulation               |  15.4637   |      128.164  |     815.035 |         0 |
+-------------------------------+------------+---------------+-------------+-----------+

Parallel Jobs: None
Start Memory: 64.82 MB | End Memory: 128.16 MB
Start Disk Usage: 815.02 GB | End Disk Usage: 815.03 GB
Start CPU: 0.00% | End CPU: 0.00%
