Machine Specifications:
   - OS: Windows 11 (10.0.22631)
   - CPU: 12th Gen Intel(R) Core(TM) i7-12700
       • Logical cores: 20
       • Physical cores: 12
   - RAM: 31.24 GB
   - Disk: 3071.87 GB total, 2261.10 GB free
   - Python Version: 3.12.5 (C:\Users\s1834431\AppData\Local\Programs\Python\Python312\python.exe)
   - GPU(s): Intel(R) UHD Graphics 770

Job: job_0004
Timestamp (job start): 2025-06-25_16-22-11-814393
Total Time: 13.90 sec

+-------------------------------+--------------+---------------+-------------+-----------+
| Step                          |     Time (s) |   Memory (MB) |   Disk (GB) |   CPU (%) |
+===============================+==============+===============+=============+===========+
| Parsing                       |  0.000335217 |       120.512 |     810.757 |         0 |
+-------------------------------+--------------+---------------+-------------+-----------+
| Element Instantiation         |  0.685528    |       121.031 |     810.757 |         0 |
+-------------------------------+--------------+---------------+-------------+-----------+
| Element Stiffness Computation |  1.13183     |       121.625 |     810.769 |         0 |
+-------------------------------+--------------+---------------+-------------+-----------+
| Element Force Computation     |  0.62113     |       121.879 |     810.77  |         0 |
+-------------------------------+--------------+---------------+-------------+-----------+
| Full Simulation               | 10.8128      |       127.852 |     810.778 |         0 |
+-------------------------------+--------------+---------------+-------------+-----------+

Parallel Jobs: job_0002, job_0001, job_0003, job_0006
Start Memory: 120.29 MB | End Memory: 127.85 MB
Start Disk Usage: 810.76 GB | End Disk Usage: 810.78 GB
Start CPU: 0.00% | End CPU: 0.00%
