Machine Specifications:
   - OS: Windows 11 (10.0.22631)
   - CPU: Intel64 Family 6 Model 151 Stepping 2, GenuineIntel (20 cores)
   - RAM: 31.24 GB
   - Python Version: 3.12.5

Job: job_0003
Timestamp (job start): 2025-03-07_16-25-51
Total Time: 2.28 sec

+-------------------------------+-------------+---------------+-------------+-----------+
| Step                          |    Time (s) |   Memory (MB) |   Disk (GB) |   CPU (%) |
+===============================+=============+===============+=============+===========+
| Parsing                       | 0.00953698  |       78.2812 |     752.523 |         0 |
+-------------------------------+-------------+---------------+-------------+-----------+
| Element Instantiation         | 0           |       78.3281 |     752.523 |         0 |
+-------------------------------+-------------+---------------+-------------+-----------+
| Element Stiffness Computation | 0.478409    |       78.5742 |     752.523 |         0 |
+-------------------------------+-------------+---------------+-------------+-----------+
| Element Force Computation     | 0.000507355 |       78.5781 |     752.523 |         0 |
+-------------------------------+-------------+---------------+-------------+-----------+
| Setup Simulation              | 0           |       78.6172 |     752.523 |         0 |
+-------------------------------+-------------+---------------+-------------+-----------+
| Assemble Global Matrices      | 0.010462    |       79.6719 |     752.523 |         0 |
+-------------------------------+-------------+---------------+-------------+-----------+
| Modify Global Matrices        | 0.0104973   |       79.8203 |     752.523 |         0 |
+-------------------------------+-------------+---------------+-------------+-----------+
| Solve Linear Static System    | 0.561871    |       94.1602 |     752.523 |         0 |
+-------------------------------+-------------+---------------+-------------+-----------+
| Compute Primary Results       | 0.00406718  |       94.2227 |     752.523 |         0 |
+-------------------------------+-------------+---------------+-------------+-----------+
| Save Primary Results          | 0.0762887   |       94.2695 |     752.524 |         0 |
+-------------------------------+-------------+---------------+-------------+-----------+

Parallel Jobs: None
Start Memory: 77.95 MB | End Memory: 94.27 MB
Start Disk Usage: 752.52 GB | End Disk Usage: 752.52 GB
Start CPU: 0.00% | End CPU: 0.00%
