Machine Specifications:
   - OS: Windows 10 (10.0.19045)
   - CPU: Intel64 Family 6 Model 94 Stepping 3, GenuineIntel (4 cores)
   - RAM: 15.96 GB
   - Python Version: 3.11.0

Job: job_0005
Timestamp (job start): 2025-04-08_17-27-17
Total Time: 3.15 sec

+-------------------------------+------------+---------------+-------------+-----------+
| Step                          |   Time (s) |   Memory (MB) |   Disk (GB) |   CPU (%) |
+===============================+============+===============+=============+===========+
| Parsing                       | 0.00199413 |       121.07  |     336.73  |         0 |
+-------------------------------+------------+---------------+-------------+-----------+
| Element Instantiation         | 0.023937   |       121.07  |     336.73  |         0 |
+-------------------------------+------------+---------------+-------------+-----------+
| Element Stiffness Computation | 1.05091    |       121.117 |     336.714 |         0 |
+-------------------------------+------------+---------------+-------------+-----------+
| Element Force Computation     | 0.496799   |       121.117 |     336.719 |         0 |
+-------------------------------+------------+---------------+-------------+-----------+
| Setup Simulation              | 0          |       121.117 |     336.719 |         0 |
+-------------------------------+------------+---------------+-------------+-----------+
| Assemble Global Matrices      | 0.0309567  |       121.629 |     336.719 |         0 |
+-------------------------------+------------+---------------+-------------+-----------+
| Modify Global Matrices        | 0.104148   |       121.637 |     336.72  |         0 |
+-------------------------------+------------+---------------+-------------+-----------+
| Solve Linear Static System    | 0.290473   |       124.777 |     336.721 |         0 |
+-------------------------------+------------+---------------+-------------+-----------+
| Compute Primary Results       | 0.00560355 |       124.777 |     336.721 |         0 |
+-------------------------------+------------+---------------+-------------+-----------+
| Save Primary Results          | 0.0168209  |       124.902 |     336.721 |         0 |
+-------------------------------+------------+---------------+-------------+-----------+

Parallel Jobs: job_0004, job_0007, job_0008
Start Memory: 121.04 MB | End Memory: 124.90 MB
Start Disk Usage: 336.73 GB | End Disk Usage: 336.72 GB
Start CPU: 0.00% | End CPU: 0.00%
