
------------------------------------------------------------
### Diagnostics for Global System
Total DOFs: 66
Independent Equations (nonzero rows): 66
Boundary Condition DOFs: None
⚠️ Matrix is NOT symmetric! Residual: 18
⚠️ K is not positive definite. Possibly singular or indefinite.
🔹 Approx. rank of K: 60/66
🔹 Condition Number: 6.95e+17
⚠️ DOFs with zero force: [0, 2, 3, 4, 5, 6, 8, 9, 10, 11]...
Min Force = -1.8600e+04, Max Force = 0.0000e+00
Sum of Forces = -1.0000e+05 (⚠️ Nonzero!)
Top DOFs by force magnitude:
  DOF 61, Force = -1.8600e+04
  DOF 55, Force = -1.7000e+04
  DOF 49, Force = -1.5000e+04
  DOF 43, Force = -1.3000e+04
  DOF 37, Force = -1.1000e+04
  DOF 31, Force = -9.0000e+03
  DOF 25, Force = -7.0000e+03
  DOF 19, Force = -5.0000e+03
  DOF 13, Force = -3.0000e+03
  DOF 7, Force = -1.0000e+03


------------------------------------------------------------
### Diagnostics for Modified System
Total DOFs: 66
Independent Equations (nonzero rows): 66
Boundary Condition DOFs: [0, 1, 2, 3, 4, 5]
⚠️ Matrix is NOT symmetric! Residual: 16
✅ K is positive definite.
🔹 Approx. rank of K: 6/66
🔹 Condition Number: 4.91e+30
⚠️ DOFs with zero force: [0, 1, 2, 3, 4, 5, 6, 8, 9, 10]...
Min Force = -1.8600e+04, Max Force = 0.0000e+00
Sum of Forces = -9.9600e+04 (⚠️ Nonzero!)
Top DOFs by force magnitude:
  DOF 61, Force = -1.8600e+04
  DOF 55, Force = -1.7000e+04
  DOF 49, Force = -1.5000e+04
  DOF 43, Force = -1.3000e+04
  DOF 37, Force = -1.1000e+04
  DOF 31, Force = -9.0000e+03
  DOF 25, Force = -7.0000e+03
  DOF 19, Force = -5.0000e+03
  DOF 13, Force = -3.0000e+03
  DOF 7, Force = -1.0000e+03


------------------------------------------------------------
### Diagnostics for Condensed System
Total DOFs: 60
Independent Equations (nonzero rows): 60
Boundary Condition DOFs: [0, 1, 2, 3, 4, 5]
⚠️ Matrix is NOT symmetric! Residual: 16
✅ K is positive definite.
🔹 Approx. rank of K: 60/60
🔹 Condition Number: 6.55e+07
⚠️ DOFs with zero force: [0, 2, 3, 4, 5, 6, 8, 9, 10, 11]...
Min Force = -1.8600e+04, Max Force = 0.0000e+00
Sum of Forces = -9.9600e+04 (⚠️ Nonzero!)
Top DOFs by force magnitude:
  DOF 55, Force = -1.8600e+04
  DOF 49, Force = -1.7000e+04
  DOF 43, Force = -1.5000e+04
  DOF 37, Force = -1.3000e+04
  DOF 31, Force = -1.1000e+04
  DOF 25, Force = -9.0000e+03
  DOF 19, Force = -7.0000e+03
  DOF 13, Force = -5.0000e+03
  DOF 7, Force = -3.0000e+03
  DOF 1, Force = -1.0000e+03

