Machine Specifications:
   - OS: Windows 11 (10.0.22631)
   - CPU: Intel64 Family 6 Model 151 Stepping 2, GenuineIntel (20 cores)
   - RAM: 31.24 GB
   - Python Version: 3.12.5

Job: job_0003
Timestamp (job start): 2025-05-06_15-47-57
Total Time: 4.18 sec

+-------------------------------+------------+---------------+-------------+-----------+
| Step                          |   Time (s) |   Memory (MB) |   Disk (GB) |   CPU (%) |
+===============================+============+===============+=============+===========+
| Parsing                       | 0.00853848 |       119.504 |     798.984 |         0 |
+-------------------------------+------------+---------------+-------------+-----------+
| Element Instantiation         | 0.00234509 |       119.566 |     798.984 |         0 |
+-------------------------------+------------+---------------+-------------+-----------+
| Element Stiffness Computation | 1.84034    |       119.848 |     798.991 |         0 |
+-------------------------------+------------+---------------+-------------+-----------+
| Element Force Computation     | 0.550418   |       119.879 |     798.992 |         0 |
+-------------------------------+------------+---------------+-------------+-----------+
| Setup Simulation              | 0          |       119.91  |     798.992 |         0 |
+-------------------------------+------------+---------------+-------------+-----------+
| Assemble Global Matrices      | 0.0393045  |       122     |     798.993 |         0 |
+-------------------------------+------------+---------------+-------------+-----------+
| Modify Global Matrices        | 0.0501354  |       122.57  |     798.993 |         0 |
+-------------------------------+------------+---------------+-------------+-----------+
| Solve Linear Static System    | 0.464551   |       136.945 |     798.993 |         0 |
+-------------------------------+------------+---------------+-------------+-----------+
| Compute Primary Results       | 0.00403261 |       136.953 |     798.994 |         0 |
+-------------------------------+------------+---------------+-------------+-----------+
| Save Primary Results          | 0.101961   |       137.035 |     798.994 |         0 |
+-------------------------------+------------+---------------+-------------+-----------+

Parallel Jobs: job_0007, job_0008, job_0009, job_0001
Start Memory: 119.40 MB | End Memory: 137.04 MB
Start Disk Usage: 798.98 GB | End Disk Usage: 798.99 GB
Start CPU: 0.00% | End CPU: 0.00%
