
------------------------------------------------------------
### Diagnostics for Global System
Total DOFs: 66
Independent Equations (nonzero rows): 66
Boundary Condition DOFs: None
⚠️ Matrix is NOT symmetric! Residual: 10
⚠️ K is not positive definite. Possibly singular or indefinite.
🔹 Approx. rank of K: 60/66
🔹 Condition Number: 3.01e+17
⚠️ DOFs with zero force: [0, 2, 3, 4, 5, 6, 8, 9, 10, 11]...
Min Force = -1.7320e+04, Max Force = 0.0000e+00
Sum of Forces = -6.6667e+04 (⚠️ Nonzero!)
Top DOFs by force magnitude:
  DOF 61, Force = -1.7320e+04
  DOF 55, Force = -1.4547e+04
  DOF 49, Force = -1.1347e+04
  DOF 43, Force = -8.5467e+03
  DOF 37, Force = -6.1467e+03
  DOF 31, Force = -4.1467e+03
  DOF 25, Force = -2.5467e+03
  DOF 19, Force = -1.3467e+03
  DOF 13, Force = -5.4667e+02
  DOF 7, Force = -1.4667e+02


------------------------------------------------------------
### Diagnostics for Modified System
Total DOFs: 66
Independent Equations (nonzero rows): 66
Boundary Condition DOFs: [0, 1, 2, 3, 4, 5]
⚠️ Matrix is NOT symmetric! Residual: 10
✅ K is positive definite.
🔹 Approx. rank of K: 6/66
🔹 Condition Number: 6.82e+29
⚠️ DOFs with zero force: [0, 1, 2, 3, 4, 5, 6, 8, 9, 10]...
Min Force = -1.7320e+04, Max Force = 0.0000e+00
Sum of Forces = -6.6640e+04 (⚠️ Nonzero!)
Top DOFs by force magnitude:
  DOF 61, Force = -1.7320e+04
  DOF 55, Force = -1.4547e+04
  DOF 49, Force = -1.1347e+04
  DOF 43, Force = -8.5467e+03
  DOF 37, Force = -6.1467e+03
  DOF 31, Force = -4.1467e+03
  DOF 25, Force = -2.5467e+03
  DOF 19, Force = -1.3467e+03
  DOF 13, Force = -5.4667e+02
  DOF 7, Force = -1.4667e+02


------------------------------------------------------------
### Diagnostics for Condensed System
Total DOFs: 60
Independent Equations (nonzero rows): 60
Boundary Condition DOFs: [0, 1, 2, 3, 4, 5]
⚠️ Matrix is NOT symmetric! Residual: 10
✅ K is positive definite.
🔹 Approx. rank of K: 60/60
🔹 Condition Number: 6.04e+07
⚠️ DOFs with zero force: [0, 2, 3, 4, 5, 6, 8, 9, 10, 11]...
Min Force = -1.7320e+04, Max Force = 0.0000e+00
Sum of Forces = -6.6640e+04 (⚠️ Nonzero!)
Top DOFs by force magnitude:
  DOF 55, Force = -1.7320e+04
  DOF 49, Force = -1.4547e+04
  DOF 43, Force = -1.1347e+04
  DOF 37, Force = -8.5467e+03
  DOF 31, Force = -6.1467e+03
  DOF 25, Force = -4.1467e+03
  DOF 19, Force = -2.5467e+03
  DOF 13, Force = -1.3467e+03
  DOF 7, Force = -5.4667e+02
  DOF 1, Force = -1.4667e+02

