Machine Specifications:
   - OS: Windows 11 (10.0.22631)
   - CPU: Intel64 Family 6 Model 151 Stepping 2, GenuineIntel (20 cores)
   - RAM: 31.24 GB
   - Python Version: 3.12.5

Job: job_0004
Timestamp (job start): 2025-02-24_09-43-07
Total Time: 2.27 sec

+-------------------------------+------------+---------------+-------------+-----------+
| Step                          |   Time (s) |   Memory (MB) |   Disk (GB) |   CPU (%) |
+===============================+============+===============+=============+===========+
| Parsing                       | 0.0109935  |       77.6953 |     737.974 |         0 |
+-------------------------------+------------+---------------+-------------+-----------+
| Element Instantiation         | 0.016665   |       77.7734 |     737.974 |         0 |
+-------------------------------+------------+---------------+-------------+-----------+
| Element Stiffness Computation | 0.237868   |       78.0781 |     737.974 |         0 |
+-------------------------------+------------+---------------+-------------+-----------+
| Element Force Computation     | 0.241226   |       78.1055 |     737.974 |         0 |
+-------------------------------+------------+---------------+-------------+-----------+
| Setup Simulation              | 0          |       78.1211 |     737.974 |         0 |
+-------------------------------+------------+---------------+-------------+-----------+
| Assemble Global Matrices      | 0.164585   |       78.3438 |     737.974 |         0 |
+-------------------------------+------------+---------------+-------------+-----------+
| Modify Global Matrices        | 0.00581479 |       78.4531 |     737.974 |         0 |
+-------------------------------+------------+---------------+-------------+-----------+
| Solve Linear Static System    | 0.321746   |       94.4844 |     737.974 |         0 |
+-------------------------------+------------+---------------+-------------+-----------+
| Compute Primary Results       | 0.066823   |       94.4961 |     737.974 |         0 |
+-------------------------------+------------+---------------+-------------+-----------+
| Save Primary Results          | 0.0798285  |       94.5    |     737.974 |         0 |
+-------------------------------+------------+---------------+-------------+-----------+

Parallel Jobs: job_0001
Start Memory: 77.16 MB | End Memory: 94.50 MB
Start Disk Usage: 737.97 GB | End Disk Usage: 737.97 GB
Start CPU: 0.00% | End CPU: 0.00%
