2025-05-06 15:47:54,535 - processing.static.boundary_conditions - INFO - 🔧 Applying fixed boundary conditions...
2025-05-06 15:47:54,536 - processing.static.boundary_conditions - INFO - 🔍 Fixed DOFs: [0 1 2 3 4 5]

🔍 Original K_global Matrix:
            0           1           2           3           4           5           6           7           8           9           10          11
0   2.0000e+09  0.0000e+00  0.0000e+00  0.0000e+00  0.0000e+00  0.0000e+00 -2.0000e+09  0.0000e+00  0.0000e+00  0.0000e+00  0.0000e+00  0.0000e+00
1   0.0000e+00  2.2400e+09  0.0000e+00  0.0000e+00  0.0000e+00  1.2800e+09  0.0000e+00 -2.2400e+09  0.0000e+00  0.0000e+00  0.0000e+00  9.6000e+08
2   0.0000e+00  0.0000e+00  5.6001e+08  0.0000e+00 -3.2001e+08  0.0000e+00  0.0000e+00  0.0000e+00 -5.6001e+08  0.0000e+00 -2.4000e+08  0.0000e+00
3   0.0000e+00  0.0000e+00  0.0000e+00  6.5654e+05  0.0000e+00  0.0000e+00  0.0000e+00  0.0000e+00  0.0000e+00 -6.5654e+05  0.0000e+00  0.0000e+00
4   0.0000e+00  0.0000e+00 -3.2001e+08  0.0000e+00  1.8667e+08  0.0000e+00  0.0000e+00  0.0000e+00  3.2001e+08  0.0000e+00  1.3334e+08  0.0000e+00
5   0.0000e+00  1.2800e+09  0.0000e+00  0.0000e+00  0.0000e+00  7.4667e+08  0.0000e+00 -1.2800e+09  0.0000e+00  0.0000e+00  0.0000e+00  5.3334e+08
6  -2.0000e+09  0.0000e+00  0.0000e+00  0.0000e+00  0.0000e+00  0.0000e+00  2.0000e+09  0.0000e+00  0.0000e+00  0.0000e+00  0.0000e+00  0.0000e+00
7   0.0000e+00 -2.2400e+09  0.0000e+00  0.0000e+00  0.0000e+00 -1.2800e+09  0.0000e+00  2.2400e+09  0.0000e+00  0.0000e+00  0.0000e+00 -9.6000e+08
8   0.0000e+00  0.0000e+00 -5.6001e+08  0.0000e+00  3.2001e+08  0.0000e+00  0.0000e+00  0.0000e+00  5.6001e+08  0.0000e+00  2.4000e+08  0.0000e+00
9   0.0000e+00  0.0000e+00  0.0000e+00 -6.5654e+05  0.0000e+00  0.0000e+00  0.0000e+00  0.0000e+00  0.0000e+00  6.5654e+05  0.0000e+00  0.0000e+00
10  0.0000e+00  0.0000e+00 -2.4000e+08  0.0000e+00  1.3334e+08  0.0000e+00  0.0000e+00  0.0000e+00  2.4000e+08  0.0000e+00  1.0667e+08  0.0000e+00
11  0.0000e+00  9.6000e+08  0.0000e+00  0.0000e+00  0.0000e+00  5.3334e+08  0.0000e+00 -9.6000e+08  0.0000e+00  0.0000e+00  0.0000e+00  4.2667e+08

🔍 Original F_global Vector:
             Force
DOF 0   0.0000e+00
DOF 1   0.0000e+00
DOF 2   0.0000e+00
DOF 3   0.0000e+00
DOF 4   0.0000e+00
DOF 5   0.0000e+00
DOF 6   0.0000e+00
DOF 7  -1.0000e+05
DOF 8   0.0000e+00
DOF 9   0.0000e+00
DOF 10  0.0000e+00
DOF 11  0.0000e+00
2025-05-06 15:47:54,539 - processing.static.boundary_conditions - INFO - ✅ Fixed boundary conditions applied successfully.

🔍 Modified K_global Matrix:
           0          1          2          3          4          5          6           7          8          9          10          11
0  1.0000e+36 0.0000e+00 0.0000e+00 0.0000e+00 0.0000e+00 0.0000e+00 0.0000e+00  0.0000e+00 0.0000e+00 0.0000e+00 0.0000e+00  0.0000e+00
1  0.0000e+00 1.0000e+36 0.0000e+00 0.0000e+00 0.0000e+00 0.0000e+00 0.0000e+00  0.0000e+00 0.0000e+00 0.0000e+00 0.0000e+00  0.0000e+00
2  0.0000e+00 0.0000e+00 1.0000e+36 0.0000e+00 0.0000e+00 0.0000e+00 0.0000e+00  0.0000e+00 0.0000e+00 0.0000e+00 0.0000e+00  0.0000e+00
3  0.0000e+00 0.0000e+00 0.0000e+00 1.0000e+36 0.0000e+00 0.0000e+00 0.0000e+00  0.0000e+00 0.0000e+00 0.0000e+00 0.0000e+00  0.0000e+00
4  0.0000e+00 0.0000e+00 0.0000e+00 0.0000e+00 1.0000e+36 0.0000e+00 0.0000e+00  0.0000e+00 0.0000e+00 0.0000e+00 0.0000e+00  0.0000e+00
5  0.0000e+00 0.0000e+00 0.0000e+00 0.0000e+00 0.0000e+00 1.0000e+36 0.0000e+00  0.0000e+00 0.0000e+00 0.0000e+00 0.0000e+00  0.0000e+00
6  0.0000e+00 0.0000e+00 0.0000e+00 0.0000e+00 0.0000e+00 0.0000e+00 2.0000e+09  0.0000e+00 0.0000e+00 0.0000e+00 0.0000e+00  0.0000e+00
7  0.0000e+00 0.0000e+00 0.0000e+00 0.0000e+00 0.0000e+00 0.0000e+00 0.0000e+00  2.2400e+09 0.0000e+00 0.0000e+00 0.0000e+00 -9.6000e+08
8  0.0000e+00 0.0000e+00 0.0000e+00 0.0000e+00 0.0000e+00 0.0000e+00 0.0000e+00  0.0000e+00 5.6001e+08 0.0000e+00 2.4000e+08  0.0000e+00
9  0.0000e+00 0.0000e+00 0.0000e+00 0.0000e+00 0.0000e+00 0.0000e+00 0.0000e+00  0.0000e+00 0.0000e+00 6.5654e+05 0.0000e+00  0.0000e+00
10 0.0000e+00 0.0000e+00 0.0000e+00 0.0000e+00 0.0000e+00 0.0000e+00 0.0000e+00  0.0000e+00 2.4000e+08 0.0000e+00 1.0667e+08  0.0000e+00
11 0.0000e+00 0.0000e+00 0.0000e+00 0.0000e+00 0.0000e+00 0.0000e+00 0.0000e+00 -9.6000e+08 0.0000e+00 0.0000e+00 0.0000e+00  4.2667e+08

🔍 Modified F_global Vector:
             Force
DOF 0   0.0000e+00
DOF 1   0.0000e+00
DOF 2   0.0000e+00
DOF 3   0.0000e+00
DOF 4   0.0000e+00
DOF 5   0.0000e+00
DOF 6   0.0000e+00
DOF 7  -1.0000e+05
DOF 8   0.0000e+00
DOF 9   0.0000e+00
DOF 10  0.0000e+00
DOF 11  0.0000e+00
2025-05-06 15:47:55,146 - processing.static.boundary_conditions - INFO - 🔧 Applying fixed boundary conditions...
2025-05-06 15:47:55,147 - processing.static.boundary_conditions - INFO - 🔍 Fixed DOFs: [0 1 2 3 4 5]
2025-05-06 15:47:55,148 - processing.static.boundary_conditions - INFO - ✅ Fixed boundary conditions applied successfully.
