2025-05-06 15:47:54,045 - pre_processing.element_library.element_1D_base - DEBUG - Element Stiffness Matrix Computation (Element ID: 0)
2025-05-06 15:47:54,047 - pre_processing.element_library.element_1D_base - DEBUG - Element Length (L): 2.000000e+00, Jacobian determinant (detJ): 1.000000e+00
2025-05-06 15:47:54,048 - pre_processing.element_library.element_1D_base - DEBUG - Material Stiffness Matrix (D):
2025-05-06 15:47:54,048 - pre_processing.element_library.element_1D_base - DEBUG - [[ 4.000000e+09  0.000000e+00  0.000000e+00  0.000000e+00]
 [ 0.000000e+00  3.333400e+06  0.000000e+00 -0.000000e+00]
 [ 0.000000e+00  0.000000e+00  1.333340e+07  0.000000e+00]
 [ 0.000000e+00 -0.000000e+00  0.000000e+00  1.313076e+06]]
2025-05-06 15:47:54,051 - pre_processing.element_library.element_1D_base - DEBUG - 
----- Gauss Point 1/3 -----
2025-05-06 15:47:54,053 - pre_processing.element_library.element_1D_base - DEBUG - Natural Coordinate (xi): -7.745967e-01, Gauss Weight: 5.555556e-01
2025-05-06 15:47:54,053 - pre_processing.element_library.element_1D_base - DEBUG - Shape Function First Derivatives (dN_dxi):
2025-05-06 15:47:54,055 - pre_processing.element_library.element_1D_base - DEBUG - [[-0.5       0.        0.        0.        0.        0.      ]
 [ 0.        8.24758   0.        0.        0.        0.      ]
 [ 0.        0.        8.24758   0.        0.        0.      ]
 [ 0.        0.        0.       -0.5       0.        0.      ]
 [ 0.        0.        0.        0.       -5.898387  0.      ]
 [ 0.        0.        0.        0.        0.        5.898387]
 [ 0.5       0.        0.        0.        0.        0.      ]
 [ 0.       -8.24758   0.        0.        0.        0.      ]
 [ 0.        0.       -8.24758   0.        0.        0.      ]
 [ 0.        0.        0.        0.5       0.        0.      ]
 [ 0.        0.        0.        0.       -3.349193  0.      ]
 [ 0.        0.        0.        0.        0.        3.349193]]
2025-05-06 15:47:54,055 - pre_processing.element_library.element_1D_base - DEBUG - Shape Function Second Derivatives (d2N_dxi2):
2025-05-06 15:47:54,056 - pre_processing.element_library.element_1D_base - DEBUG - [[  0.        0.        0.        0.        0.        0.     ]
 [  0.      -15.29516   0.        0.        0.        0.     ]
 [  0.        0.      -15.29516   0.        0.        0.     ]
 [  0.        0.        0.        0.        0.        0.     ]
 [  0.        0.        0.        0.        8.64758   0.     ]
 [  0.        0.        0.        0.        0.       -8.64758]
 [  0.        0.        0.        0.        0.        0.     ]
 [  0.       15.29516   0.        0.        0.        0.     ]
 [  0.        0.       15.29516   0.        0.        0.     ]
 [  0.        0.        0.        0.        0.        0.     ]
 [  0.        0.        0.        0.        6.64758   0.     ]
 [  0.        0.        0.        0.        0.       -6.64758]]
2025-05-06 15:47:54,057 - pre_processing.element_library.element_1D_base - DEBUG - Strain-Displacement Matrix (B):
2025-05-06 15:47:54,058 - pre_processing.element_library.element_1D_base - DEBUG - [[ -0.5       0.        0.        0.        0.        0.        0.5
    0.        0.        0.        0.        0.     ]
 [  0.        0.      -15.29516   0.        8.64758   0.        0.
    0.       15.29516   0.        6.64758   0.     ]
 [  0.      -15.29516   0.        0.        0.       -8.64758   0.
   15.29516   0.        0.        0.       -6.64758]
 [  0.        0.        0.       -0.5       0.        0.        0.
    0.        0.        0.5       0.        0.     ]]
2025-05-06 15:47:54,058 - pre_processing.element_library.element_1D_base - DEBUG - Strain-Displacement Matrix Transpose (B.T):
2025-05-06 15:47:54,059 - pre_processing.element_library.element_1D_base - DEBUG - [[ -0.5       0.        0.        0.     ]
 [  0.        0.      -15.29516   0.     ]
 [  0.      -15.29516   0.        0.     ]
 [  0.        0.        0.       -0.5    ]
 [  0.        8.64758   0.        0.     ]
 [  0.        0.       -8.64758   0.     ]
 [  0.5       0.        0.        0.     ]
 [  0.        0.       15.29516   0.     ]
 [  0.       15.29516   0.        0.     ]
 [  0.        0.        0.        0.5    ]
 [  0.        6.64758   0.        0.     ]
 [  0.        0.       -6.64758   0.     ]]
2025-05-06 15:47:54,060 - pre_processing.element_library.element_1D_base - DEBUG - Element Stiffness Matrix Contribution at Gauss Point:
2025-05-06 15:47:54,061 - pre_processing.element_library.element_1D_base - DEBUG - [[ 5.555556e+08  0.000000e+00  0.000000e+00  0.000000e+00  0.000000e+00
   0.000000e+00 -5.555556e+08  0.000000e+00  0.000000e+00  0.000000e+00
   0.000000e+00  0.000000e+00]
 [ 0.000000e+00  1.732912e+09  0.000000e+00  0.000000e+00  0.000000e+00
   9.797539e+08  0.000000e+00 -1.732912e+09  0.000000e+00  0.000000e+00
   0.000000e+00  7.531578e+08]
 [ 0.000000e+00  0.000000e+00  4.332344e+08  0.000000e+00 -2.449422e+08
   0.000000e+00  0.000000e+00  0.000000e+00 -4.332344e+08  0.000000e+00
  -1.882923e+08  0.000000e+00]
 [ 0.000000e+00  0.000000e+00  0.000000e+00  1.823716e+05  0.000000e+00
   0.000000e+00  0.000000e+00  0.000000e+00  0.000000e+00 -1.823716e+05
   0.000000e+00  0.000000e+00]
 [ 0.000000e+00  0.000000e+00 -2.449422e+08  0.000000e+00  1.384854e+08
   0.000000e+00  0.000000e+00  0.000000e+00  2.449422e+08  0.000000e+00
   1.064567e+08  0.000000e+00]
 [ 0.000000e+00  9.797539e+08  0.000000e+00  0.000000e+00  0.000000e+00
   5.539334e+08  0.000000e+00 -9.797539e+08  0.000000e+00  0.000000e+00
   0.000000e+00  4.258205e+08]
 [-5.555556e+08  0.000000e+00  0.000000e+00  0.000000e+00  0.000000e+00
   0.000000e+00  5.555556e+08  0.000000e+00  0.000000e+00  0.000000e+00
   0.000000e+00  0.000000e+00]
 [ 0.000000e+00 -1.732912e+09  0.000000e+00  0.000000e+00  0.000000e+00
  -9.797539e+08  0.000000e+00  1.732912e+09  0.000000e+00  0.000000e+00
   0.000000e+00 -7.531578e+08]
 [ 0.000000e+00  0.000000e+00 -4.332344e+08  0.000000e+00  2.449422e+08
   0.000000e+00  0.000000e+00  0.000000e+00  4.332344e+08  0.000000e+00
   1.882923e+08  0.000000e+00]
 [ 0.000000e+00  0.000000e+00  0.000000e+00 -1.823716e+05  0.000000e+00
   0.000000e+00  0.000000e+00  0.000000e+00  0.000000e+00  1.823716e+05
   0.000000e+00  0.000000e+00]
 [ 0.000000e+00  0.000000e+00 -1.882923e+08  0.000000e+00  1.064567e+08
   0.000000e+00  0.000000e+00  0.000000e+00  1.882923e+08  0.000000e+00
   8.183556e+07  0.000000e+00]
 [ 0.000000e+00  7.531578e+08  0.000000e+00  0.000000e+00  0.000000e+00
   4.258205e+08  0.000000e+00 -7.531578e+08  0.000000e+00  0.000000e+00
   0.000000e+00  3.273373e+08]]
2025-05-06 15:47:54,062 - pre_processing.element_library.element_1D_base - DEBUG - 
2025-05-06 15:47:54,063 - pre_processing.element_library.element_1D_base - DEBUG - 
----- Gauss Point 2/3 -----
2025-05-06 15:47:54,064 - pre_processing.element_library.element_1D_base - DEBUG - Natural Coordinate (xi): 0.000000e+00, Gauss Weight: 8.888889e-01
2025-05-06 15:47:54,065 - pre_processing.element_library.element_1D_base - DEBUG - Shape Function First Derivatives (dN_dxi):
2025-05-06 15:47:54,066 - pre_processing.element_library.element_1D_base - DEBUG - [[-0.5  0.   0.   0.   0.   0. ]
 [ 0.   0.   0.   0.   0.   0. ]
 [ 0.   0.   0.   0.   0.   0. ]
 [ 0.   0.   0.  -0.5  0.   0. ]
 [ 0.   0.   0.   0.  -1.   0. ]
 [ 0.   0.   0.   0.   0.   1. ]
 [ 0.5  0.   0.   0.   0.   0. ]
 [ 0.   0.   0.   0.   0.   0. ]
 [ 0.   0.   0.   0.   0.   0. ]
 [ 0.   0.   0.   0.5  0.   0. ]
 [ 0.   0.   0.   0.  -0.   0. ]
 [ 0.   0.   0.   0.   0.   0. ]]
2025-05-06 15:47:54,066 - pre_processing.element_library.element_1D_base - DEBUG - Shape Function Second Derivatives (d2N_dxi2):
2025-05-06 15:47:54,067 - pre_processing.element_library.element_1D_base - DEBUG - [[ 0.  0.  0.  0.  0.  0.]
 [ 0. -6.  0.  0.  0.  0.]
 [ 0.  0. -6.  0.  0.  0.]
 [ 0.  0.  0.  0.  0.  0.]
 [ 0.  0.  0.  0.  4.  0.]
 [ 0.  0.  0.  0.  0. -4.]
 [ 0.  0.  0.  0.  0.  0.]
 [ 0.  6.  0.  0.  0.  0.]
 [ 0.  0.  6.  0.  0.  0.]
 [ 0.  0.  0.  0.  0.  0.]
 [ 0.  0.  0.  0.  2.  0.]
 [ 0.  0.  0.  0.  0. -2.]]
2025-05-06 15:47:54,068 - pre_processing.element_library.element_1D_base - DEBUG - Strain-Displacement Matrix (B):
2025-05-06 15:47:54,070 - pre_processing.element_library.element_1D_base - DEBUG - [[-0.5  0.   0.   0.   0.   0.   0.5  0.   0.   0.   0.   0. ]
 [ 0.   0.  -6.   0.   4.   0.   0.   0.   6.   0.   2.   0. ]
 [ 0.  -6.   0.   0.   0.  -4.   0.   6.   0.   0.   0.  -2. ]
 [ 0.   0.   0.  -0.5  0.   0.   0.   0.   0.   0.5  0.   0. ]]
2025-05-06 15:47:54,070 - pre_processing.element_library.element_1D_base - DEBUG - Strain-Displacement Matrix Transpose (B.T):
2025-05-06 15:47:54,071 - pre_processing.element_library.element_1D_base - DEBUG - [[-0.5  0.   0.   0. ]
 [ 0.   0.  -6.   0. ]
 [ 0.  -6.   0.   0. ]
 [ 0.   0.   0.  -0.5]
 [ 0.   4.   0.   0. ]
 [ 0.   0.  -4.   0. ]
 [ 0.5  0.   0.   0. ]
 [ 0.   0.   6.   0. ]
 [ 0.   6.   0.   0. ]
 [ 0.   0.   0.   0.5]
 [ 0.   2.   0.   0. ]
 [ 0.   0.  -2.   0. ]]
2025-05-06 15:47:54,072 - pre_processing.element_library.element_1D_base - DEBUG - Element Stiffness Matrix Contribution at Gauss Point:
2025-05-06 15:47:54,074 - pre_processing.element_library.element_1D_base - DEBUG - [[ 8.888889e+08  0.000000e+00  0.000000e+00  0.000000e+00  0.000000e+00
   0.000000e+00 -8.888889e+08  0.000000e+00  0.000000e+00  0.000000e+00
   0.000000e+00  0.000000e+00]
 [ 0.000000e+00  4.266688e+08  0.000000e+00  0.000000e+00  0.000000e+00
   2.844459e+08  0.000000e+00 -4.266688e+08  0.000000e+00  0.000000e+00
   0.000000e+00  1.422229e+08]
 [ 0.000000e+00  0.000000e+00  1.066688e+08  0.000000e+00 -7.111253e+07
   0.000000e+00  0.000000e+00  0.000000e+00 -1.066688e+08  0.000000e+00
  -3.555627e+07  0.000000e+00]
 [ 0.000000e+00  0.000000e+00  0.000000e+00  2.917946e+05  0.000000e+00
   0.000000e+00  0.000000e+00  0.000000e+00  0.000000e+00 -2.917946e+05
   0.000000e+00  0.000000e+00]
 [ 0.000000e+00  0.000000e+00 -7.111253e+07  0.000000e+00  4.740836e+07
   0.000000e+00  0.000000e+00  0.000000e+00  7.111253e+07  0.000000e+00
   2.370418e+07  0.000000e+00]
 [ 0.000000e+00  2.844459e+08  0.000000e+00  0.000000e+00  0.000000e+00
   1.896306e+08  0.000000e+00 -2.844459e+08  0.000000e+00  0.000000e+00
   0.000000e+00  9.481529e+07]
 [-8.888889e+08  0.000000e+00  0.000000e+00  0.000000e+00  0.000000e+00
   0.000000e+00  8.888889e+08  0.000000e+00  0.000000e+00  0.000000e+00
   0.000000e+00  0.000000e+00]
 [ 0.000000e+00 -4.266688e+08  0.000000e+00  0.000000e+00  0.000000e+00
  -2.844459e+08  0.000000e+00  4.266688e+08  0.000000e+00  0.000000e+00
   0.000000e+00 -1.422229e+08]
 [ 0.000000e+00  0.000000e+00 -1.066688e+08  0.000000e+00  7.111253e+07
   0.000000e+00  0.000000e+00  0.000000e+00  1.066688e+08  0.000000e+00
   3.555627e+07  0.000000e+00]
 [ 0.000000e+00  0.000000e+00  0.000000e+00 -2.917946e+05  0.000000e+00
   0.000000e+00  0.000000e+00  0.000000e+00  0.000000e+00  2.917946e+05
   0.000000e+00  0.000000e+00]
 [ 0.000000e+00  0.000000e+00 -3.555627e+07  0.000000e+00  2.370418e+07
   0.000000e+00  0.000000e+00  0.000000e+00  3.555627e+07  0.000000e+00
   1.185209e+07  0.000000e+00]
 [ 0.000000e+00  1.422229e+08  0.000000e+00  0.000000e+00  0.000000e+00
   9.481529e+07  0.000000e+00 -1.422229e+08  0.000000e+00  0.000000e+00
   0.000000e+00  4.740764e+07]]
2025-05-06 15:47:54,074 - pre_processing.element_library.element_1D_base - DEBUG - 
2025-05-06 15:47:54,075 - pre_processing.element_library.element_1D_base - DEBUG - 
----- Gauss Point 3/3 -----
2025-05-06 15:47:54,076 - pre_processing.element_library.element_1D_base - DEBUG - Natural Coordinate (xi): 7.745967e-01, Gauss Weight: 5.555556e-01
2025-05-06 15:47:54,076 - pre_processing.element_library.element_1D_base - DEBUG - Shape Function First Derivatives (dN_dxi):
2025-05-06 15:47:54,077 - pre_processing.element_library.element_1D_base - DEBUG - [[-0.5       0.        0.        0.        0.        0.      ]
 [ 0.       -1.04758   0.        0.        0.        0.      ]
 [ 0.        0.       -1.04758   0.        0.        0.      ]
 [ 0.        0.        0.       -0.5       0.        0.      ]
 [ 0.        0.        0.        0.        0.298387  0.      ]
 [ 0.        0.        0.        0.        0.       -0.298387]
 [ 0.5       0.        0.        0.        0.        0.      ]
 [ 0.        1.04758   0.        0.        0.        0.      ]
 [ 0.        0.        1.04758   0.        0.        0.      ]
 [ 0.        0.        0.        0.5       0.        0.      ]
 [ 0.        0.        0.        0.       -0.250807  0.      ]
 [ 0.        0.        0.        0.        0.        0.250807]]
2025-05-06 15:47:54,078 - pre_processing.element_library.element_1D_base - DEBUG - Shape Function Second Derivatives (d2N_dxi2):
2025-05-06 15:47:54,079 - pre_processing.element_library.element_1D_base - DEBUG - [[ 0.       0.       0.       0.       0.       0.     ]
 [ 0.       3.29516  0.       0.       0.       0.     ]
 [ 0.       0.       3.29516  0.       0.       0.     ]
 [ 0.       0.       0.       0.       0.       0.     ]
 [ 0.       0.       0.       0.      -0.64758  0.     ]
 [ 0.       0.       0.       0.       0.       0.64758]
 [ 0.       0.       0.       0.       0.       0.     ]
 [ 0.      -3.29516  0.       0.       0.       0.     ]
 [ 0.       0.      -3.29516  0.       0.       0.     ]
 [ 0.       0.       0.       0.       0.       0.     ]
 [ 0.       0.       0.       0.      -2.64758  0.     ]
 [ 0.       0.       0.       0.       0.       2.64758]]
2025-05-06 15:47:54,079 - pre_processing.element_library.element_1D_base - DEBUG - Strain-Displacement Matrix (B):
2025-05-06 15:47:54,080 - pre_processing.element_library.element_1D_base - DEBUG - [[-0.5      0.       0.       0.       0.       0.       0.5      0.
   0.       0.       0.       0.     ]
 [ 0.       0.       3.29516  0.      -0.64758  0.       0.       0.
  -3.29516  0.      -2.64758  0.     ]
 [ 0.       3.29516  0.       0.       0.       0.64758  0.      -3.29516
   0.       0.       0.       2.64758]
 [ 0.       0.       0.      -0.5      0.       0.       0.       0.
   0.       0.5      0.       0.     ]]
2025-05-06 15:47:54,081 - pre_processing.element_library.element_1D_base - DEBUG - Strain-Displacement Matrix Transpose (B.T):
2025-05-06 15:47:54,081 - pre_processing.element_library.element_1D_base - DEBUG - [[-0.5      0.       0.       0.     ]
 [ 0.       0.       3.29516  0.     ]
 [ 0.       3.29516  0.       0.     ]
 [ 0.       0.       0.      -0.5    ]
 [ 0.      -0.64758  0.       0.     ]
 [ 0.       0.       0.64758  0.     ]
 [ 0.5      0.       0.       0.     ]
 [ 0.       0.      -3.29516  0.     ]
 [ 0.      -3.29516  0.       0.     ]
 [ 0.       0.       0.       0.5    ]
 [ 0.      -2.64758  0.       0.     ]
 [ 0.       0.       2.64758  0.     ]]
2025-05-06 15:47:54,082 - pre_processing.element_library.element_1D_base - DEBUG - Element Stiffness Matrix Contribution at Gauss Point:
2025-05-06 15:47:54,083 - pre_processing.element_library.element_1D_base - DEBUG - [[ 5.555556e+08  0.000000e+00  0.000000e+00  0.000000e+00  0.000000e+00
   0.000000e+00 -5.555556e+08  0.000000e+00  0.000000e+00  0.000000e+00
   0.000000e+00  0.000000e+00]
 [ 0.000000e+00  8.043062e+07  0.000000e+00  0.000000e+00  0.000000e+00
   1.580660e+07  0.000000e+00 -8.043062e+07  0.000000e+00  0.000000e+00
   0.000000e+00  6.462403e+07]
 [ 0.000000e+00  0.000000e+00  2.010796e+07  0.000000e+00 -3.951708e+06
   0.000000e+00  0.000000e+00  0.000000e+00 -2.010796e+07  0.000000e+00
  -1.615625e+07  0.000000e+00]
 [ 0.000000e+00  0.000000e+00  0.000000e+00  1.823716e+05  0.000000e+00
   0.000000e+00  0.000000e+00  0.000000e+00  0.000000e+00 -1.823716e+05
   0.000000e+00  0.000000e+00]
 [ 0.000000e+00  0.000000e+00 -3.951708e+06  0.000000e+00  7.766079e+05
   0.000000e+00  0.000000e+00  0.000000e+00  3.951708e+06  0.000000e+00
   3.175100e+06  0.000000e+00]
 [ 0.000000e+00  1.580660e+07  0.000000e+00  0.000000e+00  0.000000e+00
   3.106385e+06  0.000000e+00 -1.580660e+07  0.000000e+00  0.000000e+00
   0.000000e+00  1.270021e+07]
 [-5.555556e+08  0.000000e+00  0.000000e+00  0.000000e+00  0.000000e+00
   0.000000e+00  5.555556e+08  0.000000e+00  0.000000e+00  0.000000e+00
   0.000000e+00  0.000000e+00]
 [ 0.000000e+00 -8.043062e+07  0.000000e+00  0.000000e+00  0.000000e+00
  -1.580660e+07  0.000000e+00  8.043062e+07  0.000000e+00  0.000000e+00
   0.000000e+00 -6.462403e+07]
 [ 0.000000e+00  0.000000e+00 -2.010796e+07  0.000000e+00  3.951708e+06
   0.000000e+00  0.000000e+00  0.000000e+00  2.010796e+07  0.000000e+00
   1.615625e+07  0.000000e+00]
 [ 0.000000e+00  0.000000e+00  0.000000e+00 -1.823716e+05  0.000000e+00
   0.000000e+00  0.000000e+00  0.000000e+00  0.000000e+00  1.823716e+05
   0.000000e+00  0.000000e+00]
 [ 0.000000e+00  0.000000e+00 -1.615625e+07  0.000000e+00  3.175100e+06
   0.000000e+00  0.000000e+00  0.000000e+00  1.615625e+07  0.000000e+00
   1.298115e+07  0.000000e+00]
 [ 0.000000e+00  6.462403e+07  0.000000e+00  0.000000e+00  0.000000e+00
   1.270021e+07  0.000000e+00 -6.462403e+07  0.000000e+00  0.000000e+00
   0.000000e+00  5.192381e+07]]
2025-05-06 15:47:54,084 - pre_processing.element_library.element_1D_base - DEBUG - 
2025-05-06 15:47:54,085 - pre_processing.element_library.element_1D_base - DEBUG - 
===== Final Element Stiffness Matrix (Ke) =====
2025-05-06 15:47:54,086 - pre_processing.element_library.element_1D_base - DEBUG - [[ 2.000000e+09  0.000000e+00  0.000000e+00  0.000000e+00  0.000000e+00
   0.000000e+00 -2.000000e+09  0.000000e+00  0.000000e+00  0.000000e+00
   0.000000e+00  0.000000e+00]
 [ 0.000000e+00  2.240011e+09  0.000000e+00  0.000000e+00  0.000000e+00
   1.280006e+09  0.000000e+00 -2.240011e+09  0.000000e+00  0.000000e+00
   0.000000e+00  9.600048e+08]
 [ 0.000000e+00  0.000000e+00  5.600112e+08  0.000000e+00 -3.200064e+08
   0.000000e+00  0.000000e+00  0.000000e+00 -5.600112e+08  0.000000e+00
  -2.400048e+08  0.000000e+00]
 [ 0.000000e+00  0.000000e+00  0.000000e+00  6.565378e+05  0.000000e+00
   0.000000e+00  0.000000e+00  0.000000e+00  0.000000e+00 -6.565378e+05
   0.000000e+00  0.000000e+00]
 [ 0.000000e+00  0.000000e+00 -3.200064e+08  0.000000e+00  1.866704e+08
   0.000000e+00  0.000000e+00  0.000000e+00  3.200064e+08  0.000000e+00
   1.333360e+08  0.000000e+00]
 [ 0.000000e+00  1.280006e+09  0.000000e+00  0.000000e+00  0.000000e+00
   7.466704e+08  0.000000e+00 -1.280006e+09  0.000000e+00  0.000000e+00
   0.000000e+00  5.333360e+08]
 [-2.000000e+09  0.000000e+00  0.000000e+00  0.000000e+00  0.000000e+00
   0.000000e+00  2.000000e+09  0.000000e+00  0.000000e+00  0.000000e+00
   0.000000e+00  0.000000e+00]
 [ 0.000000e+00 -2.240011e+09  0.000000e+00  0.000000e+00  0.000000e+00
  -1.280006e+09  0.000000e+00  2.240011e+09  0.000000e+00  0.000000e+00
   0.000000e+00 -9.600048e+08]
 [ 0.000000e+00  0.000000e+00 -5.600112e+08  0.000000e+00  3.200064e+08
   0.000000e+00  0.000000e+00  0.000000e+00  5.600112e+08  0.000000e+00
   2.400048e+08  0.000000e+00]
 [ 0.000000e+00  0.000000e+00  0.000000e+00 -6.565378e+05  0.000000e+00
   0.000000e+00  0.000000e+00  0.000000e+00  0.000000e+00  6.565378e+05
   0.000000e+00  0.000000e+00]
 [ 0.000000e+00  0.000000e+00 -2.400048e+08  0.000000e+00  1.333360e+08
   0.000000e+00  0.000000e+00  0.000000e+00  2.400048e+08  0.000000e+00
   1.066688e+08  0.000000e+00]
 [ 0.000000e+00  9.600048e+08  0.000000e+00  0.000000e+00  0.000000e+00
   5.333360e+08  0.000000e+00 -9.600048e+08  0.000000e+00  0.000000e+00
   0.000000e+00  4.266688e+08]]
2025-05-06 15:47:54,191 - pre_processing.element_library.element_1D_base - DEBUG - Element Force Vector Computation (Element ID: 0)
2025-05-06 15:47:54,193 - pre_processing.element_library.element_1D_base - DEBUG - Element Length: 2.000000e+00 m
2025-05-06 15:47:54,194 - pre_processing.element_library.element_1D_base - DEBUG - 
Point Load at x_p = 2.000000e+00 (xi_p = 1.000000e+00)
2025-05-06 15:47:54,196 - pre_processing.element_library.element_1D_base - DEBUG - Load Vector: [      0. -100000.       0.       0.       0.       0.]
2025-05-06 15:47:54,197 - pre_processing.element_library.element_1D_base - DEBUG - Shape Functions:
2025-05-06 15:47:54,199 - pre_processing.element_library.element_1D_base - DEBUG - [[ 0.  0.  0.  0.  0.  0.]
 [ 0.  0.  0.  0.  0.  0.]
 [ 0.  0.  0.  0.  0.  0.]
 [ 0.  0.  0.  0.  0.  0.]
 [ 0.  0.  0.  0. -0.  0.]
 [ 0.  0.  0.  0.  0.  0.]
 [ 1.  0.  0.  0.  0.  0.]
 [ 0.  1.  0.  0.  0.  0.]
 [ 0.  0.  1.  0.  0.  0.]
 [ 0.  0.  0.  1.  0.  0.]
 [ 0.  0.  0.  0. -0.  0.]
 [ 0.  0.  0.  0.  0.  0.]]
2025-05-06 15:47:54,201 - pre_processing.element_library.element_1D_base - DEBUG - Translational Contribution:
2025-05-06 15:47:54,203 - pre_processing.element_library.element_1D_base - DEBUG - [[      0.       0.       0.       0. -100000.       0.]]
2025-05-06 15:47:54,204 - pre_processing.element_library.element_1D_base - DEBUG - Rotational Contribution:
2025-05-06 15:47:54,206 - pre_processing.element_library.element_1D_base - DEBUG - [[0. 0. 0. 0. 0. 0.]]
2025-05-06 15:47:54,207 - pre_processing.element_library.element_1D_base - DEBUG - 
===== Final Element Force Vector =====
2025-05-06 15:47:54,209 - pre_processing.element_library.element_1D_base - DEBUG - [[      0.       0.       0.       0.       0.       0.       0. -100000.
        0.       0.       0.       0.]]
