Machine Specifications:
   - OS: Windows 11 (10.0.22631)
   - CPU: Intel64 Family 6 Model 151 Stepping 2, GenuineIntel (20 cores)
   - RAM: 31.24 GB
   - Python Version: 3.12.5

Job: job_0007
Timestamp (job start): 2025-05-06_15-47-55
Total Time: 1.71 sec

+-------------------------------+------------+---------------+-------------+-----------+
| Step                          |   Time (s) |   Memory (MB) |   Disk (GB) |   CPU (%) |
+===============================+============+===============+=============+===========+
| Parsing                       | 0.00955391 |       119.68  |     798.984 |         0 |
+-------------------------------+------------+---------------+-------------+-----------+
| Element Instantiation         | 0          |       119.711 |     798.984 |         0 |
+-------------------------------+------------+---------------+-------------+-----------+
| Element Stiffness Computation | 0.0439365  |       119.945 |     798.984 |         0 |
+-------------------------------+------------+---------------+-------------+-----------+
| Element Force Computation     | 0.0210187  |       119.977 |     798.985 |         0 |
+-------------------------------+------------+---------------+-------------+-----------+
| Setup Simulation              | 0          |       120.004 |     798.985 |         0 |
+-------------------------------+------------+---------------+-------------+-----------+
| Assemble Global Matrices      | 0.0171583  |       120.695 |     798.986 |         0 |
+-------------------------------+------------+---------------+-------------+-----------+
| Modify Global Matrices        | 0.016237   |       120.816 |     798.986 |         0 |
+-------------------------------+------------+---------------+-------------+-----------+
| Solve Linear Static System    | 0.393099   |       138.785 |     798.988 |         0 |
+-------------------------------+------------+---------------+-------------+-----------+
| Compute Primary Results       | 0.00302148 |       138.793 |     798.989 |         0 |
+-------------------------------+------------+---------------+-------------+-----------+
| Save Primary Results          | 0.080569   |       138.805 |     798.989 |         0 |
+-------------------------------+------------+---------------+-------------+-----------+

Parallel Jobs: None
Start Memory: 119.59 MB | End Memory: 138.80 MB
Start Disk Usage: 798.98 GB | End Disk Usage: 798.99 GB
Start CPU: 0.00% | End CPU: 0.00%
