--------------------------------------------------------------------------
### Global System

                   │ CURRENT            │ EVOLUTION         
Equations          │ 606                │ 606               
Dirichlet          │ 0                  │ 0                 
Eliminated         │ 0                  │ 0                 
Unknowns           │ 606                │ 606               
nnz                │ 1204               │ 1204              
Density            │ 3.28e-03           │ 3.28e-03          
Zero rows          │ 202                │ 202               
Zero cols          │ 202                │ 202               
Bandwidth          │ 6                  │ 6                 
Symmetric          │ yes                │ yes               
Rank               │ 400                │ 400               
Cond-no            │ inf                │ inf               
λmin/λmax          │ —                  │ —                 
Inertia            │ —                  │ —                 
b-min/max          │ -1.0e+05/0.0e+00   │ -1.0e+05/0.0e+00  
Σb                 │ -1.0e+05           │ -1.0e+05          
Top|b|             │ 601:-1.0e+05, 592:0.0e+00, 591:0.0e+00 │ 601:-1.0e+05, 592:0.0e+00, 591:0.0e+00

2025-06-18 15:55:41,301 [INFO] 🩺  Global System diagnostics appended → \\mull.sms.ed.ac.uk\home\s1834431\Win7\Desktop\fem_model\post_processing\results\job_0010_2025-06-18_15-55-33-609233_pid33080_baace790\diagnostics\DiagnoseLinearStaticSystem.log
--------------------------------------------------------------------------
### Modified System

                   │ CURRENT            │ EVOLUTION         
Equations          │ 606                │ 606               
Dirichlet          │ 0                  │ 6                 
Eliminated         │ 0                  │ 0                 
Unknowns           │ 606                │ 600               
nnz                │ 1198               │ 1204              
Density            │ 3.26e-03           │ 3.28e-03          
Zero rows          │ 200                │ 202               
Zero cols          │ 200                │ 202               
Bandwidth          │ 6                  │ 6                 
Symmetric          │ yes                │ yes               
Rank               │ 6                  │ 400               
Cond-no            │ inf                │ inf               
λmin/λmax          │ —                  │ —                 
Inertia            │ —                  │ —                 
b-min/max          │ -1.0e+05/0.0e+00   │ -1.0e+05/0.0e+00  
Σb                 │ -1.0e+05           │ -1.0e+05          
Top|b|             │ 601:-1.0e+05, 592:0.0e+00, 591:0.0e+00 │ 601:-1.0e+05, 592:0.0e+00, 591:0.0e+00

2025-06-18 15:55:42,159 [INFO] 🩺  Modified System diagnostics appended → \\mull.sms.ed.ac.uk\home\s1834431\Win7\Desktop\fem_model\post_processing\results\job_0010_2025-06-18_15-55-33-609233_pid33080_baace790\diagnostics\DiagnoseLinearStaticSystem.log
--------------------------------------------------------------------------
### Condensed System

                   │ CURRENT            │ EVOLUTION         
Equations          │ 400                │ 606               
Dirichlet          │ 0                  │ 6                 
Eliminated         │ 0                  │ 206               
Unknowns           │ 400                │ 394               
nnz                │ 1192               │ 1204              
Density            │ 7.45e-03           │ 3.28e-03          
Zero rows          │ 0                  │ 202               
Zero cols          │ 0                  │ 202               
Bandwidth          │ 4                  │ 6                 
Symmetric          │ yes                │ yes               
Rank               │ 400                │ 400               
Cond-no            │ 5.6e+11            │ inf               
λmin/λmax          │ 1.6e+04/9.0e+15    │ —                 
Inertia            │ 400/0/0            │ —                 
b-min/max          │ -1.0e+05/0.0e+00   │ -1.0e+05/0.0e+00  
Σb                 │ -1.0e+05           │ -1.0e+05          
Top|b|             │ 397:-1.0e+05, 399:0.0e+00, 398:0.0e+00 │ 601:-1.0e+05, 592:0.0e+00, 591:0.0e+00

2025-06-18 15:55:42,946 [INFO] 🩺  Condensed System diagnostics appended → \\mull.sms.ed.ac.uk\home\s1834431\Win7\Desktop\fem_model\post_processing\results\job_0010_2025-06-18_15-55-33-609233_pid33080_baace790\diagnostics\DiagnoseLinearStaticSystem.log
