Machine Specifications:
   - OS: Windows 11 (10.0.22631)
   - CPU: 12th Gen Intel(R) Core(TM) i7-12700
       • Logical cores: 20
       • Physical cores: 12
   - RAM: 31.24 GB
   - Disk: 3071.87 GB total, 2257.59 GB free
   - Python Version: 3.12.5 (C:\Users\s1834431\AppData\Local\Programs\Python\Python312\python.exe)
   - GPU(s): Intel(R) UHD Graphics 770

Job: job_0001
Timestamp (job start): 2025-07-09_02-32-43-511305
Total Time: 23.84 sec

+-------------------------------+------------+---------------+-------------+-----------+
| Step                          |   Time (s) |   Memory (MB) |   Disk (GB) |   CPU (%) |
+===============================+============+===============+=============+===========+
| Parsing                       |  0.0280154 |       68.625  |     814.257 |         0 |
+-------------------------------+------------+---------------+-------------+-----------+
| Element Instantiation         |  1.16429   |       97.7617 |     814.258 |         0 |
+-------------------------------+------------+---------------+-------------+-----------+
| Element Stiffness Computation |  1.11989   |       98.2617 |     814.269 |         0 |
+-------------------------------+------------+---------------+-------------+-----------+
| Element Force Computation     |  0.598491  |       98.3047 |     814.271 |         0 |
+-------------------------------+------------+---------------+-------------+-----------+
| Full Simulation               | 20.316     |      128.348  |     814.279 |         0 |
+-------------------------------+------------+---------------+-------------+-----------+

Parallel Jobs: job_0003, job_0002
Start Memory: 68.35 MB | End Memory: 128.35 MB
Start Disk Usage: 814.26 GB | End Disk Usage: 814.28 GB
Start CPU: 0.00% | End CPU: 0.00%
