Machine Specifications:
   - OS: Windows 11 (10.0.22631)
   - CPU: Intel64 Family 6 Model 151 Stepping 2, GenuineIntel (20 cores)
   - RAM: 31.24 GB
   - Python Version: 3.12.5

Job: job_0001
Timestamp (job start): 2025-03-07_16-25-51
Total Time: 2.29 sec

+-------------------------------+------------+---------------+-------------+-----------+
| Step                          |   Time (s) |   Memory (MB) |   Disk (GB) |   CPU (%) |
+===============================+============+===============+=============+===========+
| Parsing                       | 0.00951433 |       78.332  |     752.523 |         0 |
+-------------------------------+------------+---------------+-------------+-----------+
| Element Instantiation         | 0          |       78.3789 |     752.523 |         0 |
+-------------------------------+------------+---------------+-------------+-----------+
| Element Stiffness Computation | 0.485003   |       78.6094 |     752.523 |         0 |
+-------------------------------+------------+---------------+-------------+-----------+
| Element Force Computation     | 0          |       78.6133 |     752.523 |         0 |
+-------------------------------+------------+---------------+-------------+-----------+
| Setup Simulation              | 0          |       78.6523 |     752.523 |         0 |
+-------------------------------+------------+---------------+-------------+-----------+
| Assemble Global Matrices      | 0.00809717 |       79.6914 |     752.523 |         0 |
+-------------------------------+------------+---------------+-------------+-----------+
| Modify Global Matrices        | 0.00971699 |       79.8008 |     752.523 |         0 |
+-------------------------------+------------+---------------+-------------+-----------+
| Solve Linear Static System    | 0.55649    |       93.9297 |     752.523 |         0 |
+-------------------------------+------------+---------------+-------------+-----------+
| Compute Primary Results       | 0.00528884 |       93.9922 |     752.523 |         0 |
+-------------------------------+------------+---------------+-------------+-----------+
| Save Primary Results          | 0.079864   |       94.0117 |     752.524 |         0 |
+-------------------------------+------------+---------------+-------------+-----------+

Parallel Jobs: job_0003
Start Memory: 78.23 MB | End Memory: 94.01 MB
Start Disk Usage: 752.52 GB | End Disk Usage: 752.52 GB
Start CPU: 0.00% | End CPU: 0.00%
