Machine Specifications:
   - OS: Windows 11 (10.0.22631)
   - CPU: Intel64 Family 6 Model 151 Stepping 2, GenuineIntel (20 cores)
   - RAM: 31.24 GB
   - Python Version: 3.12.5

Job: job_0006
Timestamp (job start): 2025-03-03_12-54-11
Total Time: 1.88 sec

+-------------------------------+------------+---------------+-------------+-----------+
| Step                          |   Time (s) |   Memory (MB) |   Disk (GB) |   CPU (%) |
+===============================+============+===============+=============+===========+
| Parsing                       | 0.0165548  |       78.4414 |     746.109 |         0 |
+-------------------------------+------------+---------------+-------------+-----------+
| Element Instantiation         | 0          |       78.4844 |     746.109 |         0 |
+-------------------------------+------------+---------------+-------------+-----------+
| Element Stiffness Computation | 0.321866   |       78.6602 |     746.109 |         0 |
+-------------------------------+------------+---------------+-------------+-----------+
| Element Force Computation     | 0.00103855 |       78.6719 |     746.109 |         0 |
+-------------------------------+------------+---------------+-------------+-----------+
| Setup Simulation              | 0          |       78.7305 |     746.109 |         0 |
+-------------------------------+------------+---------------+-------------+-----------+
| Assemble Global Matrices      | 0.00703502 |       79.8203 |     746.109 |         0 |
+-------------------------------+------------+---------------+-------------+-----------+
| Modify Global Matrices        | 0.00470901 |       79.9297 |     746.109 |         0 |
+-------------------------------+------------+---------------+-------------+-----------+
| Solve Linear Static System    | 0.324178   |       98      |     746.109 |         0 |
+-------------------------------+------------+---------------+-------------+-----------+
| Compute Primary Results       | 0          |       98      |     746.109 |         0 |
+-------------------------------+------------+---------------+-------------+-----------+
| Save Primary Results          | 0.0623808  |       98.0078 |     746.11  |         0 |
+-------------------------------+------------+---------------+-------------+-----------+

Parallel Jobs: job_0001, job_0002, job_0003
Start Memory: 78.25 MB | End Memory: 98.01 MB
Start Disk Usage: 746.11 GB | End Disk Usage: 746.11 GB
Start CPU: 0.00% | End CPU: 0.00%
