--------------------------------------------------------------------------
Machine specifications – written 2025-07-06 14:21:35.951740
OS          : Windows 11 (10.0.22631)
CPU         : 12th Gen Intel(R) Core(TM) i7-12700
   logical  : 20
   physical : 12
RAM         : 31.24 GB
Disk        : 3071.87 GB total  /  2260.01 GB free
Python      : 3.12.5  (C:\Users\s1834431\AppData\Local\Programs\Python\Python312\python.exe)
GPU(s)      : Intel(R) UHD Graphics 770
--------------------------------------------------------------------------

Runtime telemetry header written → \\mull.sms.ed.ac.uk\home\s1834431\Win7\Desktop\fem_model\post_processing\results\job_0004_2025-07-06_14-21-27-491105_pid34956_f6c52c2b\diagnostics\RuntimeMonitorTelemetry.log
2025-07-06 14:21:36 │ PrepareLocalSystem BEGIN   │ Δt  0.00 s │ RAM   123.0 MB │ CPU   3.1 % │ Disk  811.9 GB
2025-07-06 14:21:36 │ PrepareLocalSystem END     │ Δt  0.27 s │ RAM   123.1 MB │ CPU   2.0 % │ Disk  811.9 GB
2025-07-06 14:21:36 │ AssembleGlobalSystem BEGIN │ Δt  0.21 s │ RAM   123.1 MB │ CPU   3.5 % │ Disk  811.9 GB
2025-07-06 14:21:37 │ AssembleGlobalSystem END   │ Δt  0.42 s │ RAM   124.5 MB │ CPU   8.4 % │ Disk  811.9 GB
2025-07-06 14:21:37 │ ModifyGlobalSystem BEGIN   │ Δt  0.66 s │ RAM   127.0 MB │ CPU   2.3 % │ Disk  811.9 GB
2025-07-06 14:21:38 │ ModifyGlobalSystem END     │ Δt  0.31 s │ RAM   127.6 MB │ CPU   6.6 % │ Disk  811.9 GB
2025-07-06 14:21:38 │ CondenseModifiedSystem BEGIN │ Δt  0.67 s │ RAM   127.6 MB │ CPU   4.2 % │ Disk  811.9 GB
2025-07-06 14:21:39 │ CondenseModifiedSystem END │ Δt  0.31 s │ RAM   127.8 MB │ CPU   6.9 % │ Disk  811.9 GB
2025-07-06 14:21:39 │ SolveCondensedSystem BEGIN │ Δt  0.67 s │ RAM   127.9 MB │ CPU   2.0 % │ Disk  811.9 GB
2025-07-06 14:21:40 │ SolveCondensedSystem END   │ Δt  0.30 s │ RAM   127.1 MB │ CPU   2.8 % │ Disk  811.9 GB
2025-07-06 14:21:40 │ ReconstructGlobalSystem BEGIN │ Δt  0.20 s │ RAM   127.1 MB │ CPU   3.5 % │ Disk  811.9 GB
2025-07-06 14:21:40 │ ReconstructGlobalSystem END │ Δt  0.24 s │ RAM   127.2 MB │ CPU   2.0 % │ Disk  811.9 GB
2025-07-06 14:21:40 │ ComputePrimaryResults BEGIN │ Δt  0.20 s │ RAM   127.2 MB │ CPU   2.7 % │ Disk  811.9 GB
2025-07-06 14:21:43 │ ComputePrimaryResults END  │ Δt  2.88 s │ RAM   127.3 MB │ CPU   8.4 % │ Disk  811.9 GB
