2025-04-25 14:49:22,597 - INFO - 🔧 Starting global matrix assembly...
2025-04-25 14:49:22,597 - DEBUG - This detailed log is written to the assembly.log file
2025-04-25 14:49:22,597 - INFO - Total DOFs: 12, Elements count: 1

DOF mappings per element:
Element 0: DOF mapping = [ 0  1  2  3  4  5  6  7  8  9 10 11]
2025-04-25 14:49:22,597 - INFO - 🔧 Assembling global stiffness matrix...
2025-04-25 14:49:22,602 - INFO - ✅ Stiffness matrix assembled.
2025-04-25 14:49:22,603 - INFO - 🔧 Assembling force vector...
2025-04-25 14:49:22,603 - INFO - ✅ Force vector assembled.

Full K_global Matrix:
            0           1           2           3           4           5           6           7           8           9           10          11
0   9.1100e+07  0.0000e+00  0.0000e+00  0.0000e+00  0.0000e+00  0.0000e+00 -9.1100e+07  0.0000e+00  0.0000e+00  0.0000e+00  0.0000e+00  0.0000e+00
1   0.0000e+00  3.3667e+13  0.0000e+00  0.0000e+00  0.0000e+00  1.9238e+13  0.0000e+00 -3.3667e+13  0.0000e+00  0.0000e+00  0.0000e+00  1.4429e+13
2   0.0000e+00  0.0000e+00  3.3734e+13  0.0000e+00 -1.9277e+13  0.0000e+00  0.0000e+00  0.0000e+00 -3.3734e+13  0.0000e+00 -1.4458e+13  0.0000e+00
3   0.0000e+00  0.0000e+00  0.0000e+00  4.4808e+02  0.0000e+00  0.0000e+00  0.0000e+00  0.0000e+00  0.0000e+00 -4.4808e+02  0.0000e+00  0.0000e+00
4   0.0000e+00  0.0000e+00 -1.9277e+13  0.0000e+00  1.1245e+13  0.0000e+00  0.0000e+00  0.0000e+00  1.9277e+13  0.0000e+00  8.0320e+12  0.0000e+00
5   0.0000e+00  1.9238e+13  0.0000e+00  0.0000e+00  0.0000e+00  1.1222e+13  0.0000e+00 -1.9238e+13  0.0000e+00  0.0000e+00  0.0000e+00  8.0160e+12
6  -9.1100e+07  0.0000e+00  0.0000e+00  0.0000e+00  0.0000e+00  0.0000e+00  9.1100e+07  0.0000e+00  0.0000e+00  0.0000e+00  0.0000e+00  0.0000e+00
7   0.0000e+00 -3.3667e+13  0.0000e+00  0.0000e+00  0.0000e+00 -1.9238e+13  0.0000e+00  3.3667e+13  0.0000e+00  0.0000e+00  0.0000e+00 -1.4429e+13
8   0.0000e+00  0.0000e+00 -3.3734e+13  0.0000e+00  1.9277e+13  0.0000e+00  0.0000e+00  0.0000e+00  3.3734e+13  0.0000e+00  1.4458e+13  0.0000e+00
9   0.0000e+00  0.0000e+00  0.0000e+00 -4.4808e+02  0.0000e+00  0.0000e+00  0.0000e+00  0.0000e+00  0.0000e+00  4.4808e+02  0.0000e+00  0.0000e+00
10  0.0000e+00  0.0000e+00 -1.4458e+13  0.0000e+00  8.0320e+12  0.0000e+00  0.0000e+00  0.0000e+00  1.4458e+13  0.0000e+00  6.4256e+12  0.0000e+00
11  0.0000e+00  1.4429e+13  0.0000e+00  0.0000e+00  0.0000e+00  8.0160e+12  0.0000e+00 -1.4429e+13  0.0000e+00  0.0000e+00  0.0000e+00  6.4128e+12

Full F_global Vector:
             Force
DOF 0   0.0000e+00
DOF 1   0.0000e+00
DOF 2   0.0000e+00
DOF 3   0.0000e+00
DOF 4   0.0000e+00
DOF 5   0.0000e+00
DOF 6   0.0000e+00
DOF 7  -1.0000e+05
DOF 8   0.0000e+00
DOF 9   0.0000e+00
DOF 10  0.0000e+00
DOF 11  0.0000e+00
2025-04-25 14:49:22,606 - INFO - ✅ Assembly complete.
