Machine Specifications:
   - OS: Windows 11 (10.0.22631)
   - CPU: Intel64 Family 6 Model 151 Stepping 2, GenuineIntel (20 cores)
   - RAM: 31.24 GB
   - Python Version: 3.12.5

Job: job_0002
Timestamp (job start): 2025-03-03_09-41-09
Total Time: 1.93 sec

+-------------------------------+------------+---------------+-------------+-----------+
| Step                          |   Time (s) |   Memory (MB) |   Disk (GB) |   CPU (%) |
+===============================+============+===============+=============+===========+
| Parsing                       | 0.00551486 |       78.2891 |     746.152 |         0 |
+-------------------------------+------------+---------------+-------------+-----------+
| Element Instantiation         | 0          |       78.3359 |     746.152 |         0 |
+-------------------------------+------------+---------------+-------------+-----------+
| Element Stiffness Computation | 0.335884   |       78.5859 |     746.152 |         0 |
+-------------------------------+------------+---------------+-------------+-----------+
| Element Force Computation     | 0          |       78.5898 |     746.152 |         0 |
+-------------------------------+------------+---------------+-------------+-----------+
| Setup Simulation              | 0          |       78.625  |     746.152 |         0 |
+-------------------------------+------------+---------------+-------------+-----------+
| Assemble Global Matrices      | 0.00200629 |       78.9922 |     746.152 |         0 |
+-------------------------------+------------+---------------+-------------+-----------+
| Modify Global Matrices        | 0          |       79.1016 |     746.152 |         0 |
+-------------------------------+------------+---------------+-------------+-----------+
| Solve Linear Static System    | 0.355638   |       99.375  |     746.152 |         0 |
+-------------------------------+------------+---------------+-------------+-----------+
| Compute Primary Results       | 0.00101686 |       99.3789 |     746.152 |         0 |
+-------------------------------+------------+---------------+-------------+-----------+
| Save Primary Results          | 0.0782692  |       99.4219 |     746.153 |         0 |
+-------------------------------+------------+---------------+-------------+-----------+

Parallel Jobs: job_0001
Start Memory: 78.19 MB | End Memory: 99.42 MB
Start Disk Usage: 746.15 GB | End Disk Usage: 746.15 GB
Start CPU: 0.00% | End CPU: 0.00%
