Machine Specifications:
   - OS: Windows 10 (10.0.19045)
   - CPU: Intel64 Family 6 Model 94 Stepping 3, GenuineIntel (4 cores)
   - RAM: 15.96 GB
   - Python Version: 3.11.0

Job: job_0006
Timestamp (job start): 2025-04-08_17-27-17
Total Time: 3.16 sec

+-------------------------------+------------+---------------+-------------+-----------+
| Step                          |   Time (s) |   Memory (MB) |   Disk (GB) |   CPU (%) |
+===============================+============+===============+=============+===========+
| Parsing                       | 0.00199556 |       120.258 |     336.73  |         0 |
+-------------------------------+------------+---------------+-------------+-----------+
| Element Instantiation         | 0.185892   |       120.258 |     336.704 |         0 |
+-------------------------------+------------+---------------+-------------+-----------+
| Element Stiffness Computation | 0.914621   |       120.258 |     336.715 |         0 |
+-------------------------------+------------+---------------+-------------+-----------+
| Element Force Computation     | 0.487789   |       120.258 |     336.719 |         0 |
+-------------------------------+------------+---------------+-------------+-----------+
| Setup Simulation              | 0.00099802 |       120.258 |     336.719 |         0 |
+-------------------------------+------------+---------------+-------------+-----------+
| Assemble Global Matrices      | 0.0300233  |       120.82  |     336.719 |         0 |
+-------------------------------+------------+---------------+-------------+-----------+
| Modify Global Matrices        | 0.0910721  |       120.82  |     336.72  |         0 |
+-------------------------------+------------+---------------+-------------+-----------+
| Solve Linear Static System    | 0.302086   |       123.449 |     336.721 |         0 |
+-------------------------------+------------+---------------+-------------+-----------+
| Compute Primary Results       | 0.00555968 |       123.461 |     336.721 |         0 |
+-------------------------------+------------+---------------+-------------+-----------+
| Save Primary Results          | 0.0153003  |       123.559 |     336.722 |         0 |
+-------------------------------+------------+---------------+-------------+-----------+

Parallel Jobs: job_0004, job_0007, job_0008, job_0005
Start Memory: 120.26 MB | End Memory: 123.56 MB
Start Disk Usage: 336.73 GB | End Disk Usage: 336.72 GB
Start CPU: 0.00% | End CPU: 0.00%
