Machine Specifications:
   - OS: Windows 11 (10.0.22631)
   - CPU: Intel64 Family 6 Model 151 Stepping 2, GenuineIntel (20 cores)
   - RAM: 31.24 GB
   - Python Version: 3.12.5

Job: job_0006
Timestamp (job start): 2025-04-07_13-54-00
Total Time: 6.97 sec

+-------------------------------+------------+---------------+-------------+-----------+
| Step                          |   Time (s) |   Memory (MB) |   Disk (GB) |   CPU (%) |
+===============================+============+===============+=============+===========+
| Parsing                       | 0.00552416 |       105.855 |     785.423 |         0 |
+-------------------------------+------------+---------------+-------------+-----------+
| Element Instantiation         | 0.0020082  |       105.898 |     785.423 |         0 |
+-------------------------------+------------+---------------+-------------+-----------+
| Element Stiffness Computation | 1.81926    |       106.227 |     785.431 |         0 |
+-------------------------------+------------+---------------+-------------+-----------+
| Element Force Computation     | 3.35093    |       106.266 |     785.435 |         0 |
+-------------------------------+------------+---------------+-------------+-----------+
| Setup Simulation              | 0          |       106.305 |     785.435 |         0 |
+-------------------------------+------------+---------------+-------------+-----------+
| Assemble Global Matrices      | 0.0357566  |       108.586 |     785.435 |         0 |
+-------------------------------+------------+---------------+-------------+-----------+
| Modify Global Matrices        | 0.0430765  |       109.234 |     785.435 |         0 |
+-------------------------------+------------+---------------+-------------+-----------+
| Solve Linear Static System    | 0.500181   |       125.504 |     785.436 |         0 |
+-------------------------------+------------+---------------+-------------+-----------+
| Compute Primary Results       | 0.00406265 |       125.52  |     785.436 |         0 |
+-------------------------------+------------+---------------+-------------+-----------+
| Save Primary Results          | 0.0706785  |       125.633 |     785.436 |         0 |
+-------------------------------+------------+---------------+-------------+-----------+

Parallel Jobs: job_0007, job_0008, job_0009, job_0001, job_0002, job_0003, job_0005
Start Memory: 105.65 MB | End Memory: 125.63 MB
Start Disk Usage: 785.42 GB | End Disk Usage: 785.44 GB
Start CPU: 0.00% | End CPU: 0.00%
