Machine Specifications:
   - OS: Windows 11 (10.0.22631)
   - CPU: Intel64 Family 6 Model 151 Stepping 2, GenuineIntel (20 cores)
   - RAM: 31.24 GB
   - Python Version: 3.12.5

Job: job_0006
Timestamp (job start): 2025-03-16_22-21-33
Total Time: 6.02 sec

+-------------------------------+------------+---------------+-------------+-----------+
| Step                          |   Time (s) |   Memory (MB) |   Disk (GB) |   CPU (%) |
+===============================+============+===============+=============+===========+
| Parsing                       | 0.0126641  |       106.094 |     759.072 |         0 |
+-------------------------------+------------+---------------+-------------+-----------+
| Element Instantiation         | 0.00251508 |       106.137 |     759.072 |         0 |
+-------------------------------+------------+---------------+-------------+-----------+
| Element Stiffness Computation | 1.65156    |       106.457 |     759.079 |         0 |
+-------------------------------+------------+---------------+-------------+-----------+
| Element Force Computation     | 2.60835    |       106.484 |     759.081 |         0 |
+-------------------------------+------------+---------------+-------------+-----------+
| Setup Simulation              | 0          |       106.516 |     759.081 |         0 |
+-------------------------------+------------+---------------+-------------+-----------+
| Assemble Global Matrices      | 0.0368948  |       108.711 |     759.082 |         0 |
+-------------------------------+------------+---------------+-------------+-----------+
| Modify Global Matrices        | 0.0405195  |       109.328 |     759.082 |         0 |
+-------------------------------+------------+---------------+-------------+-----------+
| Solve Linear Static System    | 0.450484   |       123.559 |     759.082 |         0 |
+-------------------------------+------------+---------------+-------------+-----------+
| Compute Primary Results       | 0.00875711 |       123.574 |     759.082 |         0 |
+-------------------------------+------------+---------------+-------------+-----------+
| Save Primary Results          | 0.0814137  |       123.684 |     759.083 |         0 |
+-------------------------------+------------+---------------+-------------+-----------+

Parallel Jobs: job_0004
Start Memory: 105.91 MB | End Memory: 123.68 MB
Start Disk Usage: 759.07 GB | End Disk Usage: 759.08 GB
Start CPU: 0.00% | End CPU: 0.00%
