--------------------------------------------------------------------------
Machine specifications – written 2025-07-09 05:45:07.402010
OS          : Windows 10 (10.0.19045)
CPU         : Intel64 Family 6 Model 94 Stepping 3, GenuineIntel
   logical  : 4
   physical : 4
RAM         : 15.96 GB
Disk        : 465.18 GB total  /  130.61 GB free
Python      : 3.11.0  (C:\Users\samea\AppData\Local\Programs\Python\Python311\python.exe)
GPU(s)      : NVIDIA GeForce GTX 780 Ti
--------------------------------------------------------------------------

Runtime telemetry header written → C:\Users\samea\Desktop\fem_model\post_processing\results\job_0003_2025-07-09_05-44-56-124692_pid18496_eeb2a315\diagnostics\RuntimeMonitorTelemetry.log
2025-07-09 05:45:07 │ PrepareLocalSystem BEGIN   │ Δt  0.00 s │ RAM   124.4 MB │ CPU  96.2 % │ Disk  334.6 GB
2025-07-09 05:45:08 │ PrepareLocalSystem END     │ Δt  0.36 s │ RAM   124.9 MB │ CPU  96.2 % │ Disk  334.6 GB
2025-07-09 05:45:08 │ AssembleGlobalSystem BEGIN │ Δt  0.20 s │ RAM   124.9 MB │ CPU  94.2 % │ Disk  334.6 GB
2025-07-09 05:45:08 │ AssembleGlobalSystem END   │ Δt  0.48 s │ RAM   129.2 MB │ CPU  90.6 % │ Disk  334.6 GB
2025-07-09 05:45:55 │ ModifyGlobalSystem BEGIN   │ Δt 46.84 s │ RAM   132.0 MB │ CPU   7.7 % │ Disk  335.7 GB
2025-07-09 05:45:56 │ ModifyGlobalSystem END     │ Δt  0.31 s │ RAM   134.7 MB │ CPU   5.8 % │ Disk  335.8 GB
2025-07-09 05:46:32 │ CondenseModifiedSystem BEGIN │ Δt 36.19 s │ RAM   134.6 MB │ CPU  11.5 % │ Disk  335.6 GB
2025-07-09 05:46:33 │ CondenseModifiedSystem END │ Δt  0.75 s │ RAM   135.9 MB │ CPU  38.5 % │ Disk  335.6 GB
2025-07-09 05:47:07 │ SolveCondensedSystem BEGIN │ Δt 34.97 s │ RAM   135.9 MB │ CPU  40.4 % │ Disk  335.6 GB
2025-07-09 05:47:08 │ SolveCondensedSystem END   │ Δt  0.49 s │ RAM   137.3 MB │ CPU  26.9 % │ Disk  335.6 GB
2025-07-09 05:47:08 │ ReconstructGlobalSystem BEGIN │ Δt  0.20 s │ RAM   137.3 MB │ CPU   2.1 % │ Disk  335.6 GB
2025-07-09 05:47:09 │ ReconstructGlobalSystem END │ Δt  0.43 s │ RAM   137.3 MB │ CPU  42.3 % │ Disk  335.6 GB
2025-07-09 05:47:09 │ ComputePrimaryResults BEGIN │ Δt  0.20 s │ RAM   137.3 MB │ CPU  31.4 % │ Disk  335.6 GB
2025-07-09 05:47:14 │ ComputePrimaryResults END  │ Δt  5.20 s │ RAM   138.5 MB │ CPU  96.9 % │ Disk  335.6 GB
