2025-04-11 19:52:47,522 - processing.static.boundary_conditions - INFO - 🔧 Applying fixed boundary conditions...
2025-04-11 19:52:47,523 - processing.static.boundary_conditions - INFO - 🔍 Fixed DOFs: [0 1 2 3 4 5]

🔍 Original K_global Matrix:
            0           1           2           3           4           5           6           7           8           9           10          11          12          13          14          15          16          17
0   3.6440e+08  0.0000e+00  0.0000e+00  0.0000e+00  0.0000e+00  0.0000e+00 -3.6440e+08  0.0000e+00  0.0000e+00  0.0000e+00  0.0000e+00  0.0000e+00  0.0000e+00  0.0000e+00  0.0000e+00  0.0000e+00  0.0000e+00  0.0000e+00
1   0.0000e+00  5.3868e+14  0.0000e+00  0.0000e+00  0.0000e+00  3.0781e+14  0.0000e+00 -5.3868e+14  0.0000e+00  0.0000e+00  0.0000e+00  2.3086e+14  0.0000e+00  0.0000e+00  0.0000e+00  0.0000e+00  0.0000e+00  0.0000e+00
2   0.0000e+00  0.0000e+00  5.3975e+14  0.0000e+00 -3.0843e+14  0.0000e+00  0.0000e+00  0.0000e+00 -5.3975e+14  0.0000e+00 -2.3132e+14  0.0000e+00  0.0000e+00  0.0000e+00  0.0000e+00  0.0000e+00  0.0000e+00  0.0000e+00
3   0.0000e+00  0.0000e+00  0.0000e+00  5.0985e+08  0.0000e+00  0.0000e+00  0.0000e+00  0.0000e+00  0.0000e+00 -5.0985e+08  0.0000e+00  0.0000e+00  0.0000e+00  0.0000e+00  0.0000e+00  0.0000e+00  0.0000e+00  0.0000e+00
4   0.0000e+00  0.0000e+00 -3.0843e+14  0.0000e+00  1.7992e+14  0.0000e+00  0.0000e+00  0.0000e+00  3.0843e+14  0.0000e+00  1.2851e+14  0.0000e+00  0.0000e+00  0.0000e+00  0.0000e+00  0.0000e+00  0.0000e+00  0.0000e+00
5   0.0000e+00  3.0781e+14  0.0000e+00  0.0000e+00  0.0000e+00  1.7956e+14  0.0000e+00 -3.0781e+14  0.0000e+00  0.0000e+00  0.0000e+00  1.2826e+14  0.0000e+00  0.0000e+00  0.0000e+00  0.0000e+00  0.0000e+00  0.0000e+00
6  -3.6440e+08  0.0000e+00  0.0000e+00  0.0000e+00  0.0000e+00  0.0000e+00  7.2880e+08  0.0000e+00  0.0000e+00  0.0000e+00  0.0000e+00  0.0000e+00 -3.6440e+08  0.0000e+00  0.0000e+00  0.0000e+00  0.0000e+00  0.0000e+00
7   0.0000e+00 -5.3868e+14  0.0000e+00  0.0000e+00  0.0000e+00 -3.0781e+14  0.0000e+00  1.0774e+15  0.0000e+00  0.0000e+00  0.0000e+00  7.6954e+13  0.0000e+00 -5.3868e+14  0.0000e+00  0.0000e+00  0.0000e+00  2.3086e+14
8   0.0000e+00  0.0000e+00 -5.3975e+14  0.0000e+00  3.0843e+14  0.0000e+00  0.0000e+00  0.0000e+00  1.0795e+15  0.0000e+00 -7.7107e+13  0.0000e+00  0.0000e+00  0.0000e+00 -5.3975e+14  0.0000e+00 -2.3132e+14  0.0000e+00
9   0.0000e+00  0.0000e+00  0.0000e+00 -5.0985e+08  0.0000e+00  0.0000e+00  0.0000e+00  0.0000e+00  0.0000e+00  1.0197e+09  0.0000e+00  0.0000e+00  0.0000e+00  0.0000e+00  0.0000e+00 -5.0985e+08  0.0000e+00  0.0000e+00
10  0.0000e+00  0.0000e+00 -2.3132e+14  0.0000e+00  1.2851e+14  0.0000e+00  0.0000e+00  0.0000e+00 -7.7107e+13  0.0000e+00  2.8273e+14  0.0000e+00  0.0000e+00  0.0000e+00  3.0843e+14  0.0000e+00  1.2851e+14  0.0000e+00
11  0.0000e+00  2.3086e+14  0.0000e+00  0.0000e+00  0.0000e+00  1.2826e+14  0.0000e+00  7.6954e+13  0.0000e+00  0.0000e+00  0.0000e+00  2.8216e+14  0.0000e+00 -3.0781e+14  0.0000e+00  0.0000e+00  0.0000e+00  1.2826e+14
12  0.0000e+00  0.0000e+00  0.0000e+00  0.0000e+00  0.0000e+00  0.0000e+00 -3.6440e+08  0.0000e+00  0.0000e+00  0.0000e+00  0.0000e+00  0.0000e+00  3.6440e+08  0.0000e+00  0.0000e+00  0.0000e+00  0.0000e+00  0.0000e+00
13  0.0000e+00  0.0000e+00  0.0000e+00  0.0000e+00  0.0000e+00  0.0000e+00  0.0000e+00 -5.3868e+14  0.0000e+00  0.0000e+00  0.0000e+00 -3.0781e+14  0.0000e+00  5.3868e+14  0.0000e+00  0.0000e+00  0.0000e+00 -2.3086e+14
14  0.0000e+00  0.0000e+00  0.0000e+00  0.0000e+00  0.0000e+00  0.0000e+00  0.0000e+00  0.0000e+00 -5.3975e+14  0.0000e+00  3.0843e+14  0.0000e+00  0.0000e+00  0.0000e+00  5.3975e+14  0.0000e+00  2.3132e+14  0.0000e+00
15  0.0000e+00  0.0000e+00  0.0000e+00  0.0000e+00  0.0000e+00  0.0000e+00  0.0000e+00  0.0000e+00  0.0000e+00 -5.0985e+08  0.0000e+00  0.0000e+00  0.0000e+00  0.0000e+00  0.0000e+00  5.0985e+08  0.0000e+00  0.0000e+00
16  0.0000e+00  0.0000e+00  0.0000e+00  0.0000e+00  0.0000e+00  0.0000e+00  0.0000e+00  0.0000e+00 -2.3132e+14  0.0000e+00  1.2851e+14  0.0000e+00  0.0000e+00  0.0000e+00  2.3132e+14  0.0000e+00  1.0281e+14  0.0000e+00
17  0.0000e+00  0.0000e+00  0.0000e+00  0.0000e+00  0.0000e+00  0.0000e+00  0.0000e+00  2.3086e+14  0.0000e+00  0.0000e+00  0.0000e+00  1.2826e+14  0.0000e+00 -2.3086e+14  0.0000e+00  0.0000e+00  0.0000e+00  1.0260e+14

🔍 Original F_global Vector:
             Force
DOF 0   0.0000e+00
DOF 1   0.0000e+00
DOF 2   0.0000e+00
DOF 3   0.0000e+00
DOF 4   0.0000e+00
DOF 5   0.0000e+00
DOF 6   0.0000e+00
DOF 7   0.0000e+00
DOF 8   0.0000e+00
DOF 9   0.0000e+00
DOF 10  0.0000e+00
DOF 11  0.0000e+00
DOF 12  0.0000e+00
DOF 13 -1.0000e+05
DOF 14  0.0000e+00
DOF 15  0.0000e+00
DOF 16  0.0000e+00
DOF 17  0.0000e+00
2025-04-11 19:52:47,526 - processing.static.boundary_conditions - INFO - ✅ Fixed boundary conditions applied successfully.

🔍 Modified K_global Matrix:
           0          1          2          3          4          5           6           7           8           9           10          11          12          13          14          15          16          17
0  1.0000e+36 0.0000e+00 0.0000e+00 0.0000e+00 0.0000e+00 0.0000e+00  0.0000e+00  0.0000e+00  0.0000e+00  0.0000e+00  0.0000e+00  0.0000e+00  0.0000e+00  0.0000e+00  0.0000e+00  0.0000e+00  0.0000e+00  0.0000e+00
1  0.0000e+00 1.0000e+36 0.0000e+00 0.0000e+00 0.0000e+00 0.0000e+00  0.0000e+00  0.0000e+00  0.0000e+00  0.0000e+00  0.0000e+00  0.0000e+00  0.0000e+00  0.0000e+00  0.0000e+00  0.0000e+00  0.0000e+00  0.0000e+00
2  0.0000e+00 0.0000e+00 1.0000e+36 0.0000e+00 0.0000e+00 0.0000e+00  0.0000e+00  0.0000e+00  0.0000e+00  0.0000e+00  0.0000e+00  0.0000e+00  0.0000e+00  0.0000e+00  0.0000e+00  0.0000e+00  0.0000e+00  0.0000e+00
3  0.0000e+00 0.0000e+00 0.0000e+00 1.0000e+36 0.0000e+00 0.0000e+00  0.0000e+00  0.0000e+00  0.0000e+00  0.0000e+00  0.0000e+00  0.0000e+00  0.0000e+00  0.0000e+00  0.0000e+00  0.0000e+00  0.0000e+00  0.0000e+00
4  0.0000e+00 0.0000e+00 0.0000e+00 0.0000e+00 1.0000e+36 0.0000e+00  0.0000e+00  0.0000e+00  0.0000e+00  0.0000e+00  0.0000e+00  0.0000e+00  0.0000e+00  0.0000e+00  0.0000e+00  0.0000e+00  0.0000e+00  0.0000e+00
5  0.0000e+00 0.0000e+00 0.0000e+00 0.0000e+00 0.0000e+00 1.0000e+36  0.0000e+00  0.0000e+00  0.0000e+00  0.0000e+00  0.0000e+00  0.0000e+00  0.0000e+00  0.0000e+00  0.0000e+00  0.0000e+00  0.0000e+00  0.0000e+00
6  0.0000e+00 0.0000e+00 0.0000e+00 0.0000e+00 0.0000e+00 0.0000e+00  7.2880e+08  0.0000e+00  0.0000e+00  0.0000e+00  0.0000e+00  0.0000e+00 -3.6440e+08  0.0000e+00  0.0000e+00  0.0000e+00  0.0000e+00  0.0000e+00
7  0.0000e+00 0.0000e+00 0.0000e+00 0.0000e+00 0.0000e+00 0.0000e+00  0.0000e+00  1.0774e+15  0.0000e+00  0.0000e+00  0.0000e+00  7.6954e+13  0.0000e+00 -5.3868e+14  0.0000e+00  0.0000e+00  0.0000e+00  2.3086e+14
8  0.0000e+00 0.0000e+00 0.0000e+00 0.0000e+00 0.0000e+00 0.0000e+00  0.0000e+00  0.0000e+00  1.0795e+15  0.0000e+00 -7.7107e+13  0.0000e+00  0.0000e+00  0.0000e+00 -5.3975e+14  0.0000e+00 -2.3132e+14  0.0000e+00
9  0.0000e+00 0.0000e+00 0.0000e+00 0.0000e+00 0.0000e+00 0.0000e+00  0.0000e+00  0.0000e+00  0.0000e+00  1.0197e+09  0.0000e+00  0.0000e+00  0.0000e+00  0.0000e+00  0.0000e+00 -5.0985e+08  0.0000e+00  0.0000e+00
10 0.0000e+00 0.0000e+00 0.0000e+00 0.0000e+00 0.0000e+00 0.0000e+00  0.0000e+00  0.0000e+00 -7.7107e+13  0.0000e+00  2.8273e+14  0.0000e+00  0.0000e+00  0.0000e+00  3.0843e+14  0.0000e+00  1.2851e+14  0.0000e+00
11 0.0000e+00 0.0000e+00 0.0000e+00 0.0000e+00 0.0000e+00 0.0000e+00  0.0000e+00  7.6954e+13  0.0000e+00  0.0000e+00  0.0000e+00  2.8216e+14  0.0000e+00 -3.0781e+14  0.0000e+00  0.0000e+00  0.0000e+00  1.2826e+14
12 0.0000e+00 0.0000e+00 0.0000e+00 0.0000e+00 0.0000e+00 0.0000e+00 -3.6440e+08  0.0000e+00  0.0000e+00  0.0000e+00  0.0000e+00  0.0000e+00  3.6440e+08  0.0000e+00  0.0000e+00  0.0000e+00  0.0000e+00  0.0000e+00
13 0.0000e+00 0.0000e+00 0.0000e+00 0.0000e+00 0.0000e+00 0.0000e+00  0.0000e+00 -5.3868e+14  0.0000e+00  0.0000e+00  0.0000e+00 -3.0781e+14  0.0000e+00  5.3868e+14  0.0000e+00  0.0000e+00  0.0000e+00 -2.3086e+14
14 0.0000e+00 0.0000e+00 0.0000e+00 0.0000e+00 0.0000e+00 0.0000e+00  0.0000e+00  0.0000e+00 -5.3975e+14  0.0000e+00  3.0843e+14  0.0000e+00  0.0000e+00  0.0000e+00  5.3975e+14  0.0000e+00  2.3132e+14  0.0000e+00
15 0.0000e+00 0.0000e+00 0.0000e+00 0.0000e+00 0.0000e+00 0.0000e+00  0.0000e+00  0.0000e+00  0.0000e+00 -5.0985e+08  0.0000e+00  0.0000e+00  0.0000e+00  0.0000e+00  0.0000e+00  5.0985e+08  0.0000e+00  0.0000e+00
16 0.0000e+00 0.0000e+00 0.0000e+00 0.0000e+00 0.0000e+00 0.0000e+00  0.0000e+00  0.0000e+00 -2.3132e+14  0.0000e+00  1.2851e+14  0.0000e+00  0.0000e+00  0.0000e+00  2.3132e+14  0.0000e+00  1.0281e+14  0.0000e+00
17 0.0000e+00 0.0000e+00 0.0000e+00 0.0000e+00 0.0000e+00 0.0000e+00  0.0000e+00  2.3086e+14  0.0000e+00  0.0000e+00  0.0000e+00  1.2826e+14  0.0000e+00 -2.3086e+14  0.0000e+00  0.0000e+00  0.0000e+00  1.0260e+14

🔍 Modified F_global Vector:
             Force
DOF 0   0.0000e+00
DOF 1   0.0000e+00
DOF 2   0.0000e+00
DOF 3   0.0000e+00
DOF 4   0.0000e+00
DOF 5   0.0000e+00
DOF 6   0.0000e+00
DOF 7   0.0000e+00
DOF 8   0.0000e+00
DOF 9   0.0000e+00
DOF 10  0.0000e+00
DOF 11  0.0000e+00
DOF 12  0.0000e+00
DOF 13 -1.0000e+05
DOF 14  0.0000e+00
DOF 15  0.0000e+00
DOF 16  0.0000e+00
DOF 17  0.0000e+00
2025-04-11 19:52:48,209 - processing.static.boundary_conditions - INFO - 🔧 Applying fixed boundary conditions...
2025-04-11 19:52:48,210 - processing.static.boundary_conditions - INFO - 🔍 Fixed DOFs: [0 1 2 3 4 5]
2025-04-11 19:52:48,216 - processing.static.boundary_conditions - INFO - ✅ Fixed boundary conditions applied successfully.
