2025-04-11 19:52:46,937 - pre_processing.element_library.element_1D_base - DEBUG - Element Stiffness Matrix Computation (Element ID: 0)
2025-04-11 19:52:46,937 - pre_processing.element_library.element_1D_base - DEBUG - Element Length (L): 1.000000e+00, Jacobian determinant (detJ): 5.000000e-01
2025-04-11 19:52:46,938 - pre_processing.element_library.element_1D_base - DEBUG - Material Stiffness Matrix (D):
2025-04-11 19:52:46,940 - pre_processing.element_library.element_1D_base - DEBUG - [[1.822000e+08 0.000000e+00 0.000000e+00 0.000000e+00]
 [0.000000e+00 2.004000e+11 0.000000e+00 0.000000e+00]
 [0.000000e+00 0.000000e+00 2.008000e+11 0.000000e+00]
 [0.000000e+00 0.000000e+00 0.000000e+00 2.549228e+08]]
2025-04-11 19:52:46,943 - pre_processing.element_library.element_1D_base - DEBUG - 
----- Gauss Point 1/3 -----
2025-04-11 19:52:46,943 - pre_processing.element_library.element_1D_base - DEBUG - Natural Coordinate (xi): -7.745967e-01, Gauss Weight: 5.555556e-01
2025-04-11 19:52:46,944 - pre_processing.element_library.element_1D_base - DEBUG - Shape Function First Derivatives (dN_dxi):
2025-04-11 19:52:46,945 - pre_processing.element_library.element_1D_base - DEBUG - [[-0.5       0.        0.        0.        0.        0.      ]
 [ 0.        8.24758   0.        0.        0.        0.      ]
 [ 0.        0.        8.24758   0.        0.        0.      ]
 [ 0.        0.        0.       -0.5       0.        0.      ]
 [ 0.        0.        0.        0.       -5.898387  0.      ]
 [ 0.        0.        0.        0.        0.        5.898387]
 [ 0.5       0.        0.        0.        0.        0.      ]
 [ 0.       -8.24758   0.        0.        0.        0.      ]
 [ 0.        0.       -8.24758   0.        0.        0.      ]
 [ 0.        0.        0.        0.5       0.        0.      ]
 [ 0.        0.        0.        0.       -3.349193  0.      ]
 [ 0.        0.        0.        0.        0.        3.349193]]
2025-04-11 19:52:46,946 - pre_processing.element_library.element_1D_base - DEBUG - Shape Function Second Derivatives (d2N_dxi2):
2025-04-11 19:52:46,947 - pre_processing.element_library.element_1D_base - DEBUG - [[  0.        0.        0.        0.        0.        0.     ]
 [  0.      -15.29516   0.        0.        0.        0.     ]
 [  0.        0.      -15.29516   0.        0.        0.     ]
 [  0.        0.        0.        0.        0.        0.     ]
 [  0.        0.        0.        0.        8.64758   0.     ]
 [  0.        0.        0.        0.        0.       -8.64758]
 [  0.        0.        0.        0.        0.        0.     ]
 [  0.       15.29516   0.        0.        0.        0.     ]
 [  0.        0.       15.29516   0.        0.        0.     ]
 [  0.        0.        0.        0.        0.        0.     ]
 [  0.        0.        0.        0.        6.64758   0.     ]
 [  0.        0.        0.        0.        0.       -6.64758]]
2025-04-11 19:52:46,948 - pre_processing.element_library.element_1D_base - DEBUG - Strain-Displacement Matrix (B):
2025-04-11 19:52:46,949 - pre_processing.element_library.element_1D_base - DEBUG - [[ -1.        0.        0.        0.        0.        0.        1.
    0.        0.        0.        0.        0.     ]
 [  0.      -61.18064   0.        0.        0.      -34.59032   0.
   61.18064   0.        0.        0.      -26.59032]
 [  0.        0.      -61.18064   0.       34.59032   0.        0.
    0.       61.18064   0.       26.59032   0.     ]
 [  0.        0.        0.       -1.        0.        0.        0.
    0.        0.        1.        0.        0.     ]]
2025-04-11 19:52:46,950 - pre_processing.element_library.element_1D_base - DEBUG - Strain-Displacement Matrix Transpose (B.T):
2025-04-11 19:52:46,951 - pre_processing.element_library.element_1D_base - DEBUG - [[ -1.        0.        0.        0.     ]
 [  0.      -61.18064   0.        0.     ]
 [  0.        0.      -61.18064   0.     ]
 [  0.        0.        0.       -1.     ]
 [  0.        0.       34.59032   0.     ]
 [  0.      -34.59032   0.        0.     ]
 [  1.        0.        0.        0.     ]
 [  0.       61.18064   0.        0.     ]
 [  0.        0.       61.18064   0.     ]
 [  0.        0.        0.        1.     ]
 [  0.        0.       26.59032   0.     ]
 [  0.      -26.59032   0.        0.     ]]
2025-04-11 19:52:46,952 - pre_processing.element_library.element_1D_base - DEBUG - Element Stiffness Matrix Contribution at Gauss Point:
2025-04-11 19:52:46,953 - pre_processing.element_library.element_1D_base - DEBUG - [[ 1.012222e+08  0.000000e+00  0.000000e+00  0.000000e+00  0.000000e+00
   0.000000e+00 -1.012222e+08  0.000000e+00  0.000000e+00  0.000000e+00
   0.000000e+00  0.000000e+00]
 [ 0.000000e+00  4.167285e+14  0.000000e+00  0.000000e+00  0.000000e+00
   2.356100e+14  0.000000e+00 -4.167285e+14  0.000000e+00  0.000000e+00
   0.000000e+00  1.811185e+14]
 [ 0.000000e+00  0.000000e+00  4.175603e+14  0.000000e+00 -2.360803e+14
   0.000000e+00  0.000000e+00  0.000000e+00 -4.175603e+14  0.000000e+00
  -1.814800e+14  0.000000e+00]
 [ 0.000000e+00  0.000000e+00  0.000000e+00  1.416238e+08  0.000000e+00
   0.000000e+00  0.000000e+00  0.000000e+00  0.000000e+00 -1.416238e+08
   0.000000e+00  0.000000e+00]
 [ 0.000000e+00  0.000000e+00 -2.360803e+14  0.000000e+00  1.334751e+14
   0.000000e+00  0.000000e+00  0.000000e+00  2.360803e+14  0.000000e+00
   1.026052e+14  0.000000e+00]
 [ 0.000000e+00  2.356100e+14  0.000000e+00  0.000000e+00  0.000000e+00
   1.332092e+14  0.000000e+00 -2.356100e+14  0.000000e+00  0.000000e+00
   0.000000e+00  1.024008e+14]
 [-1.012222e+08  0.000000e+00  0.000000e+00  0.000000e+00  0.000000e+00
   0.000000e+00  1.012222e+08  0.000000e+00  0.000000e+00  0.000000e+00
   0.000000e+00  0.000000e+00]
 [ 0.000000e+00 -4.167285e+14  0.000000e+00  0.000000e+00  0.000000e+00
  -2.356100e+14  0.000000e+00  4.167285e+14  0.000000e+00  0.000000e+00
   0.000000e+00 -1.811185e+14]
 [ 0.000000e+00  0.000000e+00 -4.175603e+14  0.000000e+00  2.360803e+14
   0.000000e+00  0.000000e+00  0.000000e+00  4.175603e+14  0.000000e+00
   1.814800e+14  0.000000e+00]
 [ 0.000000e+00  0.000000e+00  0.000000e+00 -1.416238e+08  0.000000e+00
   0.000000e+00  0.000000e+00  0.000000e+00  0.000000e+00  1.416238e+08
   0.000000e+00  0.000000e+00]
 [ 0.000000e+00  0.000000e+00 -1.814800e+14  0.000000e+00  1.026052e+14
   0.000000e+00  0.000000e+00  0.000000e+00  1.814800e+14  0.000000e+00
   7.887481e+13  0.000000e+00]
 [ 0.000000e+00  1.811185e+14  0.000000e+00  0.000000e+00  0.000000e+00
   1.024008e+14  0.000000e+00 -1.811185e+14  0.000000e+00  0.000000e+00
   0.000000e+00  7.871769e+13]]
2025-04-11 19:52:46,954 - pre_processing.element_library.element_1D_base - DEBUG - 
2025-04-11 19:52:46,955 - pre_processing.element_library.element_1D_base - DEBUG - 
----- Gauss Point 2/3 -----
2025-04-11 19:52:46,956 - pre_processing.element_library.element_1D_base - DEBUG - Natural Coordinate (xi): 0.000000e+00, Gauss Weight: 8.888889e-01
2025-04-11 19:52:46,957 - pre_processing.element_library.element_1D_base - DEBUG - Shape Function First Derivatives (dN_dxi):
2025-04-11 19:52:46,958 - pre_processing.element_library.element_1D_base - DEBUG - [[-0.5  0.   0.   0.   0.   0. ]
 [ 0.   0.   0.   0.   0.   0. ]
 [ 0.   0.   0.   0.   0.   0. ]
 [ 0.   0.   0.  -0.5  0.   0. ]
 [ 0.   0.   0.   0.  -1.   0. ]
 [ 0.   0.   0.   0.   0.   1. ]
 [ 0.5  0.   0.   0.   0.   0. ]
 [ 0.   0.   0.   0.   0.   0. ]
 [ 0.   0.   0.   0.   0.   0. ]
 [ 0.   0.   0.   0.5  0.   0. ]
 [ 0.   0.   0.   0.  -0.   0. ]
 [ 0.   0.   0.   0.   0.   0. ]]
2025-04-11 19:52:46,960 - pre_processing.element_library.element_1D_base - DEBUG - Shape Function Second Derivatives (d2N_dxi2):
2025-04-11 19:52:46,961 - pre_processing.element_library.element_1D_base - DEBUG - [[ 0.  0.  0.  0.  0.  0.]
 [ 0. -6.  0.  0.  0.  0.]
 [ 0.  0. -6.  0.  0.  0.]
 [ 0.  0.  0.  0.  0.  0.]
 [ 0.  0.  0.  0.  4.  0.]
 [ 0.  0.  0.  0.  0. -4.]
 [ 0.  0.  0.  0.  0.  0.]
 [ 0.  6.  0.  0.  0.  0.]
 [ 0.  0.  6.  0.  0.  0.]
 [ 0.  0.  0.  0.  0.  0.]
 [ 0.  0.  0.  0.  2.  0.]
 [ 0.  0.  0.  0.  0. -2.]]
2025-04-11 19:52:46,962 - pre_processing.element_library.element_1D_base - DEBUG - Strain-Displacement Matrix (B):
2025-04-11 19:52:46,962 - pre_processing.element_library.element_1D_base - DEBUG - [[ -1.   0.   0.   0.   0.   0.   1.   0.   0.   0.   0.   0.]
 [  0. -24.   0.   0.   0. -16.   0.  24.   0.   0.   0.  -8.]
 [  0.   0. -24.   0.  16.   0.   0.   0.  24.   0.   8.   0.]
 [  0.   0.   0.  -1.   0.   0.   0.   0.   0.   1.   0.   0.]]
2025-04-11 19:52:46,963 - pre_processing.element_library.element_1D_base - DEBUG - Strain-Displacement Matrix Transpose (B.T):
2025-04-11 19:52:46,964 - pre_processing.element_library.element_1D_base - DEBUG - [[ -1.   0.   0.   0.]
 [  0. -24.   0.   0.]
 [  0.   0. -24.   0.]
 [  0.   0.   0.  -1.]
 [  0.   0.  16.   0.]
 [  0. -16.   0.   0.]
 [  1.   0.   0.   0.]
 [  0.  24.   0.   0.]
 [  0.   0.  24.   0.]
 [  0.   0.   0.   1.]
 [  0.   0.   8.   0.]
 [  0.  -8.   0.   0.]]
2025-04-11 19:52:46,965 - pre_processing.element_library.element_1D_base - DEBUG - Element Stiffness Matrix Contribution at Gauss Point:
2025-04-11 19:52:46,966 - pre_processing.element_library.element_1D_base - DEBUG - [[ 1.619556e+08  0.000000e+00  0.000000e+00  0.000000e+00  0.000000e+00
   0.000000e+00 -1.619556e+08  0.000000e+00  0.000000e+00  0.000000e+00
   0.000000e+00  0.000000e+00]
 [ 0.000000e+00  1.026048e+14  0.000000e+00  0.000000e+00  0.000000e+00
   6.840320e+13  0.000000e+00 -1.026048e+14  0.000000e+00  0.000000e+00
   0.000000e+00  3.420160e+13]
 [ 0.000000e+00  0.000000e+00  1.028096e+14  0.000000e+00 -6.853973e+13
   0.000000e+00  0.000000e+00  0.000000e+00 -1.028096e+14  0.000000e+00
  -3.426987e+13  0.000000e+00]
 [ 0.000000e+00  0.000000e+00  0.000000e+00  2.265981e+08  0.000000e+00
   0.000000e+00  0.000000e+00  0.000000e+00  0.000000e+00 -2.265981e+08
   0.000000e+00  0.000000e+00]
 [ 0.000000e+00  0.000000e+00 -6.853973e+13  0.000000e+00  4.569316e+13
   0.000000e+00  0.000000e+00  0.000000e+00  6.853973e+13  0.000000e+00
   2.284658e+13  0.000000e+00]
 [ 0.000000e+00  6.840320e+13  0.000000e+00  0.000000e+00  0.000000e+00
   4.560213e+13  0.000000e+00 -6.840320e+13  0.000000e+00  0.000000e+00
   0.000000e+00  2.280107e+13]
 [-1.619556e+08  0.000000e+00  0.000000e+00  0.000000e+00  0.000000e+00
   0.000000e+00  1.619556e+08  0.000000e+00  0.000000e+00  0.000000e+00
   0.000000e+00  0.000000e+00]
 [ 0.000000e+00 -1.026048e+14  0.000000e+00  0.000000e+00  0.000000e+00
  -6.840320e+13  0.000000e+00  1.026048e+14  0.000000e+00  0.000000e+00
   0.000000e+00 -3.420160e+13]
 [ 0.000000e+00  0.000000e+00 -1.028096e+14  0.000000e+00  6.853973e+13
   0.000000e+00  0.000000e+00  0.000000e+00  1.028096e+14  0.000000e+00
   3.426987e+13  0.000000e+00]
 [ 0.000000e+00  0.000000e+00  0.000000e+00 -2.265981e+08  0.000000e+00
   0.000000e+00  0.000000e+00  0.000000e+00  0.000000e+00  2.265981e+08
   0.000000e+00  0.000000e+00]
 [ 0.000000e+00  0.000000e+00 -3.426987e+13  0.000000e+00  2.284658e+13
   0.000000e+00  0.000000e+00  0.000000e+00  3.426987e+13  0.000000e+00
   1.142329e+13  0.000000e+00]
 [ 0.000000e+00  3.420160e+13  0.000000e+00  0.000000e+00  0.000000e+00
   2.280107e+13  0.000000e+00 -3.420160e+13  0.000000e+00  0.000000e+00
   0.000000e+00  1.140053e+13]]
2025-04-11 19:52:46,967 - pre_processing.element_library.element_1D_base - DEBUG - 
2025-04-11 19:52:46,970 - pre_processing.element_library.element_1D_base - DEBUG - 
----- Gauss Point 3/3 -----
2025-04-11 19:52:46,971 - pre_processing.element_library.element_1D_base - DEBUG - Natural Coordinate (xi): 7.745967e-01, Gauss Weight: 5.555556e-01
2025-04-11 19:52:46,972 - pre_processing.element_library.element_1D_base - DEBUG - Shape Function First Derivatives (dN_dxi):
2025-04-11 19:52:46,973 - pre_processing.element_library.element_1D_base - DEBUG - [[-0.5       0.        0.        0.        0.        0.      ]
 [ 0.       -1.04758   0.        0.        0.        0.      ]
 [ 0.        0.       -1.04758   0.        0.        0.      ]
 [ 0.        0.        0.       -0.5       0.        0.      ]
 [ 0.        0.        0.        0.        0.298387  0.      ]
 [ 0.        0.        0.        0.        0.       -0.298387]
 [ 0.5       0.        0.        0.        0.        0.      ]
 [ 0.        1.04758   0.        0.        0.        0.      ]
 [ 0.        0.        1.04758   0.        0.        0.      ]
 [ 0.        0.        0.        0.5       0.        0.      ]
 [ 0.        0.        0.        0.       -0.250807  0.      ]
 [ 0.        0.        0.        0.        0.        0.250807]]
2025-04-11 19:52:46,974 - pre_processing.element_library.element_1D_base - DEBUG - Shape Function Second Derivatives (d2N_dxi2):
2025-04-11 19:52:46,975 - pre_processing.element_library.element_1D_base - DEBUG - [[ 0.       0.       0.       0.       0.       0.     ]
 [ 0.       3.29516  0.       0.       0.       0.     ]
 [ 0.       0.       3.29516  0.       0.       0.     ]
 [ 0.       0.       0.       0.       0.       0.     ]
 [ 0.       0.       0.       0.      -0.64758  0.     ]
 [ 0.       0.       0.       0.       0.       0.64758]
 [ 0.       0.       0.       0.       0.       0.     ]
 [ 0.      -3.29516  0.       0.       0.       0.     ]
 [ 0.       0.      -3.29516  0.       0.       0.     ]
 [ 0.       0.       0.       0.       0.       0.     ]
 [ 0.       0.       0.       0.      -2.64758  0.     ]
 [ 0.       0.       0.       0.       0.       2.64758]]
2025-04-11 19:52:46,976 - pre_processing.element_library.element_1D_base - DEBUG - Strain-Displacement Matrix (B):
2025-04-11 19:52:46,977 - pre_processing.element_library.element_1D_base - DEBUG - [[ -1.        0.        0.        0.        0.        0.        1.
    0.        0.        0.        0.        0.     ]
 [  0.       13.18064   0.        0.        0.        2.59032   0.
  -13.18064   0.        0.        0.       10.59032]
 [  0.        0.       13.18064   0.       -2.59032   0.        0.
    0.      -13.18064   0.      -10.59032   0.     ]
 [  0.        0.        0.       -1.        0.        0.        0.
    0.        0.        1.        0.        0.     ]]
2025-04-11 19:52:46,978 - pre_processing.element_library.element_1D_base - DEBUG - Strain-Displacement Matrix Transpose (B.T):
2025-04-11 19:52:46,979 - pre_processing.element_library.element_1D_base - DEBUG - [[ -1.        0.        0.        0.     ]
 [  0.       13.18064   0.        0.     ]
 [  0.        0.       13.18064   0.     ]
 [  0.        0.        0.       -1.     ]
 [  0.        0.       -2.59032   0.     ]
 [  0.        2.59032   0.        0.     ]
 [  1.        0.        0.        0.     ]
 [  0.      -13.18064   0.        0.     ]
 [  0.        0.      -13.18064   0.     ]
 [  0.        0.        0.        1.     ]
 [  0.        0.      -10.59032   0.     ]
 [  0.       10.59032   0.        0.     ]]
2025-04-11 19:52:46,981 - pre_processing.element_library.element_1D_base - DEBUG - Element Stiffness Matrix Contribution at Gauss Point:
2025-04-11 19:52:46,982 - pre_processing.element_library.element_1D_base - DEBUG - [[ 1.012222e+08  0.000000e+00  0.000000e+00  0.000000e+00  0.000000e+00
   0.000000e+00 -1.012222e+08  0.000000e+00  0.000000e+00  0.000000e+00
   0.000000e+00  0.000000e+00]
 [ 0.000000e+00  1.934186e+13  0.000000e+00  0.000000e+00  0.000000e+00
   3.801151e+12  0.000000e+00 -1.934186e+13  0.000000e+00  0.000000e+00
   0.000000e+00  1.554071e+13]
 [ 0.000000e+00  0.000000e+00  1.938047e+13  0.000000e+00 -3.808738e+12
   0.000000e+00  0.000000e+00  0.000000e+00 -1.938047e+13  0.000000e+00
  -1.557173e+13  0.000000e+00]
 [ 0.000000e+00  0.000000e+00  0.000000e+00  1.416238e+08  0.000000e+00
   0.000000e+00  0.000000e+00  0.000000e+00  0.000000e+00 -1.416238e+08
   0.000000e+00  0.000000e+00]
 [ 0.000000e+00  0.000000e+00 -3.808738e+12  0.000000e+00  7.485108e+11
   0.000000e+00  0.000000e+00  0.000000e+00  3.808738e+12  0.000000e+00
   3.060228e+12  0.000000e+00]
 [ 0.000000e+00  3.801151e+12  0.000000e+00  0.000000e+00  0.000000e+00
   7.470197e+11  0.000000e+00 -3.801151e+12  0.000000e+00  0.000000e+00
   0.000000e+00  3.054131e+12]
 [-1.012222e+08  0.000000e+00  0.000000e+00  0.000000e+00  0.000000e+00
   0.000000e+00  1.012222e+08  0.000000e+00  0.000000e+00  0.000000e+00
   0.000000e+00  0.000000e+00]
 [ 0.000000e+00 -1.934186e+13  0.000000e+00  0.000000e+00  0.000000e+00
  -3.801151e+12  0.000000e+00  1.934186e+13  0.000000e+00  0.000000e+00
   0.000000e+00 -1.554071e+13]
 [ 0.000000e+00  0.000000e+00 -1.938047e+13  0.000000e+00  3.808738e+12
   0.000000e+00  0.000000e+00  0.000000e+00  1.938047e+13  0.000000e+00
   1.557173e+13  0.000000e+00]
 [ 0.000000e+00  0.000000e+00  0.000000e+00 -1.416238e+08  0.000000e+00
   0.000000e+00  0.000000e+00  0.000000e+00  0.000000e+00  1.416238e+08
   0.000000e+00  0.000000e+00]
 [ 0.000000e+00  0.000000e+00 -1.557173e+13  0.000000e+00  3.060228e+12
   0.000000e+00  0.000000e+00  0.000000e+00  1.557173e+13  0.000000e+00
   1.251150e+13  0.000000e+00]
 [ 0.000000e+00  1.554071e+13  0.000000e+00  0.000000e+00  0.000000e+00
   3.054131e+12  0.000000e+00 -1.554071e+13  0.000000e+00  0.000000e+00
   0.000000e+00  1.248658e+13]]
2025-04-11 19:52:46,984 - pre_processing.element_library.element_1D_base - DEBUG - 
2025-04-11 19:52:46,985 - pre_processing.element_library.element_1D_base - DEBUG - 
===== Final Element Stiffness Matrix (Ke) =====
2025-04-11 19:52:46,987 - pre_processing.element_library.element_1D_base - DEBUG - [[ 3.644000e+08  0.000000e+00  0.000000e+00  0.000000e+00  0.000000e+00
   0.000000e+00 -3.644000e+08  0.000000e+00  0.000000e+00  0.000000e+00
   0.000000e+00  0.000000e+00]
 [ 0.000000e+00  5.386752e+14  0.000000e+00  0.000000e+00  0.000000e+00
   3.078144e+14  0.000000e+00 -5.386752e+14  0.000000e+00  0.000000e+00
   0.000000e+00  2.308608e+14]
 [ 0.000000e+00  0.000000e+00  5.397504e+14  0.000000e+00 -3.084288e+14
   0.000000e+00  0.000000e+00  0.000000e+00 -5.397504e+14  0.000000e+00
  -2.313216e+14  0.000000e+00]
 [ 0.000000e+00  0.000000e+00  0.000000e+00  5.098456e+08  0.000000e+00
   0.000000e+00  0.000000e+00  0.000000e+00  0.000000e+00 -5.098456e+08
   0.000000e+00  0.000000e+00]
 [ 0.000000e+00  0.000000e+00 -3.084288e+14  0.000000e+00  1.799168e+14
   0.000000e+00  0.000000e+00  0.000000e+00  3.084288e+14  0.000000e+00
   1.285120e+14  0.000000e+00]
 [ 0.000000e+00  3.078144e+14  0.000000e+00  0.000000e+00  0.000000e+00
   1.795584e+14  0.000000e+00 -3.078144e+14  0.000000e+00  0.000000e+00
   0.000000e+00  1.282560e+14]
 [-3.644000e+08  0.000000e+00  0.000000e+00  0.000000e+00  0.000000e+00
   0.000000e+00  3.644000e+08  0.000000e+00  0.000000e+00  0.000000e+00
   0.000000e+00  0.000000e+00]
 [ 0.000000e+00 -5.386752e+14  0.000000e+00  0.000000e+00  0.000000e+00
  -3.078144e+14  0.000000e+00  5.386752e+14  0.000000e+00  0.000000e+00
   0.000000e+00 -2.308608e+14]
 [ 0.000000e+00  0.000000e+00 -5.397504e+14  0.000000e+00  3.084288e+14
   0.000000e+00  0.000000e+00  0.000000e+00  5.397504e+14  0.000000e+00
   2.313216e+14  0.000000e+00]
 [ 0.000000e+00  0.000000e+00  0.000000e+00 -5.098456e+08  0.000000e+00
   0.000000e+00  0.000000e+00  0.000000e+00  0.000000e+00  5.098456e+08
   0.000000e+00  0.000000e+00]
 [ 0.000000e+00  0.000000e+00 -2.313216e+14  0.000000e+00  1.285120e+14
   0.000000e+00  0.000000e+00  0.000000e+00  2.313216e+14  0.000000e+00
   1.028096e+14  0.000000e+00]
 [ 0.000000e+00  2.308608e+14  0.000000e+00  0.000000e+00  0.000000e+00
   1.282560e+14  0.000000e+00 -2.308608e+14  0.000000e+00  0.000000e+00
   0.000000e+00  1.026048e+14]]
2025-04-11 19:52:46,991 - pre_processing.element_library.element_1D_base - DEBUG - Element Stiffness Matrix Computation (Element ID: 1)
2025-04-11 19:52:46,991 - pre_processing.element_library.element_1D_base - DEBUG - Element Stiffness Matrix Computation (Element ID: 1)
2025-04-11 19:52:46,993 - pre_processing.element_library.element_1D_base - DEBUG - Element Length (L): 1.000000e+00, Jacobian determinant (detJ): 5.000000e-01
2025-04-11 19:52:46,993 - pre_processing.element_library.element_1D_base - DEBUG - Element Length (L): 1.000000e+00, Jacobian determinant (detJ): 5.000000e-01
2025-04-11 19:52:46,993 - pre_processing.element_library.element_1D_base - DEBUG - Material Stiffness Matrix (D):
2025-04-11 19:52:46,993 - pre_processing.element_library.element_1D_base - DEBUG - Material Stiffness Matrix (D):
2025-04-11 19:52:46,997 - pre_processing.element_library.element_1D_base - DEBUG - [[1.822000e+08 0.000000e+00 0.000000e+00 0.000000e+00]
 [0.000000e+00 2.004000e+11 0.000000e+00 0.000000e+00]
 [0.000000e+00 0.000000e+00 2.008000e+11 0.000000e+00]
 [0.000000e+00 0.000000e+00 0.000000e+00 2.549228e+08]]
2025-04-11 19:52:46,997 - pre_processing.element_library.element_1D_base - DEBUG - [[1.822000e+08 0.000000e+00 0.000000e+00 0.000000e+00]
 [0.000000e+00 2.004000e+11 0.000000e+00 0.000000e+00]
 [0.000000e+00 0.000000e+00 2.008000e+11 0.000000e+00]
 [0.000000e+00 0.000000e+00 0.000000e+00 2.549228e+08]]
2025-04-11 19:52:46,999 - pre_processing.element_library.element_1D_base - DEBUG - 
----- Gauss Point 1/3 -----
2025-04-11 19:52:46,999 - pre_processing.element_library.element_1D_base - DEBUG - 
----- Gauss Point 1/3 -----
2025-04-11 19:52:47,000 - pre_processing.element_library.element_1D_base - DEBUG - Natural Coordinate (xi): -7.745967e-01, Gauss Weight: 5.555556e-01
2025-04-11 19:52:47,000 - pre_processing.element_library.element_1D_base - DEBUG - Natural Coordinate (xi): -7.745967e-01, Gauss Weight: 5.555556e-01
2025-04-11 19:52:47,001 - pre_processing.element_library.element_1D_base - DEBUG - Shape Function First Derivatives (dN_dxi):
2025-04-11 19:52:47,001 - pre_processing.element_library.element_1D_base - DEBUG - Shape Function First Derivatives (dN_dxi):
2025-04-11 19:52:47,002 - pre_processing.element_library.element_1D_base - DEBUG - [[-0.5       0.        0.        0.        0.        0.      ]
 [ 0.        8.24758   0.        0.        0.        0.      ]
 [ 0.        0.        8.24758   0.        0.        0.      ]
 [ 0.        0.        0.       -0.5       0.        0.      ]
 [ 0.        0.        0.        0.       -5.898387  0.      ]
 [ 0.        0.        0.        0.        0.        5.898387]
 [ 0.5       0.        0.        0.        0.        0.      ]
 [ 0.       -8.24758   0.        0.        0.        0.      ]
 [ 0.        0.       -8.24758   0.        0.        0.      ]
 [ 0.        0.        0.        0.5       0.        0.      ]
 [ 0.        0.        0.        0.       -3.349193  0.      ]
 [ 0.        0.        0.        0.        0.        3.349193]]
2025-04-11 19:52:47,002 - pre_processing.element_library.element_1D_base - DEBUG - [[-0.5       0.        0.        0.        0.        0.      ]
 [ 0.        8.24758   0.        0.        0.        0.      ]
 [ 0.        0.        8.24758   0.        0.        0.      ]
 [ 0.        0.        0.       -0.5       0.        0.      ]
 [ 0.        0.        0.        0.       -5.898387  0.      ]
 [ 0.        0.        0.        0.        0.        5.898387]
 [ 0.5       0.        0.        0.        0.        0.      ]
 [ 0.       -8.24758   0.        0.        0.        0.      ]
 [ 0.        0.       -8.24758   0.        0.        0.      ]
 [ 0.        0.        0.        0.5       0.        0.      ]
 [ 0.        0.        0.        0.       -3.349193  0.      ]
 [ 0.        0.        0.        0.        0.        3.349193]]
2025-04-11 19:52:47,004 - pre_processing.element_library.element_1D_base - DEBUG - Shape Function Second Derivatives (d2N_dxi2):
2025-04-11 19:52:47,004 - pre_processing.element_library.element_1D_base - DEBUG - Shape Function Second Derivatives (d2N_dxi2):
2025-04-11 19:52:47,005 - pre_processing.element_library.element_1D_base - DEBUG - [[  0.        0.        0.        0.        0.        0.     ]
 [  0.      -15.29516   0.        0.        0.        0.     ]
 [  0.        0.      -15.29516   0.        0.        0.     ]
 [  0.        0.        0.        0.        0.        0.     ]
 [  0.        0.        0.        0.        8.64758   0.     ]
 [  0.        0.        0.        0.        0.       -8.64758]
 [  0.        0.        0.        0.        0.        0.     ]
 [  0.       15.29516   0.        0.        0.        0.     ]
 [  0.        0.       15.29516   0.        0.        0.     ]
 [  0.        0.        0.        0.        0.        0.     ]
 [  0.        0.        0.        0.        6.64758   0.     ]
 [  0.        0.        0.        0.        0.       -6.64758]]
2025-04-11 19:52:47,005 - pre_processing.element_library.element_1D_base - DEBUG - [[  0.        0.        0.        0.        0.        0.     ]
 [  0.      -15.29516   0.        0.        0.        0.     ]
 [  0.        0.      -15.29516   0.        0.        0.     ]
 [  0.        0.        0.        0.        0.        0.     ]
 [  0.        0.        0.        0.        8.64758   0.     ]
 [  0.        0.        0.        0.        0.       -8.64758]
 [  0.        0.        0.        0.        0.        0.     ]
 [  0.       15.29516   0.        0.        0.        0.     ]
 [  0.        0.       15.29516   0.        0.        0.     ]
 [  0.        0.        0.        0.        0.        0.     ]
 [  0.        0.        0.        0.        6.64758   0.     ]
 [  0.        0.        0.        0.        0.       -6.64758]]
2025-04-11 19:52:47,007 - pre_processing.element_library.element_1D_base - DEBUG - Strain-Displacement Matrix (B):
2025-04-11 19:52:47,007 - pre_processing.element_library.element_1D_base - DEBUG - Strain-Displacement Matrix (B):
2025-04-11 19:52:47,008 - pre_processing.element_library.element_1D_base - DEBUG - [[ -1.        0.        0.        0.        0.        0.        1.
    0.        0.        0.        0.        0.     ]
 [  0.      -61.18064   0.        0.        0.      -34.59032   0.
   61.18064   0.        0.        0.      -26.59032]
 [  0.        0.      -61.18064   0.       34.59032   0.        0.
    0.       61.18064   0.       26.59032   0.     ]
 [  0.        0.        0.       -1.        0.        0.        0.
    0.        0.        1.        0.        0.     ]]
2025-04-11 19:52:47,008 - pre_processing.element_library.element_1D_base - DEBUG - [[ -1.        0.        0.        0.        0.        0.        1.
    0.        0.        0.        0.        0.     ]
 [  0.      -61.18064   0.        0.        0.      -34.59032   0.
   61.18064   0.        0.        0.      -26.59032]
 [  0.        0.      -61.18064   0.       34.59032   0.        0.
    0.       61.18064   0.       26.59032   0.     ]
 [  0.        0.        0.       -1.        0.        0.        0.
    0.        0.        1.        0.        0.     ]]
2025-04-11 19:52:47,009 - pre_processing.element_library.element_1D_base - DEBUG - Strain-Displacement Matrix Transpose (B.T):
2025-04-11 19:52:47,009 - pre_processing.element_library.element_1D_base - DEBUG - Strain-Displacement Matrix Transpose (B.T):
2025-04-11 19:52:47,011 - pre_processing.element_library.element_1D_base - DEBUG - [[ -1.        0.        0.        0.     ]
 [  0.      -61.18064   0.        0.     ]
 [  0.        0.      -61.18064   0.     ]
 [  0.        0.        0.       -1.     ]
 [  0.        0.       34.59032   0.     ]
 [  0.      -34.59032   0.        0.     ]
 [  1.        0.        0.        0.     ]
 [  0.       61.18064   0.        0.     ]
 [  0.        0.       61.18064   0.     ]
 [  0.        0.        0.        1.     ]
 [  0.        0.       26.59032   0.     ]
 [  0.      -26.59032   0.        0.     ]]
2025-04-11 19:52:47,011 - pre_processing.element_library.element_1D_base - DEBUG - [[ -1.        0.        0.        0.     ]
 [  0.      -61.18064   0.        0.     ]
 [  0.        0.      -61.18064   0.     ]
 [  0.        0.        0.       -1.     ]
 [  0.        0.       34.59032   0.     ]
 [  0.      -34.59032   0.        0.     ]
 [  1.        0.        0.        0.     ]
 [  0.       61.18064   0.        0.     ]
 [  0.        0.       61.18064   0.     ]
 [  0.        0.        0.        1.     ]
 [  0.        0.       26.59032   0.     ]
 [  0.      -26.59032   0.        0.     ]]
2025-04-11 19:52:47,012 - pre_processing.element_library.element_1D_base - DEBUG - Element Stiffness Matrix Contribution at Gauss Point:
2025-04-11 19:52:47,012 - pre_processing.element_library.element_1D_base - DEBUG - Element Stiffness Matrix Contribution at Gauss Point:
2025-04-11 19:52:47,013 - pre_processing.element_library.element_1D_base - DEBUG - [[ 1.012222e+08  0.000000e+00  0.000000e+00  0.000000e+00  0.000000e+00
   0.000000e+00 -1.012222e+08  0.000000e+00  0.000000e+00  0.000000e+00
   0.000000e+00  0.000000e+00]
 [ 0.000000e+00  4.167285e+14  0.000000e+00  0.000000e+00  0.000000e+00
   2.356100e+14  0.000000e+00 -4.167285e+14  0.000000e+00  0.000000e+00
   0.000000e+00  1.811185e+14]
 [ 0.000000e+00  0.000000e+00  4.175603e+14  0.000000e+00 -2.360803e+14
   0.000000e+00  0.000000e+00  0.000000e+00 -4.175603e+14  0.000000e+00
  -1.814800e+14  0.000000e+00]
 [ 0.000000e+00  0.000000e+00  0.000000e+00  1.416238e+08  0.000000e+00
   0.000000e+00  0.000000e+00  0.000000e+00  0.000000e+00 -1.416238e+08
   0.000000e+00  0.000000e+00]
 [ 0.000000e+00  0.000000e+00 -2.360803e+14  0.000000e+00  1.334751e+14
   0.000000e+00  0.000000e+00  0.000000e+00  2.360803e+14  0.000000e+00
   1.026052e+14  0.000000e+00]
 [ 0.000000e+00  2.356100e+14  0.000000e+00  0.000000e+00  0.000000e+00
   1.332092e+14  0.000000e+00 -2.356100e+14  0.000000e+00  0.000000e+00
   0.000000e+00  1.024008e+14]
 [-1.012222e+08  0.000000e+00  0.000000e+00  0.000000e+00  0.000000e+00
   0.000000e+00  1.012222e+08  0.000000e+00  0.000000e+00  0.000000e+00
   0.000000e+00  0.000000e+00]
 [ 0.000000e+00 -4.167285e+14  0.000000e+00  0.000000e+00  0.000000e+00
  -2.356100e+14  0.000000e+00  4.167285e+14  0.000000e+00  0.000000e+00
   0.000000e+00 -1.811185e+14]
 [ 0.000000e+00  0.000000e+00 -4.175603e+14  0.000000e+00  2.360803e+14
   0.000000e+00  0.000000e+00  0.000000e+00  4.175603e+14  0.000000e+00
   1.814800e+14  0.000000e+00]
 [ 0.000000e+00  0.000000e+00  0.000000e+00 -1.416238e+08  0.000000e+00
   0.000000e+00  0.000000e+00  0.000000e+00  0.000000e+00  1.416238e+08
   0.000000e+00  0.000000e+00]
 [ 0.000000e+00  0.000000e+00 -1.814800e+14  0.000000e+00  1.026052e+14
   0.000000e+00  0.000000e+00  0.000000e+00  1.814800e+14  0.000000e+00
   7.887481e+13  0.000000e+00]
 [ 0.000000e+00  1.811185e+14  0.000000e+00  0.000000e+00  0.000000e+00
   1.024008e+14  0.000000e+00 -1.811185e+14  0.000000e+00  0.000000e+00
   0.000000e+00  7.871769e+13]]
2025-04-11 19:52:47,013 - pre_processing.element_library.element_1D_base - DEBUG - [[ 1.012222e+08  0.000000e+00  0.000000e+00  0.000000e+00  0.000000e+00
   0.000000e+00 -1.012222e+08  0.000000e+00  0.000000e+00  0.000000e+00
   0.000000e+00  0.000000e+00]
 [ 0.000000e+00  4.167285e+14  0.000000e+00  0.000000e+00  0.000000e+00
   2.356100e+14  0.000000e+00 -4.167285e+14  0.000000e+00  0.000000e+00
   0.000000e+00  1.811185e+14]
 [ 0.000000e+00  0.000000e+00  4.175603e+14  0.000000e+00 -2.360803e+14
   0.000000e+00  0.000000e+00  0.000000e+00 -4.175603e+14  0.000000e+00
  -1.814800e+14  0.000000e+00]
 [ 0.000000e+00  0.000000e+00  0.000000e+00  1.416238e+08  0.000000e+00
   0.000000e+00  0.000000e+00  0.000000e+00  0.000000e+00 -1.416238e+08
   0.000000e+00  0.000000e+00]
 [ 0.000000e+00  0.000000e+00 -2.360803e+14  0.000000e+00  1.334751e+14
   0.000000e+00  0.000000e+00  0.000000e+00  2.360803e+14  0.000000e+00
   1.026052e+14  0.000000e+00]
 [ 0.000000e+00  2.356100e+14  0.000000e+00  0.000000e+00  0.000000e+00
   1.332092e+14  0.000000e+00 -2.356100e+14  0.000000e+00  0.000000e+00
   0.000000e+00  1.024008e+14]
 [-1.012222e+08  0.000000e+00  0.000000e+00  0.000000e+00  0.000000e+00
   0.000000e+00  1.012222e+08  0.000000e+00  0.000000e+00  0.000000e+00
   0.000000e+00  0.000000e+00]
 [ 0.000000e+00 -4.167285e+14  0.000000e+00  0.000000e+00  0.000000e+00
  -2.356100e+14  0.000000e+00  4.167285e+14  0.000000e+00  0.000000e+00
   0.000000e+00 -1.811185e+14]
 [ 0.000000e+00  0.000000e+00 -4.175603e+14  0.000000e+00  2.360803e+14
   0.000000e+00  0.000000e+00  0.000000e+00  4.175603e+14  0.000000e+00
   1.814800e+14  0.000000e+00]
 [ 0.000000e+00  0.000000e+00  0.000000e+00 -1.416238e+08  0.000000e+00
   0.000000e+00  0.000000e+00  0.000000e+00  0.000000e+00  1.416238e+08
   0.000000e+00  0.000000e+00]
 [ 0.000000e+00  0.000000e+00 -1.814800e+14  0.000000e+00  1.026052e+14
   0.000000e+00  0.000000e+00  0.000000e+00  1.814800e+14  0.000000e+00
   7.887481e+13  0.000000e+00]
 [ 0.000000e+00  1.811185e+14  0.000000e+00  0.000000e+00  0.000000e+00
   1.024008e+14  0.000000e+00 -1.811185e+14  0.000000e+00  0.000000e+00
   0.000000e+00  7.871769e+13]]
2025-04-11 19:52:47,015 - pre_processing.element_library.element_1D_base - DEBUG - 
2025-04-11 19:52:47,015 - pre_processing.element_library.element_1D_base - DEBUG - 
2025-04-11 19:52:47,016 - pre_processing.element_library.element_1D_base - DEBUG - 
----- Gauss Point 2/3 -----
2025-04-11 19:52:47,016 - pre_processing.element_library.element_1D_base - DEBUG - 
----- Gauss Point 2/3 -----
2025-04-11 19:52:47,018 - pre_processing.element_library.element_1D_base - DEBUG - Natural Coordinate (xi): 0.000000e+00, Gauss Weight: 8.888889e-01
2025-04-11 19:52:47,018 - pre_processing.element_library.element_1D_base - DEBUG - Natural Coordinate (xi): 0.000000e+00, Gauss Weight: 8.888889e-01
2025-04-11 19:52:47,018 - pre_processing.element_library.element_1D_base - DEBUG - Shape Function First Derivatives (dN_dxi):
2025-04-11 19:52:47,018 - pre_processing.element_library.element_1D_base - DEBUG - Shape Function First Derivatives (dN_dxi):
2025-04-11 19:52:47,019 - pre_processing.element_library.element_1D_base - DEBUG - [[-0.5  0.   0.   0.   0.   0. ]
 [ 0.   0.   0.   0.   0.   0. ]
 [ 0.   0.   0.   0.   0.   0. ]
 [ 0.   0.   0.  -0.5  0.   0. ]
 [ 0.   0.   0.   0.  -1.   0. ]
 [ 0.   0.   0.   0.   0.   1. ]
 [ 0.5  0.   0.   0.   0.   0. ]
 [ 0.   0.   0.   0.   0.   0. ]
 [ 0.   0.   0.   0.   0.   0. ]
 [ 0.   0.   0.   0.5  0.   0. ]
 [ 0.   0.   0.   0.  -0.   0. ]
 [ 0.   0.   0.   0.   0.   0. ]]
2025-04-11 19:52:47,019 - pre_processing.element_library.element_1D_base - DEBUG - [[-0.5  0.   0.   0.   0.   0. ]
 [ 0.   0.   0.   0.   0.   0. ]
 [ 0.   0.   0.   0.   0.   0. ]
 [ 0.   0.   0.  -0.5  0.   0. ]
 [ 0.   0.   0.   0.  -1.   0. ]
 [ 0.   0.   0.   0.   0.   1. ]
 [ 0.5  0.   0.   0.   0.   0. ]
 [ 0.   0.   0.   0.   0.   0. ]
 [ 0.   0.   0.   0.   0.   0. ]
 [ 0.   0.   0.   0.5  0.   0. ]
 [ 0.   0.   0.   0.  -0.   0. ]
 [ 0.   0.   0.   0.   0.   0. ]]
2025-04-11 19:52:47,020 - pre_processing.element_library.element_1D_base - DEBUG - Shape Function Second Derivatives (d2N_dxi2):
2025-04-11 19:52:47,020 - pre_processing.element_library.element_1D_base - DEBUG - Shape Function Second Derivatives (d2N_dxi2):
2025-04-11 19:52:47,022 - pre_processing.element_library.element_1D_base - DEBUG - [[ 0.  0.  0.  0.  0.  0.]
 [ 0. -6.  0.  0.  0.  0.]
 [ 0.  0. -6.  0.  0.  0.]
 [ 0.  0.  0.  0.  0.  0.]
 [ 0.  0.  0.  0.  4.  0.]
 [ 0.  0.  0.  0.  0. -4.]
 [ 0.  0.  0.  0.  0.  0.]
 [ 0.  6.  0.  0.  0.  0.]
 [ 0.  0.  6.  0.  0.  0.]
 [ 0.  0.  0.  0.  0.  0.]
 [ 0.  0.  0.  0.  2.  0.]
 [ 0.  0.  0.  0.  0. -2.]]
2025-04-11 19:52:47,022 - pre_processing.element_library.element_1D_base - DEBUG - [[ 0.  0.  0.  0.  0.  0.]
 [ 0. -6.  0.  0.  0.  0.]
 [ 0.  0. -6.  0.  0.  0.]
 [ 0.  0.  0.  0.  0.  0.]
 [ 0.  0.  0.  0.  4.  0.]
 [ 0.  0.  0.  0.  0. -4.]
 [ 0.  0.  0.  0.  0.  0.]
 [ 0.  6.  0.  0.  0.  0.]
 [ 0.  0.  6.  0.  0.  0.]
 [ 0.  0.  0.  0.  0.  0.]
 [ 0.  0.  0.  0.  2.  0.]
 [ 0.  0.  0.  0.  0. -2.]]
2025-04-11 19:52:47,023 - pre_processing.element_library.element_1D_base - DEBUG - Strain-Displacement Matrix (B):
2025-04-11 19:52:47,023 - pre_processing.element_library.element_1D_base - DEBUG - Strain-Displacement Matrix (B):
2025-04-11 19:52:47,024 - pre_processing.element_library.element_1D_base - DEBUG - [[ -1.   0.   0.   0.   0.   0.   1.   0.   0.   0.   0.   0.]
 [  0. -24.   0.   0.   0. -16.   0.  24.   0.   0.   0.  -8.]
 [  0.   0. -24.   0.  16.   0.   0.   0.  24.   0.   8.   0.]
 [  0.   0.   0.  -1.   0.   0.   0.   0.   0.   1.   0.   0.]]
2025-04-11 19:52:47,024 - pre_processing.element_library.element_1D_base - DEBUG - [[ -1.   0.   0.   0.   0.   0.   1.   0.   0.   0.   0.   0.]
 [  0. -24.   0.   0.   0. -16.   0.  24.   0.   0.   0.  -8.]
 [  0.   0. -24.   0.  16.   0.   0.   0.  24.   0.   8.   0.]
 [  0.   0.   0.  -1.   0.   0.   0.   0.   0.   1.   0.   0.]]
2025-04-11 19:52:47,025 - pre_processing.element_library.element_1D_base - DEBUG - Strain-Displacement Matrix Transpose (B.T):
2025-04-11 19:52:47,025 - pre_processing.element_library.element_1D_base - DEBUG - Strain-Displacement Matrix Transpose (B.T):
2025-04-11 19:52:47,027 - pre_processing.element_library.element_1D_base - DEBUG - [[ -1.   0.   0.   0.]
 [  0. -24.   0.   0.]
 [  0.   0. -24.   0.]
 [  0.   0.   0.  -1.]
 [  0.   0.  16.   0.]
 [  0. -16.   0.   0.]
 [  1.   0.   0.   0.]
 [  0.  24.   0.   0.]
 [  0.   0.  24.   0.]
 [  0.   0.   0.   1.]
 [  0.   0.   8.   0.]
 [  0.  -8.   0.   0.]]
2025-04-11 19:52:47,027 - pre_processing.element_library.element_1D_base - DEBUG - [[ -1.   0.   0.   0.]
 [  0. -24.   0.   0.]
 [  0.   0. -24.   0.]
 [  0.   0.   0.  -1.]
 [  0.   0.  16.   0.]
 [  0. -16.   0.   0.]
 [  1.   0.   0.   0.]
 [  0.  24.   0.   0.]
 [  0.   0.  24.   0.]
 [  0.   0.   0.   1.]
 [  0.   0.   8.   0.]
 [  0.  -8.   0.   0.]]
2025-04-11 19:52:47,028 - pre_processing.element_library.element_1D_base - DEBUG - Element Stiffness Matrix Contribution at Gauss Point:
2025-04-11 19:52:47,028 - pre_processing.element_library.element_1D_base - DEBUG - Element Stiffness Matrix Contribution at Gauss Point:
2025-04-11 19:52:47,029 - pre_processing.element_library.element_1D_base - DEBUG - [[ 1.619556e+08  0.000000e+00  0.000000e+00  0.000000e+00  0.000000e+00
   0.000000e+00 -1.619556e+08  0.000000e+00  0.000000e+00  0.000000e+00
   0.000000e+00  0.000000e+00]
 [ 0.000000e+00  1.026048e+14  0.000000e+00  0.000000e+00  0.000000e+00
   6.840320e+13  0.000000e+00 -1.026048e+14  0.000000e+00  0.000000e+00
   0.000000e+00  3.420160e+13]
 [ 0.000000e+00  0.000000e+00  1.028096e+14  0.000000e+00 -6.853973e+13
   0.000000e+00  0.000000e+00  0.000000e+00 -1.028096e+14  0.000000e+00
  -3.426987e+13  0.000000e+00]
 [ 0.000000e+00  0.000000e+00  0.000000e+00  2.265981e+08  0.000000e+00
   0.000000e+00  0.000000e+00  0.000000e+00  0.000000e+00 -2.265981e+08
   0.000000e+00  0.000000e+00]
 [ 0.000000e+00  0.000000e+00 -6.853973e+13  0.000000e+00  4.569316e+13
   0.000000e+00  0.000000e+00  0.000000e+00  6.853973e+13  0.000000e+00
   2.284658e+13  0.000000e+00]
 [ 0.000000e+00  6.840320e+13  0.000000e+00  0.000000e+00  0.000000e+00
   4.560213e+13  0.000000e+00 -6.840320e+13  0.000000e+00  0.000000e+00
   0.000000e+00  2.280107e+13]
 [-1.619556e+08  0.000000e+00  0.000000e+00  0.000000e+00  0.000000e+00
   0.000000e+00  1.619556e+08  0.000000e+00  0.000000e+00  0.000000e+00
   0.000000e+00  0.000000e+00]
 [ 0.000000e+00 -1.026048e+14  0.000000e+00  0.000000e+00  0.000000e+00
  -6.840320e+13  0.000000e+00  1.026048e+14  0.000000e+00  0.000000e+00
   0.000000e+00 -3.420160e+13]
 [ 0.000000e+00  0.000000e+00 -1.028096e+14  0.000000e+00  6.853973e+13
   0.000000e+00  0.000000e+00  0.000000e+00  1.028096e+14  0.000000e+00
   3.426987e+13  0.000000e+00]
 [ 0.000000e+00  0.000000e+00  0.000000e+00 -2.265981e+08  0.000000e+00
   0.000000e+00  0.000000e+00  0.000000e+00  0.000000e+00  2.265981e+08
   0.000000e+00  0.000000e+00]
 [ 0.000000e+00  0.000000e+00 -3.426987e+13  0.000000e+00  2.284658e+13
   0.000000e+00  0.000000e+00  0.000000e+00  3.426987e+13  0.000000e+00
   1.142329e+13  0.000000e+00]
 [ 0.000000e+00  3.420160e+13  0.000000e+00  0.000000e+00  0.000000e+00
   2.280107e+13  0.000000e+00 -3.420160e+13  0.000000e+00  0.000000e+00
   0.000000e+00  1.140053e+13]]
2025-04-11 19:52:47,029 - pre_processing.element_library.element_1D_base - DEBUG - [[ 1.619556e+08  0.000000e+00  0.000000e+00  0.000000e+00  0.000000e+00
   0.000000e+00 -1.619556e+08  0.000000e+00  0.000000e+00  0.000000e+00
   0.000000e+00  0.000000e+00]
 [ 0.000000e+00  1.026048e+14  0.000000e+00  0.000000e+00  0.000000e+00
   6.840320e+13  0.000000e+00 -1.026048e+14  0.000000e+00  0.000000e+00
   0.000000e+00  3.420160e+13]
 [ 0.000000e+00  0.000000e+00  1.028096e+14  0.000000e+00 -6.853973e+13
   0.000000e+00  0.000000e+00  0.000000e+00 -1.028096e+14  0.000000e+00
  -3.426987e+13  0.000000e+00]
 [ 0.000000e+00  0.000000e+00  0.000000e+00  2.265981e+08  0.000000e+00
   0.000000e+00  0.000000e+00  0.000000e+00  0.000000e+00 -2.265981e+08
   0.000000e+00  0.000000e+00]
 [ 0.000000e+00  0.000000e+00 -6.853973e+13  0.000000e+00  4.569316e+13
   0.000000e+00  0.000000e+00  0.000000e+00  6.853973e+13  0.000000e+00
   2.284658e+13  0.000000e+00]
 [ 0.000000e+00  6.840320e+13  0.000000e+00  0.000000e+00  0.000000e+00
   4.560213e+13  0.000000e+00 -6.840320e+13  0.000000e+00  0.000000e+00
   0.000000e+00  2.280107e+13]
 [-1.619556e+08  0.000000e+00  0.000000e+00  0.000000e+00  0.000000e+00
   0.000000e+00  1.619556e+08  0.000000e+00  0.000000e+00  0.000000e+00
   0.000000e+00  0.000000e+00]
 [ 0.000000e+00 -1.026048e+14  0.000000e+00  0.000000e+00  0.000000e+00
  -6.840320e+13  0.000000e+00  1.026048e+14  0.000000e+00  0.000000e+00
   0.000000e+00 -3.420160e+13]
 [ 0.000000e+00  0.000000e+00 -1.028096e+14  0.000000e+00  6.853973e+13
   0.000000e+00  0.000000e+00  0.000000e+00  1.028096e+14  0.000000e+00
   3.426987e+13  0.000000e+00]
 [ 0.000000e+00  0.000000e+00  0.000000e+00 -2.265981e+08  0.000000e+00
   0.000000e+00  0.000000e+00  0.000000e+00  0.000000e+00  2.265981e+08
   0.000000e+00  0.000000e+00]
 [ 0.000000e+00  0.000000e+00 -3.426987e+13  0.000000e+00  2.284658e+13
   0.000000e+00  0.000000e+00  0.000000e+00  3.426987e+13  0.000000e+00
   1.142329e+13  0.000000e+00]
 [ 0.000000e+00  3.420160e+13  0.000000e+00  0.000000e+00  0.000000e+00
   2.280107e+13  0.000000e+00 -3.420160e+13  0.000000e+00  0.000000e+00
   0.000000e+00  1.140053e+13]]
2025-04-11 19:52:47,031 - pre_processing.element_library.element_1D_base - DEBUG - 
2025-04-11 19:52:47,031 - pre_processing.element_library.element_1D_base - DEBUG - 
2025-04-11 19:52:47,032 - pre_processing.element_library.element_1D_base - DEBUG - 
----- Gauss Point 3/3 -----
2025-04-11 19:52:47,032 - pre_processing.element_library.element_1D_base - DEBUG - 
----- Gauss Point 3/3 -----
2025-04-11 19:52:47,034 - pre_processing.element_library.element_1D_base - DEBUG - Natural Coordinate (xi): 7.745967e-01, Gauss Weight: 5.555556e-01
2025-04-11 19:52:47,034 - pre_processing.element_library.element_1D_base - DEBUG - Natural Coordinate (xi): 7.745967e-01, Gauss Weight: 5.555556e-01
2025-04-11 19:52:47,034 - pre_processing.element_library.element_1D_base - DEBUG - Shape Function First Derivatives (dN_dxi):
2025-04-11 19:52:47,034 - pre_processing.element_library.element_1D_base - DEBUG - Shape Function First Derivatives (dN_dxi):
2025-04-11 19:52:47,036 - pre_processing.element_library.element_1D_base - DEBUG - [[-0.5       0.        0.        0.        0.        0.      ]
 [ 0.       -1.04758   0.        0.        0.        0.      ]
 [ 0.        0.       -1.04758   0.        0.        0.      ]
 [ 0.        0.        0.       -0.5       0.        0.      ]
 [ 0.        0.        0.        0.        0.298387  0.      ]
 [ 0.        0.        0.        0.        0.       -0.298387]
 [ 0.5       0.        0.        0.        0.        0.      ]
 [ 0.        1.04758   0.        0.        0.        0.      ]
 [ 0.        0.        1.04758   0.        0.        0.      ]
 [ 0.        0.        0.        0.5       0.        0.      ]
 [ 0.        0.        0.        0.       -0.250807  0.      ]
 [ 0.        0.        0.        0.        0.        0.250807]]
2025-04-11 19:52:47,036 - pre_processing.element_library.element_1D_base - DEBUG - [[-0.5       0.        0.        0.        0.        0.      ]
 [ 0.       -1.04758   0.        0.        0.        0.      ]
 [ 0.        0.       -1.04758   0.        0.        0.      ]
 [ 0.        0.        0.       -0.5       0.        0.      ]
 [ 0.        0.        0.        0.        0.298387  0.      ]
 [ 0.        0.        0.        0.        0.       -0.298387]
 [ 0.5       0.        0.        0.        0.        0.      ]
 [ 0.        1.04758   0.        0.        0.        0.      ]
 [ 0.        0.        1.04758   0.        0.        0.      ]
 [ 0.        0.        0.        0.5       0.        0.      ]
 [ 0.        0.        0.        0.       -0.250807  0.      ]
 [ 0.        0.        0.        0.        0.        0.250807]]
2025-04-11 19:52:47,037 - pre_processing.element_library.element_1D_base - DEBUG - Shape Function Second Derivatives (d2N_dxi2):
2025-04-11 19:52:47,037 - pre_processing.element_library.element_1D_base - DEBUG - Shape Function Second Derivatives (d2N_dxi2):
2025-04-11 19:52:47,039 - pre_processing.element_library.element_1D_base - DEBUG - [[ 0.       0.       0.       0.       0.       0.     ]
 [ 0.       3.29516  0.       0.       0.       0.     ]
 [ 0.       0.       3.29516  0.       0.       0.     ]
 [ 0.       0.       0.       0.       0.       0.     ]
 [ 0.       0.       0.       0.      -0.64758  0.     ]
 [ 0.       0.       0.       0.       0.       0.64758]
 [ 0.       0.       0.       0.       0.       0.     ]
 [ 0.      -3.29516  0.       0.       0.       0.     ]
 [ 0.       0.      -3.29516  0.       0.       0.     ]
 [ 0.       0.       0.       0.       0.       0.     ]
 [ 0.       0.       0.       0.      -2.64758  0.     ]
 [ 0.       0.       0.       0.       0.       2.64758]]
2025-04-11 19:52:47,039 - pre_processing.element_library.element_1D_base - DEBUG - [[ 0.       0.       0.       0.       0.       0.     ]
 [ 0.       3.29516  0.       0.       0.       0.     ]
 [ 0.       0.       3.29516  0.       0.       0.     ]
 [ 0.       0.       0.       0.       0.       0.     ]
 [ 0.       0.       0.       0.      -0.64758  0.     ]
 [ 0.       0.       0.       0.       0.       0.64758]
 [ 0.       0.       0.       0.       0.       0.     ]
 [ 0.      -3.29516  0.       0.       0.       0.     ]
 [ 0.       0.      -3.29516  0.       0.       0.     ]
 [ 0.       0.       0.       0.       0.       0.     ]
 [ 0.       0.       0.       0.      -2.64758  0.     ]
 [ 0.       0.       0.       0.       0.       2.64758]]
2025-04-11 19:52:47,040 - pre_processing.element_library.element_1D_base - DEBUG - Strain-Displacement Matrix (B):
2025-04-11 19:52:47,040 - pre_processing.element_library.element_1D_base - DEBUG - Strain-Displacement Matrix (B):
2025-04-11 19:52:47,042 - pre_processing.element_library.element_1D_base - DEBUG - [[ -1.        0.        0.        0.        0.        0.        1.
    0.        0.        0.        0.        0.     ]
 [  0.       13.18064   0.        0.        0.        2.59032   0.
  -13.18064   0.        0.        0.       10.59032]
 [  0.        0.       13.18064   0.       -2.59032   0.        0.
    0.      -13.18064   0.      -10.59032   0.     ]
 [  0.        0.        0.       -1.        0.        0.        0.
    0.        0.        1.        0.        0.     ]]
2025-04-11 19:52:47,042 - pre_processing.element_library.element_1D_base - DEBUG - [[ -1.        0.        0.        0.        0.        0.        1.
    0.        0.        0.        0.        0.     ]
 [  0.       13.18064   0.        0.        0.        2.59032   0.
  -13.18064   0.        0.        0.       10.59032]
 [  0.        0.       13.18064   0.       -2.59032   0.        0.
    0.      -13.18064   0.      -10.59032   0.     ]
 [  0.        0.        0.       -1.        0.        0.        0.
    0.        0.        1.        0.        0.     ]]
2025-04-11 19:52:47,043 - pre_processing.element_library.element_1D_base - DEBUG - Strain-Displacement Matrix Transpose (B.T):
2025-04-11 19:52:47,043 - pre_processing.element_library.element_1D_base - DEBUG - Strain-Displacement Matrix Transpose (B.T):
2025-04-11 19:52:47,044 - pre_processing.element_library.element_1D_base - DEBUG - [[ -1.        0.        0.        0.     ]
 [  0.       13.18064   0.        0.     ]
 [  0.        0.       13.18064   0.     ]
 [  0.        0.        0.       -1.     ]
 [  0.        0.       -2.59032   0.     ]
 [  0.        2.59032   0.        0.     ]
 [  1.        0.        0.        0.     ]
 [  0.      -13.18064   0.        0.     ]
 [  0.        0.      -13.18064   0.     ]
 [  0.        0.        0.        1.     ]
 [  0.        0.      -10.59032   0.     ]
 [  0.       10.59032   0.        0.     ]]
2025-04-11 19:52:47,044 - pre_processing.element_library.element_1D_base - DEBUG - [[ -1.        0.        0.        0.     ]
 [  0.       13.18064   0.        0.     ]
 [  0.        0.       13.18064   0.     ]
 [  0.        0.        0.       -1.     ]
 [  0.        0.       -2.59032   0.     ]
 [  0.        2.59032   0.        0.     ]
 [  1.        0.        0.        0.     ]
 [  0.      -13.18064   0.        0.     ]
 [  0.        0.      -13.18064   0.     ]
 [  0.        0.        0.        1.     ]
 [  0.        0.      -10.59032   0.     ]
 [  0.       10.59032   0.        0.     ]]
2025-04-11 19:52:47,045 - pre_processing.element_library.element_1D_base - DEBUG - Element Stiffness Matrix Contribution at Gauss Point:
2025-04-11 19:52:47,045 - pre_processing.element_library.element_1D_base - DEBUG - Element Stiffness Matrix Contribution at Gauss Point:
2025-04-11 19:52:47,047 - pre_processing.element_library.element_1D_base - DEBUG - [[ 1.012222e+08  0.000000e+00  0.000000e+00  0.000000e+00  0.000000e+00
   0.000000e+00 -1.012222e+08  0.000000e+00  0.000000e+00  0.000000e+00
   0.000000e+00  0.000000e+00]
 [ 0.000000e+00  1.934186e+13  0.000000e+00  0.000000e+00  0.000000e+00
   3.801151e+12  0.000000e+00 -1.934186e+13  0.000000e+00  0.000000e+00
   0.000000e+00  1.554071e+13]
 [ 0.000000e+00  0.000000e+00  1.938047e+13  0.000000e+00 -3.808738e+12
   0.000000e+00  0.000000e+00  0.000000e+00 -1.938047e+13  0.000000e+00
  -1.557173e+13  0.000000e+00]
 [ 0.000000e+00  0.000000e+00  0.000000e+00  1.416238e+08  0.000000e+00
   0.000000e+00  0.000000e+00  0.000000e+00  0.000000e+00 -1.416238e+08
   0.000000e+00  0.000000e+00]
 [ 0.000000e+00  0.000000e+00 -3.808738e+12  0.000000e+00  7.485108e+11
   0.000000e+00  0.000000e+00  0.000000e+00  3.808738e+12  0.000000e+00
   3.060228e+12  0.000000e+00]
 [ 0.000000e+00  3.801151e+12  0.000000e+00  0.000000e+00  0.000000e+00
   7.470197e+11  0.000000e+00 -3.801151e+12  0.000000e+00  0.000000e+00
   0.000000e+00  3.054131e+12]
 [-1.012222e+08  0.000000e+00  0.000000e+00  0.000000e+00  0.000000e+00
   0.000000e+00  1.012222e+08  0.000000e+00  0.000000e+00  0.000000e+00
   0.000000e+00  0.000000e+00]
 [ 0.000000e+00 -1.934186e+13  0.000000e+00  0.000000e+00  0.000000e+00
  -3.801151e+12  0.000000e+00  1.934186e+13  0.000000e+00  0.000000e+00
   0.000000e+00 -1.554071e+13]
 [ 0.000000e+00  0.000000e+00 -1.938047e+13  0.000000e+00  3.808738e+12
   0.000000e+00  0.000000e+00  0.000000e+00  1.938047e+13  0.000000e+00
   1.557173e+13  0.000000e+00]
 [ 0.000000e+00  0.000000e+00  0.000000e+00 -1.416238e+08  0.000000e+00
   0.000000e+00  0.000000e+00  0.000000e+00  0.000000e+00  1.416238e+08
   0.000000e+00  0.000000e+00]
 [ 0.000000e+00  0.000000e+00 -1.557173e+13  0.000000e+00  3.060228e+12
   0.000000e+00  0.000000e+00  0.000000e+00  1.557173e+13  0.000000e+00
   1.251150e+13  0.000000e+00]
 [ 0.000000e+00  1.554071e+13  0.000000e+00  0.000000e+00  0.000000e+00
   3.054131e+12  0.000000e+00 -1.554071e+13  0.000000e+00  0.000000e+00
   0.000000e+00  1.248658e+13]]
2025-04-11 19:52:47,047 - pre_processing.element_library.element_1D_base - DEBUG - [[ 1.012222e+08  0.000000e+00  0.000000e+00  0.000000e+00  0.000000e+00
   0.000000e+00 -1.012222e+08  0.000000e+00  0.000000e+00  0.000000e+00
   0.000000e+00  0.000000e+00]
 [ 0.000000e+00  1.934186e+13  0.000000e+00  0.000000e+00  0.000000e+00
   3.801151e+12  0.000000e+00 -1.934186e+13  0.000000e+00  0.000000e+00
   0.000000e+00  1.554071e+13]
 [ 0.000000e+00  0.000000e+00  1.938047e+13  0.000000e+00 -3.808738e+12
   0.000000e+00  0.000000e+00  0.000000e+00 -1.938047e+13  0.000000e+00
  -1.557173e+13  0.000000e+00]
 [ 0.000000e+00  0.000000e+00  0.000000e+00  1.416238e+08  0.000000e+00
   0.000000e+00  0.000000e+00  0.000000e+00  0.000000e+00 -1.416238e+08
   0.000000e+00  0.000000e+00]
 [ 0.000000e+00  0.000000e+00 -3.808738e+12  0.000000e+00  7.485108e+11
   0.000000e+00  0.000000e+00  0.000000e+00  3.808738e+12  0.000000e+00
   3.060228e+12  0.000000e+00]
 [ 0.000000e+00  3.801151e+12  0.000000e+00  0.000000e+00  0.000000e+00
   7.470197e+11  0.000000e+00 -3.801151e+12  0.000000e+00  0.000000e+00
   0.000000e+00  3.054131e+12]
 [-1.012222e+08  0.000000e+00  0.000000e+00  0.000000e+00  0.000000e+00
   0.000000e+00  1.012222e+08  0.000000e+00  0.000000e+00  0.000000e+00
   0.000000e+00  0.000000e+00]
 [ 0.000000e+00 -1.934186e+13  0.000000e+00  0.000000e+00  0.000000e+00
  -3.801151e+12  0.000000e+00  1.934186e+13  0.000000e+00  0.000000e+00
   0.000000e+00 -1.554071e+13]
 [ 0.000000e+00  0.000000e+00 -1.938047e+13  0.000000e+00  3.808738e+12
   0.000000e+00  0.000000e+00  0.000000e+00  1.938047e+13  0.000000e+00
   1.557173e+13  0.000000e+00]
 [ 0.000000e+00  0.000000e+00  0.000000e+00 -1.416238e+08  0.000000e+00
   0.000000e+00  0.000000e+00  0.000000e+00  0.000000e+00  1.416238e+08
   0.000000e+00  0.000000e+00]
 [ 0.000000e+00  0.000000e+00 -1.557173e+13  0.000000e+00  3.060228e+12
   0.000000e+00  0.000000e+00  0.000000e+00  1.557173e+13  0.000000e+00
   1.251150e+13  0.000000e+00]
 [ 0.000000e+00  1.554071e+13  0.000000e+00  0.000000e+00  0.000000e+00
   3.054131e+12  0.000000e+00 -1.554071e+13  0.000000e+00  0.000000e+00
   0.000000e+00  1.248658e+13]]
2025-04-11 19:52:47,048 - pre_processing.element_library.element_1D_base - DEBUG - 
2025-04-11 19:52:47,048 - pre_processing.element_library.element_1D_base - DEBUG - 
2025-04-11 19:52:47,049 - pre_processing.element_library.element_1D_base - DEBUG - 
===== Final Element Stiffness Matrix (Ke) =====
2025-04-11 19:52:47,049 - pre_processing.element_library.element_1D_base - DEBUG - 
===== Final Element Stiffness Matrix (Ke) =====
2025-04-11 19:52:47,051 - pre_processing.element_library.element_1D_base - DEBUG - [[ 3.644000e+08  0.000000e+00  0.000000e+00  0.000000e+00  0.000000e+00
   0.000000e+00 -3.644000e+08  0.000000e+00  0.000000e+00  0.000000e+00
   0.000000e+00  0.000000e+00]
 [ 0.000000e+00  5.386752e+14  0.000000e+00  0.000000e+00  0.000000e+00
   3.078144e+14  0.000000e+00 -5.386752e+14  0.000000e+00  0.000000e+00
   0.000000e+00  2.308608e+14]
 [ 0.000000e+00  0.000000e+00  5.397504e+14  0.000000e+00 -3.084288e+14
   0.000000e+00  0.000000e+00  0.000000e+00 -5.397504e+14  0.000000e+00
  -2.313216e+14  0.000000e+00]
 [ 0.000000e+00  0.000000e+00  0.000000e+00  5.098456e+08  0.000000e+00
   0.000000e+00  0.000000e+00  0.000000e+00  0.000000e+00 -5.098456e+08
   0.000000e+00  0.000000e+00]
 [ 0.000000e+00  0.000000e+00 -3.084288e+14  0.000000e+00  1.799168e+14
   0.000000e+00  0.000000e+00  0.000000e+00  3.084288e+14  0.000000e+00
   1.285120e+14  0.000000e+00]
 [ 0.000000e+00  3.078144e+14  0.000000e+00  0.000000e+00  0.000000e+00
   1.795584e+14  0.000000e+00 -3.078144e+14  0.000000e+00  0.000000e+00
   0.000000e+00  1.282560e+14]
 [-3.644000e+08  0.000000e+00  0.000000e+00  0.000000e+00  0.000000e+00
   0.000000e+00  3.644000e+08  0.000000e+00  0.000000e+00  0.000000e+00
   0.000000e+00  0.000000e+00]
 [ 0.000000e+00 -5.386752e+14  0.000000e+00  0.000000e+00  0.000000e+00
  -3.078144e+14  0.000000e+00  5.386752e+14  0.000000e+00  0.000000e+00
   0.000000e+00 -2.308608e+14]
 [ 0.000000e+00  0.000000e+00 -5.397504e+14  0.000000e+00  3.084288e+14
   0.000000e+00  0.000000e+00  0.000000e+00  5.397504e+14  0.000000e+00
   2.313216e+14  0.000000e+00]
 [ 0.000000e+00  0.000000e+00  0.000000e+00 -5.098456e+08  0.000000e+00
   0.000000e+00  0.000000e+00  0.000000e+00  0.000000e+00  5.098456e+08
   0.000000e+00  0.000000e+00]
 [ 0.000000e+00  0.000000e+00 -2.313216e+14  0.000000e+00  1.285120e+14
   0.000000e+00  0.000000e+00  0.000000e+00  2.313216e+14  0.000000e+00
   1.028096e+14  0.000000e+00]
 [ 0.000000e+00  2.308608e+14  0.000000e+00  0.000000e+00  0.000000e+00
   1.282560e+14  0.000000e+00 -2.308608e+14  0.000000e+00  0.000000e+00
   0.000000e+00  1.026048e+14]]
2025-04-11 19:52:47,051 - pre_processing.element_library.element_1D_base - DEBUG - [[ 3.644000e+08  0.000000e+00  0.000000e+00  0.000000e+00  0.000000e+00
   0.000000e+00 -3.644000e+08  0.000000e+00  0.000000e+00  0.000000e+00
   0.000000e+00  0.000000e+00]
 [ 0.000000e+00  5.386752e+14  0.000000e+00  0.000000e+00  0.000000e+00
   3.078144e+14  0.000000e+00 -5.386752e+14  0.000000e+00  0.000000e+00
   0.000000e+00  2.308608e+14]
 [ 0.000000e+00  0.000000e+00  5.397504e+14  0.000000e+00 -3.084288e+14
   0.000000e+00  0.000000e+00  0.000000e+00 -5.397504e+14  0.000000e+00
  -2.313216e+14  0.000000e+00]
 [ 0.000000e+00  0.000000e+00  0.000000e+00  5.098456e+08  0.000000e+00
   0.000000e+00  0.000000e+00  0.000000e+00  0.000000e+00 -5.098456e+08
   0.000000e+00  0.000000e+00]
 [ 0.000000e+00  0.000000e+00 -3.084288e+14  0.000000e+00  1.799168e+14
   0.000000e+00  0.000000e+00  0.000000e+00  3.084288e+14  0.000000e+00
   1.285120e+14  0.000000e+00]
 [ 0.000000e+00  3.078144e+14  0.000000e+00  0.000000e+00  0.000000e+00
   1.795584e+14  0.000000e+00 -3.078144e+14  0.000000e+00  0.000000e+00
   0.000000e+00  1.282560e+14]
 [-3.644000e+08  0.000000e+00  0.000000e+00  0.000000e+00  0.000000e+00
   0.000000e+00  3.644000e+08  0.000000e+00  0.000000e+00  0.000000e+00
   0.000000e+00  0.000000e+00]
 [ 0.000000e+00 -5.386752e+14  0.000000e+00  0.000000e+00  0.000000e+00
  -3.078144e+14  0.000000e+00  5.386752e+14  0.000000e+00  0.000000e+00
   0.000000e+00 -2.308608e+14]
 [ 0.000000e+00  0.000000e+00 -5.397504e+14  0.000000e+00  3.084288e+14
   0.000000e+00  0.000000e+00  0.000000e+00  5.397504e+14  0.000000e+00
   2.313216e+14  0.000000e+00]
 [ 0.000000e+00  0.000000e+00  0.000000e+00 -5.098456e+08  0.000000e+00
   0.000000e+00  0.000000e+00  0.000000e+00  0.000000e+00  5.098456e+08
   0.000000e+00  0.000000e+00]
 [ 0.000000e+00  0.000000e+00 -2.313216e+14  0.000000e+00  1.285120e+14
   0.000000e+00  0.000000e+00  0.000000e+00  2.313216e+14  0.000000e+00
   1.028096e+14  0.000000e+00]
 [ 0.000000e+00  2.308608e+14  0.000000e+00  0.000000e+00  0.000000e+00
   1.282560e+14  0.000000e+00 -2.308608e+14  0.000000e+00  0.000000e+00
   0.000000e+00  1.026048e+14]]
2025-04-11 19:52:47,157 - pre_processing.element_library.element_1D_base - DEBUG - Element Force Vector Computation (Element ID: 0)
2025-04-11 19:52:47,157 - pre_processing.element_library.element_1D_base - DEBUG - Element Force Vector Computation (Element ID: 0)
2025-04-11 19:52:47,159 - pre_processing.element_library.element_1D_base - DEBUG - 
===== Final Element Force Vector =====
2025-04-11 19:52:47,159 - pre_processing.element_library.element_1D_base - DEBUG - 
===== Final Element Force Vector =====
2025-04-11 19:52:47,161 - pre_processing.element_library.element_1D_base - DEBUG - [[0. 0. 0. 0. 0. 0. 0. 0. 0. 0. 0. 0.]]
2025-04-11 19:52:47,161 - pre_processing.element_library.element_1D_base - DEBUG - [[0. 0. 0. 0. 0. 0. 0. 0. 0. 0. 0. 0.]]
2025-04-11 19:52:47,167 - pre_processing.element_library.element_1D_base - DEBUG - Element Force Vector Computation (Element ID: 1)
2025-04-11 19:52:47,167 - pre_processing.element_library.element_1D_base - DEBUG - Element Force Vector Computation (Element ID: 1)
2025-04-11 19:52:47,169 - pre_processing.element_library.element_1D_base - DEBUG - 
Point Load at x_p = 2.000000e+00 (xi_p = 1.000000e+00)
2025-04-11 19:52:47,169 - pre_processing.element_library.element_1D_base - DEBUG - 
Point Load at x_p = 2.000000e+00 (xi_p = 1.000000e+00)
2025-04-11 19:52:47,172 - pre_processing.element_library.element_1D_base - DEBUG - Point Load Vector (F_p): [      0. -100000.       0.       0.       0.       0.]
2025-04-11 19:52:47,172 - pre_processing.element_library.element_1D_base - DEBUG - Point Load Vector (F_p): [      0. -100000.       0.       0.       0.       0.]
2025-04-11 19:52:47,174 - pre_processing.element_library.element_1D_base - DEBUG - Shape Function Values at Load Point:
2025-04-11 19:52:47,174 - pre_processing.element_library.element_1D_base - DEBUG - Shape Function Values at Load Point:
2025-04-11 19:52:47,177 - pre_processing.element_library.element_1D_base - DEBUG - [[ 0.  0.  0.  0.  0.  0.]
 [ 0.  0.  0.  0.  0.  0.]
 [ 0.  0.  0.  0.  0.  0.]
 [ 0.  0.  0.  0.  0.  0.]
 [ 0.  0.  0.  0. -2.  0.]
 [ 0.  0.  0.  0.  0.  0.]
 [ 1.  0.  0.  0.  0.  0.]
 [ 0.  1.  0.  0.  0.  0.]
 [ 0.  0.  1.  0.  0.  0.]
 [ 0.  0.  0.  1.  0.  0.]
 [ 0.  0.  0.  0. -0.  0.]
 [ 0.  0.  0.  0.  0.  0.]]
2025-04-11 19:52:47,177 - pre_processing.element_library.element_1D_base - DEBUG - [[ 0.  0.  0.  0.  0.  0.]
 [ 0.  0.  0.  0.  0.  0.]
 [ 0.  0.  0.  0.  0.  0.]
 [ 0.  0.  0.  0.  0.  0.]
 [ 0.  0.  0.  0. -2.  0.]
 [ 0.  0.  0.  0.  0.  0.]
 [ 1.  0.  0.  0.  0.  0.]
 [ 0.  1.  0.  0.  0.  0.]
 [ 0.  0.  1.  0.  0.  0.]
 [ 0.  0.  0.  1.  0.  0.]
 [ 0.  0.  0.  0. -0.  0.]
 [ 0.  0.  0.  0.  0.  0.]]
2025-04-11 19:52:47,179 - pre_processing.element_library.element_1D_base - DEBUG - Separated Translational Contribution:
2025-04-11 19:52:47,179 - pre_processing.element_library.element_1D_base - DEBUG - Separated Translational Contribution:
2025-04-11 19:52:47,180 - pre_processing.element_library.element_1D_base - DEBUG - [[      0.       0.       0.       0. -100000.       0.]]
2025-04-11 19:52:47,180 - pre_processing.element_library.element_1D_base - DEBUG - [[      0.       0.       0.       0. -100000.       0.]]
2025-04-11 19:52:47,182 - pre_processing.element_library.element_1D_base - DEBUG - Separated Rotational Contribution:
2025-04-11 19:52:47,182 - pre_processing.element_library.element_1D_base - DEBUG - Separated Rotational Contribution:
2025-04-11 19:52:47,184 - pre_processing.element_library.element_1D_base - DEBUG - [[0. 0. 0. 0. 0. 0.]]
2025-04-11 19:52:47,184 - pre_processing.element_library.element_1D_base - DEBUG - [[0. 0. 0. 0. 0. 0.]]
2025-04-11 19:52:47,187 - pre_processing.element_library.element_1D_base - DEBUG - Updated Element Force Vector:
2025-04-11 19:52:47,187 - pre_processing.element_library.element_1D_base - DEBUG - Updated Element Force Vector:
2025-04-11 19:52:47,189 - pre_processing.element_library.element_1D_base - DEBUG - [[      0.       0.       0.       0.       0.       0.       0. -100000.
        0.       0.       0.       0.]]
2025-04-11 19:52:47,189 - pre_processing.element_library.element_1D_base - DEBUG - [[      0.       0.       0.       0.       0.       0.       0. -100000.
        0.       0.       0.       0.]]
2025-04-11 19:52:47,190 - pre_processing.element_library.element_1D_base - DEBUG - 
===== Final Element Force Vector =====
2025-04-11 19:52:47,190 - pre_processing.element_library.element_1D_base - DEBUG - 
===== Final Element Force Vector =====
2025-04-11 19:52:47,193 - pre_processing.element_library.element_1D_base - DEBUG - [[      0.       0.       0.       0.       0.       0.       0. -100000.
        0.       0.       0.       0.]]
2025-04-11 19:52:47,193 - pre_processing.element_library.element_1D_base - DEBUG - [[      0.       0.       0.       0.       0.       0.       0. -100000.
        0.       0.       0.       0.]]
