Machine Specifications:
   - OS: Windows 11 (10.0.22631)
   - CPU: Intel64 Family 6 Model 151 Stepping 2, GenuineIntel (20 cores)
   - RAM: 31.24 GB
   - Python Version: 3.12.5

Job: job_0008
Timestamp (job start): 2025-04-11_19-52-48
Total Time: 1.88 sec

+-------------------------------+-------------+---------------+-------------+-----------+
| Step                          |    Time (s) |   Memory (MB) |   Disk (GB) |   CPU (%) |
+===============================+=============+===============+=============+===========+
| Parsing                       | 0.00801444  |       105.707 |     788.545 |         0 |
+-------------------------------+-------------+---------------+-------------+-----------+
| Element Instantiation         | 0.000948668 |       105.754 |     788.545 |         0 |
+-------------------------------+-------------+---------------+-------------+-----------+
| Element Stiffness Computation | 0.123122    |       106.008 |     788.546 |         0 |
+-------------------------------+-------------+---------------+-------------+-----------+
| Element Force Computation     | 0.039062    |       106.035 |     788.546 |         0 |
+-------------------------------+-------------+---------------+-------------+-----------+
| Setup Simulation              | 0           |       106.062 |     788.547 |         0 |
+-------------------------------+-------------+---------------+-------------+-----------+
| Assemble Global Matrices      | 0.0196936   |       106.848 |     788.548 |         0 |
+-------------------------------+-------------+---------------+-------------+-----------+
| Modify Global Matrices        | 0.0175407   |       107.062 |     788.548 |         0 |
+-------------------------------+-------------+---------------+-------------+-----------+
| Solve Linear Static System    | 0.468587    |       125.34  |     788.55  |         0 |
+-------------------------------+-------------+---------------+-------------+-----------+
| Compute Primary Results       | 0.00941467  |       125.344 |     788.551 |         0 |
+-------------------------------+-------------+---------------+-------------+-----------+
| Save Primary Results          | 0.0707715   |       125.344 |     788.551 |         0 |
+-------------------------------+-------------+---------------+-------------+-----------+

Parallel Jobs: job_0007
Start Memory: 105.61 MB | End Memory: 125.34 MB
Start Disk Usage: 788.54 GB | End Disk Usage: 788.55 GB
Start CPU: 0.00% | End CPU: 0.00%
