2025-04-11 19:52:48,069 - DEBUG - 🔧 Beginning displacement reconstruction.
2025-04-11 19:52:48,070 - DEBUG - 📌 Total DOFs in system: 18
2025-04-11 19:52:48,071 - DEBUG - 📌 Condensed DOFs count: 12
2025-04-11 19:52:48,071 - DEBUG - 📌 Active DOFs indices: [ 6  7  8  9 10 11 12 13 14 15 16 17]
2025-04-11 19:52:48,074 - DEBUG - 📐 Initialized global displacement array with zeros.
2025-04-11 19:52:48,075 - DEBUG - Mapped condensed displacement U_cond[0] = 0.000000e+00 to global DOF 6.
2025-04-11 19:52:48,075 - DEBUG - Mapped condensed displacement U_cond[1] = -1.689330e-08 to global DOF 7.
2025-04-11 19:52:48,076 - DEBUG - Mapped condensed displacement U_cond[2] = 0.000000e+00 to global DOF 8.
2025-04-11 19:52:48,083 - DEBUG - Mapped condensed displacement U_cond[3] = 0.000000e+00 to global DOF 9.
2025-04-11 19:52:48,084 - DEBUG - Mapped condensed displacement U_cond[4] = 0.000000e+00 to global DOF 10.
2025-04-11 19:52:48,085 - DEBUG - Mapped condensed displacement U_cond[5] = -3.898453e-08 to global DOF 11.
2025-04-11 19:52:48,086 - DEBUG - Mapped condensed displacement U_cond[6] = 0.000000e+00 to global DOF 12.
2025-04-11 19:52:48,087 - DEBUG - Mapped condensed displacement U_cond[7] = -6.107577e-08 to global DOF 13.
2025-04-11 19:52:48,088 - DEBUG - Mapped condensed displacement U_cond[8] = 0.000000e+00 to global DOF 14.
2025-04-11 19:52:48,089 - DEBUG - Mapped condensed displacement U_cond[9] = 0.000000e+00 to global DOF 15.
2025-04-11 19:52:48,090 - DEBUG - Mapped condensed displacement U_cond[10] = 0.000000e+00 to global DOF 16.
2025-04-11 19:52:48,092 - DEBUG - Mapped condensed displacement U_cond[11] = -5.067989e-08 to global DOF 17.
2025-04-11 19:52:48,093 - INFO - ✅ Successfully mapped all condensed displacements back to global vector.
2025-04-11 19:52:48,101 - DEBUG - 📝 Logged detailed DOF mapping.
2025-04-11 19:52:48,107 - INFO - 📘 Reconstruction log updated with structured displacement data.
08
   2 →    8: 0.000000e+00
   3 →    9: 0.000000e+00
   4 →   10: 0.000000e+00
   5 →   11: -3.898453e-08
   6 →   12: 0.000000e+00
   7 →   13: -6.107577e-08
   8 →   14: 0.000000e+00
   9 →   15: 0.000000e+00
  10 →   16: 0.000000e+00
  11 →   17: -5.067989e-08

📊 Full reconstructed displacement vector:
    Global DOF  Displacement
0            0  0.000000e+00
1            1  0.000000e+00
2            2  0.000000e+00
3            3  0.000000e+00
4            4  0.000000e+00
5            5  0.000000e+00
6            6  0.000000e+00
7            7 -1.689330e-08
8            8  0.000000e+00
9            9  0.000000e+00
10          10  0.000000e+00
11          11 -3.898453e-08
12          12  0.000000e+00
13          13 -6.107577e-08
14          14  0.000000e+00
15          15  0.000000e+00
16          16  0.000000e+00
17          17 -5.067989e-08