2025-04-08 17:27:15,667 - INFO - 🔧 Starting global matrix assembly...
2025-04-08 17:27:15,668 - DEBUG - This detailed log is written to the assembly.log file
2025-04-08 17:27:15,668 - INFO - Total DOFs: 18, Elements count: 2

DOF mappings per element:
Element 0: DOF mapping = [ 0  1  2  3  4  5  6  7  8  9 10 11]
Element 1: DOF mapping = [ 6  7  8  9 10 11 12 13 14 15 16 17]
2025-04-08 17:27:15,668 - INFO - 🔧 Assembling global stiffness matrix...
2025-04-08 17:27:15,669 - INFO - ✅ Stiffness matrix assembled.
2025-04-08 17:27:15,669 - INFO - 🔧 Assembling force vector...
2025-04-08 17:27:15,669 - INFO - ✅ Force vector assembled.

Full K_global Matrix:
            0           1           2           3           4           5           6           7           8           9           10          11          12          13          14          15          16          17
0   4.5550e+07  0.0000e+00  0.0000e+00  0.0000e+00  0.0000e+00  0.0000e+00 -4.5550e+07  0.0000e+00  0.0000e+00  0.0000e+00  0.0000e+00  0.0000e+00  0.0000e+00  0.0000e+00  0.0000e+00  0.0000e+00  0.0000e+00  0.0000e+00
1   0.0000e+00  1.6834e+13  0.0000e+00  0.0000e+00  0.0000e+00  9.6192e+12  0.0000e+00 -1.6834e+13  0.0000e+00  0.0000e+00  0.0000e+00  7.2144e+12  0.0000e+00  0.0000e+00  0.0000e+00  0.0000e+00  0.0000e+00  0.0000e+00
2   0.0000e+00  0.0000e+00  1.6867e+13  0.0000e+00 -9.6384e+12  0.0000e+00  0.0000e+00  0.0000e+00 -1.6867e+13  0.0000e+00 -7.2288e+12  0.0000e+00  0.0000e+00  0.0000e+00  0.0000e+00  0.0000e+00  0.0000e+00  0.0000e+00
3   0.0000e+00  0.0000e+00  0.0000e+00  6.3731e+07  0.0000e+00  0.0000e+00  0.0000e+00  0.0000e+00  0.0000e+00 -6.3731e+07  0.0000e+00  0.0000e+00  0.0000e+00  0.0000e+00  0.0000e+00  0.0000e+00  0.0000e+00  0.0000e+00
4   0.0000e+00  0.0000e+00 -9.6384e+12  0.0000e+00  5.6224e+12  0.0000e+00  0.0000e+00  0.0000e+00  9.6384e+12  0.0000e+00  4.0160e+12  0.0000e+00  0.0000e+00  0.0000e+00  0.0000e+00  0.0000e+00  0.0000e+00  0.0000e+00
5   0.0000e+00  9.6192e+12  0.0000e+00  0.0000e+00  0.0000e+00  5.6112e+12  0.0000e+00 -9.6192e+12  0.0000e+00  0.0000e+00  0.0000e+00  4.0080e+12  0.0000e+00  0.0000e+00  0.0000e+00  0.0000e+00  0.0000e+00  0.0000e+00
6  -4.5550e+07  0.0000e+00  0.0000e+00  0.0000e+00  0.0000e+00  0.0000e+00  9.1100e+07  0.0000e+00  0.0000e+00  0.0000e+00  0.0000e+00  0.0000e+00 -4.5550e+07  0.0000e+00  0.0000e+00  0.0000e+00  0.0000e+00  0.0000e+00
7   0.0000e+00 -1.6834e+13  0.0000e+00  0.0000e+00  0.0000e+00 -9.6192e+12  0.0000e+00  3.3667e+13  0.0000e+00  0.0000e+00  0.0000e+00  2.4048e+12  0.0000e+00 -1.6834e+13  0.0000e+00  0.0000e+00  0.0000e+00  7.2144e+12
8   0.0000e+00  0.0000e+00 -1.6867e+13  0.0000e+00  9.6384e+12  0.0000e+00  0.0000e+00  0.0000e+00  3.3734e+13  0.0000e+00 -2.4096e+12  0.0000e+00  0.0000e+00  0.0000e+00 -1.6867e+13  0.0000e+00 -7.2288e+12  0.0000e+00
9   0.0000e+00  0.0000e+00  0.0000e+00 -6.3731e+07  0.0000e+00  0.0000e+00  0.0000e+00  0.0000e+00  0.0000e+00  1.2746e+08  0.0000e+00  0.0000e+00  0.0000e+00  0.0000e+00  0.0000e+00 -6.3731e+07  0.0000e+00  0.0000e+00
10  0.0000e+00  0.0000e+00 -7.2288e+12  0.0000e+00  4.0160e+12  0.0000e+00  0.0000e+00  0.0000e+00 -2.4096e+12  0.0000e+00  8.8352e+12  0.0000e+00  0.0000e+00  0.0000e+00  9.6384e+12  0.0000e+00  4.0160e+12  0.0000e+00
11  0.0000e+00  7.2144e+12  0.0000e+00  0.0000e+00  0.0000e+00  4.0080e+12  0.0000e+00  2.4048e+12  0.0000e+00  0.0000e+00  0.0000e+00  8.8176e+12  0.0000e+00 -9.6192e+12  0.0000e+00  0.0000e+00  0.0000e+00  4.0080e+12
12  0.0000e+00  0.0000e+00  0.0000e+00  0.0000e+00  0.0000e+00  0.0000e+00 -4.5550e+07  0.0000e+00  0.0000e+00  0.0000e+00  0.0000e+00  0.0000e+00  4.5550e+07  0.0000e+00  0.0000e+00  0.0000e+00  0.0000e+00  0.0000e+00
13  0.0000e+00  0.0000e+00  0.0000e+00  0.0000e+00  0.0000e+00  0.0000e+00  0.0000e+00 -1.6834e+13  0.0000e+00  0.0000e+00  0.0000e+00 -9.6192e+12  0.0000e+00  1.6834e+13  0.0000e+00  0.0000e+00  0.0000e+00 -7.2144e+12
14  0.0000e+00  0.0000e+00  0.0000e+00  0.0000e+00  0.0000e+00  0.0000e+00  0.0000e+00  0.0000e+00 -1.6867e+13  0.0000e+00  9.6384e+12  0.0000e+00  0.0000e+00  0.0000e+00  1.6867e+13  0.0000e+00  7.2288e+12  0.0000e+00
15  0.0000e+00  0.0000e+00  0.0000e+00  0.0000e+00  0.0000e+00  0.0000e+00  0.0000e+00  0.0000e+00  0.0000e+00 -6.3731e+07  0.0000e+00  0.0000e+00  0.0000e+00  0.0000e+00  0.0000e+00  6.3731e+07  0.0000e+00  0.0000e+00
16  0.0000e+00  0.0000e+00  0.0000e+00  0.0000e+00  0.0000e+00  0.0000e+00  0.0000e+00  0.0000e+00 -7.2288e+12  0.0000e+00  4.0160e+12  0.0000e+00  0.0000e+00  0.0000e+00  7.2288e+12  0.0000e+00  3.2128e+12  0.0000e+00
17  0.0000e+00  0.0000e+00  0.0000e+00  0.0000e+00  0.0000e+00  0.0000e+00  0.0000e+00  7.2144e+12  0.0000e+00  0.0000e+00  0.0000e+00  4.0080e+12  0.0000e+00 -7.2144e+12  0.0000e+00  0.0000e+00  0.0000e+00  3.2064e+12

Full F_global Vector:
             Force
DOF 0   0.0000e+00
DOF 1   0.0000e+00
DOF 2   0.0000e+00
DOF 3   0.0000e+00
DOF 4   0.0000e+00
DOF 5   0.0000e+00
DOF 6   0.0000e+00
DOF 7   0.0000e+00
DOF 8   0.0000e+00
DOF 9   0.0000e+00
DOF 10  0.0000e+00
DOF 11  0.0000e+00
DOF 12  0.0000e+00
DOF 13 -1.0000e+05
DOF 14  0.0000e+00
DOF 15  0.0000e+00
DOF 16  0.0000e+00
DOF 17  0.0000e+00
2025-04-08 17:27:15,673 - INFO - ✅ Assembly complete.
