2025-04-08 17:27:15,132 - pre_processing.element_library.element_1D_base - DEBUG - Element Stiffness Matrix Computation (Element ID: 0)
2025-04-08 17:27:15,135 - pre_processing.element_library.element_1D_base - DEBUG - Element Length (L): 1.000000e+00, Jacobian determinant (detJ): 5.000000e-01
2025-04-08 17:27:15,136 - pre_processing.element_library.element_1D_base - DEBUG - Material Stiffness Matrix (D):
2025-04-08 17:27:15,138 - pre_processing.element_library.element_1D_base - DEBUG - [[1.822000e+08 0.000000e+00 0.000000e+00 0.000000e+00]
 [0.000000e+00 2.004000e+11 0.000000e+00 0.000000e+00]
 [0.000000e+00 0.000000e+00 2.008000e+11 0.000000e+00]
 [0.000000e+00 0.000000e+00 0.000000e+00 2.549228e+08]]
2025-04-08 17:27:15,139 - pre_processing.element_library.element_1D_base - DEBUG - 
----- Gauss Point 1/3 -----
2025-04-08 17:27:15,141 - pre_processing.element_library.element_1D_base - DEBUG - Natural Coordinate (xi): -7.745967e-01, Gauss Weight: 5.555556e-01
2025-04-08 17:27:15,141 - pre_processing.element_library.element_1D_base - DEBUG - Shape Function First Derivatives (dN_dxi):
2025-04-08 17:27:15,142 - pre_processing.element_library.element_1D_base - DEBUG - [[-0.5       0.        0.        0.        0.        0.      ]
 [ 0.        8.24758   0.        0.        0.        0.      ]
 [ 0.        0.        8.24758   0.        0.        0.      ]
 [ 0.        0.        0.       -0.5       0.        0.      ]
 [ 0.        0.        0.        0.       -5.898387  0.      ]
 [ 0.        0.        0.        0.        0.        5.898387]
 [ 0.5       0.        0.        0.        0.        0.      ]
 [ 0.       -8.24758   0.        0.        0.        0.      ]
 [ 0.        0.       -8.24758   0.        0.        0.      ]
 [ 0.        0.        0.        0.5       0.        0.      ]
 [ 0.        0.        0.        0.       -3.349193  0.      ]
 [ 0.        0.        0.        0.        0.        3.349193]]
2025-04-08 17:27:15,145 - pre_processing.element_library.element_1D_base - DEBUG - Shape Function Second Derivatives (d2N_dxi2):
2025-04-08 17:27:15,148 - pre_processing.element_library.element_1D_base - DEBUG - [[  0.        0.        0.        0.        0.        0.     ]
 [  0.      -15.29516   0.        0.        0.        0.     ]
 [  0.        0.      -15.29516   0.        0.        0.     ]
 [  0.        0.        0.        0.        0.        0.     ]
 [  0.        0.        0.        0.        8.64758   0.     ]
 [  0.        0.        0.        0.        0.       -8.64758]
 [  0.        0.        0.        0.        0.        0.     ]
 [  0.       15.29516   0.        0.        0.        0.     ]
 [  0.        0.       15.29516   0.        0.        0.     ]
 [  0.        0.        0.        0.        0.        0.     ]
 [  0.        0.        0.        0.        6.64758   0.     ]
 [  0.        0.        0.        0.        0.       -6.64758]]
2025-04-08 17:27:15,152 - pre_processing.element_library.element_1D_base - DEBUG - Strain-Displacement Matrix (B):
2025-04-08 17:27:15,153 - pre_processing.element_library.element_1D_base - DEBUG - [[ -0.5       0.        0.        0.        0.        0.        0.5
    0.        0.        0.        0.        0.     ]
 [  0.      -15.29516   0.        0.        0.       -8.64758   0.
   15.29516   0.        0.        0.       -6.64758]
 [  0.        0.      -15.29516   0.        8.64758   0.        0.
    0.       15.29516   0.        6.64758   0.     ]
 [  0.        0.        0.       -0.5       0.        0.        0.
    0.        0.        0.5       0.        0.     ]]
2025-04-08 17:27:15,154 - pre_processing.element_library.element_1D_base - DEBUG - Strain-Displacement Matrix Transpose (B.T):
2025-04-08 17:27:15,158 - pre_processing.element_library.element_1D_base - DEBUG - [[ -0.5       0.        0.        0.     ]
 [  0.      -15.29516   0.        0.     ]
 [  0.        0.      -15.29516   0.     ]
 [  0.        0.        0.       -0.5    ]
 [  0.        0.        8.64758   0.     ]
 [  0.       -8.64758   0.        0.     ]
 [  0.5       0.        0.        0.     ]
 [  0.       15.29516   0.        0.     ]
 [  0.        0.       15.29516   0.     ]
 [  0.        0.        0.        0.5    ]
 [  0.        0.        6.64758   0.     ]
 [  0.       -6.64758   0.        0.     ]]
2025-04-08 17:27:15,159 - pre_processing.element_library.element_1D_base - DEBUG - Element Stiffness Matrix Contribution at Gauss Point:
2025-04-08 17:27:15,161 - pre_processing.element_library.element_1D_base - DEBUG - [[ 1.265278e+07  0.000000e+00  0.000000e+00  0.000000e+00  0.000000e+00
   0.000000e+00 -1.265278e+07  0.000000e+00  0.000000e+00  0.000000e+00
   0.000000e+00  0.000000e+00]
 [ 0.000000e+00  1.302277e+13  0.000000e+00  0.000000e+00  0.000000e+00
   7.362814e+12  0.000000e+00 -1.302277e+13  0.000000e+00  0.000000e+00
   0.000000e+00  5.659953e+12]
 [ 0.000000e+00  0.000000e+00  1.304876e+13  0.000000e+00 -7.377510e+12
   0.000000e+00  0.000000e+00  0.000000e+00 -1.304876e+13  0.000000e+00
  -5.671250e+12  0.000000e+00]
 [ 0.000000e+00  0.000000e+00  0.000000e+00  1.770297e+07  0.000000e+00
   0.000000e+00  0.000000e+00  0.000000e+00  0.000000e+00 -1.770297e+07
   0.000000e+00  0.000000e+00]
 [ 0.000000e+00  0.000000e+00 -7.377510e+12  0.000000e+00  4.171098e+12
   0.000000e+00  0.000000e+00  0.000000e+00  7.377510e+12  0.000000e+00
   3.206412e+12  0.000000e+00]
 [ 0.000000e+00  7.362814e+12  0.000000e+00  0.000000e+00  0.000000e+00
   4.162789e+12  0.000000e+00 -7.362814e+12  0.000000e+00  0.000000e+00
   0.000000e+00  3.200025e+12]
 [-1.265278e+07  0.000000e+00  0.000000e+00  0.000000e+00  0.000000e+00
   0.000000e+00  1.265278e+07  0.000000e+00  0.000000e+00  0.000000e+00
   0.000000e+00  0.000000e+00]
 [ 0.000000e+00 -1.302277e+13  0.000000e+00  0.000000e+00  0.000000e+00
  -7.362814e+12  0.000000e+00  1.302277e+13  0.000000e+00  0.000000e+00
   0.000000e+00 -5.659953e+12]
 [ 0.000000e+00  0.000000e+00 -1.304876e+13  0.000000e+00  7.377510e+12
   0.000000e+00  0.000000e+00  0.000000e+00  1.304876e+13  0.000000e+00
   5.671250e+12  0.000000e+00]
 [ 0.000000e+00  0.000000e+00  0.000000e+00 -1.770297e+07  0.000000e+00
   0.000000e+00  0.000000e+00  0.000000e+00  0.000000e+00  1.770297e+07
   0.000000e+00  0.000000e+00]
 [ 0.000000e+00  0.000000e+00 -5.671250e+12  0.000000e+00  3.206412e+12
   0.000000e+00  0.000000e+00  0.000000e+00  5.671250e+12  0.000000e+00
   2.464838e+12  0.000000e+00]
 [ 0.000000e+00  5.659953e+12  0.000000e+00  0.000000e+00  0.000000e+00
   3.200025e+12  0.000000e+00 -5.659953e+12  0.000000e+00  0.000000e+00
   0.000000e+00  2.459928e+12]]
2025-04-08 17:27:15,163 - pre_processing.element_library.element_1D_base - DEBUG - 
2025-04-08 17:27:15,165 - pre_processing.element_library.element_1D_base - DEBUG - 
----- Gauss Point 2/3 -----
2025-04-08 17:27:15,165 - pre_processing.element_library.element_1D_base - DEBUG - Natural Coordinate (xi): 0.000000e+00, Gauss Weight: 8.888889e-01
2025-04-08 17:27:15,166 - pre_processing.element_library.element_1D_base - DEBUG - Shape Function First Derivatives (dN_dxi):
2025-04-08 17:27:15,168 - pre_processing.element_library.element_1D_base - DEBUG - [[-0.5  0.   0.   0.   0.   0. ]
 [ 0.   0.   0.   0.   0.   0. ]
 [ 0.   0.   0.   0.   0.   0. ]
 [ 0.   0.   0.  -0.5  0.   0. ]
 [ 0.   0.   0.   0.  -1.   0. ]
 [ 0.   0.   0.   0.   0.   1. ]
 [ 0.5  0.   0.   0.   0.   0. ]
 [ 0.   0.   0.   0.   0.   0. ]
 [ 0.   0.   0.   0.   0.   0. ]
 [ 0.   0.   0.   0.5  0.   0. ]
 [ 0.   0.   0.   0.  -0.   0. ]
 [ 0.   0.   0.   0.   0.   0. ]]
2025-04-08 17:27:15,168 - pre_processing.element_library.element_1D_base - DEBUG - Shape Function Second Derivatives (d2N_dxi2):
2025-04-08 17:27:15,178 - pre_processing.element_library.element_1D_base - DEBUG - [[ 0.  0.  0.  0.  0.  0.]
 [ 0. -6.  0.  0.  0.  0.]
 [ 0.  0. -6.  0.  0.  0.]
 [ 0.  0.  0.  0.  0.  0.]
 [ 0.  0.  0.  0.  4.  0.]
 [ 0.  0.  0.  0.  0. -4.]
 [ 0.  0.  0.  0.  0.  0.]
 [ 0.  6.  0.  0.  0.  0.]
 [ 0.  0.  6.  0.  0.  0.]
 [ 0.  0.  0.  0.  0.  0.]
 [ 0.  0.  0.  0.  2.  0.]
 [ 0.  0.  0.  0.  0. -2.]]
2025-04-08 17:27:15,180 - pre_processing.element_library.element_1D_base - DEBUG - Strain-Displacement Matrix (B):
2025-04-08 17:27:15,182 - pre_processing.element_library.element_1D_base - DEBUG - [[-0.5  0.   0.   0.   0.   0.   0.5  0.   0.   0.   0.   0. ]
 [ 0.  -6.   0.   0.   0.  -4.   0.   6.   0.   0.   0.  -2. ]
 [ 0.   0.  -6.   0.   4.   0.   0.   0.   6.   0.   2.   0. ]
 [ 0.   0.   0.  -0.5  0.   0.   0.   0.   0.   0.5  0.   0. ]]
2025-04-08 17:27:15,188 - pre_processing.element_library.element_1D_base - DEBUG - Strain-Displacement Matrix Transpose (B.T):
2025-04-08 17:27:15,190 - pre_processing.element_library.element_1D_base - DEBUG - [[-0.5  0.   0.   0. ]
 [ 0.  -6.   0.   0. ]
 [ 0.   0.  -6.   0. ]
 [ 0.   0.   0.  -0.5]
 [ 0.   0.   4.   0. ]
 [ 0.  -4.   0.   0. ]
 [ 0.5  0.   0.   0. ]
 [ 0.   6.   0.   0. ]
 [ 0.   0.   6.   0. ]
 [ 0.   0.   0.   0.5]
 [ 0.   0.   2.   0. ]
 [ 0.  -2.   0.   0. ]]
2025-04-08 17:27:15,192 - pre_processing.element_library.element_1D_base - DEBUG - Element Stiffness Matrix Contribution at Gauss Point:
2025-04-08 17:27:15,193 - pre_processing.element_library.element_1D_base - DEBUG - [[ 2.024444e+07  0.000000e+00  0.000000e+00  0.000000e+00  0.000000e+00
   0.000000e+00 -2.024444e+07  0.000000e+00  0.000000e+00  0.000000e+00
   0.000000e+00  0.000000e+00]
 [ 0.000000e+00  3.206400e+12  0.000000e+00  0.000000e+00  0.000000e+00
   2.137600e+12  0.000000e+00 -3.206400e+12  0.000000e+00  0.000000e+00
   0.000000e+00  1.068800e+12]
 [ 0.000000e+00  0.000000e+00  3.212800e+12  0.000000e+00 -2.141867e+12
   0.000000e+00  0.000000e+00  0.000000e+00 -3.212800e+12  0.000000e+00
  -1.070933e+12  0.000000e+00]
 [ 0.000000e+00  0.000000e+00  0.000000e+00  2.832476e+07  0.000000e+00
   0.000000e+00  0.000000e+00  0.000000e+00  0.000000e+00 -2.832476e+07
   0.000000e+00  0.000000e+00]
 [ 0.000000e+00  0.000000e+00 -2.141867e+12  0.000000e+00  1.427911e+12
   0.000000e+00  0.000000e+00  0.000000e+00  2.141867e+12  0.000000e+00
   7.139556e+11  0.000000e+00]
 [ 0.000000e+00  2.137600e+12  0.000000e+00  0.000000e+00  0.000000e+00
   1.425067e+12  0.000000e+00 -2.137600e+12  0.000000e+00  0.000000e+00
   0.000000e+00  7.125333e+11]
 [-2.024444e+07  0.000000e+00  0.000000e+00  0.000000e+00  0.000000e+00
   0.000000e+00  2.024444e+07  0.000000e+00  0.000000e+00  0.000000e+00
   0.000000e+00  0.000000e+00]
 [ 0.000000e+00 -3.206400e+12  0.000000e+00  0.000000e+00  0.000000e+00
  -2.137600e+12  0.000000e+00  3.206400e+12  0.000000e+00  0.000000e+00
   0.000000e+00 -1.068800e+12]
 [ 0.000000e+00  0.000000e+00 -3.212800e+12  0.000000e+00  2.141867e+12
   0.000000e+00  0.000000e+00  0.000000e+00  3.212800e+12  0.000000e+00
   1.070933e+12  0.000000e+00]
 [ 0.000000e+00  0.000000e+00  0.000000e+00 -2.832476e+07  0.000000e+00
   0.000000e+00  0.000000e+00  0.000000e+00  0.000000e+00  2.832476e+07
   0.000000e+00  0.000000e+00]
 [ 0.000000e+00  0.000000e+00 -1.070933e+12  0.000000e+00  7.139556e+11
   0.000000e+00  0.000000e+00  0.000000e+00  1.070933e+12  0.000000e+00
   3.569778e+11  0.000000e+00]
 [ 0.000000e+00  1.068800e+12  0.000000e+00  0.000000e+00  0.000000e+00
   7.125333e+11  0.000000e+00 -1.068800e+12  0.000000e+00  0.000000e+00
   0.000000e+00  3.562667e+11]]
2025-04-08 17:27:15,198 - pre_processing.element_library.element_1D_base - DEBUG - 
2025-04-08 17:27:15,200 - pre_processing.element_library.element_1D_base - DEBUG - 
----- Gauss Point 3/3 -----
2025-04-08 17:27:15,201 - pre_processing.element_library.element_1D_base - DEBUG - Natural Coordinate (xi): 7.745967e-01, Gauss Weight: 5.555556e-01
2025-04-08 17:27:15,202 - pre_processing.element_library.element_1D_base - DEBUG - Shape Function First Derivatives (dN_dxi):
2025-04-08 17:27:15,203 - pre_processing.element_library.element_1D_base - DEBUG - [[-0.5       0.        0.        0.        0.        0.      ]
 [ 0.       -1.04758   0.        0.        0.        0.      ]
 [ 0.        0.       -1.04758   0.        0.        0.      ]
 [ 0.        0.        0.       -0.5       0.        0.      ]
 [ 0.        0.        0.        0.        0.298387  0.      ]
 [ 0.        0.        0.        0.        0.       -0.298387]
 [ 0.5       0.        0.        0.        0.        0.      ]
 [ 0.        1.04758   0.        0.        0.        0.      ]
 [ 0.        0.        1.04758   0.        0.        0.      ]
 [ 0.        0.        0.        0.5       0.        0.      ]
 [ 0.        0.        0.        0.       -0.250807  0.      ]
 [ 0.        0.        0.        0.        0.        0.250807]]
2025-04-08 17:27:15,205 - pre_processing.element_library.element_1D_base - DEBUG - Shape Function Second Derivatives (d2N_dxi2):
2025-04-08 17:27:15,207 - pre_processing.element_library.element_1D_base - DEBUG - [[ 0.       0.       0.       0.       0.       0.     ]
 [ 0.       3.29516  0.       0.       0.       0.     ]
 [ 0.       0.       3.29516  0.       0.       0.     ]
 [ 0.       0.       0.       0.       0.       0.     ]
 [ 0.       0.       0.       0.      -0.64758  0.     ]
 [ 0.       0.       0.       0.       0.       0.64758]
 [ 0.       0.       0.       0.       0.       0.     ]
 [ 0.      -3.29516  0.       0.       0.       0.     ]
 [ 0.       0.      -3.29516  0.       0.       0.     ]
 [ 0.       0.       0.       0.       0.       0.     ]
 [ 0.       0.       0.       0.      -2.64758  0.     ]
 [ 0.       0.       0.       0.       0.       2.64758]]
2025-04-08 17:27:15,209 - pre_processing.element_library.element_1D_base - DEBUG - Strain-Displacement Matrix (B):
2025-04-08 17:27:15,210 - pre_processing.element_library.element_1D_base - DEBUG - [[-0.5      0.       0.       0.       0.       0.       0.5      0.
   0.       0.       0.       0.     ]
 [ 0.       3.29516  0.       0.       0.       0.64758  0.      -3.29516
   0.       0.       0.       2.64758]
 [ 0.       0.       3.29516  0.      -0.64758  0.       0.       0.
  -3.29516  0.      -2.64758  0.     ]
 [ 0.       0.       0.      -0.5      0.       0.       0.       0.
   0.       0.5      0.       0.     ]]
2025-04-08 17:27:15,211 - pre_processing.element_library.element_1D_base - DEBUG - Strain-Displacement Matrix Transpose (B.T):
2025-04-08 17:27:15,213 - pre_processing.element_library.element_1D_base - DEBUG - [[-0.5      0.       0.       0.     ]
 [ 0.       3.29516  0.       0.     ]
 [ 0.       0.       3.29516  0.     ]
 [ 0.       0.       0.      -0.5    ]
 [ 0.       0.      -0.64758  0.     ]
 [ 0.       0.64758  0.       0.     ]
 [ 0.5      0.       0.       0.     ]
 [ 0.      -3.29516  0.       0.     ]
 [ 0.       0.      -3.29516  0.     ]
 [ 0.       0.       0.       0.5    ]
 [ 0.       0.      -2.64758  0.     ]
 [ 0.       2.64758  0.       0.     ]]
2025-04-08 17:27:15,215 - pre_processing.element_library.element_1D_base - DEBUG - Element Stiffness Matrix Contribution at Gauss Point:
2025-04-08 17:27:15,219 - pre_processing.element_library.element_1D_base - DEBUG - [[ 1.265278e+07  0.000000e+00  0.000000e+00  0.000000e+00  0.000000e+00
   0.000000e+00 -1.265278e+07  0.000000e+00  0.000000e+00  0.000000e+00
   0.000000e+00  0.000000e+00]
 [ 0.000000e+00  6.044331e+11  0.000000e+00  0.000000e+00  0.000000e+00
   1.187860e+11  0.000000e+00 -6.044331e+11  0.000000e+00  0.000000e+00
   0.000000e+00  4.856471e+11]
 [ 0.000000e+00  0.000000e+00  6.056396e+11  0.000000e+00 -1.190231e+11
   0.000000e+00  0.000000e+00  0.000000e+00 -6.056396e+11  0.000000e+00
  -4.866165e+11  0.000000e+00]
 [ 0.000000e+00  0.000000e+00  0.000000e+00  1.770297e+07  0.000000e+00
   0.000000e+00  0.000000e+00  0.000000e+00  0.000000e+00 -1.770297e+07
   0.000000e+00  0.000000e+00]
 [ 0.000000e+00  0.000000e+00 -1.190231e+11  0.000000e+00  2.339096e+10
   0.000000e+00  0.000000e+00  0.000000e+00  1.190231e+11  0.000000e+00
   9.563211e+10  0.000000e+00]
 [ 0.000000e+00  1.187860e+11  0.000000e+00  0.000000e+00  0.000000e+00
   2.334437e+10  0.000000e+00 -1.187860e+11  0.000000e+00  0.000000e+00
   0.000000e+00  9.544161e+10]
 [-1.265278e+07  0.000000e+00  0.000000e+00  0.000000e+00  0.000000e+00
   0.000000e+00  1.265278e+07  0.000000e+00  0.000000e+00  0.000000e+00
   0.000000e+00  0.000000e+00]
 [ 0.000000e+00 -6.044331e+11  0.000000e+00  0.000000e+00  0.000000e+00
  -1.187860e+11  0.000000e+00  6.044331e+11  0.000000e+00  0.000000e+00
   0.000000e+00 -4.856471e+11]
 [ 0.000000e+00  0.000000e+00 -6.056396e+11  0.000000e+00  1.190231e+11
   0.000000e+00  0.000000e+00  0.000000e+00  6.056396e+11  0.000000e+00
   4.866165e+11  0.000000e+00]
 [ 0.000000e+00  0.000000e+00  0.000000e+00 -1.770297e+07  0.000000e+00
   0.000000e+00  0.000000e+00  0.000000e+00  0.000000e+00  1.770297e+07
   0.000000e+00  0.000000e+00]
 [ 0.000000e+00  0.000000e+00 -4.866165e+11  0.000000e+00  9.563211e+10
   0.000000e+00  0.000000e+00  0.000000e+00  4.866165e+11  0.000000e+00
   3.909844e+11  0.000000e+00]
 [ 0.000000e+00  4.856471e+11  0.000000e+00  0.000000e+00  0.000000e+00
   9.544161e+10  0.000000e+00 -4.856471e+11  0.000000e+00  0.000000e+00
   0.000000e+00  3.902055e+11]]
2025-04-08 17:27:15,221 - pre_processing.element_library.element_1D_base - DEBUG - 
2025-04-08 17:27:15,224 - pre_processing.element_library.element_1D_base - DEBUG - 
===== Final Element Stiffness Matrix (Ke) =====
2025-04-08 17:27:15,227 - pre_processing.element_library.element_1D_base - DEBUG - [[ 4.555000e+07  0.000000e+00  0.000000e+00  0.000000e+00  0.000000e+00
   0.000000e+00 -4.555000e+07  0.000000e+00  0.000000e+00  0.000000e+00
   0.000000e+00  0.000000e+00]
 [ 0.000000e+00  1.683360e+13  0.000000e+00  0.000000e+00  0.000000e+00
   9.619200e+12  0.000000e+00 -1.683360e+13  0.000000e+00  0.000000e+00
   0.000000e+00  7.214400e+12]
 [ 0.000000e+00  0.000000e+00  1.686720e+13  0.000000e+00 -9.638400e+12
   0.000000e+00  0.000000e+00  0.000000e+00 -1.686720e+13  0.000000e+00
  -7.228800e+12  0.000000e+00]
 [ 0.000000e+00  0.000000e+00  0.000000e+00  6.373071e+07  0.000000e+00
   0.000000e+00  0.000000e+00  0.000000e+00  0.000000e+00 -6.373071e+07
   0.000000e+00  0.000000e+00]
 [ 0.000000e+00  0.000000e+00 -9.638400e+12  0.000000e+00  5.622400e+12
   0.000000e+00  0.000000e+00  0.000000e+00  9.638400e+12  0.000000e+00
   4.016000e+12  0.000000e+00]
 [ 0.000000e+00  9.619200e+12  0.000000e+00  0.000000e+00  0.000000e+00
   5.611200e+12  0.000000e+00 -9.619200e+12  0.000000e+00  0.000000e+00
   0.000000e+00  4.008000e+12]
 [-4.555000e+07  0.000000e+00  0.000000e+00  0.000000e+00  0.000000e+00
   0.000000e+00  4.555000e+07  0.000000e+00  0.000000e+00  0.000000e+00
   0.000000e+00  0.000000e+00]
 [ 0.000000e+00 -1.683360e+13  0.000000e+00  0.000000e+00  0.000000e+00
  -9.619200e+12  0.000000e+00  1.683360e+13  0.000000e+00  0.000000e+00
   0.000000e+00 -7.214400e+12]
 [ 0.000000e+00  0.000000e+00 -1.686720e+13  0.000000e+00  9.638400e+12
   0.000000e+00  0.000000e+00  0.000000e+00  1.686720e+13  0.000000e+00
   7.228800e+12  0.000000e+00]
 [ 0.000000e+00  0.000000e+00  0.000000e+00 -6.373071e+07  0.000000e+00
   0.000000e+00  0.000000e+00  0.000000e+00  0.000000e+00  6.373071e+07
   0.000000e+00  0.000000e+00]
 [ 0.000000e+00  0.000000e+00 -7.228800e+12  0.000000e+00  4.016000e+12
   0.000000e+00  0.000000e+00  0.000000e+00  7.228800e+12  0.000000e+00
   3.212800e+12  0.000000e+00]
 [ 0.000000e+00  7.214400e+12  0.000000e+00  0.000000e+00  0.000000e+00
   4.008000e+12  0.000000e+00 -7.214400e+12  0.000000e+00  0.000000e+00
   0.000000e+00  3.206400e+12]]
2025-04-08 17:27:15,231 - pre_processing.element_library.element_1D_base - DEBUG - Element Stiffness Matrix Computation (Element ID: 1)
2025-04-08 17:27:15,231 - pre_processing.element_library.element_1D_base - DEBUG - Element Stiffness Matrix Computation (Element ID: 1)
2025-04-08 17:27:15,232 - pre_processing.element_library.element_1D_base - DEBUG - Element Length (L): 1.000000e+00, Jacobian determinant (detJ): 5.000000e-01
2025-04-08 17:27:15,232 - pre_processing.element_library.element_1D_base - DEBUG - Element Length (L): 1.000000e+00, Jacobian determinant (detJ): 5.000000e-01
2025-04-08 17:27:15,232 - pre_processing.element_library.element_1D_base - DEBUG - Material Stiffness Matrix (D):
2025-04-08 17:27:15,232 - pre_processing.element_library.element_1D_base - DEBUG - Material Stiffness Matrix (D):
2025-04-08 17:27:15,235 - pre_processing.element_library.element_1D_base - DEBUG - [[1.822000e+08 0.000000e+00 0.000000e+00 0.000000e+00]
 [0.000000e+00 2.004000e+11 0.000000e+00 0.000000e+00]
 [0.000000e+00 0.000000e+00 2.008000e+11 0.000000e+00]
 [0.000000e+00 0.000000e+00 0.000000e+00 2.549228e+08]]
2025-04-08 17:27:15,235 - pre_processing.element_library.element_1D_base - DEBUG - [[1.822000e+08 0.000000e+00 0.000000e+00 0.000000e+00]
 [0.000000e+00 2.004000e+11 0.000000e+00 0.000000e+00]
 [0.000000e+00 0.000000e+00 2.008000e+11 0.000000e+00]
 [0.000000e+00 0.000000e+00 0.000000e+00 2.549228e+08]]
2025-04-08 17:27:15,238 - pre_processing.element_library.element_1D_base - DEBUG - 
----- Gauss Point 1/3 -----
2025-04-08 17:27:15,238 - pre_processing.element_library.element_1D_base - DEBUG - 
----- Gauss Point 1/3 -----
2025-04-08 17:27:15,240 - pre_processing.element_library.element_1D_base - DEBUG - Natural Coordinate (xi): -7.745967e-01, Gauss Weight: 5.555556e-01
2025-04-08 17:27:15,240 - pre_processing.element_library.element_1D_base - DEBUG - Natural Coordinate (xi): -7.745967e-01, Gauss Weight: 5.555556e-01
2025-04-08 17:27:15,240 - pre_processing.element_library.element_1D_base - DEBUG - Shape Function First Derivatives (dN_dxi):
2025-04-08 17:27:15,240 - pre_processing.element_library.element_1D_base - DEBUG - Shape Function First Derivatives (dN_dxi):
2025-04-08 17:27:15,242 - pre_processing.element_library.element_1D_base - DEBUG - [[-0.5       0.        0.        0.        0.        0.      ]
 [ 0.        8.24758   0.        0.        0.        0.      ]
 [ 0.        0.        8.24758   0.        0.        0.      ]
 [ 0.        0.        0.       -0.5       0.        0.      ]
 [ 0.        0.        0.        0.       -5.898387  0.      ]
 [ 0.        0.        0.        0.        0.        5.898387]
 [ 0.5       0.        0.        0.        0.        0.      ]
 [ 0.       -8.24758   0.        0.        0.        0.      ]
 [ 0.        0.       -8.24758   0.        0.        0.      ]
 [ 0.        0.        0.        0.5       0.        0.      ]
 [ 0.        0.        0.        0.       -3.349193  0.      ]
 [ 0.        0.        0.        0.        0.        3.349193]]
2025-04-08 17:27:15,242 - pre_processing.element_library.element_1D_base - DEBUG - [[-0.5       0.        0.        0.        0.        0.      ]
 [ 0.        8.24758   0.        0.        0.        0.      ]
 [ 0.        0.        8.24758   0.        0.        0.      ]
 [ 0.        0.        0.       -0.5       0.        0.      ]
 [ 0.        0.        0.        0.       -5.898387  0.      ]
 [ 0.        0.        0.        0.        0.        5.898387]
 [ 0.5       0.        0.        0.        0.        0.      ]
 [ 0.       -8.24758   0.        0.        0.        0.      ]
 [ 0.        0.       -8.24758   0.        0.        0.      ]
 [ 0.        0.        0.        0.5       0.        0.      ]
 [ 0.        0.        0.        0.       -3.349193  0.      ]
 [ 0.        0.        0.        0.        0.        3.349193]]
2025-04-08 17:27:15,243 - pre_processing.element_library.element_1D_base - DEBUG - Shape Function Second Derivatives (d2N_dxi2):
2025-04-08 17:27:15,243 - pre_processing.element_library.element_1D_base - DEBUG - Shape Function Second Derivatives (d2N_dxi2):
2025-04-08 17:27:15,244 - pre_processing.element_library.element_1D_base - DEBUG - [[  0.        0.        0.        0.        0.        0.     ]
 [  0.      -15.29516   0.        0.        0.        0.     ]
 [  0.        0.      -15.29516   0.        0.        0.     ]
 [  0.        0.        0.        0.        0.        0.     ]
 [  0.        0.        0.        0.        8.64758   0.     ]
 [  0.        0.        0.        0.        0.       -8.64758]
 [  0.        0.        0.        0.        0.        0.     ]
 [  0.       15.29516   0.        0.        0.        0.     ]
 [  0.        0.       15.29516   0.        0.        0.     ]
 [  0.        0.        0.        0.        0.        0.     ]
 [  0.        0.        0.        0.        6.64758   0.     ]
 [  0.        0.        0.        0.        0.       -6.64758]]
2025-04-08 17:27:15,244 - pre_processing.element_library.element_1D_base - DEBUG - [[  0.        0.        0.        0.        0.        0.     ]
 [  0.      -15.29516   0.        0.        0.        0.     ]
 [  0.        0.      -15.29516   0.        0.        0.     ]
 [  0.        0.        0.        0.        0.        0.     ]
 [  0.        0.        0.        0.        8.64758   0.     ]
 [  0.        0.        0.        0.        0.       -8.64758]
 [  0.        0.        0.        0.        0.        0.     ]
 [  0.       15.29516   0.        0.        0.        0.     ]
 [  0.        0.       15.29516   0.        0.        0.     ]
 [  0.        0.        0.        0.        0.        0.     ]
 [  0.        0.        0.        0.        6.64758   0.     ]
 [  0.        0.        0.        0.        0.       -6.64758]]
2025-04-08 17:27:15,247 - pre_processing.element_library.element_1D_base - DEBUG - Strain-Displacement Matrix (B):
2025-04-08 17:27:15,247 - pre_processing.element_library.element_1D_base - DEBUG - Strain-Displacement Matrix (B):
2025-04-08 17:27:15,248 - pre_processing.element_library.element_1D_base - DEBUG - [[ -0.5       0.        0.        0.        0.        0.        0.5
    0.        0.        0.        0.        0.     ]
 [  0.      -15.29516   0.        0.        0.       -8.64758   0.
   15.29516   0.        0.        0.       -6.64758]
 [  0.        0.      -15.29516   0.        8.64758   0.        0.
    0.       15.29516   0.        6.64758   0.     ]
 [  0.        0.        0.       -0.5       0.        0.        0.
    0.        0.        0.5       0.        0.     ]]
2025-04-08 17:27:15,248 - pre_processing.element_library.element_1D_base - DEBUG - [[ -0.5       0.        0.        0.        0.        0.        0.5
    0.        0.        0.        0.        0.     ]
 [  0.      -15.29516   0.        0.        0.       -8.64758   0.
   15.29516   0.        0.        0.       -6.64758]
 [  0.        0.      -15.29516   0.        8.64758   0.        0.
    0.       15.29516   0.        6.64758   0.     ]
 [  0.        0.        0.       -0.5       0.        0.        0.
    0.        0.        0.5       0.        0.     ]]
2025-04-08 17:27:15,253 - pre_processing.element_library.element_1D_base - DEBUG - Strain-Displacement Matrix Transpose (B.T):
2025-04-08 17:27:15,253 - pre_processing.element_library.element_1D_base - DEBUG - Strain-Displacement Matrix Transpose (B.T):
2025-04-08 17:27:15,256 - pre_processing.element_library.element_1D_base - DEBUG - [[ -0.5       0.        0.        0.     ]
 [  0.      -15.29516   0.        0.     ]
 [  0.        0.      -15.29516   0.     ]
 [  0.        0.        0.       -0.5    ]
 [  0.        0.        8.64758   0.     ]
 [  0.       -8.64758   0.        0.     ]
 [  0.5       0.        0.        0.     ]
 [  0.       15.29516   0.        0.     ]
 [  0.        0.       15.29516   0.     ]
 [  0.        0.        0.        0.5    ]
 [  0.        0.        6.64758   0.     ]
 [  0.       -6.64758   0.        0.     ]]
2025-04-08 17:27:15,256 - pre_processing.element_library.element_1D_base - DEBUG - [[ -0.5       0.        0.        0.     ]
 [  0.      -15.29516   0.        0.     ]
 [  0.        0.      -15.29516   0.     ]
 [  0.        0.        0.       -0.5    ]
 [  0.        0.        8.64758   0.     ]
 [  0.       -8.64758   0.        0.     ]
 [  0.5       0.        0.        0.     ]
 [  0.       15.29516   0.        0.     ]
 [  0.        0.       15.29516   0.     ]
 [  0.        0.        0.        0.5    ]
 [  0.        0.        6.64758   0.     ]
 [  0.       -6.64758   0.        0.     ]]
2025-04-08 17:27:15,258 - pre_processing.element_library.element_1D_base - DEBUG - Element Stiffness Matrix Contribution at Gauss Point:
2025-04-08 17:27:15,258 - pre_processing.element_library.element_1D_base - DEBUG - Element Stiffness Matrix Contribution at Gauss Point:
2025-04-08 17:27:15,261 - pre_processing.element_library.element_1D_base - DEBUG - [[ 1.265278e+07  0.000000e+00  0.000000e+00  0.000000e+00  0.000000e+00
   0.000000e+00 -1.265278e+07  0.000000e+00  0.000000e+00  0.000000e+00
   0.000000e+00  0.000000e+00]
 [ 0.000000e+00  1.302277e+13  0.000000e+00  0.000000e+00  0.000000e+00
   7.362814e+12  0.000000e+00 -1.302277e+13  0.000000e+00  0.000000e+00
   0.000000e+00  5.659953e+12]
 [ 0.000000e+00  0.000000e+00  1.304876e+13  0.000000e+00 -7.377510e+12
   0.000000e+00  0.000000e+00  0.000000e+00 -1.304876e+13  0.000000e+00
  -5.671250e+12  0.000000e+00]
 [ 0.000000e+00  0.000000e+00  0.000000e+00  1.770297e+07  0.000000e+00
   0.000000e+00  0.000000e+00  0.000000e+00  0.000000e+00 -1.770297e+07
   0.000000e+00  0.000000e+00]
 [ 0.000000e+00  0.000000e+00 -7.377510e+12  0.000000e+00  4.171098e+12
   0.000000e+00  0.000000e+00  0.000000e+00  7.377510e+12  0.000000e+00
   3.206412e+12  0.000000e+00]
 [ 0.000000e+00  7.362814e+12  0.000000e+00  0.000000e+00  0.000000e+00
   4.162789e+12  0.000000e+00 -7.362814e+12  0.000000e+00  0.000000e+00
   0.000000e+00  3.200025e+12]
 [-1.265278e+07  0.000000e+00  0.000000e+00  0.000000e+00  0.000000e+00
   0.000000e+00  1.265278e+07  0.000000e+00  0.000000e+00  0.000000e+00
   0.000000e+00  0.000000e+00]
 [ 0.000000e+00 -1.302277e+13  0.000000e+00  0.000000e+00  0.000000e+00
  -7.362814e+12  0.000000e+00  1.302277e+13  0.000000e+00  0.000000e+00
   0.000000e+00 -5.659953e+12]
 [ 0.000000e+00  0.000000e+00 -1.304876e+13  0.000000e+00  7.377510e+12
   0.000000e+00  0.000000e+00  0.000000e+00  1.304876e+13  0.000000e+00
   5.671250e+12  0.000000e+00]
 [ 0.000000e+00  0.000000e+00  0.000000e+00 -1.770297e+07  0.000000e+00
   0.000000e+00  0.000000e+00  0.000000e+00  0.000000e+00  1.770297e+07
   0.000000e+00  0.000000e+00]
 [ 0.000000e+00  0.000000e+00 -5.671250e+12  0.000000e+00  3.206412e+12
   0.000000e+00  0.000000e+00  0.000000e+00  5.671250e+12  0.000000e+00
   2.464838e+12  0.000000e+00]
 [ 0.000000e+00  5.659953e+12  0.000000e+00  0.000000e+00  0.000000e+00
   3.200025e+12  0.000000e+00 -5.659953e+12  0.000000e+00  0.000000e+00
   0.000000e+00  2.459928e+12]]
2025-04-08 17:27:15,261 - pre_processing.element_library.element_1D_base - DEBUG - [[ 1.265278e+07  0.000000e+00  0.000000e+00  0.000000e+00  0.000000e+00
   0.000000e+00 -1.265278e+07  0.000000e+00  0.000000e+00  0.000000e+00
   0.000000e+00  0.000000e+00]
 [ 0.000000e+00  1.302277e+13  0.000000e+00  0.000000e+00  0.000000e+00
   7.362814e+12  0.000000e+00 -1.302277e+13  0.000000e+00  0.000000e+00
   0.000000e+00  5.659953e+12]
 [ 0.000000e+00  0.000000e+00  1.304876e+13  0.000000e+00 -7.377510e+12
   0.000000e+00  0.000000e+00  0.000000e+00 -1.304876e+13  0.000000e+00
  -5.671250e+12  0.000000e+00]
 [ 0.000000e+00  0.000000e+00  0.000000e+00  1.770297e+07  0.000000e+00
   0.000000e+00  0.000000e+00  0.000000e+00  0.000000e+00 -1.770297e+07
   0.000000e+00  0.000000e+00]
 [ 0.000000e+00  0.000000e+00 -7.377510e+12  0.000000e+00  4.171098e+12
   0.000000e+00  0.000000e+00  0.000000e+00  7.377510e+12  0.000000e+00
   3.206412e+12  0.000000e+00]
 [ 0.000000e+00  7.362814e+12  0.000000e+00  0.000000e+00  0.000000e+00
   4.162789e+12  0.000000e+00 -7.362814e+12  0.000000e+00  0.000000e+00
   0.000000e+00  3.200025e+12]
 [-1.265278e+07  0.000000e+00  0.000000e+00  0.000000e+00  0.000000e+00
   0.000000e+00  1.265278e+07  0.000000e+00  0.000000e+00  0.000000e+00
   0.000000e+00  0.000000e+00]
 [ 0.000000e+00 -1.302277e+13  0.000000e+00  0.000000e+00  0.000000e+00
  -7.362814e+12  0.000000e+00  1.302277e+13  0.000000e+00  0.000000e+00
   0.000000e+00 -5.659953e+12]
 [ 0.000000e+00  0.000000e+00 -1.304876e+13  0.000000e+00  7.377510e+12
   0.000000e+00  0.000000e+00  0.000000e+00  1.304876e+13  0.000000e+00
   5.671250e+12  0.000000e+00]
 [ 0.000000e+00  0.000000e+00  0.000000e+00 -1.770297e+07  0.000000e+00
   0.000000e+00  0.000000e+00  0.000000e+00  0.000000e+00  1.770297e+07
   0.000000e+00  0.000000e+00]
 [ 0.000000e+00  0.000000e+00 -5.671250e+12  0.000000e+00  3.206412e+12
   0.000000e+00  0.000000e+00  0.000000e+00  5.671250e+12  0.000000e+00
   2.464838e+12  0.000000e+00]
 [ 0.000000e+00  5.659953e+12  0.000000e+00  0.000000e+00  0.000000e+00
   3.200025e+12  0.000000e+00 -5.659953e+12  0.000000e+00  0.000000e+00
   0.000000e+00  2.459928e+12]]
2025-04-08 17:27:15,263 - pre_processing.element_library.element_1D_base - DEBUG - 
2025-04-08 17:27:15,263 - pre_processing.element_library.element_1D_base - DEBUG - 
2025-04-08 17:27:15,265 - pre_processing.element_library.element_1D_base - DEBUG - 
----- Gauss Point 2/3 -----
2025-04-08 17:27:15,265 - pre_processing.element_library.element_1D_base - DEBUG - 
----- Gauss Point 2/3 -----
2025-04-08 17:27:15,265 - pre_processing.element_library.element_1D_base - DEBUG - Natural Coordinate (xi): 0.000000e+00, Gauss Weight: 8.888889e-01
2025-04-08 17:27:15,265 - pre_processing.element_library.element_1D_base - DEBUG - Natural Coordinate (xi): 0.000000e+00, Gauss Weight: 8.888889e-01
2025-04-08 17:27:15,267 - pre_processing.element_library.element_1D_base - DEBUG - Shape Function First Derivatives (dN_dxi):
2025-04-08 17:27:15,267 - pre_processing.element_library.element_1D_base - DEBUG - Shape Function First Derivatives (dN_dxi):
2025-04-08 17:27:15,268 - pre_processing.element_library.element_1D_base - DEBUG - [[-0.5  0.   0.   0.   0.   0. ]
 [ 0.   0.   0.   0.   0.   0. ]
 [ 0.   0.   0.   0.   0.   0. ]
 [ 0.   0.   0.  -0.5  0.   0. ]
 [ 0.   0.   0.   0.  -1.   0. ]
 [ 0.   0.   0.   0.   0.   1. ]
 [ 0.5  0.   0.   0.   0.   0. ]
 [ 0.   0.   0.   0.   0.   0. ]
 [ 0.   0.   0.   0.   0.   0. ]
 [ 0.   0.   0.   0.5  0.   0. ]
 [ 0.   0.   0.   0.  -0.   0. ]
 [ 0.   0.   0.   0.   0.   0. ]]
2025-04-08 17:27:15,268 - pre_processing.element_library.element_1D_base - DEBUG - [[-0.5  0.   0.   0.   0.   0. ]
 [ 0.   0.   0.   0.   0.   0. ]
 [ 0.   0.   0.   0.   0.   0. ]
 [ 0.   0.   0.  -0.5  0.   0. ]
 [ 0.   0.   0.   0.  -1.   0. ]
 [ 0.   0.   0.   0.   0.   1. ]
 [ 0.5  0.   0.   0.   0.   0. ]
 [ 0.   0.   0.   0.   0.   0. ]
 [ 0.   0.   0.   0.   0.   0. ]
 [ 0.   0.   0.   0.5  0.   0. ]
 [ 0.   0.   0.   0.  -0.   0. ]
 [ 0.   0.   0.   0.   0.   0. ]]
2025-04-08 17:27:15,270 - pre_processing.element_library.element_1D_base - DEBUG - Shape Function Second Derivatives (d2N_dxi2):
2025-04-08 17:27:15,270 - pre_processing.element_library.element_1D_base - DEBUG - Shape Function Second Derivatives (d2N_dxi2):
2025-04-08 17:27:15,271 - pre_processing.element_library.element_1D_base - DEBUG - [[ 0.  0.  0.  0.  0.  0.]
 [ 0. -6.  0.  0.  0.  0.]
 [ 0.  0. -6.  0.  0.  0.]
 [ 0.  0.  0.  0.  0.  0.]
 [ 0.  0.  0.  0.  4.  0.]
 [ 0.  0.  0.  0.  0. -4.]
 [ 0.  0.  0.  0.  0.  0.]
 [ 0.  6.  0.  0.  0.  0.]
 [ 0.  0.  6.  0.  0.  0.]
 [ 0.  0.  0.  0.  0.  0.]
 [ 0.  0.  0.  0.  2.  0.]
 [ 0.  0.  0.  0.  0. -2.]]
2025-04-08 17:27:15,271 - pre_processing.element_library.element_1D_base - DEBUG - [[ 0.  0.  0.  0.  0.  0.]
 [ 0. -6.  0.  0.  0.  0.]
 [ 0.  0. -6.  0.  0.  0.]
 [ 0.  0.  0.  0.  0.  0.]
 [ 0.  0.  0.  0.  4.  0.]
 [ 0.  0.  0.  0.  0. -4.]
 [ 0.  0.  0.  0.  0.  0.]
 [ 0.  6.  0.  0.  0.  0.]
 [ 0.  0.  6.  0.  0.  0.]
 [ 0.  0.  0.  0.  0.  0.]
 [ 0.  0.  0.  0.  2.  0.]
 [ 0.  0.  0.  0.  0. -2.]]
2025-04-08 17:27:15,273 - pre_processing.element_library.element_1D_base - DEBUG - Strain-Displacement Matrix (B):
2025-04-08 17:27:15,273 - pre_processing.element_library.element_1D_base - DEBUG - Strain-Displacement Matrix (B):
2025-04-08 17:27:15,275 - pre_processing.element_library.element_1D_base - DEBUG - [[-0.5  0.   0.   0.   0.   0.   0.5  0.   0.   0.   0.   0. ]
 [ 0.  -6.   0.   0.   0.  -4.   0.   6.   0.   0.   0.  -2. ]
 [ 0.   0.  -6.   0.   4.   0.   0.   0.   6.   0.   2.   0. ]
 [ 0.   0.   0.  -0.5  0.   0.   0.   0.   0.   0.5  0.   0. ]]
2025-04-08 17:27:15,275 - pre_processing.element_library.element_1D_base - DEBUG - [[-0.5  0.   0.   0.   0.   0.   0.5  0.   0.   0.   0.   0. ]
 [ 0.  -6.   0.   0.   0.  -4.   0.   6.   0.   0.   0.  -2. ]
 [ 0.   0.  -6.   0.   4.   0.   0.   0.   6.   0.   2.   0. ]
 [ 0.   0.   0.  -0.5  0.   0.   0.   0.   0.   0.5  0.   0. ]]
2025-04-08 17:27:15,277 - pre_processing.element_library.element_1D_base - DEBUG - Strain-Displacement Matrix Transpose (B.T):
2025-04-08 17:27:15,277 - pre_processing.element_library.element_1D_base - DEBUG - Strain-Displacement Matrix Transpose (B.T):
2025-04-08 17:27:15,278 - pre_processing.element_library.element_1D_base - DEBUG - [[-0.5  0.   0.   0. ]
 [ 0.  -6.   0.   0. ]
 [ 0.   0.  -6.   0. ]
 [ 0.   0.   0.  -0.5]
 [ 0.   0.   4.   0. ]
 [ 0.  -4.   0.   0. ]
 [ 0.5  0.   0.   0. ]
 [ 0.   6.   0.   0. ]
 [ 0.   0.   6.   0. ]
 [ 0.   0.   0.   0.5]
 [ 0.   0.   2.   0. ]
 [ 0.  -2.   0.   0. ]]
2025-04-08 17:27:15,278 - pre_processing.element_library.element_1D_base - DEBUG - [[-0.5  0.   0.   0. ]
 [ 0.  -6.   0.   0. ]
 [ 0.   0.  -6.   0. ]
 [ 0.   0.   0.  -0.5]
 [ 0.   0.   4.   0. ]
 [ 0.  -4.   0.   0. ]
 [ 0.5  0.   0.   0. ]
 [ 0.   6.   0.   0. ]
 [ 0.   0.   6.   0. ]
 [ 0.   0.   0.   0.5]
 [ 0.   0.   2.   0. ]
 [ 0.  -2.   0.   0. ]]
2025-04-08 17:27:15,284 - pre_processing.element_library.element_1D_base - DEBUG - Element Stiffness Matrix Contribution at Gauss Point:
2025-04-08 17:27:15,284 - pre_processing.element_library.element_1D_base - DEBUG - Element Stiffness Matrix Contribution at Gauss Point:
2025-04-08 17:27:15,285 - pre_processing.element_library.element_1D_base - DEBUG - [[ 2.024444e+07  0.000000e+00  0.000000e+00  0.000000e+00  0.000000e+00
   0.000000e+00 -2.024444e+07  0.000000e+00  0.000000e+00  0.000000e+00
   0.000000e+00  0.000000e+00]
 [ 0.000000e+00  3.206400e+12  0.000000e+00  0.000000e+00  0.000000e+00
   2.137600e+12  0.000000e+00 -3.206400e+12  0.000000e+00  0.000000e+00
   0.000000e+00  1.068800e+12]
 [ 0.000000e+00  0.000000e+00  3.212800e+12  0.000000e+00 -2.141867e+12
   0.000000e+00  0.000000e+00  0.000000e+00 -3.212800e+12  0.000000e+00
  -1.070933e+12  0.000000e+00]
 [ 0.000000e+00  0.000000e+00  0.000000e+00  2.832476e+07  0.000000e+00
   0.000000e+00  0.000000e+00  0.000000e+00  0.000000e+00 -2.832476e+07
   0.000000e+00  0.000000e+00]
 [ 0.000000e+00  0.000000e+00 -2.141867e+12  0.000000e+00  1.427911e+12
   0.000000e+00  0.000000e+00  0.000000e+00  2.141867e+12  0.000000e+00
   7.139556e+11  0.000000e+00]
 [ 0.000000e+00  2.137600e+12  0.000000e+00  0.000000e+00  0.000000e+00
   1.425067e+12  0.000000e+00 -2.137600e+12  0.000000e+00  0.000000e+00
   0.000000e+00  7.125333e+11]
 [-2.024444e+07  0.000000e+00  0.000000e+00  0.000000e+00  0.000000e+00
   0.000000e+00  2.024444e+07  0.000000e+00  0.000000e+00  0.000000e+00
   0.000000e+00  0.000000e+00]
 [ 0.000000e+00 -3.206400e+12  0.000000e+00  0.000000e+00  0.000000e+00
  -2.137600e+12  0.000000e+00  3.206400e+12  0.000000e+00  0.000000e+00
   0.000000e+00 -1.068800e+12]
 [ 0.000000e+00  0.000000e+00 -3.212800e+12  0.000000e+00  2.141867e+12
   0.000000e+00  0.000000e+00  0.000000e+00  3.212800e+12  0.000000e+00
   1.070933e+12  0.000000e+00]
 [ 0.000000e+00  0.000000e+00  0.000000e+00 -2.832476e+07  0.000000e+00
   0.000000e+00  0.000000e+00  0.000000e+00  0.000000e+00  2.832476e+07
   0.000000e+00  0.000000e+00]
 [ 0.000000e+00  0.000000e+00 -1.070933e+12  0.000000e+00  7.139556e+11
   0.000000e+00  0.000000e+00  0.000000e+00  1.070933e+12  0.000000e+00
   3.569778e+11  0.000000e+00]
 [ 0.000000e+00  1.068800e+12  0.000000e+00  0.000000e+00  0.000000e+00
   7.125333e+11  0.000000e+00 -1.068800e+12  0.000000e+00  0.000000e+00
   0.000000e+00  3.562667e+11]]
2025-04-08 17:27:15,285 - pre_processing.element_library.element_1D_base - DEBUG - [[ 2.024444e+07  0.000000e+00  0.000000e+00  0.000000e+00  0.000000e+00
   0.000000e+00 -2.024444e+07  0.000000e+00  0.000000e+00  0.000000e+00
   0.000000e+00  0.000000e+00]
 [ 0.000000e+00  3.206400e+12  0.000000e+00  0.000000e+00  0.000000e+00
   2.137600e+12  0.000000e+00 -3.206400e+12  0.000000e+00  0.000000e+00
   0.000000e+00  1.068800e+12]
 [ 0.000000e+00  0.000000e+00  3.212800e+12  0.000000e+00 -2.141867e+12
   0.000000e+00  0.000000e+00  0.000000e+00 -3.212800e+12  0.000000e+00
  -1.070933e+12  0.000000e+00]
 [ 0.000000e+00  0.000000e+00  0.000000e+00  2.832476e+07  0.000000e+00
   0.000000e+00  0.000000e+00  0.000000e+00  0.000000e+00 -2.832476e+07
   0.000000e+00  0.000000e+00]
 [ 0.000000e+00  0.000000e+00 -2.141867e+12  0.000000e+00  1.427911e+12
   0.000000e+00  0.000000e+00  0.000000e+00  2.141867e+12  0.000000e+00
   7.139556e+11  0.000000e+00]
 [ 0.000000e+00  2.137600e+12  0.000000e+00  0.000000e+00  0.000000e+00
   1.425067e+12  0.000000e+00 -2.137600e+12  0.000000e+00  0.000000e+00
   0.000000e+00  7.125333e+11]
 [-2.024444e+07  0.000000e+00  0.000000e+00  0.000000e+00  0.000000e+00
   0.000000e+00  2.024444e+07  0.000000e+00  0.000000e+00  0.000000e+00
   0.000000e+00  0.000000e+00]
 [ 0.000000e+00 -3.206400e+12  0.000000e+00  0.000000e+00  0.000000e+00
  -2.137600e+12  0.000000e+00  3.206400e+12  0.000000e+00  0.000000e+00
   0.000000e+00 -1.068800e+12]
 [ 0.000000e+00  0.000000e+00 -3.212800e+12  0.000000e+00  2.141867e+12
   0.000000e+00  0.000000e+00  0.000000e+00  3.212800e+12  0.000000e+00
   1.070933e+12  0.000000e+00]
 [ 0.000000e+00  0.000000e+00  0.000000e+00 -2.832476e+07  0.000000e+00
   0.000000e+00  0.000000e+00  0.000000e+00  0.000000e+00  2.832476e+07
   0.000000e+00  0.000000e+00]
 [ 0.000000e+00  0.000000e+00 -1.070933e+12  0.000000e+00  7.139556e+11
   0.000000e+00  0.000000e+00  0.000000e+00  1.070933e+12  0.000000e+00
   3.569778e+11  0.000000e+00]
 [ 0.000000e+00  1.068800e+12  0.000000e+00  0.000000e+00  0.000000e+00
   7.125333e+11  0.000000e+00 -1.068800e+12  0.000000e+00  0.000000e+00
   0.000000e+00  3.562667e+11]]
2025-04-08 17:27:15,289 - pre_processing.element_library.element_1D_base - DEBUG - 
2025-04-08 17:27:15,289 - pre_processing.element_library.element_1D_base - DEBUG - 
2025-04-08 17:27:15,292 - pre_processing.element_library.element_1D_base - DEBUG - 
----- Gauss Point 3/3 -----
2025-04-08 17:27:15,292 - pre_processing.element_library.element_1D_base - DEBUG - 
----- Gauss Point 3/3 -----
2025-04-08 17:27:15,294 - pre_processing.element_library.element_1D_base - DEBUG - Natural Coordinate (xi): 7.745967e-01, Gauss Weight: 5.555556e-01
2025-04-08 17:27:15,294 - pre_processing.element_library.element_1D_base - DEBUG - Natural Coordinate (xi): 7.745967e-01, Gauss Weight: 5.555556e-01
2025-04-08 17:27:15,295 - pre_processing.element_library.element_1D_base - DEBUG - Shape Function First Derivatives (dN_dxi):
2025-04-08 17:27:15,295 - pre_processing.element_library.element_1D_base - DEBUG - Shape Function First Derivatives (dN_dxi):
2025-04-08 17:27:15,296 - pre_processing.element_library.element_1D_base - DEBUG - [[-0.5       0.        0.        0.        0.        0.      ]
 [ 0.       -1.04758   0.        0.        0.        0.      ]
 [ 0.        0.       -1.04758   0.        0.        0.      ]
 [ 0.        0.        0.       -0.5       0.        0.      ]
 [ 0.        0.        0.        0.        0.298387  0.      ]
 [ 0.        0.        0.        0.        0.       -0.298387]
 [ 0.5       0.        0.        0.        0.        0.      ]
 [ 0.        1.04758   0.        0.        0.        0.      ]
 [ 0.        0.        1.04758   0.        0.        0.      ]
 [ 0.        0.        0.        0.5       0.        0.      ]
 [ 0.        0.        0.        0.       -0.250807  0.      ]
 [ 0.        0.        0.        0.        0.        0.250807]]
2025-04-08 17:27:15,296 - pre_processing.element_library.element_1D_base - DEBUG - [[-0.5       0.        0.        0.        0.        0.      ]
 [ 0.       -1.04758   0.        0.        0.        0.      ]
 [ 0.        0.       -1.04758   0.        0.        0.      ]
 [ 0.        0.        0.       -0.5       0.        0.      ]
 [ 0.        0.        0.        0.        0.298387  0.      ]
 [ 0.        0.        0.        0.        0.       -0.298387]
 [ 0.5       0.        0.        0.        0.        0.      ]
 [ 0.        1.04758   0.        0.        0.        0.      ]
 [ 0.        0.        1.04758   0.        0.        0.      ]
 [ 0.        0.        0.        0.5       0.        0.      ]
 [ 0.        0.        0.        0.       -0.250807  0.      ]
 [ 0.        0.        0.        0.        0.        0.250807]]
2025-04-08 17:27:15,298 - pre_processing.element_library.element_1D_base - DEBUG - Shape Function Second Derivatives (d2N_dxi2):
2025-04-08 17:27:15,298 - pre_processing.element_library.element_1D_base - DEBUG - Shape Function Second Derivatives (d2N_dxi2):
2025-04-08 17:27:15,300 - pre_processing.element_library.element_1D_base - DEBUG - [[ 0.       0.       0.       0.       0.       0.     ]
 [ 0.       3.29516  0.       0.       0.       0.     ]
 [ 0.       0.       3.29516  0.       0.       0.     ]
 [ 0.       0.       0.       0.       0.       0.     ]
 [ 0.       0.       0.       0.      -0.64758  0.     ]
 [ 0.       0.       0.       0.       0.       0.64758]
 [ 0.       0.       0.       0.       0.       0.     ]
 [ 0.      -3.29516  0.       0.       0.       0.     ]
 [ 0.       0.      -3.29516  0.       0.       0.     ]
 [ 0.       0.       0.       0.       0.       0.     ]
 [ 0.       0.       0.       0.      -2.64758  0.     ]
 [ 0.       0.       0.       0.       0.       2.64758]]
2025-04-08 17:27:15,300 - pre_processing.element_library.element_1D_base - DEBUG - [[ 0.       0.       0.       0.       0.       0.     ]
 [ 0.       3.29516  0.       0.       0.       0.     ]
 [ 0.       0.       3.29516  0.       0.       0.     ]
 [ 0.       0.       0.       0.       0.       0.     ]
 [ 0.       0.       0.       0.      -0.64758  0.     ]
 [ 0.       0.       0.       0.       0.       0.64758]
 [ 0.       0.       0.       0.       0.       0.     ]
 [ 0.      -3.29516  0.       0.       0.       0.     ]
 [ 0.       0.      -3.29516  0.       0.       0.     ]
 [ 0.       0.       0.       0.       0.       0.     ]
 [ 0.       0.       0.       0.      -2.64758  0.     ]
 [ 0.       0.       0.       0.       0.       2.64758]]
2025-04-08 17:27:15,302 - pre_processing.element_library.element_1D_base - DEBUG - Strain-Displacement Matrix (B):
2025-04-08 17:27:15,302 - pre_processing.element_library.element_1D_base - DEBUG - Strain-Displacement Matrix (B):
2025-04-08 17:27:15,304 - pre_processing.element_library.element_1D_base - DEBUG - [[-0.5      0.       0.       0.       0.       0.       0.5      0.
   0.       0.       0.       0.     ]
 [ 0.       3.29516  0.       0.       0.       0.64758  0.      -3.29516
   0.       0.       0.       2.64758]
 [ 0.       0.       3.29516  0.      -0.64758  0.       0.       0.
  -3.29516  0.      -2.64758  0.     ]
 [ 0.       0.       0.      -0.5      0.       0.       0.       0.
   0.       0.5      0.       0.     ]]
2025-04-08 17:27:15,304 - pre_processing.element_library.element_1D_base - DEBUG - [[-0.5      0.       0.       0.       0.       0.       0.5      0.
   0.       0.       0.       0.     ]
 [ 0.       3.29516  0.       0.       0.       0.64758  0.      -3.29516
   0.       0.       0.       2.64758]
 [ 0.       0.       3.29516  0.      -0.64758  0.       0.       0.
  -3.29516  0.      -2.64758  0.     ]
 [ 0.       0.       0.      -0.5      0.       0.       0.       0.
   0.       0.5      0.       0.     ]]
2025-04-08 17:27:15,307 - pre_processing.element_library.element_1D_base - DEBUG - Strain-Displacement Matrix Transpose (B.T):
2025-04-08 17:27:15,307 - pre_processing.element_library.element_1D_base - DEBUG - Strain-Displacement Matrix Transpose (B.T):
2025-04-08 17:27:15,308 - pre_processing.element_library.element_1D_base - DEBUG - [[-0.5      0.       0.       0.     ]
 [ 0.       3.29516  0.       0.     ]
 [ 0.       0.       3.29516  0.     ]
 [ 0.       0.       0.      -0.5    ]
 [ 0.       0.      -0.64758  0.     ]
 [ 0.       0.64758  0.       0.     ]
 [ 0.5      0.       0.       0.     ]
 [ 0.      -3.29516  0.       0.     ]
 [ 0.       0.      -3.29516  0.     ]
 [ 0.       0.       0.       0.5    ]
 [ 0.       0.      -2.64758  0.     ]
 [ 0.       2.64758  0.       0.     ]]
2025-04-08 17:27:15,308 - pre_processing.element_library.element_1D_base - DEBUG - [[-0.5      0.       0.       0.     ]
 [ 0.       3.29516  0.       0.     ]
 [ 0.       0.       3.29516  0.     ]
 [ 0.       0.       0.      -0.5    ]
 [ 0.       0.      -0.64758  0.     ]
 [ 0.       0.64758  0.       0.     ]
 [ 0.5      0.       0.       0.     ]
 [ 0.      -3.29516  0.       0.     ]
 [ 0.       0.      -3.29516  0.     ]
 [ 0.       0.       0.       0.5    ]
 [ 0.       0.      -2.64758  0.     ]
 [ 0.       2.64758  0.       0.     ]]
2025-04-08 17:27:15,310 - pre_processing.element_library.element_1D_base - DEBUG - Element Stiffness Matrix Contribution at Gauss Point:
2025-04-08 17:27:15,310 - pre_processing.element_library.element_1D_base - DEBUG - Element Stiffness Matrix Contribution at Gauss Point:
2025-04-08 17:27:15,312 - pre_processing.element_library.element_1D_base - DEBUG - [[ 1.265278e+07  0.000000e+00  0.000000e+00  0.000000e+00  0.000000e+00
   0.000000e+00 -1.265278e+07  0.000000e+00  0.000000e+00  0.000000e+00
   0.000000e+00  0.000000e+00]
 [ 0.000000e+00  6.044331e+11  0.000000e+00  0.000000e+00  0.000000e+00
   1.187860e+11  0.000000e+00 -6.044331e+11  0.000000e+00  0.000000e+00
   0.000000e+00  4.856471e+11]
 [ 0.000000e+00  0.000000e+00  6.056396e+11  0.000000e+00 -1.190231e+11
   0.000000e+00  0.000000e+00  0.000000e+00 -6.056396e+11  0.000000e+00
  -4.866165e+11  0.000000e+00]
 [ 0.000000e+00  0.000000e+00  0.000000e+00  1.770297e+07  0.000000e+00
   0.000000e+00  0.000000e+00  0.000000e+00  0.000000e+00 -1.770297e+07
   0.000000e+00  0.000000e+00]
 [ 0.000000e+00  0.000000e+00 -1.190231e+11  0.000000e+00  2.339096e+10
   0.000000e+00  0.000000e+00  0.000000e+00  1.190231e+11  0.000000e+00
   9.563211e+10  0.000000e+00]
 [ 0.000000e+00  1.187860e+11  0.000000e+00  0.000000e+00  0.000000e+00
   2.334437e+10  0.000000e+00 -1.187860e+11  0.000000e+00  0.000000e+00
   0.000000e+00  9.544161e+10]
 [-1.265278e+07  0.000000e+00  0.000000e+00  0.000000e+00  0.000000e+00
   0.000000e+00  1.265278e+07  0.000000e+00  0.000000e+00  0.000000e+00
   0.000000e+00  0.000000e+00]
 [ 0.000000e+00 -6.044331e+11  0.000000e+00  0.000000e+00  0.000000e+00
  -1.187860e+11  0.000000e+00  6.044331e+11  0.000000e+00  0.000000e+00
   0.000000e+00 -4.856471e+11]
 [ 0.000000e+00  0.000000e+00 -6.056396e+11  0.000000e+00  1.190231e+11
   0.000000e+00  0.000000e+00  0.000000e+00  6.056396e+11  0.000000e+00
   4.866165e+11  0.000000e+00]
 [ 0.000000e+00  0.000000e+00  0.000000e+00 -1.770297e+07  0.000000e+00
   0.000000e+00  0.000000e+00  0.000000e+00  0.000000e+00  1.770297e+07
   0.000000e+00  0.000000e+00]
 [ 0.000000e+00  0.000000e+00 -4.866165e+11  0.000000e+00  9.563211e+10
   0.000000e+00  0.000000e+00  0.000000e+00  4.866165e+11  0.000000e+00
   3.909844e+11  0.000000e+00]
 [ 0.000000e+00  4.856471e+11  0.000000e+00  0.000000e+00  0.000000e+00
   9.544161e+10  0.000000e+00 -4.856471e+11  0.000000e+00  0.000000e+00
   0.000000e+00  3.902055e+11]]
2025-04-08 17:27:15,312 - pre_processing.element_library.element_1D_base - DEBUG - [[ 1.265278e+07  0.000000e+00  0.000000e+00  0.000000e+00  0.000000e+00
   0.000000e+00 -1.265278e+07  0.000000e+00  0.000000e+00  0.000000e+00
   0.000000e+00  0.000000e+00]
 [ 0.000000e+00  6.044331e+11  0.000000e+00  0.000000e+00  0.000000e+00
   1.187860e+11  0.000000e+00 -6.044331e+11  0.000000e+00  0.000000e+00
   0.000000e+00  4.856471e+11]
 [ 0.000000e+00  0.000000e+00  6.056396e+11  0.000000e+00 -1.190231e+11
   0.000000e+00  0.000000e+00  0.000000e+00 -6.056396e+11  0.000000e+00
  -4.866165e+11  0.000000e+00]
 [ 0.000000e+00  0.000000e+00  0.000000e+00  1.770297e+07  0.000000e+00
   0.000000e+00  0.000000e+00  0.000000e+00  0.000000e+00 -1.770297e+07
   0.000000e+00  0.000000e+00]
 [ 0.000000e+00  0.000000e+00 -1.190231e+11  0.000000e+00  2.339096e+10
   0.000000e+00  0.000000e+00  0.000000e+00  1.190231e+11  0.000000e+00
   9.563211e+10  0.000000e+00]
 [ 0.000000e+00  1.187860e+11  0.000000e+00  0.000000e+00  0.000000e+00
   2.334437e+10  0.000000e+00 -1.187860e+11  0.000000e+00  0.000000e+00
   0.000000e+00  9.544161e+10]
 [-1.265278e+07  0.000000e+00  0.000000e+00  0.000000e+00  0.000000e+00
   0.000000e+00  1.265278e+07  0.000000e+00  0.000000e+00  0.000000e+00
   0.000000e+00  0.000000e+00]
 [ 0.000000e+00 -6.044331e+11  0.000000e+00  0.000000e+00  0.000000e+00
  -1.187860e+11  0.000000e+00  6.044331e+11  0.000000e+00  0.000000e+00
   0.000000e+00 -4.856471e+11]
 [ 0.000000e+00  0.000000e+00 -6.056396e+11  0.000000e+00  1.190231e+11
   0.000000e+00  0.000000e+00  0.000000e+00  6.056396e+11  0.000000e+00
   4.866165e+11  0.000000e+00]
 [ 0.000000e+00  0.000000e+00  0.000000e+00 -1.770297e+07  0.000000e+00
   0.000000e+00  0.000000e+00  0.000000e+00  0.000000e+00  1.770297e+07
   0.000000e+00  0.000000e+00]
 [ 0.000000e+00  0.000000e+00 -4.866165e+11  0.000000e+00  9.563211e+10
   0.000000e+00  0.000000e+00  0.000000e+00  4.866165e+11  0.000000e+00
   3.909844e+11  0.000000e+00]
 [ 0.000000e+00  4.856471e+11  0.000000e+00  0.000000e+00  0.000000e+00
   9.544161e+10  0.000000e+00 -4.856471e+11  0.000000e+00  0.000000e+00
   0.000000e+00  3.902055e+11]]
2025-04-08 17:27:15,319 - pre_processing.element_library.element_1D_base - DEBUG - 
2025-04-08 17:27:15,319 - pre_processing.element_library.element_1D_base - DEBUG - 
2025-04-08 17:27:15,320 - pre_processing.element_library.element_1D_base - DEBUG - 
===== Final Element Stiffness Matrix (Ke) =====
2025-04-08 17:27:15,320 - pre_processing.element_library.element_1D_base - DEBUG - 
===== Final Element Stiffness Matrix (Ke) =====
2025-04-08 17:27:15,321 - pre_processing.element_library.element_1D_base - DEBUG - [[ 4.555000e+07  0.000000e+00  0.000000e+00  0.000000e+00  0.000000e+00
   0.000000e+00 -4.555000e+07  0.000000e+00  0.000000e+00  0.000000e+00
   0.000000e+00  0.000000e+00]
 [ 0.000000e+00  1.683360e+13  0.000000e+00  0.000000e+00  0.000000e+00
   9.619200e+12  0.000000e+00 -1.683360e+13  0.000000e+00  0.000000e+00
   0.000000e+00  7.214400e+12]
 [ 0.000000e+00  0.000000e+00  1.686720e+13  0.000000e+00 -9.638400e+12
   0.000000e+00  0.000000e+00  0.000000e+00 -1.686720e+13  0.000000e+00
  -7.228800e+12  0.000000e+00]
 [ 0.000000e+00  0.000000e+00  0.000000e+00  6.373071e+07  0.000000e+00
   0.000000e+00  0.000000e+00  0.000000e+00  0.000000e+00 -6.373071e+07
   0.000000e+00  0.000000e+00]
 [ 0.000000e+00  0.000000e+00 -9.638400e+12  0.000000e+00  5.622400e+12
   0.000000e+00  0.000000e+00  0.000000e+00  9.638400e+12  0.000000e+00
   4.016000e+12  0.000000e+00]
 [ 0.000000e+00  9.619200e+12  0.000000e+00  0.000000e+00  0.000000e+00
   5.611200e+12  0.000000e+00 -9.619200e+12  0.000000e+00  0.000000e+00
   0.000000e+00  4.008000e+12]
 [-4.555000e+07  0.000000e+00  0.000000e+00  0.000000e+00  0.000000e+00
   0.000000e+00  4.555000e+07  0.000000e+00  0.000000e+00  0.000000e+00
   0.000000e+00  0.000000e+00]
 [ 0.000000e+00 -1.683360e+13  0.000000e+00  0.000000e+00  0.000000e+00
  -9.619200e+12  0.000000e+00  1.683360e+13  0.000000e+00  0.000000e+00
   0.000000e+00 -7.214400e+12]
 [ 0.000000e+00  0.000000e+00 -1.686720e+13  0.000000e+00  9.638400e+12
   0.000000e+00  0.000000e+00  0.000000e+00  1.686720e+13  0.000000e+00
   7.228800e+12  0.000000e+00]
 [ 0.000000e+00  0.000000e+00  0.000000e+00 -6.373071e+07  0.000000e+00
   0.000000e+00  0.000000e+00  0.000000e+00  0.000000e+00  6.373071e+07
   0.000000e+00  0.000000e+00]
 [ 0.000000e+00  0.000000e+00 -7.228800e+12  0.000000e+00  4.016000e+12
   0.000000e+00  0.000000e+00  0.000000e+00  7.228800e+12  0.000000e+00
   3.212800e+12  0.000000e+00]
 [ 0.000000e+00  7.214400e+12  0.000000e+00  0.000000e+00  0.000000e+00
   4.008000e+12  0.000000e+00 -7.214400e+12  0.000000e+00  0.000000e+00
   0.000000e+00  3.206400e+12]]
2025-04-08 17:27:15,321 - pre_processing.element_library.element_1D_base - DEBUG - [[ 4.555000e+07  0.000000e+00  0.000000e+00  0.000000e+00  0.000000e+00
   0.000000e+00 -4.555000e+07  0.000000e+00  0.000000e+00  0.000000e+00
   0.000000e+00  0.000000e+00]
 [ 0.000000e+00  1.683360e+13  0.000000e+00  0.000000e+00  0.000000e+00
   9.619200e+12  0.000000e+00 -1.683360e+13  0.000000e+00  0.000000e+00
   0.000000e+00  7.214400e+12]
 [ 0.000000e+00  0.000000e+00  1.686720e+13  0.000000e+00 -9.638400e+12
   0.000000e+00  0.000000e+00  0.000000e+00 -1.686720e+13  0.000000e+00
  -7.228800e+12  0.000000e+00]
 [ 0.000000e+00  0.000000e+00  0.000000e+00  6.373071e+07  0.000000e+00
   0.000000e+00  0.000000e+00  0.000000e+00  0.000000e+00 -6.373071e+07
   0.000000e+00  0.000000e+00]
 [ 0.000000e+00  0.000000e+00 -9.638400e+12  0.000000e+00  5.622400e+12
   0.000000e+00  0.000000e+00  0.000000e+00  9.638400e+12  0.000000e+00
   4.016000e+12  0.000000e+00]
 [ 0.000000e+00  9.619200e+12  0.000000e+00  0.000000e+00  0.000000e+00
   5.611200e+12  0.000000e+00 -9.619200e+12  0.000000e+00  0.000000e+00
   0.000000e+00  4.008000e+12]
 [-4.555000e+07  0.000000e+00  0.000000e+00  0.000000e+00  0.000000e+00
   0.000000e+00  4.555000e+07  0.000000e+00  0.000000e+00  0.000000e+00
   0.000000e+00  0.000000e+00]
 [ 0.000000e+00 -1.683360e+13  0.000000e+00  0.000000e+00  0.000000e+00
  -9.619200e+12  0.000000e+00  1.683360e+13  0.000000e+00  0.000000e+00
   0.000000e+00 -7.214400e+12]
 [ 0.000000e+00  0.000000e+00 -1.686720e+13  0.000000e+00  9.638400e+12
   0.000000e+00  0.000000e+00  0.000000e+00  1.686720e+13  0.000000e+00
   7.228800e+12  0.000000e+00]
 [ 0.000000e+00  0.000000e+00  0.000000e+00 -6.373071e+07  0.000000e+00
   0.000000e+00  0.000000e+00  0.000000e+00  0.000000e+00  6.373071e+07
   0.000000e+00  0.000000e+00]
 [ 0.000000e+00  0.000000e+00 -7.228800e+12  0.000000e+00  4.016000e+12
   0.000000e+00  0.000000e+00  0.000000e+00  7.228800e+12  0.000000e+00
   3.212800e+12  0.000000e+00]
 [ 0.000000e+00  7.214400e+12  0.000000e+00  0.000000e+00  0.000000e+00
   4.008000e+12  0.000000e+00 -7.214400e+12  0.000000e+00  0.000000e+00
   0.000000e+00  3.206400e+12]]
2025-04-08 17:27:15,427 - pre_processing.element_library.element_1D_base - DEBUG - Element Force Vector Computation (Element ID: 0)
2025-04-08 17:27:15,427 - pre_processing.element_library.element_1D_base - DEBUG - Element Force Vector Computation (Element ID: 0)
2025-04-08 17:27:15,429 - pre_processing.element_library.element_1D_base - DEBUG - 
===== Final Element Force Vector =====
2025-04-08 17:27:15,429 - pre_processing.element_library.element_1D_base - DEBUG - 
===== Final Element Force Vector =====
2025-04-08 17:27:15,431 - pre_processing.element_library.element_1D_base - DEBUG - [[0. 0. 0. 0. 0. 0. 0. 0. 0. 0. 0. 0.]]
2025-04-08 17:27:15,431 - pre_processing.element_library.element_1D_base - DEBUG - [[0. 0. 0. 0. 0. 0. 0. 0. 0. 0. 0. 0.]]
2025-04-08 17:27:15,433 - pre_processing.element_library.element_1D_base - DEBUG - Element Force Vector Computation (Element ID: 1)
2025-04-08 17:27:15,433 - pre_processing.element_library.element_1D_base - DEBUG - Element Force Vector Computation (Element ID: 1)
2025-04-08 17:27:15,434 - pre_processing.element_library.element_1D_base - DEBUG - 
Point Load at x_p = 2.000000e+00 (xi_p = 1.000000e+00)
2025-04-08 17:27:15,434 - pre_processing.element_library.element_1D_base - DEBUG - 
Point Load at x_p = 2.000000e+00 (xi_p = 1.000000e+00)
2025-04-08 17:27:15,436 - pre_processing.element_library.element_1D_base - DEBUG - Point Load Vector (F_p): [      0. -100000.       0.       0.       0.       0.]
2025-04-08 17:27:15,436 - pre_processing.element_library.element_1D_base - DEBUG - Point Load Vector (F_p): [      0. -100000.       0.       0.       0.       0.]
2025-04-08 17:27:15,437 - pre_processing.element_library.element_1D_base - DEBUG - Shape Function Values at Load Point:
2025-04-08 17:27:15,437 - pre_processing.element_library.element_1D_base - DEBUG - Shape Function Values at Load Point:
2025-04-08 17:27:15,437 - pre_processing.element_library.element_1D_base - DEBUG - [[ 0.  0.  0.  0.  0.  0.]
 [ 0.  0.  0.  0.  0.  0.]
 [ 0.  0.  0.  0.  0.  0.]
 [ 0.  0.  0.  0.  0.  0.]
 [ 0.  0.  0.  0. -2.  0.]
 [ 0.  0.  0.  0.  0.  0.]
 [ 1.  0.  0.  0.  0.  0.]
 [ 0.  1.  0.  0.  0.  0.]
 [ 0.  0.  1.  0.  0.  0.]
 [ 0.  0.  0.  1.  0.  0.]
 [ 0.  0.  0.  0. -0.  0.]
 [ 0.  0.  0.  0.  0.  0.]]
2025-04-08 17:27:15,437 - pre_processing.element_library.element_1D_base - DEBUG - [[ 0.  0.  0.  0.  0.  0.]
 [ 0.  0.  0.  0.  0.  0.]
 [ 0.  0.  0.  0.  0.  0.]
 [ 0.  0.  0.  0.  0.  0.]
 [ 0.  0.  0.  0. -2.  0.]
 [ 0.  0.  0.  0.  0.  0.]
 [ 1.  0.  0.  0.  0.  0.]
 [ 0.  1.  0.  0.  0.  0.]
 [ 0.  0.  1.  0.  0.  0.]
 [ 0.  0.  0.  1.  0.  0.]
 [ 0.  0.  0.  0. -0.  0.]
 [ 0.  0.  0.  0.  0.  0.]]
2025-04-08 17:27:15,443 - pre_processing.element_library.element_1D_base - DEBUG - Separated Translational Contribution:
2025-04-08 17:27:15,443 - pre_processing.element_library.element_1D_base - DEBUG - Separated Translational Contribution:
2025-04-08 17:27:15,446 - pre_processing.element_library.element_1D_base - DEBUG - [[      0.       0.       0.       0. -100000.       0.]]
2025-04-08 17:27:15,446 - pre_processing.element_library.element_1D_base - DEBUG - [[      0.       0.       0.       0. -100000.       0.]]
2025-04-08 17:27:15,447 - pre_processing.element_library.element_1D_base - DEBUG - Separated Rotational Contribution:
2025-04-08 17:27:15,447 - pre_processing.element_library.element_1D_base - DEBUG - Separated Rotational Contribution:
2025-04-08 17:27:15,448 - pre_processing.element_library.element_1D_base - DEBUG - [[0. 0. 0. 0. 0. 0.]]
2025-04-08 17:27:15,448 - pre_processing.element_library.element_1D_base - DEBUG - [[0. 0. 0. 0. 0. 0.]]
2025-04-08 17:27:15,458 - pre_processing.element_library.element_1D_base - DEBUG - Updated Element Force Vector:
2025-04-08 17:27:15,458 - pre_processing.element_library.element_1D_base - DEBUG - Updated Element Force Vector:
2025-04-08 17:27:15,459 - pre_processing.element_library.element_1D_base - DEBUG - [[      0.       0.       0.       0.       0.       0.       0. -100000.
        0.       0.       0.       0.]]
2025-04-08 17:27:15,459 - pre_processing.element_library.element_1D_base - DEBUG - [[      0.       0.       0.       0.       0.       0.       0. -100000.
        0.       0.       0.       0.]]
2025-04-08 17:27:15,460 - pre_processing.element_library.element_1D_base - DEBUG - 
===== Final Element Force Vector =====
2025-04-08 17:27:15,460 - pre_processing.element_library.element_1D_base - DEBUG - 
===== Final Element Force Vector =====
2025-04-08 17:27:15,461 - pre_processing.element_library.element_1D_base - DEBUG - [[      0.       0.       0.       0.       0.       0.       0. -100000.
        0.       0.       0.       0.]]
2025-04-08 17:27:15,461 - pre_processing.element_library.element_1D_base - DEBUG - [[      0.       0.       0.       0.       0.       0.       0. -100000.
        0.       0.       0.       0.]]
