Machine Specifications:
   - OS: Windows 10 (10.0.19045)
   - CPU: Intel64 Family 6 Model 94 Stepping 3, GenuineIntel (4 cores)
   - RAM: 15.96 GB
   - Python Version: 3.11.0

Job: job_0008
Timestamp (job start): 2025-04-08_17-27-16
Total Time: 1.70 sec

+-------------------------------+-------------+---------------+-------------+-----------+
| Step                          |    Time (s) |   Memory (MB) |   Disk (GB) |   CPU (%) |
+===============================+=============+===============+=============+===========+
| Parsing                       | 0.000997782 |       121.184 |     336.706 |         0 |
+-------------------------------+-------------+---------------+-------------+-----------+
| Element Instantiation         | 0.00199509  |       121.184 |     336.707 |         0 |
+-------------------------------+-------------+---------------+-------------+-----------+
| Element Stiffness Computation | 0.19482     |       121.223 |     336.711 |         0 |
+-------------------------------+-------------+---------------+-------------+-----------+
| Element Force Computation     | 0.036386    |       121.223 |     336.713 |         0 |
+-------------------------------+-------------+---------------+-------------+-----------+
| Setup Simulation              | 0           |       121.223 |     336.714 |         0 |
+-------------------------------+-------------+---------------+-------------+-----------+
| Assemble Global Matrices      | 0.00798225  |       121.246 |     336.715 |         0 |
+-------------------------------+-------------+---------------+-------------+-----------+
| Modify Global Matrices        | 0.0151689   |       121.266 |     336.715 |         0 |
+-------------------------------+-------------+---------------+-------------+-----------+
| Solve Linear Static System    | 0.312367    |       124.344 |     336.719 |         0 |
+-------------------------------+-------------+---------------+-------------+-----------+
| Compute Primary Results       | 0.00322771  |       124.348 |     336.719 |         0 |
+-------------------------------+-------------+---------------+-------------+-----------+
| Save Primary Results          | 0.0111208   |       124.371 |     336.719 |         0 |
+-------------------------------+-------------+---------------+-------------+-----------+

Parallel Jobs: job_0007
Start Memory: 121.18 MB | End Memory: 124.37 MB
Start Disk Usage: 336.70 GB | End Disk Usage: 336.72 GB
Start CPU: 0.00% | End CPU: 0.00%
