Machine Specifications:
   - OS: Windows 11 (10.0.22631)
   - CPU: 12th Gen Intel(R) Core(TM) i7-12700
       • Logical cores: 20
       • Physical cores: 12
   - RAM: 31.24 GB
   - Disk: 3071.87 GB total, 2258.39 GB free
   - Python Version: 3.12.5 (C:\Users\s1834431\AppData\Local\Programs\Python\Python312\python.exe)
   - GPU(s): Intel(R) UHD Graphics 770

Job: job_0006
Timestamp (job start): 2025-07-07_19-50-28-034387
Total Time: 18.87 sec

+-------------------------------+------------+---------------+-------------+-----------+
| Step                          |   Time (s) |   Memory (MB) |   Disk (GB) |   CPU (%) |
+===============================+============+===============+=============+===========+
| Parsing                       |   0.028194 |       68.3398 |     813.458 |         0 |
+-------------------------------+------------+---------------+-------------+-----------+
| Element Instantiation         |   1.21154  |       97.707  |     813.459 |         0 |
+-------------------------------+------------+---------------+-------------+-----------+
| Element Stiffness Computation |   1.2851   |       98.2188 |     813.471 |         0 |
+-------------------------------+------------+---------------+-------------+-----------+
| Element Force Computation     |   0.925246 |       98.5117 |     813.472 |         0 |
+-------------------------------+------------+---------------+-------------+-----------+
| Full Simulation               |  14.7781   |      128.066  |     813.48  |         0 |
+-------------------------------+------------+---------------+-------------+-----------+

Parallel Jobs: job_0003, job_0001, job_0002, job_0005, job_0004
Start Memory: 68.00 MB | End Memory: 128.07 MB
Start Disk Usage: 813.46 GB | End Disk Usage: 813.48 GB
Start CPU: 0.00% | End CPU: 0.00%
