Machine Specifications:
   - OS: Windows 11 (10.0.22631)
   - CPU: Intel64 Family 6 Model 151 Stepping 2, GenuineIntel (20 cores)
   - RAM: 31.24 GB
   - Python Version: 3.12.5

Job: job_0001
Timestamp (job start): 2025-02-24_09-43-06
Total Time: 2.10 sec

+-------------------------------+------------+---------------+-------------+-----------+
| Step                          |   Time (s) |   Memory (MB) |   Disk (GB) |   CPU (%) |
+===============================+============+===============+=============+===========+
| Parsing                       | 0.00644541 |       77.4922 |     737.974 |         0 |
+-------------------------------+------------+---------------+-------------+-----------+
| Element Instantiation         | 0.00400782 |       77.5703 |     737.974 |         0 |
+-------------------------------+------------+---------------+-------------+-----------+
| Element Stiffness Computation | 0.091819   |       77.9102 |     737.974 |         0 |
+-------------------------------+------------+---------------+-------------+-----------+
| Element Force Computation     | 0.225114   |       77.9375 |     737.974 |         0 |
+-------------------------------+------------+---------------+-------------+-----------+
| Setup Simulation              | 0          |       77.9531 |     737.974 |         0 |
+-------------------------------+------------+---------------+-------------+-----------+
| Assemble Global Matrices      | 0.162422   |       78.1523 |     737.974 |         0 |
+-------------------------------+------------+---------------+-------------+-----------+
| Modify Global Matrices        | 0.00453568 |       78.2617 |     737.974 |         0 |
+-------------------------------+------------+---------------+-------------+-----------+
| Solve Linear Static System    | 0.315359   |       94.293  |     737.974 |         0 |
+-------------------------------+------------+---------------+-------------+-----------+
| Compute Primary Results       | 0.0767131  |       94.3047 |     737.974 |         0 |
+-------------------------------+------------+---------------+-------------+-----------+
| Save Primary Results          | 0.0790732  |       94.3086 |     737.974 |         0 |
+-------------------------------+------------+---------------+-------------+-----------+

Parallel Jobs: None
Start Memory: 77.01 MB | End Memory: 94.31 MB
Start Disk Usage: 737.97 GB | End Disk Usage: 737.97 GB
Start CPU: 0.00% | End CPU: 0.00%
