=== Validation Matrix ===
[[0. 0.]
 [0. 0.]]


=== Element 36 Stiffness Matrix Computation ===
=== Element length  L  (1, 1) ===
[[0.02]]

=== Material stiffness matrix  D  (6, 6) ===
[[4.000000e+09 0.000000e+00 0.000000e+00 0.000000e+00 0.000000e+00 0.000000e+00]
 [0.000000e+00 1.333340e+07 0.000000e+00 0.000000e+00 0.000000e+00 0.000000e+00]
 [0.000000e+00 0.000000e+00 3.333400e+06 0.000000e+00 0.000000e+00 0.000000e+00]
 [0.000000e+00 0.000000e+00 0.000000e+00 0.000000e+00 0.000000e+00 0.000000e+00]
 [0.000000e+00 0.000000e+00 0.000000e+00 0.000000e+00 0.000000e+00 0.000000e+00]
 [0.000000e+00 0.000000e+00 0.000000e+00 0.000000e+00 0.000000e+00 1.313076e+06]]


GP 1/3: ξ = -0.774597,  x = 7.222540e-01,  w = 5.555556e-01
=== Shape-function derivative  dN/dξ  (1, 12, 6) ===
[[[-0.5       0.        0.        0.        0.        0.      ]
  [ 0.        8.24758   0.        0.        0.        0.      ]
  [ 0.        0.        8.24758   0.        0.        0.      ]
  [ 0.        0.        0.       -0.5       0.        0.      ]
  [ 0.        0.        0.        0.       -5.898387  0.      ]
  [ 0.        0.        0.        0.        0.        5.898387]
  [ 0.5       0.        0.        0.        0.        0.      ]
  [ 0.       -8.24758   0.        0.        0.        0.      ]
  [ 0.        0.       -8.24758   0.        0.        0.      ]
  [ 0.        0.        0.        0.5       0.        0.      ]
  [ 0.        0.        0.        0.       -3.349193  0.      ]
  [ 0.        0.        0.        0.        0.        3.349193]]]

=== Second derivative  d²N/dξ²  (1, 12, 6) ===
[[[  0.        0.        0.        0.        0.        0.     ]
  [  0.      -15.29516   0.        0.        0.        0.     ]
  [  0.        0.      -15.29516   0.        0.        0.     ]
  [  0.        0.        0.        0.        0.        0.     ]
  [  0.        0.        0.        0.        8.64758   0.     ]
  [  0.        0.        0.        0.        0.       -8.64758]
  [  0.        0.        0.        0.        0.        0.     ]
  [  0.       15.29516   0.        0.        0.        0.     ]
  [  0.        0.       15.29516   0.        0.        0.     ]
  [  0.        0.        0.        0.        0.        0.     ]
  [  0.        0.        0.        0.        6.64758   0.     ]
  [  0.        0.        0.        0.        0.       -6.64758]]]

=== Strain-displacement matrix  B  (6, 12) ===
[[    -50.             0.             0.             0.             0.             0.            50.
        0.             0.             0.             0.             0.      ]
 [      0.             0.       -152951.600309       0.         86475.800154       0.             0.
        0.        152951.600309       0.         66475.800154       0.      ]
 [      0.       -152951.600309       0.             0.             0.        -86475.800154       0.
   152951.600309       0.             0.             0.        -66475.800154]
 [      0.             0.             0.             0.             0.             0.             0.
        0.             0.             0.             0.             0.      ]
 [      0.             0.             0.             0.             0.             0.             0.
        0.             0.             0.             0.             0.      ]
 [      0.             0.             0.           -50.             0.             0.             0.
        0.             0.            50.             0.             0.      ]]

=== Gauss-point contribution  BᵀDB  (12, 12) ===
[[ 5.555556e+10  0.000000e+00  0.000000e+00  0.000000e+00  0.000000e+00  0.000000e+00 -5.555556e+10  0.000000e+00
   0.000000e+00  0.000000e+00  0.000000e+00  0.000000e+00]
 [ 0.000000e+00  4.332344e+14  0.000000e+00  0.000000e+00  0.000000e+00  2.449422e+14  0.000000e+00 -4.332344e+14
   0.000000e+00  0.000000e+00  0.000000e+00  1.882923e+14]
 [ 0.000000e+00  0.000000e+00  1.732912e+15  0.000000e+00 -9.797539e+14  0.000000e+00  0.000000e+00  0.000000e+00
  -1.732912e+15  0.000000e+00 -7.531578e+14  0.000000e+00]
 [ 0.000000e+00  0.000000e+00  0.000000e+00  1.823716e+07  0.000000e+00  0.000000e+00  0.000000e+00  0.000000e+00
   0.000000e+00 -1.823716e+07  0.000000e+00  0.000000e+00]
 [ 0.000000e+00  0.000000e+00 -9.797539e+14  0.000000e+00  5.539334e+14  0.000000e+00  0.000000e+00  0.000000e+00
   9.797539e+14  0.000000e+00  4.258205e+14  0.000000e+00]
 [ 0.000000e+00  2.449422e+14  0.000000e+00  0.000000e+00  0.000000e+00  1.384854e+14  0.000000e+00 -2.449422e+14
   0.000000e+00  0.000000e+00  0.000000e+00  1.064567e+14]
 [-5.555556e+10  0.000000e+00  0.000000e+00  0.000000e+00  0.000000e+00  0.000000e+00  5.555556e+10  0.000000e+00
   0.000000e+00  0.000000e+00  0.000000e+00  0.000000e+00]
 [ 0.000000e+00 -4.332344e+14  0.000000e+00  0.000000e+00  0.000000e+00 -2.449422e+14  0.000000e+00  4.332344e+14
   0.000000e+00  0.000000e+00  0.000000e+00 -1.882923e+14]
 [ 0.000000e+00  0.000000e+00 -1.732912e+15  0.000000e+00  9.797539e+14  0.000000e+00  0.000000e+00  0.000000e+00
   1.732912e+15  0.000000e+00  7.531578e+14  0.000000e+00]
 [ 0.000000e+00  0.000000e+00  0.000000e+00 -1.823716e+07  0.000000e+00  0.000000e+00  0.000000e+00  0.000000e+00
   0.000000e+00  1.823716e+07  0.000000e+00  0.000000e+00]
 [ 0.000000e+00  0.000000e+00 -7.531578e+14  0.000000e+00  4.258205e+14  0.000000e+00  0.000000e+00  0.000000e+00
   7.531578e+14  0.000000e+00  3.273373e+14  0.000000e+00]
 [ 0.000000e+00  1.882923e+14  0.000000e+00  0.000000e+00  0.000000e+00  1.064567e+14  0.000000e+00 -1.882923e+14
   0.000000e+00  0.000000e+00  0.000000e+00  8.183556e+13]]


GP 2/3: ξ = 0.000000,  x = 7.300000e-01,  w = 8.888889e-01
=== Shape-function derivative  dN/dξ  (1, 12, 6) ===
[[[-0.5  0.   0.   0.   0.   0. ]
  [ 0.   0.   0.   0.   0.   0. ]
  [ 0.   0.   0.   0.   0.   0. ]
  [ 0.   0.   0.  -0.5  0.   0. ]
  [ 0.   0.   0.   0.  -1.   0. ]
  [ 0.   0.   0.   0.   0.   1. ]
  [ 0.5  0.   0.   0.   0.   0. ]
  [ 0.   0.   0.   0.   0.   0. ]
  [ 0.   0.   0.   0.   0.   0. ]
  [ 0.   0.   0.   0.5  0.   0. ]
  [ 0.   0.   0.   0.  -0.   0. ]
  [ 0.   0.   0.   0.   0.   0. ]]]

=== Second derivative  d²N/dξ²  (1, 12, 6) ===
[[[ 0.  0.  0.  0.  0.  0.]
  [ 0. -6.  0.  0.  0.  0.]
  [ 0.  0. -6.  0.  0.  0.]
  [ 0.  0.  0.  0.  0.  0.]
  [ 0.  0.  0.  0.  4.  0.]
  [ 0.  0.  0.  0.  0. -4.]
  [ 0.  0.  0.  0.  0.  0.]
  [ 0.  6.  0.  0.  0.  0.]
  [ 0.  0.  6.  0.  0.  0.]
  [ 0.  0.  0.  0.  0.  0.]
  [ 0.  0.  0.  0.  2.  0.]
  [ 0.  0.  0.  0.  0. -2.]]]

=== Strain-displacement matrix  B  (6, 12) ===
[[   -50.      0.      0.      0.      0.      0.     50.      0.      0.      0.      0.      0.]
 [     0.      0. -60000.      0.  40000.      0.      0.      0.  60000.      0.  20000.      0.]
 [     0. -60000.      0.      0.      0. -40000.      0.  60000.      0.      0.      0. -20000.]
 [     0.      0.      0.      0.      0.      0.      0.      0.      0.      0.      0.      0.]
 [     0.      0.      0.      0.      0.      0.      0.      0.      0.      0.      0.      0.]
 [     0.      0.      0.    -50.      0.      0.      0.      0.      0.     50.      0.      0.]]

=== Gauss-point contribution  BᵀDB  (12, 12) ===
[[ 8.888889e+10  0.000000e+00  0.000000e+00  0.000000e+00  0.000000e+00  0.000000e+00 -8.888889e+10  0.000000e+00
   0.000000e+00  0.000000e+00  0.000000e+00  0.000000e+00]
 [ 0.000000e+00  1.066688e+14  0.000000e+00  0.000000e+00  0.000000e+00  7.111253e+13  0.000000e+00 -1.066688e+14
   0.000000e+00  0.000000e+00  0.000000e+00  3.555627e+13]
 [ 0.000000e+00  0.000000e+00  4.266688e+14  0.000000e+00 -2.844459e+14  0.000000e+00  0.000000e+00  0.000000e+00
  -4.266688e+14  0.000000e+00 -1.422229e+14  0.000000e+00]
 [ 0.000000e+00  0.000000e+00  0.000000e+00  2.917946e+07  0.000000e+00  0.000000e+00  0.000000e+00  0.000000e+00
   0.000000e+00 -2.917946e+07  0.000000e+00  0.000000e+00]
 [ 0.000000e+00  0.000000e+00 -2.844459e+14  0.000000e+00  1.896306e+14  0.000000e+00  0.000000e+00  0.000000e+00
   2.844459e+14  0.000000e+00  9.481529e+13  0.000000e+00]
 [ 0.000000e+00  7.111253e+13  0.000000e+00  0.000000e+00  0.000000e+00  4.740836e+13  0.000000e+00 -7.111253e+13
   0.000000e+00  0.000000e+00  0.000000e+00  2.370418e+13]
 [-8.888889e+10  0.000000e+00  0.000000e+00  0.000000e+00  0.000000e+00  0.000000e+00  8.888889e+10  0.000000e+00
   0.000000e+00  0.000000e+00  0.000000e+00  0.000000e+00]
 [ 0.000000e+00 -1.066688e+14  0.000000e+00  0.000000e+00  0.000000e+00 -7.111253e+13  0.000000e+00  1.066688e+14
   0.000000e+00  0.000000e+00  0.000000e+00 -3.555627e+13]
 [ 0.000000e+00  0.000000e+00 -4.266688e+14  0.000000e+00  2.844459e+14  0.000000e+00  0.000000e+00  0.000000e+00
   4.266688e+14  0.000000e+00  1.422229e+14  0.000000e+00]
 [ 0.000000e+00  0.000000e+00  0.000000e+00 -2.917946e+07  0.000000e+00  0.000000e+00  0.000000e+00  0.000000e+00
   0.000000e+00  2.917946e+07  0.000000e+00  0.000000e+00]
 [ 0.000000e+00  0.000000e+00 -1.422229e+14  0.000000e+00  9.481529e+13  0.000000e+00  0.000000e+00  0.000000e+00
   1.422229e+14  0.000000e+00  4.740764e+13  0.000000e+00]
 [ 0.000000e+00  3.555627e+13  0.000000e+00  0.000000e+00  0.000000e+00  2.370418e+13  0.000000e+00 -3.555627e+13
   0.000000e+00  0.000000e+00  0.000000e+00  1.185209e+13]]


GP 3/3: ξ = 0.774597,  x = 7.377460e-01,  w = 5.555556e-01
=== Shape-function derivative  dN/dξ  (1, 12, 6) ===
[[[-0.5       0.        0.        0.        0.        0.      ]
  [ 0.       -1.04758   0.        0.        0.        0.      ]
  [ 0.        0.       -1.04758   0.        0.        0.      ]
  [ 0.        0.        0.       -0.5       0.        0.      ]
  [ 0.        0.        0.        0.        0.298387  0.      ]
  [ 0.        0.        0.        0.        0.       -0.298387]
  [ 0.5       0.        0.        0.        0.        0.      ]
  [ 0.        1.04758   0.        0.        0.        0.      ]
  [ 0.        0.        1.04758   0.        0.        0.      ]
  [ 0.        0.        0.        0.5       0.        0.      ]
  [ 0.        0.        0.        0.       -0.250807  0.      ]
  [ 0.        0.        0.        0.        0.        0.250807]]]

=== Second derivative  d²N/dξ²  (1, 12, 6) ===
[[[ 0.       0.       0.       0.       0.       0.     ]
  [ 0.       3.29516  0.       0.       0.       0.     ]
  [ 0.       0.       3.29516  0.       0.       0.     ]
  [ 0.       0.       0.       0.       0.       0.     ]
  [ 0.       0.       0.       0.      -0.64758  0.     ]
  [ 0.       0.       0.       0.       0.       0.64758]
  [ 0.       0.       0.       0.       0.       0.     ]
  [ 0.      -3.29516  0.       0.       0.       0.     ]
  [ 0.       0.      -3.29516  0.       0.       0.     ]
  [ 0.       0.       0.       0.       0.       0.     ]
  [ 0.       0.       0.       0.      -2.64758  0.     ]
  [ 0.       0.       0.       0.       0.       2.64758]]]

=== Strain-displacement matrix  B  (6, 12) ===
[[   -50.            0.            0.            0.            0.            0.           50.            0.
       0.            0.            0.            0.      ]
 [     0.            0.        32951.600309      0.        -6475.800154      0.            0.            0.
  -32951.600309      0.       -26475.800154      0.      ]
 [     0.        32951.600309      0.            0.            0.         6475.800154      0.       -32951.600309
       0.            0.            0.        26475.800154]
 [     0.            0.            0.            0.            0.            0.            0.            0.
       0.            0.            0.            0.      ]
 [     0.            0.            0.            0.            0.            0.            0.            0.
       0.            0.            0.            0.      ]
 [     0.            0.            0.          -50.            0.            0.            0.            0.
       0.           50.            0.            0.      ]]

=== Gauss-point contribution  BᵀDB  (12, 12) ===
[[ 5.555556e+10  0.000000e+00  0.000000e+00  0.000000e+00  0.000000e+00  0.000000e+00 -5.555556e+10  0.000000e+00
   0.000000e+00  0.000000e+00  0.000000e+00  0.000000e+00]
 [ 0.000000e+00  2.010796e+13  0.000000e+00  0.000000e+00  0.000000e+00  3.951708e+12  0.000000e+00 -2.010796e+13
   0.000000e+00  0.000000e+00  0.000000e+00  1.615625e+13]
 [ 0.000000e+00  0.000000e+00  8.043062e+13  0.000000e+00 -1.580660e+13  0.000000e+00  0.000000e+00  0.000000e+00
  -8.043062e+13  0.000000e+00 -6.462403e+13  0.000000e+00]
 [ 0.000000e+00  0.000000e+00  0.000000e+00  1.823716e+07  0.000000e+00  0.000000e+00  0.000000e+00  0.000000e+00
   0.000000e+00 -1.823716e+07  0.000000e+00  0.000000e+00]
 [ 0.000000e+00  0.000000e+00 -1.580660e+13  0.000000e+00  3.106385e+12  0.000000e+00  0.000000e+00  0.000000e+00
   1.580660e+13  0.000000e+00  1.270021e+13  0.000000e+00]
 [ 0.000000e+00  3.951708e+12  0.000000e+00  0.000000e+00  0.000000e+00  7.766079e+11  0.000000e+00 -3.951708e+12
   0.000000e+00  0.000000e+00  0.000000e+00  3.175100e+12]
 [-5.555556e+10  0.000000e+00  0.000000e+00  0.000000e+00  0.000000e+00  0.000000e+00  5.555556e+10  0.000000e+00
   0.000000e+00  0.000000e+00  0.000000e+00  0.000000e+00]
 [ 0.000000e+00 -2.010796e+13  0.000000e+00  0.000000e+00  0.000000e+00 -3.951708e+12  0.000000e+00  2.010796e+13
   0.000000e+00  0.000000e+00  0.000000e+00 -1.615625e+13]
 [ 0.000000e+00  0.000000e+00 -8.043062e+13  0.000000e+00  1.580660e+13  0.000000e+00  0.000000e+00  0.000000e+00
   8.043062e+13  0.000000e+00  6.462403e+13  0.000000e+00]
 [ 0.000000e+00  0.000000e+00  0.000000e+00 -1.823716e+07  0.000000e+00  0.000000e+00  0.000000e+00  0.000000e+00
   0.000000e+00  1.823716e+07  0.000000e+00  0.000000e+00]
 [ 0.000000e+00  0.000000e+00 -6.462403e+13  0.000000e+00  1.270021e+13  0.000000e+00  0.000000e+00  0.000000e+00
   6.462403e+13  0.000000e+00  5.192381e+13  0.000000e+00]
 [ 0.000000e+00  1.615625e+13  0.000000e+00  0.000000e+00  0.000000e+00  3.175100e+12  0.000000e+00 -1.615625e+13
   0.000000e+00  0.000000e+00  0.000000e+00  1.298115e+13]]

=== Final Element Stiffness Matrix ===
[[ 2.000000e+11  0.000000e+00  0.000000e+00  0.000000e+00  0.000000e+00  0.000000e+00 -2.000000e+11  0.000000e+00
   0.000000e+00  0.000000e+00  0.000000e+00  0.000000e+00]
 [ 0.000000e+00  5.600112e+14  0.000000e+00  0.000000e+00  0.000000e+00  3.200064e+14  0.000000e+00 -5.600112e+14
   0.000000e+00  0.000000e+00  0.000000e+00  2.400048e+14]
 [ 0.000000e+00  0.000000e+00  2.240011e+15  0.000000e+00 -1.280006e+15  0.000000e+00  0.000000e+00  0.000000e+00
  -2.240011e+15  0.000000e+00 -9.600048e+14  0.000000e+00]
 [ 0.000000e+00  0.000000e+00  0.000000e+00  6.565378e+07  0.000000e+00  0.000000e+00  0.000000e+00  0.000000e+00
   0.000000e+00 -6.565378e+07  0.000000e+00  0.000000e+00]
 [ 0.000000e+00  0.000000e+00 -1.280006e+15  0.000000e+00  7.466704e+14  0.000000e+00  0.000000e+00  0.000000e+00
   1.280006e+15  0.000000e+00  5.333360e+14  0.000000e+00]
 [ 0.000000e+00  3.200064e+14  0.000000e+00  0.000000e+00  0.000000e+00  1.866704e+14  0.000000e+00 -3.200064e+14
   0.000000e+00  0.000000e+00  0.000000e+00  1.333360e+14]
 [-2.000000e+11  0.000000e+00  0.000000e+00  0.000000e+00  0.000000e+00  0.000000e+00  2.000000e+11  0.000000e+00
   0.000000e+00  0.000000e+00  0.000000e+00  0.000000e+00]
 [ 0.000000e+00 -5.600112e+14  0.000000e+00  0.000000e+00  0.000000e+00 -3.200064e+14  0.000000e+00  5.600112e+14
   0.000000e+00  0.000000e+00  0.000000e+00 -2.400048e+14]
 [ 0.000000e+00  0.000000e+00 -2.240011e+15  0.000000e+00  1.280006e+15  0.000000e+00  0.000000e+00  0.000000e+00
   2.240011e+15  0.000000e+00  9.600048e+14  0.000000e+00]
 [ 0.000000e+00  0.000000e+00  0.000000e+00 -6.565378e+07  0.000000e+00  0.000000e+00  0.000000e+00  0.000000e+00
   0.000000e+00  6.565378e+07  0.000000e+00  0.000000e+00]
 [ 0.000000e+00  0.000000e+00 -9.600048e+14  0.000000e+00  5.333360e+14  0.000000e+00  0.000000e+00  0.000000e+00
   9.600048e+14  0.000000e+00  4.266688e+14  0.000000e+00]
 [ 0.000000e+00  2.400048e+14  0.000000e+00  0.000000e+00  0.000000e+00  1.333360e+14  0.000000e+00 -2.400048e+14
   0.000000e+00  0.000000e+00  0.000000e+00  1.066688e+14]]

