Machine Specifications:
   - OS: Windows 10 (10.0.19045)
       • Logical cores: 4
       • Physical cores: 4
   - RAM: 15.96 GB
   - Disk: 465.18 GB total, 129.60 GB free
   - Python Version: 3.11.0 (C:\Users\samea\AppData\Local\Programs\Python\Python311\python.exe)
   - GPU(s): NVIDIA GeForce GTX 780 Ti

Job: job_0003
Timestamp (job start): 2025-07-09_05-47-14-848409
Total Time: 137.28 sec

+-------------------------------+-------------+---------------+-------------+-----------+
| Step                          |    Time (s) |   Memory (MB) |   Disk (GB) |   CPU (%) |
+===============================+=============+===============+=============+===========+
| Parsing                       |   0.0321925 |        63.832 |     334.528 |         0 |
+-------------------------------+-------------+---------------+-------------+-----------+
| Element Instantiation         |   2.70576   |       101.508 |     334.533 |         0 |
+-------------------------------+-------------+---------------+-------------+-----------+
| Element Stiffness Computation |   5.06203   |       102.57  |     334.548 |         0 |
+-------------------------------+-------------+---------------+-------------+-----------+
| Element Force Computation     |   0.767059  |       102.723 |     334.551 |         0 |
+-------------------------------+-------------+---------------+-------------+-----------+
| Full Simulation               | 128.066     |       138.461 |     335.579 |         0 |
+-------------------------------+-------------+---------------+-------------+-----------+

Parallel Jobs: job_0001, job_0002
Start Memory: 62.91 MB | End Memory: 138.46 MB
Start Disk Usage: 334.53 GB | End Disk Usage: 335.58 GB
Start CPU: 0.00% | End CPU: 0.00%
