Machine Specifications:
   - OS: Windows 11 (10.0.22631)
   - CPU: Intel64 Family 6 Model 151 Stepping 2, GenuineIntel (20 cores)
   - RAM: 31.24 GB
   - Python Version: 3.12.5

Job: job_0006
Timestamp (job start): 2025-03-16_22-31-56
Total Time: 6.93 sec

+-------------------------------+------------+---------------+-------------+-----------+
| Step                          |   Time (s) |   Memory (MB) |   Disk (GB) |   CPU (%) |
+===============================+============+===============+=============+===========+
| Parsing                       | 0.0100749  |       106.148 |     759.095 |         0 |
+-------------------------------+------------+---------------+-------------+-----------+
| Element Instantiation         | 0.00300646 |       106.191 |     759.096 |         0 |
+-------------------------------+------------+---------------+-------------+-----------+
| Element Stiffness Computation | 1.8138     |       106.477 |     759.102 |         0 |
+-------------------------------+------------+---------------+-------------+-----------+
| Element Force Computation     | 3.31792    |       106.512 |     759.106 |         0 |
+-------------------------------+------------+---------------+-------------+-----------+
| Setup Simulation              | 0          |       106.543 |     759.106 |         0 |
+-------------------------------+------------+---------------+-------------+-----------+
| Assemble Global Matrices      | 0.031785   |       108.789 |     759.106 |         0 |
+-------------------------------+------------+---------------+-------------+-----------+
| Modify Global Matrices        | 0.0454354  |       109.262 |     759.106 |         0 |
+-------------------------------+------------+---------------+-------------+-----------+
| Solve Linear Static System    | 0.497945   |       124.32  |     759.107 |         0 |
+-------------------------------+------------+---------------+-------------+-----------+
| Compute Primary Results       | 0.00466275 |       124.324 |     759.107 |         0 |
+-------------------------------+------------+---------------+-------------+-----------+
| Save Primary Results          | 0.0769496  |       124.355 |     759.107 |         0 |
+-------------------------------+------------+---------------+-------------+-----------+

Parallel Jobs: job_0003, job_0002, job_0001
Start Memory: 105.96 MB | End Memory: 124.36 MB
Start Disk Usage: 759.10 GB | End Disk Usage: 759.11 GB
Start CPU: 0.00% | End CPU: 0.00%
