2025-04-30 18:05:45,332 - INFO - 🔧 Starting global matrix assembly...
2025-04-30 18:05:45,332 - DEBUG - This detailed log is written to the assembly.log file
2025-04-30 18:05:45,334 - INFO - Total DOFs: 24, Elements count: 3

DOF mappings per element:
Element 0: DOF mapping = [ 0  1  2  3  4  5  6  7  8  9 10 11]
Element 1: DOF mapping = [ 6  7  8  9 10 11 12 13 14 15 16 17]
Element 2: DOF mapping = [12 13 14 15 16 17 18 19 20 21 22 23]
2025-04-30 18:05:45,335 - INFO - 🔧 Assembling global stiffness matrix...
2025-04-30 18:05:45,336 - INFO - ✅ Stiffness matrix assembled.
2025-04-30 18:05:45,336 - INFO - 🔧 Assembling force vector...
2025-04-30 18:05:45,337 - INFO - ✅ Force vector assembled.

Full K_global Matrix:
            0           1           2           3           4           5           6           7           8           9           10          11          12          13          14          15          16          17          18          19          20          21          22          23
0   2.7330e+08  0.0000e+00  0.0000e+00  0.0000e+00  0.0000e+00  0.0000e+00 -2.7330e+08  0.0000e+00  0.0000e+00  0.0000e+00  0.0000e+00  0.0000e+00  0.0000e+00  0.0000e+00  0.0000e+00  0.0000e+00  0.0000e+00  0.0000e+00  0.0000e+00  0.0000e+00  0.0000e+00  0.0000e+00  0.0000e+00  0.0000e+00
1   0.0000e+00  9.0901e+14  0.0000e+00  0.0000e+00  0.0000e+00  5.1944e+14  0.0000e+00 -9.0901e+14  0.0000e+00  0.0000e+00  0.0000e+00  3.8958e+14  0.0000e+00  0.0000e+00  0.0000e+00  0.0000e+00  0.0000e+00  0.0000e+00  0.0000e+00  0.0000e+00  0.0000e+00  0.0000e+00  0.0000e+00  0.0000e+00
2   0.0000e+00  0.0000e+00  9.1083e+14  0.0000e+00 -5.2047e+14  0.0000e+00  0.0000e+00  0.0000e+00 -9.1083e+14  0.0000e+00 -3.9035e+14  0.0000e+00  0.0000e+00  0.0000e+00  0.0000e+00  0.0000e+00  0.0000e+00  0.0000e+00  0.0000e+00  0.0000e+00  0.0000e+00  0.0000e+00  0.0000e+00  0.0000e+00
3   0.0000e+00  0.0000e+00  0.0000e+00  1.3442e+03  0.0000e+00  0.0000e+00  0.0000e+00  0.0000e+00  0.0000e+00 -1.3442e+03  0.0000e+00  0.0000e+00  0.0000e+00  0.0000e+00  0.0000e+00  0.0000e+00  0.0000e+00  0.0000e+00  0.0000e+00  0.0000e+00  0.0000e+00  0.0000e+00  0.0000e+00  0.0000e+00
4   0.0000e+00  0.0000e+00 -5.2047e+14  0.0000e+00  3.0361e+14  0.0000e+00  0.0000e+00  0.0000e+00  5.2047e+14  0.0000e+00  2.1686e+14  0.0000e+00  0.0000e+00  0.0000e+00  0.0000e+00  0.0000e+00  0.0000e+00  0.0000e+00  0.0000e+00  0.0000e+00  0.0000e+00  0.0000e+00  0.0000e+00  0.0000e+00
5   0.0000e+00  5.1944e+14  0.0000e+00  0.0000e+00  0.0000e+00  3.0300e+14  0.0000e+00 -5.1944e+14  0.0000e+00  0.0000e+00  0.0000e+00  2.1643e+14  0.0000e+00  0.0000e+00  0.0000e+00  0.0000e+00  0.0000e+00  0.0000e+00  0.0000e+00  0.0000e+00  0.0000e+00  0.0000e+00  0.0000e+00  0.0000e+00
6  -2.7330e+08  0.0000e+00  0.0000e+00  0.0000e+00  0.0000e+00  0.0000e+00  5.4660e+08  0.0000e+00  0.0000e+00  0.0000e+00  0.0000e+00  0.0000e+00 -2.7330e+08  0.0000e+00  0.0000e+00  0.0000e+00  0.0000e+00  0.0000e+00  0.0000e+00  0.0000e+00  0.0000e+00  0.0000e+00  0.0000e+00  0.0000e+00
7   0.0000e+00 -9.0901e+14  0.0000e+00  0.0000e+00  0.0000e+00 -5.1944e+14  0.0000e+00  1.8180e+15  0.0000e+00  0.0000e+00  0.0000e+00  1.2986e+14  0.0000e+00 -9.0902e+14  0.0000e+00  0.0000e+00  0.0000e+00  3.8958e+14  0.0000e+00  0.0000e+00  0.0000e+00  0.0000e+00  0.0000e+00  0.0000e+00
8   0.0000e+00  0.0000e+00 -9.1083e+14  0.0000e+00  5.2047e+14  0.0000e+00  0.0000e+00  0.0000e+00  1.8217e+15  0.0000e+00 -1.3012e+14  0.0000e+00  0.0000e+00  0.0000e+00 -9.1083e+14  0.0000e+00 -3.9036e+14  0.0000e+00  0.0000e+00  0.0000e+00  0.0000e+00  0.0000e+00  0.0000e+00  0.0000e+00
9   0.0000e+00  0.0000e+00  0.0000e+00 -1.3442e+03  0.0000e+00  0.0000e+00  0.0000e+00  0.0000e+00  0.0000e+00  2.6885e+03  0.0000e+00  0.0000e+00  0.0000e+00  0.0000e+00  0.0000e+00 -1.3442e+03  0.0000e+00  0.0000e+00  0.0000e+00  0.0000e+00  0.0000e+00  0.0000e+00  0.0000e+00  0.0000e+00
10  0.0000e+00  0.0000e+00 -3.9035e+14  0.0000e+00  2.1686e+14  0.0000e+00  0.0000e+00  0.0000e+00 -1.3012e+14  0.0000e+00  4.7710e+14  0.0000e+00  0.0000e+00  0.0000e+00  5.2048e+14  0.0000e+00  2.1686e+14  0.0000e+00  0.0000e+00  0.0000e+00  0.0000e+00  0.0000e+00  0.0000e+00  0.0000e+00
11  0.0000e+00  3.8958e+14  0.0000e+00  0.0000e+00  0.0000e+00  2.1643e+14  0.0000e+00  1.2986e+14  0.0000e+00  0.0000e+00  0.0000e+00  4.7615e+14  0.0000e+00 -5.1944e+14  0.0000e+00  0.0000e+00  0.0000e+00  2.1643e+14  0.0000e+00  0.0000e+00  0.0000e+00  0.0000e+00  0.0000e+00  0.0000e+00
12  0.0000e+00  0.0000e+00  0.0000e+00  0.0000e+00  0.0000e+00  0.0000e+00 -2.7330e+08  0.0000e+00  0.0000e+00  0.0000e+00  0.0000e+00  0.0000e+00  5.4660e+08  0.0000e+00  0.0000e+00  0.0000e+00  0.0000e+00  0.0000e+00 -2.7330e+08  0.0000e+00  0.0000e+00  0.0000e+00  0.0000e+00  0.0000e+00
13  0.0000e+00  0.0000e+00  0.0000e+00  0.0000e+00  0.0000e+00  0.0000e+00  0.0000e+00 -9.0902e+14  0.0000e+00  0.0000e+00  0.0000e+00 -5.1944e+14  0.0000e+00  1.8180e+15  0.0000e+00  0.0000e+00  0.0000e+00  1.2986e+14  0.0000e+00 -9.0901e+14  0.0000e+00  0.0000e+00  0.0000e+00  3.8958e+14
14  0.0000e+00  0.0000e+00  0.0000e+00  0.0000e+00  0.0000e+00  0.0000e+00  0.0000e+00  0.0000e+00 -9.1083e+14  0.0000e+00  5.2048e+14  0.0000e+00  0.0000e+00  0.0000e+00  1.8217e+15  0.0000e+00 -1.3012e+14  0.0000e+00  0.0000e+00  0.0000e+00 -9.1083e+14  0.0000e+00 -3.9035e+14  0.0000e+00
15  0.0000e+00  0.0000e+00  0.0000e+00  0.0000e+00  0.0000e+00  0.0000e+00  0.0000e+00  0.0000e+00  0.0000e+00 -1.3442e+03  0.0000e+00  0.0000e+00  0.0000e+00  0.0000e+00  0.0000e+00  2.6885e+03  0.0000e+00  0.0000e+00  0.0000e+00  0.0000e+00  0.0000e+00 -1.3442e+03  0.0000e+00  0.0000e+00
16  0.0000e+00  0.0000e+00  0.0000e+00  0.0000e+00  0.0000e+00  0.0000e+00  0.0000e+00  0.0000e+00 -3.9036e+14  0.0000e+00  2.1686e+14  0.0000e+00  0.0000e+00  0.0000e+00 -1.3012e+14  0.0000e+00  4.7710e+14  0.0000e+00  0.0000e+00  0.0000e+00  5.2047e+14  0.0000e+00  2.1686e+14  0.0000e+00
17  0.0000e+00  0.0000e+00  0.0000e+00  0.0000e+00  0.0000e+00  0.0000e+00  0.0000e+00  3.8958e+14  0.0000e+00  0.0000e+00  0.0000e+00  2.1643e+14  0.0000e+00  1.2986e+14  0.0000e+00  0.0000e+00  0.0000e+00  4.7615e+14  0.0000e+00 -5.1944e+14  0.0000e+00  0.0000e+00  0.0000e+00  2.1643e+14
18  0.0000e+00  0.0000e+00  0.0000e+00  0.0000e+00  0.0000e+00  0.0000e+00  0.0000e+00  0.0000e+00  0.0000e+00  0.0000e+00  0.0000e+00  0.0000e+00 -2.7330e+08  0.0000e+00  0.0000e+00  0.0000e+00  0.0000e+00  0.0000e+00  2.7330e+08  0.0000e+00  0.0000e+00  0.0000e+00  0.0000e+00  0.0000e+00
19  0.0000e+00  0.0000e+00  0.0000e+00  0.0000e+00  0.0000e+00  0.0000e+00  0.0000e+00  0.0000e+00  0.0000e+00  0.0000e+00  0.0000e+00  0.0000e+00  0.0000e+00 -9.0901e+14  0.0000e+00  0.0000e+00  0.0000e+00 -5.1944e+14  0.0000e+00  9.0901e+14  0.0000e+00  0.0000e+00  0.0000e+00 -3.8958e+14
20  0.0000e+00  0.0000e+00  0.0000e+00  0.0000e+00  0.0000e+00  0.0000e+00  0.0000e+00  0.0000e+00  0.0000e+00  0.0000e+00  0.0000e+00  0.0000e+00  0.0000e+00  0.0000e+00 -9.1083e+14  0.0000e+00  5.2047e+14  0.0000e+00  0.0000e+00  0.0000e+00  9.1083e+14  0.0000e+00  3.9035e+14  0.0000e+00
21  0.0000e+00  0.0000e+00  0.0000e+00  0.0000e+00  0.0000e+00  0.0000e+00  0.0000e+00  0.0000e+00  0.0000e+00  0.0000e+00  0.0000e+00  0.0000e+00  0.0000e+00  0.0000e+00  0.0000e+00 -1.3442e+03  0.0000e+00  0.0000e+00  0.0000e+00  0.0000e+00  0.0000e+00  1.3442e+03  0.0000e+00  0.0000e+00
22  0.0000e+00  0.0000e+00  0.0000e+00  0.0000e+00  0.0000e+00  0.0000e+00  0.0000e+00  0.0000e+00  0.0000e+00  0.0000e+00  0.0000e+00  0.0000e+00  0.0000e+00  0.0000e+00 -3.9035e+14  0.0000e+00  2.1686e+14  0.0000e+00  0.0000e+00  0.0000e+00  3.9035e+14  0.0000e+00  1.7349e+14  0.0000e+00
23  0.0000e+00  0.0000e+00  0.0000e+00  0.0000e+00  0.0000e+00  0.0000e+00  0.0000e+00  0.0000e+00  0.0000e+00  0.0000e+00  0.0000e+00  0.0000e+00  0.0000e+00  3.8958e+14  0.0000e+00  0.0000e+00  0.0000e+00  2.1643e+14  0.0000e+00 -3.8958e+14  0.0000e+00  0.0000e+00  0.0000e+00  1.7315e+14

Full F_global Vector:
             Force
DOF 0   0.0000e+00
DOF 1   0.0000e+00
DOF 2   0.0000e+00
DOF 3   0.0000e+00
DOF 4   0.0000e+00
DOF 5   0.0000e+00
DOF 6   0.0000e+00
DOF 7   0.0000e+00
DOF 8   0.0000e+00
DOF 9   0.0000e+00
DOF 10  0.0000e+00
DOF 11  0.0000e+00
DOF 12  0.0000e+00
DOF 13  0.0000e+00
DOF 14  0.0000e+00
DOF 15  0.0000e+00
DOF 16  0.0000e+00
DOF 17  0.0000e+00
DOF 18  0.0000e+00
DOF 19 -1.0000e+05
DOF 20  0.0000e+00
DOF 21  0.0000e+00
DOF 22  0.0000e+00
DOF 23  0.0000e+00
2025-04-30 18:05:45,345 - INFO - ✅ Assembly complete.
