2025-04-30 18:05:45,063 - pre_processing.element_library.element_1D_base - DEBUG - Element Force Vector Computation (Element ID: 0)
2025-04-30 18:05:45,065 - pre_processing.element_library.element_1D_base - DEBUG - 
===== Final Element Force Vector =====
2025-04-30 18:05:45,067 - pre_processing.element_library.element_1D_base - DEBUG - [[0. 0. 0. 0. 0. 0. 0. 0. 0. 0. 0. 0.]]
2025-04-30 18:05:45,072 - pre_processing.element_library.element_1D_base - DEBUG - Element Force Vector Computation (Element ID: 1)
2025-04-30 18:05:45,072 - pre_processing.element_library.element_1D_base - DEBUG - Element Force Vector Computation (Element ID: 1)
2025-04-30 18:05:45,077 - pre_processing.element_library.element_1D_base - DEBUG - 
===== Final Element Force Vector =====
2025-04-30 18:05:45,077 - pre_processing.element_library.element_1D_base - DEBUG - 
===== Final Element Force Vector =====
2025-04-30 18:05:45,080 - pre_processing.element_library.element_1D_base - DEBUG - [[0. 0. 0. 0. 0. 0. 0. 0. 0. 0. 0. 0.]]
2025-04-30 18:05:45,080 - pre_processing.element_library.element_1D_base - DEBUG - [[0. 0. 0. 0. 0. 0. 0. 0. 0. 0. 0. 0.]]
2025-04-30 18:05:45,085 - pre_processing.element_library.element_1D_base - DEBUG - Element Force Vector Computation (Element ID: 2)
2025-04-30 18:05:45,085 - pre_processing.element_library.element_1D_base - DEBUG - Element Force Vector Computation (Element ID: 2)
2025-04-30 18:05:45,085 - pre_processing.element_library.element_1D_base - DEBUG - Element Force Vector Computation (Element ID: 2)
2025-04-30 18:05:45,088 - pre_processing.element_library.element_1D_base - DEBUG - 
Point Load at x_p = 2.000000e+00 (xi_p = 1.000000e+00)
2025-04-30 18:05:45,088 - pre_processing.element_library.element_1D_base - DEBUG - 
Point Load at x_p = 2.000000e+00 (xi_p = 1.000000e+00)
2025-04-30 18:05:45,088 - pre_processing.element_library.element_1D_base - DEBUG - 
Point Load at x_p = 2.000000e+00 (xi_p = 1.000000e+00)
2025-04-30 18:05:45,091 - pre_processing.element_library.element_1D_base - DEBUG - Point Load Vector (F_p): [      0. -100000.       0.       0.       0.       0.]
2025-04-30 18:05:45,091 - pre_processing.element_library.element_1D_base - DEBUG - Point Load Vector (F_p): [      0. -100000.       0.       0.       0.       0.]
2025-04-30 18:05:45,091 - pre_processing.element_library.element_1D_base - DEBUG - Point Load Vector (F_p): [      0. -100000.       0.       0.       0.       0.]
2025-04-30 18:05:45,095 - pre_processing.element_library.element_1D_base - DEBUG - Shape Function Values at Load Point:
2025-04-30 18:05:45,095 - pre_processing.element_library.element_1D_base - DEBUG - Shape Function Values at Load Point:
2025-04-30 18:05:45,095 - pre_processing.element_library.element_1D_base - DEBUG - Shape Function Values at Load Point:
2025-04-30 18:05:45,097 - pre_processing.element_library.element_1D_base - DEBUG - [[ 0.  0.  0.  0.  0.  0.]
 [ 0.  0.  0.  0.  0.  0.]
 [ 0.  0.  0.  0.  0.  0.]
 [ 0.  0.  0.  0.  0.  0.]
 [ 0.  0.  0.  0. -2.  0.]
 [ 0.  0.  0.  0.  0.  0.]
 [ 1.  0.  0.  0.  0.  0.]
 [ 0.  1.  0.  0.  0.  0.]
 [ 0.  0.  1.  0.  0.  0.]
 [ 0.  0.  0.  1.  0.  0.]
 [ 0.  0.  0.  0. -0.  0.]
 [ 0.  0.  0.  0.  0.  0.]]
2025-04-30 18:05:45,097 - pre_processing.element_library.element_1D_base - DEBUG - [[ 0.  0.  0.  0.  0.  0.]
 [ 0.  0.  0.  0.  0.  0.]
 [ 0.  0.  0.  0.  0.  0.]
 [ 0.  0.  0.  0.  0.  0.]
 [ 0.  0.  0.  0. -2.  0.]
 [ 0.  0.  0.  0.  0.  0.]
 [ 1.  0.  0.  0.  0.  0.]
 [ 0.  1.  0.  0.  0.  0.]
 [ 0.  0.  1.  0.  0.  0.]
 [ 0.  0.  0.  1.  0.  0.]
 [ 0.  0.  0.  0. -0.  0.]
 [ 0.  0.  0.  0.  0.  0.]]
2025-04-30 18:05:45,097 - pre_processing.element_library.element_1D_base - DEBUG - [[ 0.  0.  0.  0.  0.  0.]
 [ 0.  0.  0.  0.  0.  0.]
 [ 0.  0.  0.  0.  0.  0.]
 [ 0.  0.  0.  0.  0.  0.]
 [ 0.  0.  0.  0. -2.  0.]
 [ 0.  0.  0.  0.  0.  0.]
 [ 1.  0.  0.  0.  0.  0.]
 [ 0.  1.  0.  0.  0.  0.]
 [ 0.  0.  1.  0.  0.  0.]
 [ 0.  0.  0.  1.  0.  0.]
 [ 0.  0.  0.  0. -0.  0.]
 [ 0.  0.  0.  0.  0.  0.]]
2025-04-30 18:05:45,101 - pre_processing.element_library.element_1D_base - DEBUG - Separated Translational Contribution:
2025-04-30 18:05:45,101 - pre_processing.element_library.element_1D_base - DEBUG - Separated Translational Contribution:
2025-04-30 18:05:45,101 - pre_processing.element_library.element_1D_base - DEBUG - Separated Translational Contribution:
2025-04-30 18:05:45,104 - pre_processing.element_library.element_1D_base - DEBUG - [[      0.       0.       0.       0. -100000.       0.]]
2025-04-30 18:05:45,104 - pre_processing.element_library.element_1D_base - DEBUG - [[      0.       0.       0.       0. -100000.       0.]]
2025-04-30 18:05:45,104 - pre_processing.element_library.element_1D_base - DEBUG - [[      0.       0.       0.       0. -100000.       0.]]
2025-04-30 18:05:45,107 - pre_processing.element_library.element_1D_base - DEBUG - Separated Rotational Contribution:
2025-04-30 18:05:45,107 - pre_processing.element_library.element_1D_base - DEBUG - Separated Rotational Contribution:
2025-04-30 18:05:45,107 - pre_processing.element_library.element_1D_base - DEBUG - Separated Rotational Contribution:
2025-04-30 18:05:45,110 - pre_processing.element_library.element_1D_base - DEBUG - [[0. 0. 0. 0. 0. 0.]]
2025-04-30 18:05:45,110 - pre_processing.element_library.element_1D_base - DEBUG - [[0. 0. 0. 0. 0. 0.]]
2025-04-30 18:05:45,110 - pre_processing.element_library.element_1D_base - DEBUG - [[0. 0. 0. 0. 0. 0.]]
2025-04-30 18:05:45,113 - pre_processing.element_library.element_1D_base - DEBUG - Updated Element Force Vector:
2025-04-30 18:05:45,113 - pre_processing.element_library.element_1D_base - DEBUG - Updated Element Force Vector:
2025-04-30 18:05:45,113 - pre_processing.element_library.element_1D_base - DEBUG - Updated Element Force Vector:
2025-04-30 18:05:45,117 - pre_processing.element_library.element_1D_base - DEBUG - [[      0.       0.       0.       0.       0.       0.       0. -100000.
        0.       0.       0.       0.]]
2025-04-30 18:05:45,117 - pre_processing.element_library.element_1D_base - DEBUG - [[      0.       0.       0.       0.       0.       0.       0. -100000.
        0.       0.       0.       0.]]
2025-04-30 18:05:45,117 - pre_processing.element_library.element_1D_base - DEBUG - [[      0.       0.       0.       0.       0.       0.       0. -100000.
        0.       0.       0.       0.]]
2025-04-30 18:05:45,120 - pre_processing.element_library.element_1D_base - DEBUG - 
===== Final Element Force Vector =====
2025-04-30 18:05:45,120 - pre_processing.element_library.element_1D_base - DEBUG - 
===== Final Element Force Vector =====
2025-04-30 18:05:45,120 - pre_processing.element_library.element_1D_base - DEBUG - 
===== Final Element Force Vector =====
2025-04-30 18:05:45,123 - pre_processing.element_library.element_1D_base - DEBUG - [[      0.       0.       0.       0.       0.       0.       0. -100000.
        0.       0.       0.       0.]]
2025-04-30 18:05:45,123 - pre_processing.element_library.element_1D_base - DEBUG - [[      0.       0.       0.       0.       0.       0.       0. -100000.
        0.       0.       0.       0.]]
2025-04-30 18:05:45,123 - pre_processing.element_library.element_1D_base - DEBUG - [[      0.       0.       0.       0.       0.       0.       0. -100000.
        0.       0.       0.       0.]]
