2025-05-05 18:10:04,647 - INFO - 🔧 Starting global matrix assembly...
2025-05-05 18:10:04,648 - DEBUG - This detailed log is written to the assembly.log file
2025-05-05 18:10:04,649 - INFO - Total DOFs: 18, Elements count: 2

DOF mappings per element:
Element 0: DOF mapping = [ 0  1  2  3  4  5  6  7  8  9 10 11]
Element 1: DOF mapping = [ 6  7  8  9 10 11 12 13 14 15 16 17]
2025-05-05 18:10:04,649 - INFO - 🔧 Assembling global stiffness matrix...
2025-05-05 18:10:04,651 - INFO - ✅ Stiffness matrix assembled.
2025-05-05 18:10:04,651 - INFO - 🔧 Assembling force vector...
2025-05-05 18:10:04,652 - INFO - ✅ Force vector assembled.

Full K_global Matrix:
             0           1            2            3            4           5            6           7            8            9           10           11           12           13          14          15          16           17
0           inf 2.3782e+276          inf -1.3751e+275  8.4127e+276         inf          inf         inf  2.4617e+236 -6.7007e+278         inf  1.4418e+163   0.0000e+00   0.0000e+00  0.0000e+00  0.0000e+00  0.0000e+00   0.0000e+00
1   2.3782e+276 8.4931e+154  2.1357e+277  1.9709e+232   1.3718e+82 8.4931e+154  4.2601e+193         inf   4.8542e+82          inf 7.1155e+196  8.2844e+161   0.0000e+00   0.0000e+00  0.0000e+00  0.0000e+00  0.0000e+00   0.0000e+00
2           inf 2.1357e+277          inf -1.1188e+160   1.3453e+47 6.0373e+276         -inf        -inf -1.4968e+156          inf 3.5507e+235  4.6410e+276   0.0000e+00   0.0000e+00  0.0000e+00  0.0000e+00  0.0000e+00   0.0000e+00
3  -1.3751e+275 1.9709e+232 -1.1188e+160          inf  3.1835e+159 1.9709e+232          inf         inf  3.7138e+159  1.5388e+237 1.3751e+275  6.4693e+161   0.0000e+00   0.0000e+00  0.0000e+00  0.0000e+00  0.0000e+00   0.0000e+00
4   8.4127e+276  1.3718e+82   1.3453e+47  3.1835e+159  2.3069e+236 1.2306e+120          inf         inf  1.0611e+275  3.3430e+198         inf -6.2038e+160   0.0000e+00   0.0000e+00  0.0000e+00  0.0000e+00  0.0000e+00   0.0000e+00
5           inf 8.4931e+154  6.0373e+276  1.9709e+232  1.2306e+120 5.6655e+158          inf         inf  1.2382e+120  4.1004e+280         inf  1.1496e+162   0.0000e+00   0.0000e+00  0.0000e+00  0.0000e+00  0.0000e+00   0.0000e+00
6           inf         inf         -inf          inf          inf         inf          inf         inf          inf          inf         inf          inf  5.5767e+276 -3.1384e+276 2.1357e+277 2.9301e+276         inf  1.8484e+276
7           inf         inf         -inf          inf          inf         inf          inf         inf          inf         -inf         inf          NaN  1.7872e+277  2.4149e+277  6.1924e+85  8.2330e+86 6.0380e+160  8.2844e+161
8   2.4617e+236  4.8542e+82 -1.4968e+156  3.7138e+159  1.0611e+275 1.2382e+120          inf         inf          inf  6.7021e+278         inf  8.6995e+200 -5.3617e+277 -8.5425e+277 1.5928e+123 5.5220e+160 1.5928e+123 -2.9306e+162
9  -6.7007e+278         inf          inf  1.5388e+237  3.3430e+198 4.1004e+280  2.1157e+275 2.2001e+275  6.7021e+278          inf 4.1004e+280  4.1004e+280  6.7914e+278  1.1610e+280 6.7021e+278         inf 4.1004e+280  6.3971e+161
10          inf 7.1155e+196  3.5507e+235  1.3751e+275          inf         inf          inf         inf          inf  4.1004e+280         inf  2.0202e+278  1.7872e+277  2.4149e+277  3.1114e+82 3.3430e+198 1.8114e+161  8.2844e+161
11  1.4418e+163 8.2844e+161  4.6410e+276  6.4693e+161 -6.2038e+160 1.1496e+162          inf         inf  8.6995e+200  4.1004e+280 2.0202e+278          inf  1.3668e+278  3.3511e+277  1.2334e+46 1.3253e+162 4.6176e+161  1.1496e+162
12   0.0000e+00  0.0000e+00   0.0000e+00   0.0000e+00   0.0000e+00  0.0000e+00  5.5767e+276 1.7872e+277 -5.3617e+277  6.7914e+278 1.7872e+277  1.3668e+278          inf          inf 5.3617e+277 1.3668e+278 8.9362e+276          inf
13   0.0000e+00  0.0000e+00   0.0000e+00   0.0000e+00   0.0000e+00  0.0000e+00 -3.1384e+276 2.4149e+277 -8.5425e+277  1.1610e+280 2.4149e+277  3.3511e+277          inf          inf 8.5425e+277 7.2253e+197 1.8564e+277          inf
14   0.0000e+00  0.0000e+00   0.0000e+00   0.0000e+00   0.0000e+00  0.0000e+00  2.1357e+277  6.1924e+85  1.5928e+123  6.7021e+278  3.1114e+82   1.2334e+46  5.3617e+277  8.5425e+277  1.1886e+80 1.2771e+196  1.2334e+46  2.9306e+162
15   0.0000e+00  0.0000e+00   0.0000e+00   0.0000e+00   0.0000e+00  0.0000e+00  2.9301e+276  8.2330e+86  5.5220e+160          inf 3.3430e+198  1.3253e+162  1.3668e+278  7.2253e+197 1.2771e+196         inf 1.3328e+162   2.4787e+82
16   0.0000e+00  0.0000e+00   0.0000e+00   0.0000e+00   0.0000e+00  0.0000e+00          inf 6.0380e+160  1.5928e+123  4.1004e+280 1.8114e+161  4.6176e+161  8.9362e+276  1.8564e+277  1.2334e+46 1.3328e+162         inf  6.3684e+161
17   0.0000e+00  0.0000e+00   0.0000e+00   0.0000e+00   0.0000e+00  0.0000e+00  1.8484e+276 8.2844e+161 -2.9306e+162  6.3971e+161 8.2844e+161  1.1496e+162          inf          inf 2.9306e+162  2.4787e+82 6.3684e+161          inf

Full F_global Vector:
             Force
DOF 0   0.0000e+00
DOF 1   0.0000e+00
DOF 2   0.0000e+00
DOF 3   0.0000e+00
DOF 4   0.0000e+00
DOF 5   0.0000e+00
DOF 6   0.0000e+00
DOF 7   0.0000e+00
DOF 8   0.0000e+00
DOF 9   0.0000e+00
DOF 10  0.0000e+00
DOF 11  0.0000e+00
DOF 12  0.0000e+00
DOF 13 -1.0000e+05
DOF 14  0.0000e+00
DOF 15  0.0000e+00
DOF 16  0.0000e+00
DOF 17  0.0000e+00
2025-05-05 18:10:04,657 - INFO - ✅ Assembly complete.
