2025-05-05 18:10:04,937 [INFO] (condensation:35) - 🔧 Starting static condensation process.
2025-05-05 18:10:04,938 [DEBUG] (condensation:38) - 🔍 Total DOFs in initial system: 18
2025-05-05 18:10:04,939 [DEBUG] (condensation:42) - 🚫 Explicitly Fixed DOFs: [0 1 2 3 4 5]
2025-05-05 18:10:04,939 [DEBUG] (condensation:43) - ✅ Active DOFs after removing fixed: [ 6  7  8  9 10 11 12 13 14 15 16 17]
2025-05-05 18:10:04,941 [DEBUG] (condensation:48) - 🟢 Intermediate K matrix shape: (12, 12)
2025-05-05 18:10:04,941 [INFO] (condensation:53) - 🔍 DOFs removed due to zero rows/columns: 0
2025-05-05 18:10:04,942 [DEBUG] (condensation:54) - ✅ Fully active DOFs post zero check: [ 6  7  8  9 10 11 12 13 14 15 16 17]
2025-05-05 18:10:04,944 [DEBUG] (condensation:62) - 🟠 Secondary inactive DOFs removed: []
2025-05-05 18:10:04,946 [DEBUG] (condensation:85) - 📜 Condensed K matrix:
                   Cond 0 (Orig 6)  Cond 1 (Orig 7)  Cond 2 (Orig 8)  Cond 3 (Orig 9)  Cond 4 (Orig 10)  Cond 5 (Orig 11)  Cond 6 (Orig 12)  Cond 7 (Orig 13)  Cond 8 (Orig 14)  Cond 9 (Orig 15)  Cond 10 (Orig 16)  Cond 11 (Orig 17)
Cond 0 (Orig 6)                inf              inf              inf              inf               inf               inf       5.5767e+276      -3.1384e+276       2.1357e+277       2.9301e+276                inf        1.8484e+276
Cond 1 (Orig 7)                inf              inf              inf             -inf               inf               NaN       1.7872e+277       2.4149e+277        6.1924e+85        8.2330e+86        6.0380e+160        8.2844e+161
Cond 2 (Orig 8)                inf              inf              inf      6.7021e+278               inf       8.6995e+200      -5.3617e+277      -8.5425e+277       1.5928e+123       5.5220e+160        1.5928e+123       -2.9306e+162
Cond 3 (Orig 9)        2.1157e+275      2.2001e+275      6.7021e+278              inf       4.1004e+280       4.1004e+280       6.7914e+278       1.1610e+280       6.7021e+278               inf        4.1004e+280        6.3971e+161
Cond 4 (Orig 10)               inf              inf              inf      4.1004e+280               inf       2.0202e+278       1.7872e+277       2.4149e+277        3.1114e+82       3.3430e+198        1.8114e+161        8.2844e+161
Cond 5 (Orig 11)               inf              inf      8.6995e+200      4.1004e+280       2.0202e+278               inf       1.3668e+278       3.3511e+277        1.2334e+46       1.3253e+162        4.6176e+161        1.1496e+162
Cond 6 (Orig 12)       5.5767e+276      1.7872e+277     -5.3617e+277      6.7914e+278       1.7872e+277       1.3668e+278               inf               inf       5.3617e+277       1.3668e+278        8.9362e+276                inf
Cond 7 (Orig 13)      -3.1384e+276      2.4149e+277     -8.5425e+277      1.1610e+280       2.4149e+277       3.3511e+277               inf               inf       8.5425e+277       7.2253e+197        1.8564e+277                inf
Cond 8 (Orig 14)       2.1357e+277       6.1924e+85      1.5928e+123      6.7021e+278        3.1114e+82        1.2334e+46       5.3617e+277       8.5425e+277        1.1886e+80       1.2771e+196         1.2334e+46        2.9306e+162
Cond 9 (Orig 15)       2.9301e+276       8.2330e+86      5.5220e+160              inf       3.3430e+198       1.3253e+162       1.3668e+278       7.2253e+197       1.2771e+196               inf        1.3328e+162         2.4787e+82
Cond 10 (Orig 16)              inf      6.0380e+160      1.5928e+123      4.1004e+280       1.8114e+161       4.6176e+161       8.9362e+276       1.8564e+277        1.2334e+46       1.3328e+162                inf        6.3684e+161
Cond 11 (Orig 17)      1.8484e+276      8.2844e+161     -2.9306e+162      6.3971e+161       8.2844e+161       1.1496e+162               inf               inf       2.9306e+162        2.4787e+82        6.3684e+161                inf
2025-05-05 18:10:04,947 [DEBUG] (condensation:86) - 📄 Condensed F vector:
                       F_cond
Cond 0 (Orig 6)    0.0000e+00
Cond 1 (Orig 7)    0.0000e+00
Cond 2 (Orig 8)    0.0000e+00
Cond 3 (Orig 9)    0.0000e+00
Cond 4 (Orig 10)   0.0000e+00
Cond 5 (Orig 11)   0.0000e+00
Cond 6 (Orig 12)   0.0000e+00
Cond 7 (Orig 13)  -1.0000e+05
Cond 8 (Orig 14)   0.0000e+00
Cond 9 (Orig 15)   0.0000e+00
Cond 10 (Orig 16)  0.0000e+00
Cond 11 (Orig 17)  0.0000e+00
2025-05-05 18:10:04,948 [INFO] (condensation:89) - 🔗 DOF Mapping (Condensed → Original):
2025-05-05 18:10:04,948 [DEBUG] (condensation:91) - Condensed 0 → Original 6
2025-05-05 18:10:04,949 [DEBUG] (condensation:91) - Condensed 1 → Original 7
2025-05-05 18:10:04,949 [DEBUG] (condensation:91) - Condensed 2 → Original 8
2025-05-05 18:10:04,950 [DEBUG] (condensation:91) - Condensed 3 → Original 9
2025-05-05 18:10:04,950 [DEBUG] (condensation:91) - Condensed 4 → Original 10
2025-05-05 18:10:04,951 [DEBUG] (condensation:91) - Condensed 5 → Original 11
2025-05-05 18:10:04,951 [DEBUG] (condensation:91) - Condensed 6 → Original 12
2025-05-05 18:10:04,952 [DEBUG] (condensation:91) - Condensed 7 → Original 13
2025-05-05 18:10:04,952 [DEBUG] (condensation:91) - Condensed 8 → Original 14
2025-05-05 18:10:04,953 [DEBUG] (condensation:91) - Condensed 9 → Original 15
2025-05-05 18:10:04,954 [DEBUG] (condensation:91) - Condensed 10 → Original 16
2025-05-05 18:10:04,954 [DEBUG] (condensation:91) - Condensed 11 → Original 17
2025-05-05 18:10:04,955 [INFO] (condensation:93) - ✅ Static condensation completed successfully.
