2025-05-05 18:10:04,396 - pre_processing.element_library.element_1D_base - DEBUG - Element Force Vector Computation (Element ID: 0)
2025-05-05 18:10:04,398 - pre_processing.element_library.element_1D_base - DEBUG - Element Length: 1.000000e+00 m
2025-05-05 18:10:04,401 - pre_processing.element_library.element_1D_base - DEBUG - 
===== Final Element Force Vector =====
2025-05-05 18:10:04,403 - pre_processing.element_library.element_1D_base - DEBUG - [[0. 0. 0. 0. 0. 0. 0. 0. 0. 0. 0. 0.]]
2025-05-05 18:10:04,409 - pre_processing.element_library.element_1D_base - DEBUG - Element Force Vector Computation (Element ID: 1)
2025-05-05 18:10:04,409 - pre_processing.element_library.element_1D_base - DEBUG - Element Force Vector Computation (Element ID: 1)
2025-05-05 18:10:04,413 - pre_processing.element_library.element_1D_base - DEBUG - Element Length: 1.000000e+00 m
2025-05-05 18:10:04,413 - pre_processing.element_library.element_1D_base - DEBUG - Element Length: 1.000000e+00 m
2025-05-05 18:10:04,416 - pre_processing.element_library.element_1D_base - DEBUG - 
Point Load at x_p = 2.000000e+00 (xi_p = 1.000000e+00)
2025-05-05 18:10:04,416 - pre_processing.element_library.element_1D_base - DEBUG - 
Point Load at x_p = 2.000000e+00 (xi_p = 1.000000e+00)
2025-05-05 18:10:04,418 - pre_processing.element_library.element_1D_base - DEBUG - Load Vector: [      0. -100000.       0.       0.       0.       0.]
2025-05-05 18:10:04,418 - pre_processing.element_library.element_1D_base - DEBUG - Load Vector: [      0. -100000.       0.       0.       0.       0.]
2025-05-05 18:10:04,421 - pre_processing.element_library.element_1D_base - DEBUG - Shape Functions:
2025-05-05 18:10:04,421 - pre_processing.element_library.element_1D_base - DEBUG - Shape Functions:
2025-05-05 18:10:04,423 - pre_processing.element_library.element_1D_base - DEBUG - [[ 0.  0.  0.  0.  0.  0.]
 [ 0.  0.  0.  0.  0.  0.]
 [ 0.  0.  0.  0.  0.  0.]
 [ 0.  0.  0.  0.  0.  0.]
 [ 0.  0.  0.  0. -0.  0.]
 [ 0.  0.  0.  0.  0.  0.]
 [ 1.  0.  0.  0.  0.  0.]
 [ 0.  1.  0.  0.  0.  0.]
 [ 0.  0.  1.  0.  0.  0.]
 [ 0.  0.  0.  1.  0.  0.]
 [ 0.  0.  0.  0. -0.  0.]
 [ 0.  0.  0.  0.  0.  0.]]
2025-05-05 18:10:04,423 - pre_processing.element_library.element_1D_base - DEBUG - [[ 0.  0.  0.  0.  0.  0.]
 [ 0.  0.  0.  0.  0.  0.]
 [ 0.  0.  0.  0.  0.  0.]
 [ 0.  0.  0.  0.  0.  0.]
 [ 0.  0.  0.  0. -0.  0.]
 [ 0.  0.  0.  0.  0.  0.]
 [ 1.  0.  0.  0.  0.  0.]
 [ 0.  1.  0.  0.  0.  0.]
 [ 0.  0.  1.  0.  0.  0.]
 [ 0.  0.  0.  1.  0.  0.]
 [ 0.  0.  0.  0. -0.  0.]
 [ 0.  0.  0.  0.  0.  0.]]
2025-05-05 18:10:04,426 - pre_processing.element_library.element_1D_base - DEBUG - Translational Contribution:
2025-05-05 18:10:04,426 - pre_processing.element_library.element_1D_base - DEBUG - Translational Contribution:
2025-05-05 18:10:04,428 - pre_processing.element_library.element_1D_base - DEBUG - [[      0.       0.       0.       0. -100000.       0.]]
2025-05-05 18:10:04,428 - pre_processing.element_library.element_1D_base - DEBUG - [[      0.       0.       0.       0. -100000.       0.]]
2025-05-05 18:10:04,431 - pre_processing.element_library.element_1D_base - DEBUG - Rotational Contribution:
2025-05-05 18:10:04,431 - pre_processing.element_library.element_1D_base - DEBUG - Rotational Contribution:
2025-05-05 18:10:04,433 - pre_processing.element_library.element_1D_base - DEBUG - [[0. 0. 0. 0. 0. 0.]]
2025-05-05 18:10:04,433 - pre_processing.element_library.element_1D_base - DEBUG - [[0. 0. 0. 0. 0. 0.]]
2025-05-05 18:10:04,436 - pre_processing.element_library.element_1D_base - DEBUG - 
===== Final Element Force Vector =====
2025-05-05 18:10:04,436 - pre_processing.element_library.element_1D_base - DEBUG - 
===== Final Element Force Vector =====
2025-05-05 18:10:04,439 - pre_processing.element_library.element_1D_base - DEBUG - [[      0.       0.       0.       0.       0.       0.       0. -100000.
        0.       0.       0.       0.]]
2025-05-05 18:10:04,439 - pre_processing.element_library.element_1D_base - DEBUG - [[      0.       0.       0.       0.       0.       0.       0. -100000.
        0.       0.       0.       0.]]
