2025-05-05 18:10:04,146 - pre_processing.element_library.element_1D_base - DEBUG - Element Stiffness Matrix Computation (Element ID: 0)
2025-05-05 18:10:04,147 - pre_processing.element_library.element_1D_base - DEBUG - Element Length (L): 1.000000e+00, Jacobian determinant (detJ): 5.000000e-01
2025-05-05 18:10:04,149 - pre_processing.element_library.element_1D_base - DEBUG - Material Stiffness Matrix (D):
2025-05-05 18:10:04,150 - pre_processing.element_library.element_1D_base - DEBUG - [[ 4.000000e+09  0.000000e+00  0.000000e+00  0.000000e+00]
 [ 0.000000e+00  3.333400e+06  0.000000e+00 -0.000000e+00]
 [ 0.000000e+00  0.000000e+00  1.333340e+07  0.000000e+00]
 [ 0.000000e+00 -0.000000e+00  0.000000e+00  1.313076e+06]]
2025-05-05 18:10:04,165 - pre_processing.element_library.element_1D_base - DEBUG - 
----- Gauss Point 1/3 -----
2025-05-05 18:10:04,165 - pre_processing.element_library.element_1D_base - DEBUG - Natural Coordinate (xi): -7.745967e-01, Gauss Weight: 5.555556e-01
2025-05-05 18:10:04,166 - pre_processing.element_library.element_1D_base - DEBUG - Shape Function First Derivatives (dN_dxi):
2025-05-05 18:10:04,167 - pre_processing.element_library.element_1D_base - DEBUG - [[-0.5       0.        0.        0.        0.        0.      ]
 [ 0.        8.24758   0.        0.        0.        0.      ]
 [ 0.        0.        8.24758   0.        0.        0.      ]
 [ 0.        0.        0.       -0.5       0.        0.      ]
 [ 0.        0.        0.        0.       -5.898387  0.      ]
 [ 0.        0.        0.        0.        0.        5.898387]
 [ 0.5       0.        0.        0.        0.        0.      ]
 [ 0.       -8.24758   0.        0.        0.        0.      ]
 [ 0.        0.       -8.24758   0.        0.        0.      ]
 [ 0.        0.        0.        0.5       0.        0.      ]
 [ 0.        0.        0.        0.       -3.349193  0.      ]
 [ 0.        0.        0.        0.        0.        3.349193]]
2025-05-05 18:10:04,168 - pre_processing.element_library.element_1D_base - DEBUG - Shape Function Second Derivatives (d2N_dxi2):
2025-05-05 18:10:04,170 - pre_processing.element_library.element_1D_base - DEBUG - [[  0.        0.        0.        0.        0.        0.     ]
 [  0.      -15.29516   0.        0.        0.        0.     ]
 [  0.        0.      -15.29516   0.        0.        0.     ]
 [  0.        0.        0.        0.        0.        0.     ]
 [  0.        0.        0.        0.        8.64758   0.     ]
 [  0.        0.        0.        0.        0.       -8.64758]
 [  0.        0.        0.        0.        0.        0.     ]
 [  0.       15.29516   0.        0.        0.        0.     ]
 [  0.        0.       15.29516   0.        0.        0.     ]
 [  0.        0.        0.        0.        0.        0.     ]
 [  0.        0.        0.        0.        6.64758   0.     ]
 [  0.        0.        0.        0.        0.       -6.64758]]
2025-05-05 18:10:04,171 - pre_processing.element_library.element_1D_base - DEBUG - Strain-Displacement Matrix (B):
2025-05-05 18:10:04,172 - pre_processing.element_library.element_1D_base - DEBUG - [[-1.000000e+000 -9.609177e-234 -4.834031e-195 -1.114943e-156
  -1.122595e-117 -5.174687e-079  1.000000e+000 -1.200827e-001
  -6.053978e+037 -2.786601e+076 -1.405868e+115 -6.466471e+153]
 [-6.053978e+037 -6.118064e+001 -1.884961e+269  1.758223e-304
   7.949929e-275 -1.729516e+001  1.846324e-197  6.118064e+001
   4.287943e-120  1.988289e-081  9.958334e-043 -1.329516e+001]
 [ 2.312709e+035  1.070778e+074 -6.118064e+001  2.484887e+151
   1.729516e+001  1.070778e+074  5.370957e+112  1.338183e+306
   6.118064e+001 -9.609177e-234  1.329516e+001 -1.114943e-156]
 [-1.122595e-117 -5.174687e-079 -2.606956e-040 -1.000000e+000
  -6.053978e+037 -2.786601e+076 -1.405868e+115 -6.466471e+153
  -6.053978e+037  1.000000e+000 -1.884961e+269 -3.597094e-155]]
2025-05-05 18:10:04,174 - pre_processing.element_library.element_1D_base - DEBUG - Strain-Displacement Matrix Transpose (B.T):
2025-05-05 18:10:04,176 - pre_processing.element_library.element_1D_base - DEBUG - [[-1.000000e+000 -6.053978e+037  2.312709e+035 -1.122595e-117]
 [-9.609177e-234 -6.118064e+001  1.070778e+074 -5.174687e-079]
 [-4.834031e-195 -1.884961e+269 -6.118064e+001 -2.606956e-040]
 [-1.114943e-156  1.758223e-304  2.484887e+151 -1.000000e+000]
 [-1.122595e-117  7.949929e-275  1.729516e+001 -6.053978e+037]
 [-5.174687e-079 -1.729516e+001  1.070778e+074 -2.786601e+076]
 [ 1.000000e+000  1.846324e-197  5.370957e+112 -1.405868e+115]
 [-1.200827e-001  6.118064e+001  1.338183e+306 -6.466471e+153]
 [-6.053978e+037  4.287943e-120  6.118064e+001 -6.053978e+037]
 [-2.786601e+076  1.988289e-081 -9.609177e-234  1.000000e+000]
 [-1.405868e+115  9.958334e-043  1.329516e+001 -1.884961e+269]
 [-6.466471e+153 -1.329516e+001 -1.114943e-156 -3.597094e-155]]
2025-05-05 18:10:04,176 - pre_processing.element_library.element_1D_base - DEBUG - Element Stiffness Matrix Contribution at Gauss Point:
2025-05-05 18:10:04,179 - pre_processing.element_library.element_1D_base - DEBUG - [[ 6.787689e+081  1.834378e+116            inf  4.256925e+193
   2.962879e+043  1.834378e+116  9.201125e+154            inf
   1.346377e+047  6.192446e+085  1.543629e+158  1.436994e+163]
 [ 1.834378e+116  8.493121e+154  2.135656e+277  1.970945e+232
   1.371805e+082  8.493121e+154  4.260097e+193            inf
   4.852683e+082 -6.027590e-073  7.115473e+196  1.506338e+009]
 [           inf  2.135656e+277            inf -1.126132e+160
  -7.838020e+009  6.037289e+276 -2.434076e+121           -inf
  -1.496809e+156 -6.940596e+194  3.549943e+235  4.640993e+276]
 [ 4.256925e+193  1.970945e+232 -1.126132e+160            inf
   3.183462e+159  1.970945e+232  9.886140e+270            inf
   1.126132e+160 -7.294865e+005  1.375054e+275  1.602145e+007]
 [ 2.962879e+043  1.371805e+082 -7.838020e+009  3.183462e+159
   2.673615e+081  1.230645e+120  6.208729e+158            inf
   2.673615e+081 -4.416295e+043            inf  1.613162e+046]
 [ 1.834378e+116  8.493121e+154  6.037289e+276  1.970945e+232
   1.230645e+120  5.665415e+158  2.858258e+197            inf
   1.230645e+120 -2.032787e+082            inf  7.435992e+084]
 [ 9.201125e+154  4.260097e+193 -2.434076e+121  9.886140e+270
   6.208729e+158  2.858258e+197  1.442019e+236            inf
   6.208729e+158 -1.025562e+121            inf -1.436994e+163]
 [           inf            inf           -inf            inf
             inf            inf            inf            inf
             inf           -inf            inf           -inf]
 [ 1.346377e+047  4.852683e+082 -1.496809e+156  1.126132e+160
   2.673615e+081  1.230645e+120  6.208729e+158            inf
   8.147262e+084  3.748893e+123            inf  8.699527e+200]
 [ 6.192446e+085 -6.027590e-073 -6.940596e+194 -7.294865e+005
  -4.416295e+043 -2.032787e+082 -1.025562e+121 -4.717203e+159
   3.748893e+123  1.725587e+162 -1.375054e+275  4.004327e+239]
 [ 1.543629e+158  7.115473e+196  3.549943e+235  1.375054e+275
             inf            inf            inf            inf
             inf -1.375054e+275            inf  2.020224e+278]
 [ 1.436994e+163  1.506338e+009  4.640993e+276  1.602145e+007
   1.613162e+046  7.435992e+084 -1.436994e+163  1.725569e+162
   8.699527e+200  4.004327e+239  2.020224e+278            inf]]
2025-05-05 18:10:04,180 - pre_processing.element_library.element_1D_base - DEBUG - 
2025-05-05 18:10:04,182 - pre_processing.element_library.element_1D_base - DEBUG - 
----- Gauss Point 2/3 -----
2025-05-05 18:10:04,183 - pre_processing.element_library.element_1D_base - DEBUG - Natural Coordinate (xi): 0.000000e+00, Gauss Weight: 8.888889e-01
2025-05-05 18:10:04,184 - pre_processing.element_library.element_1D_base - DEBUG - Shape Function First Derivatives (dN_dxi):
2025-05-05 18:10:04,185 - pre_processing.element_library.element_1D_base - DEBUG - [[-0.5  0.   0.   0.   0.   0. ]
 [ 0.   0.   0.   0.   0.   0. ]
 [ 0.   0.   0.   0.   0.   0. ]
 [ 0.   0.   0.  -0.5  0.   0. ]
 [ 0.   0.   0.   0.  -1.   0. ]
 [ 0.   0.   0.   0.   0.   1. ]
 [ 0.5  0.   0.   0.   0.   0. ]
 [ 0.   0.   0.   0.   0.   0. ]
 [ 0.   0.   0.   0.   0.   0. ]
 [ 0.   0.   0.   0.5  0.   0. ]
 [ 0.   0.   0.   0.  -0.   0. ]
 [ 0.   0.   0.   0.   0.   0. ]]
2025-05-05 18:10:04,187 - pre_processing.element_library.element_1D_base - DEBUG - Shape Function Second Derivatives (d2N_dxi2):
2025-05-05 18:10:04,188 - pre_processing.element_library.element_1D_base - DEBUG - [[ 0.  0.  0.  0.  0.  0.]
 [ 0. -6.  0.  0.  0.  0.]
 [ 0.  0. -6.  0.  0.  0.]
 [ 0.  0.  0.  0.  0.  0.]
 [ 0.  0.  0.  0.  4.  0.]
 [ 0.  0.  0.  0.  0. -4.]
 [ 0.  0.  0.  0.  0.  0.]
 [ 0.  6.  0.  0.  0.  0.]
 [ 0.  0.  6.  0.  0.  0.]
 [ 0.  0.  0.  0.  0.  0.]
 [ 0.  0.  0.  0.  2.  0.]
 [ 0.  0.  0.  0.  0. -2.]]
2025-05-05 18:10:04,189 - pre_processing.element_library.element_1D_base - DEBUG - Strain-Displacement Matrix (B):
2025-05-05 18:10:04,190 - pre_processing.element_library.element_1D_base - DEBUG - [[-1.000000e+000  6.053978e+037  2.312709e+035  1.122595e-117
   9.609177e-234  6.118064e+001  1.000000e+000  5.174687e-079
   4.834031e-195  1.884961e+269  6.118064e+001  2.606956e-040]
 [ 1.114943e-156 -2.400000e+001  2.484887e+151  1.000000e+000
   1.122595e-117 -8.000000e+000  1.729516e+001  2.400000e+001
   5.174687e-079  1.729516e+001  1.070778e+074 -4.000000e+000]
 [ 1.000000e+000  1.846324e-197 -2.400000e+001  1.405868e+115
   8.000000e+000  6.118064e+001  1.338183e+306  6.466471e+153
   2.400000e+001  4.287943e-120  4.000000e+000  6.053978e+037]
 [ 2.786601e+076  1.988289e-081  9.609177e-234 -1.000000e+000
   1.405868e+115  9.958334e-043  1.329516e+001  1.884961e+269
   6.466471e+153  1.000000e+000  1.114943e-156  3.597094e-155]]
2025-05-05 18:10:04,190 - pre_processing.element_library.element_1D_base - DEBUG - Strain-Displacement Matrix Transpose (B.T):
2025-05-05 18:10:04,191 - pre_processing.element_library.element_1D_base - DEBUG - [[-1.000000e+000  1.114943e-156  1.000000e+000  2.786601e+076]
 [ 6.053978e+037 -2.400000e+001  1.846324e-197  1.988289e-081]
 [ 2.312709e+035  2.484887e+151 -2.400000e+001  9.609177e-234]
 [ 1.122595e-117  1.000000e+000  1.405868e+115 -1.000000e+000]
 [ 9.609177e-234  1.122595e-117  8.000000e+000  1.405868e+115]
 [ 6.118064e+001 -8.000000e+000  6.118064e+001  9.958334e-043]
 [ 1.000000e+000  1.729516e+001  1.338183e+306  1.329516e+001]
 [ 5.174687e-079  2.400000e+001  6.466471e+153  1.884961e+269]
 [ 4.834031e-195  5.174687e-079  2.400000e+001  6.466471e+153]
 [ 1.884961e+269  1.729516e+001  4.287943e-120  1.000000e+000]
 [ 6.118064e+001  1.070778e+074  4.000000e+000  1.114943e-156]
 [ 2.606956e-040 -4.000000e+000  6.053978e+037  3.597094e-155]]
2025-05-05 18:10:04,192 - pre_processing.element_library.element_1D_base - DEBUG - Element Stiffness Matrix Contribution at Gauss Point:
2025-05-05 18:10:04,193 - pre_processing.element_library.element_1D_base - DEBUG - [[ 9.063306e+158 -2.152525e+047 -8.222964e+044  1.666223e+122
   4.572530e+197  3.238908e+040            inf            inf
   2.103194e+236 -6.702085e+278 -2.174838e+011  7.175121e+044]
 [-2.152525e+047  1.303134e+085 -1.767066e+159 -7.111253e+007
   3.262581e+040  1.316929e+049  2.928275e+116  4.374406e+194
   1.500666e+079            inf -7.614574e+081  3.405655e+008]
 [-8.222964e+044 -1.767066e+159            inf  7.362776e+157
   8.265418e+040 -5.890221e+158           -inf -1.837594e+162
   3.810006e+079            inf  7.883899e+231 -2.945111e+158]
 [ 1.666223e+122 -7.111253e+007  7.362776e+157  2.342490e+237
   1.316569e+123  1.019406e+124            inf  8.574495e+275
  -7.547525e+159  7.523729e+161  6.664891e+122  1.008728e+160]
 [ 4.572530e+197  3.262581e+040  8.265418e+040  1.316569e+123
   2.306888e+236  1.634062e+079            inf            inf
   1.061083e+275  1.640899e+121  3.792612e+008  5.740097e+045]
 [ 3.238908e+040  1.316929e+049 -5.890221e+158  1.019406e+124
   1.634062e+079  1.335325e+013            inf  2.190919e+233
   7.516077e+117  4.100378e+280 -2.538191e+081  4.389785e+046]
 [           inf            inf           -inf            inf
             inf            inf            inf            inf
             inf            inf            inf            inf]
 [           inf  4.374406e+194 -1.837594e+162  8.574495e+275
             inf  2.190919e+233            inf            inf
             inf  2.200086e+275  3.065601e+161  4.639771e+198]
 [ 2.103194e+236  1.500666e+079  3.810006e+079 -7.547525e+159
   1.061083e+275  7.516077e+117            inf            inf
             inf  7.547525e+159  1.137792e+009  1.722029e+046]
 [-6.702085e+278            inf            inf  7.523729e+161
   1.640899e+121  4.100378e+280  6.702085e+278  2.200086e+275
   7.547525e+159            inf  4.100378e+280  1.747204e+239]
 [-2.174838e+011 -7.614574e+081  7.883899e+231  6.664891e+122
   3.792612e+008 -2.538191e+081            inf  3.065601e+161
   1.137792e+009  4.100378e+280  3.397300e+154 -1.269096e+081]
 [ 7.175121e+044  3.405655e+008 -2.945111e+158  1.008728e+160
   5.740097e+045  4.389785e+046            inf  4.639771e+198
   1.722029e+046  1.747204e+239 -1.269096e+081  4.343802e+082]]
2025-05-05 18:10:04,195 - pre_processing.element_library.element_1D_base - DEBUG - 
2025-05-05 18:10:04,196 - pre_processing.element_library.element_1D_base - DEBUG - 
----- Gauss Point 3/3 -----
2025-05-05 18:10:04,196 - pre_processing.element_library.element_1D_base - DEBUG - Natural Coordinate (xi): 7.745967e-01, Gauss Weight: 5.555556e-01
2025-05-05 18:10:04,197 - pre_processing.element_library.element_1D_base - DEBUG - Shape Function First Derivatives (dN_dxi):
2025-05-05 18:10:04,198 - pre_processing.element_library.element_1D_base - DEBUG - [[-0.5       0.        0.        0.        0.        0.      ]
 [ 0.       -1.04758   0.        0.        0.        0.      ]
 [ 0.        0.       -1.04758   0.        0.        0.      ]
 [ 0.        0.        0.       -0.5       0.        0.      ]
 [ 0.        0.        0.        0.        0.298387  0.      ]
 [ 0.        0.        0.        0.        0.       -0.298387]
 [ 0.5       0.        0.        0.        0.        0.      ]
 [ 0.        1.04758   0.        0.        0.        0.      ]
 [ 0.        0.        1.04758   0.        0.        0.      ]
 [ 0.        0.        0.        0.5       0.        0.      ]
 [ 0.        0.        0.        0.       -0.250807  0.      ]
 [ 0.        0.        0.        0.        0.        0.250807]]
2025-05-05 18:10:04,198 - pre_processing.element_library.element_1D_base - DEBUG - Shape Function Second Derivatives (d2N_dxi2):
2025-05-05 18:10:04,200 - pre_processing.element_library.element_1D_base - DEBUG - [[ 0.       0.       0.       0.       0.       0.     ]
 [ 0.       3.29516  0.       0.       0.       0.     ]
 [ 0.       0.       3.29516  0.       0.       0.     ]
 [ 0.       0.       0.       0.       0.       0.     ]
 [ 0.       0.       0.       0.      -0.64758  0.     ]
 [ 0.       0.       0.       0.       0.       0.64758]
 [ 0.       0.       0.       0.       0.       0.     ]
 [ 0.      -3.29516  0.       0.       0.       0.     ]
 [ 0.       0.      -3.29516  0.       0.       0.     ]
 [ 0.       0.       0.       0.       0.       0.     ]
 [ 0.       0.       0.       0.      -2.64758  0.     ]
 [ 0.       0.       0.       0.       0.       2.64758]]
2025-05-05 18:10:04,201 - pre_processing.element_library.element_1D_base - DEBUG - Strain-Displacement Matrix (B):
2025-05-05 18:10:04,202 - pre_processing.element_library.element_1D_base - DEBUG - [[-1.000000e+000  1.114943e-156  1.000000e+000  2.786601e+076
   6.053978e+037  2.400000e+001  1.000000e+000  1.988289e-081
   2.312709e+035  2.484887e+151  2.400000e+001  9.609177e-234]
 [ 1.122595e-117  1.318064e+001  1.405868e+115  1.000000e+000
   9.609177e-234  1.295160e+000  8.000000e+000 -1.318064e+001
   6.118064e+001  8.000000e+000  6.118064e+001  5.295160e+000]
 [ 1.000000e+000  1.729516e+001  1.318064e+001  1.329516e+001
  -1.295160e+000  2.400000e+001  6.466471e+153  1.884961e+269
  -1.318064e+001  5.174687e-079 -5.295160e+000  6.466471e+153]
 [ 1.884961e+269  1.729516e+001  4.287943e-120 -1.000000e+000
   6.118064e+001  1.070778e+074  4.000000e+000  1.114943e-156
   2.606956e-040  1.000000e+000  6.053978e+037  3.597094e-155]]
2025-05-05 18:10:04,203 - pre_processing.element_library.element_1D_base - DEBUG - Strain-Displacement Matrix Transpose (B.T):
2025-05-05 18:10:04,206 - pre_processing.element_library.element_1D_base - DEBUG - [[-1.000000e+000  1.122595e-117  1.000000e+000  1.884961e+269]
 [ 1.114943e-156  1.318064e+001  1.729516e+001  1.729516e+001]
 [ 1.000000e+000  1.405868e+115  1.318064e+001  4.287943e-120]
 [ 2.786601e+076  1.000000e+000  1.329516e+001 -1.000000e+000]
 [ 6.053978e+037  9.609177e-234 -1.295160e+000  6.118064e+001]
 [ 2.400000e+001  1.295160e+000  2.400000e+001  1.070778e+074]
 [ 1.000000e+000  8.000000e+000  6.466471e+153  4.000000e+000]
 [ 1.988289e-081 -1.318064e+001  1.884961e+269  1.114943e-156]
 [ 2.312709e+035  6.118064e+001 -1.318064e+001  2.606956e-040]
 [ 2.484887e+151  8.000000e+000  5.174687e-079  1.000000e+000]
 [ 2.400000e+001  6.118064e+001 -5.295160e+000  6.053978e+037]
 [ 9.609177e-234  5.295160e+000  6.466471e+153  3.597094e-155]]
2025-05-05 18:10:04,207 - pre_processing.element_library.element_1D_base - DEBUG - Element Stiffness Matrix Contribution at Gauss Point:
2025-05-05 18:10:04,208 - pre_processing.element_library.element_1D_base - DEBUG - [[           inf  2.378178e+276  5.896153e+155 -1.375054e+275
   8.412667e+276            inf  5.500215e+275  1.396275e+276
   3.584705e+235  1.375054e+275            inf  4.790002e+160]
 [ 2.378178e+276  2.755667e+009  3.431596e+122  1.715074e+009
   6.059640e+008  1.350956e+081  8.284386e+161  2.414879e+277
  -1.952473e+008  2.079508e+008  7.638053e+044  8.284386e+161]
 [ 5.896153e+155  3.431596e+122  3.660195e+236  2.603512e+121
   1.345328e+047  3.371965e+121  6.313530e+161  1.840379e+277
   1.592845e+123  5.521972e+160  1.592845e+123  6.313530e+161]
 [-1.375054e+275  1.715074e+009  2.603512e+121  1.725587e+162
   3.748893e+123  1.486187e+087  6.368385e+161  1.856370e+277
   1.432132e+121  1.538753e+237  1.486187e+087  6.368385e+161]
 [ 8.412667e+276  6.059640e+008  1.345328e+047  3.748893e+123
   8.144588e+084  4.778930e+081 -6.203820e+160 -1.808399e+276
   3.111352e+082  3.342990e+198  3.231490e+048 -6.203820e+160]
 [           inf  1.350956e+081  3.371965e+121  1.486187e+087
   4.778930e+081  8.364041e+153  1.149601e+162  3.351059e+277
   1.233447e+046  1.325273e+162  4.728872e+117  1.149601e+162]
 [ 5.500215e+275  8.284386e+161  6.313530e+161  6.368385e+161
  -6.203820e+160  1.149601e+162            inf            inf
  -6.313530e+161  5.521972e+160 -2.536383e+161            inf]
 [ 1.396275e+276  2.414879e+277  1.840379e+277  1.856370e+277
  -1.808399e+276  3.351059e+277            inf            inf
  -1.840379e+277  7.225284e+197 -7.393498e+276            inf]
 [ 3.584705e+235 -1.952473e+008  1.592845e+123  1.432132e+121
   3.111352e+082  1.233447e+046 -6.313530e+161 -1.840379e+277
   1.188582e+080  1.277071e+196  1.233445e+046 -6.313530e+161]
 [ 1.375054e+275  2.079508e+008  5.521972e+160  1.538753e+237
   3.342990e+198  1.325273e+162  5.521972e+160  7.225284e+197
   1.277071e+196            inf  1.325273e+162  2.478676e+082]
 [           inf  7.638053e+044  1.592845e+123  1.486187e+087
   3.231490e+048  4.728872e+117 -2.536383e+161 -7.393498e+276
   1.233445e+046  1.325273e+162  2.673615e+081 -2.536383e+161]
 [ 4.790002e+160  8.284386e+161  6.313530e+161  6.368385e+161
  -6.203820e+160  1.149601e+162            inf            inf
  -6.313530e+161  2.478676e+082 -2.536383e+161            inf]]
2025-05-05 18:10:04,209 - pre_processing.element_library.element_1D_base - DEBUG - 
2025-05-05 18:10:04,210 - pre_processing.element_library.element_1D_base - DEBUG - 
===== Final Element Stiffness Matrix (Ke) =====
2025-05-05 18:10:04,211 - pre_processing.element_library.element_1D_base - DEBUG - [[           inf  2.378178e+276            inf -1.375054e+275
   8.412667e+276            inf            inf            inf
   2.461664e+236 -6.700710e+278            inf  1.441784e+163]
 [ 2.378178e+276  8.493121e+154  2.135656e+277  1.970945e+232
   1.371805e+082  8.493121e+154  4.260097e+193            inf
   4.854183e+082            inf  7.115473e+196  8.284386e+161]
 [           inf  2.135656e+277            inf -1.118769e+160
   1.345329e+047  6.037289e+276           -inf           -inf
  -1.496809e+156            inf  3.550731e+235  4.640993e+276]
 [-1.375054e+275  1.970945e+232 -1.118769e+160            inf
   3.183462e+159  1.970945e+232            inf            inf
   3.713791e+159  1.538753e+237  1.375054e+275  6.469258e+161]
 [ 8.412667e+276  1.371805e+082  1.345329e+047  3.183462e+159
   2.306888e+236  1.230645e+120            inf            inf
   1.061083e+275  3.342990e+198            inf -6.203820e+160]
 [           inf  8.493121e+154  6.037289e+276  1.970945e+232
   1.230645e+120  5.665499e+158            inf            inf
   1.238161e+120  4.100378e+280            inf  1.149601e+162]
 [           inf            inf           -inf            inf
             inf            inf            inf            inf
             inf            inf            inf            inf]
 [           inf            inf           -inf            inf
             inf            inf            inf            inf
             inf           -inf            inf            nan]
 [ 2.461664e+236  4.854183e+082 -1.496809e+156  3.713791e+159
   1.061083e+275  1.238161e+120            inf            inf
             inf  1.277071e+196            inf  8.699527e+200]
 [-6.700710e+278            inf            inf  1.538753e+237
   3.342990e+198  4.100378e+280  6.702085e+278  2.200086e+275
   1.277071e+196            inf  4.100365e+280  5.751531e+239]
 [           inf  7.115473e+196  3.550731e+235  1.375054e+275
             inf            inf            inf            inf
             inf  4.100365e+280            inf  2.020224e+278]
 [ 1.441784e+163  8.284386e+161  4.640993e+276  6.469258e+161
  -6.203820e+160  1.149601e+162            inf            inf
   8.699527e+200  5.751531e+239  2.020224e+278            inf]]
2025-05-05 18:10:04,215 - pre_processing.element_library.element_1D_base - DEBUG - Element Stiffness Matrix Computation (Element ID: 1)
2025-05-05 18:10:04,215 - pre_processing.element_library.element_1D_base - DEBUG - Element Stiffness Matrix Computation (Element ID: 1)
2025-05-05 18:10:04,217 - pre_processing.element_library.element_1D_base - DEBUG - Element Length (L): 1.000000e+00, Jacobian determinant (detJ): 5.000000e-01
2025-05-05 18:10:04,217 - pre_processing.element_library.element_1D_base - DEBUG - Element Length (L): 1.000000e+00, Jacobian determinant (detJ): 5.000000e-01
2025-05-05 18:10:04,218 - pre_processing.element_library.element_1D_base - DEBUG - Material Stiffness Matrix (D):
2025-05-05 18:10:04,218 - pre_processing.element_library.element_1D_base - DEBUG - Material Stiffness Matrix (D):
2025-05-05 18:10:04,220 - pre_processing.element_library.element_1D_base - DEBUG - [[ 4.000000e+09  0.000000e+00  0.000000e+00  0.000000e+00]
 [ 0.000000e+00  3.333400e+06  0.000000e+00 -0.000000e+00]
 [ 0.000000e+00  0.000000e+00  1.333340e+07  0.000000e+00]
 [ 0.000000e+00 -0.000000e+00  0.000000e+00  1.313076e+06]]
2025-05-05 18:10:04,220 - pre_processing.element_library.element_1D_base - DEBUG - [[ 4.000000e+09  0.000000e+00  0.000000e+00  0.000000e+00]
 [ 0.000000e+00  3.333400e+06  0.000000e+00 -0.000000e+00]
 [ 0.000000e+00  0.000000e+00  1.333340e+07  0.000000e+00]
 [ 0.000000e+00 -0.000000e+00  0.000000e+00  1.313076e+06]]
2025-05-05 18:10:04,222 - pre_processing.element_library.element_1D_base - DEBUG - 
----- Gauss Point 1/3 -----
2025-05-05 18:10:04,222 - pre_processing.element_library.element_1D_base - DEBUG - 
----- Gauss Point 1/3 -----
2025-05-05 18:10:04,224 - pre_processing.element_library.element_1D_base - DEBUG - Natural Coordinate (xi): -7.745967e-01, Gauss Weight: 5.555556e-01
2025-05-05 18:10:04,224 - pre_processing.element_library.element_1D_base - DEBUG - Natural Coordinate (xi): -7.745967e-01, Gauss Weight: 5.555556e-01
2025-05-05 18:10:04,225 - pre_processing.element_library.element_1D_base - DEBUG - Shape Function First Derivatives (dN_dxi):
2025-05-05 18:10:04,225 - pre_processing.element_library.element_1D_base - DEBUG - Shape Function First Derivatives (dN_dxi):
2025-05-05 18:10:04,226 - pre_processing.element_library.element_1D_base - DEBUG - [[-0.5       0.        0.        0.        0.        0.      ]
 [ 0.        8.24758   0.        0.        0.        0.      ]
 [ 0.        0.        8.24758   0.        0.        0.      ]
 [ 0.        0.        0.       -0.5       0.        0.      ]
 [ 0.        0.        0.        0.       -5.898387  0.      ]
 [ 0.        0.        0.        0.        0.        5.898387]
 [ 0.5       0.        0.        0.        0.        0.      ]
 [ 0.       -8.24758   0.        0.        0.        0.      ]
 [ 0.        0.       -8.24758   0.        0.        0.      ]
 [ 0.        0.        0.        0.5       0.        0.      ]
 [ 0.        0.        0.        0.       -3.349193  0.      ]
 [ 0.        0.        0.        0.        0.        3.349193]]
2025-05-05 18:10:04,226 - pre_processing.element_library.element_1D_base - DEBUG - [[-0.5       0.        0.        0.        0.        0.      ]
 [ 0.        8.24758   0.        0.        0.        0.      ]
 [ 0.        0.        8.24758   0.        0.        0.      ]
 [ 0.        0.        0.       -0.5       0.        0.      ]
 [ 0.        0.        0.        0.       -5.898387  0.      ]
 [ 0.        0.        0.        0.        0.        5.898387]
 [ 0.5       0.        0.        0.        0.        0.      ]
 [ 0.       -8.24758   0.        0.        0.        0.      ]
 [ 0.        0.       -8.24758   0.        0.        0.      ]
 [ 0.        0.        0.        0.5       0.        0.      ]
 [ 0.        0.        0.        0.       -3.349193  0.      ]
 [ 0.        0.        0.        0.        0.        3.349193]]
2025-05-05 18:10:04,228 - pre_processing.element_library.element_1D_base - DEBUG - Shape Function Second Derivatives (d2N_dxi2):
2025-05-05 18:10:04,228 - pre_processing.element_library.element_1D_base - DEBUG - Shape Function Second Derivatives (d2N_dxi2):
2025-05-05 18:10:04,230 - pre_processing.element_library.element_1D_base - DEBUG - [[  0.        0.        0.        0.        0.        0.     ]
 [  0.      -15.29516   0.        0.        0.        0.     ]
 [  0.        0.      -15.29516   0.        0.        0.     ]
 [  0.        0.        0.        0.        0.        0.     ]
 [  0.        0.        0.        0.        8.64758   0.     ]
 [  0.        0.        0.        0.        0.       -8.64758]
 [  0.        0.        0.        0.        0.        0.     ]
 [  0.       15.29516   0.        0.        0.        0.     ]
 [  0.        0.       15.29516   0.        0.        0.     ]
 [  0.        0.        0.        0.        0.        0.     ]
 [  0.        0.        0.        0.        6.64758   0.     ]
 [  0.        0.        0.        0.        0.       -6.64758]]
2025-05-05 18:10:04,230 - pre_processing.element_library.element_1D_base - DEBUG - [[  0.        0.        0.        0.        0.        0.     ]
 [  0.      -15.29516   0.        0.        0.        0.     ]
 [  0.        0.      -15.29516   0.        0.        0.     ]
 [  0.        0.        0.        0.        0.        0.     ]
 [  0.        0.        0.        0.        8.64758   0.     ]
 [  0.        0.        0.        0.        0.       -8.64758]
 [  0.        0.        0.        0.        0.        0.     ]
 [  0.       15.29516   0.        0.        0.        0.     ]
 [  0.        0.       15.29516   0.        0.        0.     ]
 [  0.        0.        0.        0.        0.        0.     ]
 [  0.        0.        0.        0.        6.64758   0.     ]
 [  0.        0.        0.        0.        0.       -6.64758]]
2025-05-05 18:10:04,236 - pre_processing.element_library.element_1D_base - DEBUG - Strain-Displacement Matrix (B):
2025-05-05 18:10:04,236 - pre_processing.element_library.element_1D_base - DEBUG - Strain-Displacement Matrix (B):
2025-05-05 18:10:04,238 - pre_processing.element_library.element_1D_base - DEBUG - [[-1.000000e+000  1.114943e-156  1.000000e+000  2.786601e+076
   6.053978e+037  2.400000e+001  1.000000e+000  1.988289e-081
   2.312709e+035  2.484887e+151  2.400000e+001  9.609177e-234]
 [ 1.122595e-117 -6.118064e+001  1.405868e+115  1.000000e+000
   9.609177e-234 -1.729516e+001  8.000000e+000  6.118064e+001
   6.118064e+001  8.000000e+000  6.118064e+001 -1.329516e+001]
 [ 1.000000e+000  1.729516e+001 -6.118064e+001  1.329516e+001
   1.729516e+001  2.400000e+001  6.466471e+153  1.884961e+269
   6.118064e+001  5.174687e-079  1.329516e+001  6.466471e+153]
 [ 1.884961e+269  1.729516e+001  4.287943e-120 -1.000000e+000
   6.118064e+001  1.070778e+074  4.000000e+000  1.114943e-156
   2.606956e-040  1.000000e+000  6.053978e+037  3.597094e-155]]
2025-05-05 18:10:04,238 - pre_processing.element_library.element_1D_base - DEBUG - [[-1.000000e+000  1.114943e-156  1.000000e+000  2.786601e+076
   6.053978e+037  2.400000e+001  1.000000e+000  1.988289e-081
   2.312709e+035  2.484887e+151  2.400000e+001  9.609177e-234]
 [ 1.122595e-117 -6.118064e+001  1.405868e+115  1.000000e+000
   9.609177e-234 -1.729516e+001  8.000000e+000  6.118064e+001
   6.118064e+001  8.000000e+000  6.118064e+001 -1.329516e+001]
 [ 1.000000e+000  1.729516e+001 -6.118064e+001  1.329516e+001
   1.729516e+001  2.400000e+001  6.466471e+153  1.884961e+269
   6.118064e+001  5.174687e-079  1.329516e+001  6.466471e+153]
 [ 1.884961e+269  1.729516e+001  4.287943e-120 -1.000000e+000
   6.118064e+001  1.070778e+074  4.000000e+000  1.114943e-156
   2.606956e-040  1.000000e+000  6.053978e+037  3.597094e-155]]
2025-05-05 18:10:04,240 - pre_processing.element_library.element_1D_base - DEBUG - Strain-Displacement Matrix Transpose (B.T):
2025-05-05 18:10:04,240 - pre_processing.element_library.element_1D_base - DEBUG - Strain-Displacement Matrix Transpose (B.T):
2025-05-05 18:10:04,241 - pre_processing.element_library.element_1D_base - DEBUG - [[-1.000000e+000  1.122595e-117  1.000000e+000  1.884961e+269]
 [ 1.114943e-156 -6.118064e+001  1.729516e+001  1.729516e+001]
 [ 1.000000e+000  1.405868e+115 -6.118064e+001  4.287943e-120]
 [ 2.786601e+076  1.000000e+000  1.329516e+001 -1.000000e+000]
 [ 6.053978e+037  9.609177e-234  1.729516e+001  6.118064e+001]
 [ 2.400000e+001 -1.729516e+001  2.400000e+001  1.070778e+074]
 [ 1.000000e+000  8.000000e+000  6.466471e+153  4.000000e+000]
 [ 1.988289e-081  6.118064e+001  1.884961e+269  1.114943e-156]
 [ 2.312709e+035  6.118064e+001  6.118064e+001  2.606956e-040]
 [ 2.484887e+151  8.000000e+000  5.174687e-079  1.000000e+000]
 [ 2.400000e+001  6.118064e+001  1.329516e+001  6.053978e+037]
 [ 9.609177e-234 -1.329516e+001  6.466471e+153  3.597094e-155]]
2025-05-05 18:10:04,241 - pre_processing.element_library.element_1D_base - DEBUG - [[-1.000000e+000  1.122595e-117  1.000000e+000  1.884961e+269]
 [ 1.114943e-156 -6.118064e+001  1.729516e+001  1.729516e+001]
 [ 1.000000e+000  1.405868e+115 -6.118064e+001  4.287943e-120]
 [ 2.786601e+076  1.000000e+000  1.329516e+001 -1.000000e+000]
 [ 6.053978e+037  9.609177e-234  1.729516e+001  6.118064e+001]
 [ 2.400000e+001 -1.729516e+001  2.400000e+001  1.070778e+074]
 [ 1.000000e+000  8.000000e+000  6.466471e+153  4.000000e+000]
 [ 1.988289e-081  6.118064e+001  1.884961e+269  1.114943e-156]
 [ 2.312709e+035  6.118064e+001  6.118064e+001  2.606956e-040]
 [ 2.484887e+151  8.000000e+000  5.174687e-079  1.000000e+000]
 [ 2.400000e+001  6.118064e+001  1.329516e+001  6.053978e+037]
 [ 9.609177e-234 -1.329516e+001  6.466471e+153  3.597094e-155]]
2025-05-05 18:10:04,243 - pre_processing.element_library.element_1D_base - DEBUG - Element Stiffness Matrix Contribution at Gauss Point:
2025-05-05 18:10:04,243 - pre_processing.element_library.element_1D_base - DEBUG - Element Stiffness Matrix Contribution at Gauss Point:
2025-05-05 18:10:04,245 - pre_processing.element_library.element_1D_base - DEBUG - [[           inf  2.378178e+276  5.896153e+155 -1.375054e+275
   8.412667e+276            inf  5.500215e+275  1.396275e+276
   3.584705e+235  1.375054e+275            inf  4.790002e+160]
 [ 2.378178e+276  9.365691e+009 -1.592845e+123  1.577366e+009
   2.987624e+009  1.350956e+081  8.284386e+161  2.414879e+277
   9.062804e+008 -8.937198e+008  7.638053e+044  8.284386e+161]
 [ 5.896153e+155 -1.592845e+123  3.660195e+236  2.603512e+121
   1.345328e+047 -4.502816e+122 -2.930554e+162 -8.542498e+277
   1.592845e+123  5.521972e+160  1.592845e+123 -2.930554e+162]
 [-1.375054e+275  1.577366e+009  2.603512e+121  1.725587e+162
   3.748893e+123  1.486187e+087  6.368385e+161  1.856370e+277
   1.432132e+121  1.538753e+237  1.486187e+087  6.368385e+161]
 [ 8.412667e+276  2.987624e+009  1.345328e+047  3.748893e+123
   8.144588e+084  4.778930e+081  8.284386e+161  2.414879e+277
   3.111352e+082  3.342990e+198  3.231490e+048  8.284386e+161]
 [           inf  1.350956e+081 -4.502816e+122  1.486187e+087
   4.778930e+081  8.364041e+153  1.149601e+162  3.351059e+277
   1.233447e+046  1.325273e+162  4.728872e+117  1.149601e+162]
 [ 5.500215e+275  8.284386e+161 -2.930554e+162  6.368385e+161
   8.284386e+161  1.149601e+162            inf            inf
   2.930554e+162  5.521972e+160  6.368385e+161            inf]
 [ 1.396275e+276  2.414879e+277 -8.542498e+277  1.856370e+277
   2.414879e+277  3.351059e+277            inf            inf
   8.542498e+277  7.225284e+197  1.856370e+277            inf]
 [ 3.584705e+235  9.062804e+008  1.592845e+123  1.432132e+121
   3.111352e+082  1.233447e+046  2.930554e+162  8.542498e+277
   1.188582e+080  1.277071e+196  1.233445e+046  2.930554e+162]
 [ 1.375054e+275 -8.937198e+008  5.521972e+160  1.538753e+237
   3.342990e+198  1.325273e+162  5.521972e+160  7.225284e+197
   1.277071e+196            inf  1.325273e+162  2.478676e+082]
 [           inf  7.638053e+044  1.592845e+123  1.486187e+087
   3.231490e+048  4.728872e+117  6.368385e+161  1.856370e+277
   1.233445e+046  1.325273e+162  2.673615e+081  6.368385e+161]
 [ 4.790002e+160  8.284386e+161 -2.930554e+162  6.368385e+161
   8.284386e+161  1.149601e+162            inf            inf
   2.930554e+162  2.478676e+082  6.368385e+161            inf]]
2025-05-05 18:10:04,245 - pre_processing.element_library.element_1D_base - DEBUG - [[           inf  2.378178e+276  5.896153e+155 -1.375054e+275
   8.412667e+276            inf  5.500215e+275  1.396275e+276
   3.584705e+235  1.375054e+275            inf  4.790002e+160]
 [ 2.378178e+276  9.365691e+009 -1.592845e+123  1.577366e+009
   2.987624e+009  1.350956e+081  8.284386e+161  2.414879e+277
   9.062804e+008 -8.937198e+008  7.638053e+044  8.284386e+161]
 [ 5.896153e+155 -1.592845e+123  3.660195e+236  2.603512e+121
   1.345328e+047 -4.502816e+122 -2.930554e+162 -8.542498e+277
   1.592845e+123  5.521972e+160  1.592845e+123 -2.930554e+162]
 [-1.375054e+275  1.577366e+009  2.603512e+121  1.725587e+162
   3.748893e+123  1.486187e+087  6.368385e+161  1.856370e+277
   1.432132e+121  1.538753e+237  1.486187e+087  6.368385e+161]
 [ 8.412667e+276  2.987624e+009  1.345328e+047  3.748893e+123
   8.144588e+084  4.778930e+081  8.284386e+161  2.414879e+277
   3.111352e+082  3.342990e+198  3.231490e+048  8.284386e+161]
 [           inf  1.350956e+081 -4.502816e+122  1.486187e+087
   4.778930e+081  8.364041e+153  1.149601e+162  3.351059e+277
   1.233447e+046  1.325273e+162  4.728872e+117  1.149601e+162]
 [ 5.500215e+275  8.284386e+161 -2.930554e+162  6.368385e+161
   8.284386e+161  1.149601e+162            inf            inf
   2.930554e+162  5.521972e+160  6.368385e+161            inf]
 [ 1.396275e+276  2.414879e+277 -8.542498e+277  1.856370e+277
   2.414879e+277  3.351059e+277            inf            inf
   8.542498e+277  7.225284e+197  1.856370e+277            inf]
 [ 3.584705e+235  9.062804e+008  1.592845e+123  1.432132e+121
   3.111352e+082  1.233447e+046  2.930554e+162  8.542498e+277
   1.188582e+080  1.277071e+196  1.233445e+046  2.930554e+162]
 [ 1.375054e+275 -8.937198e+008  5.521972e+160  1.538753e+237
   3.342990e+198  1.325273e+162  5.521972e+160  7.225284e+197
   1.277071e+196            inf  1.325273e+162  2.478676e+082]
 [           inf  7.638053e+044  1.592845e+123  1.486187e+087
   3.231490e+048  4.728872e+117  6.368385e+161  1.856370e+277
   1.233445e+046  1.325273e+162  2.673615e+081  6.368385e+161]
 [ 4.790002e+160  8.284386e+161 -2.930554e+162  6.368385e+161
   8.284386e+161  1.149601e+162            inf            inf
   2.930554e+162  2.478676e+082  6.368385e+161            inf]]
2025-05-05 18:10:04,246 - pre_processing.element_library.element_1D_base - DEBUG - 
2025-05-05 18:10:04,246 - pre_processing.element_library.element_1D_base - DEBUG - 
2025-05-05 18:10:04,248 - pre_processing.element_library.element_1D_base - DEBUG - 
----- Gauss Point 2/3 -----
2025-05-05 18:10:04,248 - pre_processing.element_library.element_1D_base - DEBUG - 
----- Gauss Point 2/3 -----
2025-05-05 18:10:04,250 - pre_processing.element_library.element_1D_base - DEBUG - Natural Coordinate (xi): 0.000000e+00, Gauss Weight: 8.888889e-01
2025-05-05 18:10:04,250 - pre_processing.element_library.element_1D_base - DEBUG - Natural Coordinate (xi): 0.000000e+00, Gauss Weight: 8.888889e-01
2025-05-05 18:10:04,253 - pre_processing.element_library.element_1D_base - DEBUG - Shape Function First Derivatives (dN_dxi):
2025-05-05 18:10:04,253 - pre_processing.element_library.element_1D_base - DEBUG - Shape Function First Derivatives (dN_dxi):
2025-05-05 18:10:04,255 - pre_processing.element_library.element_1D_base - DEBUG - [[-0.5  0.   0.   0.   0.   0. ]
 [ 0.   0.   0.   0.   0.   0. ]
 [ 0.   0.   0.   0.   0.   0. ]
 [ 0.   0.   0.  -0.5  0.   0. ]
 [ 0.   0.   0.   0.  -1.   0. ]
 [ 0.   0.   0.   0.   0.   1. ]
 [ 0.5  0.   0.   0.   0.   0. ]
 [ 0.   0.   0.   0.   0.   0. ]
 [ 0.   0.   0.   0.   0.   0. ]
 [ 0.   0.   0.   0.5  0.   0. ]
 [ 0.   0.   0.   0.  -0.   0. ]
 [ 0.   0.   0.   0.   0.   0. ]]
2025-05-05 18:10:04,255 - pre_processing.element_library.element_1D_base - DEBUG - [[-0.5  0.   0.   0.   0.   0. ]
 [ 0.   0.   0.   0.   0.   0. ]
 [ 0.   0.   0.   0.   0.   0. ]
 [ 0.   0.   0.  -0.5  0.   0. ]
 [ 0.   0.   0.   0.  -1.   0. ]
 [ 0.   0.   0.   0.   0.   1. ]
 [ 0.5  0.   0.   0.   0.   0. ]
 [ 0.   0.   0.   0.   0.   0. ]
 [ 0.   0.   0.   0.   0.   0. ]
 [ 0.   0.   0.   0.5  0.   0. ]
 [ 0.   0.   0.   0.  -0.   0. ]
 [ 0.   0.   0.   0.   0.   0. ]]
2025-05-05 18:10:04,256 - pre_processing.element_library.element_1D_base - DEBUG - Shape Function Second Derivatives (d2N_dxi2):
2025-05-05 18:10:04,256 - pre_processing.element_library.element_1D_base - DEBUG - Shape Function Second Derivatives (d2N_dxi2):
2025-05-05 18:10:04,257 - pre_processing.element_library.element_1D_base - DEBUG - [[ 0.  0.  0.  0.  0.  0.]
 [ 0. -6.  0.  0.  0.  0.]
 [ 0.  0. -6.  0.  0.  0.]
 [ 0.  0.  0.  0.  0.  0.]
 [ 0.  0.  0.  0.  4.  0.]
 [ 0.  0.  0.  0.  0. -4.]
 [ 0.  0.  0.  0.  0.  0.]
 [ 0.  6.  0.  0.  0.  0.]
 [ 0.  0.  6.  0.  0.  0.]
 [ 0.  0.  0.  0.  0.  0.]
 [ 0.  0.  0.  0.  2.  0.]
 [ 0.  0.  0.  0.  0. -2.]]
2025-05-05 18:10:04,257 - pre_processing.element_library.element_1D_base - DEBUG - [[ 0.  0.  0.  0.  0.  0.]
 [ 0. -6.  0.  0.  0.  0.]
 [ 0.  0. -6.  0.  0.  0.]
 [ 0.  0.  0.  0.  0.  0.]
 [ 0.  0.  0.  0.  4.  0.]
 [ 0.  0.  0.  0.  0. -4.]
 [ 0.  0.  0.  0.  0.  0.]
 [ 0.  6.  0.  0.  0.  0.]
 [ 0.  0.  6.  0.  0.  0.]
 [ 0.  0.  0.  0.  0.  0.]
 [ 0.  0.  0.  0.  2.  0.]
 [ 0.  0.  0.  0.  0. -2.]]
2025-05-05 18:10:04,258 - pre_processing.element_library.element_1D_base - DEBUG - Strain-Displacement Matrix (B):
2025-05-05 18:10:04,258 - pre_processing.element_library.element_1D_base - DEBUG - Strain-Displacement Matrix (B):
2025-05-05 18:10:04,260 - pre_processing.element_library.element_1D_base - DEBUG - [[-1.000000e+000  1.122595e-117  1.000000e+000  1.884961e+269
   1.114943e-156  6.118064e+001  1.000000e+000  1.729516e+001
   1.000000e+000  1.405868e+115  6.118064e+001  4.287943e-120]
 [ 2.786601e+076 -2.400000e+001  1.329516e+001  1.000000e+000
   6.053978e+037 -8.000000e+000  1.729516e+001  2.400000e+001
   2.400000e+001  1.729516e+001  2.400000e+001 -4.000000e+000]
 [ 1.000000e+000  8.000000e+000 -2.400000e+001  4.000000e+000
   8.000000e+000  6.118064e+001  1.884961e+269  1.114943e-156
   2.400000e+001  6.118064e+001  4.000000e+000  2.606956e-040]
 [ 2.484887e+151  8.000000e+000  5.174687e-079 -1.000000e+000
   2.400000e+001  6.118064e+001  1.329516e+001  6.053978e+037
   9.609177e-234  1.000000e+000  6.466471e+153  3.597094e-155]]
2025-05-05 18:10:04,260 - pre_processing.element_library.element_1D_base - DEBUG - [[-1.000000e+000  1.122595e-117  1.000000e+000  1.884961e+269
   1.114943e-156  6.118064e+001  1.000000e+000  1.729516e+001
   1.000000e+000  1.405868e+115  6.118064e+001  4.287943e-120]
 [ 2.786601e+076 -2.400000e+001  1.329516e+001  1.000000e+000
   6.053978e+037 -8.000000e+000  1.729516e+001  2.400000e+001
   2.400000e+001  1.729516e+001  2.400000e+001 -4.000000e+000]
 [ 1.000000e+000  8.000000e+000 -2.400000e+001  4.000000e+000
   8.000000e+000  6.118064e+001  1.884961e+269  1.114943e-156
   2.400000e+001  6.118064e+001  4.000000e+000  2.606956e-040]
 [ 2.484887e+151  8.000000e+000  5.174687e-079 -1.000000e+000
   2.400000e+001  6.118064e+001  1.329516e+001  6.053978e+037
   9.609177e-234  1.000000e+000  6.466471e+153  3.597094e-155]]
2025-05-05 18:10:04,261 - pre_processing.element_library.element_1D_base - DEBUG - Strain-Displacement Matrix Transpose (B.T):
2025-05-05 18:10:04,261 - pre_processing.element_library.element_1D_base - DEBUG - Strain-Displacement Matrix Transpose (B.T):
2025-05-05 18:10:04,262 - pre_processing.element_library.element_1D_base - DEBUG - [[-1.000000e+000  2.786601e+076  1.000000e+000  2.484887e+151]
 [ 1.122595e-117 -2.400000e+001  8.000000e+000  8.000000e+000]
 [ 1.000000e+000  1.329516e+001 -2.400000e+001  5.174687e-079]
 [ 1.884961e+269  1.000000e+000  4.000000e+000 -1.000000e+000]
 [ 1.114943e-156  6.053978e+037  8.000000e+000  2.400000e+001]
 [ 6.118064e+001 -8.000000e+000  6.118064e+001  6.118064e+001]
 [ 1.000000e+000  1.729516e+001  1.884961e+269  1.329516e+001]
 [ 1.729516e+001  2.400000e+001  1.114943e-156  6.053978e+037]
 [ 1.000000e+000  2.400000e+001  2.400000e+001  9.609177e-234]
 [ 1.405868e+115  1.729516e+001  6.118064e+001  1.000000e+000]
 [ 6.118064e+001  2.400000e+001  4.000000e+000  6.466471e+153]
 [ 4.287943e-120 -4.000000e+000  2.606956e-040  3.597094e-155]]
2025-05-05 18:10:04,262 - pre_processing.element_library.element_1D_base - DEBUG - [[-1.000000e+000  2.786601e+076  1.000000e+000  2.484887e+151]
 [ 1.122595e-117 -2.400000e+001  8.000000e+000  8.000000e+000]
 [ 1.000000e+000  1.329516e+001 -2.400000e+001  5.174687e-079]
 [ 1.884961e+269  1.000000e+000  4.000000e+000 -1.000000e+000]
 [ 1.114943e-156  6.053978e+037  8.000000e+000  2.400000e+001]
 [ 6.118064e+001 -8.000000e+000  6.118064e+001  6.118064e+001]
 [ 1.000000e+000  1.729516e+001  1.884961e+269  1.329516e+001]
 [ 1.729516e+001  2.400000e+001  1.114943e-156  6.053978e+037]
 [ 1.000000e+000  2.400000e+001  2.400000e+001  9.609177e-234]
 [ 1.405868e+115  1.729516e+001  6.118064e+001  1.000000e+000]
 [ 6.118064e+001  2.400000e+001  4.000000e+000  6.466471e+153]
 [ 4.287943e-120 -4.000000e+000  2.606956e-040  3.597094e-155]]
2025-05-05 18:10:04,264 - pre_processing.element_library.element_1D_base - DEBUG - Element Stiffness Matrix Contribution at Gauss Point:
2025-05-05 18:10:04,264 - pre_processing.element_library.element_1D_base - DEBUG - Element Stiffness Matrix Contribution at Gauss Point:
2025-05-05 18:10:04,266 - pre_processing.element_library.element_1D_base - DEBUG - [[           inf  2.320245e+158  1.097764e+084 -6.702085e+278
   6.960736e+158  1.774426e+159  2.234039e+276  1.755839e+195
   1.981622e+084  2.900307e+157            inf -3.302704e+083]
 [ 2.320245e+158  2.539923e+009 -3.221019e+009  7.523729e+161
  -4.305137e+045  6.941030e+009  1.787232e+277  5.652857e+044
   5.688661e+008  4.636409e+009  6.038020e+160  2.844501e+008]
 [ 1.097764e+084 -3.221019e+009  1.090600e+010  6.702085e+278
   2.384895e+045  1.998134e+011 -5.361695e+277  6.243935e+010
  -2.325693e+009  4.998643e+124  3.905608e+081 -1.575754e+008]
 [-6.702085e+278  7.523729e+161  6.702085e+278            inf
   7.472441e+122  4.100378e+280  6.791447e+278  1.159136e+280
   6.702085e+278            inf  4.100378e+280  2.873816e+159]
 [ 6.960736e+158 -4.305137e+045  2.384895e+045  7.472441e+122
   1.085967e+082 -1.435046e+045  1.787232e+277  6.000994e+045
   4.305137e+045  3.102418e+045  1.811406e+161 -7.175228e+044]
 [ 1.774426e+159  6.941030e+009  1.998134e+011  4.100378e+280
  -1.435046e+045  1.335762e+013  1.366800e+278  4.323068e+045
   2.343648e+011  3.058202e+126  4.617624e+161  9.481671e+007]
 [ 2.234039e+276  1.787232e+277 -5.361695e+277  6.791447e+278
   1.787232e+277  1.366800e+278            inf  2.490826e+120
   5.361695e+277  1.366800e+278  8.936158e+276  5.824042e+236]
 [ 1.755839e+195  5.652857e+044  6.243935e+010  1.159136e+280
   6.000994e+045  4.323068e+045  2.490826e+120  4.277784e+081
   6.320060e+010  8.645234e+125  4.569255e+197 -2.844501e+008]
 [ 1.981622e+084  5.688661e+008 -2.325693e+009  6.702085e+278
   4.305137e+045  2.343648e+011  5.361695e+277  6.320060e+010
   1.208896e+010  4.998643e+124  2.203756e+011 -2.844501e+008]
 [ 2.900307e+157  4.636409e+009  4.998643e+124            inf
   3.102418e+045  3.058202e+126  1.366800e+278  8.645234e+125
   4.998643e+124  7.027435e+239  7.547525e+159 -2.047694e+008]
 [           inf  6.038020e+160  3.905608e+081  4.100378e+280
   1.811406e+161  4.617624e+161  8.936158e+276  4.569255e+197
   2.203756e+011  7.547525e+159            inf -2.841786e+008]
 [-3.302704e+083  2.844501e+008 -1.575754e+008  2.873816e+159
  -7.175228e+044  9.481671e+007  5.824042e+236 -2.844501e+008
  -2.844501e+008 -2.047694e+008 -2.841786e+008  4.740836e+007]]
2025-05-05 18:10:04,266 - pre_processing.element_library.element_1D_base - DEBUG - [[           inf  2.320245e+158  1.097764e+084 -6.702085e+278
   6.960736e+158  1.774426e+159  2.234039e+276  1.755839e+195
   1.981622e+084  2.900307e+157            inf -3.302704e+083]
 [ 2.320245e+158  2.539923e+009 -3.221019e+009  7.523729e+161
  -4.305137e+045  6.941030e+009  1.787232e+277  5.652857e+044
   5.688661e+008  4.636409e+009  6.038020e+160  2.844501e+008]
 [ 1.097764e+084 -3.221019e+009  1.090600e+010  6.702085e+278
   2.384895e+045  1.998134e+011 -5.361695e+277  6.243935e+010
  -2.325693e+009  4.998643e+124  3.905608e+081 -1.575754e+008]
 [-6.702085e+278  7.523729e+161  6.702085e+278            inf
   7.472441e+122  4.100378e+280  6.791447e+278  1.159136e+280
   6.702085e+278            inf  4.100378e+280  2.873816e+159]
 [ 6.960736e+158 -4.305137e+045  2.384895e+045  7.472441e+122
   1.085967e+082 -1.435046e+045  1.787232e+277  6.000994e+045
   4.305137e+045  3.102418e+045  1.811406e+161 -7.175228e+044]
 [ 1.774426e+159  6.941030e+009  1.998134e+011  4.100378e+280
  -1.435046e+045  1.335762e+013  1.366800e+278  4.323068e+045
   2.343648e+011  3.058202e+126  4.617624e+161  9.481671e+007]
 [ 2.234039e+276  1.787232e+277 -5.361695e+277  6.791447e+278
   1.787232e+277  1.366800e+278            inf  2.490826e+120
   5.361695e+277  1.366800e+278  8.936158e+276  5.824042e+236]
 [ 1.755839e+195  5.652857e+044  6.243935e+010  1.159136e+280
   6.000994e+045  4.323068e+045  2.490826e+120  4.277784e+081
   6.320060e+010  8.645234e+125  4.569255e+197 -2.844501e+008]
 [ 1.981622e+084  5.688661e+008 -2.325693e+009  6.702085e+278
   4.305137e+045  2.343648e+011  5.361695e+277  6.320060e+010
   1.208896e+010  4.998643e+124  2.203756e+011 -2.844501e+008]
 [ 2.900307e+157  4.636409e+009  4.998643e+124            inf
   3.102418e+045  3.058202e+126  1.366800e+278  8.645234e+125
   4.998643e+124  7.027435e+239  7.547525e+159 -2.047694e+008]
 [           inf  6.038020e+160  3.905608e+081  4.100378e+280
   1.811406e+161  4.617624e+161  8.936158e+276  4.569255e+197
   2.203756e+011  7.547525e+159            inf -2.841786e+008]
 [-3.302704e+083  2.844501e+008 -1.575754e+008  2.873816e+159
  -7.175228e+044  9.481671e+007  5.824042e+236 -2.844501e+008
  -2.844501e+008 -2.047694e+008 -2.841786e+008  4.740836e+007]]
2025-05-05 18:10:04,268 - pre_processing.element_library.element_1D_base - DEBUG - 
2025-05-05 18:10:04,268 - pre_processing.element_library.element_1D_base - DEBUG - 
2025-05-05 18:10:04,269 - pre_processing.element_library.element_1D_base - DEBUG - 
----- Gauss Point 3/3 -----
2025-05-05 18:10:04,269 - pre_processing.element_library.element_1D_base - DEBUG - 
----- Gauss Point 3/3 -----
2025-05-05 18:10:04,270 - pre_processing.element_library.element_1D_base - DEBUG - Natural Coordinate (xi): 7.745967e-01, Gauss Weight: 5.555556e-01
2025-05-05 18:10:04,270 - pre_processing.element_library.element_1D_base - DEBUG - Natural Coordinate (xi): 7.745967e-01, Gauss Weight: 5.555556e-01
2025-05-05 18:10:04,271 - pre_processing.element_library.element_1D_base - DEBUG - Shape Function First Derivatives (dN_dxi):
2025-05-05 18:10:04,271 - pre_processing.element_library.element_1D_base - DEBUG - Shape Function First Derivatives (dN_dxi):
2025-05-05 18:10:04,274 - pre_processing.element_library.element_1D_base - DEBUG - [[-0.5       0.        0.        0.        0.        0.      ]
 [ 0.       -1.04758   0.        0.        0.        0.      ]
 [ 0.        0.       -1.04758   0.        0.        0.      ]
 [ 0.        0.        0.       -0.5       0.        0.      ]
 [ 0.        0.        0.        0.        0.298387  0.      ]
 [ 0.        0.        0.        0.        0.       -0.298387]
 [ 0.5       0.        0.        0.        0.        0.      ]
 [ 0.        1.04758   0.        0.        0.        0.      ]
 [ 0.        0.        1.04758   0.        0.        0.      ]
 [ 0.        0.        0.        0.5       0.        0.      ]
 [ 0.        0.        0.        0.       -0.250807  0.      ]
 [ 0.        0.        0.        0.        0.        0.250807]]
2025-05-05 18:10:04,274 - pre_processing.element_library.element_1D_base - DEBUG - [[-0.5       0.        0.        0.        0.        0.      ]
 [ 0.       -1.04758   0.        0.        0.        0.      ]
 [ 0.        0.       -1.04758   0.        0.        0.      ]
 [ 0.        0.        0.       -0.5       0.        0.      ]
 [ 0.        0.        0.        0.        0.298387  0.      ]
 [ 0.        0.        0.        0.        0.       -0.298387]
 [ 0.5       0.        0.        0.        0.        0.      ]
 [ 0.        1.04758   0.        0.        0.        0.      ]
 [ 0.        0.        1.04758   0.        0.        0.      ]
 [ 0.        0.        0.        0.5       0.        0.      ]
 [ 0.        0.        0.        0.       -0.250807  0.      ]
 [ 0.        0.        0.        0.        0.        0.250807]]
2025-05-05 18:10:04,275 - pre_processing.element_library.element_1D_base - DEBUG - Shape Function Second Derivatives (d2N_dxi2):
2025-05-05 18:10:04,275 - pre_processing.element_library.element_1D_base - DEBUG - Shape Function Second Derivatives (d2N_dxi2):
2025-05-05 18:10:04,276 - pre_processing.element_library.element_1D_base - DEBUG - [[ 0.       0.       0.       0.       0.       0.     ]
 [ 0.       3.29516  0.       0.       0.       0.     ]
 [ 0.       0.       3.29516  0.       0.       0.     ]
 [ 0.       0.       0.       0.       0.       0.     ]
 [ 0.       0.       0.       0.      -0.64758  0.     ]
 [ 0.       0.       0.       0.       0.       0.64758]
 [ 0.       0.       0.       0.       0.       0.     ]
 [ 0.      -3.29516  0.       0.       0.       0.     ]
 [ 0.       0.      -3.29516  0.       0.       0.     ]
 [ 0.       0.       0.       0.       0.       0.     ]
 [ 0.       0.       0.       0.      -2.64758  0.     ]
 [ 0.       0.       0.       0.       0.       2.64758]]
2025-05-05 18:10:04,276 - pre_processing.element_library.element_1D_base - DEBUG - [[ 0.       0.       0.       0.       0.       0.     ]
 [ 0.       3.29516  0.       0.       0.       0.     ]
 [ 0.       0.       3.29516  0.       0.       0.     ]
 [ 0.       0.       0.       0.       0.       0.     ]
 [ 0.       0.       0.       0.      -0.64758  0.     ]
 [ 0.       0.       0.       0.       0.       0.64758]
 [ 0.       0.       0.       0.       0.       0.     ]
 [ 0.      -3.29516  0.       0.       0.       0.     ]
 [ 0.       0.      -3.29516  0.       0.       0.     ]
 [ 0.       0.       0.       0.       0.       0.     ]
 [ 0.       0.       0.       0.      -2.64758  0.     ]
 [ 0.       0.       0.       0.       0.       2.64758]]
2025-05-05 18:10:04,278 - pre_processing.element_library.element_1D_base - DEBUG - Strain-Displacement Matrix (B):
2025-05-05 18:10:04,278 - pre_processing.element_library.element_1D_base - DEBUG - Strain-Displacement Matrix (B):
2025-05-05 18:10:04,279 - pre_processing.element_library.element_1D_base - DEBUG - [[-1.000000e+000  2.786601e+076  1.000000e+000  2.484887e+151
   1.122595e-117  2.400000e+001  1.000000e+000  8.000000e+000
   1.000000e+000  1.329516e+001  2.400000e+001  5.174687e-079]
 [ 1.884961e+269  1.318064e+001  4.000000e+000  1.000000e+000
   1.114943e-156  1.295160e+000  8.000000e+000 -1.318064e+001
   6.118064e+001  8.000000e+000  6.118064e+001  5.295160e+000]
 [ 1.000000e+000  1.729516e+001  1.318064e+001  1.329516e+001
  -1.295160e+000  2.400000e+001  1.114943e-156  6.053978e+037
  -1.318064e+001  2.400000e+001 -5.295160e+000  9.609177e-234]
 [ 1.405868e+115  1.729516e+001  6.118064e+001 -1.000000e+000
   6.118064e+001  2.400000e+001  4.000000e+000  6.466471e+153
   4.287943e-120  1.000000e+000  2.606956e-040  3.597094e-155]]
2025-05-05 18:10:04,279 - pre_processing.element_library.element_1D_base - DEBUG - [[-1.000000e+000  2.786601e+076  1.000000e+000  2.484887e+151
   1.122595e-117  2.400000e+001  1.000000e+000  8.000000e+000
   1.000000e+000  1.329516e+001  2.400000e+001  5.174687e-079]
 [ 1.884961e+269  1.318064e+001  4.000000e+000  1.000000e+000
   1.114943e-156  1.295160e+000  8.000000e+000 -1.318064e+001
   6.118064e+001  8.000000e+000  6.118064e+001  5.295160e+000]
 [ 1.000000e+000  1.729516e+001  1.318064e+001  1.329516e+001
  -1.295160e+000  2.400000e+001  1.114943e-156  6.053978e+037
  -1.318064e+001  2.400000e+001 -5.295160e+000  9.609177e-234]
 [ 1.405868e+115  1.729516e+001  6.118064e+001 -1.000000e+000
   6.118064e+001  2.400000e+001  4.000000e+000  6.466471e+153
   4.287943e-120  1.000000e+000  2.606956e-040  3.597094e-155]]
2025-05-05 18:10:04,281 - pre_processing.element_library.element_1D_base - DEBUG - Strain-Displacement Matrix Transpose (B.T):
2025-05-05 18:10:04,281 - pre_processing.element_library.element_1D_base - DEBUG - Strain-Displacement Matrix Transpose (B.T):
2025-05-05 18:10:04,282 - pre_processing.element_library.element_1D_base - DEBUG - [[-1.000000e+000  1.884961e+269  1.000000e+000  1.405868e+115]
 [ 2.786601e+076  1.318064e+001  1.729516e+001  1.729516e+001]
 [ 1.000000e+000  4.000000e+000  1.318064e+001  6.118064e+001]
 [ 2.484887e+151  1.000000e+000  1.329516e+001 -1.000000e+000]
 [ 1.122595e-117  1.114943e-156 -1.295160e+000  6.118064e+001]
 [ 2.400000e+001  1.295160e+000  2.400000e+001  2.400000e+001]
 [ 1.000000e+000  8.000000e+000  1.114943e-156  4.000000e+000]
 [ 8.000000e+000 -1.318064e+001  6.053978e+037  6.466471e+153]
 [ 1.000000e+000  6.118064e+001 -1.318064e+001  4.287943e-120]
 [ 1.329516e+001  8.000000e+000  2.400000e+001  1.000000e+000]
 [ 2.400000e+001  6.118064e+001 -5.295160e+000  2.606956e-040]
 [ 5.174687e-079  5.295160e+000  9.609177e-234  3.597094e-155]]
2025-05-05 18:10:04,282 - pre_processing.element_library.element_1D_base - DEBUG - [[-1.000000e+000  1.884961e+269  1.000000e+000  1.405868e+115]
 [ 2.786601e+076  1.318064e+001  1.729516e+001  1.729516e+001]
 [ 1.000000e+000  4.000000e+000  1.318064e+001  6.118064e+001]
 [ 2.484887e+151  1.000000e+000  1.329516e+001 -1.000000e+000]
 [ 1.122595e-117  1.114943e-156 -1.295160e+000  6.118064e+001]
 [ 2.400000e+001  1.295160e+000  2.400000e+001  2.400000e+001]
 [ 1.000000e+000  8.000000e+000  1.114943e-156  4.000000e+000]
 [ 8.000000e+000 -1.318064e+001  6.053978e+037  6.466471e+153]
 [ 1.000000e+000  6.118064e+001 -1.318064e+001  4.287943e-120]
 [ 1.329516e+001  8.000000e+000  2.400000e+001  1.000000e+000]
 [ 2.400000e+001  6.118064e+001 -5.295160e+000  2.606956e-040]
 [ 5.174687e-079  5.295160e+000  9.609177e-234  3.597094e-155]]
2025-05-05 18:10:04,284 - pre_processing.element_library.element_1D_base - DEBUG - Element Stiffness Matrix Contribution at Gauss Point:
2025-05-05 18:10:04,284 - pre_processing.element_library.element_1D_base - DEBUG - Element Stiffness Matrix Contribution at Gauss Point:
2025-05-05 18:10:04,285 - pre_processing.element_library.element_1D_base - DEBUG - [[           inf  4.601018e+276  1.396296e+276  3.490739e+275
   6.278346e+122  4.521066e+275  2.792591e+276 -4.534700e+276
   2.135656e+277  2.792591e+276  2.135656e+277  1.848402e+276]
 [ 4.601018e+276  1.725587e+162  6.192446e+085  1.538753e+237
   6.059640e+008  1.486187e+087  6.192446e+085  8.158478e+160
   6.192446e+085  8.232955e+086  1.486187e+087  1.612940e+008]
 [ 1.396296e+276  6.192446e+085  6.269262e+009  5.521972e+160
   2.604067e+009  5.675729e+010  2.460004e+009  2.886015e+161
   1.388531e+009  3.199193e+010  5.326954e+010  3.922419e+007]
 [ 3.490739e+275  1.538753e+237  5.521972e+160            inf
   6.198940e+043  1.325273e+162  5.521972e+160  4.370405e+161
   5.521972e+160  7.341550e+161  1.325273e+162  2.857448e+082]
 [ 6.278346e+122  6.059640e+008  2.604067e+009  6.198940e+043
   2.742945e+009  8.408789e+008  1.785218e+008  2.886015e+161
   1.264528e+008 -1.856214e+008  5.080084e+007  1.616332e-147]
 [ 4.521066e+275  1.486187e+087  5.675729e+010  1.325273e+162
   8.408789e+008  1.284690e+012  5.342255e+010  1.132129e+161
   5.113684e+010  7.133786e+011  1.279205e+012  1.270040e+007]
 [ 2.792591e+276  6.192446e+085  2.460004e+009  5.521972e+160
   1.785218e+008  5.342255e+010  2.352415e+009  1.886881e+160
   3.128620e+009  2.966624e+010  5.423973e+010  7.844838e+007]
 [-4.534700e+276  8.158478e+160  2.886015e+161  4.370405e+161
   2.886015e+161  1.132129e+161  1.886881e+160            inf
  -5.910773e+045  4.717203e+159  1.229754e+120 -1.290803e+008]
 [ 2.135656e+277  6.192446e+085  1.388531e+009  5.521972e+160
   1.264528e+008  5.113684e+010  3.128620e+009 -5.910773e+045
   1.044086e+010  2.810796e+010  6.078208e+010  5.999403e+008]
 [ 2.792591e+276  8.232955e+086  3.199193e+010  7.341550e+161
  -1.856214e+008  7.133786e+011  2.966624e+010  4.717203e+159
   2.810796e+010  3.971888e+011  7.090402e+011  7.844838e+007]
 [ 2.135656e+277  1.486187e+087  5.326954e+010  1.325273e+162
   5.080084e+007  1.279205e+012  5.423973e+010  1.229754e+120
   6.078208e+010  7.090402e+011  1.287139e+012  5.999403e+008]
 [ 1.848402e+276  1.612940e+008  3.922419e+007  2.857448e+082
   1.616332e-147  1.270040e+007  7.844838e+007 -1.290803e+008
   5.999403e+008  7.844838e+007  5.999403e+008  5.192459e+007]]
2025-05-05 18:10:04,285 - pre_processing.element_library.element_1D_base - DEBUG - [[           inf  4.601018e+276  1.396296e+276  3.490739e+275
   6.278346e+122  4.521066e+275  2.792591e+276 -4.534700e+276
   2.135656e+277  2.792591e+276  2.135656e+277  1.848402e+276]
 [ 4.601018e+276  1.725587e+162  6.192446e+085  1.538753e+237
   6.059640e+008  1.486187e+087  6.192446e+085  8.158478e+160
   6.192446e+085  8.232955e+086  1.486187e+087  1.612940e+008]
 [ 1.396296e+276  6.192446e+085  6.269262e+009  5.521972e+160
   2.604067e+009  5.675729e+010  2.460004e+009  2.886015e+161
   1.388531e+009  3.199193e+010  5.326954e+010  3.922419e+007]
 [ 3.490739e+275  1.538753e+237  5.521972e+160            inf
   6.198940e+043  1.325273e+162  5.521972e+160  4.370405e+161
   5.521972e+160  7.341550e+161  1.325273e+162  2.857448e+082]
 [ 6.278346e+122  6.059640e+008  2.604067e+009  6.198940e+043
   2.742945e+009  8.408789e+008  1.785218e+008  2.886015e+161
   1.264528e+008 -1.856214e+008  5.080084e+007  1.616332e-147]
 [ 4.521066e+275  1.486187e+087  5.675729e+010  1.325273e+162
   8.408789e+008  1.284690e+012  5.342255e+010  1.132129e+161
   5.113684e+010  7.133786e+011  1.279205e+012  1.270040e+007]
 [ 2.792591e+276  6.192446e+085  2.460004e+009  5.521972e+160
   1.785218e+008  5.342255e+010  2.352415e+009  1.886881e+160
   3.128620e+009  2.966624e+010  5.423973e+010  7.844838e+007]
 [-4.534700e+276  8.158478e+160  2.886015e+161  4.370405e+161
   2.886015e+161  1.132129e+161  1.886881e+160            inf
  -5.910773e+045  4.717203e+159  1.229754e+120 -1.290803e+008]
 [ 2.135656e+277  6.192446e+085  1.388531e+009  5.521972e+160
   1.264528e+008  5.113684e+010  3.128620e+009 -5.910773e+045
   1.044086e+010  2.810796e+010  6.078208e+010  5.999403e+008]
 [ 2.792591e+276  8.232955e+086  3.199193e+010  7.341550e+161
  -1.856214e+008  7.133786e+011  2.966624e+010  4.717203e+159
   2.810796e+010  3.971888e+011  7.090402e+011  7.844838e+007]
 [ 2.135656e+277  1.486187e+087  5.326954e+010  1.325273e+162
   5.080084e+007  1.279205e+012  5.423973e+010  1.229754e+120
   6.078208e+010  7.090402e+011  1.287139e+012  5.999403e+008]
 [ 1.848402e+276  1.612940e+008  3.922419e+007  2.857448e+082
   1.616332e-147  1.270040e+007  7.844838e+007 -1.290803e+008
   5.999403e+008  7.844838e+007  5.999403e+008  5.192459e+007]]
2025-05-05 18:10:04,287 - pre_processing.element_library.element_1D_base - DEBUG - 
2025-05-05 18:10:04,287 - pre_processing.element_library.element_1D_base - DEBUG - 
2025-05-05 18:10:04,288 - pre_processing.element_library.element_1D_base - DEBUG - 
===== Final Element Stiffness Matrix (Ke) =====
2025-05-05 18:10:04,288 - pre_processing.element_library.element_1D_base - DEBUG - 
===== Final Element Stiffness Matrix (Ke) =====
2025-05-05 18:10:04,290 - pre_processing.element_library.element_1D_base - DEBUG - [[           inf  6.979195e+276  1.396296e+276 -6.699969e+278
   8.412667e+276            inf  5.576652e+276 -3.138425e+276
   2.135656e+277  2.930097e+276            inf  1.848402e+276]
 [ 6.979195e+276  1.725587e+162 -1.592845e+123  1.538753e+237
  -4.305137e+045  1.486188e+087  1.787232e+277  2.414879e+277
   6.192446e+085  8.232955e+086  6.038020e+160  8.284386e+161]
 [ 1.396296e+276 -1.592845e+123  3.660195e+236  6.702085e+278
   1.369177e+047 -4.502816e+122 -5.361695e+277 -8.542498e+277
   1.592845e+123  5.521972e+160  1.592845e+123 -2.930554e+162]
 [-6.699969e+278  1.538753e+237  6.702085e+278            inf
   4.496137e+123  4.100378e+280  6.791447e+278  1.160993e+280
   6.702085e+278            inf  4.100378e+280  6.397123e+161]
 [ 8.412667e+276 -4.305137e+045  1.369177e+047  4.496137e+123
   8.155448e+084  4.778930e+081  1.787232e+277  2.414879e+277
   3.111352e+082  3.342990e+198  1.811406e+161  8.284386e+161]
 [           inf  1.486188e+087 -4.502816e+122  4.100378e+280
   4.778930e+081  8.364041e+153  1.366800e+278  3.351059e+277
   1.233447e+046  1.325273e+162  4.617624e+161  1.149601e+162]
 [ 5.576652e+276  1.787232e+277 -5.361695e+277  6.791447e+278
   1.787232e+277  1.366800e+278            inf            inf
   5.361695e+277  1.366800e+278  8.936158e+276            inf]
 [-3.138425e+276  2.414879e+277 -8.542498e+277  1.160993e+280
   2.414879e+277  3.351059e+277            inf            inf
   8.542498e+277  7.225284e+197  1.856370e+277            inf]
 [ 2.135656e+277  6.192446e+085  1.592845e+123  6.702085e+278
   3.111352e+082  1.233447e+046  5.361695e+277  8.542498e+277
   1.188582e+080  1.277071e+196  1.233445e+046  2.930554e+162]
 [ 2.930097e+276  8.232955e+086  5.521972e+160            inf
   3.342990e+198  1.325273e+162  1.366800e+278  7.225284e+197
   1.277071e+196            inf  1.332821e+162  2.478676e+082]
 [           inf  6.038020e+160  1.592845e+123  4.100378e+280
   1.811406e+161  4.617624e+161  8.936158e+276  1.856370e+277
   1.233445e+046  1.332821e+162            inf  6.368385e+161]
 [ 1.848402e+276  8.284386e+161 -2.930554e+162  6.397123e+161
   8.284386e+161  1.149601e+162            inf            inf
   2.930554e+162  2.478676e+082  6.368385e+161            inf]]
2025-05-05 18:10:04,290 - pre_processing.element_library.element_1D_base - DEBUG - [[           inf  6.979195e+276  1.396296e+276 -6.699969e+278
   8.412667e+276            inf  5.576652e+276 -3.138425e+276
   2.135656e+277  2.930097e+276            inf  1.848402e+276]
 [ 6.979195e+276  1.725587e+162 -1.592845e+123  1.538753e+237
  -4.305137e+045  1.486188e+087  1.787232e+277  2.414879e+277
   6.192446e+085  8.232955e+086  6.038020e+160  8.284386e+161]
 [ 1.396296e+276 -1.592845e+123  3.660195e+236  6.702085e+278
   1.369177e+047 -4.502816e+122 -5.361695e+277 -8.542498e+277
   1.592845e+123  5.521972e+160  1.592845e+123 -2.930554e+162]
 [-6.699969e+278  1.538753e+237  6.702085e+278            inf
   4.496137e+123  4.100378e+280  6.791447e+278  1.160993e+280
   6.702085e+278            inf  4.100378e+280  6.397123e+161]
 [ 8.412667e+276 -4.305137e+045  1.369177e+047  4.496137e+123
   8.155448e+084  4.778930e+081  1.787232e+277  2.414879e+277
   3.111352e+082  3.342990e+198  1.811406e+161  8.284386e+161]
 [           inf  1.486188e+087 -4.502816e+122  4.100378e+280
   4.778930e+081  8.364041e+153  1.366800e+278  3.351059e+277
   1.233447e+046  1.325273e+162  4.617624e+161  1.149601e+162]
 [ 5.576652e+276  1.787232e+277 -5.361695e+277  6.791447e+278
   1.787232e+277  1.366800e+278            inf            inf
   5.361695e+277  1.366800e+278  8.936158e+276            inf]
 [-3.138425e+276  2.414879e+277 -8.542498e+277  1.160993e+280
   2.414879e+277  3.351059e+277            inf            inf
   8.542498e+277  7.225284e+197  1.856370e+277            inf]
 [ 2.135656e+277  6.192446e+085  1.592845e+123  6.702085e+278
   3.111352e+082  1.233447e+046  5.361695e+277  8.542498e+277
   1.188582e+080  1.277071e+196  1.233445e+046  2.930554e+162]
 [ 2.930097e+276  8.232955e+086  5.521972e+160            inf
   3.342990e+198  1.325273e+162  1.366800e+278  7.225284e+197
   1.277071e+196            inf  1.332821e+162  2.478676e+082]
 [           inf  6.038020e+160  1.592845e+123  4.100378e+280
   1.811406e+161  4.617624e+161  8.936158e+276  1.856370e+277
   1.233445e+046  1.332821e+162            inf  6.368385e+161]
 [ 1.848402e+276  8.284386e+161 -2.930554e+162  6.397123e+161
   8.284386e+161  1.149601e+162            inf            inf
   2.930554e+162  2.478676e+082  6.368385e+161            inf]]
2025-05-05 18:10:04,396 - pre_processing.element_library.element_1D_base - DEBUG - Element Force Vector Computation (Element ID: 0)
2025-05-05 18:10:04,396 - pre_processing.element_library.element_1D_base - DEBUG - Element Force Vector Computation (Element ID: 0)
2025-05-05 18:10:04,398 - pre_processing.element_library.element_1D_base - DEBUG - Element Length: 1.000000e+00 m
2025-05-05 18:10:04,398 - pre_processing.element_library.element_1D_base - DEBUG - Element Length: 1.000000e+00 m
2025-05-05 18:10:04,401 - pre_processing.element_library.element_1D_base - DEBUG - 
===== Final Element Force Vector =====
2025-05-05 18:10:04,401 - pre_processing.element_library.element_1D_base - DEBUG - 
===== Final Element Force Vector =====
2025-05-05 18:10:04,403 - pre_processing.element_library.element_1D_base - DEBUG - [[0. 0. 0. 0. 0. 0. 0. 0. 0. 0. 0. 0.]]
2025-05-05 18:10:04,403 - pre_processing.element_library.element_1D_base - DEBUG - [[0. 0. 0. 0. 0. 0. 0. 0. 0. 0. 0. 0.]]
2025-05-05 18:10:04,409 - pre_processing.element_library.element_1D_base - DEBUG - Element Force Vector Computation (Element ID: 1)
2025-05-05 18:10:04,409 - pre_processing.element_library.element_1D_base - DEBUG - Element Force Vector Computation (Element ID: 1)
2025-05-05 18:10:04,413 - pre_processing.element_library.element_1D_base - DEBUG - Element Length: 1.000000e+00 m
2025-05-05 18:10:04,413 - pre_processing.element_library.element_1D_base - DEBUG - Element Length: 1.000000e+00 m
2025-05-05 18:10:04,416 - pre_processing.element_library.element_1D_base - DEBUG - 
Point Load at x_p = 2.000000e+00 (xi_p = 1.000000e+00)
2025-05-05 18:10:04,416 - pre_processing.element_library.element_1D_base - DEBUG - 
Point Load at x_p = 2.000000e+00 (xi_p = 1.000000e+00)
2025-05-05 18:10:04,418 - pre_processing.element_library.element_1D_base - DEBUG - Load Vector: [      0. -100000.       0.       0.       0.       0.]
2025-05-05 18:10:04,418 - pre_processing.element_library.element_1D_base - DEBUG - Load Vector: [      0. -100000.       0.       0.       0.       0.]
2025-05-05 18:10:04,421 - pre_processing.element_library.element_1D_base - DEBUG - Shape Functions:
2025-05-05 18:10:04,421 - pre_processing.element_library.element_1D_base - DEBUG - Shape Functions:
2025-05-05 18:10:04,423 - pre_processing.element_library.element_1D_base - DEBUG - [[ 0.  0.  0.  0.  0.  0.]
 [ 0.  0.  0.  0.  0.  0.]
 [ 0.  0.  0.  0.  0.  0.]
 [ 0.  0.  0.  0.  0.  0.]
 [ 0.  0.  0.  0. -0.  0.]
 [ 0.  0.  0.  0.  0.  0.]
 [ 1.  0.  0.  0.  0.  0.]
 [ 0.  1.  0.  0.  0.  0.]
 [ 0.  0.  1.  0.  0.  0.]
 [ 0.  0.  0.  1.  0.  0.]
 [ 0.  0.  0.  0. -0.  0.]
 [ 0.  0.  0.  0.  0.  0.]]
2025-05-05 18:10:04,423 - pre_processing.element_library.element_1D_base - DEBUG - [[ 0.  0.  0.  0.  0.  0.]
 [ 0.  0.  0.  0.  0.  0.]
 [ 0.  0.  0.  0.  0.  0.]
 [ 0.  0.  0.  0.  0.  0.]
 [ 0.  0.  0.  0. -0.  0.]
 [ 0.  0.  0.  0.  0.  0.]
 [ 1.  0.  0.  0.  0.  0.]
 [ 0.  1.  0.  0.  0.  0.]
 [ 0.  0.  1.  0.  0.  0.]
 [ 0.  0.  0.  1.  0.  0.]
 [ 0.  0.  0.  0. -0.  0.]
 [ 0.  0.  0.  0.  0.  0.]]
2025-05-05 18:10:04,426 - pre_processing.element_library.element_1D_base - DEBUG - Translational Contribution:
2025-05-05 18:10:04,426 - pre_processing.element_library.element_1D_base - DEBUG - Translational Contribution:
2025-05-05 18:10:04,428 - pre_processing.element_library.element_1D_base - DEBUG - [[      0.       0.       0.       0. -100000.       0.]]
2025-05-05 18:10:04,428 - pre_processing.element_library.element_1D_base - DEBUG - [[      0.       0.       0.       0. -100000.       0.]]
2025-05-05 18:10:04,431 - pre_processing.element_library.element_1D_base - DEBUG - Rotational Contribution:
2025-05-05 18:10:04,431 - pre_processing.element_library.element_1D_base - DEBUG - Rotational Contribution:
2025-05-05 18:10:04,433 - pre_processing.element_library.element_1D_base - DEBUG - [[0. 0. 0. 0. 0. 0.]]
2025-05-05 18:10:04,433 - pre_processing.element_library.element_1D_base - DEBUG - [[0. 0. 0. 0. 0. 0.]]
2025-05-05 18:10:04,436 - pre_processing.element_library.element_1D_base - DEBUG - 
===== Final Element Force Vector =====
2025-05-05 18:10:04,436 - pre_processing.element_library.element_1D_base - DEBUG - 
===== Final Element Force Vector =====
2025-05-05 18:10:04,439 - pre_processing.element_library.element_1D_base - DEBUG - [[      0.       0.       0.       0.       0.       0.       0. -100000.
        0.       0.       0.       0.]]
2025-05-05 18:10:04,439 - pre_processing.element_library.element_1D_base - DEBUG - [[      0.       0.       0.       0.       0.       0.       0. -100000.
        0.       0.       0.       0.]]
