Machine Specifications:
   - OS: Windows 11 (10.0.22631)
   - CPU: Intel64 Family 6 Model 151 Stepping 2, GenuineIntel (20 cores)
   - RAM: 31.24 GB
   - Python Version: 3.12.5

Job: job_0008
Timestamp (job start): 2025-05-05_18-10-06
Total Time: 1.97 sec

+-------------------------------+-------------+---------------+-------------+-----------+
| Step                          |    Time (s) |   Memory (MB) |   Disk (GB) |   CPU (%) |
+===============================+=============+===============+=============+===========+
| Parsing                       | 0.108611    |       119.176 |     798.847 |         0 |
+-------------------------------+-------------+---------------+-------------+-----------+
| Element Instantiation         | 0.000506878 |       119.223 |     798.847 |         0 |
+-------------------------------+-------------+---------------+-------------+-----------+
| Element Stiffness Computation | 0.15024     |       119.562 |     798.848 |         0 |
+-------------------------------+-------------+---------------+-------------+-----------+
| Element Force Computation     | 0.0472643   |       119.703 |     798.849 |         0 |
+-------------------------------+-------------+---------------+-------------+-----------+
| Setup Simulation              | 0           |       119.73  |     798.849 |         0 |
+-------------------------------+-------------+---------------+-------------+-----------+
| Assemble Global Matrices      | 0.0387192   |       120.387 |     798.85  |         0 |
+-------------------------------+-------------+---------------+-------------+-----------+
| Modify Global Matrices        | 0.0465176   |       120.566 |     798.851 |         0 |
+-------------------------------+-------------+---------------+-------------+-----------+
| Solve Linear Static System    | 0.367264    |       138.566 |     798.852 |         0 |
+-------------------------------+-------------+---------------+-------------+-----------+
| Compute Primary Results       | 0.00299692  |       138.578 |     798.853 |         0 |
+-------------------------------+-------------+---------------+-------------+-----------+
| Save Primary Results          | 0.0786994   |       138.59  |     798.853 |         0 |
+-------------------------------+-------------+---------------+-------------+-----------+

Parallel Jobs: job_0007
Start Memory: 119.07 MB | End Memory: 138.59 MB
Start Disk Usage: 798.85 GB | End Disk Usage: 798.85 GB
Start CPU: 0.00% | End CPU: 0.00%
