Machine Specifications:
   - OS: Windows 11 (10.0.22631)
   - CPU: 12th Gen Intel(R) Core(TM) i7-12700
       • Logical cores: 20
       • Physical cores: 12
   - RAM: 31.24 GB
   - Disk: 3071.87 GB total, 2262.45 GB free
   - Python Version: 3.12.5 (C:\Users\s1834431\AppData\Local\Programs\Python\Python312\python.exe)
   - GPU(s): Intel(R) UHD Graphics 770

Job: job_0010
Timestamp (job start): 2025-06-18_15-55-47-983937
Total Time: 10.83 sec

+-------------------------------+------------+---------------+-------------+-----------+
| Step                          |   Time (s) |   Memory (MB) |   Disk (GB) |   CPU (%) |
+===============================+============+===============+=============+===========+
| Parsing                       |  0.0127223 |       120.539 |     809.416 |         0 |
+-------------------------------+------------+---------------+-------------+-----------+
| Element Instantiation         |  0.730131  |       120.992 |     809.416 |         0 |
+-------------------------------+------------+---------------+-------------+-----------+
| Element Stiffness Computation |  1.02267   |       121.43  |     809.419 |         0 |
+-------------------------------+------------+---------------+-------------+-----------+
| Element Force Computation     |  0.452319  |       121.48  |     809.419 |         0 |
+-------------------------------+------------+---------------+-------------+-----------+
| Full Simulation               |  8.00187   |       129.934 |     809.42  |         0 |
+-------------------------------+------------+---------------+-------------+-----------+

Parallel Jobs: job_0007, job_0008, job_0009
Start Memory: 120.26 MB | End Memory: 129.93 MB
Start Disk Usage: 809.42 GB | End Disk Usage: 809.42 GB
Start CPU: 0.00% | End CPU: 0.00%
