2025-06-25 16:22:05,266 [DEBUG] 📁 Log file: \\mull.sms.ed.ac.uk\home\s1834431\Win7\Desktop\fem_model\post_processing\results\job_0005_2025-06-25_16-21-53-729142_pid45564_e2590c39\logs\SolveCondensedSystem.log (Module: solver, Line: 220)
2025-06-25 16:22:05,271 [DEBUG] Row/column scaling applied. (Module: solver, Line: 136)
2025-06-25 16:22:05,277 [DEBUG] Building ILU (drop_tol=1e-06, fill_factor=1.0) (Module: solver, Line: 72)
2025-06-25 16:22:05,278 [WARNING] Preconditioner 'ilu' failed (Factor is exactly singular); proceeding without it. (Module: solver, Line: 242)
2025-06-25 16:22:05,279 [INFO] Solver parameters • solver='cg', prec='None', K nnz=2980, dofs=600 (Module: solver, Line: 153)
2025-06-25 16:22:05,280 [INFO] Condensed condition estimate: 1.01e+00 (Module: solver, Line: 159)
2025-06-25 16:22:05,282 [DEBUG] Iter   10 | residual 2.619e-02 (Module: solver, Line: 291)
2025-06-25 16:22:05,282 [DEBUG] Iter   20 | residual 2.416e-02 (Module: solver, Line: 291)
2025-06-25 16:22:05,283 [DEBUG] Iter   30 | residual 3.114e-02 (Module: solver, Line: 291)
2025-06-25 16:22:05,283 [DEBUG] Iter   40 | residual 3.551e-02 (Module: solver, Line: 291)
2025-06-25 16:22:05,284 [DEBUG] Iter   50 | residual 4.691e-02 (Module: solver, Line: 291)
2025-06-25 16:22:05,285 [DEBUG] Iter   60 | residual 5.293e-02 (Module: solver, Line: 291)
2025-06-25 16:22:05,285 [DEBUG] Iter   70 | residual 1.226e-01 (Module: solver, Line: 291)
2025-06-25 16:22:05,286 [DEBUG] Iter   80 | residual 5.390e-02 (Module: solver, Line: 291)
2025-06-25 16:22:05,287 [DEBUG] Iter   90 | residual 2.192e-01 (Module: solver, Line: 291)
2025-06-25 16:22:05,288 [DEBUG] Iter  100 | residual 7.179e-02 (Module: solver, Line: 291)
2025-06-25 16:22:05,288 [DEBUG] Iter  110 | residual 1.547e-01 (Module: solver, Line: 291)
2025-06-25 16:22:05,288 [DEBUG] Iter  120 | residual 6.524e-02 (Module: solver, Line: 291)
2025-06-25 16:22:05,288 [DEBUG] Iter  130 | residual 8.047e-02 (Module: solver, Line: 291)
2025-06-25 16:22:05,288 [DEBUG] Iter  140 | residual 8.766e-02 (Module: solver, Line: 291)
2025-06-25 16:22:05,291 [DEBUG] Iter  150 | residual 7.513e-02 (Module: solver, Line: 291)
2025-06-25 16:22:05,291 [DEBUG] Iter  160 | residual 7.904e-02 (Module: solver, Line: 291)
2025-06-25 16:22:05,292 [DEBUG] Iter  170 | residual 7.170e-02 (Module: solver, Line: 291)
2025-06-25 16:22:05,293 [DEBUG] Iter  180 | residual 8.579e-02 (Module: solver, Line: 291)
2025-06-25 16:22:05,294 [DEBUG] Iter  190 | residual 6.752e-02 (Module: solver, Line: 291)
2025-06-25 16:22:05,295 [WARNING] Iterative solver aborted: Divergence detected (Module: solver, Line: 304)
2025-06-25 16:22:05,296 [INFO] Switching to direct SuperLU fall-back. (Module: solver, Line: 317)
2025-06-25 16:22:05,296 [DEBUG] Using SuperLU direct solver (Module: solver, Line: 269)
2025-06-25 16:22:05,300 [INFO] Condensed residual norm: 2.425e-03 (Module: solver, Line: 176)
2025-06-25 16:22:05,301 [WARNING] Residual is high – verify model! (Module: solver, Line: 178)
2025-06-25 16:22:05,312 [INFO] 💾 Condensed displacement saved → \\mull.sms.ed.ac.uk\home\s1834431\Win7\Desktop\fem_model\post_processing\results\job_0005_2025-06-25_16-21-53-729142_pid45564_e2590c39\primary_results\07_U_cond.csv (Module: solver, Line: 328)
2025-06-25 16:22:05,313 [INFO] 📊 Condensed solver report: (Module: solver, Line: 342)
2025-06-25 16:22:05,314 [INFO]  • dofs: 600 (Module: solver, Line: 344)
2025-06-25 16:22:05,315 [INFO]  • nnz: 2980 (Module: solver, Line: 344)
2025-06-25 16:22:05,315 [INFO]  • density: 0.008277777777777778 (Module: solver, Line: 344)
2025-06-25 16:22:05,316 [INFO]  • condition_est: 1.0145670832113551 (Module: solver, Line: 344)
2025-06-25 16:22:05,316 [INFO]  • solve_phases: {'factorization': 0.003378499997779727, 'solution': 0.0034733000211417675} (Module: solver, Line: 344)
2025-06-25 16:22:05,316 [INFO]  • iters: 191 (Module: solver, Line: 344)
2025-06-25 16:22:05,317 [INFO]  • final_residual: 0.5134597212658257 (Module: solver, Line: 344)
