Machine Specifications:
   - OS: Windows 11 (10.0.22631)
   - CPU: Intel64 Family 6 Model 151 Stepping 2, GenuineIntel (20 cores)
   - RAM: 31.24 GB
   - Python Version: 3.12.5

Job: job_0003
Timestamp (job start): 2025-05-18_00-15-21-466400
Total Time: 2.09 sec

+-------------------------------+------------+---------------+-------------+-----------+
| Step                          |   Time (s) |   Memory (MB) |   Disk (GB) |   CPU (%) |
+===============================+============+===============+=============+===========+
| Parsing                       | 0.0140388  |       120.047 |     801.595 |         0 |
+-------------------------------+------------+---------------+-------------+-----------+
| Element Instantiation         | 0.0883768  |       120.129 |     801.595 |         0 |
+-------------------------------+------------+---------------+-------------+-----------+
| Element Stiffness Computation | 0.113001   |       120.398 |     801.596 |         0 |
+-------------------------------+------------+---------------+-------------+-----------+
| Element Force Computation     | 0.053844   |       120.426 |     801.596 |         0 |
+-------------------------------+------------+---------------+-------------+-----------+
| Setup Simulation              | 0          |       120.453 |     801.597 |         0 |
+-------------------------------+------------+---------------+-------------+-----------+
| Assemble Global Matrices      | 0.0325806  |       122.504 |     801.597 |         0 |
+-------------------------------+------------+---------------+-------------+-----------+
| Modify Global Matrices        | 0.0159109  |       122.645 |     801.597 |         0 |
+-------------------------------+------------+---------------+-------------+-----------+
| Solve Linear Static System    | 0.548735   |       138.207 |     801.598 |         0 |
+-------------------------------+------------+---------------+-------------+-----------+
| Compute Primary Results       | 0.00403047 |       138.215 |     801.599 |         0 |
+-------------------------------+------------+---------------+-------------+-----------+
| Save Primary Results          | 0.081007   |       138.219 |     801.599 |         0 |
+-------------------------------+------------+---------------+-------------+-----------+

Parallel Jobs: job_0007, job_0008, job_0009, job_0002, job_0001
Start Memory: 119.93 MB | End Memory: 138.22 MB
Start Disk Usage: 801.60 GB | End Disk Usage: 801.60 GB
Start CPU: 0.00% | End CPU: 0.00%
