Machine Specifications:
   - OS: Windows 11 (10.0.22631)
   - CPU: Intel64 Family 6 Model 151 Stepping 2, GenuineIntel (20 cores)
   - RAM: 31.24 GB
   - Python Version: 3.12.5

Job: job_0005
Timestamp (job start): 2025-03-17_10-25-48
Total Time: 7.03 sec

+-------------------------------+------------+---------------+-------------+-----------+
| Step                          |   Time (s) |   Memory (MB) |   Disk (GB) |   CPU (%) |
+===============================+============+===============+=============+===========+
| Parsing                       | 0.0120082  |       106.41  |     759.669 |         0 |
+-------------------------------+------------+---------------+-------------+-----------+
| Element Instantiation         | 0.00201058 |       106.453 |     759.669 |         0 |
+-------------------------------+------------+---------------+-------------+-----------+
| Element Stiffness Computation | 1.81732    |       106.668 |     759.675 |         0 |
+-------------------------------+------------+---------------+-------------+-----------+
| Element Force Computation     | 3.38542    |       106.758 |     759.679 |         0 |
+-------------------------------+------------+---------------+-------------+-----------+
| Setup Simulation              | 0          |       106.793 |     759.679 |         0 |
+-------------------------------+------------+---------------+-------------+-----------+
| Assemble Global Matrices      | 0.0382013  |       108.922 |     759.679 |         0 |
+-------------------------------+------------+---------------+-------------+-----------+
| Modify Global Matrices        | 0.0458086  |       109.426 |     759.68  |         0 |
+-------------------------------+------------+---------------+-------------+-----------+
| Solve Linear Static System    | 0.514102   |       124.359 |     759.681 |         0 |
+-------------------------------+------------+---------------+-------------+-----------+
| Compute Primary Results       | 0.00400448 |       124.363 |     759.681 |         0 |
+-------------------------------+------------+---------------+-------------+-----------+
| Save Primary Results          | 0.0859563  |       124.375 |     759.681 |         0 |
+-------------------------------+------------+---------------+-------------+-----------+

Parallel Jobs: job_0001, job_0003, job_0002, job_0006
Start Memory: 106.22 MB | End Memory: 124.38 MB
Start Disk Usage: 759.67 GB | End Disk Usage: 759.68 GB
Start CPU: 0.00% | End CPU: 0.00%
