Machine Specifications:
   - OS: Windows 11 (10.0.22631)
   - CPU: Intel64 Family 6 Model 151 Stepping 2, GenuineIntel (20 cores)
   - RAM: 31.24 GB
   - Python Version: 3.12.5

Job: job_0004
Timestamp (job start): 2025-04-11_19-52-53
Total Time: 6.53 sec

+-------------------------------+------------+---------------+-------------+-----------+
| Step                          |   Time (s) |   Memory (MB) |   Disk (GB) |   CPU (%) |
+===============================+============+===============+=============+===========+
| Parsing                       | 0.0090661  |       106.023 |     788.545 |         0 |
+-------------------------------+------------+---------------+-------------+-----------+
| Element Instantiation         | 0.00150704 |       106.07  |     788.545 |         0 |
+-------------------------------+------------+---------------+-------------+-----------+
| Element Stiffness Computation | 1.63997    |       106.281 |     788.552 |         0 |
+-------------------------------+------------+---------------+-------------+-----------+
| Element Force Computation     | 3.03419    |       106.457 |     788.556 |         0 |
+-------------------------------+------------+---------------+-------------+-----------+
| Setup Simulation              | 0          |       106.488 |     788.556 |         0 |
+-------------------------------+------------+---------------+-------------+-----------+
| Assemble Global Matrices      | 0.031652   |       108.629 |     788.556 |         0 |
+-------------------------------+------------+---------------+-------------+-----------+
| Modify Global Matrices        | 0.0509114  |       109.301 |     788.556 |         0 |
+-------------------------------+------------+---------------+-------------+-----------+
| Solve Linear Static System    | 0.554488   |       124.383 |     788.557 |         0 |
+-------------------------------+------------+---------------+-------------+-----------+
| Compute Primary Results       | 0.00301409 |       124.391 |     788.557 |         0 |
+-------------------------------+------------+---------------+-------------+-----------+
| Save Primary Results          | 0.0846107  |       124.457 |     788.557 |         0 |
+-------------------------------+------------+---------------+-------------+-----------+

Parallel Jobs: job_0007, job_0008, job_0009, job_0001, job_0002, job_0003
Start Memory: 105.84 MB | End Memory: 124.46 MB
Start Disk Usage: 788.54 GB | End Disk Usage: 788.56 GB
Start CPU: 0.00% | End CPU: 0.00%
