Machine Specifications:
   - OS: Windows 11 (10.0.22631)
   - CPU: Intel64 Family 6 Model 151 Stepping 2, GenuineIntel (20 cores)
   - RAM: 31.24 GB
   - Python Version: 3.12.5

Job: job_0003
Timestamp (job start): 2025-02-26_16-02-28
Total Time: 1.86 sec

+-------------------------------+------------+---------------+-------------+-----------+
| Step                          |   Time (s) |   Memory (MB) |   Disk (GB) |   CPU (%) |
+===============================+============+===============+=============+===========+
| Parsing                       | 0.0177875  |       78.3281 |     742.178 |         0 |
+-------------------------------+------------+---------------+-------------+-----------+
| Element Instantiation         | 0.00875425 |       78.4102 |     742.178 |         0 |
+-------------------------------+------------+---------------+-------------+-----------+
| Element Stiffness Computation | 0.1388     |       78.6992 |     742.178 |         0 |
+-------------------------------+------------+---------------+-------------+-----------+
| Element Force Computation     | 0.0802939  |       78.7344 |     742.178 |         0 |
+-------------------------------+------------+---------------+-------------+-----------+
| Setup Simulation              | 0          |       78.7773 |     742.178 |         0 |
+-------------------------------+------------+---------------+-------------+-----------+
| Assemble Global Matrices      | 0.016989   |       79      |     742.178 |         0 |
+-------------------------------+------------+---------------+-------------+-----------+
| Modify Global Matrices        | 0          |       79.1094 |     742.178 |         0 |
+-------------------------------+------------+---------------+-------------+-----------+
| Solve Linear Static System    | 0.351151   |       95.9883 |     742.179 |         0 |
+-------------------------------+------------+---------------+-------------+-----------+
| Compute Primary Results       | 0.00157046 |       96      |     742.179 |         0 |
+-------------------------------+------------+---------------+-------------+-----------+
| Save Primary Results          | 0.0862982  |       96.0156 |     742.179 |         0 |
+-------------------------------+------------+---------------+-------------+-----------+

Parallel Jobs: job_0001, job_0002
Start Memory: 78.13 MB | End Memory: 96.02 MB
Start Disk Usage: 742.18 GB | End Disk Usage: 742.18 GB
Start CPU: 0.00% | End CPU: 0.00%
