--------------------------------------------------------------------------
Machine specifications – written 2025-07-07 19:50:13.355500
OS          : Windows 11 (10.0.22631)
CPU         : 12th Gen Intel(R) Core(TM) i7-12700
   logical  : 20
   physical : 12
RAM         : 31.24 GB
Disk        : 3071.87 GB total  /  2258.40 GB free
Python      : 3.12.5  (C:\Users\s1834431\AppData\Local\Programs\Python\Python312\python.exe)
GPU(s)      : Intel(R) UHD Graphics 770
--------------------------------------------------------------------------

Runtime telemetry header written → \\mull.sms.ed.ac.uk\home\s1834431\Win7\Desktop\fem_model\post_processing\results\job_0005_2025-07-07_19-50-06-062801_pid76900_25acd8da\diagnostics\RuntimeMonitorTelemetry.log
2025-07-07 19:50:13 │ PrepareLocalSystem BEGIN   │ Δt  0.00 s │ RAM   122.8 MB │ CPU  10.0 % │ Disk  813.5 GB
2025-07-07 19:50:14 │ PrepareLocalSystem END     │ Δt  0.77 s │ RAM   122.9 MB │ CPU   1.1 % │ Disk  813.5 GB
2025-07-07 19:50:14 │ AssembleGlobalSystem BEGIN │ Δt  0.21 s │ RAM   122.9 MB │ CPU   2.7 % │ Disk  813.5 GB
2025-07-07 19:50:15 │ AssembleGlobalSystem END   │ Δt  1.02 s │ RAM   124.5 MB │ CPU   6.2 % │ Disk  813.5 GB
2025-07-07 19:50:16 │ ModifyGlobalSystem BEGIN   │ Δt  0.84 s │ RAM   126.8 MB │ CPU   5.6 % │ Disk  813.5 GB
2025-07-07 19:50:16 │ ModifyGlobalSystem END     │ Δt  0.27 s │ RAM   127.3 MB │ CPU   7.0 % │ Disk  813.5 GB
2025-07-07 19:50:17 │ CondenseModifiedSystem BEGIN │ Δt  0.81 s │ RAM   127.5 MB │ CPU   6.3 % │ Disk  813.5 GB
2025-07-07 19:50:17 │ CondenseModifiedSystem END │ Δt  0.28 s │ RAM   127.9 MB │ CPU   7.3 % │ Disk  813.5 GB
2025-07-07 19:50:18 │ SolveCondensedSystem BEGIN │ Δt  0.83 s │ RAM   128.0 MB │ CPU   6.9 % │ Disk  813.5 GB
2025-07-07 19:50:20 │ SolveCondensedSystem END   │ Δt  1.95 s │ RAM   128.2 MB │ CPU   1.7 % │ Disk  813.5 GB
2025-07-07 19:50:20 │ ReconstructGlobalSystem BEGIN │ Δt  0.20 s │ RAM   128.2 MB │ CPU   4.3 % │ Disk  813.5 GB
2025-07-07 19:50:21 │ ReconstructGlobalSystem END │ Δt  0.25 s │ RAM   128.3 MB │ CPU   4.7 % │ Disk  813.5 GB
2025-07-07 19:50:21 │ ComputePrimaryResults BEGIN │ Δt  0.20 s │ RAM   128.3 MB │ CPU   8.8 % │ Disk  813.5 GB
2025-07-07 19:50:25 │ ComputePrimaryResults END  │ Δt  4.30 s │ RAM   128.3 MB │ CPU   6.0 % │ Disk  813.5 GB
