Machine Specifications:
   - OS: Windows 11 (10.0.22631)
   - CPU: Intel64 Family 6 Model 151 Stepping 2, GenuineIntel (20 cores)
   - RAM: 31.24 GB
   - Python Version: 3.12.5

Job: job_0002
Timestamp (job start): 2025-04-07_13-53-57
Total Time: 4.06 sec

+-------------------------------+------------+---------------+-------------+-----------+
| Step                          |   Time (s) |   Memory (MB) |   Disk (GB) |   CPU (%) |
+===============================+============+===============+=============+===========+
| Parsing                       | 0.00100994 |       106.242 |     785.423 |         0 |
+-------------------------------+------------+---------------+-------------+-----------+
| Element Instantiation         | 0.00205803 |       106.293 |     785.423 |         0 |
+-------------------------------+------------+---------------+-------------+-----------+
| Element Stiffness Computation | 1.76915    |       106.559 |     785.43  |         0 |
+-------------------------------+------------+---------------+-------------+-----------+
| Element Force Computation     | 0.475054   |       106.598 |     785.431 |         0 |
+-------------------------------+------------+---------------+-------------+-----------+
| Setup Simulation              | 0          |       106.633 |     785.431 |         0 |
+-------------------------------+------------+---------------+-------------+-----------+
| Assemble Global Matrices      | 0.0324392  |       108.777 |     785.432 |         0 |
+-------------------------------+------------+---------------+-------------+-----------+
| Modify Global Matrices        | 0.0395637  |       109.344 |     785.432 |         0 |
+-------------------------------+------------+---------------+-------------+-----------+
| Solve Linear Static System    | 0.50984    |       125.891 |     785.433 |         0 |
+-------------------------------+------------+---------------+-------------+-----------+
| Compute Primary Results       | 0.00401688 |       125.898 |     785.433 |         0 |
+-------------------------------+------------+---------------+-------------+-----------+
| Save Primary Results          | 0.0852721  |       125.91  |     785.434 |         0 |
+-------------------------------+------------+---------------+-------------+-----------+

Parallel Jobs: job_0007, job_0008, job_0009, job_0001
Start Memory: 106.14 MB | End Memory: 125.91 MB
Start Disk Usage: 785.42 GB | End Disk Usage: 785.43 GB
Start CPU: 0.00% | End CPU: 0.00%
