--------------------------------------------------------------------------
### Global System

                   │ CURRENT            │ EVOLUTION         
Equations          │ 3006               │ 3006              
Dirichlet          │ 0                  │ 0                 
Eliminated         │ 0                  │ 0                 
Unknowns           │ 3006               │ 3006              
nnz                │ 15010              │ 15010             
Density            │ 1.66e-03           │ 1.66e-03          
Zero rows          │ 0                  │ 0                 
Zero cols          │ 0                  │ 0                 
Bandwidth          │ 10                 │ 10                
Symmetric          │ yes                │ yes               
Rank               │ 2958               │ 2958              
Cond-no            │ 5.8e+17            │ 5.8e+17           
λmin/λmax          │ —                  │ —                 
Inertia            │ —                  │ —                 
b-min/max          │ -5.0e+02/0.0e+00   │ -5.0e+02/0.0e+00  
Σb                 │ -5.0e+02           │ -5.0e+02          
Top|b|             │ 3001:-5.0e+02, 2992:0.0e+00, 2991:0.0e+00 │ 3001:-5.0e+02, 2992:0.0e+00, 2991:0.0e+00

2025-07-21 19:09:28,843 [INFO] 🩺  Global System diagnostics appended → \\mull.sms.ed.ac.uk\home\s1834431\Win7\Desktop\fem_model\post_processing\results\job_0003_2025-07-21_19-08-42-549386_pid31584_e7777a0e\diagnostics\DiagnoseLinearStaticSystem.log
--------------------------------------------------------------------------
### Modified System

                   │ CURRENT            │ EVOLUTION         
Equations          │ 3006               │ 3006              
Dirichlet          │ 0                  │ 6                 
Eliminated         │ 0                  │ 0                 
Unknowns           │ 3006               │ 3000              
nnz                │ 14986              │ 15010             
Density            │ 1.66e-03           │ 1.66e-03          
Zero rows          │ 0                  │ 0                 
Zero cols          │ 0                  │ 0                 
Bandwidth          │ 10                 │ 10                
Symmetric          │ yes                │ yes               
Rank               │ 6                  │ 2958              
Cond-no            │ 1.9e+35            │ 5.8e+17           
λmin/λmax          │ —                  │ —                 
Inertia            │ —                  │ —                 
b-min/max          │ -5.0e+02/0.0e+00   │ -5.0e+02/0.0e+00  
Σb                 │ -5.0e+02           │ -5.0e+02          
Top|b|             │ 3001:-5.0e+02, 2992:0.0e+00, 2991:0.0e+00 │ 3001:-5.0e+02, 2992:0.0e+00, 2991:0.0e+00

2025-07-21 19:09:47,330 [INFO] 🩺  Modified System diagnostics appended → \\mull.sms.ed.ac.uk\home\s1834431\Win7\Desktop\fem_model\post_processing\results\job_0003_2025-07-21_19-08-42-549386_pid31584_e7777a0e\diagnostics\DiagnoseLinearStaticSystem.log
--------------------------------------------------------------------------
### Condensed System

                   │ CURRENT            │ EVOLUTION         
Equations          │ 3000               │ 3006              
Dirichlet          │ 0                  │ 6                 
Eliminated         │ 0                  │ 6                 
Unknowns           │ 3000               │ 2994              
nnz                │ 14980              │ 15010             
Density            │ 1.66e-03           │ 1.66e-03          
Zero rows          │ 0                  │ 0                 
Zero cols          │ 0                  │ 0                 
Bandwidth          │ 10                 │ 10                
Symmetric          │ yes                │ yes               
Rank               │ 2956               │ 2958              
Cond-no            │ 7.1e+15            │ 5.8e+17           
λmin/λmax          │ —                  │ —                 
Inertia            │ —                  │ —                 
b-min/max          │ -5.0e+02/0.0e+00   │ -5.0e+02/0.0e+00  
Σb                 │ -5.0e+02           │ -5.0e+02          
Top|b|             │ 2995:-5.0e+02, 2992:0.0e+00, 2991:0.0e+00 │ 3001:-5.0e+02, 2992:0.0e+00, 2991:0.0e+00

2025-07-21 19:10:05,694 [INFO] 🩺  Condensed System diagnostics appended → \\mull.sms.ed.ac.uk\home\s1834431\Win7\Desktop\fem_model\post_processing\results\job_0003_2025-07-21_19-08-42-549386_pid31584_e7777a0e\diagnostics\DiagnoseLinearStaticSystem.log
