2025-05-06 15:47:54,842 - processing.static.boundary_conditions - INFO - 🔧 Applying fixed boundary conditions...
2025-05-06 15:47:54,843 - processing.static.boundary_conditions - INFO - 🔍 Fixed DOFs: [0 1 2 3 4 5]

🔍 Original K_global Matrix:
            0           1           2           3           4           5           6           7           8           9           10          11          12          13          14          15          16          17          18          19          20          21          22          23
0   1.8000e+10  0.0000e+00  0.0000e+00  0.0000e+00  0.0000e+00  0.0000e+00 -1.8000e+10  0.0000e+00  0.0000e+00  0.0000e+00  0.0000e+00  0.0000e+00  0.0000e+00  0.0000e+00  0.0000e+00  0.0000e+00  0.0000e+00  0.0000e+00  0.0000e+00  0.0000e+00  0.0000e+00  0.0000e+00  0.0000e+00  0.0000e+00
1   0.0000e+00  1.8144e+11  0.0000e+00  0.0000e+00  0.0000e+00  1.0368e+11  0.0000e+00 -1.8144e+11  0.0000e+00  0.0000e+00  0.0000e+00  7.7760e+10  0.0000e+00  0.0000e+00  0.0000e+00  0.0000e+00  0.0000e+00  0.0000e+00  0.0000e+00  0.0000e+00  0.0000e+00  0.0000e+00  0.0000e+00  0.0000e+00
2   0.0000e+00  0.0000e+00  4.5361e+10  0.0000e+00 -2.5920e+10  0.0000e+00  0.0000e+00  0.0000e+00 -4.5361e+10  0.0000e+00 -1.9440e+10  0.0000e+00  0.0000e+00  0.0000e+00  0.0000e+00  0.0000e+00  0.0000e+00  0.0000e+00  0.0000e+00  0.0000e+00  0.0000e+00  0.0000e+00  0.0000e+00  0.0000e+00
3   0.0000e+00  0.0000e+00  0.0000e+00  5.9088e+06  0.0000e+00  0.0000e+00  0.0000e+00  0.0000e+00  0.0000e+00 -5.9088e+06  0.0000e+00  0.0000e+00  0.0000e+00  0.0000e+00  0.0000e+00  0.0000e+00  0.0000e+00  0.0000e+00  0.0000e+00  0.0000e+00  0.0000e+00  0.0000e+00  0.0000e+00  0.0000e+00
4   0.0000e+00  0.0000e+00 -2.5920e+10  0.0000e+00  1.5120e+10  0.0000e+00  0.0000e+00  0.0000e+00  2.5920e+10  0.0000e+00  1.0800e+10  0.0000e+00  0.0000e+00  0.0000e+00  0.0000e+00  0.0000e+00  0.0000e+00  0.0000e+00  0.0000e+00  0.0000e+00  0.0000e+00  0.0000e+00  0.0000e+00  0.0000e+00
5   0.0000e+00  1.0368e+11  0.0000e+00  0.0000e+00  0.0000e+00  6.0480e+10  0.0000e+00 -1.0368e+11  0.0000e+00  0.0000e+00  0.0000e+00  4.3200e+10  0.0000e+00  0.0000e+00  0.0000e+00  0.0000e+00  0.0000e+00  0.0000e+00  0.0000e+00  0.0000e+00  0.0000e+00  0.0000e+00  0.0000e+00  0.0000e+00
6  -1.8000e+10  0.0000e+00  0.0000e+00  0.0000e+00  0.0000e+00  0.0000e+00  3.6000e+10  0.0000e+00  0.0000e+00  0.0000e+00  0.0000e+00  0.0000e+00 -1.8000e+10  0.0000e+00  0.0000e+00  0.0000e+00  0.0000e+00  0.0000e+00  0.0000e+00  0.0000e+00  0.0000e+00  0.0000e+00  0.0000e+00  0.0000e+00
7   0.0000e+00 -1.8144e+11  0.0000e+00  0.0000e+00  0.0000e+00 -1.0368e+11  0.0000e+00  3.6288e+11  0.0000e+00  0.0000e+00  0.0000e+00  2.5921e+10  0.0000e+00 -1.8144e+11  0.0000e+00  0.0000e+00  0.0000e+00  7.7761e+10  0.0000e+00  0.0000e+00  0.0000e+00  0.0000e+00  0.0000e+00  0.0000e+00
8   0.0000e+00  0.0000e+00 -4.5361e+10  0.0000e+00  2.5920e+10  0.0000e+00  0.0000e+00  0.0000e+00  9.0722e+10  0.0000e+00 -6.4803e+09  0.0000e+00  0.0000e+00  0.0000e+00 -4.5361e+10  0.0000e+00 -1.9440e+10  0.0000e+00  0.0000e+00  0.0000e+00  0.0000e+00  0.0000e+00  0.0000e+00  0.0000e+00
9   0.0000e+00  0.0000e+00  0.0000e+00 -5.9088e+06  0.0000e+00  0.0000e+00  0.0000e+00  0.0000e+00  0.0000e+00  1.1818e+07  0.0000e+00  0.0000e+00  0.0000e+00  0.0000e+00  0.0000e+00 -5.9089e+06  0.0000e+00  0.0000e+00  0.0000e+00  0.0000e+00  0.0000e+00  0.0000e+00  0.0000e+00  0.0000e+00
10  0.0000e+00  0.0000e+00 -1.9440e+10  0.0000e+00  1.0800e+10  0.0000e+00  0.0000e+00  0.0000e+00 -6.4803e+09  0.0000e+00  2.3761e+10  0.0000e+00  0.0000e+00  0.0000e+00  2.5921e+10  0.0000e+00  1.0800e+10  0.0000e+00  0.0000e+00  0.0000e+00  0.0000e+00  0.0000e+00  0.0000e+00  0.0000e+00
11  0.0000e+00  7.7760e+10  0.0000e+00  0.0000e+00  0.0000e+00  4.3200e+10  0.0000e+00  2.5921e+10  0.0000e+00  0.0000e+00  0.0000e+00  9.5041e+10  0.0000e+00 -1.0368e+11  0.0000e+00  0.0000e+00  0.0000e+00  4.3200e+10  0.0000e+00  0.0000e+00  0.0000e+00  0.0000e+00  0.0000e+00  0.0000e+00
12  0.0000e+00  0.0000e+00  0.0000e+00  0.0000e+00  0.0000e+00  0.0000e+00 -1.8000e+10  0.0000e+00  0.0000e+00  0.0000e+00  0.0000e+00  0.0000e+00  3.6000e+10  0.0000e+00  0.0000e+00  0.0000e+00  0.0000e+00  0.0000e+00 -1.8000e+10  0.0000e+00  0.0000e+00  0.0000e+00  0.0000e+00  0.0000e+00
13  0.0000e+00  0.0000e+00  0.0000e+00  0.0000e+00  0.0000e+00  0.0000e+00  0.0000e+00 -1.8144e+11  0.0000e+00  0.0000e+00  0.0000e+00 -1.0368e+11  0.0000e+00  3.6288e+11  0.0000e+00  0.0000e+00  0.0000e+00  2.5920e+10  0.0000e+00 -1.8144e+11  0.0000e+00  0.0000e+00  0.0000e+00  7.7760e+10
14  0.0000e+00  0.0000e+00  0.0000e+00  0.0000e+00  0.0000e+00  0.0000e+00  0.0000e+00  0.0000e+00 -4.5361e+10  0.0000e+00  2.5921e+10  0.0000e+00  0.0000e+00  0.0000e+00  9.0722e+10  0.0000e+00 -6.4800e+09  0.0000e+00  0.0000e+00  0.0000e+00 -4.5361e+10  0.0000e+00 -1.9440e+10  0.0000e+00
15  0.0000e+00  0.0000e+00  0.0000e+00  0.0000e+00  0.0000e+00  0.0000e+00  0.0000e+00  0.0000e+00  0.0000e+00 -5.9089e+06  0.0000e+00  0.0000e+00  0.0000e+00  0.0000e+00  0.0000e+00  1.1818e+07  0.0000e+00  0.0000e+00  0.0000e+00  0.0000e+00  0.0000e+00 -5.9088e+06  0.0000e+00  0.0000e+00
16  0.0000e+00  0.0000e+00  0.0000e+00  0.0000e+00  0.0000e+00  0.0000e+00  0.0000e+00  0.0000e+00 -1.9440e+10  0.0000e+00  1.0800e+10  0.0000e+00  0.0000e+00  0.0000e+00 -6.4800e+09  0.0000e+00  2.3760e+10  0.0000e+00  0.0000e+00  0.0000e+00  2.5920e+10  0.0000e+00  1.0800e+10  0.0000e+00
17  0.0000e+00  0.0000e+00  0.0000e+00  0.0000e+00  0.0000e+00  0.0000e+00  0.0000e+00  7.7761e+10  0.0000e+00  0.0000e+00  0.0000e+00  4.3200e+10  0.0000e+00  2.5920e+10  0.0000e+00  0.0000e+00  0.0000e+00  9.5040e+10  0.0000e+00 -1.0368e+11  0.0000e+00  0.0000e+00  0.0000e+00  4.3200e+10
18  0.0000e+00  0.0000e+00  0.0000e+00  0.0000e+00  0.0000e+00  0.0000e+00  0.0000e+00  0.0000e+00  0.0000e+00  0.0000e+00  0.0000e+00  0.0000e+00 -1.8000e+10  0.0000e+00  0.0000e+00  0.0000e+00  0.0000e+00  0.0000e+00  1.8000e+10  0.0000e+00  0.0000e+00  0.0000e+00  0.0000e+00  0.0000e+00
19  0.0000e+00  0.0000e+00  0.0000e+00  0.0000e+00  0.0000e+00  0.0000e+00  0.0000e+00  0.0000e+00  0.0000e+00  0.0000e+00  0.0000e+00  0.0000e+00  0.0000e+00 -1.8144e+11  0.0000e+00  0.0000e+00  0.0000e+00 -1.0368e+11  0.0000e+00  1.8144e+11  0.0000e+00  0.0000e+00  0.0000e+00 -7.7760e+10
20  0.0000e+00  0.0000e+00  0.0000e+00  0.0000e+00  0.0000e+00  0.0000e+00  0.0000e+00  0.0000e+00  0.0000e+00  0.0000e+00  0.0000e+00  0.0000e+00  0.0000e+00  0.0000e+00 -4.5361e+10  0.0000e+00  2.5920e+10  0.0000e+00  0.0000e+00  0.0000e+00  4.5361e+10  0.0000e+00  1.9440e+10  0.0000e+00
21  0.0000e+00  0.0000e+00  0.0000e+00  0.0000e+00  0.0000e+00  0.0000e+00  0.0000e+00  0.0000e+00  0.0000e+00  0.0000e+00  0.0000e+00  0.0000e+00  0.0000e+00  0.0000e+00  0.0000e+00 -5.9088e+06  0.0000e+00  0.0000e+00  0.0000e+00  0.0000e+00  0.0000e+00  5.9088e+06  0.0000e+00  0.0000e+00
22  0.0000e+00  0.0000e+00  0.0000e+00  0.0000e+00  0.0000e+00  0.0000e+00  0.0000e+00  0.0000e+00  0.0000e+00  0.0000e+00  0.0000e+00  0.0000e+00  0.0000e+00  0.0000e+00 -1.9440e+10  0.0000e+00  1.0800e+10  0.0000e+00  0.0000e+00  0.0000e+00  1.9440e+10  0.0000e+00  8.6402e+09  0.0000e+00
23  0.0000e+00  0.0000e+00  0.0000e+00  0.0000e+00  0.0000e+00  0.0000e+00  0.0000e+00  0.0000e+00  0.0000e+00  0.0000e+00  0.0000e+00  0.0000e+00  0.0000e+00  7.7760e+10  0.0000e+00  0.0000e+00  0.0000e+00  4.3200e+10  0.0000e+00 -7.7760e+10  0.0000e+00  0.0000e+00  0.0000e+00  3.4560e+10

🔍 Original F_global Vector:
             Force
DOF 0   0.0000e+00
DOF 1   0.0000e+00
DOF 2   0.0000e+00
DOF 3   0.0000e+00
DOF 4   0.0000e+00
DOF 5   0.0000e+00
DOF 6   0.0000e+00
DOF 7   0.0000e+00
DOF 8   0.0000e+00
DOF 9   0.0000e+00
DOF 10  0.0000e+00
DOF 11  0.0000e+00
DOF 12  0.0000e+00
DOF 13  0.0000e+00
DOF 14  0.0000e+00
DOF 15  0.0000e+00
DOF 16  0.0000e+00
DOF 17  0.0000e+00
DOF 18  0.0000e+00
DOF 19 -1.0000e+05
DOF 20  0.0000e+00
DOF 21  0.0000e+00
DOF 22  0.0000e+00
DOF 23  0.0000e+00
2025-05-06 15:47:54,847 - processing.static.boundary_conditions - INFO - ✅ Fixed boundary conditions applied successfully.

🔍 Modified K_global Matrix:
           0          1          2          3          4          5           6           7           8           9           10          11          12          13          14          15          16          17          18          19          20          21          22          23
0  1.0000e+36 0.0000e+00 0.0000e+00 0.0000e+00 0.0000e+00 0.0000e+00  0.0000e+00  0.0000e+00  0.0000e+00  0.0000e+00  0.0000e+00  0.0000e+00  0.0000e+00  0.0000e+00  0.0000e+00  0.0000e+00  0.0000e+00  0.0000e+00  0.0000e+00  0.0000e+00  0.0000e+00  0.0000e+00  0.0000e+00  0.0000e+00
1  0.0000e+00 1.0000e+36 0.0000e+00 0.0000e+00 0.0000e+00 0.0000e+00  0.0000e+00  0.0000e+00  0.0000e+00  0.0000e+00  0.0000e+00  0.0000e+00  0.0000e+00  0.0000e+00  0.0000e+00  0.0000e+00  0.0000e+00  0.0000e+00  0.0000e+00  0.0000e+00  0.0000e+00  0.0000e+00  0.0000e+00  0.0000e+00
2  0.0000e+00 0.0000e+00 1.0000e+36 0.0000e+00 0.0000e+00 0.0000e+00  0.0000e+00  0.0000e+00  0.0000e+00  0.0000e+00  0.0000e+00  0.0000e+00  0.0000e+00  0.0000e+00  0.0000e+00  0.0000e+00  0.0000e+00  0.0000e+00  0.0000e+00  0.0000e+00  0.0000e+00  0.0000e+00  0.0000e+00  0.0000e+00
3  0.0000e+00 0.0000e+00 0.0000e+00 1.0000e+36 0.0000e+00 0.0000e+00  0.0000e+00  0.0000e+00  0.0000e+00  0.0000e+00  0.0000e+00  0.0000e+00  0.0000e+00  0.0000e+00  0.0000e+00  0.0000e+00  0.0000e+00  0.0000e+00  0.0000e+00  0.0000e+00  0.0000e+00  0.0000e+00  0.0000e+00  0.0000e+00
4  0.0000e+00 0.0000e+00 0.0000e+00 0.0000e+00 1.0000e+36 0.0000e+00  0.0000e+00  0.0000e+00  0.0000e+00  0.0000e+00  0.0000e+00  0.0000e+00  0.0000e+00  0.0000e+00  0.0000e+00  0.0000e+00  0.0000e+00  0.0000e+00  0.0000e+00  0.0000e+00  0.0000e+00  0.0000e+00  0.0000e+00  0.0000e+00
5  0.0000e+00 0.0000e+00 0.0000e+00 0.0000e+00 0.0000e+00 1.0000e+36  0.0000e+00  0.0000e+00  0.0000e+00  0.0000e+00  0.0000e+00  0.0000e+00  0.0000e+00  0.0000e+00  0.0000e+00  0.0000e+00  0.0000e+00  0.0000e+00  0.0000e+00  0.0000e+00  0.0000e+00  0.0000e+00  0.0000e+00  0.0000e+00
6  0.0000e+00 0.0000e+00 0.0000e+00 0.0000e+00 0.0000e+00 0.0000e+00  3.6000e+10  0.0000e+00  0.0000e+00  0.0000e+00  0.0000e+00  0.0000e+00 -1.8000e+10  0.0000e+00  0.0000e+00  0.0000e+00  0.0000e+00  0.0000e+00  0.0000e+00  0.0000e+00  0.0000e+00  0.0000e+00  0.0000e+00  0.0000e+00
7  0.0000e+00 0.0000e+00 0.0000e+00 0.0000e+00 0.0000e+00 0.0000e+00  0.0000e+00  3.6288e+11  0.0000e+00  0.0000e+00  0.0000e+00  2.5921e+10  0.0000e+00 -1.8144e+11  0.0000e+00  0.0000e+00  0.0000e+00  7.7761e+10  0.0000e+00  0.0000e+00  0.0000e+00  0.0000e+00  0.0000e+00  0.0000e+00
8  0.0000e+00 0.0000e+00 0.0000e+00 0.0000e+00 0.0000e+00 0.0000e+00  0.0000e+00  0.0000e+00  9.0722e+10  0.0000e+00 -6.4803e+09  0.0000e+00  0.0000e+00  0.0000e+00 -4.5361e+10  0.0000e+00 -1.9440e+10  0.0000e+00  0.0000e+00  0.0000e+00  0.0000e+00  0.0000e+00  0.0000e+00  0.0000e+00
9  0.0000e+00 0.0000e+00 0.0000e+00 0.0000e+00 0.0000e+00 0.0000e+00  0.0000e+00  0.0000e+00  0.0000e+00  1.1818e+07  0.0000e+00  0.0000e+00  0.0000e+00  0.0000e+00  0.0000e+00 -5.9089e+06  0.0000e+00  0.0000e+00  0.0000e+00  0.0000e+00  0.0000e+00  0.0000e+00  0.0000e+00  0.0000e+00
10 0.0000e+00 0.0000e+00 0.0000e+00 0.0000e+00 0.0000e+00 0.0000e+00  0.0000e+00  0.0000e+00 -6.4803e+09  0.0000e+00  2.3761e+10  0.0000e+00  0.0000e+00  0.0000e+00  2.5921e+10  0.0000e+00  1.0800e+10  0.0000e+00  0.0000e+00  0.0000e+00  0.0000e+00  0.0000e+00  0.0000e+00  0.0000e+00
11 0.0000e+00 0.0000e+00 0.0000e+00 0.0000e+00 0.0000e+00 0.0000e+00  0.0000e+00  2.5921e+10  0.0000e+00  0.0000e+00  0.0000e+00  9.5041e+10  0.0000e+00 -1.0368e+11  0.0000e+00  0.0000e+00  0.0000e+00  4.3200e+10  0.0000e+00  0.0000e+00  0.0000e+00  0.0000e+00  0.0000e+00  0.0000e+00
12 0.0000e+00 0.0000e+00 0.0000e+00 0.0000e+00 0.0000e+00 0.0000e+00 -1.8000e+10  0.0000e+00  0.0000e+00  0.0000e+00  0.0000e+00  0.0000e+00  3.6000e+10  0.0000e+00  0.0000e+00  0.0000e+00  0.0000e+00  0.0000e+00 -1.8000e+10  0.0000e+00  0.0000e+00  0.0000e+00  0.0000e+00  0.0000e+00
13 0.0000e+00 0.0000e+00 0.0000e+00 0.0000e+00 0.0000e+00 0.0000e+00  0.0000e+00 -1.8144e+11  0.0000e+00  0.0000e+00  0.0000e+00 -1.0368e+11  0.0000e+00  3.6288e+11  0.0000e+00  0.0000e+00  0.0000e+00  2.5920e+10  0.0000e+00 -1.8144e+11  0.0000e+00  0.0000e+00  0.0000e+00  7.7760e+10
14 0.0000e+00 0.0000e+00 0.0000e+00 0.0000e+00 0.0000e+00 0.0000e+00  0.0000e+00  0.0000e+00 -4.5361e+10  0.0000e+00  2.5921e+10  0.0000e+00  0.0000e+00  0.0000e+00  9.0722e+10  0.0000e+00 -6.4800e+09  0.0000e+00  0.0000e+00  0.0000e+00 -4.5361e+10  0.0000e+00 -1.9440e+10  0.0000e+00
15 0.0000e+00 0.0000e+00 0.0000e+00 0.0000e+00 0.0000e+00 0.0000e+00  0.0000e+00  0.0000e+00  0.0000e+00 -5.9089e+06  0.0000e+00  0.0000e+00  0.0000e+00  0.0000e+00  0.0000e+00  1.1818e+07  0.0000e+00  0.0000e+00  0.0000e+00  0.0000e+00  0.0000e+00 -5.9088e+06  0.0000e+00  0.0000e+00
16 0.0000e+00 0.0000e+00 0.0000e+00 0.0000e+00 0.0000e+00 0.0000e+00  0.0000e+00  0.0000e+00 -1.9440e+10  0.0000e+00  1.0800e+10  0.0000e+00  0.0000e+00  0.0000e+00 -6.4800e+09  0.0000e+00  2.3760e+10  0.0000e+00  0.0000e+00  0.0000e+00  2.5920e+10  0.0000e+00  1.0800e+10  0.0000e+00
17 0.0000e+00 0.0000e+00 0.0000e+00 0.0000e+00 0.0000e+00 0.0000e+00  0.0000e+00  7.7761e+10  0.0000e+00  0.0000e+00  0.0000e+00  4.3200e+10  0.0000e+00  2.5920e+10  0.0000e+00  0.0000e+00  0.0000e+00  9.5040e+10  0.0000e+00 -1.0368e+11  0.0000e+00  0.0000e+00  0.0000e+00  4.3200e+10
18 0.0000e+00 0.0000e+00 0.0000e+00 0.0000e+00 0.0000e+00 0.0000e+00  0.0000e+00  0.0000e+00  0.0000e+00  0.0000e+00  0.0000e+00  0.0000e+00 -1.8000e+10  0.0000e+00  0.0000e+00  0.0000e+00  0.0000e+00  0.0000e+00  1.8000e+10  0.0000e+00  0.0000e+00  0.0000e+00  0.0000e+00  0.0000e+00
19 0.0000e+00 0.0000e+00 0.0000e+00 0.0000e+00 0.0000e+00 0.0000e+00  0.0000e+00  0.0000e+00  0.0000e+00  0.0000e+00  0.0000e+00  0.0000e+00  0.0000e+00 -1.8144e+11  0.0000e+00  0.0000e+00  0.0000e+00 -1.0368e+11  0.0000e+00  1.8144e+11  0.0000e+00  0.0000e+00  0.0000e+00 -7.7760e+10
20 0.0000e+00 0.0000e+00 0.0000e+00 0.0000e+00 0.0000e+00 0.0000e+00  0.0000e+00  0.0000e+00  0.0000e+00  0.0000e+00  0.0000e+00  0.0000e+00  0.0000e+00  0.0000e+00 -4.5361e+10  0.0000e+00  2.5920e+10  0.0000e+00  0.0000e+00  0.0000e+00  4.5361e+10  0.0000e+00  1.9440e+10  0.0000e+00
21 0.0000e+00 0.0000e+00 0.0000e+00 0.0000e+00 0.0000e+00 0.0000e+00  0.0000e+00  0.0000e+00  0.0000e+00  0.0000e+00  0.0000e+00  0.0000e+00  0.0000e+00  0.0000e+00  0.0000e+00 -5.9088e+06  0.0000e+00  0.0000e+00  0.0000e+00  0.0000e+00  0.0000e+00  5.9088e+06  0.0000e+00  0.0000e+00
22 0.0000e+00 0.0000e+00 0.0000e+00 0.0000e+00 0.0000e+00 0.0000e+00  0.0000e+00  0.0000e+00  0.0000e+00  0.0000e+00  0.0000e+00  0.0000e+00  0.0000e+00  0.0000e+00 -1.9440e+10  0.0000e+00  1.0800e+10  0.0000e+00  0.0000e+00  0.0000e+00  1.9440e+10  0.0000e+00  8.6402e+09  0.0000e+00
23 0.0000e+00 0.0000e+00 0.0000e+00 0.0000e+00 0.0000e+00 0.0000e+00  0.0000e+00  0.0000e+00  0.0000e+00  0.0000e+00  0.0000e+00  0.0000e+00  0.0000e+00  7.7760e+10  0.0000e+00  0.0000e+00  0.0000e+00  4.3200e+10  0.0000e+00 -7.7760e+10  0.0000e+00  0.0000e+00  0.0000e+00  3.4560e+10

🔍 Modified F_global Vector:
             Force
DOF 0   0.0000e+00
DOF 1   0.0000e+00
DOF 2   0.0000e+00
DOF 3   0.0000e+00
DOF 4   0.0000e+00
DOF 5   0.0000e+00
DOF 6   0.0000e+00
DOF 7   0.0000e+00
DOF 8   0.0000e+00
DOF 9   0.0000e+00
DOF 10  0.0000e+00
DOF 11  0.0000e+00
DOF 12  0.0000e+00
DOF 13  0.0000e+00
DOF 14  0.0000e+00
DOF 15  0.0000e+00
DOF 16  0.0000e+00
DOF 17  0.0000e+00
DOF 18  0.0000e+00
DOF 19 -1.0000e+05
DOF 20  0.0000e+00
DOF 21  0.0000e+00
DOF 22  0.0000e+00
DOF 23  0.0000e+00
2025-05-06 15:47:55,418 - processing.static.boundary_conditions - INFO - 🔧 Applying fixed boundary conditions...
2025-05-06 15:47:55,419 - processing.static.boundary_conditions - INFO - 🔍 Fixed DOFs: [0 1 2 3 4 5]
2025-05-06 15:47:55,420 - processing.static.boundary_conditions - INFO - ✅ Fixed boundary conditions applied successfully.
