2025-05-06 15:47:55,285 - DEBUG - 🔧 Beginning displacement reconstruction.
2025-05-06 15:47:55,286 - DEBUG - 📌 Total DOFs in system: 24
2025-05-06 15:47:55,287 - DEBUG - 📌 Condensed DOFs count: 18
2025-05-06 15:47:55,288 - DEBUG - 📌 Active DOFs indices: [ 6  7  8  9 10 11 12 13 14 15 16 17 18 19 20 21 22 23]
2025-05-06 15:47:55,289 - DEBUG - 📐 Initialized global displacement array with zeros.
2025-05-06 15:47:55,289 - DEBUG - Mapped condensed displacement U_cond[0] = 0.000000e+00 to global DOF 6.
2025-05-06 15:47:55,289 - DEBUG - Mapped condensed displacement U_cond[1] = -8.487629e-05 to global DOF 7.
2025-05-06 15:47:55,291 - DEBUG - Mapped condensed displacement U_cond[2] = 0.000000e+00 to global DOF 8.
2025-05-06 15:47:55,295 - DEBUG - Mapped condensed displacement U_cond[3] = 0.000000e+00 to global DOF 9.
2025-05-06 15:47:55,296 - DEBUG - Mapped condensed displacement U_cond[4] = 0.000000e+00 to global DOF 10.
2025-05-06 15:47:55,296 - DEBUG - Mapped condensed displacement U_cond[5] = -1.967587e-04 to global DOF 11.
2025-05-06 15:47:55,297 - DEBUG - Mapped condensed displacement U_cond[6] = 0.000000e+00 to global DOF 12.
2025-05-06 15:47:55,297 - DEBUG - Mapped condensed displacement U_cond[7] = -3.317888e-04 to global DOF 13.
2025-05-06 15:47:55,298 - DEBUG - Mapped condensed displacement U_cond[8] = 0.000000e+00 to global DOF 14.
2025-05-06 15:47:55,298 - DEBUG - Mapped condensed displacement U_cond[9] = 0.000000e+00 to global DOF 15.
2025-05-06 15:47:55,299 - DEBUG - Mapped condensed displacement U_cond[10] = 0.000000e+00 to global DOF 16.
2025-05-06 15:47:55,300 - DEBUG - Mapped condensed displacement U_cond[11] = -3.124984e-04 to global DOF 17.
2025-05-06 15:47:55,300 - DEBUG - Mapped condensed displacement U_cond[12] = 0.000000e+00 to global DOF 18.
2025-05-06 15:47:55,301 - DEBUG - Mapped condensed displacement U_cond[13] = -6.597192e-04 to global DOF 19.
2025-05-06 15:47:55,302 - DEBUG - Mapped condensed displacement U_cond[14] = -0.000000e+00 to global DOF 20.
2025-05-06 15:47:55,303 - DEBUG - Mapped condensed displacement U_cond[15] = 0.000000e+00 to global DOF 21.
2025-05-06 15:47:55,303 - DEBUG - Mapped condensed displacement U_cond[16] = 0.000000e+00 to global DOF 22.
2025-05-06 15:47:55,304 - DEBUG - Mapped condensed displacement U_cond[17] = -3.472205e-04 to global DOF 23.
2025-05-06 15:47:55,305 - INFO - ✅ Successfully mapped all condensed displacements back to global vector.
2025-05-06 15:47:55,309 - DEBUG - 📝 Logged detailed DOF mapping.
2025-05-06 15:47:55,315 - INFO - 📘 Reconstruction log updated with structured displacement data.
05
   2 →    8: 0.000000e+00
   3 →    9: 0.000000e+00
   4 →   10: 0.000000e+00
   5 →   11: -1.967587e-04
   6 →   12: 0.000000e+00
   7 →   13: -3.317888e-04
   8 →   14: 0.000000e+00
   9 →   15: 0.000000e+00
  10 →   16: 0.000000e+00
  11 →   17: -3.124984e-04
  12 →   18: 0.000000e+00
  13 →   19: -6.597192e-04
  14 →   20: -0.000000e+00
  15 →   21: 0.000000e+00
  16 →   22: 0.000000e+00
  17 →   23: -3.472205e-04

📊 Full reconstructed displacement vector:
    Global DOF  Displacement
0            0  0.000000e+00
1            1  0.000000e+00
2            2  0.000000e+00
3            3  0.000000e+00
4            4  0.000000e+00
5            5  0.000000e+00
6            6  0.000000e+00
7            7 -8.487629e-05
8            8  0.000000e+00
9            9  0.000000e+00
10          10  0.000000e+00
11          11 -1.967587e-04
12          12  0.000000e+00
13          13 -3.317888e-04
14          14  0.000000e+00
15          15  0.000000e+00
16          16  0.000000e+00
17          17 -3.124984e-04
18          18  0.000000e+00
19          19 -6.597192e-04
20          20 -0.000000e+00
21          21  0.000000e+00
22          22  0.000000e+00
23          23 -3.472205e-04