Machine Specifications:
   - OS: Windows 11 (10.0.22631)
   - CPU: Intel64 Family 6 Model 151 Stepping 2, GenuineIntel (20 cores)
   - RAM: 31.24 GB
   - Python Version: 3.12.5

Job: job_0002
Timestamp (job start): 2025-03-17_10-25-45
Total Time: 4.11 sec

+-------------------------------+------------+---------------+-------------+-----------+
| Step                          |   Time (s) |   Memory (MB) |   Disk (GB) |   CPU (%) |
+===============================+============+===============+=============+===========+
| Parsing                       | 0.0111761  |       106.02  |     759.669 |         0 |
+-------------------------------+------------+---------------+-------------+-----------+
| Element Instantiation         | 0.00332212 |       106.062 |     759.669 |         0 |
+-------------------------------+------------+---------------+-------------+-----------+
| Element Stiffness Computation | 1.86505    |       106.355 |     759.675 |         0 |
+-------------------------------+------------+---------------+-------------+-----------+
| Element Force Computation     | 0.434912   |       106.375 |     759.676 |         0 |
+-------------------------------+------------+---------------+-------------+-----------+
| Setup Simulation              | 0          |       106.41  |     759.676 |         0 |
+-------------------------------+------------+---------------+-------------+-----------+
| Assemble Global Matrices      | 0.035553   |       108.559 |     759.676 |         0 |
+-------------------------------+------------+---------------+-------------+-----------+
| Modify Global Matrices        | 0.0478966  |       109.191 |     759.677 |         0 |
+-------------------------------+------------+---------------+-------------+-----------+
| Solve Linear Static System    | 0.479316   |       124.512 |     759.678 |         0 |
+-------------------------------+------------+---------------+-------------+-----------+
| Compute Primary Results       | 0.00409436 |       124.52  |     759.678 |         0 |
+-------------------------------+------------+---------------+-------------+-----------+
| Save Primary Results          | 0.100132   |       124.523 |     759.678 |         0 |
+-------------------------------+------------+---------------+-------------+-----------+

Parallel Jobs: job_0001, job_0003
Start Memory: 105.92 MB | End Memory: 124.52 MB
Start Disk Usage: 759.67 GB | End Disk Usage: 759.68 GB
Start CPU: 0.00% | End CPU: 0.00%
