Machine Specifications:
   - OS: Windows 11 (10.0.22631)
   - CPU: Intel64 Family 6 Model 151 Stepping 2, GenuineIntel (20 cores)
   - RAM: 31.24 GB
   - Python Version: 3.12.5

Job: job_0002
Timestamp (job start): 2025-04-30_18-05-48
Total Time: 4.10 sec

+-------------------------------+------------+---------------+-------------+-----------+
| Step                          |   Time (s) |   Memory (MB) |   Disk (GB) |   CPU (%) |
+===============================+============+===============+=============+===========+
| Parsing                       | 0.0410378  |       106.34  |     797.01  |         0 |
+-------------------------------+------------+---------------+-------------+-----------+
| Element Instantiation         | 0.0040102  |       106.383 |     797.01  |         0 |
+-------------------------------+------------+---------------+-------------+-----------+
| Element Stiffness Computation | 1.89612    |       106.785 |     797.017 |         0 |
+-------------------------------+------------+---------------+-------------+-----------+
| Element Force Computation     | 0.406707   |       106.824 |     797.018 |         0 |
+-------------------------------+------------+---------------+-------------+-----------+
| Setup Simulation              | 0          |       106.859 |     797.018 |         0 |
+-------------------------------+------------+---------------+-------------+-----------+
| Assemble Global Matrices      | 0.0312662  |       108.902 |     797.018 |         0 |
+-------------------------------+------------+---------------+-------------+-----------+
| Modify Global Matrices        | 0.0398126  |       109.555 |     797.019 |         0 |
+-------------------------------+------------+---------------+-------------+-----------+
| Solve Linear Static System    | 0.469407   |       124.641 |     797.02  |         0 |
+-------------------------------+------------+---------------+-------------+-----------+
| Compute Primary Results       | 0.00322986 |       124.711 |     797.02  |         0 |
+-------------------------------+------------+---------------+-------------+-----------+
| Save Primary Results          | 0.0841823  |       124.758 |     797.02  |         0 |
+-------------------------------+------------+---------------+-------------+-----------+

Parallel Jobs: job_0007, job_0008, job_0009, job_0001
Start Memory: 106.23 MB | End Memory: 124.76 MB
Start Disk Usage: 797.01 GB | End Disk Usage: 797.02 GB
Start CPU: 0.00% | End CPU: 0.00%
