Machine Specifications:
   - OS: Windows 11 (10.0.22631)
   - CPU: Intel64 Family 6 Model 151 Stepping 2, GenuineIntel (20 cores)
   - RAM: 31.24 GB
   - Python Version: 3.12.5

Job: job_0004
Timestamp (job start): 2025-04-25_14-49-29
Total Time: 7.19 sec

+-------------------------------+------------+---------------+-------------+-----------+
| Step                          |   Time (s) |   Memory (MB) |   Disk (GB) |   CPU (%) |
+===============================+============+===============+=============+===========+
| Parsing                       | 0.017343   |       106.453 |     798.588 |         0 |
+-------------------------------+------------+---------------+-------------+-----------+
| Element Instantiation         | 0.00251198 |       106.5   |     798.588 |         0 |
+-------------------------------+------------+---------------+-------------+-----------+
| Element Stiffness Computation | 2.0554     |       106.711 |     798.595 |         0 |
+-------------------------------+------------+---------------+-------------+-----------+
| Element Force Computation     | 3.3481     |       106.758 |     798.599 |         0 |
+-------------------------------+------------+---------------+-------------+-----------+
| Setup Simulation              | 0          |       106.789 |     798.6   |         0 |
+-------------------------------+------------+---------------+-------------+-----------+
| Assemble Global Matrices      | 0.0305276  |       108.844 |     798.6   |         0 |
+-------------------------------+------------+---------------+-------------+-----------+
| Modify Global Matrices        | 0.0562236  |       109.508 |     798.6   |         0 |
+-------------------------------+------------+---------------+-------------+-----------+
| Solve Linear Static System    | 0.457407   |       124.516 |     798.6   |         0 |
+-------------------------------+------------+---------------+-------------+-----------+
| Compute Primary Results       | 0.0030067  |       124.52  |     798.601 |         0 |
+-------------------------------+------------+---------------+-------------+-----------+
| Save Primary Results          | 0.0772388  |       124.605 |     798.601 |         0 |
+-------------------------------+------------+---------------+-------------+-----------+

Parallel Jobs: job_0007, job_0008, job_0009, job_0001, job_0002, job_0003, job_0005, job_0006
Start Memory: 106.25 MB | End Memory: 124.61 MB
Start Disk Usage: 798.59 GB | End Disk Usage: 798.60 GB
Start CPU: 0.00% | End CPU: 0.00%
