Machine Specifications:
   - OS: Windows 10 (10.0.19045)
   - CPU: Intel64 Family 6 Model 94 Stepping 3, GenuineIntel (4 cores)
   - RAM: 15.96 GB
   - Python Version: 3.11.0

Job: job_0002
Timestamp (job start): 2025-04-08_17-27-14
Total Time: 4.27 sec

+-------------------------------+-------------+---------------+-------------+-----------+
| Step                          |    Time (s) |   Memory (MB) |   Disk (GB) |   CPU (%) |
+===============================+=============+===============+=============+===========+
| Parsing                       | 0.000977755 |       101.152 |     336.723 |         0 |
+-------------------------------+-------------+---------------+-------------+-----------+
| Element Instantiation         | 0.00518179  |       101.184 |     336.723 |         0 |
+-------------------------------+-------------+---------------+-------------+-----------+
| Element Stiffness Computation | 2.18805     |       101.773 |     336.727 |         0 |
+-------------------------------+-------------+---------------+-------------+-----------+
| Element Force Computation     | 0.0339088   |       101.801 |     336.727 |         0 |
+-------------------------------+-------------+---------------+-------------+-----------+
| Setup Simulation              | 0           |       101.828 |     336.728 |         0 |
+-------------------------------+-------------+---------------+-------------+-----------+
| Assemble Global Matrices      | 0.0999677   |       103.77  |     336.728 |         0 |
+-------------------------------+-------------+---------------+-------------+-----------+
| Modify Global Matrices        | 0.0728059   |       104.418 |     336.729 |         0 |
+-------------------------------+-------------+---------------+-------------+-----------+
| Solve Linear Static System    | 0.673212    |       121.023 |     336.73  |         0 |
+-------------------------------+-------------+---------------+-------------+-----------+
| Compute Primary Results       | 0.0329111   |       121.035 |     336.73  |         0 |
+-------------------------------+-------------+---------------+-------------+-----------+
| Save Primary Results          | 0.018949    |       121.129 |     336.73  |         0 |
+-------------------------------+-------------+---------------+-------------+-----------+

Parallel Jobs: job_0001, job_0003
Start Memory: 101.07 MB | End Memory: 121.13 MB
Start Disk Usage: 336.72 GB | End Disk Usage: 336.73 GB
Start CPU: 0.00% | End CPU: 0.00%
