2025-07-09 02:32:17,124 [DEBUG]: 🟢 ElementFactory logger initialised.
2025-07-09 02:32:17,124 [INFO]: 🚩 Starting batch element creation.
2025-07-09 02:32:17,125 [DEBUG]: Element IDs sanitised: [0, 1, 2, 3, 4, 5, 6, 7, 8, 9, 10, 11, 12, 13, 14, 15, 16, 17, 18, 19, 20, 21, 22, 23, 24, 25, 26, 27, 28, 29, 30, 31, 32, 33, 34, 35, 36, 37, 38, 39, 40, 41, 42, 43, 44, 45, 46, 47, 48, 49, 50, 51, 52, 53, 54, 55, 56, 57, 58, 59, 60, 61, 62, 63, 64, 65, 66, 67, 68, 69, 70, 71, 72, 73, 74, 75, 76, 77, 78, 79, 80, 81, 82, 83, 84, 85, 86, 87, 88, 89, 90, 91, 92, 93, 94, 95, 96, 97, 98, 99]
2025-07-09 02:32:17,125 [DEBUG]: Module for EulerBernoulliBeamElement3D loaded.
2025-07-09 02:32:17,129 [DEBUG]: ✅ Element 0 (EulerBernoulliBeamElement3D) instantiated.
2025-07-09 02:32:17,129 [DEBUG]: ✅ Element 1 (EulerBernoulliBeamElement3D) instantiated.
2025-07-09 02:32:17,131 [DEBUG]: ✅ Element 2 (EulerBernoulliBeamElement3D) instantiated.
2025-07-09 02:32:17,133 [DEBUG]: ✅ Element 3 (EulerBernoulliBeamElement3D) instantiated.
2025-07-09 02:32:17,134 [DEBUG]: ✅ Element 4 (EulerBernoulliBeamElement3D) instantiated.
2025-07-09 02:32:17,135 [DEBUG]: ✅ Element 5 (EulerBernoulliBeamElement3D) instantiated.
2025-07-09 02:32:17,137 [DEBUG]: ✅ Element 6 (EulerBernoulliBeamElement3D) instantiated.
2025-07-09 02:32:17,139 [DEBUG]: ✅ Element 7 (EulerBernoulliBeamElement3D) instantiated.
2025-07-09 02:32:17,139 [DEBUG]: ✅ Element 8 (EulerBernoulliBeamElement3D) instantiated.
2025-07-09 02:32:17,142 [DEBUG]: ✅ Element 9 (EulerBernoulliBeamElement3D) instantiated.
2025-07-09 02:32:17,143 [DEBUG]: ✅ Element 10 (EulerBernoulliBeamElement3D) instantiated.
2025-07-09 02:32:17,144 [DEBUG]: ✅ Element 11 (EulerBernoulliBeamElement3D) instantiated.
2025-07-09 02:32:17,146 [DEBUG]: ✅ Element 12 (EulerBernoulliBeamElement3D) instantiated.
2025-07-09 02:32:17,147 [DEBUG]: ✅ Element 13 (EulerBernoulliBeamElement3D) instantiated.
2025-07-09 02:32:17,149 [DEBUG]: ✅ Element 14 (EulerBernoulliBeamElement3D) instantiated.
2025-07-09 02:32:17,150 [DEBUG]: ✅ Element 15 (EulerBernoulliBeamElement3D) instantiated.
2025-07-09 02:32:17,151 [DEBUG]: ✅ Element 16 (EulerBernoulliBeamElement3D) instantiated.
2025-07-09 02:32:17,153 [DEBUG]: ✅ Element 17 (EulerBernoulliBeamElement3D) instantiated.
2025-07-09 02:32:17,155 [DEBUG]: ✅ Element 18 (EulerBernoulliBeamElement3D) instantiated.
2025-07-09 02:32:17,157 [DEBUG]: ✅ Element 19 (EulerBernoulliBeamElement3D) instantiated.
2025-07-09 02:32:17,158 [DEBUG]: ✅ Element 20 (EulerBernoulliBeamElement3D) instantiated.
2025-07-09 02:32:17,159 [DEBUG]: ✅ Element 21 (EulerBernoulliBeamElement3D) instantiated.
2025-07-09 02:32:17,162 [DEBUG]: ✅ Element 22 (EulerBernoulliBeamElement3D) instantiated.
2025-07-09 02:32:17,163 [DEBUG]: ✅ Element 23 (EulerBernoulliBeamElement3D) instantiated.
2025-07-09 02:32:17,164 [DEBUG]: ✅ Element 24 (EulerBernoulliBeamElement3D) instantiated.
2025-07-09 02:32:17,166 [DEBUG]: ✅ Element 25 (EulerBernoulliBeamElement3D) instantiated.
2025-07-09 02:32:17,167 [DEBUG]: ✅ Element 26 (EulerBernoulliBeamElement3D) instantiated.
2025-07-09 02:32:17,168 [DEBUG]: ✅ Element 27 (EulerBernoulliBeamElement3D) instantiated.
2025-07-09 02:32:17,169 [DEBUG]: ✅ Element 28 (EulerBernoulliBeamElement3D) instantiated.
2025-07-09 02:32:17,171 [DEBUG]: ✅ Element 29 (EulerBernoulliBeamElement3D) instantiated.
2025-07-09 02:32:17,173 [DEBUG]: ✅ Element 30 (EulerBernoulliBeamElement3D) instantiated.
2025-07-09 02:32:17,174 [DEBUG]: ✅ Element 31 (EulerBernoulliBeamElement3D) instantiated.
2025-07-09 02:32:17,175 [DEBUG]: ✅ Element 32 (EulerBernoulliBeamElement3D) instantiated.
2025-07-09 02:32:17,176 [DEBUG]: ✅ Element 33 (EulerBernoulliBeamElement3D) instantiated.
2025-07-09 02:32:17,178 [DEBUG]: ✅ Element 34 (EulerBernoulliBeamElement3D) instantiated.
2025-07-09 02:32:17,180 [DEBUG]: ✅ Element 35 (EulerBernoulliBeamElement3D) instantiated.
2025-07-09 02:32:17,181 [DEBUG]: ✅ Element 36 (EulerBernoulliBeamElement3D) instantiated.
2025-07-09 02:32:17,183 [DEBUG]: ✅ Element 37 (EulerBernoulliBeamElement3D) instantiated.
2025-07-09 02:32:17,184 [DEBUG]: ✅ Element 38 (EulerBernoulliBeamElement3D) instantiated.
2025-07-09 02:32:17,186 [DEBUG]: ✅ Element 39 (EulerBernoulliBeamElement3D) instantiated.
2025-07-09 02:32:17,187 [DEBUG]: ✅ Element 40 (EulerBernoulliBeamElement3D) instantiated.
2025-07-09 02:32:17,187 [DEBUG]: ✅ Element 41 (EulerBernoulliBeamElement3D) instantiated.
2025-07-09 02:32:17,189 [DEBUG]: ✅ Element 42 (EulerBernoulliBeamElement3D) instantiated.
2025-07-09 02:32:17,191 [DEBUG]: ✅ Element 43 (EulerBernoulliBeamElement3D) instantiated.
2025-07-09 02:32:17,193 [DEBUG]: ✅ Element 44 (EulerBernoulliBeamElement3D) instantiated.
2025-07-09 02:32:17,194 [DEBUG]: ✅ Element 45 (EulerBernoulliBeamElement3D) instantiated.
2025-07-09 02:32:17,195 [DEBUG]: ✅ Element 46 (EulerBernoulliBeamElement3D) instantiated.
2025-07-09 02:32:17,197 [DEBUG]: ✅ Element 47 (EulerBernoulliBeamElement3D) instantiated.
2025-07-09 02:32:17,199 [DEBUG]: ✅ Element 48 (EulerBernoulliBeamElement3D) instantiated.
2025-07-09 02:32:17,199 [DEBUG]: ✅ Element 49 (EulerBernoulliBeamElement3D) instantiated.
2025-07-09 02:32:17,201 [DEBUG]: ✅ Element 50 (EulerBernoulliBeamElement3D) instantiated.
2025-07-09 02:32:17,202 [DEBUG]: ✅ Element 51 (EulerBernoulliBeamElement3D) instantiated.
2025-07-09 02:32:17,203 [DEBUG]: ✅ Element 52 (EulerBernoulliBeamElement3D) instantiated.
2025-07-09 02:32:17,204 [DEBUG]: ✅ Element 53 (EulerBernoulliBeamElement3D) instantiated.
2025-07-09 02:32:17,207 [DEBUG]: ✅ Element 54 (EulerBernoulliBeamElement3D) instantiated.
2025-07-09 02:32:17,209 [DEBUG]: ✅ Element 55 (EulerBernoulliBeamElement3D) instantiated.
2025-07-09 02:32:17,210 [DEBUG]: ✅ Element 56 (EulerBernoulliBeamElement3D) instantiated.
2025-07-09 02:32:17,212 [DEBUG]: ✅ Element 57 (EulerBernoulliBeamElement3D) instantiated.
2025-07-09 02:32:17,213 [DEBUG]: ✅ Element 58 (EulerBernoulliBeamElement3D) instantiated.
2025-07-09 02:32:17,214 [DEBUG]: ✅ Element 59 (EulerBernoulliBeamElement3D) instantiated.
2025-07-09 02:32:17,215 [DEBUG]: ✅ Element 60 (EulerBernoulliBeamElement3D) instantiated.
2025-07-09 02:32:17,216 [DEBUG]: ✅ Element 61 (EulerBernoulliBeamElement3D) instantiated.
2025-07-09 02:32:17,217 [DEBUG]: ✅ Element 62 (EulerBernoulliBeamElement3D) instantiated.
2025-07-09 02:32:17,219 [DEBUG]: ✅ Element 63 (EulerBernoulliBeamElement3D) instantiated.
2025-07-09 02:32:17,221 [DEBUG]: ✅ Element 64 (EulerBernoulliBeamElement3D) instantiated.
2025-07-09 02:32:17,221 [DEBUG]: ✅ Element 65 (EulerBernoulliBeamElement3D) instantiated.
2025-07-09 02:32:17,224 [DEBUG]: ✅ Element 66 (EulerBernoulliBeamElement3D) instantiated.
2025-07-09 02:32:17,225 [DEBUG]: ✅ Element 67 (EulerBernoulliBeamElement3D) instantiated.
2025-07-09 02:32:17,226 [DEBUG]: ✅ Element 68 (EulerBernoulliBeamElement3D) instantiated.
2025-07-09 02:32:17,227 [DEBUG]: ✅ Element 69 (EulerBernoulliBeamElement3D) instantiated.
2025-07-09 02:32:17,228 [DEBUG]: ✅ Element 70 (EulerBernoulliBeamElement3D) instantiated.
2025-07-09 02:32:17,229 [DEBUG]: ✅ Element 71 (EulerBernoulliBeamElement3D) instantiated.
2025-07-09 02:32:17,232 [DEBUG]: ✅ Element 72 (EulerBernoulliBeamElement3D) instantiated.
2025-07-09 02:32:17,233 [DEBUG]: ✅ Element 73 (EulerBernoulliBeamElement3D) instantiated.
2025-07-09 02:32:17,235 [DEBUG]: ✅ Element 74 (EulerBernoulliBeamElement3D) instantiated.
2025-07-09 02:32:17,236 [DEBUG]: ✅ Element 75 (EulerBernoulliBeamElement3D) instantiated.
2025-07-09 02:32:17,237 [DEBUG]: ✅ Element 76 (EulerBernoulliBeamElement3D) instantiated.
2025-07-09 02:32:17,238 [DEBUG]: ✅ Element 77 (EulerBernoulliBeamElement3D) instantiated.
2025-07-09 02:32:17,240 [DEBUG]: ✅ Element 78 (EulerBernoulliBeamElement3D) instantiated.
2025-07-09 02:32:17,241 [DEBUG]: ✅ Element 79 (EulerBernoulliBeamElement3D) instantiated.
2025-07-09 02:32:17,242 [DEBUG]: ✅ Element 80 (EulerBernoulliBeamElement3D) instantiated.
2025-07-09 02:32:17,244 [DEBUG]: ✅ Element 81 (EulerBernoulliBeamElement3D) instantiated.
2025-07-09 02:32:17,246 [DEBUG]: ✅ Element 82 (EulerBernoulliBeamElement3D) instantiated.
2025-07-09 02:32:17,247 [DEBUG]: ✅ Element 83 (EulerBernoulliBeamElement3D) instantiated.
2025-07-09 02:32:17,248 [DEBUG]: ✅ Element 84 (EulerBernoulliBeamElement3D) instantiated.
2025-07-09 02:32:17,249 [DEBUG]: ✅ Element 85 (EulerBernoulliBeamElement3D) instantiated.
2025-07-09 02:32:17,252 [DEBUG]: ✅ Element 86 (EulerBernoulliBeamElement3D) instantiated.
2025-07-09 02:32:17,253 [DEBUG]: ✅ Element 87 (EulerBernoulliBeamElement3D) instantiated.
2025-07-09 02:32:17,254 [DEBUG]: ✅ Element 88 (EulerBernoulliBeamElement3D) instantiated.
2025-07-09 02:32:17,256 [DEBUG]: ✅ Element 89 (EulerBernoulliBeamElement3D) instantiated.
2025-07-09 02:32:17,258 [DEBUG]: ✅ Element 90 (EulerBernoulliBeamElement3D) instantiated.
2025-07-09 02:32:17,259 [DEBUG]: ✅ Element 91 (EulerBernoulliBeamElement3D) instantiated.
2025-07-09 02:32:17,260 [DEBUG]: ✅ Element 92 (EulerBernoulliBeamElement3D) instantiated.
2025-07-09 02:32:17,261 [DEBUG]: ✅ Element 93 (EulerBernoulliBeamElement3D) instantiated.
2025-07-09 02:32:17,263 [DEBUG]: ✅ Element 94 (EulerBernoulliBeamElement3D) instantiated.
2025-07-09 02:32:17,264 [DEBUG]: ✅ Element 95 (EulerBernoulliBeamElement3D) instantiated.
2025-07-09 02:32:17,265 [DEBUG]: ✅ Element 96 (EulerBernoulliBeamElement3D) instantiated.
2025-07-09 02:32:17,266 [DEBUG]: ✅ Element 97 (EulerBernoulliBeamElement3D) instantiated.
2025-07-09 02:32:17,268 [DEBUG]: ✅ Element 98 (EulerBernoulliBeamElement3D) instantiated.
2025-07-09 02:32:17,270 [DEBUG]: ✅ Element 99 (EulerBernoulliBeamElement3D) instantiated.
2025-07-09 02:32:17,275 [DEBUG]: Logging verified for element 0.
2025-07-09 02:32:17,282 [DEBUG]: Logging verified for element 1.
2025-07-09 02:32:17,287 [DEBUG]: Logging verified for element 2.
2025-07-09 02:32:17,294 [DEBUG]: Logging verified for element 3.
2025-07-09 02:32:17,299 [DEBUG]: Logging verified for element 4.
2025-07-09 02:32:17,307 [DEBUG]: Logging verified for element 5.
2025-07-09 02:32:17,312 [DEBUG]: Logging verified for element 6.
2025-07-09 02:32:17,319 [DEBUG]: Logging verified for element 7.
2025-07-09 02:32:17,325 [DEBUG]: Logging verified for element 8.
2025-07-09 02:32:17,331 [DEBUG]: Logging verified for element 9.
2025-07-09 02:32:17,337 [DEBUG]: Logging verified for element 10.
2025-07-09 02:32:17,342 [DEBUG]: Logging verified for element 11.
2025-07-09 02:32:17,348 [DEBUG]: Logging verified for element 12.
2025-07-09 02:32:17,354 [DEBUG]: Logging verified for element 13.
2025-07-09 02:32:17,361 [DEBUG]: Logging verified for element 14.
2025-07-09 02:32:17,366 [DEBUG]: Logging verified for element 15.
2025-07-09 02:32:17,373 [DEBUG]: Logging verified for element 16.
2025-07-09 02:32:17,377 [DEBUG]: Logging verified for element 17.
2025-07-09 02:32:17,383 [DEBUG]: Logging verified for element 18.
2025-07-09 02:32:17,390 [DEBUG]: Logging verified for element 19.
2025-07-09 02:32:17,395 [DEBUG]: Logging verified for element 20.
2025-07-09 02:32:17,401 [DEBUG]: Logging verified for element 21.
2025-07-09 02:32:17,408 [DEBUG]: Logging verified for element 22.
2025-07-09 02:32:17,412 [DEBUG]: Logging verified for element 23.
2025-07-09 02:32:17,418 [DEBUG]: Logging verified for element 24.
2025-07-09 02:32:17,424 [DEBUG]: Logging verified for element 25.
2025-07-09 02:32:17,430 [DEBUG]: Logging verified for element 26.
2025-07-09 02:32:17,435 [DEBUG]: Logging verified for element 27.
2025-07-09 02:32:17,441 [DEBUG]: Logging verified for element 28.
2025-07-09 02:32:17,447 [DEBUG]: Logging verified for element 29.
2025-07-09 02:32:17,453 [DEBUG]: Logging verified for element 30.
2025-07-09 02:32:17,458 [DEBUG]: Logging verified for element 31.
2025-07-09 02:32:17,464 [DEBUG]: Logging verified for element 32.
2025-07-09 02:32:17,470 [DEBUG]: Logging verified for element 33.
2025-07-09 02:32:17,475 [DEBUG]: Logging verified for element 34.
2025-07-09 02:32:17,481 [DEBUG]: Logging verified for element 35.
2025-07-09 02:32:17,487 [DEBUG]: Logging verified for element 36.
2025-07-09 02:32:17,492 [DEBUG]: Logging verified for element 37.
2025-07-09 02:32:17,497 [DEBUG]: Logging verified for element 38.
2025-07-09 02:32:17,503 [DEBUG]: Logging verified for element 39.
2025-07-09 02:32:17,509 [DEBUG]: Logging verified for element 40.
2025-07-09 02:32:17,515 [DEBUG]: Logging verified for element 41.
2025-07-09 02:32:17,521 [DEBUG]: Logging verified for element 42.
2025-07-09 02:32:17,526 [DEBUG]: Logging verified for element 43.
2025-07-09 02:32:17,534 [DEBUG]: Logging verified for element 44.
2025-07-09 02:32:17,540 [DEBUG]: Logging verified for element 45.
2025-07-09 02:32:17,545 [DEBUG]: Logging verified for element 46.
2025-07-09 02:32:17,551 [DEBUG]: Logging verified for element 47.
2025-07-09 02:32:17,557 [DEBUG]: Logging verified for element 48.
2025-07-09 02:32:17,564 [DEBUG]: Logging verified for element 49.
2025-07-09 02:32:17,569 [DEBUG]: Logging verified for element 50.
2025-07-09 02:32:17,576 [DEBUG]: Logging verified for element 51.
2025-07-09 02:32:17,582 [DEBUG]: Logging verified for element 52.
2025-07-09 02:32:17,588 [DEBUG]: Logging verified for element 53.
2025-07-09 02:32:17,593 [DEBUG]: Logging verified for element 54.
2025-07-09 02:32:17,599 [DEBUG]: Logging verified for element 55.
2025-07-09 02:32:17,605 [DEBUG]: Logging verified for element 56.
2025-07-09 02:32:17,611 [DEBUG]: Logging verified for element 57.
2025-07-09 02:32:17,618 [DEBUG]: Logging verified for element 58.
2025-07-09 02:32:17,624 [DEBUG]: Logging verified for element 59.
2025-07-09 02:32:17,630 [DEBUG]: Logging verified for element 60.
2025-07-09 02:32:17,635 [DEBUG]: Logging verified for element 61.
2025-07-09 02:32:17,641 [DEBUG]: Logging verified for element 62.
2025-07-09 02:32:17,647 [DEBUG]: Logging verified for element 63.
2025-07-09 02:32:17,653 [DEBUG]: Logging verified for element 64.
2025-07-09 02:32:17,658 [DEBUG]: Logging verified for element 65.
2025-07-09 02:32:17,664 [DEBUG]: Logging verified for element 66.
2025-07-09 02:32:17,669 [DEBUG]: Logging verified for element 67.
2025-07-09 02:32:17,676 [DEBUG]: Logging verified for element 68.
2025-07-09 02:32:17,682 [DEBUG]: Logging verified for element 69.
2025-07-09 02:32:17,688 [DEBUG]: Logging verified for element 70.
2025-07-09 02:32:17,693 [DEBUG]: Logging verified for element 71.
2025-07-09 02:32:17,699 [DEBUG]: Logging verified for element 72.
2025-07-09 02:32:17,704 [DEBUG]: Logging verified for element 73.
2025-07-09 02:32:17,713 [DEBUG]: Logging verified for element 74.
2025-07-09 02:32:17,718 [DEBUG]: Logging verified for element 75.
2025-07-09 02:32:17,724 [DEBUG]: Logging verified for element 76.
2025-07-09 02:32:17,729 [DEBUG]: Logging verified for element 77.
2025-07-09 02:32:17,735 [DEBUG]: Logging verified for element 78.
2025-07-09 02:32:17,741 [DEBUG]: Logging verified for element 79.
2025-07-09 02:32:17,747 [DEBUG]: Logging verified for element 80.
2025-07-09 02:32:17,752 [DEBUG]: Logging verified for element 81.
2025-07-09 02:32:17,759 [DEBUG]: Logging verified for element 82.
2025-07-09 02:32:17,766 [DEBUG]: Logging verified for element 83.
2025-07-09 02:32:17,773 [DEBUG]: Logging verified for element 84.
2025-07-09 02:32:17,779 [DEBUG]: Logging verified for element 85.
2025-07-09 02:32:17,785 [DEBUG]: Logging verified for element 86.
2025-07-09 02:32:17,789 [DEBUG]: Logging verified for element 87.
2025-07-09 02:32:17,796 [DEBUG]: Logging verified for element 88.
2025-07-09 02:32:17,802 [DEBUG]: Logging verified for element 89.
2025-07-09 02:32:17,809 [DEBUG]: Logging verified for element 90.
2025-07-09 02:32:17,814 [DEBUG]: Logging verified for element 91.
2025-07-09 02:32:17,821 [DEBUG]: Logging verified for element 92.
2025-07-09 02:32:17,826 [DEBUG]: Logging verified for element 93.
2025-07-09 02:32:17,832 [DEBUG]: Logging verified for element 94.
2025-07-09 02:32:17,838 [DEBUG]: Logging verified for element 95.
2025-07-09 02:32:17,843 [DEBUG]: Logging verified for element 96.
2025-07-09 02:32:17,849 [DEBUG]: Logging verified for element 97.
2025-07-09 02:32:17,859 [DEBUG]: Logging verified for element 98.
2025-07-09 02:32:17,865 [DEBUG]: Logging verified for element 99.
2025-07-09 02:32:17,865 [INFO]: ✅ Batch element creation complete.
