Machine Specifications:
   - OS: Windows 11 (10.0.22631)
   - CPU: 12th Gen Intel(R) Core(TM) i7-12700
       • Logical cores: 20
       • Physical cores: 12
   - RAM: 31.24 GB
   - Disk: 3071.87 GB total, 2257.59 GB free
   - Python Version: 3.12.5 (C:\Users\s1834431\AppData\Local\Programs\Python\Python312\python.exe)
   - GPU(s): Intel(R) UHD Graphics 770

Job: job_0004
Timestamp (job start): 2025-07-09_02-32-43-768432
Total Time: 23.88 sec

+-------------------------------+------------+---------------+-------------+-----------+
| Step                          |   Time (s) |   Memory (MB) |   Disk (GB) |   CPU (%) |
+===============================+============+===============+=============+===========+
| Parsing                       |  0.0257695 |       68.2461 |     814.257 |         0 |
+-------------------------------+------------+---------------+-------------+-----------+
| Element Instantiation         |  1.12038   |       97.6133 |     814.258 |         0 |
+-------------------------------+------------+---------------+-------------+-----------+
| Element Stiffness Computation |  1.08616   |       98.1484 |     814.269 |         0 |
+-------------------------------+------------+---------------+-------------+-----------+
| Element Force Computation     |  0.717605  |       98.457  |     814.271 |         0 |
+-------------------------------+------------+---------------+-------------+-----------+
| Full Simulation               | 20.3176    |      128.203  |     814.279 |         0 |
+-------------------------------+------------+---------------+-------------+-----------+

Parallel Jobs: job_0003, job_0002, job_0001, job_0006
Start Memory: 67.91 MB | End Memory: 128.20 MB
Start Disk Usage: 814.26 GB | End Disk Usage: 814.28 GB
Start CPU: 0.00% | End CPU: 0.00%
