2025-06-16 17:05:56,944 [DEBUG] 📁 Log file created at: \\mull.sms.ed.ac.uk\home\s1834431\Win7\Desktop\fem_model\post_processing\results\job_0009_2025-06-16_17-05-54-654914_pid62308_19dd4b87\logs\AssembleGlobalSystem.log (Module: assembly, Line: 90)
2025-06-16 17:05:56,945 [INFO] 🔧 Starting global matrix assembly... (Module: assembly, Line: 106)
2025-06-16 17:05:56,946 [DEBUG] Element 0 DOF mapping validated (Module: assembly, Line: 177)
2025-06-16 17:05:56,948 [DEBUG] Element 1 DOF mapping validated (Module: assembly, Line: 177)
2025-06-16 17:05:56,949 [DEBUG] Element 2 DOF mapping validated (Module: assembly, Line: 177)
2025-06-16 17:05:56,951 [DEBUG] 
✅ DOF Mappings Summary:
 Element ID                              Local DOF                                       Global DOF
          0 [0, 1, 2, 3, 4, 5, 6, 7, 8, 9, 10, 11]           [0, 1, 2, 3, 4, 5, 6, 7, 8, 9, 10, 11]
          1 [0, 1, 2, 3, 4, 5, 6, 7, 8, 9, 10, 11]     [6, 7, 8, 9, 10, 11, 12, 13, 14, 15, 16, 17]
          2 [0, 1, 2, 3, 4, 5, 6, 7, 8, 9, 10, 11] [12, 13, 14, 15, 16, 17, 18, 19, 20, 21, 22, 23] (Module: assembly, Line: 197)
2025-06-16 17:05:56,964 [INFO] 🗂️ DOF mapping saved to: \\mull.sms.ed.ac.uk\home\s1834431\Win7\Desktop\fem_model\post_processing\results\job_0009_2025-06-16_17-05-54-654914_pid62308_19dd4b87\maps\01_assembly_map.csv (Module: assembly, Line: 207)
2025-06-16 17:05:56,965 [INFO] 🧾 System Info:
  Total DOFs: 24
  Number of elements: 3
  Symmetry tolerance: 1.0e-08 (Module: assembly, Line: 335)
2025-06-16 17:05:56,966 [INFO] ✅ Stiffness matrix assembled (Module: assembly, Line: 239)
2025-06-16 17:05:56,967 [INFO] ✅ Force vector assembled (Module: assembly, Line: 268)
2025-06-16 17:05:56,968 [INFO] Global Stiffness Matrix:
  Non-zero entries: 40
  Symmetry: True
  Norm: 2.505e+11 (Module: assembly, Line: 355)
2025-06-16 17:05:56,971 [DEBUG] 
Full Stiffness Matrix (Dense):
Col        0         1         2         3        4        5         6         7         8         9        10       11        12        13        14        15       16       17        18        19        20        21       22       23
Row                                                                                                                                                                                                                                        
0    6.00e+09  0.00e+00  0.00e+00  0.00e+00 0.00e+00 0.00e+00 -6.00e+09  0.00e+00  0.00e+00  0.00e+00 0.00e+00 0.00e+00  0.00e+00  0.00e+00  0.00e+00  0.00e+00 0.00e+00 0.00e+00  0.00e+00  0.00e+00  0.00e+00  0.00e+00 0.00e+00 0.00e+00
1    0.00e+00  1.51e+10  0.00e+00  0.00e+00 0.00e+00 0.00e+00  0.00e+00 -1.51e+10  0.00e+00  0.00e+00 0.00e+00 0.00e+00  0.00e+00  0.00e+00  0.00e+00  0.00e+00 0.00e+00 0.00e+00  0.00e+00  0.00e+00  0.00e+00  0.00e+00 0.00e+00 0.00e+00
2    0.00e+00  0.00e+00  6.05e+10  0.00e+00 0.00e+00 0.00e+00  0.00e+00  0.00e+00 -6.05e+10  0.00e+00 0.00e+00 0.00e+00  0.00e+00  0.00e+00  0.00e+00  0.00e+00 0.00e+00 0.00e+00  0.00e+00  0.00e+00  0.00e+00  0.00e+00 0.00e+00 0.00e+00
3    0.00e+00  0.00e+00  0.00e+00  1.97e+06 0.00e+00 0.00e+00  0.00e+00  0.00e+00  0.00e+00 -1.97e+06 0.00e+00 0.00e+00  0.00e+00  0.00e+00  0.00e+00  0.00e+00 0.00e+00 0.00e+00  0.00e+00  0.00e+00  0.00e+00  0.00e+00 0.00e+00 0.00e+00
4    0.00e+00  0.00e+00  0.00e+00  0.00e+00 0.00e+00 0.00e+00  0.00e+00  0.00e+00  0.00e+00  0.00e+00 0.00e+00 0.00e+00  0.00e+00  0.00e+00  0.00e+00  0.00e+00 0.00e+00 0.00e+00  0.00e+00  0.00e+00  0.00e+00  0.00e+00 0.00e+00 0.00e+00
5    0.00e+00  0.00e+00  0.00e+00  0.00e+00 0.00e+00 0.00e+00  0.00e+00  0.00e+00  0.00e+00  0.00e+00 0.00e+00 0.00e+00  0.00e+00  0.00e+00  0.00e+00  0.00e+00 0.00e+00 0.00e+00  0.00e+00  0.00e+00  0.00e+00  0.00e+00 0.00e+00 0.00e+00
6   -6.00e+09  0.00e+00  0.00e+00  0.00e+00 0.00e+00 0.00e+00  1.20e+10  0.00e+00  0.00e+00  0.00e+00 0.00e+00 0.00e+00 -6.00e+09  0.00e+00  0.00e+00  0.00e+00 0.00e+00 0.00e+00  0.00e+00  0.00e+00  0.00e+00  0.00e+00 0.00e+00 0.00e+00
7    0.00e+00 -1.51e+10  0.00e+00  0.00e+00 0.00e+00 0.00e+00  0.00e+00  3.02e+10  0.00e+00  0.00e+00 0.00e+00 0.00e+00  0.00e+00 -1.51e+10  0.00e+00  0.00e+00 0.00e+00 0.00e+00  0.00e+00  0.00e+00  0.00e+00  0.00e+00 0.00e+00 0.00e+00
8    0.00e+00  0.00e+00 -6.05e+10  0.00e+00 0.00e+00 0.00e+00  0.00e+00  0.00e+00  1.21e+11  0.00e+00 0.00e+00 0.00e+00  0.00e+00  0.00e+00 -6.05e+10  0.00e+00 0.00e+00 0.00e+00  0.00e+00  0.00e+00  0.00e+00  0.00e+00 0.00e+00 0.00e+00
9    0.00e+00  0.00e+00  0.00e+00 -1.97e+06 0.00e+00 0.00e+00  0.00e+00  0.00e+00  0.00e+00  3.94e+06 0.00e+00 0.00e+00  0.00e+00  0.00e+00  0.00e+00 -1.97e+06 0.00e+00 0.00e+00  0.00e+00  0.00e+00  0.00e+00  0.00e+00 0.00e+00 0.00e+00
10   0.00e+00  0.00e+00  0.00e+00  0.00e+00 0.00e+00 0.00e+00  0.00e+00  0.00e+00  0.00e+00  0.00e+00 0.00e+00 0.00e+00  0.00e+00  0.00e+00  0.00e+00  0.00e+00 0.00e+00 0.00e+00  0.00e+00  0.00e+00  0.00e+00  0.00e+00 0.00e+00 0.00e+00
11   0.00e+00  0.00e+00  0.00e+00  0.00e+00 0.00e+00 0.00e+00  0.00e+00  0.00e+00  0.00e+00  0.00e+00 0.00e+00 0.00e+00  0.00e+00  0.00e+00  0.00e+00  0.00e+00 0.00e+00 0.00e+00  0.00e+00  0.00e+00  0.00e+00  0.00e+00 0.00e+00 0.00e+00
12   0.00e+00  0.00e+00  0.00e+00  0.00e+00 0.00e+00 0.00e+00 -6.00e+09  0.00e+00  0.00e+00  0.00e+00 0.00e+00 0.00e+00  1.20e+10  0.00e+00  0.00e+00  0.00e+00 0.00e+00 0.00e+00 -6.00e+09  0.00e+00  0.00e+00  0.00e+00 0.00e+00 0.00e+00
13   0.00e+00  0.00e+00  0.00e+00  0.00e+00 0.00e+00 0.00e+00  0.00e+00 -1.51e+10  0.00e+00  0.00e+00 0.00e+00 0.00e+00  0.00e+00  3.02e+10  0.00e+00  0.00e+00 0.00e+00 0.00e+00  0.00e+00 -1.51e+10  0.00e+00  0.00e+00 0.00e+00 0.00e+00
14   0.00e+00  0.00e+00  0.00e+00  0.00e+00 0.00e+00 0.00e+00  0.00e+00  0.00e+00 -6.05e+10  0.00e+00 0.00e+00 0.00e+00  0.00e+00  0.00e+00  1.21e+11  0.00e+00 0.00e+00 0.00e+00  0.00e+00  0.00e+00 -6.05e+10  0.00e+00 0.00e+00 0.00e+00
15   0.00e+00  0.00e+00  0.00e+00  0.00e+00 0.00e+00 0.00e+00  0.00e+00  0.00e+00  0.00e+00 -1.97e+06 0.00e+00 0.00e+00  0.00e+00  0.00e+00  0.00e+00  3.94e+06 0.00e+00 0.00e+00  0.00e+00  0.00e+00  0.00e+00 -1.97e+06 0.00e+00 0.00e+00
16   0.00e+00  0.00e+00  0.00e+00  0.00e+00 0.00e+00 0.00e+00  0.00e+00  0.00e+00  0.00e+00  0.00e+00 0.00e+00 0.00e+00  0.00e+00  0.00e+00  0.00e+00  0.00e+00 0.00e+00 0.00e+00  0.00e+00  0.00e+00  0.00e+00  0.00e+00 0.00e+00 0.00e+00
17   0.00e+00  0.00e+00  0.00e+00  0.00e+00 0.00e+00 0.00e+00  0.00e+00  0.00e+00  0.00e+00  0.00e+00 0.00e+00 0.00e+00  0.00e+00  0.00e+00  0.00e+00  0.00e+00 0.00e+00 0.00e+00  0.00e+00  0.00e+00  0.00e+00  0.00e+00 0.00e+00 0.00e+00
18   0.00e+00  0.00e+00  0.00e+00  0.00e+00 0.00e+00 0.00e+00  0.00e+00  0.00e+00  0.00e+00  0.00e+00 0.00e+00 0.00e+00 -6.00e+09  0.00e+00  0.00e+00  0.00e+00 0.00e+00 0.00e+00  6.00e+09  0.00e+00  0.00e+00  0.00e+00 0.00e+00 0.00e+00
19   0.00e+00  0.00e+00  0.00e+00  0.00e+00 0.00e+00 0.00e+00  0.00e+00  0.00e+00  0.00e+00  0.00e+00 0.00e+00 0.00e+00  0.00e+00 -1.51e+10  0.00e+00  0.00e+00 0.00e+00 0.00e+00  0.00e+00  1.51e+10  0.00e+00  0.00e+00 0.00e+00 0.00e+00
20   0.00e+00  0.00e+00  0.00e+00  0.00e+00 0.00e+00 0.00e+00  0.00e+00  0.00e+00  0.00e+00  0.00e+00 0.00e+00 0.00e+00  0.00e+00  0.00e+00 -6.05e+10  0.00e+00 0.00e+00 0.00e+00  0.00e+00  0.00e+00  6.05e+10  0.00e+00 0.00e+00 0.00e+00
21   0.00e+00  0.00e+00  0.00e+00  0.00e+00 0.00e+00 0.00e+00  0.00e+00  0.00e+00  0.00e+00  0.00e+00 0.00e+00 0.00e+00  0.00e+00  0.00e+00  0.00e+00 -1.97e+06 0.00e+00 0.00e+00  0.00e+00  0.00e+00  0.00e+00  1.97e+06 0.00e+00 0.00e+00
22   0.00e+00  0.00e+00  0.00e+00  0.00e+00 0.00e+00 0.00e+00  0.00e+00  0.00e+00  0.00e+00  0.00e+00 0.00e+00 0.00e+00  0.00e+00  0.00e+00  0.00e+00  0.00e+00 0.00e+00 0.00e+00  0.00e+00  0.00e+00  0.00e+00  0.00e+00 0.00e+00 0.00e+00
23   0.00e+00  0.00e+00  0.00e+00  0.00e+00 0.00e+00 0.00e+00  0.00e+00  0.00e+00  0.00e+00  0.00e+00 0.00e+00 0.00e+00  0.00e+00  0.00e+00  0.00e+00  0.00e+00 0.00e+00 0.00e+00  0.00e+00  0.00e+00  0.00e+00  0.00e+00 0.00e+00 0.00e+00 (Module: assembly, Line: 370)
2025-06-16 17:05:56,978 [INFO] 💾 Global stiffness matrix saved to: \\mull.sms.ed.ac.uk\home\s1834431\Win7\Desktop\fem_model\post_processing\results\job_0009_2025-06-16_17-05-54-654914_pid62308_19dd4b87\primary_results\01_K_global.csv (Module: assembly, Line: 316)
2025-06-16 17:05:56,984 [INFO] 💾 Global force vector saved to: \\mull.sms.ed.ac.uk\home\s1834431\Win7\Desktop\fem_model\post_processing\results\job_0009_2025-06-16_17-05-54-654914_pid62308_19dd4b87\primary_results\02_F_global.csv (Module: assembly, Line: 331)
2025-06-16 17:05:56,985 [INFO] 📊 Performance Metrics:
  Assembly Time: 0.04s
  Elements Processed: 3
  Matrix Density: 6.94e-02
  Memory Usage: 0.00MB
  Processing Rate: 75.9 elements/s (Module: assembly, Line: 351)
2025-06-16 17:05:56,986 [INFO] ✅ Assembly complete. (Module: assembly, Line: 123)
