2025-06-16 17:05:56,995 [DEBUG] 📁 Log file created at: \\mull.sms.ed.ac.uk\home\s1834431\Win7\Desktop\fem_model\post_processing\results\job_0009_2025-06-16_17-05-54-654914_pid62308_19dd4b87\logs\ModifyGlobalSystem.log (Module: boundary_conditions, Line: 91)
2025-06-16 17:05:56,996 [INFO] 🔧 Applying stabilized boundary conditions... (Module: boundary_conditions, Line: 109)
2025-06-16 17:05:56,997 [DEBUG] Computed penalty value: 1.21e+47 (Module: boundary_conditions, Line: 166)
2025-06-16 17:05:56,998 [DEBUG] 
======================================== System Diagnostics ======================================== (Module: boundary_conditions, Line: 257)
2025-06-16 17:05:56,999 [DEBUG] Original Non-zeros: 40
Modified Non-zeros: 34
Penalty Value: 1.21e+47
Stabilization Factor: 1.21e+37 (Module: boundary_conditions, Line: 269)
2025-06-16 17:05:57,002 [DEBUG] 
Modified Stiffness Matrix:
         0        1        2        3        4        5         6         7         8         9        10       11        12        13        14        15       16       17        18        19        20        21       22       23
0  1.21e+47 0.00e+00 0.00e+00 0.00e+00 0.00e+00 0.00e+00  0.00e+00  0.00e+00  0.00e+00  0.00e+00 0.00e+00 0.00e+00  0.00e+00  0.00e+00  0.00e+00  0.00e+00 0.00e+00 0.00e+00  0.00e+00  0.00e+00  0.00e+00  0.00e+00 0.00e+00 0.00e+00
1  0.00e+00 1.21e+47 0.00e+00 0.00e+00 0.00e+00 0.00e+00  0.00e+00  0.00e+00  0.00e+00  0.00e+00 0.00e+00 0.00e+00  0.00e+00  0.00e+00  0.00e+00  0.00e+00 0.00e+00 0.00e+00  0.00e+00  0.00e+00  0.00e+00  0.00e+00 0.00e+00 0.00e+00
2  0.00e+00 0.00e+00 1.21e+47 0.00e+00 0.00e+00 0.00e+00  0.00e+00  0.00e+00  0.00e+00  0.00e+00 0.00e+00 0.00e+00  0.00e+00  0.00e+00  0.00e+00  0.00e+00 0.00e+00 0.00e+00  0.00e+00  0.00e+00  0.00e+00  0.00e+00 0.00e+00 0.00e+00
3  0.00e+00 0.00e+00 0.00e+00 1.21e+47 0.00e+00 0.00e+00  0.00e+00  0.00e+00  0.00e+00  0.00e+00 0.00e+00 0.00e+00  0.00e+00  0.00e+00  0.00e+00  0.00e+00 0.00e+00 0.00e+00  0.00e+00  0.00e+00  0.00e+00  0.00e+00 0.00e+00 0.00e+00
4  0.00e+00 0.00e+00 0.00e+00 0.00e+00 1.21e+47 0.00e+00  0.00e+00  0.00e+00  0.00e+00  0.00e+00 0.00e+00 0.00e+00  0.00e+00  0.00e+00  0.00e+00  0.00e+00 0.00e+00 0.00e+00  0.00e+00  0.00e+00  0.00e+00  0.00e+00 0.00e+00 0.00e+00
5  0.00e+00 0.00e+00 0.00e+00 0.00e+00 0.00e+00 1.21e+47  0.00e+00  0.00e+00  0.00e+00  0.00e+00 0.00e+00 0.00e+00  0.00e+00  0.00e+00  0.00e+00  0.00e+00 0.00e+00 0.00e+00  0.00e+00  0.00e+00  0.00e+00  0.00e+00 0.00e+00 0.00e+00
6  0.00e+00 0.00e+00 0.00e+00 0.00e+00 0.00e+00 0.00e+00  1.20e+10  0.00e+00  0.00e+00  0.00e+00 0.00e+00 0.00e+00 -6.00e+09  0.00e+00  0.00e+00  0.00e+00 0.00e+00 0.00e+00  0.00e+00  0.00e+00  0.00e+00  0.00e+00 0.00e+00 0.00e+00
7  0.00e+00 0.00e+00 0.00e+00 0.00e+00 0.00e+00 0.00e+00  0.00e+00  3.02e+10  0.00e+00  0.00e+00 0.00e+00 0.00e+00  0.00e+00 -1.51e+10  0.00e+00  0.00e+00 0.00e+00 0.00e+00  0.00e+00  0.00e+00  0.00e+00  0.00e+00 0.00e+00 0.00e+00
8  0.00e+00 0.00e+00 0.00e+00 0.00e+00 0.00e+00 0.00e+00  0.00e+00  0.00e+00  1.21e+11  0.00e+00 0.00e+00 0.00e+00  0.00e+00  0.00e+00 -6.05e+10  0.00e+00 0.00e+00 0.00e+00  0.00e+00  0.00e+00  0.00e+00  0.00e+00 0.00e+00 0.00e+00
9  0.00e+00 0.00e+00 0.00e+00 0.00e+00 0.00e+00 0.00e+00  0.00e+00  0.00e+00  0.00e+00  3.94e+06 0.00e+00 0.00e+00  0.00e+00  0.00e+00  0.00e+00 -1.97e+06 0.00e+00 0.00e+00  0.00e+00  0.00e+00  0.00e+00  0.00e+00 0.00e+00 0.00e+00
10 0.00e+00 0.00e+00 0.00e+00 0.00e+00 0.00e+00 0.00e+00  0.00e+00  0.00e+00  0.00e+00  0.00e+00 0.00e+00 0.00e+00  0.00e+00  0.00e+00  0.00e+00  0.00e+00 0.00e+00 0.00e+00  0.00e+00  0.00e+00  0.00e+00  0.00e+00 0.00e+00 0.00e+00
11 0.00e+00 0.00e+00 0.00e+00 0.00e+00 0.00e+00 0.00e+00  0.00e+00  0.00e+00  0.00e+00  0.00e+00 0.00e+00 0.00e+00  0.00e+00  0.00e+00  0.00e+00  0.00e+00 0.00e+00 0.00e+00  0.00e+00  0.00e+00  0.00e+00  0.00e+00 0.00e+00 0.00e+00
12 0.00e+00 0.00e+00 0.00e+00 0.00e+00 0.00e+00 0.00e+00 -6.00e+09  0.00e+00  0.00e+00  0.00e+00 0.00e+00 0.00e+00  1.20e+10  0.00e+00  0.00e+00  0.00e+00 0.00e+00 0.00e+00 -6.00e+09  0.00e+00  0.00e+00  0.00e+00 0.00e+00 0.00e+00
13 0.00e+00 0.00e+00 0.00e+00 0.00e+00 0.00e+00 0.00e+00  0.00e+00 -1.51e+10  0.00e+00  0.00e+00 0.00e+00 0.00e+00  0.00e+00  3.02e+10  0.00e+00  0.00e+00 0.00e+00 0.00e+00  0.00e+00 -1.51e+10  0.00e+00  0.00e+00 0.00e+00 0.00e+00
14 0.00e+00 0.00e+00 0.00e+00 0.00e+00 0.00e+00 0.00e+00  0.00e+00  0.00e+00 -6.05e+10  0.00e+00 0.00e+00 0.00e+00  0.00e+00  0.00e+00  1.21e+11  0.00e+00 0.00e+00 0.00e+00  0.00e+00  0.00e+00 -6.05e+10  0.00e+00 0.00e+00 0.00e+00
15 0.00e+00 0.00e+00 0.00e+00 0.00e+00 0.00e+00 0.00e+00  0.00e+00  0.00e+00  0.00e+00 -1.97e+06 0.00e+00 0.00e+00  0.00e+00  0.00e+00  0.00e+00  3.94e+06 0.00e+00 0.00e+00  0.00e+00  0.00e+00  0.00e+00 -1.97e+06 0.00e+00 0.00e+00
16 0.00e+00 0.00e+00 0.00e+00 0.00e+00 0.00e+00 0.00e+00  0.00e+00  0.00e+00  0.00e+00  0.00e+00 0.00e+00 0.00e+00  0.00e+00  0.00e+00  0.00e+00  0.00e+00 0.00e+00 0.00e+00  0.00e+00  0.00e+00  0.00e+00  0.00e+00 0.00e+00 0.00e+00
17 0.00e+00 0.00e+00 0.00e+00 0.00e+00 0.00e+00 0.00e+00  0.00e+00  0.00e+00  0.00e+00  0.00e+00 0.00e+00 0.00e+00  0.00e+00  0.00e+00  0.00e+00  0.00e+00 0.00e+00 0.00e+00  0.00e+00  0.00e+00  0.00e+00  0.00e+00 0.00e+00 0.00e+00
18 0.00e+00 0.00e+00 0.00e+00 0.00e+00 0.00e+00 0.00e+00  0.00e+00  0.00e+00  0.00e+00  0.00e+00 0.00e+00 0.00e+00 -6.00e+09  0.00e+00  0.00e+00  0.00e+00 0.00e+00 0.00e+00  6.00e+09  0.00e+00  0.00e+00  0.00e+00 0.00e+00 0.00e+00
19 0.00e+00 0.00e+00 0.00e+00 0.00e+00 0.00e+00 0.00e+00  0.00e+00  0.00e+00  0.00e+00  0.00e+00 0.00e+00 0.00e+00  0.00e+00 -1.51e+10  0.00e+00  0.00e+00 0.00e+00 0.00e+00  0.00e+00  1.51e+10  0.00e+00  0.00e+00 0.00e+00 0.00e+00
20 0.00e+00 0.00e+00 0.00e+00 0.00e+00 0.00e+00 0.00e+00  0.00e+00  0.00e+00  0.00e+00  0.00e+00 0.00e+00 0.00e+00  0.00e+00  0.00e+00 -6.05e+10  0.00e+00 0.00e+00 0.00e+00  0.00e+00  0.00e+00  6.05e+10  0.00e+00 0.00e+00 0.00e+00
21 0.00e+00 0.00e+00 0.00e+00 0.00e+00 0.00e+00 0.00e+00  0.00e+00  0.00e+00  0.00e+00  0.00e+00 0.00e+00 0.00e+00  0.00e+00  0.00e+00  0.00e+00 -1.97e+06 0.00e+00 0.00e+00  0.00e+00  0.00e+00  0.00e+00  1.97e+06 0.00e+00 0.00e+00
22 0.00e+00 0.00e+00 0.00e+00 0.00e+00 0.00e+00 0.00e+00  0.00e+00  0.00e+00  0.00e+00  0.00e+00 0.00e+00 0.00e+00  0.00e+00  0.00e+00  0.00e+00  0.00e+00 0.00e+00 0.00e+00  0.00e+00  0.00e+00  0.00e+00  0.00e+00 0.00e+00 0.00e+00
23 0.00e+00 0.00e+00 0.00e+00 0.00e+00 0.00e+00 0.00e+00  0.00e+00  0.00e+00  0.00e+00  0.00e+00 0.00e+00 0.00e+00  0.00e+00  0.00e+00  0.00e+00  0.00e+00 0.00e+00 0.00e+00  0.00e+00  0.00e+00  0.00e+00  0.00e+00 0.00e+00 0.00e+00 (Module: boundary_conditions, Line: 274)
2025-06-16 17:05:57,003 [DEBUG] 
Condition Estimate: 6.1e+40 (Module: boundary_conditions, Line: 284)
2025-06-16 17:05:57,011 [INFO] 💾 Modified stiffness matrix saved to: \\mull.sms.ed.ac.uk\home\s1834431\Win7\Desktop\fem_model\post_processing\results\job_0009_2025-06-16_17-05-54-654914_pid62308_19dd4b87\primary_results\03_K_mod.csv (Module: boundary_conditions, Line: 238)
2025-06-16 17:05:57,017 [INFO] 💾 Modified force vector saved to: \\mull.sms.ed.ac.uk\home\s1834431\Win7\Desktop\fem_model\post_processing\results\job_0009_2025-06-16_17-05-54-654914_pid62308_19dd4b87\primary_results\04_F_mod.csv (Module: boundary_conditions, Line: 250)
2025-06-16 17:05:57,026 [INFO] 📎 Element DOF fixed/free map saved to: \\mull.sms.ed.ac.uk\home\s1834431\Win7\Desktop\fem_model\post_processing\results\job_0009_2025-06-16_17-05-54-654914_pid62308_19dd4b87\maps\02_modification_map.csv (Module: boundary_conditions, Line: 153)
2025-06-16 17:05:57,027 [INFO] ✅ Boundary conditions applied in 0.03s (Module: boundary_conditions, Line: 126)
