Machine Specifications:
   - OS: Windows 11 (10.0.22631)
   - CPU: Intel64 Family 6 Model 151 Stepping 2, GenuineIntel (20 cores)
   - RAM: 31.24 GB
   - Python Version: 3.12.5

Job: job_0001
Timestamp (job start): 2025-05-05_18-10-08
Total Time: 4.43 sec

+-------------------------------+------------+---------------+-------------+-----------+
| Step                          |   Time (s) |   Memory (MB) |   Disk (GB) |   CPU (%) |
+===============================+============+===============+=============+===========+
| Parsing                       | 0.0104222  |       119.312 |     798.847 |         0 |
+-------------------------------+------------+---------------+-------------+-----------+
| Element Instantiation         | 0.00201607 |       119.371 |     798.847 |         0 |
+-------------------------------+------------+---------------+-------------+-----------+
| Element Stiffness Computation | 1.93648    |       119.957 |     798.854 |         0 |
+-------------------------------+------------+---------------+-------------+-----------+
| Element Force Computation     | 0.628326   |       119.98  |     798.855 |         0 |
+-------------------------------+------------+---------------+-------------+-----------+
| Setup Simulation              | 0          |       120.027 |     798.855 |         0 |
+-------------------------------+------------+---------------+-------------+-----------+
| Assemble Global Matrices      | 0.0492747  |       122.16  |     798.855 |         0 |
+-------------------------------+------------+---------------+-------------+-----------+
| Modify Global Matrices        | 0.0550869  |       123.027 |     798.856 |         0 |
+-------------------------------+------------+---------------+-------------+-----------+
| Solve Linear Static System    | 0.489075   |       139.734 |     798.856 |         0 |
+-------------------------------+------------+---------------+-------------+-----------+
| Compute Primary Results       | 0.00489092 |       139.75  |     798.856 |         0 |
+-------------------------------+------------+---------------+-------------+-----------+
| Save Primary Results          | 0.121274   |       139.793 |     798.856 |         0 |
+-------------------------------+------------+---------------+-------------+-----------+

Parallel Jobs: job_0007, job_0008, job_0009, job_0003
Start Memory: 119.21 MB | End Memory: 139.79 MB
Start Disk Usage: 798.85 GB | End Disk Usage: 798.86 GB
Start CPU: 0.00% | End CPU: 0.00%
