Machine Specifications:
   - OS: Windows 11 (10.0.22631)
   - CPU: Intel64 Family 6 Model 151 Stepping 2, GenuineIntel (20 cores)
   - RAM: 31.24 GB
   - Python Version: 3.12.5

Job: job_0001
Timestamp (job start): 2025-03-14_16-59-41
Total Time: 1.78 sec

+-------------------------------+-------------+---------------+-------------+-----------+
| Step                          |    Time (s) |   Memory (MB) |   Disk (GB) |   CPU (%) |
+===============================+=============+===============+=============+===========+
| Parsing                       | 0.0106125   |       79.4609 |     760.131 |         0 |
+-------------------------------+-------------+---------------+-------------+-----------+
| Element Instantiation         | 0           |       79.5117 |     760.131 |         0 |
+-------------------------------+-------------+---------------+-------------+-----------+
| Element Stiffness Computation | 0.00612497  |       79.6875 |     760.131 |         0 |
+-------------------------------+-------------+---------------+-------------+-----------+
| Element Force Computation     | 0.000516415 |       79.6914 |     760.131 |         0 |
+-------------------------------+-------------+---------------+-------------+-----------+
| Setup Simulation              | 0           |       79.7617 |     760.131 |         0 |
+-------------------------------+-------------+---------------+-------------+-----------+
| Assemble Global Matrices      | 0.219055    |       80.8945 |     760.131 |         0 |
+-------------------------------+-------------+---------------+-------------+-----------+
| Modify Global Matrices        | 0.00989509  |       81.0352 |     760.131 |         0 |
+-------------------------------+-------------+---------------+-------------+-----------+
| Solve Linear Static System    | 0.324977    |       98.7422 |     760.132 |         0 |
+-------------------------------+-------------+---------------+-------------+-----------+
| Compute Primary Results       | 0.00102735  |       98.7461 |     760.132 |         0 |
+-------------------------------+-------------+---------------+-------------+-----------+
| Save Primary Results          | 0.0714755   |       98.7578 |     760.132 |         0 |
+-------------------------------+-------------+---------------+-------------+-----------+

Parallel Jobs: job_0002
Start Memory: 79.36 MB | End Memory: 98.76 MB
Start Disk Usage: 760.13 GB | End Disk Usage: 760.13 GB
Start CPU: 0.00% | End CPU: 0.00%
