
------------------------------------------------------------
### Diagnostics for Global System
Total DOFs: 66
Independent Equations (nonzero rows): 44
Boundary Condition DOFs: None
✅ Matrix is symmetric.
⚠️ K is not positive definite. Possibly singular or indefinite.
🔹 Approx. rank of K: 40/66
🔹 Condition Number: inf
⚠️ Zero rows: [4, 5, 10, 11, 16, 17, 22, 23, 28, 29, 34, 35, 40, 41, 46, 47, 52, 53, 58, 59, 64, 65]
⚠️ Zero columns: [4, 5, 10, 11, 16, 17, 22, 23, 28, 29, 34, 35, 40, 41, 46, 47, 52, 53, 58, 59, 64, 65]
⚠️ DOFs with zero force: [0, 1, 2, 3, 4, 5, 6, 7, 8, 9]...
Min Force = -1.0000e+05, Max Force = 0.0000e+00
Sum of Forces = -1.0000e+05 (⚠️ Nonzero!)
Top DOFs by force magnitude:
  DOF 61, Force = -1.0000e+05
  DOF 0, Force = 0.0000e+00
  DOF 2, Force = 0.0000e+00
  DOF 1, Force = 0.0000e+00
  DOF 4, Force = 0.0000e+00
  DOF 5, Force = 0.0000e+00
  DOF 6, Force = 0.0000e+00
  DOF 3, Force = 0.0000e+00
  DOF 8, Force = 0.0000e+00
  DOF 9, Force = 0.0000e+00


------------------------------------------------------------
### Diagnostics for Modified System
Total DOFs: 66
Independent Equations (nonzero rows): 46
Boundary Condition DOFs: [0, 1, 2, 3, 4, 5]
✅ Matrix is symmetric.
⚠️ K is not positive definite. Possibly singular or indefinite.
🔹 Approx. rank of K: 6/66
🔹 Condition Number: inf
⚠️ Zero rows: [10, 11, 16, 17, 22, 23, 28, 29, 34, 35, 40, 41, 46, 47, 52, 53, 58, 59, 64, 65]
⚠️ Zero columns: [10, 11, 16, 17, 22, 23, 28, 29, 34, 35, 40, 41, 46, 47, 52, 53, 58, 59, 64, 65]
⚠️ DOFs with zero force: [0, 1, 2, 3, 4, 5, 6, 7, 8, 9]...
Min Force = -1.0000e+05, Max Force = 0.0000e+00
Sum of Forces = -1.0000e+05 (⚠️ Nonzero!)
Top DOFs by force magnitude:
  DOF 61, Force = -1.0000e+05
  DOF 0, Force = 0.0000e+00
  DOF 2, Force = 0.0000e+00
  DOF 1, Force = 0.0000e+00
  DOF 4, Force = 0.0000e+00
  DOF 5, Force = 0.0000e+00
  DOF 6, Force = 0.0000e+00
  DOF 3, Force = 0.0000e+00
  DOF 8, Force = 0.0000e+00
  DOF 9, Force = 0.0000e+00


------------------------------------------------------------
### Diagnostics for Condensed System
Total DOFs: 40
Independent Equations (nonzero rows): 40
Boundary Condition DOFs: [0, 1, 2, 3, 4, 5]
✅ Matrix is symmetric.
✅ K is positive definite.
🔹 Approx. rank of K: 40/40
🔹 Condition Number: 1.11e+09
⚠️ DOFs with zero force: [0, 1, 2, 3, 4, 5, 6, 7, 8, 9]...
Min Force = -1.0000e+05, Max Force = 0.0000e+00
Sum of Forces = -1.0000e+05 (⚠️ Nonzero!)
Top DOFs by force magnitude:
  DOF 37, Force = -1.0000e+05
  DOF 0, Force = 0.0000e+00
  DOF 2, Force = 0.0000e+00
  DOF 1, Force = 0.0000e+00
  DOF 4, Force = 0.0000e+00
  DOF 5, Force = 0.0000e+00
  DOF 6, Force = 0.0000e+00
  DOF 3, Force = 0.0000e+00
  DOF 8, Force = 0.0000e+00
  DOF 9, Force = 0.0000e+00

