Machine Specifications:
   - OS: Windows 11 (10.0.22631)
   - CPU: Intel64 Family 6 Model 151 Stepping 2, GenuineIntel (20 cores)
   - RAM: 31.24 GB
   - Python Version: 3.12.5

Job: job_0005
Timestamp (job start): 2025-03-03_12-54-11
Total Time: 1.93 sec

+-------------------------------+-------------+---------------+-------------+-----------+
| Step                          |    Time (s) |   Memory (MB) |   Disk (GB) |   CPU (%) |
+===============================+=============+===============+=============+===========+
| Parsing                       | 0.0165548   |       78.2148 |     746.109 |         0 |
+-------------------------------+-------------+---------------+-------------+-----------+
| Element Instantiation         | 0.000551462 |       78.2578 |     746.109 |         0 |
+-------------------------------+-------------+---------------+-------------+-----------+
| Element Stiffness Computation | 0.317834    |       78.4453 |     746.109 |         0 |
+-------------------------------+-------------+---------------+-------------+-----------+
| Element Force Computation     | 0           |       78.457  |     746.109 |         0 |
+-------------------------------+-------------+---------------+-------------+-----------+
| Setup Simulation              | 0           |       78.4922 |     746.109 |         0 |
+-------------------------------+-------------+---------------+-------------+-----------+
| Assemble Global Matrices      | 0.00604701  |       79.8203 |     746.109 |         0 |
+-------------------------------+-------------+---------------+-------------+-----------+
| Modify Global Matrices        | 0.0102346   |       79.9297 |     746.109 |         0 |
+-------------------------------+-------------+---------------+-------------+-----------+
| Solve Linear Static System    | 0.376551    |       98.125  |     746.109 |         0 |
+-------------------------------+-------------+---------------+-------------+-----------+
| Compute Primary Results       | 0.00100708  |       98.125  |     746.11  |         0 |
+-------------------------------+-------------+---------------+-------------+-----------+
| Save Primary Results          | 0.0608363   |       98.1641 |     746.11  |         0 |
+-------------------------------+-------------+---------------+-------------+-----------+

Parallel Jobs: job_0001, job_0002, job_0003, job_0006, job_0004
Start Memory: 77.98 MB | End Memory: 98.16 MB
Start Disk Usage: 746.11 GB | End Disk Usage: 746.11 GB
Start CPU: 0.00% | End CPU: 0.00%
