Machine Specifications:
   - OS: Windows 11 (10.0.22631)
   - CPU: 12th Gen Intel(R) Core(TM) i7-12700
       • Logical cores: 20
       • Physical cores: 12
   - RAM: 31.24 GB
   - Disk: 3071.87 GB total, 2270.10 GB free
   - Python Version: 3.12.5 (C:\Users\s1834431\AppData\Local\Programs\Python\Python312\python.exe)
   - GPU(s): Intel(R) UHD Graphics 770

Job: job_0007
Timestamp (job start): 2025-05-19_12-16-19-084620
Total Time: 1.89 sec

+-------------------------------+------------+---------------+-------------+-----------+
| Step                          |   Time (s) |   Memory (MB) |   Disk (GB) |   CPU (%) |
+===============================+============+===============+=============+===========+
| Parsing                       | 0.0150776  |       119.887 |     801.765 |         0 |
+-------------------------------+------------+---------------+-------------+-----------+
| Element Instantiation         | 0.0090766  |       119.945 |     801.765 |         0 |
+-------------------------------+------------+---------------+-------------+-----------+
| Element Stiffness Computation | 0.0124161  |       120.172 |     801.765 |         0 |
+-------------------------------+------------+---------------+-------------+-----------+
| Element Force Computation     | 0.00951362 |       120.199 |     801.766 |         0 |
+-------------------------------+------------+---------------+-------------+-----------+
| Setup Simulation              | 0          |       120.223 |     801.766 |         0 |
+-------------------------------+------------+---------------+-------------+-----------+
| Assemble Global Matrices      | 0.0275514  |       120.875 |     801.766 |         0 |
+-------------------------------+------------+---------------+-------------+-----------+
| Modify Global Matrices        | 0.0123599  |       121.012 |     801.766 |         0 |
+-------------------------------+------------+---------------+-------------+-----------+
| Solve Linear Static System    | 0.592484   |       139.863 |     801.767 |         0 |
+-------------------------------+------------+---------------+-------------+-----------+
| Compute Primary Results       | 0.00251746 |       139.871 |     801.768 |         0 |
+-------------------------------+------------+---------------+-------------+-----------+
| Save Primary Results          | 0.0792155  |       139.871 |     801.769 |         0 |
+-------------------------------+------------+---------------+-------------+-----------+

Parallel Jobs: None
Start Memory: 119.78 MB | End Memory: 139.87 MB
Start Disk Usage: 801.76 GB | End Disk Usage: 801.77 GB
Start CPU: 0.00% | End CPU: 0.00%
