--------------------------------------------------------------------------
Machine specifications – written 2025-06-25 16:22:00.311244
OS          : Windows 11 (10.0.22631)
CPU         : 12th Gen Intel(R) Core(TM) i7-12700
   logical  : 20
   physical : 12
RAM         : 31.24 GB
Disk        : 3071.87 GB total  /  2261.10 GB free
Python      : 3.12.5  (C:\Users\s1834431\AppData\Local\Programs\Python\Python312\python.exe)
GPU(s)      : Intel(R) UHD Graphics 770
--------------------------------------------------------------------------

Runtime telemetry header written → \\mull.sms.ed.ac.uk\home\s1834431\Win7\Desktop\fem_model\post_processing\results\job_0002_2025-06-25_16-21-53-713139_pid45564_34b7c4b5\diagnostics\RuntimeMonitorTelemetry.log
2025-06-25 16:22:00 │ PrepareLocalSystem BEGIN   │ Δt  0.00 s │ RAM   122.3 MB │ CPU  18.4 % │ Disk  810.8 GB
2025-06-25 16:22:01 │ PrepareLocalSystem END     │ Δt  0.75 s │ RAM   122.3 MB │ CPU   5.0 % │ Disk  810.8 GB
2025-06-25 16:22:01 │ AssembleGlobalSystem BEGIN │ Δt  0.22 s │ RAM   122.3 MB │ CPU   4.7 % │ Disk  810.8 GB
2025-06-25 16:22:02 │ AssembleGlobalSystem END   │ Δt  0.40 s │ RAM   123.7 MB │ CPU   5.5 % │ Disk  810.8 GB
2025-06-25 16:22:02 │ ModifyGlobalSystem BEGIN   │ Δt  0.67 s │ RAM   126.1 MB │ CPU   9.2 % │ Disk  810.8 GB
2025-06-25 16:22:03 │ ModifyGlobalSystem END     │ Δt  0.43 s │ RAM   126.5 MB │ CPU   8.1 % │ Disk  810.8 GB
2025-06-25 16:22:03 │ CondenseModifiedSystem BEGIN │ Δt  0.68 s │ RAM   126.5 MB │ CPU   4.6 % │ Disk  810.8 GB
2025-06-25 16:22:04 │ CondenseModifiedSystem END │ Δt  0.32 s │ RAM   126.8 MB │ CPU   4.2 % │ Disk  810.8 GB
2025-06-25 16:22:04 │ SolveCondensedSystem BEGIN │ Δt  0.66 s │ RAM   127.2 MB │ CPU   6.3 % │ Disk  810.8 GB
2025-06-25 16:22:05 │ SolveCondensedSystem END   │ Δt  0.30 s │ RAM   127.1 MB │ CPU   5.0 % │ Disk  810.8 GB
2025-06-25 16:22:05 │ ReconstructGlobalSystem BEGIN │ Δt  0.20 s │ RAM   127.1 MB │ CPU   4.5 % │ Disk  810.8 GB
2025-06-25 16:22:05 │ ReconstructGlobalSystem END │ Δt  0.24 s │ RAM   127.1 MB │ CPU   3.2 % │ Disk  810.8 GB
2025-06-25 16:22:05 │ ComputePrimaryResults BEGIN │ Δt  0.20 s │ RAM   127.1 MB │ CPU   5.3 % │ Disk  810.8 GB
2025-06-25 16:22:07 │ ComputePrimaryResults END  │ Δt  2.12 s │ RAM   127.2 MB │ CPU  11.6 % │ Disk  810.8 GB
