Machine Specifications:
   - OS: Windows 11 (10.0.22631)
   - CPU: Intel64 Family 6 Model 151 Stepping 2, GenuineIntel (20 cores)
   - RAM: 31.24 GB
   - Python Version: 3.12.5

Job: job_0003
Timestamp (job start): 2025-05-05_18-10-08
Total Time: 4.18 sec

+-------------------------------+------------+---------------+-------------+-----------+
| Step                          |   Time (s) |   Memory (MB) |   Disk (GB) |   CPU (%) |
+===============================+============+===============+=============+===========+
| Parsing                       | 0.0362334  |       119.543 |     798.847 |         0 |
+-------------------------------+------------+---------------+-------------+-----------+
| Element Instantiation         | 0.00251031 |       119.602 |     798.847 |         0 |
+-------------------------------+------------+---------------+-------------+-----------+
| Element Stiffness Computation | 1.75429    |       119.934 |     798.854 |         0 |
+-------------------------------+------------+---------------+-------------+-----------+
| Element Force Computation     | 0.58475    |       119.965 |     798.855 |         0 |
+-------------------------------+------------+---------------+-------------+-----------+
| Setup Simulation              | 0          |       119.996 |     798.855 |         0 |
+-------------------------------+------------+---------------+-------------+-----------+
| Assemble Global Matrices      | 0.0369787  |       121.973 |     798.855 |         0 |
+-------------------------------+------------+---------------+-------------+-----------+
| Modify Global Matrices        | 0.0486693  |       122.68  |     798.855 |         0 |
+-------------------------------+------------+---------------+-------------+-----------+
| Solve Linear Static System    | 0.462523   |       139.598 |     798.856 |         0 |
+-------------------------------+------------+---------------+-------------+-----------+
| Compute Primary Results       | 0.0035131  |       139.613 |     798.856 |         0 |
+-------------------------------+------------+---------------+-------------+-----------+
| Save Primary Results          | 0.12111    |       139.656 |     798.856 |         0 |
+-------------------------------+------------+---------------+-------------+-----------+

Parallel Jobs: job_0007, job_0008, job_0009
Start Memory: 119.44 MB | End Memory: 139.66 MB
Start Disk Usage: 798.85 GB | End Disk Usage: 798.86 GB
Start CPU: 0.00% | End CPU: 0.00%
