
=== Element 21 Force Vector Computation ===

=== Distributed Loads ===
=== N (12, 6) ===
[[ 0.887298  0.        0.        0.        0.        0.      ]
 [ 0.       -1.729516  0.        0.        0.        0.      ]
 [ 0.        0.       -1.729516  0.        0.        0.      ]
 [ 0.        0.        0.        0.887298  0.        0.      ]
 [ 0.        0.        0.        0.        2.439355  0.      ]
 [ 0.        0.        0.        0.        0.       -2.439355]
 [ 0.112702  0.        0.        0.        0.        0.      ]
 [ 0.        2.729516  0.        0.        0.        0.      ]
 [ 0.        0.        2.729516  0.        0.        0.      ]
 [ 0.        0.        0.        0.112702  0.        0.      ]
 [ 0.        0.        0.        0.        1.064758  0.      ]
 [ 0.        0.        0.        0.        0.       -1.064758]]

=== q (6,) ===
[    0.       -4457.463096     0.           0.           0.           0.      ]

=== N (12, 6) ===
[[ 0.5  0.   0.   0.   0.   0. ]
 [ 0.   1.   0.   0.   0.   0. ]
 [ 0.   0.   1.   0.   0.   0. ]
 [ 0.   0.   0.   0.5  0.   0. ]
 [ 0.   0.   0.   0.  -0.   0. ]
 [ 0.   0.   0.   0.   0.   0. ]
 [ 0.5  0.   0.   0.   0.   0. ]
 [ 0.   0.   0.   0.   0.   0. ]
 [ 0.   0.   0.   0.   0.   0. ]
 [ 0.   0.   0.   0.5  0.   0. ]
 [ 0.   0.   0.   0.  -0.   0. ]
 [ 0.   0.   0.   0.   0.   0. ]]

=== q (6,) ===
[    0.       -4622.500078     0.           0.           0.           0.      ]

=== N (12, 6) ===
[[ 0.112702  0.        0.        0.        0.        0.      ]
 [ 0.        0.129516  0.        0.        0.        0.      ]
 [ 0.        0.        0.129516  0.        0.        0.      ]
 [ 0.        0.        0.        0.112702  0.        0.      ]
 [ 0.        0.        0.        0.       -0.039355  0.      ]
 [ 0.        0.        0.        0.        0.        0.039355]
 [ 0.887298  0.        0.        0.        0.        0.      ]
 [ 0.        0.870484  0.        0.        0.        0.      ]
 [ 0.        0.        0.870484  0.        0.        0.      ]
 [ 0.        0.        0.        0.887298  0.        0.      ]
 [ 0.        0.        0.        0.        0.135242  0.      ]
 [ 0.        0.        0.        0.        0.       -0.135242]]

=== q (6,) ===
[    0.       -4790.536677     0.           0.           0.           0.      ]

=== Total Fe (12,) ===
[[  0.        -1.706653   0.         0.         0.         0.         0.       -90.760013
    0.         0.         0.         0.      ]]

=== Final Force Vector ===
[[  0.        -1.706653   0.         0.         0.         0.         0.       -90.760013   0.         0.
    0.         0.      ]]

