Machine Specifications:
   - OS: Windows 11 (10.0.22631)
   - CPU: Intel64 Family 6 Model 151 Stepping 2, GenuineIntel (20 cores)
   - RAM: 31.24 GB
   - Python Version: 3.12.5

Job: job_0008
Timestamp (job start): 2025-02-24_09-43-07
Total Time: 4.67 sec

+-------------------------------+------------+---------------+-------------+-----------+
| Step                          |   Time (s) |   Memory (MB) |   Disk (GB) |   CPU (%) |
+===============================+============+===============+=============+===========+
| Parsing                       | 0.00995779 |       77.7422 |     737.974 |         0 |
+-------------------------------+------------+---------------+-------------+-----------+
| Element Instantiation         | 0.136569   |       77.8281 |     737.974 |         0 |
+-------------------------------+------------+---------------+-------------+-----------+
| Element Stiffness Computation | 1.7399     |       78.1914 |     737.974 |         0 |
+-------------------------------+------------+---------------+-------------+-----------+
| Element Force Computation     | 1.09503    |       78.2344 |     737.974 |         0 |
+-------------------------------+------------+---------------+-------------+-----------+
| Setup Simulation              | 0          |       78.2617 |     737.974 |         0 |
+-------------------------------+------------+---------------+-------------+-----------+
| Assemble Global Matrices      | 0.0603969  |       79.4609 |     737.974 |         0 |
+-------------------------------+------------+---------------+-------------+-----------+
| Modify Global Matrices        | 0.0154824  |       79.6445 |     737.974 |         0 |
+-------------------------------+------------+---------------+-------------+-----------+
| Solve Linear Static System    | 0.299887   |       94.5    |     737.974 |         0 |
+-------------------------------+------------+---------------+-------------+-----------+
| Compute Primary Results       | 0.10679    |       94.5469 |     737.974 |         0 |
+-------------------------------+------------+---------------+-------------+-----------+
| Save Primary Results          | 0.0794764  |       94.875  |     737.974 |         0 |
+-------------------------------+------------+---------------+-------------+-----------+

Parallel Jobs: job_0001, job_0004, job_0007, job_0002, job_0005
Start Memory: 77.25 MB | End Memory: 94.88 MB
Start Disk Usage: 737.97 GB | End Disk Usage: 737.97 GB
Start CPU: 0.00% | End CPU: 0.00%
