Machine Specifications:
   - OS: Windows 11 (10.0.22631)
   - CPU: Intel64 Family 6 Model 151 Stepping 2, GenuineIntel (20 cores)
   - RAM: 31.24 GB
   - Python Version: 3.12.5

Job: job_0006
Timestamp (job start): 2025-04-25_14-49-28
Total Time: 6.91 sec

+-------------------------------+------------+---------------+-------------+-----------+
| Step                          |   Time (s) |   Memory (MB) |   Disk (GB) |   CPU (%) |
+===============================+============+===============+=============+===========+
| Parsing                       | 0.012301   |       105.73  |     798.588 |         0 |
+-------------------------------+------------+---------------+-------------+-----------+
| Element Instantiation         | 0.00127554 |       105.773 |     798.588 |         0 |
+-------------------------------+------------+---------------+-------------+-----------+
| Element Stiffness Computation | 1.87512    |       106.102 |     798.595 |         0 |
+-------------------------------+------------+---------------+-------------+-----------+
| Element Force Computation     | 3.19301    |       106.145 |     798.599 |         0 |
+-------------------------------+------------+---------------+-------------+-----------+
| Setup Simulation              | 0          |       106.184 |     798.599 |         0 |
+-------------------------------+------------+---------------+-------------+-----------+
| Assemble Global Matrices      | 0.0301228  |       108.328 |     798.599 |         0 |
+-------------------------------+------------+---------------+-------------+-----------+
| Modify Global Matrices        | 0.040338   |       108.887 |     798.6   |         0 |
+-------------------------------+------------+---------------+-------------+-----------+
| Solve Linear Static System    | 0.524427   |       124.621 |     798.6   |         0 |
+-------------------------------+------------+---------------+-------------+-----------+
| Compute Primary Results       | 0.00312281 |       124.625 |     798.6   |         0 |
+-------------------------------+------------+---------------+-------------+-----------+
| Save Primary Results          | 0.0746605  |       124.746 |     798.601 |         0 |
+-------------------------------+------------+---------------+-------------+-----------+

Parallel Jobs: job_0007, job_0008, job_0009, job_0001, job_0002, job_0003, job_0005
Start Memory: 105.54 MB | End Memory: 124.75 MB
Start Disk Usage: 798.59 GB | End Disk Usage: 798.60 GB
Start CPU: 0.00% | End CPU: 0.00%
