Machine Specifications:
   - OS: Windows 11 (10.0.22631)
   - CPU: 12th Gen Intel(R) Core(TM) i7-12700
       • Logical cores: 20
       • Physical cores: 12
   - RAM: 31.24 GB
   - Disk: 3071.87 GB total, 2260.00 GB free
   - Python Version: 3.12.5 (C:\Users\s1834431\AppData\Local\Programs\Python\Python312\python.exe)
   - GPU(s): Intel(R) UHD Graphics 770

Job: job_0005
Timestamp (job start): 2025-07-06_14-21-46-452252
Total Time: 15.09 sec

+-------------------------------+------------+---------------+-------------+-----------+
| Step                          |   Time (s) |   Memory (MB) |   Disk (GB) |   CPU (%) |
+===============================+============+===============+=============+===========+
| Parsing                       |  0.0274851 |       69.3359 |     811.851 |         0 |
+-------------------------------+------------+---------------+-------------+-----------+
| Element Instantiation         |  0.731136  |       69.875  |     811.851 |         0 |
+-------------------------------+------------+---------------+-------------+-----------+
| Element Stiffness Computation |  1.178     |       70.4023 |     811.863 |         0 |
+-------------------------------+------------+---------------+-------------+-----------+
| Element Force Computation     |  0.655495  |       70.6719 |     811.865 |         0 |
+-------------------------------+------------+---------------+-------------+-----------+
| Full Simulation               | 11.8777    |      127.883  |     811.871 |         0 |
+-------------------------------+------------+---------------+-------------+-----------+

Parallel Jobs: job_0002, job_0003, job_0001, job_0006
Start Memory: 69.03 MB | End Memory: 127.88 MB
Start Disk Usage: 811.85 GB | End Disk Usage: 811.87 GB
Start CPU: 0.00% | End CPU: 0.00%
