Machine Specifications:
   - OS: Windows 11 (10.0.22631)
   - CPU: Intel64 Family 6 Model 151 Stepping 2, GenuineIntel (20 cores)
   - RAM: 31.24 GB
   - Python Version: 3.12.5

Job: job_0003
Timestamp (job start): 2025-03-02_19-34-32
Total Time: 1.59 sec

+-------------------------------+------------+---------------+-------------+-----------+
| Step                          |   Time (s) |   Memory (MB) |   Disk (GB) |   CPU (%) |
+===============================+============+===============+=============+===========+
| Parsing                       | 0.0101385  |       78.0938 |     746.128 |         0 |
+-------------------------------+------------+---------------+-------------+-----------+
| Element Instantiation         | 0          |       78.1406 |     746.128 |         0 |
+-------------------------------+------------+---------------+-------------+-----------+
| Element Stiffness Computation | 0.00130129 |       78.3242 |     746.128 |         0 |
+-------------------------------+------------+---------------+-------------+-----------+
| Element Force Computation     | 0          |       78.332  |     746.128 |         0 |
+-------------------------------+------------+---------------+-------------+-----------+
| Setup Simulation              | 0          |       78.3398 |     746.128 |         0 |
+-------------------------------+------------+---------------+-------------+-----------+
| Assemble Global Matrices      | 0.0111079  |       78.7578 |     746.128 |         0 |
+-------------------------------+------------+---------------+-------------+-----------+
| Modify Global Matrices        | 0.00768161 |       78.8906 |     746.128 |         0 |
+-------------------------------+------------+---------------+-------------+-----------+
| Solve Linear Static System    | 0.338747   |       95.6094 |     746.128 |         0 |
+-------------------------------+------------+---------------+-------------+-----------+
| Compute Primary Results       | 0.00451136 |       95.625  |     746.128 |         0 |
+-------------------------------+------------+---------------+-------------+-----------+
| Save Primary Results          | 0.0868869  |       96.0195 |     746.128 |         0 |
+-------------------------------+------------+---------------+-------------+-----------+

Parallel Jobs: job_0001, job_0002
Start Memory: 77.99 MB | End Memory: 96.02 MB
Start Disk Usage: 746.13 GB | End Disk Usage: 746.13 GB
Start CPU: 0.00% | End CPU: 0.00%
