Machine Specifications:
   - OS: Windows 11 (10.0.22631)
   - CPU: Intel64 Family 6 Model 151 Stepping 2, GenuineIntel (20 cores)
   - RAM: 31.24 GB
   - Python Version: 3.12.5

Job: job_0001
Timestamp (job start): 2025-04-30_18-05-48
Total Time: 4.03 sec

+-------------------------------+------------+---------------+-------------+-----------+
| Step                          |   Time (s) |   Memory (MB) |   Disk (GB) |   CPU (%) |
+===============================+============+===============+=============+===========+
| Parsing                       | 0.0190091  |       106.062 |     797.01  |         0 |
+-------------------------------+------------+---------------+-------------+-----------+
| Element Instantiation         | 0.00434279 |       106.113 |     797.01  |         0 |
+-------------------------------+------------+---------------+-------------+-----------+
| Element Stiffness Computation | 1.82173    |       106.379 |     797.017 |         0 |
+-------------------------------+------------+---------------+-------------+-----------+
| Element Force Computation     | 0.427439   |       106.426 |     797.018 |         0 |
+-------------------------------+------------+---------------+-------------+-----------+
| Setup Simulation              | 0          |       106.457 |     797.018 |         0 |
+-------------------------------+------------+---------------+-------------+-----------+
| Assemble Global Matrices      | 0.0316374  |       108.613 |     797.018 |         0 |
+-------------------------------+------------+---------------+-------------+-----------+
| Modify Global Matrices        | 0.0457637  |       109.141 |     797.019 |         0 |
+-------------------------------+------------+---------------+-------------+-----------+
| Solve Linear Static System    | 0.478726   |       124.695 |     797.02  |         0 |
+-------------------------------+------------+---------------+-------------+-----------+
| Compute Primary Results       | 0.00407481 |       124.703 |     797.02  |         0 |
+-------------------------------+------------+---------------+-------------+-----------+
| Save Primary Results          | 0.0731108  |       124.805 |     797.02  |         0 |
+-------------------------------+------------+---------------+-------------+-----------+

Parallel Jobs: job_0007, job_0008, job_0009
Start Memory: 105.68 MB | End Memory: 124.80 MB
Start Disk Usage: 797.01 GB | End Disk Usage: 797.02 GB
Start CPU: 0.00% | End CPU: 0.00%
