Machine Specifications:
   - OS: Windows 10 (10.0.19045)
   - CPU: Intel64 Family 6 Model 94 Stepping 3, GenuineIntel (4 cores)
   - RAM: 15.96 GB
   - Python Version: 3.11.0

Job: job_0003
Timestamp (job start): 2025-04-08_17-27-14
Total Time: 4.19 sec

+-------------------------------+-------------+---------------+-------------+-----------+
| Step                          |    Time (s) |   Memory (MB) |   Disk (GB) |   CPU (%) |
+===============================+=============+===============+=============+===========+
| Parsing                       | 0.00196385  |       101.121 |     336.723 |         0 |
+-------------------------------+-------------+---------------+-------------+-----------+
| Element Instantiation         | 0.00695443  |       101.152 |     336.723 |         0 |
+-------------------------------+-------------+---------------+-------------+-----------+
| Element Stiffness Computation | 2.20517     |       101.461 |     336.727 |         0 |
+-------------------------------+-------------+---------------+-------------+-----------+
| Element Force Computation     | 0.042887    |       101.488 |     336.728 |         0 |
+-------------------------------+-------------+---------------+-------------+-----------+
| Setup Simulation              | 0.000997305 |       101.523 |     336.728 |         0 |
+-------------------------------+-------------+---------------+-------------+-----------+
| Assemble Global Matrices      | 0.0554481   |       103.516 |     336.728 |         0 |
+-------------------------------+-------------+---------------+-------------+-----------+
| Modify Global Matrices        | 0.0737083   |       103.941 |     336.729 |         0 |
+-------------------------------+-------------+---------------+-------------+-----------+
| Solve Linear Static System    | 0.587751    |       120.219 |     336.73  |         0 |
+-------------------------------+-------------+---------------+-------------+-----------+
| Compute Primary Results       | 0.01494     |       120.23  |     336.73  |         0 |
+-------------------------------+-------------+---------------+-------------+-----------+
| Save Primary Results          | 0.0668223   |       120.234 |     336.73  |         0 |
+-------------------------------+-------------+---------------+-------------+-----------+

Parallel Jobs: job_0001
Start Memory: 101.04 MB | End Memory: 120.23 MB
Start Disk Usage: 336.72 GB | End Disk Usage: 336.73 GB
Start CPU: 0.00% | End CPU: 0.00%
