2025-04-07 13:53:53,835 - INFO - 🔧 Starting global matrix assembly...
2025-04-07 13:53:53,836 - DEBUG - This detailed log is written to the assembly.log file
2025-04-07 13:53:53,837 - INFO - Total DOFs: 18, Elements count: 2

DOF mappings per element:
Element 0: DOF mapping = [ 0  1  2  3  4  5  6  7  8  9 10 11]
Element 1: DOF mapping = [ 6  7  8  9 10 11 12 13 14 15 16 17]
2025-04-07 13:53:53,837 - INFO - 🔧 Assembling global stiffness matrix...
2025-04-07 13:53:53,838 - INFO - ✅ Stiffness matrix assembled.
2025-04-07 13:53:53,838 - INFO - 🔧 Assembling force vector...
2025-04-07 13:53:53,839 - INFO - ✅ Force vector assembled.

Full K_global Matrix:
            0           1           2           3           4           5           6           7           8           9           10          11          12          13          14          15          16          17
0   1.8220e+08  0.0000e+00  0.0000e+00  0.0000e+00  0.0000e+00  0.0000e+00 -1.8220e+08  0.0000e+00  0.0000e+00  0.0000e+00  0.0000e+00  0.0000e+00  0.0000e+00  0.0000e+00  0.0000e+00  0.0000e+00  0.0000e+00  0.0000e+00
1   0.0000e+00  2.6934e+14  0.0000e+00  0.0000e+00  0.0000e+00  7.6954e+13  0.0000e+00 -2.6934e+14  0.0000e+00  0.0000e+00  0.0000e+00  5.7715e+13  0.0000e+00  0.0000e+00  0.0000e+00  0.0000e+00  0.0000e+00  0.0000e+00
2   0.0000e+00  0.0000e+00  2.6988e+14  0.0000e+00 -7.7107e+13  0.0000e+00  0.0000e+00  0.0000e+00 -2.6988e+14  0.0000e+00 -5.7830e+13  0.0000e+00  0.0000e+00  0.0000e+00  0.0000e+00  0.0000e+00  0.0000e+00  0.0000e+00
3   0.0000e+00  0.0000e+00  0.0000e+00  2.5492e+08  0.0000e+00  0.0000e+00  0.0000e+00  0.0000e+00  0.0000e+00 -2.5492e+08  0.0000e+00  0.0000e+00  0.0000e+00  0.0000e+00  0.0000e+00  0.0000e+00  0.0000e+00  0.0000e+00
4   0.0000e+00  0.0000e+00 -7.7107e+13  0.0000e+00  2.2490e+13  0.0000e+00  0.0000e+00  0.0000e+00  7.7107e+13  0.0000e+00  1.6064e+13  0.0000e+00  0.0000e+00  0.0000e+00  0.0000e+00  0.0000e+00  0.0000e+00  0.0000e+00
5   0.0000e+00  7.6954e+13  0.0000e+00  0.0000e+00  0.0000e+00  2.2445e+13  0.0000e+00 -7.6954e+13  0.0000e+00  0.0000e+00  0.0000e+00  1.6032e+13  0.0000e+00  0.0000e+00  0.0000e+00  0.0000e+00  0.0000e+00  0.0000e+00
6  -1.8220e+08  0.0000e+00  0.0000e+00  0.0000e+00  0.0000e+00  0.0000e+00  3.6440e+08  0.0000e+00  0.0000e+00  0.0000e+00  0.0000e+00  0.0000e+00 -1.8220e+08  0.0000e+00  0.0000e+00  0.0000e+00  0.0000e+00  0.0000e+00
7   0.0000e+00 -2.6934e+14  0.0000e+00  0.0000e+00  0.0000e+00 -7.6954e+13  0.0000e+00  5.3868e+14  0.0000e+00  0.0000e+00  0.0000e+00  1.9238e+13  0.0000e+00 -2.6934e+14  0.0000e+00  0.0000e+00  0.0000e+00  5.7715e+13
8   0.0000e+00  0.0000e+00 -2.6988e+14  0.0000e+00  7.7107e+13  0.0000e+00  0.0000e+00  0.0000e+00  5.3975e+14  0.0000e+00 -1.9277e+13  0.0000e+00  0.0000e+00  0.0000e+00 -2.6988e+14  0.0000e+00 -5.7830e+13  0.0000e+00
9   0.0000e+00  0.0000e+00  0.0000e+00 -2.5492e+08  0.0000e+00  0.0000e+00  0.0000e+00  0.0000e+00  0.0000e+00  5.0985e+08  0.0000e+00  0.0000e+00  0.0000e+00  0.0000e+00  0.0000e+00 -2.5492e+08  0.0000e+00  0.0000e+00
10  0.0000e+00  0.0000e+00 -5.7830e+13  0.0000e+00  1.6064e+13  0.0000e+00  0.0000e+00  0.0000e+00 -1.9277e+13  0.0000e+00  3.5341e+13  0.0000e+00  0.0000e+00  0.0000e+00  7.7107e+13  0.0000e+00  1.6064e+13  0.0000e+00
11  0.0000e+00  5.7715e+13  0.0000e+00  0.0000e+00  0.0000e+00  1.6032e+13  0.0000e+00  1.9238e+13  0.0000e+00  0.0000e+00  0.0000e+00  3.5270e+13  0.0000e+00 -7.6954e+13  0.0000e+00  0.0000e+00  0.0000e+00  1.6032e+13
12  0.0000e+00  0.0000e+00  0.0000e+00  0.0000e+00  0.0000e+00  0.0000e+00 -1.8220e+08  0.0000e+00  0.0000e+00  0.0000e+00  0.0000e+00  0.0000e+00  1.8220e+08  0.0000e+00  0.0000e+00  0.0000e+00  0.0000e+00  0.0000e+00
13  0.0000e+00  0.0000e+00  0.0000e+00  0.0000e+00  0.0000e+00  0.0000e+00  0.0000e+00 -2.6934e+14  0.0000e+00  0.0000e+00  0.0000e+00 -7.6954e+13  0.0000e+00  2.6934e+14  0.0000e+00  0.0000e+00  0.0000e+00 -5.7715e+13
14  0.0000e+00  0.0000e+00  0.0000e+00  0.0000e+00  0.0000e+00  0.0000e+00  0.0000e+00  0.0000e+00 -2.6988e+14  0.0000e+00  7.7107e+13  0.0000e+00  0.0000e+00  0.0000e+00  2.6988e+14  0.0000e+00  5.7830e+13  0.0000e+00
15  0.0000e+00  0.0000e+00  0.0000e+00  0.0000e+00  0.0000e+00  0.0000e+00  0.0000e+00  0.0000e+00  0.0000e+00 -2.5492e+08  0.0000e+00  0.0000e+00  0.0000e+00  0.0000e+00  0.0000e+00  2.5492e+08  0.0000e+00  0.0000e+00
16  0.0000e+00  0.0000e+00  0.0000e+00  0.0000e+00  0.0000e+00  0.0000e+00  0.0000e+00  0.0000e+00 -5.7830e+13  0.0000e+00  1.6064e+13  0.0000e+00  0.0000e+00  0.0000e+00  5.7830e+13  0.0000e+00  1.2851e+13  0.0000e+00
17  0.0000e+00  0.0000e+00  0.0000e+00  0.0000e+00  0.0000e+00  0.0000e+00  0.0000e+00  5.7715e+13  0.0000e+00  0.0000e+00  0.0000e+00  1.6032e+13  0.0000e+00 -5.7715e+13  0.0000e+00  0.0000e+00  0.0000e+00  1.2826e+13

Full F_global Vector:
             Force
DOF 0   0.0000e+00
DOF 1   0.0000e+00
DOF 2   0.0000e+00
DOF 3   0.0000e+00
DOF 4   0.0000e+00
DOF 5   0.0000e+00
DOF 6   0.0000e+00
DOF 7   0.0000e+00
DOF 8   0.0000e+00
DOF 9   0.0000e+00
DOF 10  0.0000e+00
DOF 11  0.0000e+00
DOF 12  0.0000e+00
DOF 13 -1.0000e+05
DOF 14  0.0000e+00
DOF 15  0.0000e+00
DOF 16  0.0000e+00
DOF 17  0.0000e+00
2025-04-07 13:53:53,843 - INFO - ✅ Assembly complete.
