2025-04-07 13:53:53,958 - processing.static.boundary_conditions - INFO - 🔧 Applying fixed boundary conditions...
2025-04-07 13:53:53,958 - processing.static.boundary_conditions - INFO - 🔍 Fixed DOFs: [0 1 2 3 4 5]

🔍 Original K_global Matrix:
            0           1           2           3           4           5           6           7           8           9           10          11          12          13          14          15          16          17
0   1.8220e+08  0.0000e+00  0.0000e+00  0.0000e+00  0.0000e+00  0.0000e+00 -1.8220e+08  0.0000e+00  0.0000e+00  0.0000e+00  0.0000e+00  0.0000e+00  0.0000e+00  0.0000e+00  0.0000e+00  0.0000e+00  0.0000e+00  0.0000e+00
1   0.0000e+00  2.6934e+14  0.0000e+00  0.0000e+00  0.0000e+00  7.6954e+13  0.0000e+00 -2.6934e+14  0.0000e+00  0.0000e+00  0.0000e+00  5.7715e+13  0.0000e+00  0.0000e+00  0.0000e+00  0.0000e+00  0.0000e+00  0.0000e+00
2   0.0000e+00  0.0000e+00  2.6988e+14  0.0000e+00 -7.7107e+13  0.0000e+00  0.0000e+00  0.0000e+00 -2.6988e+14  0.0000e+00 -5.7830e+13  0.0000e+00  0.0000e+00  0.0000e+00  0.0000e+00  0.0000e+00  0.0000e+00  0.0000e+00
3   0.0000e+00  0.0000e+00  0.0000e+00  2.5492e+08  0.0000e+00  0.0000e+00  0.0000e+00  0.0000e+00  0.0000e+00 -2.5492e+08  0.0000e+00  0.0000e+00  0.0000e+00  0.0000e+00  0.0000e+00  0.0000e+00  0.0000e+00  0.0000e+00
4   0.0000e+00  0.0000e+00 -7.7107e+13  0.0000e+00  2.2490e+13  0.0000e+00  0.0000e+00  0.0000e+00  7.7107e+13  0.0000e+00  1.6064e+13  0.0000e+00  0.0000e+00  0.0000e+00  0.0000e+00  0.0000e+00  0.0000e+00  0.0000e+00
5   0.0000e+00  7.6954e+13  0.0000e+00  0.0000e+00  0.0000e+00  2.2445e+13  0.0000e+00 -7.6954e+13  0.0000e+00  0.0000e+00  0.0000e+00  1.6032e+13  0.0000e+00  0.0000e+00  0.0000e+00  0.0000e+00  0.0000e+00  0.0000e+00
6  -1.8220e+08  0.0000e+00  0.0000e+00  0.0000e+00  0.0000e+00  0.0000e+00  3.6440e+08  0.0000e+00  0.0000e+00  0.0000e+00  0.0000e+00  0.0000e+00 -1.8220e+08  0.0000e+00  0.0000e+00  0.0000e+00  0.0000e+00  0.0000e+00
7   0.0000e+00 -2.6934e+14  0.0000e+00  0.0000e+00  0.0000e+00 -7.6954e+13  0.0000e+00  5.3868e+14  0.0000e+00  0.0000e+00  0.0000e+00  1.9238e+13  0.0000e+00 -2.6934e+14  0.0000e+00  0.0000e+00  0.0000e+00  5.7715e+13
8   0.0000e+00  0.0000e+00 -2.6988e+14  0.0000e+00  7.7107e+13  0.0000e+00  0.0000e+00  0.0000e+00  5.3975e+14  0.0000e+00 -1.9277e+13  0.0000e+00  0.0000e+00  0.0000e+00 -2.6988e+14  0.0000e+00 -5.7830e+13  0.0000e+00
9   0.0000e+00  0.0000e+00  0.0000e+00 -2.5492e+08  0.0000e+00  0.0000e+00  0.0000e+00  0.0000e+00  0.0000e+00  5.0985e+08  0.0000e+00  0.0000e+00  0.0000e+00  0.0000e+00  0.0000e+00 -2.5492e+08  0.0000e+00  0.0000e+00
10  0.0000e+00  0.0000e+00 -5.7830e+13  0.0000e+00  1.6064e+13  0.0000e+00  0.0000e+00  0.0000e+00 -1.9277e+13  0.0000e+00  3.5341e+13  0.0000e+00  0.0000e+00  0.0000e+00  7.7107e+13  0.0000e+00  1.6064e+13  0.0000e+00
11  0.0000e+00  5.7715e+13  0.0000e+00  0.0000e+00  0.0000e+00  1.6032e+13  0.0000e+00  1.9238e+13  0.0000e+00  0.0000e+00  0.0000e+00  3.5270e+13  0.0000e+00 -7.6954e+13  0.0000e+00  0.0000e+00  0.0000e+00  1.6032e+13
12  0.0000e+00  0.0000e+00  0.0000e+00  0.0000e+00  0.0000e+00  0.0000e+00 -1.8220e+08  0.0000e+00  0.0000e+00  0.0000e+00  0.0000e+00  0.0000e+00  1.8220e+08  0.0000e+00  0.0000e+00  0.0000e+00  0.0000e+00  0.0000e+00
13  0.0000e+00  0.0000e+00  0.0000e+00  0.0000e+00  0.0000e+00  0.0000e+00  0.0000e+00 -2.6934e+14  0.0000e+00  0.0000e+00  0.0000e+00 -7.6954e+13  0.0000e+00  2.6934e+14  0.0000e+00  0.0000e+00  0.0000e+00 -5.7715e+13
14  0.0000e+00  0.0000e+00  0.0000e+00  0.0000e+00  0.0000e+00  0.0000e+00  0.0000e+00  0.0000e+00 -2.6988e+14  0.0000e+00  7.7107e+13  0.0000e+00  0.0000e+00  0.0000e+00  2.6988e+14  0.0000e+00  5.7830e+13  0.0000e+00
15  0.0000e+00  0.0000e+00  0.0000e+00  0.0000e+00  0.0000e+00  0.0000e+00  0.0000e+00  0.0000e+00  0.0000e+00 -2.5492e+08  0.0000e+00  0.0000e+00  0.0000e+00  0.0000e+00  0.0000e+00  2.5492e+08  0.0000e+00  0.0000e+00
16  0.0000e+00  0.0000e+00  0.0000e+00  0.0000e+00  0.0000e+00  0.0000e+00  0.0000e+00  0.0000e+00 -5.7830e+13  0.0000e+00  1.6064e+13  0.0000e+00  0.0000e+00  0.0000e+00  5.7830e+13  0.0000e+00  1.2851e+13  0.0000e+00
17  0.0000e+00  0.0000e+00  0.0000e+00  0.0000e+00  0.0000e+00  0.0000e+00  0.0000e+00  5.7715e+13  0.0000e+00  0.0000e+00  0.0000e+00  1.6032e+13  0.0000e+00 -5.7715e+13  0.0000e+00  0.0000e+00  0.0000e+00  1.2826e+13

🔍 Original F_global Vector:
             Force
DOF 0   0.0000e+00
DOF 1   0.0000e+00
DOF 2   0.0000e+00
DOF 3   0.0000e+00
DOF 4   0.0000e+00
DOF 5   0.0000e+00
DOF 6   0.0000e+00
DOF 7   0.0000e+00
DOF 8   0.0000e+00
DOF 9   0.0000e+00
DOF 10  0.0000e+00
DOF 11  0.0000e+00
DOF 12  0.0000e+00
DOF 13 -1.0000e+05
DOF 14  0.0000e+00
DOF 15  0.0000e+00
DOF 16  0.0000e+00
DOF 17  0.0000e+00
2025-04-07 13:53:53,958 - processing.static.boundary_conditions - INFO - ✅ Fixed boundary conditions applied successfully.

🔍 Modified K_global Matrix:
           0          1          2          3          4          5           6           7           8           9           10          11          12          13          14          15          16          17
0  1.0000e+36 0.0000e+00 0.0000e+00 0.0000e+00 0.0000e+00 0.0000e+00  0.0000e+00  0.0000e+00  0.0000e+00  0.0000e+00  0.0000e+00  0.0000e+00  0.0000e+00  0.0000e+00  0.0000e+00  0.0000e+00  0.0000e+00  0.0000e+00
1  0.0000e+00 1.0000e+36 0.0000e+00 0.0000e+00 0.0000e+00 0.0000e+00  0.0000e+00  0.0000e+00  0.0000e+00  0.0000e+00  0.0000e+00  0.0000e+00  0.0000e+00  0.0000e+00  0.0000e+00  0.0000e+00  0.0000e+00  0.0000e+00
2  0.0000e+00 0.0000e+00 1.0000e+36 0.0000e+00 0.0000e+00 0.0000e+00  0.0000e+00  0.0000e+00  0.0000e+00  0.0000e+00  0.0000e+00  0.0000e+00  0.0000e+00  0.0000e+00  0.0000e+00  0.0000e+00  0.0000e+00  0.0000e+00
3  0.0000e+00 0.0000e+00 0.0000e+00 1.0000e+36 0.0000e+00 0.0000e+00  0.0000e+00  0.0000e+00  0.0000e+00  0.0000e+00  0.0000e+00  0.0000e+00  0.0000e+00  0.0000e+00  0.0000e+00  0.0000e+00  0.0000e+00  0.0000e+00
4  0.0000e+00 0.0000e+00 0.0000e+00 0.0000e+00 1.0000e+36 0.0000e+00  0.0000e+00  0.0000e+00  0.0000e+00  0.0000e+00  0.0000e+00  0.0000e+00  0.0000e+00  0.0000e+00  0.0000e+00  0.0000e+00  0.0000e+00  0.0000e+00
5  0.0000e+00 0.0000e+00 0.0000e+00 0.0000e+00 0.0000e+00 1.0000e+36  0.0000e+00  0.0000e+00  0.0000e+00  0.0000e+00  0.0000e+00  0.0000e+00  0.0000e+00  0.0000e+00  0.0000e+00  0.0000e+00  0.0000e+00  0.0000e+00
6  0.0000e+00 0.0000e+00 0.0000e+00 0.0000e+00 0.0000e+00 0.0000e+00  3.6440e+08  0.0000e+00  0.0000e+00  0.0000e+00  0.0000e+00  0.0000e+00 -1.8220e+08  0.0000e+00  0.0000e+00  0.0000e+00  0.0000e+00  0.0000e+00
7  0.0000e+00 0.0000e+00 0.0000e+00 0.0000e+00 0.0000e+00 0.0000e+00  0.0000e+00  5.3868e+14  0.0000e+00  0.0000e+00  0.0000e+00  1.9238e+13  0.0000e+00 -2.6934e+14  0.0000e+00  0.0000e+00  0.0000e+00  5.7715e+13
8  0.0000e+00 0.0000e+00 0.0000e+00 0.0000e+00 0.0000e+00 0.0000e+00  0.0000e+00  0.0000e+00  5.3975e+14  0.0000e+00 -1.9277e+13  0.0000e+00  0.0000e+00  0.0000e+00 -2.6988e+14  0.0000e+00 -5.7830e+13  0.0000e+00
9  0.0000e+00 0.0000e+00 0.0000e+00 0.0000e+00 0.0000e+00 0.0000e+00  0.0000e+00  0.0000e+00  0.0000e+00  5.0985e+08  0.0000e+00  0.0000e+00  0.0000e+00  0.0000e+00  0.0000e+00 -2.5492e+08  0.0000e+00  0.0000e+00
10 0.0000e+00 0.0000e+00 0.0000e+00 0.0000e+00 0.0000e+00 0.0000e+00  0.0000e+00  0.0000e+00 -1.9277e+13  0.0000e+00  3.5341e+13  0.0000e+00  0.0000e+00  0.0000e+00  7.7107e+13  0.0000e+00  1.6064e+13  0.0000e+00
11 0.0000e+00 0.0000e+00 0.0000e+00 0.0000e+00 0.0000e+00 0.0000e+00  0.0000e+00  1.9238e+13  0.0000e+00  0.0000e+00  0.0000e+00  3.5270e+13  0.0000e+00 -7.6954e+13  0.0000e+00  0.0000e+00  0.0000e+00  1.6032e+13
12 0.0000e+00 0.0000e+00 0.0000e+00 0.0000e+00 0.0000e+00 0.0000e+00 -1.8220e+08  0.0000e+00  0.0000e+00  0.0000e+00  0.0000e+00  0.0000e+00  1.8220e+08  0.0000e+00  0.0000e+00  0.0000e+00  0.0000e+00  0.0000e+00
13 0.0000e+00 0.0000e+00 0.0000e+00 0.0000e+00 0.0000e+00 0.0000e+00  0.0000e+00 -2.6934e+14  0.0000e+00  0.0000e+00  0.0000e+00 -7.6954e+13  0.0000e+00  2.6934e+14  0.0000e+00  0.0000e+00  0.0000e+00 -5.7715e+13
14 0.0000e+00 0.0000e+00 0.0000e+00 0.0000e+00 0.0000e+00 0.0000e+00  0.0000e+00  0.0000e+00 -2.6988e+14  0.0000e+00  7.7107e+13  0.0000e+00  0.0000e+00  0.0000e+00  2.6988e+14  0.0000e+00  5.7830e+13  0.0000e+00
15 0.0000e+00 0.0000e+00 0.0000e+00 0.0000e+00 0.0000e+00 0.0000e+00  0.0000e+00  0.0000e+00  0.0000e+00 -2.5492e+08  0.0000e+00  0.0000e+00  0.0000e+00  0.0000e+00  0.0000e+00  2.5492e+08  0.0000e+00  0.0000e+00
16 0.0000e+00 0.0000e+00 0.0000e+00 0.0000e+00 0.0000e+00 0.0000e+00  0.0000e+00  0.0000e+00 -5.7830e+13  0.0000e+00  1.6064e+13  0.0000e+00  0.0000e+00  0.0000e+00  5.7830e+13  0.0000e+00  1.2851e+13  0.0000e+00
17 0.0000e+00 0.0000e+00 0.0000e+00 0.0000e+00 0.0000e+00 0.0000e+00  0.0000e+00  5.7715e+13  0.0000e+00  0.0000e+00  0.0000e+00  1.6032e+13  0.0000e+00 -5.7715e+13  0.0000e+00  0.0000e+00  0.0000e+00  1.2826e+13

🔍 Modified F_global Vector:
             Force
DOF 0   0.0000e+00
DOF 1   0.0000e+00
DOF 2   0.0000e+00
DOF 3   0.0000e+00
DOF 4   0.0000e+00
DOF 5   0.0000e+00
DOF 6   0.0000e+00
DOF 7   0.0000e+00
DOF 8   0.0000e+00
DOF 9   0.0000e+00
DOF 10  0.0000e+00
DOF 11  0.0000e+00
DOF 12  0.0000e+00
DOF 13 -1.0000e+05
DOF 14  0.0000e+00
DOF 15  0.0000e+00
DOF 16  0.0000e+00
DOF 17  0.0000e+00
2025-04-07 13:53:54,568 - processing.static.boundary_conditions - INFO - 🔧 Applying fixed boundary conditions...
2025-04-07 13:53:54,569 - processing.static.boundary_conditions - INFO - 🔍 Fixed DOFs: [0 1 2 3 4 5]
2025-04-07 13:53:54,570 - processing.static.boundary_conditions - INFO - ✅ Fixed boundary conditions applied successfully.
