2025-04-07 13:53:53,350 - pre_processing.element_library.element_1D_base - DEBUG - Element Stiffness Matrix Computation (Element ID: 0)
2025-04-07 13:53:53,352 - pre_processing.element_library.element_1D_base - DEBUG - Element Length (L): 1.000000e+00, Jacobian determinant (detJ): 5.000000e-01
2025-04-07 13:53:53,353 - pre_processing.element_library.element_1D_base - DEBUG - Material Stiffness Matrix (D):
2025-04-07 13:53:53,353 - pre_processing.element_library.element_1D_base - DEBUG - [[1.822000e+08 0.000000e+00 0.000000e+00 0.000000e+00]
 [0.000000e+00 2.004000e+11 0.000000e+00 0.000000e+00]
 [0.000000e+00 0.000000e+00 2.008000e+11 0.000000e+00]
 [0.000000e+00 0.000000e+00 0.000000e+00 2.549228e+08]]
2025-04-07 13:53:53,353 - pre_processing.element_library.element_1D_base - DEBUG - 
----- Gauss Point 1/3 -----
2025-04-07 13:53:53,353 - pre_processing.element_library.element_1D_base - DEBUG - Natural Coordinate (xi): -7.745967e-01, Gauss Weight: 5.555556e-01
2025-04-07 13:53:53,359 - pre_processing.element_library.element_1D_base - DEBUG - Shape Function First Derivatives (dN_dxi):
2025-04-07 13:53:53,360 - pre_processing.element_library.element_1D_base - DEBUG - [[-0.5       0.        0.        0.        0.        0.      ]
 [ 0.        8.24758   0.        0.        0.        0.      ]
 [ 0.        0.        8.24758   0.        0.        0.      ]
 [ 0.        0.        0.       -0.5       0.        0.      ]
 [ 0.        0.        0.        0.       -2.949193  0.      ]
 [ 0.        0.        0.        0.        0.        2.949193]
 [ 0.5       0.        0.        0.        0.        0.      ]
 [ 0.       -8.24758   0.        0.        0.        0.      ]
 [ 0.        0.       -8.24758   0.        0.        0.      ]
 [ 0.        0.        0.        0.5       0.        0.      ]
 [ 0.        0.        0.        0.       -1.674597  0.      ]
 [ 0.        0.        0.        0.        0.        1.674597]]
2025-04-07 13:53:53,361 - pre_processing.element_library.element_1D_base - DEBUG - Shape Function Second Derivatives (d2N_dxi2):
2025-04-07 13:53:53,362 - pre_processing.element_library.element_1D_base - DEBUG - [[  0.        0.        0.        0.        0.        0.     ]
 [  0.      -15.29516   0.        0.        0.        0.     ]
 [  0.        0.      -15.29516   0.        0.        0.     ]
 [  0.        0.        0.        0.        0.        0.     ]
 [  0.        0.        0.        0.        4.32379   0.     ]
 [  0.        0.        0.        0.        0.       -4.32379]
 [  0.        0.        0.        0.        0.        0.     ]
 [  0.       15.29516   0.        0.        0.        0.     ]
 [  0.        0.       15.29516   0.        0.        0.     ]
 [  0.        0.        0.        0.        0.        0.     ]
 [  0.        0.        0.        0.        3.32379   0.     ]
 [  0.        0.        0.        0.        0.       -3.32379]]
2025-04-07 13:53:53,363 - pre_processing.element_library.element_1D_base - DEBUG - Strain-Displacement Matrix (B):
2025-04-07 13:53:53,363 - pre_processing.element_library.element_1D_base - DEBUG - [[ -1.        0.        0.        0.        0.        0.        1.
    0.        0.        0.        0.        0.     ]
 [  0.      -61.18064   0.        0.        0.      -17.29516   0.
   61.18064   0.        0.        0.      -13.29516]
 [  0.        0.      -61.18064   0.       17.29516   0.        0.
    0.       61.18064   0.       13.29516   0.     ]
 [  0.        0.        0.       -1.        0.        0.        0.
    0.        0.        1.        0.        0.     ]]
2025-04-07 13:53:53,363 - pre_processing.element_library.element_1D_base - DEBUG - Strain-Displacement Matrix Transpose (B.T):
2025-04-07 13:53:53,363 - pre_processing.element_library.element_1D_base - DEBUG - [[ -1.        0.        0.        0.     ]
 [  0.      -61.18064   0.        0.     ]
 [  0.        0.      -61.18064   0.     ]
 [  0.        0.        0.       -1.     ]
 [  0.        0.       17.29516   0.     ]
 [  0.      -17.29516   0.        0.     ]
 [  1.        0.        0.        0.     ]
 [  0.       61.18064   0.        0.     ]
 [  0.        0.       61.18064   0.     ]
 [  0.        0.        0.        1.     ]
 [  0.        0.       13.29516   0.     ]
 [  0.      -13.29516   0.        0.     ]]
2025-04-07 13:53:53,368 - pre_processing.element_library.element_1D_base - DEBUG - Element Stiffness Matrix Contribution at Gauss Point:
2025-04-07 13:53:53,370 - pre_processing.element_library.element_1D_base - DEBUG - [[ 5.061111e+07  0.000000e+00  0.000000e+00  0.000000e+00  0.000000e+00
   0.000000e+00 -5.061111e+07  0.000000e+00  0.000000e+00  0.000000e+00
   0.000000e+00  0.000000e+00]
 [ 0.000000e+00  2.083643e+14  0.000000e+00  0.000000e+00  0.000000e+00
   5.890251e+13  0.000000e+00 -2.083643e+14  0.000000e+00  0.000000e+00
   0.000000e+00  4.527962e+13]
 [ 0.000000e+00  0.000000e+00  2.087802e+14  0.000000e+00 -5.902008e+13
   0.000000e+00  0.000000e+00  0.000000e+00 -2.087802e+14  0.000000e+00
  -4.537000e+13  0.000000e+00]
 [ 0.000000e+00  0.000000e+00  0.000000e+00  7.081190e+07  0.000000e+00
   0.000000e+00  0.000000e+00  0.000000e+00  0.000000e+00 -7.081190e+07
   0.000000e+00  0.000000e+00]
 [ 0.000000e+00  0.000000e+00 -5.902008e+13  0.000000e+00  1.668439e+13
   0.000000e+00  0.000000e+00  0.000000e+00  5.902008e+13  0.000000e+00
   1.282565e+13  0.000000e+00]
 [ 0.000000e+00  5.890251e+13  0.000000e+00  0.000000e+00  0.000000e+00
   1.665116e+13  0.000000e+00 -5.890251e+13  0.000000e+00  0.000000e+00
   0.000000e+00  1.280010e+13]
 [-5.061111e+07  0.000000e+00  0.000000e+00  0.000000e+00  0.000000e+00
   0.000000e+00  5.061111e+07  0.000000e+00  0.000000e+00  0.000000e+00
   0.000000e+00  0.000000e+00]
 [ 0.000000e+00 -2.083643e+14  0.000000e+00  0.000000e+00  0.000000e+00
  -5.890251e+13  0.000000e+00  2.083643e+14  0.000000e+00  0.000000e+00
   0.000000e+00 -4.527962e+13]
 [ 0.000000e+00  0.000000e+00 -2.087802e+14  0.000000e+00  5.902008e+13
   0.000000e+00  0.000000e+00  0.000000e+00  2.087802e+14  0.000000e+00
   4.537000e+13  0.000000e+00]
 [ 0.000000e+00  0.000000e+00  0.000000e+00 -7.081190e+07  0.000000e+00
   0.000000e+00  0.000000e+00  0.000000e+00  0.000000e+00  7.081190e+07
   0.000000e+00  0.000000e+00]
 [ 0.000000e+00  0.000000e+00 -4.537000e+13  0.000000e+00  1.282565e+13
   0.000000e+00  0.000000e+00  0.000000e+00  4.537000e+13  0.000000e+00
   9.859351e+12  0.000000e+00]
 [ 0.000000e+00  4.527962e+13  0.000000e+00  0.000000e+00  0.000000e+00
   1.280010e+13  0.000000e+00 -4.527962e+13  0.000000e+00  0.000000e+00
   0.000000e+00  9.839711e+12]]
2025-04-07 13:53:53,371 - pre_processing.element_library.element_1D_base - DEBUG - 
2025-04-07 13:53:53,372 - pre_processing.element_library.element_1D_base - DEBUG - 
----- Gauss Point 2/3 -----
2025-04-07 13:53:53,373 - pre_processing.element_library.element_1D_base - DEBUG - Natural Coordinate (xi): 0.000000e+00, Gauss Weight: 8.888889e-01
2025-04-07 13:53:53,373 - pre_processing.element_library.element_1D_base - DEBUG - Shape Function First Derivatives (dN_dxi):
2025-04-07 13:53:53,373 - pre_processing.element_library.element_1D_base - DEBUG - [[-0.5  0.   0.   0.   0.   0. ]
 [ 0.   0.   0.   0.   0.   0. ]
 [ 0.   0.   0.   0.   0.   0. ]
 [ 0.   0.   0.  -0.5  0.   0. ]
 [ 0.   0.   0.   0.  -0.5  0. ]
 [ 0.   0.   0.   0.   0.   0.5]
 [ 0.5  0.   0.   0.   0.   0. ]
 [ 0.   0.   0.   0.   0.   0. ]
 [ 0.   0.   0.   0.   0.   0. ]
 [ 0.   0.   0.   0.5  0.   0. ]
 [ 0.   0.   0.   0.  -0.   0. ]
 [ 0.   0.   0.   0.   0.   0. ]]
2025-04-07 13:53:53,373 - pre_processing.element_library.element_1D_base - DEBUG - Shape Function Second Derivatives (d2N_dxi2):
2025-04-07 13:53:53,373 - pre_processing.element_library.element_1D_base - DEBUG - [[ 0.  0.  0.  0.  0.  0.]
 [ 0. -6.  0.  0.  0.  0.]
 [ 0.  0. -6.  0.  0.  0.]
 [ 0.  0.  0.  0.  0.  0.]
 [ 0.  0.  0.  0.  2.  0.]
 [ 0.  0.  0.  0.  0. -2.]
 [ 0.  0.  0.  0.  0.  0.]
 [ 0.  6.  0.  0.  0.  0.]
 [ 0.  0.  6.  0.  0.  0.]
 [ 0.  0.  0.  0.  0.  0.]
 [ 0.  0.  0.  0.  1.  0.]
 [ 0.  0.  0.  0.  0. -1.]]
2025-04-07 13:53:53,373 - pre_processing.element_library.element_1D_base - DEBUG - Strain-Displacement Matrix (B):
2025-04-07 13:53:53,378 - pre_processing.element_library.element_1D_base - DEBUG - [[ -1.   0.   0.   0.   0.   0.   1.   0.   0.   0.   0.   0.]
 [  0. -24.   0.   0.   0.  -8.   0.  24.   0.   0.   0.  -4.]
 [  0.   0. -24.   0.   8.   0.   0.   0.  24.   0.   4.   0.]
 [  0.   0.   0.  -1.   0.   0.   0.   0.   0.   1.   0.   0.]]
2025-04-07 13:53:53,378 - pre_processing.element_library.element_1D_base - DEBUG - Strain-Displacement Matrix Transpose (B.T):
2025-04-07 13:53:53,379 - pre_processing.element_library.element_1D_base - DEBUG - [[ -1.   0.   0.   0.]
 [  0. -24.   0.   0.]
 [  0.   0. -24.   0.]
 [  0.   0.   0.  -1.]
 [  0.   0.   8.   0.]
 [  0.  -8.   0.   0.]
 [  1.   0.   0.   0.]
 [  0.  24.   0.   0.]
 [  0.   0.  24.   0.]
 [  0.   0.   0.   1.]
 [  0.   0.   4.   0.]
 [  0.  -4.   0.   0.]]
2025-04-07 13:53:53,380 - pre_processing.element_library.element_1D_base - DEBUG - Element Stiffness Matrix Contribution at Gauss Point:
2025-04-07 13:53:53,381 - pre_processing.element_library.element_1D_base - DEBUG - [[ 8.097778e+07  0.000000e+00  0.000000e+00  0.000000e+00  0.000000e+00
   0.000000e+00 -8.097778e+07  0.000000e+00  0.000000e+00  0.000000e+00
   0.000000e+00  0.000000e+00]
 [ 0.000000e+00  5.130240e+13  0.000000e+00  0.000000e+00  0.000000e+00
   1.710080e+13  0.000000e+00 -5.130240e+13  0.000000e+00  0.000000e+00
   0.000000e+00  8.550400e+12]
 [ 0.000000e+00  0.000000e+00  5.140480e+13  0.000000e+00 -1.713493e+13
   0.000000e+00  0.000000e+00  0.000000e+00 -5.140480e+13  0.000000e+00
  -8.567467e+12  0.000000e+00]
 [ 0.000000e+00  0.000000e+00  0.000000e+00  1.132990e+08  0.000000e+00
   0.000000e+00  0.000000e+00  0.000000e+00  0.000000e+00 -1.132990e+08
   0.000000e+00  0.000000e+00]
 [ 0.000000e+00  0.000000e+00 -1.713493e+13  0.000000e+00  5.711644e+12
   0.000000e+00  0.000000e+00  0.000000e+00  1.713493e+13  0.000000e+00
   2.855822e+12  0.000000e+00]
 [ 0.000000e+00  1.710080e+13  0.000000e+00  0.000000e+00  0.000000e+00
   5.700267e+12  0.000000e+00 -1.710080e+13  0.000000e+00  0.000000e+00
   0.000000e+00  2.850133e+12]
 [-8.097778e+07  0.000000e+00  0.000000e+00  0.000000e+00  0.000000e+00
   0.000000e+00  8.097778e+07  0.000000e+00  0.000000e+00  0.000000e+00
   0.000000e+00  0.000000e+00]
 [ 0.000000e+00 -5.130240e+13  0.000000e+00  0.000000e+00  0.000000e+00
  -1.710080e+13  0.000000e+00  5.130240e+13  0.000000e+00  0.000000e+00
   0.000000e+00 -8.550400e+12]
 [ 0.000000e+00  0.000000e+00 -5.140480e+13  0.000000e+00  1.713493e+13
   0.000000e+00  0.000000e+00  0.000000e+00  5.140480e+13  0.000000e+00
   8.567467e+12  0.000000e+00]
 [ 0.000000e+00  0.000000e+00  0.000000e+00 -1.132990e+08  0.000000e+00
   0.000000e+00  0.000000e+00  0.000000e+00  0.000000e+00  1.132990e+08
   0.000000e+00  0.000000e+00]
 [ 0.000000e+00  0.000000e+00 -8.567467e+12  0.000000e+00  2.855822e+12
   0.000000e+00  0.000000e+00  0.000000e+00  8.567467e+12  0.000000e+00
   1.427911e+12  0.000000e+00]
 [ 0.000000e+00  8.550400e+12  0.000000e+00  0.000000e+00  0.000000e+00
   2.850133e+12  0.000000e+00 -8.550400e+12  0.000000e+00  0.000000e+00
   0.000000e+00  1.425067e+12]]
2025-04-07 13:53:53,383 - pre_processing.element_library.element_1D_base - DEBUG - 
2025-04-07 13:53:53,383 - pre_processing.element_library.element_1D_base - DEBUG - 
----- Gauss Point 3/3 -----
2025-04-07 13:53:53,385 - pre_processing.element_library.element_1D_base - DEBUG - Natural Coordinate (xi): 7.745967e-01, Gauss Weight: 5.555556e-01
2025-04-07 13:53:53,385 - pre_processing.element_library.element_1D_base - DEBUG - Shape Function First Derivatives (dN_dxi):
2025-04-07 13:53:53,385 - pre_processing.element_library.element_1D_base - DEBUG - [[-0.5       0.        0.        0.        0.        0.      ]
 [ 0.       -1.04758   0.        0.        0.        0.      ]
 [ 0.        0.       -1.04758   0.        0.        0.      ]
 [ 0.        0.        0.       -0.5       0.        0.      ]
 [ 0.        0.        0.        0.        0.149193  0.      ]
 [ 0.        0.        0.        0.        0.       -0.149193]
 [ 0.5       0.        0.        0.        0.        0.      ]
 [ 0.        1.04758   0.        0.        0.        0.      ]
 [ 0.        0.        1.04758   0.        0.        0.      ]
 [ 0.        0.        0.        0.5       0.        0.      ]
 [ 0.        0.        0.        0.       -0.125403  0.      ]
 [ 0.        0.        0.        0.        0.        0.125403]]
2025-04-07 13:53:53,388 - pre_processing.element_library.element_1D_base - DEBUG - Shape Function Second Derivatives (d2N_dxi2):
2025-04-07 13:53:53,389 - pre_processing.element_library.element_1D_base - DEBUG - [[ 0.       0.       0.       0.       0.       0.     ]
 [ 0.       3.29516  0.       0.       0.       0.     ]
 [ 0.       0.       3.29516  0.       0.       0.     ]
 [ 0.       0.       0.       0.       0.       0.     ]
 [ 0.       0.       0.       0.      -0.32379  0.     ]
 [ 0.       0.       0.       0.       0.       0.32379]
 [ 0.       0.       0.       0.       0.       0.     ]
 [ 0.      -3.29516  0.       0.       0.       0.     ]
 [ 0.       0.      -3.29516  0.       0.       0.     ]
 [ 0.       0.       0.       0.       0.       0.     ]
 [ 0.       0.       0.       0.      -1.32379  0.     ]
 [ 0.       0.       0.       0.       0.       1.32379]]
2025-04-07 13:53:53,390 - pre_processing.element_library.element_1D_base - DEBUG - Strain-Displacement Matrix (B):
2025-04-07 13:53:53,391 - pre_processing.element_library.element_1D_base - DEBUG - [[ -1.        0.        0.        0.        0.        0.        1.
    0.        0.        0.        0.        0.     ]
 [  0.       13.18064   0.        0.        0.        1.29516   0.
  -13.18064   0.        0.        0.        5.29516]
 [  0.        0.       13.18064   0.       -1.29516   0.        0.
    0.      -13.18064   0.       -5.29516   0.     ]
 [  0.        0.        0.       -1.        0.        0.        0.
    0.        0.        1.        0.        0.     ]]
2025-04-07 13:53:53,393 - pre_processing.element_library.element_1D_base - DEBUG - Strain-Displacement Matrix Transpose (B.T):
2025-04-07 13:53:53,393 - pre_processing.element_library.element_1D_base - DEBUG - [[ -1.        0.        0.        0.     ]
 [  0.       13.18064   0.        0.     ]
 [  0.        0.       13.18064   0.     ]
 [  0.        0.        0.       -1.     ]
 [  0.        0.       -1.29516   0.     ]
 [  0.        1.29516   0.        0.     ]
 [  1.        0.        0.        0.     ]
 [  0.      -13.18064   0.        0.     ]
 [  0.        0.      -13.18064   0.     ]
 [  0.        0.        0.        1.     ]
 [  0.        0.       -5.29516   0.     ]
 [  0.        5.29516   0.        0.     ]]
2025-04-07 13:53:53,393 - pre_processing.element_library.element_1D_base - DEBUG - Element Stiffness Matrix Contribution at Gauss Point:
2025-04-07 13:53:53,393 - pre_processing.element_library.element_1D_base - DEBUG - [[ 5.061111e+07  0.000000e+00  0.000000e+00  0.000000e+00  0.000000e+00
   0.000000e+00 -5.061111e+07  0.000000e+00  0.000000e+00  0.000000e+00
   0.000000e+00  0.000000e+00]
 [ 0.000000e+00  9.670930e+12  0.000000e+00  0.000000e+00  0.000000e+00
   9.502878e+11  0.000000e+00 -9.670930e+12  0.000000e+00  0.000000e+00
   0.000000e+00  3.885177e+12]
 [ 0.000000e+00  0.000000e+00  9.690233e+12  0.000000e+00 -9.521846e+11
   0.000000e+00  0.000000e+00  0.000000e+00 -9.690233e+12  0.000000e+00
  -3.892932e+12  0.000000e+00]
 [ 0.000000e+00  0.000000e+00  0.000000e+00  7.081190e+07  0.000000e+00
   0.000000e+00  0.000000e+00  0.000000e+00  0.000000e+00 -7.081190e+07
   0.000000e+00  0.000000e+00]
 [ 0.000000e+00  0.000000e+00 -9.521846e+11  0.000000e+00  9.356385e+10
   0.000000e+00  0.000000e+00  0.000000e+00  9.521846e+11  0.000000e+00
   3.825284e+11  0.000000e+00]
 [ 0.000000e+00  9.502878e+11  0.000000e+00  0.000000e+00  0.000000e+00
   9.337747e+10  0.000000e+00 -9.502878e+11  0.000000e+00  0.000000e+00
   0.000000e+00  3.817664e+11]
 [-5.061111e+07  0.000000e+00  0.000000e+00  0.000000e+00  0.000000e+00
   0.000000e+00  5.061111e+07  0.000000e+00  0.000000e+00  0.000000e+00
   0.000000e+00  0.000000e+00]
 [ 0.000000e+00 -9.670930e+12  0.000000e+00  0.000000e+00  0.000000e+00
  -9.502878e+11  0.000000e+00  9.670930e+12  0.000000e+00  0.000000e+00
   0.000000e+00 -3.885177e+12]
 [ 0.000000e+00  0.000000e+00 -9.690233e+12  0.000000e+00  9.521846e+11
   0.000000e+00  0.000000e+00  0.000000e+00  9.690233e+12  0.000000e+00
   3.892932e+12  0.000000e+00]
 [ 0.000000e+00  0.000000e+00  0.000000e+00 -7.081190e+07  0.000000e+00
   0.000000e+00  0.000000e+00  0.000000e+00  0.000000e+00  7.081190e+07
   0.000000e+00  0.000000e+00]
 [ 0.000000e+00  0.000000e+00 -3.892932e+12  0.000000e+00  3.825284e+11
   0.000000e+00  0.000000e+00  0.000000e+00  3.892932e+12  0.000000e+00
   1.563937e+12  0.000000e+00]
 [ 0.000000e+00  3.885177e+12  0.000000e+00  0.000000e+00  0.000000e+00
   3.817664e+11  0.000000e+00 -3.885177e+12  0.000000e+00  0.000000e+00
   0.000000e+00  1.560822e+12]]
2025-04-07 13:53:53,393 - pre_processing.element_library.element_1D_base - DEBUG - 
2025-04-07 13:53:53,393 - pre_processing.element_library.element_1D_base - DEBUG - 
===== Final Element Stiffness Matrix (Ke) =====
2025-04-07 13:53:53,399 - pre_processing.element_library.element_1D_base - DEBUG - [[ 1.822000e+08  0.000000e+00  0.000000e+00  0.000000e+00  0.000000e+00
   0.000000e+00 -1.822000e+08  0.000000e+00  0.000000e+00  0.000000e+00
   0.000000e+00  0.000000e+00]
 [ 0.000000e+00  2.693376e+14  0.000000e+00  0.000000e+00  0.000000e+00
   7.695360e+13  0.000000e+00 -2.693376e+14  0.000000e+00  0.000000e+00
   0.000000e+00  5.771520e+13]
 [ 0.000000e+00  0.000000e+00  2.698752e+14  0.000000e+00 -7.710720e+13
   0.000000e+00  0.000000e+00  0.000000e+00 -2.698752e+14  0.000000e+00
  -5.783040e+13  0.000000e+00]
 [ 0.000000e+00  0.000000e+00  0.000000e+00  2.549228e+08  0.000000e+00
   0.000000e+00  0.000000e+00  0.000000e+00  0.000000e+00 -2.549228e+08
   0.000000e+00  0.000000e+00]
 [ 0.000000e+00  0.000000e+00 -7.710720e+13  0.000000e+00  2.248960e+13
   0.000000e+00  0.000000e+00  0.000000e+00  7.710720e+13  0.000000e+00
   1.606400e+13  0.000000e+00]
 [ 0.000000e+00  7.695360e+13  0.000000e+00  0.000000e+00  0.000000e+00
   2.244480e+13  0.000000e+00 -7.695360e+13  0.000000e+00  0.000000e+00
   0.000000e+00  1.603200e+13]
 [-1.822000e+08  0.000000e+00  0.000000e+00  0.000000e+00  0.000000e+00
   0.000000e+00  1.822000e+08  0.000000e+00  0.000000e+00  0.000000e+00
   0.000000e+00  0.000000e+00]
 [ 0.000000e+00 -2.693376e+14  0.000000e+00  0.000000e+00  0.000000e+00
  -7.695360e+13  0.000000e+00  2.693376e+14  0.000000e+00  0.000000e+00
   0.000000e+00 -5.771520e+13]
 [ 0.000000e+00  0.000000e+00 -2.698752e+14  0.000000e+00  7.710720e+13
   0.000000e+00  0.000000e+00  0.000000e+00  2.698752e+14  0.000000e+00
   5.783040e+13  0.000000e+00]
 [ 0.000000e+00  0.000000e+00  0.000000e+00 -2.549228e+08  0.000000e+00
   0.000000e+00  0.000000e+00  0.000000e+00  0.000000e+00  2.549228e+08
   0.000000e+00  0.000000e+00]
 [ 0.000000e+00  0.000000e+00 -5.783040e+13  0.000000e+00  1.606400e+13
   0.000000e+00  0.000000e+00  0.000000e+00  5.783040e+13  0.000000e+00
   1.285120e+13  0.000000e+00]
 [ 0.000000e+00  5.771520e+13  0.000000e+00  0.000000e+00  0.000000e+00
   1.603200e+13  0.000000e+00 -5.771520e+13  0.000000e+00  0.000000e+00
   0.000000e+00  1.282560e+13]]
2025-04-07 13:53:53,403 - pre_processing.element_library.element_1D_base - DEBUG - Element Stiffness Matrix Computation (Element ID: 1)
2025-04-07 13:53:53,403 - pre_processing.element_library.element_1D_base - DEBUG - Element Stiffness Matrix Computation (Element ID: 1)
2025-04-07 13:53:53,406 - pre_processing.element_library.element_1D_base - DEBUG - Element Length (L): 1.000000e+00, Jacobian determinant (detJ): 5.000000e-01
2025-04-07 13:53:53,406 - pre_processing.element_library.element_1D_base - DEBUG - Element Length (L): 1.000000e+00, Jacobian determinant (detJ): 5.000000e-01
2025-04-07 13:53:53,406 - pre_processing.element_library.element_1D_base - DEBUG - Material Stiffness Matrix (D):
2025-04-07 13:53:53,406 - pre_processing.element_library.element_1D_base - DEBUG - Material Stiffness Matrix (D):
2025-04-07 13:53:53,409 - pre_processing.element_library.element_1D_base - DEBUG - [[1.822000e+08 0.000000e+00 0.000000e+00 0.000000e+00]
 [0.000000e+00 2.004000e+11 0.000000e+00 0.000000e+00]
 [0.000000e+00 0.000000e+00 2.008000e+11 0.000000e+00]
 [0.000000e+00 0.000000e+00 0.000000e+00 2.549228e+08]]
2025-04-07 13:53:53,409 - pre_processing.element_library.element_1D_base - DEBUG - [[1.822000e+08 0.000000e+00 0.000000e+00 0.000000e+00]
 [0.000000e+00 2.004000e+11 0.000000e+00 0.000000e+00]
 [0.000000e+00 0.000000e+00 2.008000e+11 0.000000e+00]
 [0.000000e+00 0.000000e+00 0.000000e+00 2.549228e+08]]
2025-04-07 13:53:53,410 - pre_processing.element_library.element_1D_base - DEBUG - 
----- Gauss Point 1/3 -----
2025-04-07 13:53:53,410 - pre_processing.element_library.element_1D_base - DEBUG - 
----- Gauss Point 1/3 -----
2025-04-07 13:53:53,411 - pre_processing.element_library.element_1D_base - DEBUG - Natural Coordinate (xi): -7.745967e-01, Gauss Weight: 5.555556e-01
2025-04-07 13:53:53,411 - pre_processing.element_library.element_1D_base - DEBUG - Natural Coordinate (xi): -7.745967e-01, Gauss Weight: 5.555556e-01
2025-04-07 13:53:53,413 - pre_processing.element_library.element_1D_base - DEBUG - Shape Function First Derivatives (dN_dxi):
2025-04-07 13:53:53,413 - pre_processing.element_library.element_1D_base - DEBUG - Shape Function First Derivatives (dN_dxi):
2025-04-07 13:53:53,413 - pre_processing.element_library.element_1D_base - DEBUG - [[-0.5       0.        0.        0.        0.        0.      ]
 [ 0.        8.24758   0.        0.        0.        0.      ]
 [ 0.        0.        8.24758   0.        0.        0.      ]
 [ 0.        0.        0.       -0.5       0.        0.      ]
 [ 0.        0.        0.        0.       -2.949193  0.      ]
 [ 0.        0.        0.        0.        0.        2.949193]
 [ 0.5       0.        0.        0.        0.        0.      ]
 [ 0.       -8.24758   0.        0.        0.        0.      ]
 [ 0.        0.       -8.24758   0.        0.        0.      ]
 [ 0.        0.        0.        0.5       0.        0.      ]
 [ 0.        0.        0.        0.       -1.674597  0.      ]
 [ 0.        0.        0.        0.        0.        1.674597]]
2025-04-07 13:53:53,413 - pre_processing.element_library.element_1D_base - DEBUG - [[-0.5       0.        0.        0.        0.        0.      ]
 [ 0.        8.24758   0.        0.        0.        0.      ]
 [ 0.        0.        8.24758   0.        0.        0.      ]
 [ 0.        0.        0.       -0.5       0.        0.      ]
 [ 0.        0.        0.        0.       -2.949193  0.      ]
 [ 0.        0.        0.        0.        0.        2.949193]
 [ 0.5       0.        0.        0.        0.        0.      ]
 [ 0.       -8.24758   0.        0.        0.        0.      ]
 [ 0.        0.       -8.24758   0.        0.        0.      ]
 [ 0.        0.        0.        0.5       0.        0.      ]
 [ 0.        0.        0.        0.       -1.674597  0.      ]
 [ 0.        0.        0.        0.        0.        1.674597]]
2025-04-07 13:53:53,413 - pre_processing.element_library.element_1D_base - DEBUG - Shape Function Second Derivatives (d2N_dxi2):
2025-04-07 13:53:53,413 - pre_processing.element_library.element_1D_base - DEBUG - Shape Function Second Derivatives (d2N_dxi2):
2025-04-07 13:53:53,418 - pre_processing.element_library.element_1D_base - DEBUG - [[  0.        0.        0.        0.        0.        0.     ]
 [  0.      -15.29516   0.        0.        0.        0.     ]
 [  0.        0.      -15.29516   0.        0.        0.     ]
 [  0.        0.        0.        0.        0.        0.     ]
 [  0.        0.        0.        0.        4.32379   0.     ]
 [  0.        0.        0.        0.        0.       -4.32379]
 [  0.        0.        0.        0.        0.        0.     ]
 [  0.       15.29516   0.        0.        0.        0.     ]
 [  0.        0.       15.29516   0.        0.        0.     ]
 [  0.        0.        0.        0.        0.        0.     ]
 [  0.        0.        0.        0.        3.32379   0.     ]
 [  0.        0.        0.        0.        0.       -3.32379]]
2025-04-07 13:53:53,418 - pre_processing.element_library.element_1D_base - DEBUG - [[  0.        0.        0.        0.        0.        0.     ]
 [  0.      -15.29516   0.        0.        0.        0.     ]
 [  0.        0.      -15.29516   0.        0.        0.     ]
 [  0.        0.        0.        0.        0.        0.     ]
 [  0.        0.        0.        0.        4.32379   0.     ]
 [  0.        0.        0.        0.        0.       -4.32379]
 [  0.        0.        0.        0.        0.        0.     ]
 [  0.       15.29516   0.        0.        0.        0.     ]
 [  0.        0.       15.29516   0.        0.        0.     ]
 [  0.        0.        0.        0.        0.        0.     ]
 [  0.        0.        0.        0.        3.32379   0.     ]
 [  0.        0.        0.        0.        0.       -3.32379]]
2025-04-07 13:53:53,420 - pre_processing.element_library.element_1D_base - DEBUG - Strain-Displacement Matrix (B):
2025-04-07 13:53:53,420 - pre_processing.element_library.element_1D_base - DEBUG - Strain-Displacement Matrix (B):
2025-04-07 13:53:53,421 - pre_processing.element_library.element_1D_base - DEBUG - [[ -1.        0.        0.        0.        0.        0.        1.
    0.        0.        0.        0.        0.     ]
 [  0.      -61.18064   0.        0.        0.      -17.29516   0.
   61.18064   0.        0.        0.      -13.29516]
 [  0.        0.      -61.18064   0.       17.29516   0.        0.
    0.       61.18064   0.       13.29516   0.     ]
 [  0.        0.        0.       -1.        0.        0.        0.
    0.        0.        1.        0.        0.     ]]
2025-04-07 13:53:53,421 - pre_processing.element_library.element_1D_base - DEBUG - [[ -1.        0.        0.        0.        0.        0.        1.
    0.        0.        0.        0.        0.     ]
 [  0.      -61.18064   0.        0.        0.      -17.29516   0.
   61.18064   0.        0.        0.      -13.29516]
 [  0.        0.      -61.18064   0.       17.29516   0.        0.
    0.       61.18064   0.       13.29516   0.     ]
 [  0.        0.        0.       -1.        0.        0.        0.
    0.        0.        1.        0.        0.     ]]
2025-04-07 13:53:53,423 - pre_processing.element_library.element_1D_base - DEBUG - Strain-Displacement Matrix Transpose (B.T):
2025-04-07 13:53:53,423 - pre_processing.element_library.element_1D_base - DEBUG - Strain-Displacement Matrix Transpose (B.T):
2025-04-07 13:53:53,423 - pre_processing.element_library.element_1D_base - DEBUG - [[ -1.        0.        0.        0.     ]
 [  0.      -61.18064   0.        0.     ]
 [  0.        0.      -61.18064   0.     ]
 [  0.        0.        0.       -1.     ]
 [  0.        0.       17.29516   0.     ]
 [  0.      -17.29516   0.        0.     ]
 [  1.        0.        0.        0.     ]
 [  0.       61.18064   0.        0.     ]
 [  0.        0.       61.18064   0.     ]
 [  0.        0.        0.        1.     ]
 [  0.        0.       13.29516   0.     ]
 [  0.      -13.29516   0.        0.     ]]
2025-04-07 13:53:53,423 - pre_processing.element_library.element_1D_base - DEBUG - [[ -1.        0.        0.        0.     ]
 [  0.      -61.18064   0.        0.     ]
 [  0.        0.      -61.18064   0.     ]
 [  0.        0.        0.       -1.     ]
 [  0.        0.       17.29516   0.     ]
 [  0.      -17.29516   0.        0.     ]
 [  1.        0.        0.        0.     ]
 [  0.       61.18064   0.        0.     ]
 [  0.        0.       61.18064   0.     ]
 [  0.        0.        0.        1.     ]
 [  0.        0.       13.29516   0.     ]
 [  0.      -13.29516   0.        0.     ]]
2025-04-07 13:53:53,423 - pre_processing.element_library.element_1D_base - DEBUG - Element Stiffness Matrix Contribution at Gauss Point:
2025-04-07 13:53:53,423 - pre_processing.element_library.element_1D_base - DEBUG - Element Stiffness Matrix Contribution at Gauss Point:
2025-04-07 13:53:53,428 - pre_processing.element_library.element_1D_base - DEBUG - [[ 5.061111e+07  0.000000e+00  0.000000e+00  0.000000e+00  0.000000e+00
   0.000000e+00 -5.061111e+07  0.000000e+00  0.000000e+00  0.000000e+00
   0.000000e+00  0.000000e+00]
 [ 0.000000e+00  2.083643e+14  0.000000e+00  0.000000e+00  0.000000e+00
   5.890251e+13  0.000000e+00 -2.083643e+14  0.000000e+00  0.000000e+00
   0.000000e+00  4.527962e+13]
 [ 0.000000e+00  0.000000e+00  2.087802e+14  0.000000e+00 -5.902008e+13
   0.000000e+00  0.000000e+00  0.000000e+00 -2.087802e+14  0.000000e+00
  -4.537000e+13  0.000000e+00]
 [ 0.000000e+00  0.000000e+00  0.000000e+00  7.081190e+07  0.000000e+00
   0.000000e+00  0.000000e+00  0.000000e+00  0.000000e+00 -7.081190e+07
   0.000000e+00  0.000000e+00]
 [ 0.000000e+00  0.000000e+00 -5.902008e+13  0.000000e+00  1.668439e+13
   0.000000e+00  0.000000e+00  0.000000e+00  5.902008e+13  0.000000e+00
   1.282565e+13  0.000000e+00]
 [ 0.000000e+00  5.890251e+13  0.000000e+00  0.000000e+00  0.000000e+00
   1.665116e+13  0.000000e+00 -5.890251e+13  0.000000e+00  0.000000e+00
   0.000000e+00  1.280010e+13]
 [-5.061111e+07  0.000000e+00  0.000000e+00  0.000000e+00  0.000000e+00
   0.000000e+00  5.061111e+07  0.000000e+00  0.000000e+00  0.000000e+00
   0.000000e+00  0.000000e+00]
 [ 0.000000e+00 -2.083643e+14  0.000000e+00  0.000000e+00  0.000000e+00
  -5.890251e+13  0.000000e+00  2.083643e+14  0.000000e+00  0.000000e+00
   0.000000e+00 -4.527962e+13]
 [ 0.000000e+00  0.000000e+00 -2.087802e+14  0.000000e+00  5.902008e+13
   0.000000e+00  0.000000e+00  0.000000e+00  2.087802e+14  0.000000e+00
   4.537000e+13  0.000000e+00]
 [ 0.000000e+00  0.000000e+00  0.000000e+00 -7.081190e+07  0.000000e+00
   0.000000e+00  0.000000e+00  0.000000e+00  0.000000e+00  7.081190e+07
   0.000000e+00  0.000000e+00]
 [ 0.000000e+00  0.000000e+00 -4.537000e+13  0.000000e+00  1.282565e+13
   0.000000e+00  0.000000e+00  0.000000e+00  4.537000e+13  0.000000e+00
   9.859351e+12  0.000000e+00]
 [ 0.000000e+00  4.527962e+13  0.000000e+00  0.000000e+00  0.000000e+00
   1.280010e+13  0.000000e+00 -4.527962e+13  0.000000e+00  0.000000e+00
   0.000000e+00  9.839711e+12]]
2025-04-07 13:53:53,428 - pre_processing.element_library.element_1D_base - DEBUG - [[ 5.061111e+07  0.000000e+00  0.000000e+00  0.000000e+00  0.000000e+00
   0.000000e+00 -5.061111e+07  0.000000e+00  0.000000e+00  0.000000e+00
   0.000000e+00  0.000000e+00]
 [ 0.000000e+00  2.083643e+14  0.000000e+00  0.000000e+00  0.000000e+00
   5.890251e+13  0.000000e+00 -2.083643e+14  0.000000e+00  0.000000e+00
   0.000000e+00  4.527962e+13]
 [ 0.000000e+00  0.000000e+00  2.087802e+14  0.000000e+00 -5.902008e+13
   0.000000e+00  0.000000e+00  0.000000e+00 -2.087802e+14  0.000000e+00
  -4.537000e+13  0.000000e+00]
 [ 0.000000e+00  0.000000e+00  0.000000e+00  7.081190e+07  0.000000e+00
   0.000000e+00  0.000000e+00  0.000000e+00  0.000000e+00 -7.081190e+07
   0.000000e+00  0.000000e+00]
 [ 0.000000e+00  0.000000e+00 -5.902008e+13  0.000000e+00  1.668439e+13
   0.000000e+00  0.000000e+00  0.000000e+00  5.902008e+13  0.000000e+00
   1.282565e+13  0.000000e+00]
 [ 0.000000e+00  5.890251e+13  0.000000e+00  0.000000e+00  0.000000e+00
   1.665116e+13  0.000000e+00 -5.890251e+13  0.000000e+00  0.000000e+00
   0.000000e+00  1.280010e+13]
 [-5.061111e+07  0.000000e+00  0.000000e+00  0.000000e+00  0.000000e+00
   0.000000e+00  5.061111e+07  0.000000e+00  0.000000e+00  0.000000e+00
   0.000000e+00  0.000000e+00]
 [ 0.000000e+00 -2.083643e+14  0.000000e+00  0.000000e+00  0.000000e+00
  -5.890251e+13  0.000000e+00  2.083643e+14  0.000000e+00  0.000000e+00
   0.000000e+00 -4.527962e+13]
 [ 0.000000e+00  0.000000e+00 -2.087802e+14  0.000000e+00  5.902008e+13
   0.000000e+00  0.000000e+00  0.000000e+00  2.087802e+14  0.000000e+00
   4.537000e+13  0.000000e+00]
 [ 0.000000e+00  0.000000e+00  0.000000e+00 -7.081190e+07  0.000000e+00
   0.000000e+00  0.000000e+00  0.000000e+00  0.000000e+00  7.081190e+07
   0.000000e+00  0.000000e+00]
 [ 0.000000e+00  0.000000e+00 -4.537000e+13  0.000000e+00  1.282565e+13
   0.000000e+00  0.000000e+00  0.000000e+00  4.537000e+13  0.000000e+00
   9.859351e+12  0.000000e+00]
 [ 0.000000e+00  4.527962e+13  0.000000e+00  0.000000e+00  0.000000e+00
   1.280010e+13  0.000000e+00 -4.527962e+13  0.000000e+00  0.000000e+00
   0.000000e+00  9.839711e+12]]
2025-04-07 13:53:53,430 - pre_processing.element_library.element_1D_base - DEBUG - 
2025-04-07 13:53:53,430 - pre_processing.element_library.element_1D_base - DEBUG - 
2025-04-07 13:53:53,433 - pre_processing.element_library.element_1D_base - DEBUG - 
----- Gauss Point 2/3 -----
2025-04-07 13:53:53,433 - pre_processing.element_library.element_1D_base - DEBUG - 
----- Gauss Point 2/3 -----
2025-04-07 13:53:53,435 - pre_processing.element_library.element_1D_base - DEBUG - Natural Coordinate (xi): 0.000000e+00, Gauss Weight: 8.888889e-01
2025-04-07 13:53:53,435 - pre_processing.element_library.element_1D_base - DEBUG - Natural Coordinate (xi): 0.000000e+00, Gauss Weight: 8.888889e-01
2025-04-07 13:53:53,435 - pre_processing.element_library.element_1D_base - DEBUG - Shape Function First Derivatives (dN_dxi):
2025-04-07 13:53:53,435 - pre_processing.element_library.element_1D_base - DEBUG - Shape Function First Derivatives (dN_dxi):
2025-04-07 13:53:53,438 - pre_processing.element_library.element_1D_base - DEBUG - [[-0.5  0.   0.   0.   0.   0. ]
 [ 0.   0.   0.   0.   0.   0. ]
 [ 0.   0.   0.   0.   0.   0. ]
 [ 0.   0.   0.  -0.5  0.   0. ]
 [ 0.   0.   0.   0.  -0.5  0. ]
 [ 0.   0.   0.   0.   0.   0.5]
 [ 0.5  0.   0.   0.   0.   0. ]
 [ 0.   0.   0.   0.   0.   0. ]
 [ 0.   0.   0.   0.   0.   0. ]
 [ 0.   0.   0.   0.5  0.   0. ]
 [ 0.   0.   0.   0.  -0.   0. ]
 [ 0.   0.   0.   0.   0.   0. ]]
2025-04-07 13:53:53,438 - pre_processing.element_library.element_1D_base - DEBUG - [[-0.5  0.   0.   0.   0.   0. ]
 [ 0.   0.   0.   0.   0.   0. ]
 [ 0.   0.   0.   0.   0.   0. ]
 [ 0.   0.   0.  -0.5  0.   0. ]
 [ 0.   0.   0.   0.  -0.5  0. ]
 [ 0.   0.   0.   0.   0.   0.5]
 [ 0.5  0.   0.   0.   0.   0. ]
 [ 0.   0.   0.   0.   0.   0. ]
 [ 0.   0.   0.   0.   0.   0. ]
 [ 0.   0.   0.   0.5  0.   0. ]
 [ 0.   0.   0.   0.  -0.   0. ]
 [ 0.   0.   0.   0.   0.   0. ]]
2025-04-07 13:53:53,440 - pre_processing.element_library.element_1D_base - DEBUG - Shape Function Second Derivatives (d2N_dxi2):
2025-04-07 13:53:53,440 - pre_processing.element_library.element_1D_base - DEBUG - Shape Function Second Derivatives (d2N_dxi2):
2025-04-07 13:53:53,441 - pre_processing.element_library.element_1D_base - DEBUG - [[ 0.  0.  0.  0.  0.  0.]
 [ 0. -6.  0.  0.  0.  0.]
 [ 0.  0. -6.  0.  0.  0.]
 [ 0.  0.  0.  0.  0.  0.]
 [ 0.  0.  0.  0.  2.  0.]
 [ 0.  0.  0.  0.  0. -2.]
 [ 0.  0.  0.  0.  0.  0.]
 [ 0.  6.  0.  0.  0.  0.]
 [ 0.  0.  6.  0.  0.  0.]
 [ 0.  0.  0.  0.  0.  0.]
 [ 0.  0.  0.  0.  1.  0.]
 [ 0.  0.  0.  0.  0. -1.]]
2025-04-07 13:53:53,441 - pre_processing.element_library.element_1D_base - DEBUG - [[ 0.  0.  0.  0.  0.  0.]
 [ 0. -6.  0.  0.  0.  0.]
 [ 0.  0. -6.  0.  0.  0.]
 [ 0.  0.  0.  0.  0.  0.]
 [ 0.  0.  0.  0.  2.  0.]
 [ 0.  0.  0.  0.  0. -2.]
 [ 0.  0.  0.  0.  0.  0.]
 [ 0.  6.  0.  0.  0.  0.]
 [ 0.  0.  6.  0.  0.  0.]
 [ 0.  0.  0.  0.  0.  0.]
 [ 0.  0.  0.  0.  1.  0.]
 [ 0.  0.  0.  0.  0. -1.]]
2025-04-07 13:53:53,443 - pre_processing.element_library.element_1D_base - DEBUG - Strain-Displacement Matrix (B):
2025-04-07 13:53:53,443 - pre_processing.element_library.element_1D_base - DEBUG - Strain-Displacement Matrix (B):
2025-04-07 13:53:53,443 - pre_processing.element_library.element_1D_base - DEBUG - [[ -1.   0.   0.   0.   0.   0.   1.   0.   0.   0.   0.   0.]
 [  0. -24.   0.   0.   0.  -8.   0.  24.   0.   0.   0.  -4.]
 [  0.   0. -24.   0.   8.   0.   0.   0.  24.   0.   4.   0.]
 [  0.   0.   0.  -1.   0.   0.   0.   0.   0.   1.   0.   0.]]
2025-04-07 13:53:53,443 - pre_processing.element_library.element_1D_base - DEBUG - [[ -1.   0.   0.   0.   0.   0.   1.   0.   0.   0.   0.   0.]
 [  0. -24.   0.   0.   0.  -8.   0.  24.   0.   0.   0.  -4.]
 [  0.   0. -24.   0.   8.   0.   0.   0.  24.   0.   4.   0.]
 [  0.   0.   0.  -1.   0.   0.   0.   0.   0.   1.   0.   0.]]
2025-04-07 13:53:53,448 - pre_processing.element_library.element_1D_base - DEBUG - Strain-Displacement Matrix Transpose (B.T):
2025-04-07 13:53:53,448 - pre_processing.element_library.element_1D_base - DEBUG - Strain-Displacement Matrix Transpose (B.T):
2025-04-07 13:53:53,450 - pre_processing.element_library.element_1D_base - DEBUG - [[ -1.   0.   0.   0.]
 [  0. -24.   0.   0.]
 [  0.   0. -24.   0.]
 [  0.   0.   0.  -1.]
 [  0.   0.   8.   0.]
 [  0.  -8.   0.   0.]
 [  1.   0.   0.   0.]
 [  0.  24.   0.   0.]
 [  0.   0.  24.   0.]
 [  0.   0.   0.   1.]
 [  0.   0.   4.   0.]
 [  0.  -4.   0.   0.]]
2025-04-07 13:53:53,450 - pre_processing.element_library.element_1D_base - DEBUG - [[ -1.   0.   0.   0.]
 [  0. -24.   0.   0.]
 [  0.   0. -24.   0.]
 [  0.   0.   0.  -1.]
 [  0.   0.   8.   0.]
 [  0.  -8.   0.   0.]
 [  1.   0.   0.   0.]
 [  0.  24.   0.   0.]
 [  0.   0.  24.   0.]
 [  0.   0.   0.   1.]
 [  0.   0.   4.   0.]
 [  0.  -4.   0.   0.]]
2025-04-07 13:53:53,452 - pre_processing.element_library.element_1D_base - DEBUG - Element Stiffness Matrix Contribution at Gauss Point:
2025-04-07 13:53:53,452 - pre_processing.element_library.element_1D_base - DEBUG - Element Stiffness Matrix Contribution at Gauss Point:
2025-04-07 13:53:53,452 - pre_processing.element_library.element_1D_base - DEBUG - [[ 8.097778e+07  0.000000e+00  0.000000e+00  0.000000e+00  0.000000e+00
   0.000000e+00 -8.097778e+07  0.000000e+00  0.000000e+00  0.000000e+00
   0.000000e+00  0.000000e+00]
 [ 0.000000e+00  5.130240e+13  0.000000e+00  0.000000e+00  0.000000e+00
   1.710080e+13  0.000000e+00 -5.130240e+13  0.000000e+00  0.000000e+00
   0.000000e+00  8.550400e+12]
 [ 0.000000e+00  0.000000e+00  5.140480e+13  0.000000e+00 -1.713493e+13
   0.000000e+00  0.000000e+00  0.000000e+00 -5.140480e+13  0.000000e+00
  -8.567467e+12  0.000000e+00]
 [ 0.000000e+00  0.000000e+00  0.000000e+00  1.132990e+08  0.000000e+00
   0.000000e+00  0.000000e+00  0.000000e+00  0.000000e+00 -1.132990e+08
   0.000000e+00  0.000000e+00]
 [ 0.000000e+00  0.000000e+00 -1.713493e+13  0.000000e+00  5.711644e+12
   0.000000e+00  0.000000e+00  0.000000e+00  1.713493e+13  0.000000e+00
   2.855822e+12  0.000000e+00]
 [ 0.000000e+00  1.710080e+13  0.000000e+00  0.000000e+00  0.000000e+00
   5.700267e+12  0.000000e+00 -1.710080e+13  0.000000e+00  0.000000e+00
   0.000000e+00  2.850133e+12]
 [-8.097778e+07  0.000000e+00  0.000000e+00  0.000000e+00  0.000000e+00
   0.000000e+00  8.097778e+07  0.000000e+00  0.000000e+00  0.000000e+00
   0.000000e+00  0.000000e+00]
 [ 0.000000e+00 -5.130240e+13  0.000000e+00  0.000000e+00  0.000000e+00
  -1.710080e+13  0.000000e+00  5.130240e+13  0.000000e+00  0.000000e+00
   0.000000e+00 -8.550400e+12]
 [ 0.000000e+00  0.000000e+00 -5.140480e+13  0.000000e+00  1.713493e+13
   0.000000e+00  0.000000e+00  0.000000e+00  5.140480e+13  0.000000e+00
   8.567467e+12  0.000000e+00]
 [ 0.000000e+00  0.000000e+00  0.000000e+00 -1.132990e+08  0.000000e+00
   0.000000e+00  0.000000e+00  0.000000e+00  0.000000e+00  1.132990e+08
   0.000000e+00  0.000000e+00]
 [ 0.000000e+00  0.000000e+00 -8.567467e+12  0.000000e+00  2.855822e+12
   0.000000e+00  0.000000e+00  0.000000e+00  8.567467e+12  0.000000e+00
   1.427911e+12  0.000000e+00]
 [ 0.000000e+00  8.550400e+12  0.000000e+00  0.000000e+00  0.000000e+00
   2.850133e+12  0.000000e+00 -8.550400e+12  0.000000e+00  0.000000e+00
   0.000000e+00  1.425067e+12]]
2025-04-07 13:53:53,452 - pre_processing.element_library.element_1D_base - DEBUG - [[ 8.097778e+07  0.000000e+00  0.000000e+00  0.000000e+00  0.000000e+00
   0.000000e+00 -8.097778e+07  0.000000e+00  0.000000e+00  0.000000e+00
   0.000000e+00  0.000000e+00]
 [ 0.000000e+00  5.130240e+13  0.000000e+00  0.000000e+00  0.000000e+00
   1.710080e+13  0.000000e+00 -5.130240e+13  0.000000e+00  0.000000e+00
   0.000000e+00  8.550400e+12]
 [ 0.000000e+00  0.000000e+00  5.140480e+13  0.000000e+00 -1.713493e+13
   0.000000e+00  0.000000e+00  0.000000e+00 -5.140480e+13  0.000000e+00
  -8.567467e+12  0.000000e+00]
 [ 0.000000e+00  0.000000e+00  0.000000e+00  1.132990e+08  0.000000e+00
   0.000000e+00  0.000000e+00  0.000000e+00  0.000000e+00 -1.132990e+08
   0.000000e+00  0.000000e+00]
 [ 0.000000e+00  0.000000e+00 -1.713493e+13  0.000000e+00  5.711644e+12
   0.000000e+00  0.000000e+00  0.000000e+00  1.713493e+13  0.000000e+00
   2.855822e+12  0.000000e+00]
 [ 0.000000e+00  1.710080e+13  0.000000e+00  0.000000e+00  0.000000e+00
   5.700267e+12  0.000000e+00 -1.710080e+13  0.000000e+00  0.000000e+00
   0.000000e+00  2.850133e+12]
 [-8.097778e+07  0.000000e+00  0.000000e+00  0.000000e+00  0.000000e+00
   0.000000e+00  8.097778e+07  0.000000e+00  0.000000e+00  0.000000e+00
   0.000000e+00  0.000000e+00]
 [ 0.000000e+00 -5.130240e+13  0.000000e+00  0.000000e+00  0.000000e+00
  -1.710080e+13  0.000000e+00  5.130240e+13  0.000000e+00  0.000000e+00
   0.000000e+00 -8.550400e+12]
 [ 0.000000e+00  0.000000e+00 -5.140480e+13  0.000000e+00  1.713493e+13
   0.000000e+00  0.000000e+00  0.000000e+00  5.140480e+13  0.000000e+00
   8.567467e+12  0.000000e+00]
 [ 0.000000e+00  0.000000e+00  0.000000e+00 -1.132990e+08  0.000000e+00
   0.000000e+00  0.000000e+00  0.000000e+00  0.000000e+00  1.132990e+08
   0.000000e+00  0.000000e+00]
 [ 0.000000e+00  0.000000e+00 -8.567467e+12  0.000000e+00  2.855822e+12
   0.000000e+00  0.000000e+00  0.000000e+00  8.567467e+12  0.000000e+00
   1.427911e+12  0.000000e+00]
 [ 0.000000e+00  8.550400e+12  0.000000e+00  0.000000e+00  0.000000e+00
   2.850133e+12  0.000000e+00 -8.550400e+12  0.000000e+00  0.000000e+00
   0.000000e+00  1.425067e+12]]
2025-04-07 13:53:53,452 - pre_processing.element_library.element_1D_base - DEBUG - 
2025-04-07 13:53:53,452 - pre_processing.element_library.element_1D_base - DEBUG - 
2025-04-07 13:53:53,452 - pre_processing.element_library.element_1D_base - DEBUG - 
----- Gauss Point 3/3 -----
2025-04-07 13:53:53,452 - pre_processing.element_library.element_1D_base - DEBUG - 
----- Gauss Point 3/3 -----
2025-04-07 13:53:53,460 - pre_processing.element_library.element_1D_base - DEBUG - Natural Coordinate (xi): 7.745967e-01, Gauss Weight: 5.555556e-01
2025-04-07 13:53:53,460 - pre_processing.element_library.element_1D_base - DEBUG - Natural Coordinate (xi): 7.745967e-01, Gauss Weight: 5.555556e-01
2025-04-07 13:53:53,462 - pre_processing.element_library.element_1D_base - DEBUG - Shape Function First Derivatives (dN_dxi):
2025-04-07 13:53:53,462 - pre_processing.element_library.element_1D_base - DEBUG - Shape Function First Derivatives (dN_dxi):
2025-04-07 13:53:53,463 - pre_processing.element_library.element_1D_base - DEBUG - [[-0.5       0.        0.        0.        0.        0.      ]
 [ 0.       -1.04758   0.        0.        0.        0.      ]
 [ 0.        0.       -1.04758   0.        0.        0.      ]
 [ 0.        0.        0.       -0.5       0.        0.      ]
 [ 0.        0.        0.        0.        0.149193  0.      ]
 [ 0.        0.        0.        0.        0.       -0.149193]
 [ 0.5       0.        0.        0.        0.        0.      ]
 [ 0.        1.04758   0.        0.        0.        0.      ]
 [ 0.        0.        1.04758   0.        0.        0.      ]
 [ 0.        0.        0.        0.5       0.        0.      ]
 [ 0.        0.        0.        0.       -0.125403  0.      ]
 [ 0.        0.        0.        0.        0.        0.125403]]
2025-04-07 13:53:53,463 - pre_processing.element_library.element_1D_base - DEBUG - [[-0.5       0.        0.        0.        0.        0.      ]
 [ 0.       -1.04758   0.        0.        0.        0.      ]
 [ 0.        0.       -1.04758   0.        0.        0.      ]
 [ 0.        0.        0.       -0.5       0.        0.      ]
 [ 0.        0.        0.        0.        0.149193  0.      ]
 [ 0.        0.        0.        0.        0.       -0.149193]
 [ 0.5       0.        0.        0.        0.        0.      ]
 [ 0.        1.04758   0.        0.        0.        0.      ]
 [ 0.        0.        1.04758   0.        0.        0.      ]
 [ 0.        0.        0.        0.5       0.        0.      ]
 [ 0.        0.        0.        0.       -0.125403  0.      ]
 [ 0.        0.        0.        0.        0.        0.125403]]
2025-04-07 13:53:53,463 - pre_processing.element_library.element_1D_base - DEBUG - Shape Function Second Derivatives (d2N_dxi2):
2025-04-07 13:53:53,463 - pre_processing.element_library.element_1D_base - DEBUG - Shape Function Second Derivatives (d2N_dxi2):
2025-04-07 13:53:53,463 - pre_processing.element_library.element_1D_base - DEBUG - [[ 0.       0.       0.       0.       0.       0.     ]
 [ 0.       3.29516  0.       0.       0.       0.     ]
 [ 0.       0.       3.29516  0.       0.       0.     ]
 [ 0.       0.       0.       0.       0.       0.     ]
 [ 0.       0.       0.       0.      -0.32379  0.     ]
 [ 0.       0.       0.       0.       0.       0.32379]
 [ 0.       0.       0.       0.       0.       0.     ]
 [ 0.      -3.29516  0.       0.       0.       0.     ]
 [ 0.       0.      -3.29516  0.       0.       0.     ]
 [ 0.       0.       0.       0.       0.       0.     ]
 [ 0.       0.       0.       0.      -1.32379  0.     ]
 [ 0.       0.       0.       0.       0.       1.32379]]
2025-04-07 13:53:53,463 - pre_processing.element_library.element_1D_base - DEBUG - [[ 0.       0.       0.       0.       0.       0.     ]
 [ 0.       3.29516  0.       0.       0.       0.     ]
 [ 0.       0.       3.29516  0.       0.       0.     ]
 [ 0.       0.       0.       0.       0.       0.     ]
 [ 0.       0.       0.       0.      -0.32379  0.     ]
 [ 0.       0.       0.       0.       0.       0.32379]
 [ 0.       0.       0.       0.       0.       0.     ]
 [ 0.      -3.29516  0.       0.       0.       0.     ]
 [ 0.       0.      -3.29516  0.       0.       0.     ]
 [ 0.       0.       0.       0.       0.       0.     ]
 [ 0.       0.       0.       0.      -1.32379  0.     ]
 [ 0.       0.       0.       0.       0.       1.32379]]
2025-04-07 13:53:53,463 - pre_processing.element_library.element_1D_base - DEBUG - Strain-Displacement Matrix (B):
2025-04-07 13:53:53,463 - pre_processing.element_library.element_1D_base - DEBUG - Strain-Displacement Matrix (B):
2025-04-07 13:53:53,469 - pre_processing.element_library.element_1D_base - DEBUG - [[ -1.        0.        0.        0.        0.        0.        1.
    0.        0.        0.        0.        0.     ]
 [  0.       13.18064   0.        0.        0.        1.29516   0.
  -13.18064   0.        0.        0.        5.29516]
 [  0.        0.       13.18064   0.       -1.29516   0.        0.
    0.      -13.18064   0.       -5.29516   0.     ]
 [  0.        0.        0.       -1.        0.        0.        0.
    0.        0.        1.        0.        0.     ]]
2025-04-07 13:53:53,469 - pre_processing.element_library.element_1D_base - DEBUG - [[ -1.        0.        0.        0.        0.        0.        1.
    0.        0.        0.        0.        0.     ]
 [  0.       13.18064   0.        0.        0.        1.29516   0.
  -13.18064   0.        0.        0.        5.29516]
 [  0.        0.       13.18064   0.       -1.29516   0.        0.
    0.      -13.18064   0.       -5.29516   0.     ]
 [  0.        0.        0.       -1.        0.        0.        0.
    0.        0.        1.        0.        0.     ]]
2025-04-07 13:53:53,470 - pre_processing.element_library.element_1D_base - DEBUG - Strain-Displacement Matrix Transpose (B.T):
2025-04-07 13:53:53,470 - pre_processing.element_library.element_1D_base - DEBUG - Strain-Displacement Matrix Transpose (B.T):
2025-04-07 13:53:53,471 - pre_processing.element_library.element_1D_base - DEBUG - [[ -1.        0.        0.        0.     ]
 [  0.       13.18064   0.        0.     ]
 [  0.        0.       13.18064   0.     ]
 [  0.        0.        0.       -1.     ]
 [  0.        0.       -1.29516   0.     ]
 [  0.        1.29516   0.        0.     ]
 [  1.        0.        0.        0.     ]
 [  0.      -13.18064   0.        0.     ]
 [  0.        0.      -13.18064   0.     ]
 [  0.        0.        0.        1.     ]
 [  0.        0.       -5.29516   0.     ]
 [  0.        5.29516   0.        0.     ]]
2025-04-07 13:53:53,471 - pre_processing.element_library.element_1D_base - DEBUG - [[ -1.        0.        0.        0.     ]
 [  0.       13.18064   0.        0.     ]
 [  0.        0.       13.18064   0.     ]
 [  0.        0.        0.       -1.     ]
 [  0.        0.       -1.29516   0.     ]
 [  0.        1.29516   0.        0.     ]
 [  1.        0.        0.        0.     ]
 [  0.      -13.18064   0.        0.     ]
 [  0.        0.      -13.18064   0.     ]
 [  0.        0.        0.        1.     ]
 [  0.        0.       -5.29516   0.     ]
 [  0.        5.29516   0.        0.     ]]
2025-04-07 13:53:53,473 - pre_processing.element_library.element_1D_base - DEBUG - Element Stiffness Matrix Contribution at Gauss Point:
2025-04-07 13:53:53,473 - pre_processing.element_library.element_1D_base - DEBUG - Element Stiffness Matrix Contribution at Gauss Point:
2025-04-07 13:53:53,473 - pre_processing.element_library.element_1D_base - DEBUG - [[ 5.061111e+07  0.000000e+00  0.000000e+00  0.000000e+00  0.000000e+00
   0.000000e+00 -5.061111e+07  0.000000e+00  0.000000e+00  0.000000e+00
   0.000000e+00  0.000000e+00]
 [ 0.000000e+00  9.670930e+12  0.000000e+00  0.000000e+00  0.000000e+00
   9.502878e+11  0.000000e+00 -9.670930e+12  0.000000e+00  0.000000e+00
   0.000000e+00  3.885177e+12]
 [ 0.000000e+00  0.000000e+00  9.690233e+12  0.000000e+00 -9.521846e+11
   0.000000e+00  0.000000e+00  0.000000e+00 -9.690233e+12  0.000000e+00
  -3.892932e+12  0.000000e+00]
 [ 0.000000e+00  0.000000e+00  0.000000e+00  7.081190e+07  0.000000e+00
   0.000000e+00  0.000000e+00  0.000000e+00  0.000000e+00 -7.081190e+07
   0.000000e+00  0.000000e+00]
 [ 0.000000e+00  0.000000e+00 -9.521846e+11  0.000000e+00  9.356385e+10
   0.000000e+00  0.000000e+00  0.000000e+00  9.521846e+11  0.000000e+00
   3.825284e+11  0.000000e+00]
 [ 0.000000e+00  9.502878e+11  0.000000e+00  0.000000e+00  0.000000e+00
   9.337747e+10  0.000000e+00 -9.502878e+11  0.000000e+00  0.000000e+00
   0.000000e+00  3.817664e+11]
 [-5.061111e+07  0.000000e+00  0.000000e+00  0.000000e+00  0.000000e+00
   0.000000e+00  5.061111e+07  0.000000e+00  0.000000e+00  0.000000e+00
   0.000000e+00  0.000000e+00]
 [ 0.000000e+00 -9.670930e+12  0.000000e+00  0.000000e+00  0.000000e+00
  -9.502878e+11  0.000000e+00  9.670930e+12  0.000000e+00  0.000000e+00
   0.000000e+00 -3.885177e+12]
 [ 0.000000e+00  0.000000e+00 -9.690233e+12  0.000000e+00  9.521846e+11
   0.000000e+00  0.000000e+00  0.000000e+00  9.690233e+12  0.000000e+00
   3.892932e+12  0.000000e+00]
 [ 0.000000e+00  0.000000e+00  0.000000e+00 -7.081190e+07  0.000000e+00
   0.000000e+00  0.000000e+00  0.000000e+00  0.000000e+00  7.081190e+07
   0.000000e+00  0.000000e+00]
 [ 0.000000e+00  0.000000e+00 -3.892932e+12  0.000000e+00  3.825284e+11
   0.000000e+00  0.000000e+00  0.000000e+00  3.892932e+12  0.000000e+00
   1.563937e+12  0.000000e+00]
 [ 0.000000e+00  3.885177e+12  0.000000e+00  0.000000e+00  0.000000e+00
   3.817664e+11  0.000000e+00 -3.885177e+12  0.000000e+00  0.000000e+00
   0.000000e+00  1.560822e+12]]
2025-04-07 13:53:53,473 - pre_processing.element_library.element_1D_base - DEBUG - [[ 5.061111e+07  0.000000e+00  0.000000e+00  0.000000e+00  0.000000e+00
   0.000000e+00 -5.061111e+07  0.000000e+00  0.000000e+00  0.000000e+00
   0.000000e+00  0.000000e+00]
 [ 0.000000e+00  9.670930e+12  0.000000e+00  0.000000e+00  0.000000e+00
   9.502878e+11  0.000000e+00 -9.670930e+12  0.000000e+00  0.000000e+00
   0.000000e+00  3.885177e+12]
 [ 0.000000e+00  0.000000e+00  9.690233e+12  0.000000e+00 -9.521846e+11
   0.000000e+00  0.000000e+00  0.000000e+00 -9.690233e+12  0.000000e+00
  -3.892932e+12  0.000000e+00]
 [ 0.000000e+00  0.000000e+00  0.000000e+00  7.081190e+07  0.000000e+00
   0.000000e+00  0.000000e+00  0.000000e+00  0.000000e+00 -7.081190e+07
   0.000000e+00  0.000000e+00]
 [ 0.000000e+00  0.000000e+00 -9.521846e+11  0.000000e+00  9.356385e+10
   0.000000e+00  0.000000e+00  0.000000e+00  9.521846e+11  0.000000e+00
   3.825284e+11  0.000000e+00]
 [ 0.000000e+00  9.502878e+11  0.000000e+00  0.000000e+00  0.000000e+00
   9.337747e+10  0.000000e+00 -9.502878e+11  0.000000e+00  0.000000e+00
   0.000000e+00  3.817664e+11]
 [-5.061111e+07  0.000000e+00  0.000000e+00  0.000000e+00  0.000000e+00
   0.000000e+00  5.061111e+07  0.000000e+00  0.000000e+00  0.000000e+00
   0.000000e+00  0.000000e+00]
 [ 0.000000e+00 -9.670930e+12  0.000000e+00  0.000000e+00  0.000000e+00
  -9.502878e+11  0.000000e+00  9.670930e+12  0.000000e+00  0.000000e+00
   0.000000e+00 -3.885177e+12]
 [ 0.000000e+00  0.000000e+00 -9.690233e+12  0.000000e+00  9.521846e+11
   0.000000e+00  0.000000e+00  0.000000e+00  9.690233e+12  0.000000e+00
   3.892932e+12  0.000000e+00]
 [ 0.000000e+00  0.000000e+00  0.000000e+00 -7.081190e+07  0.000000e+00
   0.000000e+00  0.000000e+00  0.000000e+00  0.000000e+00  7.081190e+07
   0.000000e+00  0.000000e+00]
 [ 0.000000e+00  0.000000e+00 -3.892932e+12  0.000000e+00  3.825284e+11
   0.000000e+00  0.000000e+00  0.000000e+00  3.892932e+12  0.000000e+00
   1.563937e+12  0.000000e+00]
 [ 0.000000e+00  3.885177e+12  0.000000e+00  0.000000e+00  0.000000e+00
   3.817664e+11  0.000000e+00 -3.885177e+12  0.000000e+00  0.000000e+00
   0.000000e+00  1.560822e+12]]
2025-04-07 13:53:53,473 - pre_processing.element_library.element_1D_base - DEBUG - 
2025-04-07 13:53:53,473 - pre_processing.element_library.element_1D_base - DEBUG - 
2025-04-07 13:53:53,473 - pre_processing.element_library.element_1D_base - DEBUG - 
===== Final Element Stiffness Matrix (Ke) =====
2025-04-07 13:53:53,473 - pre_processing.element_library.element_1D_base - DEBUG - 
===== Final Element Stiffness Matrix (Ke) =====
2025-04-07 13:53:53,479 - pre_processing.element_library.element_1D_base - DEBUG - [[ 1.822000e+08  0.000000e+00  0.000000e+00  0.000000e+00  0.000000e+00
   0.000000e+00 -1.822000e+08  0.000000e+00  0.000000e+00  0.000000e+00
   0.000000e+00  0.000000e+00]
 [ 0.000000e+00  2.693376e+14  0.000000e+00  0.000000e+00  0.000000e+00
   7.695360e+13  0.000000e+00 -2.693376e+14  0.000000e+00  0.000000e+00
   0.000000e+00  5.771520e+13]
 [ 0.000000e+00  0.000000e+00  2.698752e+14  0.000000e+00 -7.710720e+13
   0.000000e+00  0.000000e+00  0.000000e+00 -2.698752e+14  0.000000e+00
  -5.783040e+13  0.000000e+00]
 [ 0.000000e+00  0.000000e+00  0.000000e+00  2.549228e+08  0.000000e+00
   0.000000e+00  0.000000e+00  0.000000e+00  0.000000e+00 -2.549228e+08
   0.000000e+00  0.000000e+00]
 [ 0.000000e+00  0.000000e+00 -7.710720e+13  0.000000e+00  2.248960e+13
   0.000000e+00  0.000000e+00  0.000000e+00  7.710720e+13  0.000000e+00
   1.606400e+13  0.000000e+00]
 [ 0.000000e+00  7.695360e+13  0.000000e+00  0.000000e+00  0.000000e+00
   2.244480e+13  0.000000e+00 -7.695360e+13  0.000000e+00  0.000000e+00
   0.000000e+00  1.603200e+13]
 [-1.822000e+08  0.000000e+00  0.000000e+00  0.000000e+00  0.000000e+00
   0.000000e+00  1.822000e+08  0.000000e+00  0.000000e+00  0.000000e+00
   0.000000e+00  0.000000e+00]
 [ 0.000000e+00 -2.693376e+14  0.000000e+00  0.000000e+00  0.000000e+00
  -7.695360e+13  0.000000e+00  2.693376e+14  0.000000e+00  0.000000e+00
   0.000000e+00 -5.771520e+13]
 [ 0.000000e+00  0.000000e+00 -2.698752e+14  0.000000e+00  7.710720e+13
   0.000000e+00  0.000000e+00  0.000000e+00  2.698752e+14  0.000000e+00
   5.783040e+13  0.000000e+00]
 [ 0.000000e+00  0.000000e+00  0.000000e+00 -2.549228e+08  0.000000e+00
   0.000000e+00  0.000000e+00  0.000000e+00  0.000000e+00  2.549228e+08
   0.000000e+00  0.000000e+00]
 [ 0.000000e+00  0.000000e+00 -5.783040e+13  0.000000e+00  1.606400e+13
   0.000000e+00  0.000000e+00  0.000000e+00  5.783040e+13  0.000000e+00
   1.285120e+13  0.000000e+00]
 [ 0.000000e+00  5.771520e+13  0.000000e+00  0.000000e+00  0.000000e+00
   1.603200e+13  0.000000e+00 -5.771520e+13  0.000000e+00  0.000000e+00
   0.000000e+00  1.282560e+13]]
2025-04-07 13:53:53,479 - pre_processing.element_library.element_1D_base - DEBUG - [[ 1.822000e+08  0.000000e+00  0.000000e+00  0.000000e+00  0.000000e+00
   0.000000e+00 -1.822000e+08  0.000000e+00  0.000000e+00  0.000000e+00
   0.000000e+00  0.000000e+00]
 [ 0.000000e+00  2.693376e+14  0.000000e+00  0.000000e+00  0.000000e+00
   7.695360e+13  0.000000e+00 -2.693376e+14  0.000000e+00  0.000000e+00
   0.000000e+00  5.771520e+13]
 [ 0.000000e+00  0.000000e+00  2.698752e+14  0.000000e+00 -7.710720e+13
   0.000000e+00  0.000000e+00  0.000000e+00 -2.698752e+14  0.000000e+00
  -5.783040e+13  0.000000e+00]
 [ 0.000000e+00  0.000000e+00  0.000000e+00  2.549228e+08  0.000000e+00
   0.000000e+00  0.000000e+00  0.000000e+00  0.000000e+00 -2.549228e+08
   0.000000e+00  0.000000e+00]
 [ 0.000000e+00  0.000000e+00 -7.710720e+13  0.000000e+00  2.248960e+13
   0.000000e+00  0.000000e+00  0.000000e+00  7.710720e+13  0.000000e+00
   1.606400e+13  0.000000e+00]
 [ 0.000000e+00  7.695360e+13  0.000000e+00  0.000000e+00  0.000000e+00
   2.244480e+13  0.000000e+00 -7.695360e+13  0.000000e+00  0.000000e+00
   0.000000e+00  1.603200e+13]
 [-1.822000e+08  0.000000e+00  0.000000e+00  0.000000e+00  0.000000e+00
   0.000000e+00  1.822000e+08  0.000000e+00  0.000000e+00  0.000000e+00
   0.000000e+00  0.000000e+00]
 [ 0.000000e+00 -2.693376e+14  0.000000e+00  0.000000e+00  0.000000e+00
  -7.695360e+13  0.000000e+00  2.693376e+14  0.000000e+00  0.000000e+00
   0.000000e+00 -5.771520e+13]
 [ 0.000000e+00  0.000000e+00 -2.698752e+14  0.000000e+00  7.710720e+13
   0.000000e+00  0.000000e+00  0.000000e+00  2.698752e+14  0.000000e+00
   5.783040e+13  0.000000e+00]
 [ 0.000000e+00  0.000000e+00  0.000000e+00 -2.549228e+08  0.000000e+00
   0.000000e+00  0.000000e+00  0.000000e+00  0.000000e+00  2.549228e+08
   0.000000e+00  0.000000e+00]
 [ 0.000000e+00  0.000000e+00 -5.783040e+13  0.000000e+00  1.606400e+13
   0.000000e+00  0.000000e+00  0.000000e+00  5.783040e+13  0.000000e+00
   1.285120e+13  0.000000e+00]
 [ 0.000000e+00  5.771520e+13  0.000000e+00  0.000000e+00  0.000000e+00
   1.603200e+13  0.000000e+00 -5.771520e+13  0.000000e+00  0.000000e+00
   0.000000e+00  1.282560e+13]]
2025-04-07 13:53:53,586 - pre_processing.element_library.element_1D_base - DEBUG - Element Force Vector Computation (Element ID: 0)
2025-04-07 13:53:53,586 - pre_processing.element_library.element_1D_base - DEBUG - Element Force Vector Computation (Element ID: 0)
2025-04-07 13:53:53,588 - pre_processing.element_library.element_1D_base - DEBUG - 
===== Final Element Force Vector =====
2025-04-07 13:53:53,588 - pre_processing.element_library.element_1D_base - DEBUG - 
===== Final Element Force Vector =====
2025-04-07 13:53:53,588 - pre_processing.element_library.element_1D_base - DEBUG - [[0. 0. 0. 0. 0. 0. 0. 0. 0. 0. 0. 0.]]
2025-04-07 13:53:53,588 - pre_processing.element_library.element_1D_base - DEBUG - [[0. 0. 0. 0. 0. 0. 0. 0. 0. 0. 0. 0.]]
2025-04-07 13:53:53,594 - pre_processing.element_library.element_1D_base - DEBUG - Element Force Vector Computation (Element ID: 1)
2025-04-07 13:53:53,594 - pre_processing.element_library.element_1D_base - DEBUG - Element Force Vector Computation (Element ID: 1)
2025-04-07 13:53:53,596 - pre_processing.element_library.element_1D_base - DEBUG - 
Point Load at x_p = 2.000000e+00 (xi_p = 1.000000e+00)
2025-04-07 13:53:53,596 - pre_processing.element_library.element_1D_base - DEBUG - 
Point Load at x_p = 2.000000e+00 (xi_p = 1.000000e+00)
2025-04-07 13:53:53,599 - pre_processing.element_library.element_1D_base - DEBUG - Point Load Vector (F_p): [      0. -100000.       0.       0.       0.       0.]
2025-04-07 13:53:53,599 - pre_processing.element_library.element_1D_base - DEBUG - Point Load Vector (F_p): [      0. -100000.       0.       0.       0.       0.]
2025-04-07 13:53:53,603 - pre_processing.element_library.element_1D_base - DEBUG - Shape Function Values at Load Point:
2025-04-07 13:53:53,603 - pre_processing.element_library.element_1D_base - DEBUG - Shape Function Values at Load Point:
2025-04-07 13:53:53,607 - pre_processing.element_library.element_1D_base - DEBUG - [[ 0.  0.  0.  0.  0.  0.]
 [ 0.  0.  0.  0.  0.  0.]
 [ 0.  0.  0.  0.  0.  0.]
 [ 0.  0.  0.  0.  0.  0.]
 [ 0.  0.  0.  0. -0.  0.]
 [ 0.  0.  0.  0.  0.  0.]
 [ 1.  0.  0.  0.  0.  0.]
 [ 0.  1.  0.  0.  0.  0.]
 [ 0.  0.  1.  0.  0.  0.]
 [ 0.  0.  0.  1.  0.  0.]
 [ 0.  0.  0.  0. -0.  0.]
 [ 0.  0.  0.  0.  0.  0.]]
2025-04-07 13:53:53,607 - pre_processing.element_library.element_1D_base - DEBUG - [[ 0.  0.  0.  0.  0.  0.]
 [ 0.  0.  0.  0.  0.  0.]
 [ 0.  0.  0.  0.  0.  0.]
 [ 0.  0.  0.  0.  0.  0.]
 [ 0.  0.  0.  0. -0.  0.]
 [ 0.  0.  0.  0.  0.  0.]
 [ 1.  0.  0.  0.  0.  0.]
 [ 0.  1.  0.  0.  0.  0.]
 [ 0.  0.  1.  0.  0.  0.]
 [ 0.  0.  0.  1.  0.  0.]
 [ 0.  0.  0.  0. -0.  0.]
 [ 0.  0.  0.  0.  0.  0.]]
2025-04-07 13:53:53,607 - pre_processing.element_library.element_1D_base - DEBUG - Separated Translational Contribution:
2025-04-07 13:53:53,607 - pre_processing.element_library.element_1D_base - DEBUG - Separated Translational Contribution:
2025-04-07 13:53:53,613 - pre_processing.element_library.element_1D_base - DEBUG - [[      0.       0.       0.       0. -100000.       0.]]
2025-04-07 13:53:53,613 - pre_processing.element_library.element_1D_base - DEBUG - [[      0.       0.       0.       0. -100000.       0.]]
2025-04-07 13:53:53,615 - pre_processing.element_library.element_1D_base - DEBUG - Separated Rotational Contribution:
2025-04-07 13:53:53,615 - pre_processing.element_library.element_1D_base - DEBUG - Separated Rotational Contribution:
2025-04-07 13:53:53,618 - pre_processing.element_library.element_1D_base - DEBUG - [[0. 0. 0. 0. 0. 0.]]
2025-04-07 13:53:53,618 - pre_processing.element_library.element_1D_base - DEBUG - [[0. 0. 0. 0. 0. 0.]]
2025-04-07 13:53:53,618 - pre_processing.element_library.element_1D_base - DEBUG - Updated Element Force Vector:
2025-04-07 13:53:53,618 - pre_processing.element_library.element_1D_base - DEBUG - Updated Element Force Vector:
2025-04-07 13:53:53,622 - pre_processing.element_library.element_1D_base - DEBUG - [[      0.       0.       0.       0.       0.       0.       0. -100000.
        0.       0.       0.       0.]]
2025-04-07 13:53:53,622 - pre_processing.element_library.element_1D_base - DEBUG - [[      0.       0.       0.       0.       0.       0.       0. -100000.
        0.       0.       0.       0.]]
2025-04-07 13:53:53,624 - pre_processing.element_library.element_1D_base - DEBUG - 
===== Final Element Force Vector =====
2025-04-07 13:53:53,624 - pre_processing.element_library.element_1D_base - DEBUG - 
===== Final Element Force Vector =====
2025-04-07 13:53:53,626 - pre_processing.element_library.element_1D_base - DEBUG - [[      0.       0.       0.       0.       0.       0.       0. -100000.
        0.       0.       0.       0.]]
2025-04-07 13:53:53,626 - pre_processing.element_library.element_1D_base - DEBUG - [[      0.       0.       0.       0.       0.       0.       0. -100000.
        0.       0.       0.       0.]]
