Machine Specifications:
   - OS: Windows 11 (10.0.22631)
   - CPU: Intel64 Family 6 Model 151 Stepping 2, GenuineIntel (20 cores)
   - RAM: 31.24 GB
   - Python Version: 3.12.5

Job: job_0008
Timestamp (job start): 2025-04-07_13-53-55
Total Time: 1.85 sec

+-------------------------------+------------+---------------+-------------+-----------+
| Step                          |   Time (s) |   Memory (MB) |   Disk (GB) |   CPU (%) |
+===============================+============+===============+=============+===========+
| Parsing                       | 0.00785351 |       105.773 |     785.423 |         0 |
+-------------------------------+------------+---------------+-------------+-----------+
| Element Instantiation         | 0          |       105.82  |     785.423 |         0 |
+-------------------------------+------------+---------------+-------------+-----------+
| Element Stiffness Computation | 0.133628   |       106.074 |     785.424 |         0 |
+-------------------------------+------------+---------------+-------------+-----------+
| Element Force Computation     | 0.0456784  |       106.098 |     785.425 |         0 |
+-------------------------------+------------+---------------+-------------+-----------+
| Setup Simulation              | 0          |       106.129 |     785.425 |         0 |
+-------------------------------+------------+---------------+-------------+-----------+
| Assemble Global Matrices      | 0.0194685  |       106.91  |     785.426 |         0 |
+-------------------------------+------------+---------------+-------------+-----------+
| Modify Global Matrices        | 0.0142114  |       107.105 |     785.427 |         0 |
+-------------------------------+------------+---------------+-------------+-----------+
| Solve Linear Static System    | 0.392245   |       124.836 |     785.428 |         0 |
+-------------------------------+------------+---------------+-------------+-----------+
| Compute Primary Results       | 0.00287318 |       124.84  |     785.429 |         0 |
+-------------------------------+------------+---------------+-------------+-----------+
| Save Primary Results          | 0.108258   |       124.844 |     785.429 |         0 |
+-------------------------------+------------+---------------+-------------+-----------+

Parallel Jobs: job_0007
Start Memory: 105.68 MB | End Memory: 124.84 MB
Start Disk Usage: 785.42 GB | End Disk Usage: 785.43 GB
Start CPU: 0.00% | End CPU: 0.00%
