Machine Specifications:
   - OS: Windows 11 (10.0.22631)
   - CPU: Intel64 Family 6 Model 151 Stepping 2, GenuineIntel (20 cores)
   - RAM: 31.24 GB
   - Python Version: 3.12.5

Job: job_0004
Timestamp (job start): 2025-03-17_10-25-48
Total Time: 7.15 sec

+-------------------------------+------------+---------------+-------------+-----------+
| Step                          |   Time (s) |   Memory (MB) |   Disk (GB) |   CPU (%) |
+===============================+============+===============+=============+===========+
| Parsing                       | 0.0105205  |       106.258 |     759.669 |         0 |
+-------------------------------+------------+---------------+-------------+-----------+
| Element Instantiation         | 0.00452375 |       106.301 |     759.669 |         0 |
+-------------------------------+------------+---------------+-------------+-----------+
| Element Stiffness Computation | 1.87715    |       106.48  |     759.675 |         0 |
+-------------------------------+------------+---------------+-------------+-----------+
| Element Force Computation     | 3.43126    |       106.508 |     759.679 |         0 |
+-------------------------------+------------+---------------+-------------+-----------+
| Setup Simulation              | 0          |       106.539 |     759.679 |         0 |
+-------------------------------+------------+---------------+-------------+-----------+
| Assemble Global Matrices      | 0.0414331  |       108.727 |     759.68  |         0 |
+-------------------------------+------------+---------------+-------------+-----------+
| Modify Global Matrices        | 0.0553486  |       109.371 |     759.68  |         0 |
+-------------------------------+------------+---------------+-------------+-----------+
| Solve Linear Static System    | 0.51023    |       124.336 |     759.681 |         0 |
+-------------------------------+------------+---------------+-------------+-----------+
| Compute Primary Results       | 0.0045135  |       124.34  |     759.681 |         0 |
+-------------------------------+------------+---------------+-------------+-----------+
| Save Primary Results          | 0.0875542  |       124.371 |     759.681 |         0 |
+-------------------------------+------------+---------------+-------------+-----------+

Parallel Jobs: job_0001, job_0003, job_0002, job_0006, job_0005
Start Memory: 105.94 MB | End Memory: 124.37 MB
Start Disk Usage: 759.67 GB | End Disk Usage: 759.68 GB
Start CPU: 0.00% | End CPU: 0.00%
