Machine Specifications:
   - OS: Windows 11 (10.0.22631)
   - CPU: Intel64 Family 6 Model 151 Stepping 2, GenuineIntel (20 cores)
   - RAM: 31.24 GB
   - Python Version: 3.12.5

Job: job_0003
Timestamp (job start): 2025-03-14_16-59-41
Total Time: 1.78 sec

+-------------------------------+------------+---------------+-------------+-----------+
| Step                          |   Time (s) |   Memory (MB) |   Disk (GB) |   CPU (%) |
+===============================+============+===============+=============+===========+
| Parsing                       | 0.00871468 |       78.8633 |     760.131 |         0 |
+-------------------------------+------------+---------------+-------------+-----------+
| Element Instantiation         | 0          |       78.9141 |     760.131 |         0 |
+-------------------------------+------------+---------------+-------------+-----------+
| Element Stiffness Computation | 0.00726676 |       79.1016 |     760.131 |         0 |
+-------------------------------+------------+---------------+-------------+-----------+
| Element Force Computation     | 0.00103688 |       79.1055 |     760.131 |         0 |
+-------------------------------+------------+---------------+-------------+-----------+
| Setup Simulation              | 0          |       79.1875 |     760.131 |         0 |
+-------------------------------+------------+---------------+-------------+-----------+
| Assemble Global Matrices      | 0.201531   |       80.3125 |     760.131 |         0 |
+-------------------------------+------------+---------------+-------------+-----------+
| Modify Global Matrices        | 0.009027   |       80.4258 |     760.131 |         0 |
+-------------------------------+------------+---------------+-------------+-----------+
| Solve Linear Static System    | 0.352931   |       96.4688 |     760.132 |         0 |
+-------------------------------+------------+---------------+-------------+-----------+
| Compute Primary Results       | 0.00253057 |       96.4727 |     760.132 |         0 |
+-------------------------------+------------+---------------+-------------+-----------+
| Save Primary Results          | 0.0671005  |       96.4766 |     760.132 |         0 |
+-------------------------------+------------+---------------+-------------+-----------+

Parallel Jobs: job_0002, job_0001, job_0006
Start Memory: 78.76 MB | End Memory: 96.48 MB
Start Disk Usage: 760.13 GB | End Disk Usage: 760.13 GB
Start CPU: 0.00% | End CPU: 0.00%
