2025-07-07 19:50:07,809 [DEBUG]: 🟢 ElementFactory logger initialised.
2025-07-07 19:50:07,811 [INFO]: 🚩 Starting batch element creation.
2025-07-07 19:50:07,812 [DEBUG]: Element IDs sanitised: [0, 1, 2, 3, 4, 5, 6, 7, 8, 9, 10, 11, 12, 13, 14, 15, 16, 17, 18, 19, 20, 21, 22, 23, 24, 25, 26, 27, 28, 29, 30, 31, 32, 33, 34, 35, 36, 37, 38, 39, 40, 41, 42, 43, 44, 45, 46, 47, 48, 49, 50, 51, 52, 53, 54, 55, 56, 57, 58, 59, 60, 61, 62, 63, 64, 65, 66, 67, 68, 69, 70, 71, 72, 73, 74, 75, 76, 77, 78, 79, 80, 81, 82, 83, 84, 85, 86, 87, 88, 89, 90, 91, 92, 93, 94, 95, 96, 97, 98, 99]
2025-07-07 19:50:07,815 [DEBUG]: Module for EulerBernoulliBeamElement3D loaded.
2025-07-07 19:50:07,817 [DEBUG]: ✅ Element 0 (EulerBernoulliBeamElement3D) instantiated.
2025-07-07 19:50:07,821 [DEBUG]: ✅ Element 1 (EulerBernoulliBeamElement3D) instantiated.
2025-07-07 19:50:07,824 [DEBUG]: ✅ Element 2 (EulerBernoulliBeamElement3D) instantiated.
2025-07-07 19:50:07,824 [DEBUG]: ✅ Element 3 (EulerBernoulliBeamElement3D) instantiated.
2025-07-07 19:50:07,824 [DEBUG]: ✅ Element 4 (EulerBernoulliBeamElement3D) instantiated.
2025-07-07 19:50:07,832 [DEBUG]: ✅ Element 5 (EulerBernoulliBeamElement3D) instantiated.
2025-07-07 19:50:07,834 [DEBUG]: ✅ Element 6 (EulerBernoulliBeamElement3D) instantiated.
2025-07-07 19:50:07,836 [DEBUG]: ✅ Element 7 (EulerBernoulliBeamElement3D) instantiated.
2025-07-07 19:50:07,837 [DEBUG]: ✅ Element 8 (EulerBernoulliBeamElement3D) instantiated.
2025-07-07 19:50:07,839 [DEBUG]: ✅ Element 9 (EulerBernoulliBeamElement3D) instantiated.
2025-07-07 19:50:07,841 [DEBUG]: ✅ Element 10 (EulerBernoulliBeamElement3D) instantiated.
2025-07-07 19:50:07,842 [DEBUG]: ✅ Element 11 (EulerBernoulliBeamElement3D) instantiated.
2025-07-07 19:50:07,844 [DEBUG]: ✅ Element 12 (EulerBernoulliBeamElement3D) instantiated.
2025-07-07 19:50:07,846 [DEBUG]: ✅ Element 13 (EulerBernoulliBeamElement3D) instantiated.
2025-07-07 19:50:07,848 [DEBUG]: ✅ Element 14 (EulerBernoulliBeamElement3D) instantiated.
2025-07-07 19:50:07,850 [DEBUG]: ✅ Element 15 (EulerBernoulliBeamElement3D) instantiated.
2025-07-07 19:50:07,851 [DEBUG]: ✅ Element 16 (EulerBernoulliBeamElement3D) instantiated.
2025-07-07 19:50:07,854 [DEBUG]: ✅ Element 17 (EulerBernoulliBeamElement3D) instantiated.
2025-07-07 19:50:07,855 [DEBUG]: ✅ Element 18 (EulerBernoulliBeamElement3D) instantiated.
2025-07-07 19:50:07,857 [DEBUG]: ✅ Element 19 (EulerBernoulliBeamElement3D) instantiated.
2025-07-07 19:50:07,858 [DEBUG]: ✅ Element 20 (EulerBernoulliBeamElement3D) instantiated.
2025-07-07 19:50:07,859 [DEBUG]: ✅ Element 21 (EulerBernoulliBeamElement3D) instantiated.
2025-07-07 19:50:07,861 [DEBUG]: ✅ Element 22 (EulerBernoulliBeamElement3D) instantiated.
2025-07-07 19:50:07,862 [DEBUG]: ✅ Element 23 (EulerBernoulliBeamElement3D) instantiated.
2025-07-07 19:50:07,864 [DEBUG]: ✅ Element 24 (EulerBernoulliBeamElement3D) instantiated.
2025-07-07 19:50:07,866 [DEBUG]: ✅ Element 25 (EulerBernoulliBeamElement3D) instantiated.
2025-07-07 19:50:07,869 [DEBUG]: ✅ Element 26 (EulerBernoulliBeamElement3D) instantiated.
2025-07-07 19:50:07,870 [DEBUG]: ✅ Element 27 (EulerBernoulliBeamElement3D) instantiated.
2025-07-07 19:50:07,872 [DEBUG]: ✅ Element 28 (EulerBernoulliBeamElement3D) instantiated.
2025-07-07 19:50:07,874 [DEBUG]: ✅ Element 29 (EulerBernoulliBeamElement3D) instantiated.
2025-07-07 19:50:07,876 [DEBUG]: ✅ Element 30 (EulerBernoulliBeamElement3D) instantiated.
2025-07-07 19:50:07,877 [DEBUG]: ✅ Element 31 (EulerBernoulliBeamElement3D) instantiated.
2025-07-07 19:50:07,879 [DEBUG]: ✅ Element 32 (EulerBernoulliBeamElement3D) instantiated.
2025-07-07 19:50:07,880 [DEBUG]: ✅ Element 33 (EulerBernoulliBeamElement3D) instantiated.
2025-07-07 19:50:07,883 [DEBUG]: ✅ Element 34 (EulerBernoulliBeamElement3D) instantiated.
2025-07-07 19:50:07,884 [DEBUG]: ✅ Element 35 (EulerBernoulliBeamElement3D) instantiated.
2025-07-07 19:50:07,885 [DEBUG]: ✅ Element 36 (EulerBernoulliBeamElement3D) instantiated.
2025-07-07 19:50:07,885 [DEBUG]: ✅ Element 37 (EulerBernoulliBeamElement3D) instantiated.
2025-07-07 19:50:07,885 [DEBUG]: ✅ Element 38 (EulerBernoulliBeamElement3D) instantiated.
2025-07-07 19:50:07,885 [DEBUG]: ✅ Element 39 (EulerBernoulliBeamElement3D) instantiated.
2025-07-07 19:50:07,885 [DEBUG]: ✅ Element 40 (EulerBernoulliBeamElement3D) instantiated.
2025-07-07 19:50:07,885 [DEBUG]: ✅ Element 41 (EulerBernoulliBeamElement3D) instantiated.
2025-07-07 19:50:07,894 [DEBUG]: ✅ Element 42 (EulerBernoulliBeamElement3D) instantiated.
2025-07-07 19:50:07,894 [DEBUG]: ✅ Element 43 (EulerBernoulliBeamElement3D) instantiated.
2025-07-07 19:50:07,902 [DEBUG]: ✅ Element 44 (EulerBernoulliBeamElement3D) instantiated.
2025-07-07 19:50:07,903 [DEBUG]: ✅ Element 45 (EulerBernoulliBeamElement3D) instantiated.
2025-07-07 19:50:07,904 [DEBUG]: ✅ Element 46 (EulerBernoulliBeamElement3D) instantiated.
2025-07-07 19:50:07,906 [DEBUG]: ✅ Element 47 (EulerBernoulliBeamElement3D) instantiated.
2025-07-07 19:50:07,907 [DEBUG]: ✅ Element 48 (EulerBernoulliBeamElement3D) instantiated.
2025-07-07 19:50:07,909 [DEBUG]: ✅ Element 49 (EulerBernoulliBeamElement3D) instantiated.
2025-07-07 19:50:07,911 [DEBUG]: ✅ Element 50 (EulerBernoulliBeamElement3D) instantiated.
2025-07-07 19:50:07,912 [DEBUG]: ✅ Element 51 (EulerBernoulliBeamElement3D) instantiated.
2025-07-07 19:50:07,914 [DEBUG]: ✅ Element 52 (EulerBernoulliBeamElement3D) instantiated.
2025-07-07 19:50:07,915 [DEBUG]: ✅ Element 53 (EulerBernoulliBeamElement3D) instantiated.
2025-07-07 19:50:07,917 [DEBUG]: ✅ Element 54 (EulerBernoulliBeamElement3D) instantiated.
2025-07-07 19:50:07,918 [DEBUG]: ✅ Element 55 (EulerBernoulliBeamElement3D) instantiated.
2025-07-07 19:50:07,920 [DEBUG]: ✅ Element 56 (EulerBernoulliBeamElement3D) instantiated.
2025-07-07 19:50:07,921 [DEBUG]: ✅ Element 57 (EulerBernoulliBeamElement3D) instantiated.
2025-07-07 19:50:07,924 [DEBUG]: ✅ Element 58 (EulerBernoulliBeamElement3D) instantiated.
2025-07-07 19:50:07,925 [DEBUG]: ✅ Element 59 (EulerBernoulliBeamElement3D) instantiated.
2025-07-07 19:50:07,926 [DEBUG]: ✅ Element 60 (EulerBernoulliBeamElement3D) instantiated.
2025-07-07 19:50:07,928 [DEBUG]: ✅ Element 61 (EulerBernoulliBeamElement3D) instantiated.
2025-07-07 19:50:07,929 [DEBUG]: ✅ Element 62 (EulerBernoulliBeamElement3D) instantiated.
2025-07-07 19:50:07,931 [DEBUG]: ✅ Element 63 (EulerBernoulliBeamElement3D) instantiated.
2025-07-07 19:50:07,932 [DEBUG]: ✅ Element 64 (EulerBernoulliBeamElement3D) instantiated.
2025-07-07 19:50:07,934 [DEBUG]: ✅ Element 65 (EulerBernoulliBeamElement3D) instantiated.
2025-07-07 19:50:07,935 [DEBUG]: ✅ Element 66 (EulerBernoulliBeamElement3D) instantiated.
2025-07-07 19:50:07,935 [DEBUG]: ✅ Element 67 (EulerBernoulliBeamElement3D) instantiated.
2025-07-07 19:50:07,935 [DEBUG]: ✅ Element 68 (EulerBernoulliBeamElement3D) instantiated.
2025-07-07 19:50:07,935 [DEBUG]: ✅ Element 69 (EulerBernoulliBeamElement3D) instantiated.
2025-07-07 19:50:07,935 [DEBUG]: ✅ Element 70 (EulerBernoulliBeamElement3D) instantiated.
2025-07-07 19:50:07,935 [DEBUG]: ✅ Element 71 (EulerBernoulliBeamElement3D) instantiated.
2025-07-07 19:50:07,944 [DEBUG]: ✅ Element 72 (EulerBernoulliBeamElement3D) instantiated.
2025-07-07 19:50:07,948 [DEBUG]: ✅ Element 73 (EulerBernoulliBeamElement3D) instantiated.
2025-07-07 19:50:07,950 [DEBUG]: ✅ Element 74 (EulerBernoulliBeamElement3D) instantiated.
2025-07-07 19:50:07,951 [DEBUG]: ✅ Element 75 (EulerBernoulliBeamElement3D) instantiated.
2025-07-07 19:50:07,951 [DEBUG]: ✅ Element 76 (EulerBernoulliBeamElement3D) instantiated.
2025-07-07 19:50:07,954 [DEBUG]: ✅ Element 77 (EulerBernoulliBeamElement3D) instantiated.
2025-07-07 19:50:07,954 [DEBUG]: ✅ Element 78 (EulerBernoulliBeamElement3D) instantiated.
2025-07-07 19:50:07,954 [DEBUG]: ✅ Element 79 (EulerBernoulliBeamElement3D) instantiated.
2025-07-07 19:50:07,954 [DEBUG]: ✅ Element 80 (EulerBernoulliBeamElement3D) instantiated.
2025-07-07 19:50:07,954 [DEBUG]: ✅ Element 81 (EulerBernoulliBeamElement3D) instantiated.
2025-07-07 19:50:07,954 [DEBUG]: ✅ Element 82 (EulerBernoulliBeamElement3D) instantiated.
2025-07-07 19:50:07,954 [DEBUG]: ✅ Element 83 (EulerBernoulliBeamElement3D) instantiated.
2025-07-07 19:50:07,964 [DEBUG]: ✅ Element 84 (EulerBernoulliBeamElement3D) instantiated.
2025-07-07 19:50:07,965 [DEBUG]: ✅ Element 85 (EulerBernoulliBeamElement3D) instantiated.
2025-07-07 19:50:07,965 [DEBUG]: ✅ Element 86 (EulerBernoulliBeamElement3D) instantiated.
2025-07-07 19:50:07,965 [DEBUG]: ✅ Element 87 (EulerBernoulliBeamElement3D) instantiated.
2025-07-07 19:50:07,965 [DEBUG]: ✅ Element 88 (EulerBernoulliBeamElement3D) instantiated.
2025-07-07 19:50:07,965 [DEBUG]: ✅ Element 89 (EulerBernoulliBeamElement3D) instantiated.
2025-07-07 19:50:07,965 [DEBUG]: ✅ Element 90 (EulerBernoulliBeamElement3D) instantiated.
2025-07-07 19:50:07,974 [DEBUG]: ✅ Element 91 (EulerBernoulliBeamElement3D) instantiated.
2025-07-07 19:50:07,974 [DEBUG]: ✅ Element 92 (EulerBernoulliBeamElement3D) instantiated.
2025-07-07 19:50:07,974 [DEBUG]: ✅ Element 93 (EulerBernoulliBeamElement3D) instantiated.
2025-07-07 19:50:07,974 [DEBUG]: ✅ Element 94 (EulerBernoulliBeamElement3D) instantiated.
2025-07-07 19:50:07,981 [DEBUG]: ✅ Element 95 (EulerBernoulliBeamElement3D) instantiated.
2025-07-07 19:50:07,982 [DEBUG]: ✅ Element 96 (EulerBernoulliBeamElement3D) instantiated.
2025-07-07 19:50:07,984 [DEBUG]: ✅ Element 97 (EulerBernoulliBeamElement3D) instantiated.
2025-07-07 19:50:07,984 [DEBUG]: ✅ Element 98 (EulerBernoulliBeamElement3D) instantiated.
2025-07-07 19:50:07,984 [DEBUG]: ✅ Element 99 (EulerBernoulliBeamElement3D) instantiated.
2025-07-07 19:50:07,994 [DEBUG]: Logging verified for element 0.
2025-07-07 19:50:08,002 [DEBUG]: Logging verified for element 1.
2025-07-07 19:50:08,004 [DEBUG]: Logging verified for element 2.
2025-07-07 19:50:08,015 [DEBUG]: Logging verified for element 3.
2025-07-07 19:50:08,015 [DEBUG]: Logging verified for element 4.
2025-07-07 19:50:08,024 [DEBUG]: Logging verified for element 5.
2025-07-07 19:50:08,034 [DEBUG]: Logging verified for element 6.
2025-07-07 19:50:08,034 [DEBUG]: Logging verified for element 7.
2025-07-07 19:50:08,048 [DEBUG]: Logging verified for element 8.
2025-07-07 19:50:08,054 [DEBUG]: Logging verified for element 9.
2025-07-07 19:50:08,054 [DEBUG]: Logging verified for element 10.
2025-07-07 19:50:08,068 [DEBUG]: Logging verified for element 11.
2025-07-07 19:50:08,075 [DEBUG]: Logging verified for element 12.
2025-07-07 19:50:08,075 [DEBUG]: Logging verified for element 13.
2025-07-07 19:50:08,084 [DEBUG]: Logging verified for element 14.
2025-07-07 19:50:08,084 [DEBUG]: Logging verified for element 15.
2025-07-07 19:50:08,100 [DEBUG]: Logging verified for element 16.
2025-07-07 19:50:08,104 [DEBUG]: Logging verified for element 17.
2025-07-07 19:50:08,112 [DEBUG]: Logging verified for element 18.
2025-07-07 19:50:08,120 [DEBUG]: Logging verified for element 19.
2025-07-07 19:50:08,124 [DEBUG]: Logging verified for element 20.
2025-07-07 19:50:08,132 [DEBUG]: Logging verified for element 21.
2025-07-07 19:50:08,134 [DEBUG]: Logging verified for element 22.
2025-07-07 19:50:08,144 [DEBUG]: Logging verified for element 23.
2025-07-07 19:50:08,148 [DEBUG]: Logging verified for element 24.
2025-07-07 19:50:08,154 [DEBUG]: Logging verified for element 25.
2025-07-07 19:50:08,154 [DEBUG]: Logging verified for element 26.
2025-07-07 19:50:08,165 [DEBUG]: Logging verified for element 27.
2025-07-07 19:50:08,175 [DEBUG]: Logging verified for element 28.
2025-07-07 19:50:08,181 [DEBUG]: Logging verified for element 29.
2025-07-07 19:50:08,184 [DEBUG]: Logging verified for element 30.
2025-07-07 19:50:08,194 [DEBUG]: Logging verified for element 31.
2025-07-07 19:50:08,201 [DEBUG]: Logging verified for element 32.
2025-07-07 19:50:08,204 [DEBUG]: Logging verified for element 33.
2025-07-07 19:50:08,215 [DEBUG]: Logging verified for element 34.
2025-07-07 19:50:08,224 [DEBUG]: Logging verified for element 35.
2025-07-07 19:50:08,230 [DEBUG]: Logging verified for element 36.
2025-07-07 19:50:08,234 [DEBUG]: Logging verified for element 37.
2025-07-07 19:50:08,234 [DEBUG]: Logging verified for element 38.
2025-07-07 19:50:08,248 [DEBUG]: Logging verified for element 39.
2025-07-07 19:50:08,254 [DEBUG]: Logging verified for element 40.
2025-07-07 19:50:08,254 [DEBUG]: Logging verified for element 41.
2025-07-07 19:50:08,265 [DEBUG]: Logging verified for element 42.
2025-07-07 19:50:08,274 [DEBUG]: Logging verified for element 43.
2025-07-07 19:50:08,281 [DEBUG]: Logging verified for element 44.
2025-07-07 19:50:08,284 [DEBUG]: Logging verified for element 45.
2025-07-07 19:50:08,294 [DEBUG]: Logging verified for element 46.
2025-07-07 19:50:08,301 [DEBUG]: Logging verified for element 47.
2025-07-07 19:50:08,304 [DEBUG]: Logging verified for element 48.
2025-07-07 19:50:08,314 [DEBUG]: Logging verified for element 49.
2025-07-07 19:50:08,320 [DEBUG]: Logging verified for element 50.
2025-07-07 19:50:08,326 [DEBUG]: Logging verified for element 51.
2025-07-07 19:50:08,333 [DEBUG]: Logging verified for element 52.
2025-07-07 19:50:08,335 [DEBUG]: Logging verified for element 53.
2025-07-07 19:50:08,344 [DEBUG]: Logging verified for element 54.
2025-07-07 19:50:08,349 [DEBUG]: Logging verified for element 55.
2025-07-07 19:50:08,354 [DEBUG]: Logging verified for element 56.
2025-07-07 19:50:08,364 [DEBUG]: Logging verified for element 57.
2025-07-07 19:50:08,365 [DEBUG]: Logging verified for element 58.
2025-07-07 19:50:08,374 [DEBUG]: Logging verified for element 59.
2025-07-07 19:50:08,384 [DEBUG]: Logging verified for element 60.
2025-07-07 19:50:08,384 [DEBUG]: Logging verified for element 61.
2025-07-07 19:50:08,399 [DEBUG]: Logging verified for element 62.
2025-07-07 19:50:08,404 [DEBUG]: Logging verified for element 63.
2025-07-07 19:50:08,404 [DEBUG]: Logging verified for element 64.
2025-07-07 19:50:08,415 [DEBUG]: Logging verified for element 65.
2025-07-07 19:50:08,424 [DEBUG]: Logging verified for element 66.
2025-07-07 19:50:08,432 [DEBUG]: Logging verified for element 67.
2025-07-07 19:50:08,434 [DEBUG]: Logging verified for element 68.
2025-07-07 19:50:08,445 [DEBUG]: Logging verified for element 69.
2025-07-07 19:50:08,450 [DEBUG]: Logging verified for element 70.
2025-07-07 19:50:08,464 [DEBUG]: Logging verified for element 71.
2025-07-07 19:50:08,474 [DEBUG]: Logging verified for element 72.
2025-07-07 19:50:08,484 [DEBUG]: Logging verified for element 73.
2025-07-07 19:50:08,484 [DEBUG]: Logging verified for element 74.
2025-07-07 19:50:08,498 [DEBUG]: Logging verified for element 75.
2025-07-07 19:50:08,504 [DEBUG]: Logging verified for element 76.
2025-07-07 19:50:08,504 [DEBUG]: Logging verified for element 77.
2025-07-07 19:50:08,516 [DEBUG]: Logging verified for element 78.
2025-07-07 19:50:08,524 [DEBUG]: Logging verified for element 79.
2025-07-07 19:50:08,531 [DEBUG]: Logging verified for element 80.
2025-07-07 19:50:08,534 [DEBUG]: Logging verified for element 81.
2025-07-07 19:50:08,534 [DEBUG]: Logging verified for element 82.
2025-07-07 19:50:08,548 [DEBUG]: Logging verified for element 83.
2025-07-07 19:50:08,554 [DEBUG]: Logging verified for element 84.
2025-07-07 19:50:08,554 [DEBUG]: Logging verified for element 85.
2025-07-07 19:50:08,566 [DEBUG]: Logging verified for element 86.
2025-07-07 19:50:08,575 [DEBUG]: Logging verified for element 87.
2025-07-07 19:50:08,581 [DEBUG]: Logging verified for element 88.
2025-07-07 19:50:08,584 [DEBUG]: Logging verified for element 89.
2025-07-07 19:50:08,594 [DEBUG]: Logging verified for element 90.
2025-07-07 19:50:08,601 [DEBUG]: Logging verified for element 91.
2025-07-07 19:50:08,604 [DEBUG]: Logging verified for element 92.
2025-07-07 19:50:08,604 [DEBUG]: Logging verified for element 93.
2025-07-07 19:50:08,615 [DEBUG]: Logging verified for element 94.
2025-07-07 19:50:08,625 [DEBUG]: Logging verified for element 95.
2025-07-07 19:50:08,632 [DEBUG]: Logging verified for element 96.
2025-07-07 19:50:08,634 [DEBUG]: Logging verified for element 97.
2025-07-07 19:50:08,644 [DEBUG]: Logging verified for element 98.
2025-07-07 19:50:08,654 [DEBUG]: Logging verified for element 99.
2025-07-07 19:50:08,654 [INFO]: ✅ Batch element creation complete.
