Machine Specifications:
   - OS: Windows 11 (10.0.22631)
   - CPU: 12th Gen Intel(R) Core(TM) i7-12700
       • Logical cores: 20
       • Physical cores: 12
   - RAM: 31.24 GB
   - Disk: 3071.87 GB total, 2258.39 GB free
   - Python Version: 3.12.5 (C:\Users\s1834431\AppData\Local\Programs\Python\Python312\python.exe)
   - GPU(s): Intel(R) UHD Graphics 770

Job: job_0005
Timestamp (job start): 2025-07-07_19-50-27-970809
Total Time: 18.57 sec

+-------------------------------+------------+---------------+-------------+-----------+
| Step                          |   Time (s) |   Memory (MB) |   Disk (GB) |   CPU (%) |
+===============================+============+===============+=============+===========+
| Parsing                       |  0.0277929 |       68.4805 |     813.458 |         0 |
+-------------------------------+------------+---------------+-------------+-----------+
| Element Instantiation         |  1.21288   |       97.8398 |     813.459 |         0 |
+-------------------------------+------------+---------------+-------------+-----------+
| Element Stiffness Computation |  1.26834   |       98.3984 |     813.471 |         0 |
+-------------------------------+------------+---------------+-------------+-----------+
| Element Force Computation     |  0.923686  |       98.6914 |     813.472 |         0 |
+-------------------------------+------------+---------------+-------------+-----------+
| Full Simulation               | 14.5092    |      128.27   |     813.48  |         0 |
+-------------------------------+------------+---------------+-------------+-----------+

Parallel Jobs: job_0003, job_0001, job_0002
Start Memory: 68.12 MB | End Memory: 128.27 MB
Start Disk Usage: 813.46 GB | End Disk Usage: 813.48 GB
Start CPU: 0.00% | End CPU: 0.00%
