2025-03-14 16:54:21,319 - processing.static.assembly - INFO - Number of elements: 10
2025-03-14 16:54:21,322 - processing.static.assembly - INFO - Total DOFs: 66
2025-03-14 16:54:21,323 - processing.static.assembly - INFO - Element stiffness matrices provided: True
2025-03-14 16:54:21,324 - processing.static.assembly - INFO - Element force vectors provided: True
2025-03-14 16:54:21,339 - processing.static.assembly - INFO - DOF mappings for each element:
2025-03-14 16:54:21,342 - processing.static.assembly - INFO - Element 0: DOF mapping = [ 0  1  2  3  4  5  6  7  8  9 10 11]
2025-03-14 16:54:21,343 - processing.static.assembly - INFO - Element 1: DOF mapping = [ 6  7  8  9 10 11 12 13 14 15 16 17]
2025-03-14 16:54:21,343 - processing.static.assembly - INFO - Element 2: DOF mapping = [12 13 14 15 16 17 18 19 20 21 22 23]
2025-03-14 16:54:21,345 - processing.static.assembly - INFO - Element 3: DOF mapping = [18 19 20 21 22 23 24 25 26 27 28 29]
2025-03-14 16:54:21,347 - processing.static.assembly - INFO - Element 4: DOF mapping = [24 25 26 27 28 29 30 31 32 33 34 35]
2025-03-14 16:54:21,347 - processing.static.assembly - INFO - Element 5: DOF mapping = [30 31 32 33 34 35 36 37 38 39 40 41]
2025-03-14 16:54:21,349 - processing.static.assembly - INFO - Element 6: DOF mapping = [36 37 38 39 40 41 42 43 44 45 46 47]
2025-03-14 16:54:21,349 - processing.static.assembly - INFO - Element 7: DOF mapping = [42 43 44 45 46 47 48 49 50 51 52 53]
2025-03-14 16:54:21,349 - processing.static.assembly - INFO - Element 8: DOF mapping = [48 49 50 51 52 53 54 55 56 57 58 59]
2025-03-14 16:54:21,352 - processing.static.assembly - INFO - Element 9: DOF mapping = [54 55 56 57 58 59 60 61 62 63 64 65]
2025-03-14 16:54:21,359 - processing.static.assembly - INFO - Processing element 0:
2025-03-14 16:54:21,361 - processing.static.assembly - INFO -   - DOF mapping: [ 0  1  2  3  4  5  6  7  8  9 10 11]
2025-03-14 16:54:21,361 - processing.static.assembly - INFO -   - Ke shape: (12, 12)
2025-03-14 16:54:21,362 - processing.static.assembly - INFO -   - Ke non-zero entries: 16
2025-03-14 16:54:21,363 - processing.static.assembly - INFO - Processing element 1:
2025-03-14 16:54:21,364 - processing.static.assembly - INFO -   - DOF mapping: [ 6  7  8  9 10 11 12 13 14 15 16 17]
2025-03-14 16:54:21,365 - processing.static.assembly - INFO -   - Ke shape: (12, 12)
2025-03-14 16:54:21,365 - processing.static.assembly - INFO -   - Ke non-zero entries: 16
2025-03-14 16:54:21,367 - processing.static.assembly - INFO - Processing element 2:
2025-03-14 16:54:21,368 - processing.static.assembly - INFO -   - DOF mapping: [12 13 14 15 16 17 18 19 20 21 22 23]
2025-03-14 16:54:21,368 - processing.static.assembly - INFO -   - Ke shape: (12, 12)
2025-03-14 16:54:21,368 - processing.static.assembly - INFO -   - Ke non-zero entries: 16
2025-03-14 16:54:21,368 - processing.static.assembly - INFO - Processing element 3:
2025-03-14 16:54:21,372 - processing.static.assembly - INFO -   - DOF mapping: [18 19 20 21 22 23 24 25 26 27 28 29]
2025-03-14 16:54:21,372 - processing.static.assembly - INFO -   - Ke shape: (12, 12)
2025-03-14 16:54:21,373 - processing.static.assembly - INFO -   - Ke non-zero entries: 16
2025-03-14 16:54:21,374 - processing.static.assembly - INFO - Processing element 4:
2025-03-14 16:54:21,375 - processing.static.assembly - INFO -   - DOF mapping: [24 25 26 27 28 29 30 31 32 33 34 35]
2025-03-14 16:54:21,375 - processing.static.assembly - INFO -   - Ke shape: (12, 12)
2025-03-14 16:54:21,376 - processing.static.assembly - INFO -   - Ke non-zero entries: 16
2025-03-14 16:54:21,376 - processing.static.assembly - INFO - Processing element 5:
2025-03-14 16:54:21,378 - processing.static.assembly - INFO -   - DOF mapping: [30 31 32 33 34 35 36 37 38 39 40 41]
2025-03-14 16:54:21,379 - processing.static.assembly - INFO -   - Ke shape: (12, 12)
2025-03-14 16:54:21,380 - processing.static.assembly - INFO -   - Ke non-zero entries: 16
2025-03-14 16:54:21,380 - processing.static.assembly - INFO - Processing element 6:
2025-03-14 16:54:21,381 - processing.static.assembly - INFO -   - DOF mapping: [36 37 38 39 40 41 42 43 44 45 46 47]
2025-03-14 16:54:21,382 - processing.static.assembly - INFO -   - Ke shape: (12, 12)
2025-03-14 16:54:21,382 - processing.static.assembly - INFO -   - Ke non-zero entries: 16
2025-03-14 16:54:21,383 - processing.static.assembly - INFO - Processing element 7:
2025-03-14 16:54:21,384 - processing.static.assembly - INFO -   - DOF mapping: [42 43 44 45 46 47 48 49 50 51 52 53]
2025-03-14 16:54:21,384 - processing.static.assembly - INFO -   - Ke shape: (12, 12)
2025-03-14 16:54:21,385 - processing.static.assembly - INFO -   - Ke non-zero entries: 16
2025-03-14 16:54:21,386 - processing.static.assembly - INFO - Processing element 8:
2025-03-14 16:54:21,386 - processing.static.assembly - INFO -   - DOF mapping: [48 49 50 51 52 53 54 55 56 57 58 59]
2025-03-14 16:54:21,386 - processing.static.assembly - INFO -   - Ke shape: (12, 12)
2025-03-14 16:54:21,389 - processing.static.assembly - INFO -   - Ke non-zero entries: 16
2025-03-14 16:54:21,389 - processing.static.assembly - INFO - Processing element 9:
2025-03-14 16:54:21,389 - processing.static.assembly - INFO -   - DOF mapping: [54 55 56 57 58 59 60 61 62 63 64 65]
2025-03-14 16:54:21,392 - processing.static.assembly - INFO -   - Ke shape: (12, 12)
2025-03-14 16:54:21,392 - processing.static.assembly - INFO -   - Ke non-zero entries: 16
2025-03-14 16:54:21,393 - processing.static.assembly - INFO - Assembled K_global data:
2025-03-14 16:54:21,394 - processing.static.assembly - INFO -   - K_row: [ 0  0  1  1  2  2  3  3  6  6  7  7  8  8  9  9  6  6  7  7  8  8  9  9
 12 12 13 13 14 14 15 15 12 12 13 13 14 14 15 15 18 18 19 19 20 20 21 21
 18 18 19 19 20 20 21 21 24 24 25 25 26 26 27 27 24 24 25 25 26 26 27 27
 30 30 31 31 32 32 33 33 30 30 31 31 32 32 33 33 36 36 37 37 38 38 39 39
 36 36 37 37 38 38 39 39 42 42 43 43 44 44 45 45 42 42 43 43 44 44 45 45
 48 48 49 49 50 50 51 51 48 48 49 49 50 50 51 51 54 54 55 55 56 56 57 57
 54 54 55 55 56 56 57 57 60 60 61 61 62 62 63 63]
2025-03-14 16:54:21,396 - processing.static.assembly - INFO -   - K_col: [ 0  6  1  7  2  8  3  9  0  6  1  7  2  8  3  9  6 12  7 13  8 14  9 15
  6 12  7 13  8 14  9 15 12 18 13 19 14 20 15 21 12 18 13 19 14 20 15 21
 18 24 19 25 20 26 21 27 18 24 19 25 20 26 21 27 24 30 25 31 26 32 27 33
 24 30 25 31 26 32 27 33 30 36 31 37 32 38 33 39 30 36 31 37 32 38 33 39
 36 42 37 43 38 44 39 45 36 42 37 43 38 44 39 45 42 48 43 49 44 50 45 51
 42 48 43 49 44 50 45 51 48 54 49 55 50 56 51 57 48 54 49 55 50 56 51 57
 54 60 55 61 56 62 57 63 54 60 55 61 56 62 57 63]
2025-03-14 16:54:21,396 - processing.static.assembly - INFO -   - K_data: [ 9.11000000e+08 -9.11000000e+08  5.74480000e+15 -5.74480000e+15
  5.75626667e+15 -5.75626667e+15  1.27461411e+09 -1.27461411e+09
 -9.11000000e+08  9.11000000e+08 -5.74480000e+15  5.74480000e+15
 -5.75626667e+15  5.75626667e+15 -1.27461411e+09  1.27461411e+09
  9.11000000e+08 -9.11000000e+08  5.74480000e+15 -5.74480000e+15
  5.75626667e+15 -5.75626667e+15  1.27461411e+09 -1.27461411e+09
 -9.11000000e+08  9.11000000e+08 -5.74480000e+15  5.74480000e+15
 -5.75626667e+15  5.75626667e+15 -1.27461411e+09  1.27461411e+09
  9.11000000e+08 -9.11000000e+08  5.74480000e+15 -5.74480000e+15
  5.75626667e+15 -5.75626667e+15  1.27461411e+09 -1.27461411e+09
 -9.11000000e+08  9.11000000e+08 -5.74480000e+15  5.74480000e+15
 -5.75626667e+15  5.75626667e+15 -1.27461411e+09  1.27461411e+09
  9.11000000e+08 -9.11000000e+08  5.74480000e+15 -5.74480000e+15
  5.75626667e+15 -5.75626667e+15  1.27461411e+09 -1.27461411e+09
 -9.11000000e+08  9.11000000e+08 -5.74480000e+15  5.74480000e+15
 -5.75626667e+15  5.75626667e+15 -1.27461411e+09  1.27461411e+09
  9.11000000e+08 -9.11000000e+08  5.74480000e+15 -5.74480000e+15
  5.75626667e+15 -5.75626667e+15  1.27461411e+09 -1.27461411e+09
 -9.11000000e+08  9.11000000e+08 -5.74480000e+15  5.74480000e+15
 -5.75626667e+15  5.75626667e+15 -1.27461411e+09  1.27461411e+09
  9.11000000e+08 -9.11000000e+08  5.74480000e+15 -5.74480000e+15
  5.75626667e+15 -5.75626667e+15  1.27461411e+09 -1.27461411e+09
 -9.11000000e+08  9.11000000e+08 -5.74480000e+15  5.74480000e+15
 -5.75626667e+15  5.75626667e+15 -1.27461411e+09  1.27461411e+09
  9.11000000e+08 -9.11000000e+08  5.74480000e+15 -5.74480000e+15
  5.75626667e+15 -5.75626667e+15  1.27461411e+09 -1.27461411e+09
 -9.11000000e+08  9.11000000e+08 -5.74480000e+15  5.74480000e+15
 -5.75626667e+15  5.75626667e+15 -1.27461411e+09  1.27461411e+09
  9.11000000e+08 -9.11000000e+08  5.74480000e+15 -5.74480000e+15
  5.75626667e+15 -5.75626667e+15  1.27461411e+09 -1.27461411e+09
 -9.11000000e+08  9.11000000e+08 -5.74480000e+15  5.74480000e+15
 -5.75626667e+15  5.75626667e+15 -1.27461411e+09  1.27461411e+09
  9.11000000e+08 -9.11000000e+08  5.74480000e+15 -5.74480000e+15
  5.75626667e+15 -5.75626667e+15  1.27461411e+09 -1.27461411e+09
 -9.11000000e+08  9.11000000e+08 -5.74480000e+15  5.74480000e+15
 -5.75626667e+15  5.75626667e+15 -1.27461411e+09  1.27461411e+09
  9.11000000e+08 -9.11000000e+08  5.74480000e+15 -5.74480000e+15
  5.75626667e+15 -5.75626667e+15  1.27461411e+09 -1.27461411e+09
 -9.11000000e+08  9.11000000e+08 -5.74480000e+15  5.74480000e+15
 -5.75626667e+15  5.75626667e+15 -1.27461411e+09  1.27461411e+09]
2025-03-14 16:54:21,409 - processing.static.assembly - INFO - Initialized F_global with shape: (66,)
2025-03-14 16:54:21,419 - processing.static.assembly - INFO - Processing element 0:
2025-03-14 16:54:21,419 - processing.static.assembly - INFO -   - DOF mapping: [ 0  1  2  3  4  5  6  7  8  9 10 11]
2025-03-14 16:54:21,419 - processing.static.assembly - INFO -   - Fe shape before flatten: (12,)
2025-03-14 16:54:21,419 - processing.static.assembly - INFO -   - Fe shape after flatten: (12,)
2025-03-14 16:54:21,421 - processing.static.assembly - INFO -   - Updated F_global at DOFs: [ 0  1  2  3  4  5  6  7  8  9 10 11]
2025-03-14 16:54:21,421 - processing.static.assembly - INFO - Processing element 1:
2025-03-14 16:54:21,422 - processing.static.assembly - INFO -   - DOF mapping: [ 6  7  8  9 10 11 12 13 14 15 16 17]
2025-03-14 16:54:21,423 - processing.static.assembly - INFO -   - Fe shape before flatten: (12,)
2025-03-14 16:54:21,423 - processing.static.assembly - INFO -   - Fe shape after flatten: (12,)
2025-03-14 16:54:21,424 - processing.static.assembly - INFO -   - Updated F_global at DOFs: [ 6  7  8  9 10 11 12 13 14 15 16 17]
2025-03-14 16:54:21,425 - processing.static.assembly - INFO - Processing element 2:
2025-03-14 16:54:21,425 - processing.static.assembly - INFO -   - DOF mapping: [12 13 14 15 16 17 18 19 20 21 22 23]
2025-03-14 16:54:21,426 - processing.static.assembly - INFO -   - Fe shape before flatten: (12,)
2025-03-14 16:54:21,426 - processing.static.assembly - INFO -   - Fe shape after flatten: (12,)
2025-03-14 16:54:21,428 - processing.static.assembly - INFO -   - Updated F_global at DOFs: [12 13 14 15 16 17 18 19 20 21 22 23]
2025-03-14 16:54:21,429 - processing.static.assembly - INFO - Processing element 3:
2025-03-14 16:54:21,430 - processing.static.assembly - INFO -   - DOF mapping: [18 19 20 21 22 23 24 25 26 27 28 29]
2025-03-14 16:54:21,430 - processing.static.assembly - INFO -   - Fe shape before flatten: (12,)
2025-03-14 16:54:21,431 - processing.static.assembly - INFO -   - Fe shape after flatten: (12,)
2025-03-14 16:54:21,432 - processing.static.assembly - INFO -   - Updated F_global at DOFs: [18 19 20 21 22 23 24 25 26 27 28 29]
2025-03-14 16:54:21,433 - processing.static.assembly - INFO - Processing element 4:
2025-03-14 16:54:21,434 - processing.static.assembly - INFO -   - DOF mapping: [24 25 26 27 28 29 30 31 32 33 34 35]
2025-03-14 16:54:21,434 - processing.static.assembly - INFO -   - Fe shape before flatten: (12,)
2025-03-14 16:54:21,435 - processing.static.assembly - INFO -   - Fe shape after flatten: (12,)
2025-03-14 16:54:21,436 - processing.static.assembly - INFO -   - Updated F_global at DOFs: [24 25 26 27 28 29 30 31 32 33 34 35]
2025-03-14 16:54:21,436 - processing.static.assembly - INFO - Processing element 5:
2025-03-14 16:54:21,437 - processing.static.assembly - INFO -   - DOF mapping: [30 31 32 33 34 35 36 37 38 39 40 41]
2025-03-14 16:54:21,438 - processing.static.assembly - INFO -   - Fe shape before flatten: (12,)
2025-03-14 16:54:21,438 - processing.static.assembly - INFO -   - Fe shape after flatten: (12,)
2025-03-14 16:54:21,438 - processing.static.assembly - INFO -   - Updated F_global at DOFs: [30 31 32 33 34 35 36 37 38 39 40 41]
2025-03-14 16:54:21,438 - processing.static.assembly - INFO - Processing element 6:
2025-03-14 16:54:21,438 - processing.static.assembly - INFO -   - DOF mapping: [36 37 38 39 40 41 42 43 44 45 46 47]
2025-03-14 16:54:21,442 - processing.static.assembly - INFO -   - Fe shape before flatten: (12,)
2025-03-14 16:54:21,443 - processing.static.assembly - INFO -   - Fe shape after flatten: (12,)
2025-03-14 16:54:21,444 - processing.static.assembly - INFO -   - Updated F_global at DOFs: [36 37 38 39 40 41 42 43 44 45 46 47]
2025-03-14 16:54:21,444 - processing.static.assembly - INFO - Processing element 7:
2025-03-14 16:54:21,445 - processing.static.assembly - INFO -   - DOF mapping: [42 43 44 45 46 47 48 49 50 51 52 53]
2025-03-14 16:54:21,446 - processing.static.assembly - INFO -   - Fe shape before flatten: (12,)
2025-03-14 16:54:21,446 - processing.static.assembly - INFO -   - Fe shape after flatten: (12,)
2025-03-14 16:54:21,446 - processing.static.assembly - INFO -   - Updated F_global at DOFs: [42 43 44 45 46 47 48 49 50 51 52 53]
2025-03-14 16:54:21,446 - processing.static.assembly - INFO - Processing element 8:
2025-03-14 16:54:21,449 - processing.static.assembly - INFO -   - DOF mapping: [48 49 50 51 52 53 54 55 56 57 58 59]
2025-03-14 16:54:21,449 - processing.static.assembly - INFO -   - Fe shape before flatten: (12,)
2025-03-14 16:54:21,449 - processing.static.assembly - INFO -   - Fe shape after flatten: (12,)
2025-03-14 16:54:21,451 - processing.static.assembly - INFO -   - Updated F_global at DOFs: [48 49 50 51 52 53 54 55 56 57 58 59]
2025-03-14 16:54:21,453 - processing.static.assembly - INFO - Processing element 9:
2025-03-14 16:54:21,453 - processing.static.assembly - INFO -   - DOF mapping: [54 55 56 57 58 59 60 61 62 63 64 65]
2025-03-14 16:54:21,453 - processing.static.assembly - INFO -   - Fe shape before flatten: (12,)
2025-03-14 16:54:21,454 - processing.static.assembly - INFO -   - Fe shape after flatten: (12,)
2025-03-14 16:54:21,455 - processing.static.assembly - INFO -   - Updated F_global at DOFs: [54 55 56 57 58 59 60 61 62 63 64 65]
2025-03-14 16:54:21,463 - processing.static.assembly - INFO - Final K_global and F_global:
2025-03-14 16:54:21,463 - processing.static.assembly - INFO - K_global shape: (66, 66)
2025-03-14 16:54:21,463 - processing.static.assembly - INFO - F_global shape: (66,)
2025-03-14 16:54:21,463 - processing.static.assembly - INFO - K_global non-zero entries: 124
2025-03-14 16:54:21,463 - processing.static.assembly - INFO - F_global: [ 0.00000000e+00 -1.34890756e+01  0.00000000e+00  0.00000000e+00
  0.00000000e+00  0.00000000e+00  0.00000000e+00 -1.12503270e+02
  0.00000000e+00  0.00000000e+00  0.00000000e+00  0.00000000e+00
  0.00000000e+00 -5.12026741e+02  0.00000000e+00  0.00000000e+00
  0.00000000e+00  0.00000000e+00  0.00000000e+00 -1.31107688e+03
  0.00000000e+00  0.00000000e+00  0.00000000e+00  0.00000000e+00
  0.00000000e+00 -2.50881157e+03  0.00000000e+00  0.00000000e+00
  0.00000000e+00  0.00000000e+00  0.00000000e+00 -4.10810125e+03
  0.00000000e+00  0.00000000e+00  0.00000000e+00  0.00000000e+00
  0.00000000e+00 -6.10864971e+03  0.00000000e+00  0.00000000e+00
  0.00000000e+00  0.00000000e+00  0.00000000e+00 -8.50965221e+03
  0.00000000e+00  0.00000000e+00  0.00000000e+00  0.00000000e+00
  0.00000000e+00 -1.13110773e+04  0.00000000e+00  0.00000000e+00
  0.00000000e+00  0.00000000e+00  0.00000000e+00 -1.45120311e+04
  0.00000000e+00  0.00000000e+00  0.00000000e+00  0.00000000e+00
  0.00000000e+00 -1.76990184e+04  0.00000000e+00  0.00000000e+00
  0.00000000e+00  0.00000000e+00]
