Machine Specifications:
   - OS: Windows 11 (10.0.22631)
   - CPU: Intel64 Family 6 Model 151 Stepping 2, GenuineIntel (20 cores)
   - RAM: 31.24 GB
   - Python Version: 3.12.5

Job: job_0006
Timestamp (job start): 2025-03-07_16-43-57
Total Time: 2.14 sec

+-------------------------------+------------+---------------+-------------+-----------+
| Step                          |   Time (s) |   Memory (MB) |   Disk (GB) |   CPU (%) |
+===============================+============+===============+=============+===========+
| Parsing                       | 0.024636   |       78.7617 |     752.529 |         0 |
+-------------------------------+------------+---------------+-------------+-----------+
| Element Instantiation         | 0          |       78.8047 |     752.529 |         0 |
+-------------------------------+------------+---------------+-------------+-----------+
| Element Stiffness Computation | 0.408878   |       78.9805 |     752.529 |         0 |
+-------------------------------+------------+---------------+-------------+-----------+
| Element Force Computation     | 0.00150681 |       78.9922 |     752.529 |         0 |
+-------------------------------+------------+---------------+-------------+-----------+
| Setup Simulation              | 0          |       79.0273 |     752.529 |         0 |
+-------------------------------+------------+---------------+-------------+-----------+
| Assemble Global Matrices      | 0.00819921 |       80.0508 |     752.529 |         0 |
+-------------------------------+------------+---------------+-------------+-----------+
| Modify Global Matrices        | 0.00700545 |       80.1602 |     752.529 |         0 |
+-------------------------------+------------+---------------+-------------+-----------+
| Solve Linear Static System    | 0.481529   |       95.2188 |     752.53  |         0 |
+-------------------------------+------------+---------------+-------------+-----------+
| Compute Primary Results       | 0.00105238 |       95.2188 |     752.53  |         0 |
+-------------------------------+------------+---------------+-------------+-----------+
| Save Primary Results          | 0.0780387  |       95.2617 |     752.53  |         0 |
+-------------------------------+------------+---------------+-------------+-----------+

Parallel Jobs: job_0001, job_0002, job_0004, job_0003
Start Memory: 78.57 MB | End Memory: 95.26 MB
Start Disk Usage: 752.53 GB | End Disk Usage: 752.53 GB
Start CPU: 0.00% | End CPU: 0.00%
