--------------------------------------------------------------------------
Machine specifications – written 2025-07-09 02:32:24.683880
OS          : Windows 11 (10.0.22631)
CPU         : 12th Gen Intel(R) Core(TM) i7-12700
   logical  : 20
   physical : 12
RAM         : 31.24 GB
Disk        : 3071.87 GB total  /  2257.60 GB free
Python      : 3.12.5  (C:\Users\s1834431\AppData\Local\Programs\Python\Python312\python.exe)
GPU(s)      : Intel(R) UHD Graphics 770
--------------------------------------------------------------------------

Runtime telemetry header written → \\mull.sms.ed.ac.uk\home\s1834431\Win7\Desktop\fem_model\post_processing\results\job_0002_2025-07-09_02-32-15-505213_pid40048_bae85c6f\diagnostics\RuntimeMonitorTelemetry.log
2025-07-09 02:32:25 │ PrepareLocalSystem BEGIN   │ Δt  0.00 s │ RAM   122.2 MB │ CPU   6.6 % │ Disk  814.3 GB
2025-07-09 02:32:25 │ PrepareLocalSystem END     │ Δt  0.26 s │ RAM   122.2 MB │ CPU   3.2 % │ Disk  814.3 GB
2025-07-09 02:32:25 │ AssembleGlobalSystem BEGIN │ Δt  0.20 s │ RAM   122.2 MB │ CPU   2.3 % │ Disk  814.3 GB
2025-07-09 02:32:25 │ AssembleGlobalSystem END   │ Δt  0.33 s │ RAM   123.4 MB │ CPU   5.7 % │ Disk  814.3 GB
2025-07-09 02:32:26 │ ModifyGlobalSystem BEGIN   │ Δt  0.78 s │ RAM   126.1 MB │ CPU   5.8 % │ Disk  814.3 GB
2025-07-09 02:32:26 │ ModifyGlobalSystem END     │ Δt  0.24 s │ RAM   126.5 MB │ CPU   5.5 % │ Disk  814.3 GB
2025-07-09 02:32:27 │ CondenseModifiedSystem BEGIN │ Δt  0.79 s │ RAM   126.7 MB │ CPU   4.3 % │ Disk  814.3 GB
2025-07-09 02:32:27 │ CondenseModifiedSystem END │ Δt  0.28 s │ RAM   127.1 MB │ CPU   5.7 % │ Disk  814.3 GB
2025-07-09 02:32:28 │ SolveCondensedSystem BEGIN │ Δt  0.79 s │ RAM   127.3 MB │ CPU   2.9 % │ Disk  814.3 GB
2025-07-09 02:32:30 │ SolveCondensedSystem END   │ Δt  1.71 s │ RAM   127.8 MB │ CPU   0.0 % │ Disk  814.3 GB
2025-07-09 02:32:30 │ ReconstructGlobalSystem BEGIN │ Δt  0.20 s │ RAM   127.8 MB │ CPU   0.8 % │ Disk  814.3 GB
2025-07-09 02:32:30 │ ReconstructGlobalSystem END │ Δt  0.25 s │ RAM   127.8 MB │ CPU   2.0 % │ Disk  814.3 GB
2025-07-09 02:32:31 │ ComputePrimaryResults BEGIN │ Δt  0.21 s │ RAM   127.8 MB │ CPU   0.8 % │ Disk  814.3 GB
2025-07-09 02:32:40 │ ComputePrimaryResults END  │ Δt  9.13 s │ RAM   128.0 MB │ CPU   2.0 % │ Disk  814.3 GB
