2025-07-09 05:44:58,332 [DEBUG]: 🟢 ElementFactory logger initialised.
2025-07-09 05:44:58,332 [INFO]: 🚩 Starting batch element creation.
2025-07-09 05:44:58,333 [DEBUG]: Element IDs sanitised: [0, 1, 2, 3, 4, 5, 6, 7, 8, 9, 10, 11, 12, 13, 14, 15, 16, 17, 18, 19, 20, 21, 22, 23, 24, 25, 26, 27, 28, 29, 30, 31, 32, 33, 34, 35, 36, 37, 38, 39, 40, 41, 42, 43, 44, 45, 46, 47, 48, 49, 50, 51, 52, 53, 54, 55, 56, 57, 58, 59, 60, 61, 62, 63, 64, 65, 66, 67, 68, 69, 70, 71, 72, 73, 74, 75, 76, 77, 78, 79, 80, 81, 82, 83, 84, 85, 86, 87, 88, 89, 90, 91, 92, 93, 94, 95, 96, 97, 98, 99, 100, 101, 102, 103, 104, 105, 106, 107, 108, 109, 110, 111, 112, 113, 114, 115, 116, 117, 118, 119, 120, 121, 122, 123, 124, 125, 126, 127, 128, 129, 130, 131, 132, 133, 134, 135, 136, 137, 138, 139, 140, 141, 142, 143, 144, 145, 146, 147, 148, 149, 150, 151, 152, 153, 154, 155, 156, 157, 158, 159, 160, 161, 162, 163, 164, 165, 166, 167, 168, 169, 170, 171, 172, 173, 174, 175, 176, 177, 178, 179, 180, 181, 182, 183, 184, 185, 186, 187, 188, 189, 190, 191, 192, 193, 194, 195, 196, 197, 198, 199, 200, 201, 202, 203, 204, 205, 206, 207, 208, 209, 210, 211, 212, 213, 214, 215, 216, 217, 218, 219, 220, 221, 222, 223, 224, 225, 226, 227, 228, 229, 230, 231, 232, 233, 234, 235, 236, 237, 238, 239, 240, 241, 242, 243, 244, 245, 246, 247, 248, 249]
2025-07-09 05:44:58,334 [DEBUG]: Module for EulerBernoulliBeamElement3D loaded.
2025-07-09 05:44:58,335 [DEBUG]: ✅ Element 0 (EulerBernoulliBeamElement3D) instantiated.
2025-07-09 05:44:58,336 [DEBUG]: ✅ Element 1 (EulerBernoulliBeamElement3D) instantiated.
2025-07-09 05:44:58,337 [DEBUG]: ✅ Element 2 (EulerBernoulliBeamElement3D) instantiated.
2025-07-09 05:44:58,338 [DEBUG]: ✅ Element 3 (EulerBernoulliBeamElement3D) instantiated.
2025-07-09 05:44:58,340 [DEBUG]: ✅ Element 4 (EulerBernoulliBeamElement3D) instantiated.
2025-07-09 05:44:58,341 [DEBUG]: ✅ Element 5 (EulerBernoulliBeamElement3D) instantiated.
2025-07-09 05:44:58,342 [DEBUG]: ✅ Element 6 (EulerBernoulliBeamElement3D) instantiated.
2025-07-09 05:44:58,343 [DEBUG]: ✅ Element 7 (EulerBernoulliBeamElement3D) instantiated.
2025-07-09 05:44:58,344 [DEBUG]: ✅ Element 8 (EulerBernoulliBeamElement3D) instantiated.
2025-07-09 05:44:58,345 [DEBUG]: ✅ Element 9 (EulerBernoulliBeamElement3D) instantiated.
2025-07-09 05:44:58,346 [DEBUG]: ✅ Element 10 (EulerBernoulliBeamElement3D) instantiated.
2025-07-09 05:44:58,347 [DEBUG]: ✅ Element 11 (EulerBernoulliBeamElement3D) instantiated.
2025-07-09 05:44:58,348 [DEBUG]: ✅ Element 12 (EulerBernoulliBeamElement3D) instantiated.
2025-07-09 05:44:58,349 [DEBUG]: ✅ Element 13 (EulerBernoulliBeamElement3D) instantiated.
2025-07-09 05:44:58,350 [DEBUG]: ✅ Element 14 (EulerBernoulliBeamElement3D) instantiated.
2025-07-09 05:44:58,351 [DEBUG]: ✅ Element 15 (EulerBernoulliBeamElement3D) instantiated.
2025-07-09 05:44:58,352 [DEBUG]: ✅ Element 16 (EulerBernoulliBeamElement3D) instantiated.
2025-07-09 05:44:58,353 [DEBUG]: ✅ Element 17 (EulerBernoulliBeamElement3D) instantiated.
2025-07-09 05:44:58,354 [DEBUG]: ✅ Element 18 (EulerBernoulliBeamElement3D) instantiated.
2025-07-09 05:44:58,355 [DEBUG]: ✅ Element 19 (EulerBernoulliBeamElement3D) instantiated.
2025-07-09 05:44:58,356 [DEBUG]: ✅ Element 20 (EulerBernoulliBeamElement3D) instantiated.
2025-07-09 05:44:58,357 [DEBUG]: ✅ Element 21 (EulerBernoulliBeamElement3D) instantiated.
2025-07-09 05:44:58,358 [DEBUG]: ✅ Element 22 (EulerBernoulliBeamElement3D) instantiated.
2025-07-09 05:44:58,359 [DEBUG]: ✅ Element 23 (EulerBernoulliBeamElement3D) instantiated.
2025-07-09 05:44:58,360 [DEBUG]: ✅ Element 24 (EulerBernoulliBeamElement3D) instantiated.
2025-07-09 05:44:58,361 [DEBUG]: ✅ Element 25 (EulerBernoulliBeamElement3D) instantiated.
2025-07-09 05:44:58,362 [DEBUG]: ✅ Element 26 (EulerBernoulliBeamElement3D) instantiated.
2025-07-09 05:44:58,362 [DEBUG]: ✅ Element 27 (EulerBernoulliBeamElement3D) instantiated.
2025-07-09 05:44:58,364 [DEBUG]: ✅ Element 28 (EulerBernoulliBeamElement3D) instantiated.
2025-07-09 05:44:58,365 [DEBUG]: ✅ Element 29 (EulerBernoulliBeamElement3D) instantiated.
2025-07-09 05:44:58,366 [DEBUG]: ✅ Element 30 (EulerBernoulliBeamElement3D) instantiated.
2025-07-09 05:44:58,366 [DEBUG]: ✅ Element 31 (EulerBernoulliBeamElement3D) instantiated.
2025-07-09 05:44:58,367 [DEBUG]: ✅ Element 32 (EulerBernoulliBeamElement3D) instantiated.
2025-07-09 05:44:58,369 [DEBUG]: ✅ Element 33 (EulerBernoulliBeamElement3D) instantiated.
2025-07-09 05:44:58,370 [DEBUG]: ✅ Element 34 (EulerBernoulliBeamElement3D) instantiated.
2025-07-09 05:44:58,371 [DEBUG]: ✅ Element 35 (EulerBernoulliBeamElement3D) instantiated.
2025-07-09 05:44:58,372 [DEBUG]: ✅ Element 36 (EulerBernoulliBeamElement3D) instantiated.
2025-07-09 05:44:58,373 [DEBUG]: ✅ Element 37 (EulerBernoulliBeamElement3D) instantiated.
2025-07-09 05:44:58,375 [DEBUG]: ✅ Element 38 (EulerBernoulliBeamElement3D) instantiated.
2025-07-09 05:44:58,376 [DEBUG]: ✅ Element 39 (EulerBernoulliBeamElement3D) instantiated.
2025-07-09 05:44:58,377 [DEBUG]: ✅ Element 40 (EulerBernoulliBeamElement3D) instantiated.
2025-07-09 05:44:58,378 [DEBUG]: ✅ Element 41 (EulerBernoulliBeamElement3D) instantiated.
2025-07-09 05:44:58,379 [DEBUG]: ✅ Element 42 (EulerBernoulliBeamElement3D) instantiated.
2025-07-09 05:44:58,380 [DEBUG]: ✅ Element 43 (EulerBernoulliBeamElement3D) instantiated.
2025-07-09 05:44:58,381 [DEBUG]: ✅ Element 44 (EulerBernoulliBeamElement3D) instantiated.
2025-07-09 05:44:58,382 [DEBUG]: ✅ Element 45 (EulerBernoulliBeamElement3D) instantiated.
2025-07-09 05:44:58,383 [DEBUG]: ✅ Element 46 (EulerBernoulliBeamElement3D) instantiated.
2025-07-09 05:44:58,384 [DEBUG]: ✅ Element 47 (EulerBernoulliBeamElement3D) instantiated.
2025-07-09 05:44:58,385 [DEBUG]: ✅ Element 48 (EulerBernoulliBeamElement3D) instantiated.
2025-07-09 05:44:58,386 [DEBUG]: ✅ Element 49 (EulerBernoulliBeamElement3D) instantiated.
2025-07-09 05:44:58,387 [DEBUG]: ✅ Element 50 (EulerBernoulliBeamElement3D) instantiated.
2025-07-09 05:44:58,388 [DEBUG]: ✅ Element 51 (EulerBernoulliBeamElement3D) instantiated.
2025-07-09 05:44:58,389 [DEBUG]: ✅ Element 52 (EulerBernoulliBeamElement3D) instantiated.
2025-07-09 05:44:58,390 [DEBUG]: ✅ Element 53 (EulerBernoulliBeamElement3D) instantiated.
2025-07-09 05:44:58,391 [DEBUG]: ✅ Element 54 (EulerBernoulliBeamElement3D) instantiated.
2025-07-09 05:44:58,392 [DEBUG]: ✅ Element 55 (EulerBernoulliBeamElement3D) instantiated.
2025-07-09 05:44:58,393 [DEBUG]: ✅ Element 56 (EulerBernoulliBeamElement3D) instantiated.
2025-07-09 05:44:58,394 [DEBUG]: ✅ Element 57 (EulerBernoulliBeamElement3D) instantiated.
2025-07-09 05:44:58,395 [DEBUG]: ✅ Element 58 (EulerBernoulliBeamElement3D) instantiated.
2025-07-09 05:44:58,396 [DEBUG]: ✅ Element 59 (EulerBernoulliBeamElement3D) instantiated.
2025-07-09 05:44:58,397 [DEBUG]: ✅ Element 60 (EulerBernoulliBeamElement3D) instantiated.
2025-07-09 05:44:58,398 [DEBUG]: ✅ Element 61 (EulerBernoulliBeamElement3D) instantiated.
2025-07-09 05:44:58,399 [DEBUG]: ✅ Element 62 (EulerBernoulliBeamElement3D) instantiated.
2025-07-09 05:44:58,417 [DEBUG]: ✅ Element 63 (EulerBernoulliBeamElement3D) instantiated.
2025-07-09 05:44:58,418 [DEBUG]: ✅ Element 64 (EulerBernoulliBeamElement3D) instantiated.
2025-07-09 05:44:58,420 [DEBUG]: ✅ Element 65 (EulerBernoulliBeamElement3D) instantiated.
2025-07-09 05:44:58,422 [DEBUG]: ✅ Element 66 (EulerBernoulliBeamElement3D) instantiated.
2025-07-09 05:44:58,423 [DEBUG]: ✅ Element 67 (EulerBernoulliBeamElement3D) instantiated.
2025-07-09 05:44:58,425 [DEBUG]: ✅ Element 68 (EulerBernoulliBeamElement3D) instantiated.
2025-07-09 05:44:58,426 [DEBUG]: ✅ Element 69 (EulerBernoulliBeamElement3D) instantiated.
2025-07-09 05:44:58,427 [DEBUG]: ✅ Element 70 (EulerBernoulliBeamElement3D) instantiated.
2025-07-09 05:44:58,428 [DEBUG]: ✅ Element 71 (EulerBernoulliBeamElement3D) instantiated.
2025-07-09 05:44:58,429 [DEBUG]: ✅ Element 72 (EulerBernoulliBeamElement3D) instantiated.
2025-07-09 05:44:58,430 [DEBUG]: ✅ Element 73 (EulerBernoulliBeamElement3D) instantiated.
2025-07-09 05:44:58,431 [DEBUG]: ✅ Element 74 (EulerBernoulliBeamElement3D) instantiated.
2025-07-09 05:44:58,432 [DEBUG]: ✅ Element 75 (EulerBernoulliBeamElement3D) instantiated.
2025-07-09 05:44:58,433 [DEBUG]: ✅ Element 76 (EulerBernoulliBeamElement3D) instantiated.
2025-07-09 05:44:58,434 [DEBUG]: ✅ Element 77 (EulerBernoulliBeamElement3D) instantiated.
2025-07-09 05:44:58,435 [DEBUG]: ✅ Element 78 (EulerBernoulliBeamElement3D) instantiated.
2025-07-09 05:44:58,436 [DEBUG]: ✅ Element 79 (EulerBernoulliBeamElement3D) instantiated.
2025-07-09 05:44:58,438 [DEBUG]: ✅ Element 80 (EulerBernoulliBeamElement3D) instantiated.
2025-07-09 05:44:58,439 [DEBUG]: ✅ Element 81 (EulerBernoulliBeamElement3D) instantiated.
2025-07-09 05:44:58,442 [DEBUG]: ✅ Element 82 (EulerBernoulliBeamElement3D) instantiated.
2025-07-09 05:44:58,443 [DEBUG]: ✅ Element 83 (EulerBernoulliBeamElement3D) instantiated.
2025-07-09 05:44:58,444 [DEBUG]: ✅ Element 84 (EulerBernoulliBeamElement3D) instantiated.
2025-07-09 05:44:58,445 [DEBUG]: ✅ Element 85 (EulerBernoulliBeamElement3D) instantiated.
2025-07-09 05:44:58,446 [DEBUG]: ✅ Element 86 (EulerBernoulliBeamElement3D) instantiated.
2025-07-09 05:44:58,448 [DEBUG]: ✅ Element 87 (EulerBernoulliBeamElement3D) instantiated.
2025-07-09 05:44:58,449 [DEBUG]: ✅ Element 88 (EulerBernoulliBeamElement3D) instantiated.
2025-07-09 05:44:58,450 [DEBUG]: ✅ Element 89 (EulerBernoulliBeamElement3D) instantiated.
2025-07-09 05:44:58,451 [DEBUG]: ✅ Element 90 (EulerBernoulliBeamElement3D) instantiated.
2025-07-09 05:44:58,454 [DEBUG]: ✅ Element 91 (EulerBernoulliBeamElement3D) instantiated.
2025-07-09 05:44:58,455 [DEBUG]: ✅ Element 92 (EulerBernoulliBeamElement3D) instantiated.
2025-07-09 05:44:58,456 [DEBUG]: ✅ Element 93 (EulerBernoulliBeamElement3D) instantiated.
2025-07-09 05:44:58,477 [DEBUG]: ✅ Element 94 (EulerBernoulliBeamElement3D) instantiated.
2025-07-09 05:44:58,478 [DEBUG]: ✅ Element 95 (EulerBernoulliBeamElement3D) instantiated.
2025-07-09 05:44:58,480 [DEBUG]: ✅ Element 96 (EulerBernoulliBeamElement3D) instantiated.
2025-07-09 05:44:58,482 [DEBUG]: ✅ Element 97 (EulerBernoulliBeamElement3D) instantiated.
2025-07-09 05:44:58,483 [DEBUG]: ✅ Element 98 (EulerBernoulliBeamElement3D) instantiated.
2025-07-09 05:44:58,484 [DEBUG]: ✅ Element 99 (EulerBernoulliBeamElement3D) instantiated.
2025-07-09 05:44:58,486 [DEBUG]: ✅ Element 100 (EulerBernoulliBeamElement3D) instantiated.
2025-07-09 05:44:58,488 [DEBUG]: ✅ Element 101 (EulerBernoulliBeamElement3D) instantiated.
2025-07-09 05:44:58,490 [DEBUG]: ✅ Element 102 (EulerBernoulliBeamElement3D) instantiated.
2025-07-09 05:44:58,492 [DEBUG]: ✅ Element 103 (EulerBernoulliBeamElement3D) instantiated.
2025-07-09 05:44:58,496 [DEBUG]: ✅ Element 104 (EulerBernoulliBeamElement3D) instantiated.
2025-07-09 05:44:58,498 [DEBUG]: ✅ Element 105 (EulerBernoulliBeamElement3D) instantiated.
2025-07-09 05:44:58,499 [DEBUG]: ✅ Element 106 (EulerBernoulliBeamElement3D) instantiated.
2025-07-09 05:44:58,500 [DEBUG]: ✅ Element 107 (EulerBernoulliBeamElement3D) instantiated.
2025-07-09 05:44:58,501 [DEBUG]: ✅ Element 108 (EulerBernoulliBeamElement3D) instantiated.
2025-07-09 05:44:58,502 [DEBUG]: ✅ Element 109 (EulerBernoulliBeamElement3D) instantiated.
2025-07-09 05:44:58,508 [DEBUG]: ✅ Element 110 (EulerBernoulliBeamElement3D) instantiated.
2025-07-09 05:44:58,510 [DEBUG]: ✅ Element 111 (EulerBernoulliBeamElement3D) instantiated.
2025-07-09 05:44:58,511 [DEBUG]: ✅ Element 112 (EulerBernoulliBeamElement3D) instantiated.
2025-07-09 05:44:58,512 [DEBUG]: ✅ Element 113 (EulerBernoulliBeamElement3D) instantiated.
2025-07-09 05:44:58,513 [DEBUG]: ✅ Element 114 (EulerBernoulliBeamElement3D) instantiated.
2025-07-09 05:44:58,514 [DEBUG]: ✅ Element 115 (EulerBernoulliBeamElement3D) instantiated.
2025-07-09 05:44:58,515 [DEBUG]: ✅ Element 116 (EulerBernoulliBeamElement3D) instantiated.
2025-07-09 05:44:58,516 [DEBUG]: ✅ Element 117 (EulerBernoulliBeamElement3D) instantiated.
2025-07-09 05:44:58,518 [DEBUG]: ✅ Element 118 (EulerBernoulliBeamElement3D) instantiated.
2025-07-09 05:44:58,519 [DEBUG]: ✅ Element 119 (EulerBernoulliBeamElement3D) instantiated.
2025-07-09 05:44:58,520 [DEBUG]: ✅ Element 120 (EulerBernoulliBeamElement3D) instantiated.
2025-07-09 05:44:58,521 [DEBUG]: ✅ Element 121 (EulerBernoulliBeamElement3D) instantiated.
2025-07-09 05:44:58,525 [DEBUG]: ✅ Element 122 (EulerBernoulliBeamElement3D) instantiated.
2025-07-09 05:44:58,526 [DEBUG]: ✅ Element 123 (EulerBernoulliBeamElement3D) instantiated.
2025-07-09 05:44:58,528 [DEBUG]: ✅ Element 124 (EulerBernoulliBeamElement3D) instantiated.
2025-07-09 05:44:58,529 [DEBUG]: ✅ Element 125 (EulerBernoulliBeamElement3D) instantiated.
2025-07-09 05:44:58,530 [DEBUG]: ✅ Element 126 (EulerBernoulliBeamElement3D) instantiated.
2025-07-09 05:44:58,531 [DEBUG]: ✅ Element 127 (EulerBernoulliBeamElement3D) instantiated.
2025-07-09 05:44:58,532 [DEBUG]: ✅ Element 128 (EulerBernoulliBeamElement3D) instantiated.
2025-07-09 05:44:58,533 [DEBUG]: ✅ Element 129 (EulerBernoulliBeamElement3D) instantiated.
2025-07-09 05:44:58,535 [DEBUG]: ✅ Element 130 (EulerBernoulliBeamElement3D) instantiated.
2025-07-09 05:44:58,536 [DEBUG]: ✅ Element 131 (EulerBernoulliBeamElement3D) instantiated.
2025-07-09 05:44:58,537 [DEBUG]: ✅ Element 132 (EulerBernoulliBeamElement3D) instantiated.
2025-07-09 05:44:58,538 [DEBUG]: ✅ Element 133 (EulerBernoulliBeamElement3D) instantiated.
2025-07-09 05:44:58,539 [DEBUG]: ✅ Element 134 (EulerBernoulliBeamElement3D) instantiated.
2025-07-09 05:44:58,542 [DEBUG]: ✅ Element 135 (EulerBernoulliBeamElement3D) instantiated.
2025-07-09 05:44:58,543 [DEBUG]: ✅ Element 136 (EulerBernoulliBeamElement3D) instantiated.
2025-07-09 05:44:58,545 [DEBUG]: ✅ Element 137 (EulerBernoulliBeamElement3D) instantiated.
2025-07-09 05:44:58,546 [DEBUG]: ✅ Element 138 (EulerBernoulliBeamElement3D) instantiated.
2025-07-09 05:44:58,547 [DEBUG]: ✅ Element 139 (EulerBernoulliBeamElement3D) instantiated.
2025-07-09 05:44:58,548 [DEBUG]: ✅ Element 140 (EulerBernoulliBeamElement3D) instantiated.
2025-07-09 05:44:58,550 [DEBUG]: ✅ Element 141 (EulerBernoulliBeamElement3D) instantiated.
2025-07-09 05:44:58,551 [DEBUG]: ✅ Element 142 (EulerBernoulliBeamElement3D) instantiated.
2025-07-09 05:44:58,553 [DEBUG]: ✅ Element 143 (EulerBernoulliBeamElement3D) instantiated.
2025-07-09 05:44:58,554 [DEBUG]: ✅ Element 144 (EulerBernoulliBeamElement3D) instantiated.
2025-07-09 05:44:58,556 [DEBUG]: ✅ Element 145 (EulerBernoulliBeamElement3D) instantiated.
2025-07-09 05:44:58,557 [DEBUG]: ✅ Element 146 (EulerBernoulliBeamElement3D) instantiated.
2025-07-09 05:44:58,562 [DEBUG]: ✅ Element 147 (EulerBernoulliBeamElement3D) instantiated.
2025-07-09 05:44:58,563 [DEBUG]: ✅ Element 148 (EulerBernoulliBeamElement3D) instantiated.
2025-07-09 05:44:58,565 [DEBUG]: ✅ Element 149 (EulerBernoulliBeamElement3D) instantiated.
2025-07-09 05:44:58,566 [DEBUG]: ✅ Element 150 (EulerBernoulliBeamElement3D) instantiated.
2025-07-09 05:44:58,568 [DEBUG]: ✅ Element 151 (EulerBernoulliBeamElement3D) instantiated.
2025-07-09 05:44:58,569 [DEBUG]: ✅ Element 152 (EulerBernoulliBeamElement3D) instantiated.
2025-07-09 05:44:58,571 [DEBUG]: ✅ Element 153 (EulerBernoulliBeamElement3D) instantiated.
2025-07-09 05:44:58,572 [DEBUG]: ✅ Element 154 (EulerBernoulliBeamElement3D) instantiated.
2025-07-09 05:44:58,574 [DEBUG]: ✅ Element 155 (EulerBernoulliBeamElement3D) instantiated.
2025-07-09 05:44:58,575 [DEBUG]: ✅ Element 156 (EulerBernoulliBeamElement3D) instantiated.
2025-07-09 05:44:58,577 [DEBUG]: ✅ Element 157 (EulerBernoulliBeamElement3D) instantiated.
2025-07-09 05:44:58,578 [DEBUG]: ✅ Element 158 (EulerBernoulliBeamElement3D) instantiated.
2025-07-09 05:44:58,578 [DEBUG]: ✅ Element 159 (EulerBernoulliBeamElement3D) instantiated.
2025-07-09 05:44:58,579 [DEBUG]: ✅ Element 160 (EulerBernoulliBeamElement3D) instantiated.
2025-07-09 05:44:58,581 [DEBUG]: ✅ Element 161 (EulerBernoulliBeamElement3D) instantiated.
2025-07-09 05:44:58,582 [DEBUG]: ✅ Element 162 (EulerBernoulliBeamElement3D) instantiated.
2025-07-09 05:44:58,583 [DEBUG]: ✅ Element 163 (EulerBernoulliBeamElement3D) instantiated.
2025-07-09 05:44:58,584 [DEBUG]: ✅ Element 164 (EulerBernoulliBeamElement3D) instantiated.
2025-07-09 05:44:58,585 [DEBUG]: ✅ Element 165 (EulerBernoulliBeamElement3D) instantiated.
2025-07-09 05:44:58,586 [DEBUG]: ✅ Element 166 (EulerBernoulliBeamElement3D) instantiated.
2025-07-09 05:44:58,587 [DEBUG]: ✅ Element 167 (EulerBernoulliBeamElement3D) instantiated.
2025-07-09 05:44:58,588 [DEBUG]: ✅ Element 168 (EulerBernoulliBeamElement3D) instantiated.
2025-07-09 05:44:58,590 [DEBUG]: ✅ Element 169 (EulerBernoulliBeamElement3D) instantiated.
2025-07-09 05:44:58,590 [DEBUG]: ✅ Element 170 (EulerBernoulliBeamElement3D) instantiated.
2025-07-09 05:44:58,591 [DEBUG]: ✅ Element 171 (EulerBernoulliBeamElement3D) instantiated.
2025-07-09 05:44:58,592 [DEBUG]: ✅ Element 172 (EulerBernoulliBeamElement3D) instantiated.
2025-07-09 05:44:58,593 [DEBUG]: ✅ Element 173 (EulerBernoulliBeamElement3D) instantiated.
2025-07-09 05:44:58,594 [DEBUG]: ✅ Element 174 (EulerBernoulliBeamElement3D) instantiated.
2025-07-09 05:44:58,595 [DEBUG]: ✅ Element 175 (EulerBernoulliBeamElement3D) instantiated.
2025-07-09 05:44:58,596 [DEBUG]: ✅ Element 176 (EulerBernoulliBeamElement3D) instantiated.
2025-07-09 05:44:58,597 [DEBUG]: ✅ Element 177 (EulerBernoulliBeamElement3D) instantiated.
2025-07-09 05:44:58,598 [DEBUG]: ✅ Element 178 (EulerBernoulliBeamElement3D) instantiated.
2025-07-09 05:44:58,599 [DEBUG]: ✅ Element 179 (EulerBernoulliBeamElement3D) instantiated.
2025-07-09 05:44:58,600 [DEBUG]: ✅ Element 180 (EulerBernoulliBeamElement3D) instantiated.
2025-07-09 05:44:58,601 [DEBUG]: ✅ Element 181 (EulerBernoulliBeamElement3D) instantiated.
2025-07-09 05:44:58,602 [DEBUG]: ✅ Element 182 (EulerBernoulliBeamElement3D) instantiated.
2025-07-09 05:44:58,605 [DEBUG]: ✅ Element 183 (EulerBernoulliBeamElement3D) instantiated.
2025-07-09 05:44:58,607 [DEBUG]: ✅ Element 184 (EulerBernoulliBeamElement3D) instantiated.
2025-07-09 05:44:58,608 [DEBUG]: ✅ Element 185 (EulerBernoulliBeamElement3D) instantiated.
2025-07-09 05:44:58,609 [DEBUG]: ✅ Element 186 (EulerBernoulliBeamElement3D) instantiated.
2025-07-09 05:44:58,610 [DEBUG]: ✅ Element 187 (EulerBernoulliBeamElement3D) instantiated.
2025-07-09 05:44:58,611 [DEBUG]: ✅ Element 188 (EulerBernoulliBeamElement3D) instantiated.
2025-07-09 05:44:58,612 [DEBUG]: ✅ Element 189 (EulerBernoulliBeamElement3D) instantiated.
2025-07-09 05:44:58,613 [DEBUG]: ✅ Element 190 (EulerBernoulliBeamElement3D) instantiated.
2025-07-09 05:44:58,614 [DEBUG]: ✅ Element 191 (EulerBernoulliBeamElement3D) instantiated.
2025-07-09 05:44:58,615 [DEBUG]: ✅ Element 192 (EulerBernoulliBeamElement3D) instantiated.
2025-07-09 05:44:58,616 [DEBUG]: ✅ Element 193 (EulerBernoulliBeamElement3D) instantiated.
2025-07-09 05:44:58,617 [DEBUG]: ✅ Element 194 (EulerBernoulliBeamElement3D) instantiated.
2025-07-09 05:44:58,618 [DEBUG]: ✅ Element 195 (EulerBernoulliBeamElement3D) instantiated.
2025-07-09 05:44:58,619 [DEBUG]: ✅ Element 196 (EulerBernoulliBeamElement3D) instantiated.
2025-07-09 05:44:58,620 [DEBUG]: ✅ Element 197 (EulerBernoulliBeamElement3D) instantiated.
2025-07-09 05:44:58,621 [DEBUG]: ✅ Element 198 (EulerBernoulliBeamElement3D) instantiated.
2025-07-09 05:44:58,621 [DEBUG]: ✅ Element 199 (EulerBernoulliBeamElement3D) instantiated.
2025-07-09 05:44:58,621 [DEBUG]: ✅ Element 200 (EulerBernoulliBeamElement3D) instantiated.
2025-07-09 05:44:58,623 [DEBUG]: ✅ Element 201 (EulerBernoulliBeamElement3D) instantiated.
2025-07-09 05:44:58,624 [DEBUG]: ✅ Element 202 (EulerBernoulliBeamElement3D) instantiated.
2025-07-09 05:44:58,625 [DEBUG]: ✅ Element 203 (EulerBernoulliBeamElement3D) instantiated.
2025-07-09 05:44:58,626 [DEBUG]: ✅ Element 204 (EulerBernoulliBeamElement3D) instantiated.
2025-07-09 05:44:58,627 [DEBUG]: ✅ Element 205 (EulerBernoulliBeamElement3D) instantiated.
2025-07-09 05:44:58,628 [DEBUG]: ✅ Element 206 (EulerBernoulliBeamElement3D) instantiated.
2025-07-09 05:44:58,629 [DEBUG]: ✅ Element 207 (EulerBernoulliBeamElement3D) instantiated.
2025-07-09 05:44:58,629 [DEBUG]: ✅ Element 208 (EulerBernoulliBeamElement3D) instantiated.
2025-07-09 05:44:58,630 [DEBUG]: ✅ Element 209 (EulerBernoulliBeamElement3D) instantiated.
2025-07-09 05:44:58,631 [DEBUG]: ✅ Element 210 (EulerBernoulliBeamElement3D) instantiated.
2025-07-09 05:44:58,632 [DEBUG]: ✅ Element 211 (EulerBernoulliBeamElement3D) instantiated.
2025-07-09 05:44:58,633 [DEBUG]: ✅ Element 212 (EulerBernoulliBeamElement3D) instantiated.
2025-07-09 05:44:58,634 [DEBUG]: ✅ Element 213 (EulerBernoulliBeamElement3D) instantiated.
2025-07-09 05:44:58,635 [DEBUG]: ✅ Element 214 (EulerBernoulliBeamElement3D) instantiated.
2025-07-09 05:44:58,635 [DEBUG]: ✅ Element 215 (EulerBernoulliBeamElement3D) instantiated.
2025-07-09 05:44:58,636 [DEBUG]: ✅ Element 216 (EulerBernoulliBeamElement3D) instantiated.
2025-07-09 05:44:58,637 [DEBUG]: ✅ Element 217 (EulerBernoulliBeamElement3D) instantiated.
2025-07-09 05:44:58,639 [DEBUG]: ✅ Element 218 (EulerBernoulliBeamElement3D) instantiated.
2025-07-09 05:44:58,640 [DEBUG]: ✅ Element 219 (EulerBernoulliBeamElement3D) instantiated.
2025-07-09 05:44:58,641 [DEBUG]: ✅ Element 220 (EulerBernoulliBeamElement3D) instantiated.
2025-07-09 05:44:58,642 [DEBUG]: ✅ Element 221 (EulerBernoulliBeamElement3D) instantiated.
2025-07-09 05:44:58,643 [DEBUG]: ✅ Element 222 (EulerBernoulliBeamElement3D) instantiated.
2025-07-09 05:44:58,644 [DEBUG]: ✅ Element 223 (EulerBernoulliBeamElement3D) instantiated.
2025-07-09 05:44:58,644 [DEBUG]: ✅ Element 224 (EulerBernoulliBeamElement3D) instantiated.
2025-07-09 05:44:58,645 [DEBUG]: ✅ Element 225 (EulerBernoulliBeamElement3D) instantiated.
2025-07-09 05:44:58,646 [DEBUG]: ✅ Element 226 (EulerBernoulliBeamElement3D) instantiated.
2025-07-09 05:44:58,647 [DEBUG]: ✅ Element 227 (EulerBernoulliBeamElement3D) instantiated.
2025-07-09 05:44:58,648 [DEBUG]: ✅ Element 228 (EulerBernoulliBeamElement3D) instantiated.
2025-07-09 05:44:58,649 [DEBUG]: ✅ Element 229 (EulerBernoulliBeamElement3D) instantiated.
2025-07-09 05:44:58,650 [DEBUG]: ✅ Element 230 (EulerBernoulliBeamElement3D) instantiated.
2025-07-09 05:44:58,650 [DEBUG]: ✅ Element 231 (EulerBernoulliBeamElement3D) instantiated.
2025-07-09 05:44:58,651 [DEBUG]: ✅ Element 232 (EulerBernoulliBeamElement3D) instantiated.
2025-07-09 05:44:58,652 [DEBUG]: ✅ Element 233 (EulerBernoulliBeamElement3D) instantiated.
2025-07-09 05:44:58,653 [DEBUG]: ✅ Element 234 (EulerBernoulliBeamElement3D) instantiated.
2025-07-09 05:44:58,654 [DEBUG]: ✅ Element 235 (EulerBernoulliBeamElement3D) instantiated.
2025-07-09 05:44:58,655 [DEBUG]: ✅ Element 236 (EulerBernoulliBeamElement3D) instantiated.
2025-07-09 05:44:58,656 [DEBUG]: ✅ Element 237 (EulerBernoulliBeamElement3D) instantiated.
2025-07-09 05:44:58,657 [DEBUG]: ✅ Element 238 (EulerBernoulliBeamElement3D) instantiated.
2025-07-09 05:44:58,657 [DEBUG]: ✅ Element 239 (EulerBernoulliBeamElement3D) instantiated.
2025-07-09 05:44:58,658 [DEBUG]: ✅ Element 240 (EulerBernoulliBeamElement3D) instantiated.
2025-07-09 05:44:58,659 [DEBUG]: ✅ Element 241 (EulerBernoulliBeamElement3D) instantiated.
2025-07-09 05:44:58,660 [DEBUG]: ✅ Element 242 (EulerBernoulliBeamElement3D) instantiated.
2025-07-09 05:44:58,661 [DEBUG]: ✅ Element 243 (EulerBernoulliBeamElement3D) instantiated.
2025-07-09 05:44:58,662 [DEBUG]: ✅ Element 244 (EulerBernoulliBeamElement3D) instantiated.
2025-07-09 05:44:58,663 [DEBUG]: ✅ Element 245 (EulerBernoulliBeamElement3D) instantiated.
2025-07-09 05:44:58,663 [DEBUG]: ✅ Element 246 (EulerBernoulliBeamElement3D) instantiated.
2025-07-09 05:44:58,664 [DEBUG]: ✅ Element 247 (EulerBernoulliBeamElement3D) instantiated.
2025-07-09 05:44:58,665 [DEBUG]: ✅ Element 248 (EulerBernoulliBeamElement3D) instantiated.
2025-07-09 05:44:58,666 [DEBUG]: ✅ Element 249 (EulerBernoulliBeamElement3D) instantiated.
2025-07-09 05:44:58,667 [DEBUG]: Logging verified for element 0.
2025-07-09 05:44:58,668 [DEBUG]: Logging verified for element 1.
2025-07-09 05:44:58,669 [DEBUG]: Logging verified for element 2.
2025-07-09 05:44:58,670 [DEBUG]: Logging verified for element 3.
2025-07-09 05:44:58,670 [DEBUG]: Logging verified for element 4.
2025-07-09 05:44:58,671 [DEBUG]: Logging verified for element 5.
2025-07-09 05:44:58,672 [DEBUG]: Logging verified for element 6.
2025-07-09 05:44:58,673 [DEBUG]: Logging verified for element 7.
2025-07-09 05:44:58,674 [DEBUG]: Logging verified for element 8.
2025-07-09 05:44:58,675 [DEBUG]: Logging verified for element 9.
2025-07-09 05:44:58,675 [DEBUG]: Logging verified for element 10.
2025-07-09 05:44:58,676 [DEBUG]: Logging verified for element 11.
2025-07-09 05:44:58,677 [DEBUG]: Logging verified for element 12.
2025-07-09 05:44:58,678 [DEBUG]: Logging verified for element 13.
2025-07-09 05:44:58,678 [DEBUG]: Logging verified for element 14.
2025-07-09 05:44:58,679 [DEBUG]: Logging verified for element 15.
2025-07-09 05:44:58,680 [DEBUG]: Logging verified for element 16.
2025-07-09 05:44:58,681 [DEBUG]: Logging verified for element 17.
2025-07-09 05:44:58,681 [DEBUG]: Logging verified for element 18.
2025-07-09 05:44:58,682 [DEBUG]: Logging verified for element 19.
2025-07-09 05:44:58,683 [DEBUG]: Logging verified for element 20.
2025-07-09 05:44:58,683 [DEBUG]: Logging verified for element 21.
2025-07-09 05:44:58,684 [DEBUG]: Logging verified for element 22.
2025-07-09 05:44:58,685 [DEBUG]: Logging verified for element 23.
2025-07-09 05:44:58,686 [DEBUG]: Logging verified for element 24.
2025-07-09 05:44:58,686 [DEBUG]: Logging verified for element 25.
2025-07-09 05:44:58,687 [DEBUG]: Logging verified for element 26.
2025-07-09 05:44:58,688 [DEBUG]: Logging verified for element 27.
2025-07-09 05:44:58,689 [DEBUG]: Logging verified for element 28.
2025-07-09 05:44:58,690 [DEBUG]: Logging verified for element 29.
2025-07-09 05:44:58,691 [DEBUG]: Logging verified for element 30.
2025-07-09 05:44:58,692 [DEBUG]: Logging verified for element 31.
2025-07-09 05:44:58,693 [DEBUG]: Logging verified for element 32.
2025-07-09 05:44:58,693 [DEBUG]: Logging verified for element 33.
2025-07-09 05:44:58,694 [DEBUG]: Logging verified for element 34.
2025-07-09 05:44:58,695 [DEBUG]: Logging verified for element 35.
2025-07-09 05:44:58,696 [DEBUG]: Logging verified for element 36.
2025-07-09 05:44:58,697 [DEBUG]: Logging verified for element 37.
2025-07-09 05:44:58,697 [DEBUG]: Logging verified for element 38.
2025-07-09 05:44:58,698 [DEBUG]: Logging verified for element 39.
2025-07-09 05:44:58,699 [DEBUG]: Logging verified for element 40.
2025-07-09 05:44:58,700 [DEBUG]: Logging verified for element 41.
2025-07-09 05:44:58,700 [DEBUG]: Logging verified for element 42.
2025-07-09 05:44:58,701 [DEBUG]: Logging verified for element 43.
2025-07-09 05:44:58,702 [DEBUG]: Logging verified for element 44.
2025-07-09 05:44:58,703 [DEBUG]: Logging verified for element 45.
2025-07-09 05:44:58,704 [DEBUG]: Logging verified for element 46.
2025-07-09 05:44:58,705 [DEBUG]: Logging verified for element 47.
2025-07-09 05:44:58,706 [DEBUG]: Logging verified for element 48.
2025-07-09 05:44:58,707 [DEBUG]: Logging verified for element 49.
2025-07-09 05:44:58,708 [DEBUG]: Logging verified for element 50.
2025-07-09 05:44:58,708 [DEBUG]: Logging verified for element 51.
2025-07-09 05:44:58,709 [DEBUG]: Logging verified for element 52.
2025-07-09 05:44:58,710 [DEBUG]: Logging verified for element 53.
2025-07-09 05:44:58,710 [DEBUG]: Logging verified for element 54.
2025-07-09 05:44:58,711 [DEBUG]: Logging verified for element 55.
2025-07-09 05:44:58,712 [DEBUG]: Logging verified for element 56.
2025-07-09 05:44:58,713 [DEBUG]: Logging verified for element 57.
2025-07-09 05:44:58,713 [DEBUG]: Logging verified for element 58.
2025-07-09 05:44:58,714 [DEBUG]: Logging verified for element 59.
2025-07-09 05:44:58,715 [DEBUG]: Logging verified for element 60.
2025-07-09 05:44:58,716 [DEBUG]: Logging verified for element 61.
2025-07-09 05:44:58,717 [DEBUG]: Logging verified for element 62.
2025-07-09 05:44:58,718 [DEBUG]: Logging verified for element 63.
2025-07-09 05:44:58,718 [DEBUG]: Logging verified for element 64.
2025-07-09 05:44:58,719 [DEBUG]: Logging verified for element 65.
2025-07-09 05:44:58,720 [DEBUG]: Logging verified for element 66.
2025-07-09 05:44:58,720 [DEBUG]: Logging verified for element 67.
2025-07-09 05:44:58,721 [DEBUG]: Logging verified for element 68.
2025-07-09 05:44:58,722 [DEBUG]: Logging verified for element 69.
2025-07-09 05:44:58,723 [DEBUG]: Logging verified for element 70.
2025-07-09 05:44:58,723 [DEBUG]: Logging verified for element 71.
2025-07-09 05:44:58,724 [DEBUG]: Logging verified for element 72.
2025-07-09 05:44:58,725 [DEBUG]: Logging verified for element 73.
2025-07-09 05:44:58,726 [DEBUG]: Logging verified for element 74.
2025-07-09 05:44:58,726 [DEBUG]: Logging verified for element 75.
2025-07-09 05:44:58,727 [DEBUG]: Logging verified for element 76.
2025-07-09 05:44:58,728 [DEBUG]: Logging verified for element 77.
2025-07-09 05:44:58,728 [DEBUG]: Logging verified for element 78.
2025-07-09 05:44:58,729 [DEBUG]: Logging verified for element 79.
2025-07-09 05:44:58,730 [DEBUG]: Logging verified for element 80.
2025-07-09 05:44:58,731 [DEBUG]: Logging verified for element 81.
2025-07-09 05:44:58,731 [DEBUG]: Logging verified for element 82.
2025-07-09 05:44:58,733 [DEBUG]: Logging verified for element 83.
2025-07-09 05:44:58,734 [DEBUG]: Logging verified for element 84.
2025-07-09 05:44:58,734 [DEBUG]: Logging verified for element 85.
2025-07-09 05:44:58,735 [DEBUG]: Logging verified for element 86.
2025-07-09 05:44:58,737 [DEBUG]: Logging verified for element 87.
2025-07-09 05:44:58,737 [DEBUG]: Logging verified for element 88.
2025-07-09 05:44:58,738 [DEBUG]: Logging verified for element 89.
2025-07-09 05:44:58,739 [DEBUG]: Logging verified for element 90.
2025-07-09 05:44:58,741 [DEBUG]: Logging verified for element 91.
2025-07-09 05:44:58,741 [DEBUG]: Logging verified for element 92.
2025-07-09 05:44:58,742 [DEBUG]: Logging verified for element 93.
2025-07-09 05:44:58,743 [DEBUG]: Logging verified for element 94.
2025-07-09 05:44:58,744 [DEBUG]: Logging verified for element 95.
2025-07-09 05:44:58,745 [DEBUG]: Logging verified for element 96.
2025-07-09 05:44:58,745 [DEBUG]: Logging verified for element 97.
2025-07-09 05:44:58,746 [DEBUG]: Logging verified for element 98.
2025-07-09 05:44:58,747 [DEBUG]: Logging verified for element 99.
2025-07-09 05:44:58,748 [DEBUG]: Logging verified for element 100.
2025-07-09 05:44:58,748 [DEBUG]: Logging verified for element 101.
2025-07-09 05:44:58,749 [DEBUG]: Logging verified for element 102.
2025-07-09 05:44:58,750 [DEBUG]: Logging verified for element 103.
2025-07-09 05:44:58,751 [DEBUG]: Logging verified for element 104.
2025-07-09 05:44:58,751 [DEBUG]: Logging verified for element 105.
2025-07-09 05:44:58,752 [DEBUG]: Logging verified for element 106.
2025-07-09 05:44:58,753 [DEBUG]: Logging verified for element 107.
2025-07-09 05:44:58,754 [DEBUG]: Logging verified for element 108.
2025-07-09 05:44:58,754 [DEBUG]: Logging verified for element 109.
2025-07-09 05:44:58,755 [DEBUG]: Logging verified for element 110.
2025-07-09 05:44:58,756 [DEBUG]: Logging verified for element 111.
2025-07-09 05:44:58,757 [DEBUG]: Logging verified for element 112.
2025-07-09 05:44:58,757 [DEBUG]: Logging verified for element 113.
2025-07-09 05:44:58,759 [DEBUG]: Logging verified for element 114.
2025-07-09 05:44:58,761 [DEBUG]: Logging verified for element 115.
2025-07-09 05:44:58,762 [DEBUG]: Logging verified for element 116.
2025-07-09 05:44:58,763 [DEBUG]: Logging verified for element 117.
2025-07-09 05:44:58,763 [DEBUG]: Logging verified for element 118.
2025-07-09 05:44:58,764 [DEBUG]: Logging verified for element 119.
2025-07-09 05:44:58,765 [DEBUG]: Logging verified for element 120.
2025-07-09 05:44:58,766 [DEBUG]: Logging verified for element 121.
2025-07-09 05:44:58,766 [DEBUG]: Logging verified for element 122.
2025-07-09 05:44:58,767 [DEBUG]: Logging verified for element 123.
2025-07-09 05:44:58,768 [DEBUG]: Logging verified for element 124.
2025-07-09 05:44:58,769 [DEBUG]: Logging verified for element 125.
2025-07-09 05:44:58,769 [DEBUG]: Logging verified for element 126.
2025-07-09 05:44:58,770 [DEBUG]: Logging verified for element 127.
2025-07-09 05:44:58,771 [DEBUG]: Logging verified for element 128.
2025-07-09 05:44:58,772 [DEBUG]: Logging verified for element 129.
2025-07-09 05:44:58,772 [DEBUG]: Logging verified for element 130.
2025-07-09 05:44:58,773 [DEBUG]: Logging verified for element 131.
2025-07-09 05:44:58,774 [DEBUG]: Logging verified for element 132.
2025-07-09 05:44:58,775 [DEBUG]: Logging verified for element 133.
2025-07-09 05:44:58,775 [DEBUG]: Logging verified for element 134.
2025-07-09 05:44:58,776 [DEBUG]: Logging verified for element 135.
2025-07-09 05:44:58,778 [DEBUG]: Logging verified for element 136.
2025-07-09 05:44:58,783 [DEBUG]: Logging verified for element 137.
2025-07-09 05:44:58,785 [DEBUG]: Logging verified for element 138.
2025-07-09 05:44:58,787 [DEBUG]: Logging verified for element 139.
2025-07-09 05:44:58,788 [DEBUG]: Logging verified for element 140.
2025-07-09 05:44:58,788 [DEBUG]: Logging verified for element 141.
2025-07-09 05:44:58,789 [DEBUG]: Logging verified for element 142.
2025-07-09 05:44:58,790 [DEBUG]: Logging verified for element 143.
2025-07-09 05:44:58,791 [DEBUG]: Logging verified for element 144.
2025-07-09 05:44:58,791 [DEBUG]: Logging verified for element 145.
2025-07-09 05:44:58,793 [DEBUG]: Logging verified for element 146.
2025-07-09 05:44:58,794 [DEBUG]: Logging verified for element 147.
2025-07-09 05:44:58,794 [DEBUG]: Logging verified for element 148.
2025-07-09 05:44:58,795 [DEBUG]: Logging verified for element 149.
2025-07-09 05:44:58,796 [DEBUG]: Logging verified for element 150.
2025-07-09 05:44:58,797 [DEBUG]: Logging verified for element 151.
2025-07-09 05:44:58,797 [DEBUG]: Logging verified for element 152.
2025-07-09 05:44:58,798 [DEBUG]: Logging verified for element 153.
2025-07-09 05:44:58,799 [DEBUG]: Logging verified for element 154.
2025-07-09 05:44:58,800 [DEBUG]: Logging verified for element 155.
2025-07-09 05:44:58,801 [DEBUG]: Logging verified for element 156.
2025-07-09 05:44:58,801 [DEBUG]: Logging verified for element 157.
2025-07-09 05:44:58,802 [DEBUG]: Logging verified for element 158.
2025-07-09 05:44:58,803 [DEBUG]: Logging verified for element 159.
2025-07-09 05:44:58,804 [DEBUG]: Logging verified for element 160.
2025-07-09 05:44:58,804 [DEBUG]: Logging verified for element 161.
2025-07-09 05:44:58,805 [DEBUG]: Logging verified for element 162.
2025-07-09 05:44:58,806 [DEBUG]: Logging verified for element 163.
2025-07-09 05:44:58,808 [DEBUG]: Logging verified for element 164.
2025-07-09 05:44:58,809 [DEBUG]: Logging verified for element 165.
2025-07-09 05:44:58,809 [DEBUG]: Logging verified for element 166.
2025-07-09 05:44:58,810 [DEBUG]: Logging verified for element 167.
2025-07-09 05:44:58,811 [DEBUG]: Logging verified for element 168.
2025-07-09 05:44:58,812 [DEBUG]: Logging verified for element 169.
2025-07-09 05:44:58,812 [DEBUG]: Logging verified for element 170.
2025-07-09 05:44:58,813 [DEBUG]: Logging verified for element 171.
2025-07-09 05:44:58,813 [DEBUG]: Logging verified for element 172.
2025-07-09 05:44:58,814 [DEBUG]: Logging verified for element 173.
2025-07-09 05:44:58,815 [DEBUG]: Logging verified for element 174.
2025-07-09 05:44:58,816 [DEBUG]: Logging verified for element 175.
2025-07-09 05:44:58,816 [DEBUG]: Logging verified for element 176.
2025-07-09 05:44:58,817 [DEBUG]: Logging verified for element 177.
2025-07-09 05:44:58,819 [DEBUG]: Logging verified for element 178.
2025-07-09 05:44:58,820 [DEBUG]: Logging verified for element 179.
2025-07-09 05:44:58,821 [DEBUG]: Logging verified for element 180.
2025-07-09 05:44:58,823 [DEBUG]: Logging verified for element 181.
2025-07-09 05:44:58,824 [DEBUG]: Logging verified for element 182.
2025-07-09 05:44:58,825 [DEBUG]: Logging verified for element 183.
2025-07-09 05:44:58,826 [DEBUG]: Logging verified for element 184.
2025-07-09 05:44:58,827 [DEBUG]: Logging verified for element 185.
2025-07-09 05:44:58,828 [DEBUG]: Logging verified for element 186.
2025-07-09 05:44:58,830 [DEBUG]: Logging verified for element 187.
2025-07-09 05:44:58,830 [DEBUG]: Logging verified for element 188.
2025-07-09 05:44:58,831 [DEBUG]: Logging verified for element 189.
2025-07-09 05:44:58,832 [DEBUG]: Logging verified for element 190.
2025-07-09 05:44:58,832 [DEBUG]: Logging verified for element 191.
2025-07-09 05:44:58,833 [DEBUG]: Logging verified for element 192.
2025-07-09 05:44:58,834 [DEBUG]: Logging verified for element 193.
2025-07-09 05:44:58,835 [DEBUG]: Logging verified for element 194.
2025-07-09 05:44:58,836 [DEBUG]: Logging verified for element 195.
2025-07-09 05:44:58,836 [DEBUG]: Logging verified for element 196.
2025-07-09 05:44:58,837 [DEBUG]: Logging verified for element 197.
2025-07-09 05:44:58,838 [DEBUG]: Logging verified for element 198.
2025-07-09 05:44:58,840 [DEBUG]: Logging verified for element 199.
2025-07-09 05:44:58,841 [DEBUG]: Logging verified for element 200.
2025-07-09 05:44:58,841 [DEBUG]: Logging verified for element 201.
2025-07-09 05:44:58,842 [DEBUG]: Logging verified for element 202.
2025-07-09 05:44:58,843 [DEBUG]: Logging verified for element 203.
2025-07-09 05:44:58,844 [DEBUG]: Logging verified for element 204.
2025-07-09 05:44:58,844 [DEBUG]: Logging verified for element 205.
2025-07-09 05:44:58,845 [DEBUG]: Logging verified for element 206.
2025-07-09 05:44:58,846 [DEBUG]: Logging verified for element 207.
2025-07-09 05:44:58,847 [DEBUG]: Logging verified for element 208.
2025-07-09 05:44:58,847 [DEBUG]: Logging verified for element 209.
2025-07-09 05:44:58,848 [DEBUG]: Logging verified for element 210.
2025-07-09 05:44:58,849 [DEBUG]: Logging verified for element 211.
2025-07-09 05:44:58,849 [DEBUG]: Logging verified for element 212.
2025-07-09 05:44:58,850 [DEBUG]: Logging verified for element 213.
2025-07-09 05:44:58,851 [DEBUG]: Logging verified for element 214.
2025-07-09 05:44:58,851 [DEBUG]: Logging verified for element 215.
2025-07-09 05:44:58,853 [DEBUG]: Logging verified for element 216.
2025-07-09 05:44:58,854 [DEBUG]: Logging verified for element 217.
2025-07-09 05:44:58,859 [DEBUG]: Logging verified for element 218.
2025-07-09 05:44:58,860 [DEBUG]: Logging verified for element 219.
2025-07-09 05:44:58,861 [DEBUG]: Logging verified for element 220.
2025-07-09 05:44:58,861 [DEBUG]: Logging verified for element 221.
2025-07-09 05:44:58,862 [DEBUG]: Logging verified for element 222.
2025-07-09 05:44:58,864 [DEBUG]: Logging verified for element 223.
2025-07-09 05:44:58,865 [DEBUG]: Logging verified for element 224.
2025-07-09 05:44:58,866 [DEBUG]: Logging verified for element 225.
2025-07-09 05:44:58,867 [DEBUG]: Logging verified for element 226.
2025-07-09 05:44:58,867 [DEBUG]: Logging verified for element 227.
2025-07-09 05:44:58,868 [DEBUG]: Logging verified for element 228.
2025-07-09 05:44:58,869 [DEBUG]: Logging verified for element 229.
2025-07-09 05:44:58,870 [DEBUG]: Logging verified for element 230.
2025-07-09 05:44:58,870 [DEBUG]: Logging verified for element 231.
2025-07-09 05:44:58,871 [DEBUG]: Logging verified for element 232.
2025-07-09 05:44:58,872 [DEBUG]: Logging verified for element 233.
2025-07-09 05:44:58,873 [DEBUG]: Logging verified for element 234.
2025-07-09 05:44:58,873 [DEBUG]: Logging verified for element 235.
2025-07-09 05:44:58,874 [DEBUG]: Logging verified for element 236.
2025-07-09 05:44:58,875 [DEBUG]: Logging verified for element 237.
2025-07-09 05:44:58,876 [DEBUG]: Logging verified for element 238.
2025-07-09 05:44:58,877 [DEBUG]: Logging verified for element 239.
2025-07-09 05:44:58,877 [DEBUG]: Logging verified for element 240.
2025-07-09 05:44:58,878 [DEBUG]: Logging verified for element 241.
2025-07-09 05:44:58,879 [DEBUG]: Logging verified for element 242.
2025-07-09 05:44:58,880 [DEBUG]: Logging verified for element 243.
2025-07-09 05:44:58,881 [DEBUG]: Logging verified for element 244.
2025-07-09 05:44:58,882 [DEBUG]: Logging verified for element 245.
2025-07-09 05:44:58,883 [DEBUG]: Logging verified for element 246.
2025-07-09 05:44:58,884 [DEBUG]: Logging verified for element 247.
2025-07-09 05:44:58,885 [DEBUG]: Logging verified for element 248.
2025-07-09 05:44:58,885 [DEBUG]: Logging verified for element 249.
2025-07-09 05:44:58,885 [INFO]: ✅ Batch element creation complete.
