Machine Specifications:
   - OS: Windows 10 (10.0.19045)
       • Logical cores: 4
       • Physical cores: 4
   - RAM: 15.96 GB
   - Disk: 465.18 GB total, 129.61 GB free
   - Python Version: 3.11.0 (C:\Users\samea\AppData\Local\Programs\Python\Python311\python.exe)
   - GPU(s): NVIDIA GeForce GTX 780 Ti

Job: job_0002
Timestamp (job start): 2025-07-09_05-45-52-254027
Total Time: 54.59 sec

+-------------------------------+------------+---------------+-------------+-----------+
| Step                          |   Time (s) |   Memory (MB) |   Disk (GB) |   CPU (%) |
+===============================+============+===============+=============+===========+
| Parsing                       |  0.0380528 |       63.4453 |     334.528 |         0 |
+-------------------------------+------------+---------------+-------------+-----------+
| Element Instantiation         |  1.33804   |       99.3867 |     334.529 |         0 |
+-------------------------------+------------+---------------+-------------+-----------+
| Element Stiffness Computation |  3.38658   |      100.219  |     334.542 |         0 |
+-------------------------------+------------+---------------+-------------+-----------+
| Element Force Computation     |  0.306737  |      100.285  |     334.542 |         0 |
+-------------------------------+------------+---------------+-------------+-----------+
| Full Simulation               | 48.9131    |      130.918  |     335.571 |         0 |
+-------------------------------+------------+---------------+-------------+-----------+

Parallel Jobs: job_0001
Start Memory: 63.02 MB | End Memory: 130.92 MB
Start Disk Usage: 334.53 GB | End Disk Usage: 335.57 GB
Start CPU: 0.00% | End CPU: 0.00%
