Machine Specifications:
   - OS: Windows 11 (10.0.22631)
   - CPU: 12th Gen Intel(R) Core(TM) i7-12700
       • Logical cores: 20
       • Physical cores: 12
   - RAM: 31.24 GB
   - Disk: 3071.87 GB total, 2270.10 GB free
   - Python Version: 3.12.5 (C:\Users\s1834431\AppData\Local\Programs\Python\Python312\python.exe)
   - GPU(s): Intel(R) UHD Graphics 770

Job: job_0010
Timestamp (job start): 2025-05-19_12-16-24-559493
Total Time: 7.87 sec

+-------------------------------+------------+---------------+-------------+-----------+
| Step                          |   Time (s) |   Memory (MB) |   Disk (GB) |   CPU (%) |
+===============================+============+===============+=============+===========+
| Parsing                       |  0.0101326 |       119.984 |     801.765 |         0 |
+-------------------------------+------------+---------------+-------------+-----------+
| Element Instantiation         |  0.803028  |       120.496 |     801.767 |         0 |
+-------------------------------+------------+---------------+-------------+-----------+
| Element Stiffness Computation |  1.1249    |       120.949 |     801.77  |         0 |
+-------------------------------+------------+---------------+-------------+-----------+
| Element Force Computation     |  1.12667   |       120.996 |     801.77  |         0 |
+-------------------------------+------------+---------------+-------------+-----------+
| Setup Simulation              |  0         |       121.172 |     801.77  |         0 |
+-------------------------------+------------+---------------+-------------+-----------+
| Assemble Global Matrices      |  0.437574  |       128.707 |     801.77  |         0 |
+-------------------------------+------------+---------------+-------------+-----------+
| Modify Global Matrices        |  0.462065  |       129.262 |     801.77  |         0 |
+-------------------------------+------------+---------------+-------------+-----------+
| Solve Linear Static System    |  2.56531   |       144.277 |     801.771 |         0 |
+-------------------------------+------------+---------------+-------------+-----------+
| Compute Primary Results       |  0.0143762 |       144.379 |     801.771 |         0 |
+-------------------------------+------------+---------------+-------------+-----------+
| Save Primary Results          |  0.172576  |       144.398 |     801.771 |         0 |
+-------------------------------+------------+---------------+-------------+-----------+

Parallel Jobs: job_0007, job_0008, job_0009, job_0001, job_0002, job_0003, job_0006, job_0005, job_0004
Start Memory: 119.83 MB | End Memory: 144.40 MB
Start Disk Usage: 801.76 GB | End Disk Usage: 801.77 GB
Start CPU: 0.00% | End CPU: 0.00%
