Machine Specifications:
   - OS: Windows 11 (10.0.22631)
   - CPU: Intel64 Family 6 Model 151 Stepping 2, GenuineIntel (20 cores)
   - RAM: 31.24 GB
   - Python Version: 3.12.5

Job: job_0002
Timestamp (job start): 2025-04-25_14-49-25
Total Time: 4.13 sec

+-------------------------------+------------+---------------+-------------+-----------+
| Step                          |   Time (s) |   Memory (MB) |   Disk (GB) |   CPU (%) |
+===============================+============+===============+=============+===========+
| Parsing                       | 0.00701785 |       106.098 |     798.588 |         0 |
+-------------------------------+------------+---------------+-------------+-----------+
| Element Instantiation         | 0.00224805 |       106.148 |     798.588 |         0 |
+-------------------------------+------------+---------------+-------------+-----------+
| Element Stiffness Computation | 1.95764    |       106.57  |     798.595 |         0 |
+-------------------------------+------------+---------------+-------------+-----------+
| Element Force Computation     | 0.399855   |       106.609 |     798.596 |         0 |
+-------------------------------+------------+---------------+-------------+-----------+
| Setup Simulation              | 0          |       106.648 |     798.596 |         0 |
+-------------------------------+------------+---------------+-------------+-----------+
| Assemble Global Matrices      | 0.0308182  |       108.723 |     798.596 |         0 |
+-------------------------------+------------+---------------+-------------+-----------+
| Modify Global Matrices        | 0.0406764  |       109.387 |     798.597 |         0 |
+-------------------------------+------------+---------------+-------------+-----------+
| Solve Linear Static System    | 0.469029   |       124.539 |     798.597 |         0 |
+-------------------------------+------------+---------------+-------------+-----------+
| Compute Primary Results       | 0.004143   |       124.555 |     798.598 |         0 |
+-------------------------------+------------+---------------+-------------+-----------+
| Save Primary Results          | 0.0905364  |       124.625 |     798.598 |         0 |
+-------------------------------+------------+---------------+-------------+-----------+

Parallel Jobs: job_0007, job_0008, job_0009, job_0001
Start Memory: 106.00 MB | End Memory: 124.62 MB
Start Disk Usage: 798.59 GB | End Disk Usage: 798.60 GB
Start CPU: 0.00% | End CPU: 0.00%
