2025-04-25 14:49:25,362 - DEBUG - 🔧 Beginning displacement reconstruction.
2025-04-25 14:49:25,363 - DEBUG - 📌 Total DOFs in system: 66
2025-04-25 14:49:25,363 - DEBUG - 📌 Condensed DOFs count: 60
2025-04-25 14:49:25,364 - DEBUG - 📌 Active DOFs indices: [ 6  7  8  9 10 11 12 13 14 15 16 17 18 19 20 21 22 23 24 25 26 27 28 29
 30 31 32 33 34 35 36 37 38 39 40 41 42 43 44 45 46 47 48 49 50 51 52 53
 54 55 56 57 58 59 60 61 62 63 64 65]
2025-04-25 14:49:25,365 - DEBUG - 📐 Initialized global displacement array with zeros.
2025-04-25 14:49:25,365 - DEBUG - Mapped condensed displacement U_cond[0] = 0.000000e+00 to global DOF 6.
2025-04-25 14:49:25,366 - DEBUG - Mapped condensed displacement U_cond[1] = -1.767299e-09 to global DOF 7.
2025-04-25 14:49:25,372 - DEBUG - Mapped condensed displacement U_cond[2] = 0.000000e+00 to global DOF 8.
2025-04-25 14:49:25,373 - DEBUG - Mapped condensed displacement U_cond[3] = 0.000000e+00 to global DOF 9.
2025-04-25 14:49:25,373 - DEBUG - Mapped condensed displacement U_cond[4] = 0.000000e+00 to global DOF 10.
2025-04-25 14:49:25,374 - DEBUG - Mapped condensed displacement U_cond[5] = -4.116766e-09 to global DOF 11.
2025-04-25 14:49:25,374 - DEBUG - Mapped condensed displacement U_cond[6] = 0.000000e+00 to global DOF 12.
2025-04-25 14:49:25,375 - DEBUG - Mapped condensed displacement U_cond[7] = -7.464238e-09 to global DOF 13.
2025-04-25 14:49:25,375 - DEBUG - Mapped condensed displacement U_cond[8] = 0.000000e+00 to global DOF 14.
2025-04-25 14:49:25,376 - DEBUG - Mapped condensed displacement U_cond[9] = 0.000000e+00 to global DOF 15.
2025-04-25 14:49:25,376 - DEBUG - Mapped condensed displacement U_cond[10] = 0.000000e+00 to global DOF 16.
2025-04-25 14:49:25,377 - DEBUG - Mapped condensed displacement U_cond[11] = -7.796906e-09 to global DOF 17.
2025-04-25 14:49:25,378 - DEBUG - Mapped condensed displacement U_cond[12] = 0.000000e+00 to global DOF 18.
2025-04-25 14:49:25,378 - DEBUG - Mapped condensed displacement U_cond[13] = -1.665419e-08 to global DOF 19.
2025-04-25 14:49:25,379 - DEBUG - Mapped condensed displacement U_cond[14] = 0.000000e+00 to global DOF 20.
2025-04-25 14:49:25,380 - DEBUG - Mapped condensed displacement U_cond[15] = 0.000000e+00 to global DOF 21.
2025-04-25 14:49:25,380 - DEBUG - Mapped condensed displacement U_cond[16] = 0.000000e+00 to global DOF 22.
2025-04-25 14:49:25,381 - DEBUG - Mapped condensed displacement U_cond[17] = -1.104042e-08 to global DOF 23.
2025-04-25 14:49:25,381 - DEBUG - Mapped condensed displacement U_cond[18] = 0.000000e+00 to global DOF 24.
2025-04-25 14:49:25,382 - DEBUG - Mapped condensed displacement U_cond[19] = -2.890053e-08 to global DOF 25.
2025-04-25 14:49:25,383 - DEBUG - Mapped condensed displacement U_cond[20] = 0.000000e+00 to global DOF 26.
2025-04-25 14:49:25,383 - DEBUG - Mapped condensed displacement U_cond[21] = 0.000000e+00 to global DOF 27.
2025-04-25 14:49:25,384 - DEBUG - Mapped condensed displacement U_cond[22] = 0.000000e+00 to global DOF 28.
2025-04-25 14:49:25,384 - DEBUG - Mapped condensed displacement U_cond[23] = -1.384731e-08 to global DOF 29.
2025-04-25 14:49:25,385 - DEBUG - Mapped condensed displacement U_cond[24] = 0.000000e+00 to global DOF 30.
2025-04-25 14:49:25,386 - DEBUG - Mapped condensed displacement U_cond[25] = -4.376663e-08 to global DOF 31.
2025-04-25 14:49:25,386 - DEBUG - Mapped condensed displacement U_cond[26] = 0.000000e+00 to global DOF 32.
2025-04-25 14:49:25,387 - DEBUG - Mapped condensed displacement U_cond[27] = 0.000000e+00 to global DOF 33.
2025-04-25 14:49:25,387 - DEBUG - Mapped condensed displacement U_cond[28] = 0.000000e+00 to global DOF 34.
2025-04-25 14:49:25,388 - DEBUG - Mapped condensed displacement U_cond[29] = -1.621756e-08 to global DOF 35.
2025-04-25 14:49:25,388 - DEBUG - Mapped condensed displacement U_cond[30] = 0.000000e+00 to global DOF 36.
2025-04-25 14:49:25,389 - DEBUG - Mapped condensed displacement U_cond[31] = -6.040003e-08 to global DOF 37.
2025-04-25 14:49:25,389 - DEBUG - Mapped condensed displacement U_cond[32] = 0.000000e+00 to global DOF 38.
2025-04-25 14:49:25,391 - DEBUG - Mapped condensed displacement U_cond[33] = 0.000000e+00 to global DOF 39.
2025-04-25 14:49:25,391 - DEBUG - Mapped condensed displacement U_cond[34] = 0.000000e+00 to global DOF 40.
2025-04-25 14:49:25,392 - DEBUG - Mapped condensed displacement U_cond[35] = -1.715319e-08 to global DOF 41.
2025-04-25 14:49:25,392 - DEBUG - Mapped condensed displacement U_cond[36] = 0.000000e+00 to global DOF 42.
2025-04-25 14:49:25,393 - DEBUG - Mapped condensed displacement U_cond[37] = -7.755323e-08 to global DOF 43.
2025-04-25 14:49:25,393 - DEBUG - Mapped condensed displacement U_cond[38] = 0.000000e+00 to global DOF 44.
2025-04-25 14:49:25,394 - DEBUG - Mapped condensed displacement U_cond[39] = 0.000000e+00 to global DOF 45.
2025-04-25 14:49:25,396 - DEBUG - Mapped condensed displacement U_cond[40] = 0.000000e+00 to global DOF 46.
2025-04-25 14:49:25,396 - DEBUG - Mapped condensed displacement U_cond[41] = -1.715319e-08 to global DOF 47.
2025-04-25 14:49:25,397 - DEBUG - Mapped condensed displacement U_cond[42] = 0.000000e+00 to global DOF 48.
2025-04-25 14:49:25,397 - DEBUG - Mapped condensed displacement U_cond[43] = -9.470642e-08 to global DOF 49.
2025-04-25 14:49:25,398 - DEBUG - Mapped condensed displacement U_cond[44] = 0.000000e+00 to global DOF 50.
2025-04-25 14:49:25,399 - DEBUG - Mapped condensed displacement U_cond[45] = 0.000000e+00 to global DOF 51.
2025-04-25 14:49:25,400 - DEBUG - Mapped condensed displacement U_cond[46] = 0.000000e+00 to global DOF 52.
2025-04-25 14:49:25,401 - DEBUG - Mapped condensed displacement U_cond[47] = -1.715319e-08 to global DOF 53.
2025-04-25 14:49:25,402 - DEBUG - Mapped condensed displacement U_cond[48] = 0.000000e+00 to global DOF 54.
2025-04-25 14:49:25,403 - DEBUG - Mapped condensed displacement U_cond[49] = -1.118596e-07 to global DOF 55.
2025-04-25 14:49:25,404 - DEBUG - Mapped condensed displacement U_cond[50] = 0.000000e+00 to global DOF 56.
2025-04-25 14:49:25,406 - DEBUG - Mapped condensed displacement U_cond[51] = 0.000000e+00 to global DOF 57.
2025-04-25 14:49:25,407 - DEBUG - Mapped condensed displacement U_cond[52] = 0.000000e+00 to global DOF 58.
2025-04-25 14:49:25,408 - DEBUG - Mapped condensed displacement U_cond[53] = -1.715319e-08 to global DOF 59.
2025-04-25 14:49:25,409 - DEBUG - Mapped condensed displacement U_cond[54] = 0.000000e+00 to global DOF 60.
2025-04-25 14:49:25,409 - DEBUG - Mapped condensed displacement U_cond[55] = -1.290128e-07 to global DOF 61.
2025-04-25 14:49:25,410 - DEBUG - Mapped condensed displacement U_cond[56] = -0.000000e+00 to global DOF 62.
2025-04-25 14:49:25,411 - DEBUG - Mapped condensed displacement U_cond[57] = 0.000000e+00 to global DOF 63.
2025-04-25 14:49:25,412 - DEBUG - Mapped condensed displacement U_cond[58] = 0.000000e+00 to global DOF 64.
2025-04-25 14:49:25,414 - DEBUG - Mapped condensed displacement U_cond[59] = -1.715319e-08 to global DOF 65.
2025-04-25 14:49:25,414 - INFO - ✅ Successfully mapped all condensed displacements back to global vector.
2025-04-25 14:49:25,418 - DEBUG - 📝 Logged detailed DOF mapping.
2025-04-25 14:49:25,425 - INFO - 📘 Reconstruction log updated with structured displacement data.
09
   2 →    8: 0.000000e+00
   3 →    9: 0.000000e+00
   4 →   10: 0.000000e+00
   5 →   11: -4.116766e-09
   6 →   12: 0.000000e+00
   7 →   13: -7.464238e-09
   8 →   14: 0.000000e+00
   9 →   15: 0.000000e+00
  10 →   16: 0.000000e+00
  11 →   17: -7.796906e-09
  12 →   18: 0.000000e+00
  13 →   19: -1.665419e-08
  14 →   20: 0.000000e+00
  15 →   21: 0.000000e+00
  16 →   22: 0.000000e+00
  17 →   23: -1.104042e-08
  18 →   24: 0.000000e+00
  19 →   25: -2.890053e-08
  20 →   26: 0.000000e+00
  21 →   27: 0.000000e+00
  22 →   28: 0.000000e+00
  23 →   29: -1.384731e-08
  24 →   30: 0.000000e+00
  25 →   31: -4.376663e-08
  26 →   32: 0.000000e+00
  27 →   33: 0.000000e+00
  28 →   34: 0.000000e+00
  29 →   35: -1.621756e-08
  30 →   36: 0.000000e+00
  31 →   37: -6.040003e-08
  32 →   38: 0.000000e+00
  33 →   39: 0.000000e+00
  34 →   40: 0.000000e+00
  35 →   41: -1.715319e-08
  36 →   42: 0.000000e+00
  37 →   43: -7.755323e-08
  38 →   44: 0.000000e+00
  39 →   45: 0.000000e+00
  40 →   46: 0.000000e+00
  41 →   47: -1.715319e-08
  42 →   48: 0.000000e+00
  43 →   49: -9.470642e-08
  44 →   50: 0.000000e+00
  45 →   51: 0.000000e+00
  46 →   52: 0.000000e+00
  47 →   53: -1.715319e-08
  48 →   54: 0.000000e+00
  49 →   55: -1.118596e-07
  50 →   56: 0.000000e+00
  51 →   57: 0.000000e+00
  52 →   58: 0.000000e+00
  53 →   59: -1.715319e-08
  54 →   60: 0.000000e+00
  55 →   61: -1.290128e-07
  56 →   62: -0.000000e+00
  57 →   63: 0.000000e+00
  58 →   64: 0.000000e+00
  59 →   65: -1.715319e-08

📊 Full reconstructed displacement vector:
    Global DOF  Displacement
0            0  0.000000e+00
1            1  0.000000e+00
2            2  0.000000e+00
3            3  0.000000e+00
4            4  0.000000e+00
5            5  0.000000e+00
6            6  0.000000e+00
7            7 -1.767299e-09
8            8  0.000000e+00
9            9  0.000000e+00
10          10  0.000000e+00
11          11 -4.116766e-09
12          12  0.000000e+00
13          13 -7.464238e-09
14          14  0.000000e+00
15          15  0.000000e+00
16          16  0.000000e+00
17          17 -7.796906e-09
18          18  0.000000e+00
19          19 -1.665419e-08
20          20  0.000000e+00
21          21  0.000000e+00
22          22  0.000000e+00
23          23 -1.104042e-08
24          24  0.000000e+00
25          25 -2.890053e-08
26          26  0.000000e+00
27          27  0.000000e+00
28          28  0.000000e+00
29          29 -1.384731e-08
30          30  0.000000e+00
31          31 -4.376663e-08
32          32  0.000000e+00
33          33  0.000000e+00
34          34  0.000000e+00
35          35 -1.621756e-08
36          36  0.000000e+00
37          37 -6.040003e-08
38          38  0.000000e+00
39          39  0.000000e+00
40          40  0.000000e+00
41          41 -1.715319e-08
42          42  0.000000e+00
43          43 -7.755323e-08
44          44  0.000000e+00
45          45  0.000000e+00
46          46  0.000000e+00
47          47 -1.715319e-08
48          48  0.000000e+00
49          49 -9.470642e-08
50          50  0.000000e+00
51          51  0.000000e+00
52          52  0.000000e+00
53          53 -1.715319e-08
54          54  0.000000e+00
55          55 -1.118596e-07
56          56  0.000000e+00
57          57  0.000000e+00
58          58  0.000000e+00
59          59 -1.715319e-08
60          60  0.000000e+00
61          61 -1.290128e-07
62          62 -0.000000e+00
63          63  0.000000e+00
64          64  0.000000e+00
65          65 -1.715319e-08