--------------------------------------------------------------------------
Machine specifications – written 2025-07-09 02:32:24.648053
OS          : Windows 11 (10.0.22631)
CPU         : 12th Gen Intel(R) Core(TM) i7-12700
   logical  : 20
   physical : 12
RAM         : 31.24 GB
Disk        : 3071.87 GB total  /  2257.60 GB free
Python      : 3.12.5  (C:\Users\s1834431\AppData\Local\Programs\Python\Python312\python.exe)
GPU(s)      : Intel(R) UHD Graphics 770
--------------------------------------------------------------------------

Runtime telemetry header written → \\mull.sms.ed.ac.uk\home\s1834431\Win7\Desktop\fem_model\post_processing\results\job_0001_2025-07-09_02-32-15-491720_pid40048_388ad17f\diagnostics\RuntimeMonitorTelemetry.log
2025-07-09 02:32:24 │ PrepareLocalSystem BEGIN   │ Δt  0.00 s │ RAM   122.7 MB │ CPU   7.4 % │ Disk  814.3 GB
2025-07-09 02:32:25 │ PrepareLocalSystem END     │ Δt  0.30 s │ RAM   122.7 MB │ CPU   3.2 % │ Disk  814.3 GB
2025-07-09 02:32:25 │ AssembleGlobalSystem BEGIN │ Δt  0.20 s │ RAM   122.8 MB │ CPU   1.9 % │ Disk  814.3 GB
2025-07-09 02:32:25 │ AssembleGlobalSystem END   │ Δt  0.31 s │ RAM   124.1 MB │ CPU   4.2 % │ Disk  814.3 GB
2025-07-09 02:32:26 │ ModifyGlobalSystem BEGIN   │ Δt  0.82 s │ RAM   126.5 MB │ CPU   5.8 % │ Disk  814.3 GB
2025-07-09 02:32:26 │ ModifyGlobalSystem END     │ Δt  0.24 s │ RAM   127.0 MB │ CPU   6.0 % │ Disk  814.3 GB
2025-07-09 02:32:27 │ CondenseModifiedSystem BEGIN │ Δt  0.78 s │ RAM   127.3 MB │ CPU   4.2 % │ Disk  814.3 GB
2025-07-09 02:32:27 │ CondenseModifiedSystem END │ Δt  0.28 s │ RAM   127.7 MB │ CPU   4.6 % │ Disk  814.3 GB
2025-07-09 02:32:28 │ SolveCondensedSystem BEGIN │ Δt  0.77 s │ RAM   127.8 MB │ CPU   2.1 % │ Disk  814.3 GB
2025-07-09 02:32:30 │ SolveCondensedSystem END   │ Δt  1.72 s │ RAM   128.2 MB │ CPU   0.0 % │ Disk  814.3 GB
2025-07-09 02:32:30 │ ReconstructGlobalSystem BEGIN │ Δt  0.20 s │ RAM   128.2 MB │ CPU   0.8 % │ Disk  814.3 GB
2025-07-09 02:32:30 │ ReconstructGlobalSystem END │ Δt  0.25 s │ RAM   128.2 MB │ CPU   1.6 % │ Disk  814.3 GB
2025-07-09 02:32:31 │ ComputePrimaryResults BEGIN │ Δt  0.21 s │ RAM   128.2 MB │ CPU   0.8 % │ Disk  814.3 GB
2025-07-09 02:32:40 │ ComputePrimaryResults END  │ Δt  9.15 s │ RAM   128.3 MB │ CPU   2.0 % │ Disk  814.3 GB
