Machine Specifications:
   - OS: Windows 11 (10.0.22631)
   - CPU: Intel64 Family 6 Model 151 Stepping 2, GenuineIntel (20 cores)
   - RAM: 31.24 GB
   - Python Version: 3.12.5

Job: job_0005
Timestamp (job start): 2025-02-24_09-43-07
Total Time: 4.68 sec

+-------------------------------+------------+---------------+-------------+-----------+
| Step                          |   Time (s) |   Memory (MB) |   Disk (GB) |   CPU (%) |
+===============================+============+===============+=============+===========+
| Parsing                       |  0.0193677 |       77.7461 |     737.974 |         0 |
+-------------------------------+------------+---------------+-------------+-----------+
| Element Instantiation         |  0.140239  |       77.832  |     737.974 |         0 |
+-------------------------------+------------+---------------+-------------+-----------+
| Element Stiffness Computation |  1.72542   |       78.1992 |     737.974 |         0 |
+-------------------------------+------------+---------------+-------------+-----------+
| Element Force Computation     |  1.09506   |       78.2227 |     737.974 |         0 |
+-------------------------------+------------+---------------+-------------+-----------+
| Setup Simulation              |  0         |       78.2422 |     737.974 |         0 |
+-------------------------------+------------+---------------+-------------+-----------+
| Assemble Global Matrices      |  0.0675306 |       79.4492 |     737.974 |         0 |
+-------------------------------+------------+---------------+-------------+-----------+
| Modify Global Matrices        |  0.0149763 |       79.6445 |     737.974 |         0 |
+-------------------------------+------------+---------------+-------------+-----------+
| Solve Linear Static System    |  0.294076  |       94.332  |     737.974 |         0 |
+-------------------------------+------------+---------------+-------------+-----------+
| Compute Primary Results       |  0.111345  |       94.3945 |     737.974 |         0 |
+-------------------------------+------------+---------------+-------------+-----------+
| Save Primary Results          |  0.0774617 |       94.7305 |     737.974 |         0 |
+-------------------------------+------------+---------------+-------------+-----------+

Parallel Jobs: job_0001, job_0004, job_0007, job_0002
Start Memory: 77.28 MB | End Memory: 94.73 MB
Start Disk Usage: 737.97 GB | End Disk Usage: 737.97 GB
Start CPU: 0.00% | End CPU: 0.00%
