
------------------------------------------------------------
### Diagnostics for Global System
Total DOFs: 300
Independent Equations (nonzero rows in K): 100
Boundary Condition DOFs: None detected
⚠️  Underconstrained system detected (too few equations)
⚠️  Singular matrix detected! K is not invertible
🔹 Condition Number: inf
⚠️  Zero rows found at indices: [1, 2, 3, 4, 7, 8, 9, 10, 13, 14, 15, 16, 19, 20, 21, 22, 25, 26, 27, 28, 31, 32, 33, 34, 37, 38, 39, 40, 43, 44, 45, 46, 49, 50, 51, 52, 55, 56, 57, 58, 61, 62, 63, 64, 67, 68, 69, 70, 73, 74, 75, 76, 79, 80, 81, 82, 85, 86, 87, 88, 91, 92, 93, 94, 97, 98, 99, 100, 103, 104, 105, 106, 109, 110, 111, 112, 115, 116, 117, 118, 121, 122, 123, 124, 127, 128, 129, 130, 133, 134, 135, 136, 139, 140, 141, 142, 145, 146, 147, 148, 151, 152, 153, 154, 157, 158, 159, 160, 163, 164, 165, 166, 169, 170, 171, 172, 175, 176, 177, 178, 181, 182, 183, 184, 187, 188, 189, 190, 193, 194, 195, 196, 199, 200, 201, 202, 205, 206, 207, 208, 211, 212, 213, 214, 217, 218, 219, 220, 223, 224, 225, 226, 229, 230, 231, 232, 235, 236, 237, 238, 241, 242, 243, 244, 247, 248, 249, 250, 253, 254, 255, 256, 259, 260, 261, 262, 265, 266, 267, 268, 271, 272, 273, 274, 277, 278, 279, 280, 283, 284, 285, 286, 289, 290, 291, 292, 295, 296, 297, 298]
⚠️  Zero columns found at indices: [1, 2, 3, 4, 7, 8, 9, 10, 13, 14, 15, 16, 19, 20, 21, 22, 25, 26, 27, 28, 31, 32, 33, 34, 37, 38, 39, 40, 43, 44, 45, 46, 49, 50, 51, 52, 55, 56, 57, 58, 61, 62, 63, 64, 67, 68, 69, 70, 73, 74, 75, 76, 79, 80, 81, 82, 85, 86, 87, 88, 91, 92, 93, 94, 97, 98, 99, 100, 103, 104, 105, 106, 109, 110, 111, 112, 115, 116, 117, 118, 121, 122, 123, 124, 127, 128, 129, 130, 133, 134, 135, 136, 139, 140, 141, 142, 145, 146, 147, 148, 151, 152, 153, 154, 157, 158, 159, 160, 163, 164, 165, 166, 169, 170, 171, 172, 175, 176, 177, 178, 181, 182, 183, 184, 187, 188, 189, 190, 193, 194, 195, 196, 199, 200, 201, 202, 205, 206, 207, 208, 211, 212, 213, 214, 217, 218, 219, 220, 223, 224, 225, 226, 229, 230, 231, 232, 235, 236, 237, 238, 241, 242, 243, 244, 247, 248, 249, 250, 253, 254, 255, 256, 259, 260, 261, 262, 265, 266, 267, 268, 271, 272, 273, 274, 277, 278, 279, 280, 283, 284, 285, 286, 289, 290, 291, 292, 295, 296, 297, 298]

🔹 **Force Vector Diagnostics**
⚠️  DOFs with zero applied force: [0, 2, 3, 4, 5, 6, 8, 9, 10, 11] ...
📌 Min Force: -7.8124e-01, Max Force: 9.0038e-02
📌 Sum of all forces: 2.0731e-07 ✅ (Near zero: Equilibrium)
🔹 F_x: Min 0.0000e+00, Max 0.0000e+00
🔹 F_y: Min -7.8124e-01, Max 9.0038e-02
🔹 F_z: Min 0.0000e+00, Max 0.0000e+00
🔹 M_x: Min 0.0000e+00, Max 0.0000e+00
🔹 M_y: Min 0.0000e+00, Max 0.0000e+00
🔹 M_z: Min 0.0000e+00, Max 0.0000e+00


------------------------------------------------------------
### Diagnostics for Modified System
Total DOFs: 300
Independent Equations (nonzero rows in K): 104
Boundary Condition DOFs: [0, 1, 2, 3, 4, 5]
⚠️  Underconstrained system detected (too few equations)
⚠️  Singular matrix detected! K is not invertible
🔹 Condition Number: inf
⚠️  Zero rows found at indices: [7, 8, 9, 10, 13, 14, 15, 16, 19, 20, 21, 22, 25, 26, 27, 28, 31, 32, 33, 34, 37, 38, 39, 40, 43, 44, 45, 46, 49, 50, 51, 52, 55, 56, 57, 58, 61, 62, 63, 64, 67, 68, 69, 70, 73, 74, 75, 76, 79, 80, 81, 82, 85, 86, 87, 88, 91, 92, 93, 94, 97, 98, 99, 100, 103, 104, 105, 106, 109, 110, 111, 112, 115, 116, 117, 118, 121, 122, 123, 124, 127, 128, 129, 130, 133, 134, 135, 136, 139, 140, 141, 142, 145, 146, 147, 148, 151, 152, 153, 154, 157, 158, 159, 160, 163, 164, 165, 166, 169, 170, 171, 172, 175, 176, 177, 178, 181, 182, 183, 184, 187, 188, 189, 190, 193, 194, 195, 196, 199, 200, 201, 202, 205, 206, 207, 208, 211, 212, 213, 214, 217, 218, 219, 220, 223, 224, 225, 226, 229, 230, 231, 232, 235, 236, 237, 238, 241, 242, 243, 244, 247, 248, 249, 250, 253, 254, 255, 256, 259, 260, 261, 262, 265, 266, 267, 268, 271, 272, 273, 274, 277, 278, 279, 280, 283, 284, 285, 286, 289, 290, 291, 292, 295, 296, 297, 298]
⚠️  Zero columns found at indices: [7, 8, 9, 10, 13, 14, 15, 16, 19, 20, 21, 22, 25, 26, 27, 28, 31, 32, 33, 34, 37, 38, 39, 40, 43, 44, 45, 46, 49, 50, 51, 52, 55, 56, 57, 58, 61, 62, 63, 64, 67, 68, 69, 70, 73, 74, 75, 76, 79, 80, 81, 82, 85, 86, 87, 88, 91, 92, 93, 94, 97, 98, 99, 100, 103, 104, 105, 106, 109, 110, 111, 112, 115, 116, 117, 118, 121, 122, 123, 124, 127, 128, 129, 130, 133, 134, 135, 136, 139, 140, 141, 142, 145, 146, 147, 148, 151, 152, 153, 154, 157, 158, 159, 160, 163, 164, 165, 166, 169, 170, 171, 172, 175, 176, 177, 178, 181, 182, 183, 184, 187, 188, 189, 190, 193, 194, 195, 196, 199, 200, 201, 202, 205, 206, 207, 208, 211, 212, 213, 214, 217, 218, 219, 220, 223, 224, 225, 226, 229, 230, 231, 232, 235, 236, 237, 238, 241, 242, 243, 244, 247, 248, 249, 250, 253, 254, 255, 256, 259, 260, 261, 262, 265, 266, 267, 268, 271, 272, 273, 274, 277, 278, 279, 280, 283, 284, 285, 286, 289, 290, 291, 292, 295, 296, 297, 298]

🔹 **Force Vector Diagnostics**
⚠️  DOFs with zero applied force: [0, 1, 2, 3, 4, 5, 6, 8, 9, 10] ...
📌 Min Force: 0.0000e+00, Max Force: 9.0038e-02
📌 Sum of all forces: 7.8124e-01 ⚠️ (Nonzero: Possible imbalance!)
✅  No forces detected at constrained DOFs (Correct).
🔹 F_x: Min 0.0000e+00, Max 0.0000e+00
🔹 F_y: Min 0.0000e+00, Max 9.0038e-02
🔹 F_z: Min 0.0000e+00, Max 0.0000e+00
🔹 M_x: Min 0.0000e+00, Max 0.0000e+00
🔹 M_y: Min 0.0000e+00, Max 0.0000e+00
🔹 M_z: Min 0.0000e+00, Max 0.0000e+00


------------------------------------------------------------
### Diagnostics for Condensed System
Total DOFs: 98
Independent Equations (nonzero rows in K): 98
Boundary Condition DOFs: [0, 1, 2, 3, 4, 5]
✅  Well-posed system detected
✅  K is positive definite (Invertible)
🔹 Condition Number: 5.80e+04

🔹 **Force Vector Diagnostics**
⚠️  DOFs with zero applied force: [0, 1, 2, 3, 4, 5, 6, 7, 8, 9] ...
📌 Min Force: 0.0000e+00, Max Force: 0.0000e+00
📌 Sum of all forces: 0.0000e+00 ✅ (Near zero: Equilibrium)
✅  No forces detected at constrained DOFs (Correct).
🔹 F_x: Min 0.0000e+00, Max 0.0000e+00
🔹 F_y: Min 0.0000e+00, Max 0.0000e+00
🔹 F_z: Min 0.0000e+00, Max 0.0000e+00
🔹 M_x: Min 0.0000e+00, Max 0.0000e+00
🔹 M_y: Min 0.0000e+00, Max 0.0000e+00
🔹 M_z: Min 0.0000e+00, Max 0.0000e+00

