Machine Specifications:
   - OS: Windows 11 (10.0.22631)
   - CPU: Intel64 Family 6 Model 151 Stepping 2, GenuineIntel (20 cores)
   - RAM: 31.24 GB
   - Python Version: 3.12.5

Job: job_0005
Timestamp (job start): 2025-03-16_22-21-33
Total Time: 6.04 sec

+-------------------------------+------------+---------------+-------------+-----------+
| Step                          |   Time (s) |   Memory (MB) |   Disk (GB) |   CPU (%) |
+===============================+============+===============+=============+===========+
| Parsing                       | 0.0132942  |       105.93  |     759.072 |         0 |
+-------------------------------+------------+---------------+-------------+-----------+
| Element Instantiation         | 0.00403929 |       105.973 |     759.072 |         0 |
+-------------------------------+------------+---------------+-------------+-----------+
| Element Stiffness Computation | 1.65948    |       106.148 |     759.079 |         0 |
+-------------------------------+------------+---------------+-------------+-----------+
| Element Force Computation     | 2.60031    |       106.203 |     759.081 |         0 |
+-------------------------------+------------+---------------+-------------+-----------+
| Setup Simulation              | 0          |       106.234 |     759.081 |         0 |
+-------------------------------+------------+---------------+-------------+-----------+
| Assemble Global Matrices      | 0.0347643  |       108.441 |     759.082 |         0 |
+-------------------------------+------------+---------------+-------------+-----------+
| Modify Global Matrices        | 0.0415173  |       108.914 |     759.082 |         0 |
+-------------------------------+------------+---------------+-------------+-----------+
| Solve Linear Static System    | 0.46959    |       124.148 |     759.082 |         0 |
+-------------------------------+------------+---------------+-------------+-----------+
| Compute Primary Results       | 0.00601602 |       124.152 |     759.082 |         0 |
+-------------------------------+------------+---------------+-------------+-----------+
| Save Primary Results          | 0.0836108  |       124.184 |     759.083 |         0 |
+-------------------------------+------------+---------------+-------------+-----------+

Parallel Jobs: job_0004, job_0006
Start Memory: 105.66 MB | End Memory: 124.18 MB
Start Disk Usage: 759.07 GB | End Disk Usage: 759.08 GB
Start CPU: 0.00% | End CPU: 0.00%
