2025-07-06 14:21:39,803 [DEBUG] 📁 Log file: \\mull.sms.ed.ac.uk\home\s1834431\Win7\Desktop\fem_model\post_processing\results\job_0004_2025-07-06_14-21-27-491105_pid34956_f6c52c2b\logs\SolveCondensedSystem.log (Module: solver, Line: 220)
2025-07-06 14:21:39,806 [DEBUG] Row/column scaling applied. (Module: solver, Line: 136)
2025-07-06 14:21:39,814 [DEBUG] Building ILU (drop_tol=1e-06, fill_factor=1.0) (Module: solver, Line: 72)
2025-07-06 14:21:39,815 [WARNING] Preconditioner 'ilu' failed (Factor is exactly singular); proceeding without it. (Module: solver, Line: 242)
2025-07-06 14:21:39,816 [INFO] Solver parameters • solver='cg', prec='None', K nnz=2980, dofs=600 (Module: solver, Line: 153)
2025-07-06 14:21:39,819 [INFO] Condensed condition estimate: 1.03e+00 (Module: solver, Line: 159)
2025-07-06 14:21:39,821 [DEBUG] Iter   10 | residual 1.345e-02 (Module: solver, Line: 291)
2025-07-06 14:21:39,823 [DEBUG] Iter   20 | residual 1.458e-02 (Module: solver, Line: 291)
2025-07-06 14:21:39,824 [DEBUG] Iter   30 | residual 1.591e-02 (Module: solver, Line: 291)
2025-07-06 14:21:39,825 [DEBUG] Iter   40 | residual 2.116e-02 (Module: solver, Line: 291)
2025-07-06 14:21:39,825 [DEBUG] Iter   50 | residual 2.268e-02 (Module: solver, Line: 291)
2025-07-06 14:21:39,827 [DEBUG] Iter   60 | residual 5.550e-02 (Module: solver, Line: 291)
2025-07-06 14:21:39,828 [DEBUG] Iter   70 | residual 2.262e-02 (Module: solver, Line: 291)
2025-07-06 14:21:39,829 [DEBUG] Iter   80 | residual 1.224e-01 (Module: solver, Line: 291)
2025-07-06 14:21:39,830 [DEBUG] Iter   90 | residual 7.531e-02 (Module: solver, Line: 291)
2025-07-06 14:21:39,831 [DEBUG] Iter  100 | residual 9.203e-02 (Module: solver, Line: 291)
2025-07-06 14:21:39,832 [DEBUG] Iter  110 | residual 2.602e-02 (Module: solver, Line: 291)
2025-07-06 14:21:39,833 [DEBUG] Iter  120 | residual 1.215e-01 (Module: solver, Line: 291)
2025-07-06 14:21:39,834 [DEBUG] Iter  130 | residual 3.471e-02 (Module: solver, Line: 291)
2025-07-06 14:21:39,835 [DEBUG] Iter  140 | residual 2.601e-02 (Module: solver, Line: 291)
2025-07-06 14:21:39,835 [DEBUG] Iter  150 | residual 2.574e-02 (Module: solver, Line: 291)
2025-07-06 14:21:39,836 [DEBUG] Iter  160 | residual 8.388e-02 (Module: solver, Line: 291)
2025-07-06 14:21:39,837 [DEBUG] Iter  170 | residual 2.474e-02 (Module: solver, Line: 291)
2025-07-06 14:21:39,839 [DEBUG] Iter  180 | residual 3.573e-02 (Module: solver, Line: 291)
2025-07-06 14:21:39,840 [DEBUG] Iter  190 | residual 1.753e-02 (Module: solver, Line: 291)
2025-07-06 14:21:39,841 [DEBUG] Iter  200 | residual 1.803e-02 (Module: solver, Line: 291)
2025-07-06 14:21:39,842 [DEBUG] Iter  210 | residual 1.702e-02 (Module: solver, Line: 291)
2025-07-06 14:21:39,844 [DEBUG] Iter  220 | residual 1.789e-02 (Module: solver, Line: 291)
2025-07-06 14:21:39,846 [DEBUG] Iter  230 | residual 9.725e-02 (Module: solver, Line: 291)
2025-07-06 14:21:39,846 [DEBUG] Iter  240 | residual 4.479e-02 (Module: solver, Line: 291)
2025-07-06 14:21:39,847 [DEBUG] Iter  250 | residual 2.259e-01 (Module: solver, Line: 291)
2025-07-06 14:21:39,848 [DEBUG] Iter  260 | residual 3.659e-02 (Module: solver, Line: 291)
2025-07-06 14:21:39,852 [DEBUG] Iter  270 | residual 7.497e-02 (Module: solver, Line: 291)
2025-07-06 14:21:39,854 [DEBUG] Iter  280 | residual 2.271e-01 (Module: solver, Line: 291)
2025-07-06 14:21:39,854 [DEBUG] Iter  290 | residual 9.489e-02 (Module: solver, Line: 291)
2025-07-06 14:21:39,855 [DEBUG] Iter  300 | residual 6.310e-02 (Module: solver, Line: 291)
2025-07-06 14:21:39,856 [DEBUG] Iter  310 | residual 4.083e-02 (Module: solver, Line: 291)
2025-07-06 14:21:39,857 [DEBUG] Iter  320 | residual 3.767e-01 (Module: solver, Line: 291)
2025-07-06 14:21:39,858 [DEBUG] Iter  330 | residual 7.375e-02 (Module: solver, Line: 291)
2025-07-06 14:21:39,858 [DEBUG] Iter  340 | residual 1.264e-01 (Module: solver, Line: 291)
2025-07-06 14:21:39,859 [DEBUG] Iter  350 | residual 1.297e-01 (Module: solver, Line: 291)
2025-07-06 14:21:39,860 [DEBUG] Iter  360 | residual 5.300e-02 (Module: solver, Line: 291)
2025-07-06 14:21:39,861 [DEBUG] Iter  370 | residual 8.176e-02 (Module: solver, Line: 291)
2025-07-06 14:21:39,862 [DEBUG] Iter  380 | residual 5.374e-02 (Module: solver, Line: 291)
2025-07-06 14:21:39,862 [DEBUG] Iter  390 | residual 1.634e-02 (Module: solver, Line: 291)
2025-07-06 14:21:39,863 [DEBUG] Iter  400 | residual 1.308e-01 (Module: solver, Line: 291)
2025-07-06 14:21:39,864 [WARNING] Iterative solver aborted: Divergence detected (Module: solver, Line: 304)
2025-07-06 14:21:39,865 [INFO] Switching to direct SuperLU fall-back. (Module: solver, Line: 317)
2025-07-06 14:21:39,866 [DEBUG] Using SuperLU direct solver (Module: solver, Line: 269)
2025-07-06 14:21:39,873 [INFO] Condensed residual norm: 3.344e-03 (Module: solver, Line: 176)
2025-07-06 14:21:39,873 [WARNING] Residual is high – verify model! (Module: solver, Line: 178)
2025-07-06 14:21:39,883 [INFO] 💾 Condensed displacement saved → \\mull.sms.ed.ac.uk\home\s1834431\Win7\Desktop\fem_model\post_processing\results\job_0004_2025-07-06_14-21-27-491105_pid34956_f6c52c2b\primary_results\07_U_cond.csv (Module: solver, Line: 328)
2025-07-06 14:21:39,884 [INFO] 📊 Condensed solver report: (Module: solver, Line: 342)
2025-07-06 14:21:39,884 [INFO]  • dofs: 600 (Module: solver, Line: 344)
2025-07-06 14:21:39,885 [INFO]  • nnz: 2980 (Module: solver, Line: 344)
2025-07-06 14:21:39,886 [INFO]  • density: 0.008277777777777778 (Module: solver, Line: 344)
2025-07-06 14:21:39,886 [INFO]  • condition_est: 1.0317825929750304 (Module: solver, Line: 344)
2025-07-06 14:21:39,887 [INFO]  • solve_phases: {'factorization': 0.004968800116330385, 'solution': 0.005065499804913998} (Module: solver, Line: 344)
2025-07-06 14:21:39,888 [INFO]  • iters: 406 (Module: solver, Line: 344)
2025-07-06 14:21:39,888 [INFO]  • final_residual: 0.9166764580983435 (Module: solver, Line: 344)
