2025-07-06 14:21:39,613 [DEBUG] 📁 Log file: \\mull.sms.ed.ac.uk\home\s1834431\Win7\Desktop\fem_model\post_processing\results\job_0006_2025-07-06_14-21-27-512854_pid34956_5eeb85c7\logs\SolveCondensedSystem.log (Module: solver, Line: 220)
2025-07-06 14:21:39,614 [DEBUG] Row/column scaling applied. (Module: solver, Line: 136)
2025-07-06 14:21:39,626 [DEBUG] Building ILU (drop_tol=1e-06, fill_factor=1.0) (Module: solver, Line: 72)
2025-07-06 14:21:39,628 [WARNING] Preconditioner 'ilu' failed (Factor is exactly singular); proceeding without it. (Module: solver, Line: 242)
2025-07-06 14:21:39,629 [INFO] Solver parameters • solver='cg', prec='None', K nnz=2980, dofs=600 (Module: solver, Line: 153)
2025-07-06 14:21:39,630 [INFO] Condensed condition estimate: 1.02e+00 (Module: solver, Line: 159)
2025-07-06 14:21:39,631 [DEBUG] Iter   10 | residual 1.805e-02 (Module: solver, Line: 291)
2025-07-06 14:21:39,632 [DEBUG] Iter   20 | residual 1.528e-02 (Module: solver, Line: 291)
2025-07-06 14:21:39,633 [DEBUG] Iter   30 | residual 1.998e-02 (Module: solver, Line: 291)
2025-07-06 14:21:39,634 [DEBUG] Iter   40 | residual 2.205e-02 (Module: solver, Line: 291)
2025-07-06 14:21:39,634 [DEBUG] Iter   50 | residual 3.656e-02 (Module: solver, Line: 291)
2025-07-06 14:21:39,635 [DEBUG] Iter   60 | residual 3.199e-02 (Module: solver, Line: 291)
2025-07-06 14:21:39,636 [DEBUG] Iter   70 | residual 6.600e-02 (Module: solver, Line: 291)
2025-07-06 14:21:39,637 [DEBUG] Iter   80 | residual 3.487e-02 (Module: solver, Line: 291)
2025-07-06 14:21:39,637 [DEBUG] Iter   90 | residual 4.736e-02 (Module: solver, Line: 291)
2025-07-06 14:21:39,639 [DEBUG] Iter  100 | residual 4.185e-02 (Module: solver, Line: 291)
2025-07-06 14:21:39,640 [DEBUG] Iter  110 | residual 5.844e-02 (Module: solver, Line: 291)
2025-07-06 14:21:39,643 [DEBUG] Iter  120 | residual 4.546e-02 (Module: solver, Line: 291)
2025-07-06 14:21:39,644 [DEBUG] Iter  130 | residual 1.016e-01 (Module: solver, Line: 291)
2025-07-06 14:21:39,645 [DEBUG] Iter  140 | residual 5.274e-02 (Module: solver, Line: 291)
2025-07-06 14:21:39,646 [DEBUG] Iter  150 | residual 6.185e-02 (Module: solver, Line: 291)
2025-07-06 14:21:39,647 [WARNING] Iterative solver aborted: Divergence detected (Module: solver, Line: 304)
2025-07-06 14:21:39,651 [INFO] Switching to direct SuperLU fall-back. (Module: solver, Line: 317)
2025-07-06 14:21:39,652 [DEBUG] Using SuperLU direct solver (Module: solver, Line: 269)
2025-07-06 14:21:39,656 [INFO] Condensed residual norm: 1.903e-03 (Module: solver, Line: 176)
2025-07-06 14:21:39,657 [WARNING] Residual is high – verify model! (Module: solver, Line: 178)
2025-07-06 14:21:39,667 [INFO] 💾 Condensed displacement saved → \\mull.sms.ed.ac.uk\home\s1834431\Win7\Desktop\fem_model\post_processing\results\job_0006_2025-07-06_14-21-27-512854_pid34956_5eeb85c7\primary_results\07_U_cond.csv (Module: solver, Line: 328)
2025-07-06 14:21:39,668 [INFO] 📊 Condensed solver report: (Module: solver, Line: 342)
2025-07-06 14:21:39,670 [INFO]  • dofs: 600 (Module: solver, Line: 344)
2025-07-06 14:21:39,671 [INFO]  • nnz: 2980 (Module: solver, Line: 344)
2025-07-06 14:21:39,674 [INFO]  • density: 0.008277777777777778 (Module: solver, Line: 344)
2025-07-06 14:21:39,677 [INFO]  • condition_est: 1.0150943602158753 (Module: solver, Line: 344)
2025-07-06 14:21:39,678 [INFO]  • solve_phases: {'factorization': 0.00331429997459054, 'solution': 0.003418299835175276} (Module: solver, Line: 344)
2025-07-06 14:21:39,679 [INFO]  • iters: 156 (Module: solver, Line: 344)
2025-07-06 14:21:39,679 [INFO]  • final_residual: 0.33769742798655483 (Module: solver, Line: 344)
