Machine Specifications:
   - OS: Windows 10 (10.0.19045)
   - CPU: Intel64 Family 6 Model 94 Stepping 3, GenuineIntel (4 cores)
   - RAM: 15.96 GB
   - Python Version: 3.11.0

Job: job_0001
Timestamp (job start): 2025-02-24_02-01-50
Total Time: 2.27 sec

+-------------------------------+------------+---------------+-------------+-----------+
| Step                          |   Time (s) |   Memory (MB) |   Disk (GB) |   CPU (%) |
+===============================+============+===============+=============+===========+
| Parsing                       | 0.0159879  |       72.4922 |     315.966 |         0 |
+-------------------------------+------------+---------------+-------------+-----------+
| Element Instantiation         | 0.0278933  |       72.5664 |     315.966 |         0 |
+-------------------------------+------------+---------------+-------------+-----------+
| Element Stiffness Computation | 0.334957   |       72.8516 |     315.966 |         0 |
+-------------------------------+------------+---------------+-------------+-----------+
| Element Force Computation     | 0.165557   |       72.8867 |     315.966 |         0 |
+-------------------------------+------------+---------------+-------------+-----------+
| Setup Simulation              | 0          |       72.8945 |     315.966 |         0 |
+-------------------------------+------------+---------------+-------------+-----------+
| Assemble Global Matrices      | 0.0279236  |       73.0273 |     315.966 |         0 |
+-------------------------------+------------+---------------+-------------+-----------+
| Modify Global Matrices        | 0.0219407  |       73.1406 |     315.966 |         0 |
+-------------------------------+------------+---------------+-------------+-----------+
| Solve Linear Static System    | 0.528587   |       89.7695 |     315.966 |         0 |
+-------------------------------+------------+---------------+-------------+-----------+
| Compute Primary Results       | 0.00897622 |       89.7891 |     315.966 |         0 |
+-------------------------------+------------+---------------+-------------+-----------+
| Save Primary Results          | 0.009974   |       89.8008 |     315.966 |         0 |
+-------------------------------+------------+---------------+-------------+-----------+

Parallel Jobs: None
Start Memory: 71.95 MB | End Memory: 89.80 MB
Start Disk Usage: 315.97 GB | End Disk Usage: 315.97 GB
Start CPU: 0.00% | End CPU: 0.00%
