2025-05-06 15:47:54,688 - processing.static.boundary_conditions - INFO - 🔧 Applying fixed boundary conditions...
2025-05-06 15:47:54,689 - processing.static.boundary_conditions - INFO - 🔍 Fixed DOFs: [0 1 2 3 4 5]

🔍 Original K_global Matrix:
            0           1           2           3           4           5           6           7           8           9           10          11          12          13          14          15          16          17
0   8.0000e+09  0.0000e+00  0.0000e+00  0.0000e+00  0.0000e+00  0.0000e+00 -8.0000e+09  0.0000e+00  0.0000e+00  0.0000e+00  0.0000e+00  0.0000e+00  0.0000e+00  0.0000e+00  0.0000e+00  0.0000e+00  0.0000e+00  0.0000e+00
1   0.0000e+00  3.5840e+10  0.0000e+00  0.0000e+00  0.0000e+00  2.0480e+10  0.0000e+00 -3.5840e+10  0.0000e+00  0.0000e+00  0.0000e+00  1.5360e+10  0.0000e+00  0.0000e+00  0.0000e+00  0.0000e+00  0.0000e+00  0.0000e+00
2   0.0000e+00  0.0000e+00  8.9602e+09  0.0000e+00 -5.1201e+09  0.0000e+00  0.0000e+00  0.0000e+00 -8.9602e+09  0.0000e+00 -3.8401e+09  0.0000e+00  0.0000e+00  0.0000e+00  0.0000e+00  0.0000e+00  0.0000e+00  0.0000e+00
3   0.0000e+00  0.0000e+00  0.0000e+00  2.6262e+06  0.0000e+00  0.0000e+00  0.0000e+00  0.0000e+00  0.0000e+00 -2.6262e+06  0.0000e+00  0.0000e+00  0.0000e+00  0.0000e+00  0.0000e+00  0.0000e+00  0.0000e+00  0.0000e+00
4   0.0000e+00  0.0000e+00 -5.1201e+09  0.0000e+00  2.9867e+09  0.0000e+00  0.0000e+00  0.0000e+00  5.1201e+09  0.0000e+00  2.1334e+09  0.0000e+00  0.0000e+00  0.0000e+00  0.0000e+00  0.0000e+00  0.0000e+00  0.0000e+00
5   0.0000e+00  2.0480e+10  0.0000e+00  0.0000e+00  0.0000e+00  1.1947e+10  0.0000e+00 -2.0480e+10  0.0000e+00  0.0000e+00  0.0000e+00  8.5334e+09  0.0000e+00  0.0000e+00  0.0000e+00  0.0000e+00  0.0000e+00  0.0000e+00
6  -8.0000e+09  0.0000e+00  0.0000e+00  0.0000e+00  0.0000e+00  0.0000e+00  1.6000e+10  0.0000e+00  0.0000e+00  0.0000e+00  0.0000e+00  0.0000e+00 -8.0000e+09  0.0000e+00  0.0000e+00  0.0000e+00  0.0000e+00  0.0000e+00
7   0.0000e+00 -3.5840e+10  0.0000e+00  0.0000e+00  0.0000e+00 -2.0480e+10  0.0000e+00  7.1680e+10  0.0000e+00  0.0000e+00  0.0000e+00  5.1200e+09  0.0000e+00 -3.5840e+10  0.0000e+00  0.0000e+00  0.0000e+00  1.5360e+10
8   0.0000e+00  0.0000e+00 -8.9602e+09  0.0000e+00  5.1201e+09  0.0000e+00  0.0000e+00  0.0000e+00  1.7920e+10  0.0000e+00 -1.2800e+09  0.0000e+00  0.0000e+00  0.0000e+00 -8.9602e+09  0.0000e+00 -3.8401e+09  0.0000e+00
9   0.0000e+00  0.0000e+00  0.0000e+00 -2.6262e+06  0.0000e+00  0.0000e+00  0.0000e+00  0.0000e+00  0.0000e+00  5.2523e+06  0.0000e+00  0.0000e+00  0.0000e+00  0.0000e+00  0.0000e+00 -2.6262e+06  0.0000e+00  0.0000e+00
10  0.0000e+00  0.0000e+00 -3.8401e+09  0.0000e+00  2.1334e+09  0.0000e+00  0.0000e+00  0.0000e+00 -1.2800e+09  0.0000e+00  4.6934e+09  0.0000e+00  0.0000e+00  0.0000e+00  5.1201e+09  0.0000e+00  2.1334e+09  0.0000e+00
11  0.0000e+00  1.5360e+10  0.0000e+00  0.0000e+00  0.0000e+00  8.5334e+09  0.0000e+00  5.1200e+09  0.0000e+00  0.0000e+00  0.0000e+00  1.8773e+10  0.0000e+00 -2.0480e+10  0.0000e+00  0.0000e+00  0.0000e+00  8.5334e+09
12  0.0000e+00  0.0000e+00  0.0000e+00  0.0000e+00  0.0000e+00  0.0000e+00 -8.0000e+09  0.0000e+00  0.0000e+00  0.0000e+00  0.0000e+00  0.0000e+00  8.0000e+09  0.0000e+00  0.0000e+00  0.0000e+00  0.0000e+00  0.0000e+00
13  0.0000e+00  0.0000e+00  0.0000e+00  0.0000e+00  0.0000e+00  0.0000e+00  0.0000e+00 -3.5840e+10  0.0000e+00  0.0000e+00  0.0000e+00 -2.0480e+10  0.0000e+00  3.5840e+10  0.0000e+00  0.0000e+00  0.0000e+00 -1.5360e+10
14  0.0000e+00  0.0000e+00  0.0000e+00  0.0000e+00  0.0000e+00  0.0000e+00  0.0000e+00  0.0000e+00 -8.9602e+09  0.0000e+00  5.1201e+09  0.0000e+00  0.0000e+00  0.0000e+00  8.9602e+09  0.0000e+00  3.8401e+09  0.0000e+00
15  0.0000e+00  0.0000e+00  0.0000e+00  0.0000e+00  0.0000e+00  0.0000e+00  0.0000e+00  0.0000e+00  0.0000e+00 -2.6262e+06  0.0000e+00  0.0000e+00  0.0000e+00  0.0000e+00  0.0000e+00  2.6262e+06  0.0000e+00  0.0000e+00
16  0.0000e+00  0.0000e+00  0.0000e+00  0.0000e+00  0.0000e+00  0.0000e+00  0.0000e+00  0.0000e+00 -3.8401e+09  0.0000e+00  2.1334e+09  0.0000e+00  0.0000e+00  0.0000e+00  3.8401e+09  0.0000e+00  1.7067e+09  0.0000e+00
17  0.0000e+00  0.0000e+00  0.0000e+00  0.0000e+00  0.0000e+00  0.0000e+00  0.0000e+00  1.5360e+10  0.0000e+00  0.0000e+00  0.0000e+00  8.5334e+09  0.0000e+00 -1.5360e+10  0.0000e+00  0.0000e+00  0.0000e+00  6.8267e+09

🔍 Original F_global Vector:
             Force
DOF 0   0.0000e+00
DOF 1   0.0000e+00
DOF 2   0.0000e+00
DOF 3   0.0000e+00
DOF 4   0.0000e+00
DOF 5   0.0000e+00
DOF 6   0.0000e+00
DOF 7   0.0000e+00
DOF 8   0.0000e+00
DOF 9   0.0000e+00
DOF 10  0.0000e+00
DOF 11  0.0000e+00
DOF 12  0.0000e+00
DOF 13 -1.0000e+05
DOF 14  0.0000e+00
DOF 15  0.0000e+00
DOF 16  0.0000e+00
DOF 17  0.0000e+00
2025-05-06 15:47:54,692 - processing.static.boundary_conditions - INFO - ✅ Fixed boundary conditions applied successfully.

🔍 Modified K_global Matrix:
           0          1          2          3          4          5           6           7           8           9           10          11          12          13          14          15          16          17
0  1.0000e+36 0.0000e+00 0.0000e+00 0.0000e+00 0.0000e+00 0.0000e+00  0.0000e+00  0.0000e+00  0.0000e+00  0.0000e+00  0.0000e+00  0.0000e+00  0.0000e+00  0.0000e+00  0.0000e+00  0.0000e+00  0.0000e+00  0.0000e+00
1  0.0000e+00 1.0000e+36 0.0000e+00 0.0000e+00 0.0000e+00 0.0000e+00  0.0000e+00  0.0000e+00  0.0000e+00  0.0000e+00  0.0000e+00  0.0000e+00  0.0000e+00  0.0000e+00  0.0000e+00  0.0000e+00  0.0000e+00  0.0000e+00
2  0.0000e+00 0.0000e+00 1.0000e+36 0.0000e+00 0.0000e+00 0.0000e+00  0.0000e+00  0.0000e+00  0.0000e+00  0.0000e+00  0.0000e+00  0.0000e+00  0.0000e+00  0.0000e+00  0.0000e+00  0.0000e+00  0.0000e+00  0.0000e+00
3  0.0000e+00 0.0000e+00 0.0000e+00 1.0000e+36 0.0000e+00 0.0000e+00  0.0000e+00  0.0000e+00  0.0000e+00  0.0000e+00  0.0000e+00  0.0000e+00  0.0000e+00  0.0000e+00  0.0000e+00  0.0000e+00  0.0000e+00  0.0000e+00
4  0.0000e+00 0.0000e+00 0.0000e+00 0.0000e+00 1.0000e+36 0.0000e+00  0.0000e+00  0.0000e+00  0.0000e+00  0.0000e+00  0.0000e+00  0.0000e+00  0.0000e+00  0.0000e+00  0.0000e+00  0.0000e+00  0.0000e+00  0.0000e+00
5  0.0000e+00 0.0000e+00 0.0000e+00 0.0000e+00 0.0000e+00 1.0000e+36  0.0000e+00  0.0000e+00  0.0000e+00  0.0000e+00  0.0000e+00  0.0000e+00  0.0000e+00  0.0000e+00  0.0000e+00  0.0000e+00  0.0000e+00  0.0000e+00
6  0.0000e+00 0.0000e+00 0.0000e+00 0.0000e+00 0.0000e+00 0.0000e+00  1.6000e+10  0.0000e+00  0.0000e+00  0.0000e+00  0.0000e+00  0.0000e+00 -8.0000e+09  0.0000e+00  0.0000e+00  0.0000e+00  0.0000e+00  0.0000e+00
7  0.0000e+00 0.0000e+00 0.0000e+00 0.0000e+00 0.0000e+00 0.0000e+00  0.0000e+00  7.1680e+10  0.0000e+00  0.0000e+00  0.0000e+00  5.1200e+09  0.0000e+00 -3.5840e+10  0.0000e+00  0.0000e+00  0.0000e+00  1.5360e+10
8  0.0000e+00 0.0000e+00 0.0000e+00 0.0000e+00 0.0000e+00 0.0000e+00  0.0000e+00  0.0000e+00  1.7920e+10  0.0000e+00 -1.2800e+09  0.0000e+00  0.0000e+00  0.0000e+00 -8.9602e+09  0.0000e+00 -3.8401e+09  0.0000e+00
9  0.0000e+00 0.0000e+00 0.0000e+00 0.0000e+00 0.0000e+00 0.0000e+00  0.0000e+00  0.0000e+00  0.0000e+00  5.2523e+06  0.0000e+00  0.0000e+00  0.0000e+00  0.0000e+00  0.0000e+00 -2.6262e+06  0.0000e+00  0.0000e+00
10 0.0000e+00 0.0000e+00 0.0000e+00 0.0000e+00 0.0000e+00 0.0000e+00  0.0000e+00  0.0000e+00 -1.2800e+09  0.0000e+00  4.6934e+09  0.0000e+00  0.0000e+00  0.0000e+00  5.1201e+09  0.0000e+00  2.1334e+09  0.0000e+00
11 0.0000e+00 0.0000e+00 0.0000e+00 0.0000e+00 0.0000e+00 0.0000e+00  0.0000e+00  5.1200e+09  0.0000e+00  0.0000e+00  0.0000e+00  1.8773e+10  0.0000e+00 -2.0480e+10  0.0000e+00  0.0000e+00  0.0000e+00  8.5334e+09
12 0.0000e+00 0.0000e+00 0.0000e+00 0.0000e+00 0.0000e+00 0.0000e+00 -8.0000e+09  0.0000e+00  0.0000e+00  0.0000e+00  0.0000e+00  0.0000e+00  8.0000e+09  0.0000e+00  0.0000e+00  0.0000e+00  0.0000e+00  0.0000e+00
13 0.0000e+00 0.0000e+00 0.0000e+00 0.0000e+00 0.0000e+00 0.0000e+00  0.0000e+00 -3.5840e+10  0.0000e+00  0.0000e+00  0.0000e+00 -2.0480e+10  0.0000e+00  3.5840e+10  0.0000e+00  0.0000e+00  0.0000e+00 -1.5360e+10
14 0.0000e+00 0.0000e+00 0.0000e+00 0.0000e+00 0.0000e+00 0.0000e+00  0.0000e+00  0.0000e+00 -8.9602e+09  0.0000e+00  5.1201e+09  0.0000e+00  0.0000e+00  0.0000e+00  8.9602e+09  0.0000e+00  3.8401e+09  0.0000e+00
15 0.0000e+00 0.0000e+00 0.0000e+00 0.0000e+00 0.0000e+00 0.0000e+00  0.0000e+00  0.0000e+00  0.0000e+00 -2.6262e+06  0.0000e+00  0.0000e+00  0.0000e+00  0.0000e+00  0.0000e+00  2.6262e+06  0.0000e+00  0.0000e+00
16 0.0000e+00 0.0000e+00 0.0000e+00 0.0000e+00 0.0000e+00 0.0000e+00  0.0000e+00  0.0000e+00 -3.8401e+09  0.0000e+00  2.1334e+09  0.0000e+00  0.0000e+00  0.0000e+00  3.8401e+09  0.0000e+00  1.7067e+09  0.0000e+00
17 0.0000e+00 0.0000e+00 0.0000e+00 0.0000e+00 0.0000e+00 0.0000e+00  0.0000e+00  1.5360e+10  0.0000e+00  0.0000e+00  0.0000e+00  8.5334e+09  0.0000e+00 -1.5360e+10  0.0000e+00  0.0000e+00  0.0000e+00  6.8267e+09

🔍 Modified F_global Vector:
             Force
DOF 0   0.0000e+00
DOF 1   0.0000e+00
DOF 2   0.0000e+00
DOF 3   0.0000e+00
DOF 4   0.0000e+00
DOF 5   0.0000e+00
DOF 6   0.0000e+00
DOF 7   0.0000e+00
DOF 8   0.0000e+00
DOF 9   0.0000e+00
DOF 10  0.0000e+00
DOF 11  0.0000e+00
DOF 12  0.0000e+00
DOF 13 -1.0000e+05
DOF 14  0.0000e+00
DOF 15  0.0000e+00
DOF 16  0.0000e+00
DOF 17  0.0000e+00
2025-05-06 15:47:55,273 - processing.static.boundary_conditions - INFO - 🔧 Applying fixed boundary conditions...
2025-05-06 15:47:55,273 - processing.static.boundary_conditions - INFO - 🔍 Fixed DOFs: [0 1 2 3 4 5]
2025-05-06 15:47:55,274 - processing.static.boundary_conditions - INFO - ✅ Fixed boundary conditions applied successfully.
