2025-05-06 15:47:54,104 - pre_processing.element_library.element_1D_base - DEBUG - Element Stiffness Matrix Computation (Element ID: 0)
2025-05-06 15:47:54,105 - pre_processing.element_library.element_1D_base - DEBUG - Element Length (L): 1.000000e+00, Jacobian determinant (detJ): 5.000000e-01
2025-05-06 15:47:54,105 - pre_processing.element_library.element_1D_base - DEBUG - Material Stiffness Matrix (D):
2025-05-06 15:47:54,106 - pre_processing.element_library.element_1D_base - DEBUG - [[ 4.000000e+09  0.000000e+00  0.000000e+00  0.000000e+00]
 [ 0.000000e+00  3.333400e+06  0.000000e+00 -0.000000e+00]
 [ 0.000000e+00  0.000000e+00  1.333340e+07  0.000000e+00]
 [ 0.000000e+00 -0.000000e+00  0.000000e+00  1.313076e+06]]
2025-05-06 15:47:54,108 - pre_processing.element_library.element_1D_base - DEBUG - 
----- Gauss Point 1/3 -----
2025-05-06 15:47:54,108 - pre_processing.element_library.element_1D_base - DEBUG - Natural Coordinate (xi): -7.745967e-01, Gauss Weight: 5.555556e-01
2025-05-06 15:47:54,109 - pre_processing.element_library.element_1D_base - DEBUG - Shape Function First Derivatives (dN_dxi):
2025-05-06 15:47:54,110 - pre_processing.element_library.element_1D_base - DEBUG - [[-0.5       0.        0.        0.        0.        0.      ]
 [ 0.        8.24758   0.        0.        0.        0.      ]
 [ 0.        0.        8.24758   0.        0.        0.      ]
 [ 0.        0.        0.       -0.5       0.        0.      ]
 [ 0.        0.        0.        0.       -5.898387  0.      ]
 [ 0.        0.        0.        0.        0.        5.898387]
 [ 0.5       0.        0.        0.        0.        0.      ]
 [ 0.       -8.24758   0.        0.        0.        0.      ]
 [ 0.        0.       -8.24758   0.        0.        0.      ]
 [ 0.        0.        0.        0.5       0.        0.      ]
 [ 0.        0.        0.        0.       -3.349193  0.      ]
 [ 0.        0.        0.        0.        0.        3.349193]]
2025-05-06 15:47:54,111 - pre_processing.element_library.element_1D_base - DEBUG - Shape Function Second Derivatives (d2N_dxi2):
2025-05-06 15:47:54,112 - pre_processing.element_library.element_1D_base - DEBUG - [[  0.        0.        0.        0.        0.        0.     ]
 [  0.      -15.29516   0.        0.        0.        0.     ]
 [  0.        0.      -15.29516   0.        0.        0.     ]
 [  0.        0.        0.        0.        0.        0.     ]
 [  0.        0.        0.        0.        8.64758   0.     ]
 [  0.        0.        0.        0.        0.       -8.64758]
 [  0.        0.        0.        0.        0.        0.     ]
 [  0.       15.29516   0.        0.        0.        0.     ]
 [  0.        0.       15.29516   0.        0.        0.     ]
 [  0.        0.        0.        0.        0.        0.     ]
 [  0.        0.        0.        0.        6.64758   0.     ]
 [  0.        0.        0.        0.        0.       -6.64758]]
2025-05-06 15:47:54,112 - pre_processing.element_library.element_1D_base - DEBUG - Strain-Displacement Matrix (B):
2025-05-06 15:47:54,113 - pre_processing.element_library.element_1D_base - DEBUG - [[ -1.        0.        0.        0.        0.        0.        1.
    0.        0.        0.        0.        0.     ]
 [  0.        0.      -61.18064   0.       34.59032   0.        0.
    0.       61.18064   0.       26.59032   0.     ]
 [  0.      -61.18064   0.        0.        0.      -34.59032   0.
   61.18064   0.        0.        0.      -26.59032]
 [  0.        0.        0.       -1.        0.        0.        0.
    0.        0.        1.        0.        0.     ]]
2025-05-06 15:47:54,114 - pre_processing.element_library.element_1D_base - DEBUG - Strain-Displacement Matrix Transpose (B.T):
2025-05-06 15:47:54,115 - pre_processing.element_library.element_1D_base - DEBUG - [[ -1.        0.        0.        0.     ]
 [  0.        0.      -61.18064   0.     ]
 [  0.      -61.18064   0.        0.     ]
 [  0.        0.        0.       -1.     ]
 [  0.       34.59032   0.        0.     ]
 [  0.        0.      -34.59032   0.     ]
 [  1.        0.        0.        0.     ]
 [  0.        0.       61.18064   0.     ]
 [  0.       61.18064   0.        0.     ]
 [  0.        0.        0.        1.     ]
 [  0.       26.59032   0.        0.     ]
 [  0.        0.      -26.59032   0.     ]]
2025-05-06 15:47:54,116 - pre_processing.element_library.element_1D_base - DEBUG - Element Stiffness Matrix Contribution at Gauss Point:
2025-05-06 15:47:54,117 - pre_processing.element_library.element_1D_base - DEBUG - [[ 2.222222e+09  0.000000e+00  0.000000e+00  0.000000e+00  0.000000e+00
   0.000000e+00 -2.222222e+09  0.000000e+00  0.000000e+00  0.000000e+00
   0.000000e+00  0.000000e+00]
 [ 0.000000e+00  2.772659e+10  0.000000e+00  0.000000e+00  0.000000e+00
   1.567606e+10  0.000000e+00 -2.772659e+10  0.000000e+00  0.000000e+00
   0.000000e+00  1.205053e+10]
 [ 0.000000e+00  0.000000e+00  6.931751e+09  0.000000e+00 -3.919075e+09
   0.000000e+00  0.000000e+00  0.000000e+00 -6.931751e+09  0.000000e+00
  -3.012677e+09  0.000000e+00]
 [ 0.000000e+00  0.000000e+00  0.000000e+00  7.294865e+05  0.000000e+00
   0.000000e+00  0.000000e+00  0.000000e+00  0.000000e+00 -7.294865e+05
   0.000000e+00  0.000000e+00]
 [ 0.000000e+00  0.000000e+00 -3.919075e+09  0.000000e+00  2.215767e+09
   0.000000e+00  0.000000e+00  0.000000e+00  3.919075e+09  0.000000e+00
   1.703308e+09  0.000000e+00]
 [ 0.000000e+00  1.567606e+10  0.000000e+00  0.000000e+00  0.000000e+00
   8.862935e+09  0.000000e+00 -1.567606e+10  0.000000e+00  0.000000e+00
   0.000000e+00  6.813128e+09]
 [-2.222222e+09  0.000000e+00  0.000000e+00  0.000000e+00  0.000000e+00
   0.000000e+00  2.222222e+09  0.000000e+00  0.000000e+00  0.000000e+00
   0.000000e+00  0.000000e+00]
 [ 0.000000e+00 -2.772659e+10  0.000000e+00  0.000000e+00  0.000000e+00
  -1.567606e+10  0.000000e+00  2.772659e+10  0.000000e+00  0.000000e+00
   0.000000e+00 -1.205053e+10]
 [ 0.000000e+00  0.000000e+00 -6.931751e+09  0.000000e+00  3.919075e+09
   0.000000e+00  0.000000e+00  0.000000e+00  6.931751e+09  0.000000e+00
   3.012677e+09  0.000000e+00]
 [ 0.000000e+00  0.000000e+00  0.000000e+00 -7.294865e+05  0.000000e+00
   0.000000e+00  0.000000e+00  0.000000e+00  0.000000e+00  7.294865e+05
   0.000000e+00  0.000000e+00]
 [ 0.000000e+00  0.000000e+00 -3.012677e+09  0.000000e+00  1.703308e+09
   0.000000e+00  0.000000e+00  0.000000e+00  3.012677e+09  0.000000e+00
   1.309369e+09  0.000000e+00]
 [ 0.000000e+00  1.205053e+10  0.000000e+00  0.000000e+00  0.000000e+00
   6.813128e+09  0.000000e+00 -1.205053e+10  0.000000e+00  0.000000e+00
   0.000000e+00  5.237397e+09]]
2025-05-06 15:47:54,119 - pre_processing.element_library.element_1D_base - DEBUG - 
2025-05-06 15:47:54,120 - pre_processing.element_library.element_1D_base - DEBUG - 
----- Gauss Point 2/3 -----
2025-05-06 15:47:54,121 - pre_processing.element_library.element_1D_base - DEBUG - Natural Coordinate (xi): 0.000000e+00, Gauss Weight: 8.888889e-01
2025-05-06 15:47:54,121 - pre_processing.element_library.element_1D_base - DEBUG - Shape Function First Derivatives (dN_dxi):
2025-05-06 15:47:54,122 - pre_processing.element_library.element_1D_base - DEBUG - [[-0.5  0.   0.   0.   0.   0. ]
 [ 0.   0.   0.   0.   0.   0. ]
 [ 0.   0.   0.   0.   0.   0. ]
 [ 0.   0.   0.  -0.5  0.   0. ]
 [ 0.   0.   0.   0.  -1.   0. ]
 [ 0.   0.   0.   0.   0.   1. ]
 [ 0.5  0.   0.   0.   0.   0. ]
 [ 0.   0.   0.   0.   0.   0. ]
 [ 0.   0.   0.   0.   0.   0. ]
 [ 0.   0.   0.   0.5  0.   0. ]
 [ 0.   0.   0.   0.  -0.   0. ]
 [ 0.   0.   0.   0.   0.   0. ]]
2025-05-06 15:47:54,123 - pre_processing.element_library.element_1D_base - DEBUG - Shape Function Second Derivatives (d2N_dxi2):
2025-05-06 15:47:54,124 - pre_processing.element_library.element_1D_base - DEBUG - [[ 0.  0.  0.  0.  0.  0.]
 [ 0. -6.  0.  0.  0.  0.]
 [ 0.  0. -6.  0.  0.  0.]
 [ 0.  0.  0.  0.  0.  0.]
 [ 0.  0.  0.  0.  4.  0.]
 [ 0.  0.  0.  0.  0. -4.]
 [ 0.  0.  0.  0.  0.  0.]
 [ 0.  6.  0.  0.  0.  0.]
 [ 0.  0.  6.  0.  0.  0.]
 [ 0.  0.  0.  0.  0.  0.]
 [ 0.  0.  0.  0.  2.  0.]
 [ 0.  0.  0.  0.  0. -2.]]
2025-05-06 15:47:54,124 - pre_processing.element_library.element_1D_base - DEBUG - Strain-Displacement Matrix (B):
2025-05-06 15:47:54,125 - pre_processing.element_library.element_1D_base - DEBUG - [[ -1.   0.   0.   0.   0.   0.   1.   0.   0.   0.   0.   0.]
 [  0.   0. -24.   0.  16.   0.   0.   0.  24.   0.   8.   0.]
 [  0. -24.   0.   0.   0. -16.   0.  24.   0.   0.   0.  -8.]
 [  0.   0.   0.  -1.   0.   0.   0.   0.   0.   1.   0.   0.]]
2025-05-06 15:47:54,126 - pre_processing.element_library.element_1D_base - DEBUG - Strain-Displacement Matrix Transpose (B.T):
2025-05-06 15:47:54,127 - pre_processing.element_library.element_1D_base - DEBUG - [[ -1.   0.   0.   0.]
 [  0.   0. -24.   0.]
 [  0. -24.   0.   0.]
 [  0.   0.   0.  -1.]
 [  0.  16.   0.   0.]
 [  0.   0. -16.   0.]
 [  1.   0.   0.   0.]
 [  0.   0.  24.   0.]
 [  0.  24.   0.   0.]
 [  0.   0.   0.   1.]
 [  0.   8.   0.   0.]
 [  0.   0.  -8.   0.]]
2025-05-06 15:47:54,127 - pre_processing.element_library.element_1D_base - DEBUG - Element Stiffness Matrix Contribution at Gauss Point:
2025-05-06 15:47:54,128 - pre_processing.element_library.element_1D_base - DEBUG - [[ 3.555556e+09  0.000000e+00  0.000000e+00  0.000000e+00  0.000000e+00
   0.000000e+00 -3.555556e+09  0.000000e+00  0.000000e+00  0.000000e+00
   0.000000e+00  0.000000e+00]
 [ 0.000000e+00  6.826701e+09  0.000000e+00  0.000000e+00  0.000000e+00
   4.551134e+09  0.000000e+00 -6.826701e+09  0.000000e+00  0.000000e+00
   0.000000e+00  2.275567e+09]
 [ 0.000000e+00  0.000000e+00  1.706701e+09  0.000000e+00 -1.137801e+09
   0.000000e+00  0.000000e+00  0.000000e+00 -1.706701e+09  0.000000e+00
  -5.689003e+08  0.000000e+00]
 [ 0.000000e+00  0.000000e+00  0.000000e+00  1.167178e+06  0.000000e+00
   0.000000e+00  0.000000e+00  0.000000e+00  0.000000e+00 -1.167178e+06
   0.000000e+00  0.000000e+00]
 [ 0.000000e+00  0.000000e+00 -1.137801e+09  0.000000e+00  7.585337e+08
   0.000000e+00  0.000000e+00  0.000000e+00  1.137801e+09  0.000000e+00
   3.792668e+08  0.000000e+00]
 [ 0.000000e+00  4.551134e+09  0.000000e+00  0.000000e+00  0.000000e+00
   3.034089e+09  0.000000e+00 -4.551134e+09  0.000000e+00  0.000000e+00
   0.000000e+00  1.517045e+09]
 [-3.555556e+09  0.000000e+00  0.000000e+00  0.000000e+00  0.000000e+00
   0.000000e+00  3.555556e+09  0.000000e+00  0.000000e+00  0.000000e+00
   0.000000e+00  0.000000e+00]
 [ 0.000000e+00 -6.826701e+09  0.000000e+00  0.000000e+00  0.000000e+00
  -4.551134e+09  0.000000e+00  6.826701e+09  0.000000e+00  0.000000e+00
   0.000000e+00 -2.275567e+09]
 [ 0.000000e+00  0.000000e+00 -1.706701e+09  0.000000e+00  1.137801e+09
   0.000000e+00  0.000000e+00  0.000000e+00  1.706701e+09  0.000000e+00
   5.689003e+08  0.000000e+00]
 [ 0.000000e+00  0.000000e+00  0.000000e+00 -1.167178e+06  0.000000e+00
   0.000000e+00  0.000000e+00  0.000000e+00  0.000000e+00  1.167178e+06
   0.000000e+00  0.000000e+00]
 [ 0.000000e+00  0.000000e+00 -5.689003e+08  0.000000e+00  3.792668e+08
   0.000000e+00  0.000000e+00  0.000000e+00  5.689003e+08  0.000000e+00
   1.896334e+08  0.000000e+00]
 [ 0.000000e+00  2.275567e+09  0.000000e+00  0.000000e+00  0.000000e+00
   1.517045e+09  0.000000e+00 -2.275567e+09  0.000000e+00  0.000000e+00
   0.000000e+00  7.585223e+08]]
2025-05-06 15:47:54,129 - pre_processing.element_library.element_1D_base - DEBUG - 
2025-05-06 15:47:54,130 - pre_processing.element_library.element_1D_base - DEBUG - 
----- Gauss Point 3/3 -----
2025-05-06 15:47:54,130 - pre_processing.element_library.element_1D_base - DEBUG - Natural Coordinate (xi): 7.745967e-01, Gauss Weight: 5.555556e-01
2025-05-06 15:47:54,131 - pre_processing.element_library.element_1D_base - DEBUG - Shape Function First Derivatives (dN_dxi):
2025-05-06 15:47:54,132 - pre_processing.element_library.element_1D_base - DEBUG - [[-0.5       0.        0.        0.        0.        0.      ]
 [ 0.       -1.04758   0.        0.        0.        0.      ]
 [ 0.        0.       -1.04758   0.        0.        0.      ]
 [ 0.        0.        0.       -0.5       0.        0.      ]
 [ 0.        0.        0.        0.        0.298387  0.      ]
 [ 0.        0.        0.        0.        0.       -0.298387]
 [ 0.5       0.        0.        0.        0.        0.      ]
 [ 0.        1.04758   0.        0.        0.        0.      ]
 [ 0.        0.        1.04758   0.        0.        0.      ]
 [ 0.        0.        0.        0.5       0.        0.      ]
 [ 0.        0.        0.        0.       -0.250807  0.      ]
 [ 0.        0.        0.        0.        0.        0.250807]]
2025-05-06 15:47:54,132 - pre_processing.element_library.element_1D_base - DEBUG - Shape Function Second Derivatives (d2N_dxi2):
2025-05-06 15:47:54,133 - pre_processing.element_library.element_1D_base - DEBUG - [[ 0.       0.       0.       0.       0.       0.     ]
 [ 0.       3.29516  0.       0.       0.       0.     ]
 [ 0.       0.       3.29516  0.       0.       0.     ]
 [ 0.       0.       0.       0.       0.       0.     ]
 [ 0.       0.       0.       0.      -0.64758  0.     ]
 [ 0.       0.       0.       0.       0.       0.64758]
 [ 0.       0.       0.       0.       0.       0.     ]
 [ 0.      -3.29516  0.       0.       0.       0.     ]
 [ 0.       0.      -3.29516  0.       0.       0.     ]
 [ 0.       0.       0.       0.       0.       0.     ]
 [ 0.       0.       0.       0.      -2.64758  0.     ]
 [ 0.       0.       0.       0.       0.       2.64758]]
2025-05-06 15:47:54,133 - pre_processing.element_library.element_1D_base - DEBUG - Strain-Displacement Matrix (B):
2025-05-06 15:47:54,134 - pre_processing.element_library.element_1D_base - DEBUG - [[ -1.        0.        0.        0.        0.        0.        1.
    0.        0.        0.        0.        0.     ]
 [  0.        0.       13.18064   0.       -2.59032   0.        0.
    0.      -13.18064   0.      -10.59032   0.     ]
 [  0.       13.18064   0.        0.        0.        2.59032   0.
  -13.18064   0.        0.        0.       10.59032]
 [  0.        0.        0.       -1.        0.        0.        0.
    0.        0.        1.        0.        0.     ]]
2025-05-06 15:47:54,135 - pre_processing.element_library.element_1D_base - DEBUG - Strain-Displacement Matrix Transpose (B.T):
2025-05-06 15:47:54,136 - pre_processing.element_library.element_1D_base - DEBUG - [[ -1.        0.        0.        0.     ]
 [  0.        0.       13.18064   0.     ]
 [  0.       13.18064   0.        0.     ]
 [  0.        0.        0.       -1.     ]
 [  0.       -2.59032   0.        0.     ]
 [  0.        0.        2.59032   0.     ]
 [  1.        0.        0.        0.     ]
 [  0.        0.      -13.18064   0.     ]
 [  0.      -13.18064   0.        0.     ]
 [  0.        0.        0.        1.     ]
 [  0.      -10.59032   0.        0.     ]
 [  0.        0.       10.59032   0.     ]]
2025-05-06 15:47:54,137 - pre_processing.element_library.element_1D_base - DEBUG - Element Stiffness Matrix Contribution at Gauss Point:
2025-05-06 15:47:54,138 - pre_processing.element_library.element_1D_base - DEBUG - [[ 2.222222e+09  0.000000e+00  0.000000e+00  0.000000e+00  0.000000e+00
   0.000000e+00 -2.222222e+09  0.000000e+00  0.000000e+00  0.000000e+00
   0.000000e+00  0.000000e+00]
 [ 0.000000e+00  1.286890e+09  0.000000e+00  0.000000e+00  0.000000e+00
   2.529055e+08  0.000000e+00 -1.286890e+09  0.000000e+00  0.000000e+00
   0.000000e+00  1.033984e+09]
 [ 0.000000e+00  0.000000e+00  3.217273e+08  0.000000e+00 -6.322733e+07
   0.000000e+00  0.000000e+00  0.000000e+00 -3.217273e+08  0.000000e+00
  -2.585000e+08  0.000000e+00]
 [ 0.000000e+00  0.000000e+00  0.000000e+00  7.294865e+05  0.000000e+00
   0.000000e+00  0.000000e+00  0.000000e+00  0.000000e+00 -7.294865e+05
   0.000000e+00  0.000000e+00]
 [ 0.000000e+00  0.000000e+00 -6.322733e+07  0.000000e+00  1.242573e+07
   0.000000e+00  0.000000e+00  0.000000e+00  6.322733e+07  0.000000e+00
   5.080161e+07  0.000000e+00]
 [ 0.000000e+00  2.529055e+08  0.000000e+00  0.000000e+00  0.000000e+00
   4.970216e+07  0.000000e+00 -2.529055e+08  0.000000e+00  0.000000e+00
   0.000000e+00  2.032034e+08]
 [-2.222222e+09  0.000000e+00  0.000000e+00  0.000000e+00  0.000000e+00
   0.000000e+00  2.222222e+09  0.000000e+00  0.000000e+00  0.000000e+00
   0.000000e+00  0.000000e+00]
 [ 0.000000e+00 -1.286890e+09  0.000000e+00  0.000000e+00  0.000000e+00
  -2.529055e+08  0.000000e+00  1.286890e+09  0.000000e+00  0.000000e+00
   0.000000e+00 -1.033984e+09]
 [ 0.000000e+00  0.000000e+00 -3.217273e+08  0.000000e+00  6.322733e+07
   0.000000e+00  0.000000e+00  0.000000e+00  3.217273e+08  0.000000e+00
   2.585000e+08  0.000000e+00]
 [ 0.000000e+00  0.000000e+00  0.000000e+00 -7.294865e+05  0.000000e+00
   0.000000e+00  0.000000e+00  0.000000e+00  0.000000e+00  7.294865e+05
   0.000000e+00  0.000000e+00]
 [ 0.000000e+00  0.000000e+00 -2.585000e+08  0.000000e+00  5.080161e+07
   0.000000e+00  0.000000e+00  0.000000e+00  2.585000e+08  0.000000e+00
   2.076984e+08  0.000000e+00]
 [ 0.000000e+00  1.033984e+09  0.000000e+00  0.000000e+00  0.000000e+00
   2.032034e+08  0.000000e+00 -1.033984e+09  0.000000e+00  0.000000e+00
   0.000000e+00  8.307810e+08]]
2025-05-06 15:47:54,139 - pre_processing.element_library.element_1D_base - DEBUG - 
2025-05-06 15:47:54,140 - pre_processing.element_library.element_1D_base - DEBUG - 
===== Final Element Stiffness Matrix (Ke) =====
2025-05-06 15:47:54,141 - pre_processing.element_library.element_1D_base - DEBUG - [[ 8.000000e+09  0.000000e+00  0.000000e+00  0.000000e+00  0.000000e+00
   0.000000e+00 -8.000000e+09  0.000000e+00  0.000000e+00  0.000000e+00
   0.000000e+00  0.000000e+00]
 [ 0.000000e+00  3.584018e+10  0.000000e+00  0.000000e+00  0.000000e+00
   2.048010e+10  0.000000e+00 -3.584018e+10  0.000000e+00  0.000000e+00
   0.000000e+00  1.536008e+10]
 [ 0.000000e+00  0.000000e+00  8.960179e+09  0.000000e+00 -5.120102e+09
   0.000000e+00  0.000000e+00  0.000000e+00 -8.960179e+09  0.000000e+00
  -3.840077e+09  0.000000e+00]
 [ 0.000000e+00  0.000000e+00  0.000000e+00  2.626151e+06  0.000000e+00
   0.000000e+00  0.000000e+00  0.000000e+00  0.000000e+00 -2.626151e+06
   0.000000e+00  0.000000e+00]
 [ 0.000000e+00  0.000000e+00 -5.120102e+09  0.000000e+00  2.986726e+09
   0.000000e+00  0.000000e+00  0.000000e+00  5.120102e+09  0.000000e+00
   2.133376e+09  0.000000e+00]
 [ 0.000000e+00  2.048010e+10  0.000000e+00  0.000000e+00  0.000000e+00
   1.194673e+10  0.000000e+00 -2.048010e+10  0.000000e+00  0.000000e+00
   0.000000e+00  8.533376e+09]
 [-8.000000e+09  0.000000e+00  0.000000e+00  0.000000e+00  0.000000e+00
   0.000000e+00  8.000000e+09  0.000000e+00  0.000000e+00  0.000000e+00
   0.000000e+00  0.000000e+00]
 [ 0.000000e+00 -3.584018e+10  0.000000e+00  0.000000e+00  0.000000e+00
  -2.048010e+10  0.000000e+00  3.584018e+10  0.000000e+00  0.000000e+00
   0.000000e+00 -1.536008e+10]
 [ 0.000000e+00  0.000000e+00 -8.960179e+09  0.000000e+00  5.120102e+09
   0.000000e+00  0.000000e+00  0.000000e+00  8.960179e+09  0.000000e+00
   3.840077e+09  0.000000e+00]
 [ 0.000000e+00  0.000000e+00  0.000000e+00 -2.626151e+06  0.000000e+00
   0.000000e+00  0.000000e+00  0.000000e+00  0.000000e+00  2.626151e+06
   0.000000e+00  0.000000e+00]
 [ 0.000000e+00  0.000000e+00 -3.840077e+09  0.000000e+00  2.133376e+09
   0.000000e+00  0.000000e+00  0.000000e+00  3.840077e+09  0.000000e+00
   1.706701e+09  0.000000e+00]
 [ 0.000000e+00  1.536008e+10  0.000000e+00  0.000000e+00  0.000000e+00
   8.533376e+09  0.000000e+00 -1.536008e+10  0.000000e+00  0.000000e+00
   0.000000e+00  6.826701e+09]]
2025-05-06 15:47:54,145 - pre_processing.element_library.element_1D_base - DEBUG - Element Stiffness Matrix Computation (Element ID: 1)
2025-05-06 15:47:54,145 - pre_processing.element_library.element_1D_base - DEBUG - Element Stiffness Matrix Computation (Element ID: 1)
2025-05-06 15:47:54,146 - pre_processing.element_library.element_1D_base - DEBUG - Element Length (L): 1.000000e+00, Jacobian determinant (detJ): 5.000000e-01
2025-05-06 15:47:54,146 - pre_processing.element_library.element_1D_base - DEBUG - Element Length (L): 1.000000e+00, Jacobian determinant (detJ): 5.000000e-01
2025-05-06 15:47:54,147 - pre_processing.element_library.element_1D_base - DEBUG - Material Stiffness Matrix (D):
2025-05-06 15:47:54,147 - pre_processing.element_library.element_1D_base - DEBUG - Material Stiffness Matrix (D):
2025-05-06 15:47:54,148 - pre_processing.element_library.element_1D_base - DEBUG - [[ 4.000000e+09  0.000000e+00  0.000000e+00  0.000000e+00]
 [ 0.000000e+00  3.333400e+06  0.000000e+00 -0.000000e+00]
 [ 0.000000e+00  0.000000e+00  1.333340e+07  0.000000e+00]
 [ 0.000000e+00 -0.000000e+00  0.000000e+00  1.313076e+06]]
2025-05-06 15:47:54,148 - pre_processing.element_library.element_1D_base - DEBUG - [[ 4.000000e+09  0.000000e+00  0.000000e+00  0.000000e+00]
 [ 0.000000e+00  3.333400e+06  0.000000e+00 -0.000000e+00]
 [ 0.000000e+00  0.000000e+00  1.333340e+07  0.000000e+00]
 [ 0.000000e+00 -0.000000e+00  0.000000e+00  1.313076e+06]]
2025-05-06 15:47:54,150 - pre_processing.element_library.element_1D_base - DEBUG - 
----- Gauss Point 1/3 -----
2025-05-06 15:47:54,150 - pre_processing.element_library.element_1D_base - DEBUG - 
----- Gauss Point 1/3 -----
2025-05-06 15:47:54,151 - pre_processing.element_library.element_1D_base - DEBUG - Natural Coordinate (xi): -7.745967e-01, Gauss Weight: 5.555556e-01
2025-05-06 15:47:54,151 - pre_processing.element_library.element_1D_base - DEBUG - Natural Coordinate (xi): -7.745967e-01, Gauss Weight: 5.555556e-01
2025-05-06 15:47:54,152 - pre_processing.element_library.element_1D_base - DEBUG - Shape Function First Derivatives (dN_dxi):
2025-05-06 15:47:54,152 - pre_processing.element_library.element_1D_base - DEBUG - Shape Function First Derivatives (dN_dxi):
2025-05-06 15:47:54,154 - pre_processing.element_library.element_1D_base - DEBUG - [[-0.5       0.        0.        0.        0.        0.      ]
 [ 0.        8.24758   0.        0.        0.        0.      ]
 [ 0.        0.        8.24758   0.        0.        0.      ]
 [ 0.        0.        0.       -0.5       0.        0.      ]
 [ 0.        0.        0.        0.       -5.898387  0.      ]
 [ 0.        0.        0.        0.        0.        5.898387]
 [ 0.5       0.        0.        0.        0.        0.      ]
 [ 0.       -8.24758   0.        0.        0.        0.      ]
 [ 0.        0.       -8.24758   0.        0.        0.      ]
 [ 0.        0.        0.        0.5       0.        0.      ]
 [ 0.        0.        0.        0.       -3.349193  0.      ]
 [ 0.        0.        0.        0.        0.        3.349193]]
2025-05-06 15:47:54,154 - pre_processing.element_library.element_1D_base - DEBUG - [[-0.5       0.        0.        0.        0.        0.      ]
 [ 0.        8.24758   0.        0.        0.        0.      ]
 [ 0.        0.        8.24758   0.        0.        0.      ]
 [ 0.        0.        0.       -0.5       0.        0.      ]
 [ 0.        0.        0.        0.       -5.898387  0.      ]
 [ 0.        0.        0.        0.        0.        5.898387]
 [ 0.5       0.        0.        0.        0.        0.      ]
 [ 0.       -8.24758   0.        0.        0.        0.      ]
 [ 0.        0.       -8.24758   0.        0.        0.      ]
 [ 0.        0.        0.        0.5       0.        0.      ]
 [ 0.        0.        0.        0.       -3.349193  0.      ]
 [ 0.        0.        0.        0.        0.        3.349193]]
2025-05-06 15:47:54,155 - pre_processing.element_library.element_1D_base - DEBUG - Shape Function Second Derivatives (d2N_dxi2):
2025-05-06 15:47:54,155 - pre_processing.element_library.element_1D_base - DEBUG - Shape Function Second Derivatives (d2N_dxi2):
2025-05-06 15:47:54,159 - pre_processing.element_library.element_1D_base - DEBUG - [[  0.        0.        0.        0.        0.        0.     ]
 [  0.      -15.29516   0.        0.        0.        0.     ]
 [  0.        0.      -15.29516   0.        0.        0.     ]
 [  0.        0.        0.        0.        0.        0.     ]
 [  0.        0.        0.        0.        8.64758   0.     ]
 [  0.        0.        0.        0.        0.       -8.64758]
 [  0.        0.        0.        0.        0.        0.     ]
 [  0.       15.29516   0.        0.        0.        0.     ]
 [  0.        0.       15.29516   0.        0.        0.     ]
 [  0.        0.        0.        0.        0.        0.     ]
 [  0.        0.        0.        0.        6.64758   0.     ]
 [  0.        0.        0.        0.        0.       -6.64758]]
2025-05-06 15:47:54,159 - pre_processing.element_library.element_1D_base - DEBUG - [[  0.        0.        0.        0.        0.        0.     ]
 [  0.      -15.29516   0.        0.        0.        0.     ]
 [  0.        0.      -15.29516   0.        0.        0.     ]
 [  0.        0.        0.        0.        0.        0.     ]
 [  0.        0.        0.        0.        8.64758   0.     ]
 [  0.        0.        0.        0.        0.       -8.64758]
 [  0.        0.        0.        0.        0.        0.     ]
 [  0.       15.29516   0.        0.        0.        0.     ]
 [  0.        0.       15.29516   0.        0.        0.     ]
 [  0.        0.        0.        0.        0.        0.     ]
 [  0.        0.        0.        0.        6.64758   0.     ]
 [  0.        0.        0.        0.        0.       -6.64758]]
2025-05-06 15:47:54,161 - pre_processing.element_library.element_1D_base - DEBUG - Strain-Displacement Matrix (B):
2025-05-06 15:47:54,161 - pre_processing.element_library.element_1D_base - DEBUG - Strain-Displacement Matrix (B):
2025-05-06 15:47:54,162 - pre_processing.element_library.element_1D_base - DEBUG - [[ -1.        0.        0.        0.        0.        0.        1.
    0.        0.        0.        0.        0.     ]
 [  0.        0.      -61.18064   0.       34.59032   0.        0.
    0.       61.18064   0.       26.59032   0.     ]
 [  0.      -61.18064   0.        0.        0.      -34.59032   0.
   61.18064   0.        0.        0.      -26.59032]
 [  0.        0.        0.       -1.        0.        0.        0.
    0.        0.        1.        0.        0.     ]]
2025-05-06 15:47:54,162 - pre_processing.element_library.element_1D_base - DEBUG - [[ -1.        0.        0.        0.        0.        0.        1.
    0.        0.        0.        0.        0.     ]
 [  0.        0.      -61.18064   0.       34.59032   0.        0.
    0.       61.18064   0.       26.59032   0.     ]
 [  0.      -61.18064   0.        0.        0.      -34.59032   0.
   61.18064   0.        0.        0.      -26.59032]
 [  0.        0.        0.       -1.        0.        0.        0.
    0.        0.        1.        0.        0.     ]]
2025-05-06 15:47:54,165 - pre_processing.element_library.element_1D_base - DEBUG - Strain-Displacement Matrix Transpose (B.T):
2025-05-06 15:47:54,165 - pre_processing.element_library.element_1D_base - DEBUG - Strain-Displacement Matrix Transpose (B.T):
2025-05-06 15:47:54,166 - pre_processing.element_library.element_1D_base - DEBUG - [[ -1.        0.        0.        0.     ]
 [  0.        0.      -61.18064   0.     ]
 [  0.      -61.18064   0.        0.     ]
 [  0.        0.        0.       -1.     ]
 [  0.       34.59032   0.        0.     ]
 [  0.        0.      -34.59032   0.     ]
 [  1.        0.        0.        0.     ]
 [  0.        0.       61.18064   0.     ]
 [  0.       61.18064   0.        0.     ]
 [  0.        0.        0.        1.     ]
 [  0.       26.59032   0.        0.     ]
 [  0.        0.      -26.59032   0.     ]]
2025-05-06 15:47:54,166 - pre_processing.element_library.element_1D_base - DEBUG - [[ -1.        0.        0.        0.     ]
 [  0.        0.      -61.18064   0.     ]
 [  0.      -61.18064   0.        0.     ]
 [  0.        0.        0.       -1.     ]
 [  0.       34.59032   0.        0.     ]
 [  0.        0.      -34.59032   0.     ]
 [  1.        0.        0.        0.     ]
 [  0.        0.       61.18064   0.     ]
 [  0.       61.18064   0.        0.     ]
 [  0.        0.        0.        1.     ]
 [  0.       26.59032   0.        0.     ]
 [  0.        0.      -26.59032   0.     ]]
2025-05-06 15:47:54,169 - pre_processing.element_library.element_1D_base - DEBUG - Element Stiffness Matrix Contribution at Gauss Point:
2025-05-06 15:47:54,169 - pre_processing.element_library.element_1D_base - DEBUG - Element Stiffness Matrix Contribution at Gauss Point:
2025-05-06 15:47:54,170 - pre_processing.element_library.element_1D_base - DEBUG - [[ 2.222222e+09  0.000000e+00  0.000000e+00  0.000000e+00  0.000000e+00
   0.000000e+00 -2.222222e+09  0.000000e+00  0.000000e+00  0.000000e+00
   0.000000e+00  0.000000e+00]
 [ 0.000000e+00  2.772659e+10  0.000000e+00  0.000000e+00  0.000000e+00
   1.567606e+10  0.000000e+00 -2.772659e+10  0.000000e+00  0.000000e+00
   0.000000e+00  1.205053e+10]
 [ 0.000000e+00  0.000000e+00  6.931751e+09  0.000000e+00 -3.919075e+09
   0.000000e+00  0.000000e+00  0.000000e+00 -6.931751e+09  0.000000e+00
  -3.012677e+09  0.000000e+00]
 [ 0.000000e+00  0.000000e+00  0.000000e+00  7.294865e+05  0.000000e+00
   0.000000e+00  0.000000e+00  0.000000e+00  0.000000e+00 -7.294865e+05
   0.000000e+00  0.000000e+00]
 [ 0.000000e+00  0.000000e+00 -3.919075e+09  0.000000e+00  2.215767e+09
   0.000000e+00  0.000000e+00  0.000000e+00  3.919075e+09  0.000000e+00
   1.703308e+09  0.000000e+00]
 [ 0.000000e+00  1.567606e+10  0.000000e+00  0.000000e+00  0.000000e+00
   8.862935e+09  0.000000e+00 -1.567606e+10  0.000000e+00  0.000000e+00
   0.000000e+00  6.813128e+09]
 [-2.222222e+09  0.000000e+00  0.000000e+00  0.000000e+00  0.000000e+00
   0.000000e+00  2.222222e+09  0.000000e+00  0.000000e+00  0.000000e+00
   0.000000e+00  0.000000e+00]
 [ 0.000000e+00 -2.772659e+10  0.000000e+00  0.000000e+00  0.000000e+00
  -1.567606e+10  0.000000e+00  2.772659e+10  0.000000e+00  0.000000e+00
   0.000000e+00 -1.205053e+10]
 [ 0.000000e+00  0.000000e+00 -6.931751e+09  0.000000e+00  3.919075e+09
   0.000000e+00  0.000000e+00  0.000000e+00  6.931751e+09  0.000000e+00
   3.012677e+09  0.000000e+00]
 [ 0.000000e+00  0.000000e+00  0.000000e+00 -7.294865e+05  0.000000e+00
   0.000000e+00  0.000000e+00  0.000000e+00  0.000000e+00  7.294865e+05
   0.000000e+00  0.000000e+00]
 [ 0.000000e+00  0.000000e+00 -3.012677e+09  0.000000e+00  1.703308e+09
   0.000000e+00  0.000000e+00  0.000000e+00  3.012677e+09  0.000000e+00
   1.309369e+09  0.000000e+00]
 [ 0.000000e+00  1.205053e+10  0.000000e+00  0.000000e+00  0.000000e+00
   6.813128e+09  0.000000e+00 -1.205053e+10  0.000000e+00  0.000000e+00
   0.000000e+00  5.237397e+09]]
2025-05-06 15:47:54,170 - pre_processing.element_library.element_1D_base - DEBUG - [[ 2.222222e+09  0.000000e+00  0.000000e+00  0.000000e+00  0.000000e+00
   0.000000e+00 -2.222222e+09  0.000000e+00  0.000000e+00  0.000000e+00
   0.000000e+00  0.000000e+00]
 [ 0.000000e+00  2.772659e+10  0.000000e+00  0.000000e+00  0.000000e+00
   1.567606e+10  0.000000e+00 -2.772659e+10  0.000000e+00  0.000000e+00
   0.000000e+00  1.205053e+10]
 [ 0.000000e+00  0.000000e+00  6.931751e+09  0.000000e+00 -3.919075e+09
   0.000000e+00  0.000000e+00  0.000000e+00 -6.931751e+09  0.000000e+00
  -3.012677e+09  0.000000e+00]
 [ 0.000000e+00  0.000000e+00  0.000000e+00  7.294865e+05  0.000000e+00
   0.000000e+00  0.000000e+00  0.000000e+00  0.000000e+00 -7.294865e+05
   0.000000e+00  0.000000e+00]
 [ 0.000000e+00  0.000000e+00 -3.919075e+09  0.000000e+00  2.215767e+09
   0.000000e+00  0.000000e+00  0.000000e+00  3.919075e+09  0.000000e+00
   1.703308e+09  0.000000e+00]
 [ 0.000000e+00  1.567606e+10  0.000000e+00  0.000000e+00  0.000000e+00
   8.862935e+09  0.000000e+00 -1.567606e+10  0.000000e+00  0.000000e+00
   0.000000e+00  6.813128e+09]
 [-2.222222e+09  0.000000e+00  0.000000e+00  0.000000e+00  0.000000e+00
   0.000000e+00  2.222222e+09  0.000000e+00  0.000000e+00  0.000000e+00
   0.000000e+00  0.000000e+00]
 [ 0.000000e+00 -2.772659e+10  0.000000e+00  0.000000e+00  0.000000e+00
  -1.567606e+10  0.000000e+00  2.772659e+10  0.000000e+00  0.000000e+00
   0.000000e+00 -1.205053e+10]
 [ 0.000000e+00  0.000000e+00 -6.931751e+09  0.000000e+00  3.919075e+09
   0.000000e+00  0.000000e+00  0.000000e+00  6.931751e+09  0.000000e+00
   3.012677e+09  0.000000e+00]
 [ 0.000000e+00  0.000000e+00  0.000000e+00 -7.294865e+05  0.000000e+00
   0.000000e+00  0.000000e+00  0.000000e+00  0.000000e+00  7.294865e+05
   0.000000e+00  0.000000e+00]
 [ 0.000000e+00  0.000000e+00 -3.012677e+09  0.000000e+00  1.703308e+09
   0.000000e+00  0.000000e+00  0.000000e+00  3.012677e+09  0.000000e+00
   1.309369e+09  0.000000e+00]
 [ 0.000000e+00  1.205053e+10  0.000000e+00  0.000000e+00  0.000000e+00
   6.813128e+09  0.000000e+00 -1.205053e+10  0.000000e+00  0.000000e+00
   0.000000e+00  5.237397e+09]]
2025-05-06 15:47:54,172 - pre_processing.element_library.element_1D_base - DEBUG - 
2025-05-06 15:47:54,172 - pre_processing.element_library.element_1D_base - DEBUG - 
2025-05-06 15:47:54,173 - pre_processing.element_library.element_1D_base - DEBUG - 
----- Gauss Point 2/3 -----
2025-05-06 15:47:54,173 - pre_processing.element_library.element_1D_base - DEBUG - 
----- Gauss Point 2/3 -----
2025-05-06 15:47:54,174 - pre_processing.element_library.element_1D_base - DEBUG - Natural Coordinate (xi): 0.000000e+00, Gauss Weight: 8.888889e-01
2025-05-06 15:47:54,174 - pre_processing.element_library.element_1D_base - DEBUG - Natural Coordinate (xi): 0.000000e+00, Gauss Weight: 8.888889e-01
2025-05-06 15:47:54,175 - pre_processing.element_library.element_1D_base - DEBUG - Shape Function First Derivatives (dN_dxi):
2025-05-06 15:47:54,175 - pre_processing.element_library.element_1D_base - DEBUG - Shape Function First Derivatives (dN_dxi):
2025-05-06 15:47:54,176 - pre_processing.element_library.element_1D_base - DEBUG - [[-0.5  0.   0.   0.   0.   0. ]
 [ 0.   0.   0.   0.   0.   0. ]
 [ 0.   0.   0.   0.   0.   0. ]
 [ 0.   0.   0.  -0.5  0.   0. ]
 [ 0.   0.   0.   0.  -1.   0. ]
 [ 0.   0.   0.   0.   0.   1. ]
 [ 0.5  0.   0.   0.   0.   0. ]
 [ 0.   0.   0.   0.   0.   0. ]
 [ 0.   0.   0.   0.   0.   0. ]
 [ 0.   0.   0.   0.5  0.   0. ]
 [ 0.   0.   0.   0.  -0.   0. ]
 [ 0.   0.   0.   0.   0.   0. ]]
2025-05-06 15:47:54,176 - pre_processing.element_library.element_1D_base - DEBUG - [[-0.5  0.   0.   0.   0.   0. ]
 [ 0.   0.   0.   0.   0.   0. ]
 [ 0.   0.   0.   0.   0.   0. ]
 [ 0.   0.   0.  -0.5  0.   0. ]
 [ 0.   0.   0.   0.  -1.   0. ]
 [ 0.   0.   0.   0.   0.   1. ]
 [ 0.5  0.   0.   0.   0.   0. ]
 [ 0.   0.   0.   0.   0.   0. ]
 [ 0.   0.   0.   0.   0.   0. ]
 [ 0.   0.   0.   0.5  0.   0. ]
 [ 0.   0.   0.   0.  -0.   0. ]
 [ 0.   0.   0.   0.   0.   0. ]]
2025-05-06 15:47:54,177 - pre_processing.element_library.element_1D_base - DEBUG - Shape Function Second Derivatives (d2N_dxi2):
2025-05-06 15:47:54,177 - pre_processing.element_library.element_1D_base - DEBUG - Shape Function Second Derivatives (d2N_dxi2):
2025-05-06 15:47:54,180 - pre_processing.element_library.element_1D_base - DEBUG - [[ 0.  0.  0.  0.  0.  0.]
 [ 0. -6.  0.  0.  0.  0.]
 [ 0.  0. -6.  0.  0.  0.]
 [ 0.  0.  0.  0.  0.  0.]
 [ 0.  0.  0.  0.  4.  0.]
 [ 0.  0.  0.  0.  0. -4.]
 [ 0.  0.  0.  0.  0.  0.]
 [ 0.  6.  0.  0.  0.  0.]
 [ 0.  0.  6.  0.  0.  0.]
 [ 0.  0.  0.  0.  0.  0.]
 [ 0.  0.  0.  0.  2.  0.]
 [ 0.  0.  0.  0.  0. -2.]]
2025-05-06 15:47:54,180 - pre_processing.element_library.element_1D_base - DEBUG - [[ 0.  0.  0.  0.  0.  0.]
 [ 0. -6.  0.  0.  0.  0.]
 [ 0.  0. -6.  0.  0.  0.]
 [ 0.  0.  0.  0.  0.  0.]
 [ 0.  0.  0.  0.  4.  0.]
 [ 0.  0.  0.  0.  0. -4.]
 [ 0.  0.  0.  0.  0.  0.]
 [ 0.  6.  0.  0.  0.  0.]
 [ 0.  0.  6.  0.  0.  0.]
 [ 0.  0.  0.  0.  0.  0.]
 [ 0.  0.  0.  0.  2.  0.]
 [ 0.  0.  0.  0.  0. -2.]]
2025-05-06 15:47:54,181 - pre_processing.element_library.element_1D_base - DEBUG - Strain-Displacement Matrix (B):
2025-05-06 15:47:54,181 - pre_processing.element_library.element_1D_base - DEBUG - Strain-Displacement Matrix (B):
2025-05-06 15:47:54,182 - pre_processing.element_library.element_1D_base - DEBUG - [[ -1.   0.   0.   0.   0.   0.   1.   0.   0.   0.   0.   0.]
 [  0.   0. -24.   0.  16.   0.   0.   0.  24.   0.   8.   0.]
 [  0. -24.   0.   0.   0. -16.   0.  24.   0.   0.   0.  -8.]
 [  0.   0.   0.  -1.   0.   0.   0.   0.   0.   1.   0.   0.]]
2025-05-06 15:47:54,182 - pre_processing.element_library.element_1D_base - DEBUG - [[ -1.   0.   0.   0.   0.   0.   1.   0.   0.   0.   0.   0.]
 [  0.   0. -24.   0.  16.   0.   0.   0.  24.   0.   8.   0.]
 [  0. -24.   0.   0.   0. -16.   0.  24.   0.   0.   0.  -8.]
 [  0.   0.   0.  -1.   0.   0.   0.   0.   0.   1.   0.   0.]]
2025-05-06 15:47:54,185 - pre_processing.element_library.element_1D_base - DEBUG - Strain-Displacement Matrix Transpose (B.T):
2025-05-06 15:47:54,185 - pre_processing.element_library.element_1D_base - DEBUG - Strain-Displacement Matrix Transpose (B.T):
2025-05-06 15:47:54,187 - pre_processing.element_library.element_1D_base - DEBUG - [[ -1.   0.   0.   0.]
 [  0.   0. -24.   0.]
 [  0. -24.   0.   0.]
 [  0.   0.   0.  -1.]
 [  0.  16.   0.   0.]
 [  0.   0. -16.   0.]
 [  1.   0.   0.   0.]
 [  0.   0.  24.   0.]
 [  0.  24.   0.   0.]
 [  0.   0.   0.   1.]
 [  0.   8.   0.   0.]
 [  0.   0.  -8.   0.]]
2025-05-06 15:47:54,187 - pre_processing.element_library.element_1D_base - DEBUG - [[ -1.   0.   0.   0.]
 [  0.   0. -24.   0.]
 [  0. -24.   0.   0.]
 [  0.   0.   0.  -1.]
 [  0.  16.   0.   0.]
 [  0.   0. -16.   0.]
 [  1.   0.   0.   0.]
 [  0.   0.  24.   0.]
 [  0.  24.   0.   0.]
 [  0.   0.   0.   1.]
 [  0.   8.   0.   0.]
 [  0.   0.  -8.   0.]]
2025-05-06 15:47:54,189 - pre_processing.element_library.element_1D_base - DEBUG - Element Stiffness Matrix Contribution at Gauss Point:
2025-05-06 15:47:54,189 - pre_processing.element_library.element_1D_base - DEBUG - Element Stiffness Matrix Contribution at Gauss Point:
2025-05-06 15:47:54,191 - pre_processing.element_library.element_1D_base - DEBUG - [[ 3.555556e+09  0.000000e+00  0.000000e+00  0.000000e+00  0.000000e+00
   0.000000e+00 -3.555556e+09  0.000000e+00  0.000000e+00  0.000000e+00
   0.000000e+00  0.000000e+00]
 [ 0.000000e+00  6.826701e+09  0.000000e+00  0.000000e+00  0.000000e+00
   4.551134e+09  0.000000e+00 -6.826701e+09  0.000000e+00  0.000000e+00
   0.000000e+00  2.275567e+09]
 [ 0.000000e+00  0.000000e+00  1.706701e+09  0.000000e+00 -1.137801e+09
   0.000000e+00  0.000000e+00  0.000000e+00 -1.706701e+09  0.000000e+00
  -5.689003e+08  0.000000e+00]
 [ 0.000000e+00  0.000000e+00  0.000000e+00  1.167178e+06  0.000000e+00
   0.000000e+00  0.000000e+00  0.000000e+00  0.000000e+00 -1.167178e+06
   0.000000e+00  0.000000e+00]
 [ 0.000000e+00  0.000000e+00 -1.137801e+09  0.000000e+00  7.585337e+08
   0.000000e+00  0.000000e+00  0.000000e+00  1.137801e+09  0.000000e+00
   3.792668e+08  0.000000e+00]
 [ 0.000000e+00  4.551134e+09  0.000000e+00  0.000000e+00  0.000000e+00
   3.034089e+09  0.000000e+00 -4.551134e+09  0.000000e+00  0.000000e+00
   0.000000e+00  1.517045e+09]
 [-3.555556e+09  0.000000e+00  0.000000e+00  0.000000e+00  0.000000e+00
   0.000000e+00  3.555556e+09  0.000000e+00  0.000000e+00  0.000000e+00
   0.000000e+00  0.000000e+00]
 [ 0.000000e+00 -6.826701e+09  0.000000e+00  0.000000e+00  0.000000e+00
  -4.551134e+09  0.000000e+00  6.826701e+09  0.000000e+00  0.000000e+00
   0.000000e+00 -2.275567e+09]
 [ 0.000000e+00  0.000000e+00 -1.706701e+09  0.000000e+00  1.137801e+09
   0.000000e+00  0.000000e+00  0.000000e+00  1.706701e+09  0.000000e+00
   5.689003e+08  0.000000e+00]
 [ 0.000000e+00  0.000000e+00  0.000000e+00 -1.167178e+06  0.000000e+00
   0.000000e+00  0.000000e+00  0.000000e+00  0.000000e+00  1.167178e+06
   0.000000e+00  0.000000e+00]
 [ 0.000000e+00  0.000000e+00 -5.689003e+08  0.000000e+00  3.792668e+08
   0.000000e+00  0.000000e+00  0.000000e+00  5.689003e+08  0.000000e+00
   1.896334e+08  0.000000e+00]
 [ 0.000000e+00  2.275567e+09  0.000000e+00  0.000000e+00  0.000000e+00
   1.517045e+09  0.000000e+00 -2.275567e+09  0.000000e+00  0.000000e+00
   0.000000e+00  7.585223e+08]]
2025-05-06 15:47:54,191 - pre_processing.element_library.element_1D_base - DEBUG - [[ 3.555556e+09  0.000000e+00  0.000000e+00  0.000000e+00  0.000000e+00
   0.000000e+00 -3.555556e+09  0.000000e+00  0.000000e+00  0.000000e+00
   0.000000e+00  0.000000e+00]
 [ 0.000000e+00  6.826701e+09  0.000000e+00  0.000000e+00  0.000000e+00
   4.551134e+09  0.000000e+00 -6.826701e+09  0.000000e+00  0.000000e+00
   0.000000e+00  2.275567e+09]
 [ 0.000000e+00  0.000000e+00  1.706701e+09  0.000000e+00 -1.137801e+09
   0.000000e+00  0.000000e+00  0.000000e+00 -1.706701e+09  0.000000e+00
  -5.689003e+08  0.000000e+00]
 [ 0.000000e+00  0.000000e+00  0.000000e+00  1.167178e+06  0.000000e+00
   0.000000e+00  0.000000e+00  0.000000e+00  0.000000e+00 -1.167178e+06
   0.000000e+00  0.000000e+00]
 [ 0.000000e+00  0.000000e+00 -1.137801e+09  0.000000e+00  7.585337e+08
   0.000000e+00  0.000000e+00  0.000000e+00  1.137801e+09  0.000000e+00
   3.792668e+08  0.000000e+00]
 [ 0.000000e+00  4.551134e+09  0.000000e+00  0.000000e+00  0.000000e+00
   3.034089e+09  0.000000e+00 -4.551134e+09  0.000000e+00  0.000000e+00
   0.000000e+00  1.517045e+09]
 [-3.555556e+09  0.000000e+00  0.000000e+00  0.000000e+00  0.000000e+00
   0.000000e+00  3.555556e+09  0.000000e+00  0.000000e+00  0.000000e+00
   0.000000e+00  0.000000e+00]
 [ 0.000000e+00 -6.826701e+09  0.000000e+00  0.000000e+00  0.000000e+00
  -4.551134e+09  0.000000e+00  6.826701e+09  0.000000e+00  0.000000e+00
   0.000000e+00 -2.275567e+09]
 [ 0.000000e+00  0.000000e+00 -1.706701e+09  0.000000e+00  1.137801e+09
   0.000000e+00  0.000000e+00  0.000000e+00  1.706701e+09  0.000000e+00
   5.689003e+08  0.000000e+00]
 [ 0.000000e+00  0.000000e+00  0.000000e+00 -1.167178e+06  0.000000e+00
   0.000000e+00  0.000000e+00  0.000000e+00  0.000000e+00  1.167178e+06
   0.000000e+00  0.000000e+00]
 [ 0.000000e+00  0.000000e+00 -5.689003e+08  0.000000e+00  3.792668e+08
   0.000000e+00  0.000000e+00  0.000000e+00  5.689003e+08  0.000000e+00
   1.896334e+08  0.000000e+00]
 [ 0.000000e+00  2.275567e+09  0.000000e+00  0.000000e+00  0.000000e+00
   1.517045e+09  0.000000e+00 -2.275567e+09  0.000000e+00  0.000000e+00
   0.000000e+00  7.585223e+08]]
2025-05-06 15:47:54,192 - pre_processing.element_library.element_1D_base - DEBUG - 
2025-05-06 15:47:54,192 - pre_processing.element_library.element_1D_base - DEBUG - 
2025-05-06 15:47:54,193 - pre_processing.element_library.element_1D_base - DEBUG - 
----- Gauss Point 3/3 -----
2025-05-06 15:47:54,193 - pre_processing.element_library.element_1D_base - DEBUG - 
----- Gauss Point 3/3 -----
2025-05-06 15:47:54,194 - pre_processing.element_library.element_1D_base - DEBUG - Natural Coordinate (xi): 7.745967e-01, Gauss Weight: 5.555556e-01
2025-05-06 15:47:54,194 - pre_processing.element_library.element_1D_base - DEBUG - Natural Coordinate (xi): 7.745967e-01, Gauss Weight: 5.555556e-01
2025-05-06 15:47:54,196 - pre_processing.element_library.element_1D_base - DEBUG - Shape Function First Derivatives (dN_dxi):
2025-05-06 15:47:54,196 - pre_processing.element_library.element_1D_base - DEBUG - Shape Function First Derivatives (dN_dxi):
2025-05-06 15:47:54,197 - pre_processing.element_library.element_1D_base - DEBUG - [[-0.5       0.        0.        0.        0.        0.      ]
 [ 0.       -1.04758   0.        0.        0.        0.      ]
 [ 0.        0.       -1.04758   0.        0.        0.      ]
 [ 0.        0.        0.       -0.5       0.        0.      ]
 [ 0.        0.        0.        0.        0.298387  0.      ]
 [ 0.        0.        0.        0.        0.       -0.298387]
 [ 0.5       0.        0.        0.        0.        0.      ]
 [ 0.        1.04758   0.        0.        0.        0.      ]
 [ 0.        0.        1.04758   0.        0.        0.      ]
 [ 0.        0.        0.        0.5       0.        0.      ]
 [ 0.        0.        0.        0.       -0.250807  0.      ]
 [ 0.        0.        0.        0.        0.        0.250807]]
2025-05-06 15:47:54,197 - pre_processing.element_library.element_1D_base - DEBUG - [[-0.5       0.        0.        0.        0.        0.      ]
 [ 0.       -1.04758   0.        0.        0.        0.      ]
 [ 0.        0.       -1.04758   0.        0.        0.      ]
 [ 0.        0.        0.       -0.5       0.        0.      ]
 [ 0.        0.        0.        0.        0.298387  0.      ]
 [ 0.        0.        0.        0.        0.       -0.298387]
 [ 0.5       0.        0.        0.        0.        0.      ]
 [ 0.        1.04758   0.        0.        0.        0.      ]
 [ 0.        0.        1.04758   0.        0.        0.      ]
 [ 0.        0.        0.        0.5       0.        0.      ]
 [ 0.        0.        0.        0.       -0.250807  0.      ]
 [ 0.        0.        0.        0.        0.        0.250807]]
2025-05-06 15:47:54,198 - pre_processing.element_library.element_1D_base - DEBUG - Shape Function Second Derivatives (d2N_dxi2):
2025-05-06 15:47:54,198 - pre_processing.element_library.element_1D_base - DEBUG - Shape Function Second Derivatives (d2N_dxi2):
2025-05-06 15:47:54,199 - pre_processing.element_library.element_1D_base - DEBUG - [[ 0.       0.       0.       0.       0.       0.     ]
 [ 0.       3.29516  0.       0.       0.       0.     ]
 [ 0.       0.       3.29516  0.       0.       0.     ]
 [ 0.       0.       0.       0.       0.       0.     ]
 [ 0.       0.       0.       0.      -0.64758  0.     ]
 [ 0.       0.       0.       0.       0.       0.64758]
 [ 0.       0.       0.       0.       0.       0.     ]
 [ 0.      -3.29516  0.       0.       0.       0.     ]
 [ 0.       0.      -3.29516  0.       0.       0.     ]
 [ 0.       0.       0.       0.       0.       0.     ]
 [ 0.       0.       0.       0.      -2.64758  0.     ]
 [ 0.       0.       0.       0.       0.       2.64758]]
2025-05-06 15:47:54,199 - pre_processing.element_library.element_1D_base - DEBUG - [[ 0.       0.       0.       0.       0.       0.     ]
 [ 0.       3.29516  0.       0.       0.       0.     ]
 [ 0.       0.       3.29516  0.       0.       0.     ]
 [ 0.       0.       0.       0.       0.       0.     ]
 [ 0.       0.       0.       0.      -0.64758  0.     ]
 [ 0.       0.       0.       0.       0.       0.64758]
 [ 0.       0.       0.       0.       0.       0.     ]
 [ 0.      -3.29516  0.       0.       0.       0.     ]
 [ 0.       0.      -3.29516  0.       0.       0.     ]
 [ 0.       0.       0.       0.       0.       0.     ]
 [ 0.       0.       0.       0.      -2.64758  0.     ]
 [ 0.       0.       0.       0.       0.       2.64758]]
2025-05-06 15:47:54,200 - pre_processing.element_library.element_1D_base - DEBUG - Strain-Displacement Matrix (B):
2025-05-06 15:47:54,200 - pre_processing.element_library.element_1D_base - DEBUG - Strain-Displacement Matrix (B):
2025-05-06 15:47:54,202 - pre_processing.element_library.element_1D_base - DEBUG - [[ -1.        0.        0.        0.        0.        0.        1.
    0.        0.        0.        0.        0.     ]
 [  0.        0.       13.18064   0.       -2.59032   0.        0.
    0.      -13.18064   0.      -10.59032   0.     ]
 [  0.       13.18064   0.        0.        0.        2.59032   0.
  -13.18064   0.        0.        0.       10.59032]
 [  0.        0.        0.       -1.        0.        0.        0.
    0.        0.        1.        0.        0.     ]]
2025-05-06 15:47:54,202 - pre_processing.element_library.element_1D_base - DEBUG - [[ -1.        0.        0.        0.        0.        0.        1.
    0.        0.        0.        0.        0.     ]
 [  0.        0.       13.18064   0.       -2.59032   0.        0.
    0.      -13.18064   0.      -10.59032   0.     ]
 [  0.       13.18064   0.        0.        0.        2.59032   0.
  -13.18064   0.        0.        0.       10.59032]
 [  0.        0.        0.       -1.        0.        0.        0.
    0.        0.        1.        0.        0.     ]]
2025-05-06 15:47:54,203 - pre_processing.element_library.element_1D_base - DEBUG - Strain-Displacement Matrix Transpose (B.T):
2025-05-06 15:47:54,203 - pre_processing.element_library.element_1D_base - DEBUG - Strain-Displacement Matrix Transpose (B.T):
2025-05-06 15:47:54,205 - pre_processing.element_library.element_1D_base - DEBUG - [[ -1.        0.        0.        0.     ]
 [  0.        0.       13.18064   0.     ]
 [  0.       13.18064   0.        0.     ]
 [  0.        0.        0.       -1.     ]
 [  0.       -2.59032   0.        0.     ]
 [  0.        0.        2.59032   0.     ]
 [  1.        0.        0.        0.     ]
 [  0.        0.      -13.18064   0.     ]
 [  0.      -13.18064   0.        0.     ]
 [  0.        0.        0.        1.     ]
 [  0.      -10.59032   0.        0.     ]
 [  0.        0.       10.59032   0.     ]]
2025-05-06 15:47:54,205 - pre_processing.element_library.element_1D_base - DEBUG - [[ -1.        0.        0.        0.     ]
 [  0.        0.       13.18064   0.     ]
 [  0.       13.18064   0.        0.     ]
 [  0.        0.        0.       -1.     ]
 [  0.       -2.59032   0.        0.     ]
 [  0.        0.        2.59032   0.     ]
 [  1.        0.        0.        0.     ]
 [  0.        0.      -13.18064   0.     ]
 [  0.      -13.18064   0.        0.     ]
 [  0.        0.        0.        1.     ]
 [  0.      -10.59032   0.        0.     ]
 [  0.        0.       10.59032   0.     ]]
2025-05-06 15:47:54,206 - pre_processing.element_library.element_1D_base - DEBUG - Element Stiffness Matrix Contribution at Gauss Point:
2025-05-06 15:47:54,206 - pre_processing.element_library.element_1D_base - DEBUG - Element Stiffness Matrix Contribution at Gauss Point:
2025-05-06 15:47:54,207 - pre_processing.element_library.element_1D_base - DEBUG - [[ 2.222222e+09  0.000000e+00  0.000000e+00  0.000000e+00  0.000000e+00
   0.000000e+00 -2.222222e+09  0.000000e+00  0.000000e+00  0.000000e+00
   0.000000e+00  0.000000e+00]
 [ 0.000000e+00  1.286890e+09  0.000000e+00  0.000000e+00  0.000000e+00
   2.529055e+08  0.000000e+00 -1.286890e+09  0.000000e+00  0.000000e+00
   0.000000e+00  1.033984e+09]
 [ 0.000000e+00  0.000000e+00  3.217273e+08  0.000000e+00 -6.322733e+07
   0.000000e+00  0.000000e+00  0.000000e+00 -3.217273e+08  0.000000e+00
  -2.585000e+08  0.000000e+00]
 [ 0.000000e+00  0.000000e+00  0.000000e+00  7.294865e+05  0.000000e+00
   0.000000e+00  0.000000e+00  0.000000e+00  0.000000e+00 -7.294865e+05
   0.000000e+00  0.000000e+00]
 [ 0.000000e+00  0.000000e+00 -6.322733e+07  0.000000e+00  1.242573e+07
   0.000000e+00  0.000000e+00  0.000000e+00  6.322733e+07  0.000000e+00
   5.080161e+07  0.000000e+00]
 [ 0.000000e+00  2.529055e+08  0.000000e+00  0.000000e+00  0.000000e+00
   4.970216e+07  0.000000e+00 -2.529055e+08  0.000000e+00  0.000000e+00
   0.000000e+00  2.032034e+08]
 [-2.222222e+09  0.000000e+00  0.000000e+00  0.000000e+00  0.000000e+00
   0.000000e+00  2.222222e+09  0.000000e+00  0.000000e+00  0.000000e+00
   0.000000e+00  0.000000e+00]
 [ 0.000000e+00 -1.286890e+09  0.000000e+00  0.000000e+00  0.000000e+00
  -2.529055e+08  0.000000e+00  1.286890e+09  0.000000e+00  0.000000e+00
   0.000000e+00 -1.033984e+09]
 [ 0.000000e+00  0.000000e+00 -3.217273e+08  0.000000e+00  6.322733e+07
   0.000000e+00  0.000000e+00  0.000000e+00  3.217273e+08  0.000000e+00
   2.585000e+08  0.000000e+00]
 [ 0.000000e+00  0.000000e+00  0.000000e+00 -7.294865e+05  0.000000e+00
   0.000000e+00  0.000000e+00  0.000000e+00  0.000000e+00  7.294865e+05
   0.000000e+00  0.000000e+00]
 [ 0.000000e+00  0.000000e+00 -2.585000e+08  0.000000e+00  5.080161e+07
   0.000000e+00  0.000000e+00  0.000000e+00  2.585000e+08  0.000000e+00
   2.076984e+08  0.000000e+00]
 [ 0.000000e+00  1.033984e+09  0.000000e+00  0.000000e+00  0.000000e+00
   2.032034e+08  0.000000e+00 -1.033984e+09  0.000000e+00  0.000000e+00
   0.000000e+00  8.307810e+08]]
2025-05-06 15:47:54,207 - pre_processing.element_library.element_1D_base - DEBUG - [[ 2.222222e+09  0.000000e+00  0.000000e+00  0.000000e+00  0.000000e+00
   0.000000e+00 -2.222222e+09  0.000000e+00  0.000000e+00  0.000000e+00
   0.000000e+00  0.000000e+00]
 [ 0.000000e+00  1.286890e+09  0.000000e+00  0.000000e+00  0.000000e+00
   2.529055e+08  0.000000e+00 -1.286890e+09  0.000000e+00  0.000000e+00
   0.000000e+00  1.033984e+09]
 [ 0.000000e+00  0.000000e+00  3.217273e+08  0.000000e+00 -6.322733e+07
   0.000000e+00  0.000000e+00  0.000000e+00 -3.217273e+08  0.000000e+00
  -2.585000e+08  0.000000e+00]
 [ 0.000000e+00  0.000000e+00  0.000000e+00  7.294865e+05  0.000000e+00
   0.000000e+00  0.000000e+00  0.000000e+00  0.000000e+00 -7.294865e+05
   0.000000e+00  0.000000e+00]
 [ 0.000000e+00  0.000000e+00 -6.322733e+07  0.000000e+00  1.242573e+07
   0.000000e+00  0.000000e+00  0.000000e+00  6.322733e+07  0.000000e+00
   5.080161e+07  0.000000e+00]
 [ 0.000000e+00  2.529055e+08  0.000000e+00  0.000000e+00  0.000000e+00
   4.970216e+07  0.000000e+00 -2.529055e+08  0.000000e+00  0.000000e+00
   0.000000e+00  2.032034e+08]
 [-2.222222e+09  0.000000e+00  0.000000e+00  0.000000e+00  0.000000e+00
   0.000000e+00  2.222222e+09  0.000000e+00  0.000000e+00  0.000000e+00
   0.000000e+00  0.000000e+00]
 [ 0.000000e+00 -1.286890e+09  0.000000e+00  0.000000e+00  0.000000e+00
  -2.529055e+08  0.000000e+00  1.286890e+09  0.000000e+00  0.000000e+00
   0.000000e+00 -1.033984e+09]
 [ 0.000000e+00  0.000000e+00 -3.217273e+08  0.000000e+00  6.322733e+07
   0.000000e+00  0.000000e+00  0.000000e+00  3.217273e+08  0.000000e+00
   2.585000e+08  0.000000e+00]
 [ 0.000000e+00  0.000000e+00  0.000000e+00 -7.294865e+05  0.000000e+00
   0.000000e+00  0.000000e+00  0.000000e+00  0.000000e+00  7.294865e+05
   0.000000e+00  0.000000e+00]
 [ 0.000000e+00  0.000000e+00 -2.585000e+08  0.000000e+00  5.080161e+07
   0.000000e+00  0.000000e+00  0.000000e+00  2.585000e+08  0.000000e+00
   2.076984e+08  0.000000e+00]
 [ 0.000000e+00  1.033984e+09  0.000000e+00  0.000000e+00  0.000000e+00
   2.032034e+08  0.000000e+00 -1.033984e+09  0.000000e+00  0.000000e+00
   0.000000e+00  8.307810e+08]]
2025-05-06 15:47:54,209 - pre_processing.element_library.element_1D_base - DEBUG - 
2025-05-06 15:47:54,209 - pre_processing.element_library.element_1D_base - DEBUG - 
2025-05-06 15:47:54,211 - pre_processing.element_library.element_1D_base - DEBUG - 
===== Final Element Stiffness Matrix (Ke) =====
2025-05-06 15:47:54,211 - pre_processing.element_library.element_1D_base - DEBUG - 
===== Final Element Stiffness Matrix (Ke) =====
2025-05-06 15:47:54,213 - pre_processing.element_library.element_1D_base - DEBUG - [[ 8.000000e+09  0.000000e+00  0.000000e+00  0.000000e+00  0.000000e+00
   0.000000e+00 -8.000000e+09  0.000000e+00  0.000000e+00  0.000000e+00
   0.000000e+00  0.000000e+00]
 [ 0.000000e+00  3.584018e+10  0.000000e+00  0.000000e+00  0.000000e+00
   2.048010e+10  0.000000e+00 -3.584018e+10  0.000000e+00  0.000000e+00
   0.000000e+00  1.536008e+10]
 [ 0.000000e+00  0.000000e+00  8.960179e+09  0.000000e+00 -5.120102e+09
   0.000000e+00  0.000000e+00  0.000000e+00 -8.960179e+09  0.000000e+00
  -3.840077e+09  0.000000e+00]
 [ 0.000000e+00  0.000000e+00  0.000000e+00  2.626151e+06  0.000000e+00
   0.000000e+00  0.000000e+00  0.000000e+00  0.000000e+00 -2.626151e+06
   0.000000e+00  0.000000e+00]
 [ 0.000000e+00  0.000000e+00 -5.120102e+09  0.000000e+00  2.986726e+09
   0.000000e+00  0.000000e+00  0.000000e+00  5.120102e+09  0.000000e+00
   2.133376e+09  0.000000e+00]
 [ 0.000000e+00  2.048010e+10  0.000000e+00  0.000000e+00  0.000000e+00
   1.194673e+10  0.000000e+00 -2.048010e+10  0.000000e+00  0.000000e+00
   0.000000e+00  8.533376e+09]
 [-8.000000e+09  0.000000e+00  0.000000e+00  0.000000e+00  0.000000e+00
   0.000000e+00  8.000000e+09  0.000000e+00  0.000000e+00  0.000000e+00
   0.000000e+00  0.000000e+00]
 [ 0.000000e+00 -3.584018e+10  0.000000e+00  0.000000e+00  0.000000e+00
  -2.048010e+10  0.000000e+00  3.584018e+10  0.000000e+00  0.000000e+00
   0.000000e+00 -1.536008e+10]
 [ 0.000000e+00  0.000000e+00 -8.960179e+09  0.000000e+00  5.120102e+09
   0.000000e+00  0.000000e+00  0.000000e+00  8.960179e+09  0.000000e+00
   3.840077e+09  0.000000e+00]
 [ 0.000000e+00  0.000000e+00  0.000000e+00 -2.626151e+06  0.000000e+00
   0.000000e+00  0.000000e+00  0.000000e+00  0.000000e+00  2.626151e+06
   0.000000e+00  0.000000e+00]
 [ 0.000000e+00  0.000000e+00 -3.840077e+09  0.000000e+00  2.133376e+09
   0.000000e+00  0.000000e+00  0.000000e+00  3.840077e+09  0.000000e+00
   1.706701e+09  0.000000e+00]
 [ 0.000000e+00  1.536008e+10  0.000000e+00  0.000000e+00  0.000000e+00
   8.533376e+09  0.000000e+00 -1.536008e+10  0.000000e+00  0.000000e+00
   0.000000e+00  6.826701e+09]]
2025-05-06 15:47:54,213 - pre_processing.element_library.element_1D_base - DEBUG - [[ 8.000000e+09  0.000000e+00  0.000000e+00  0.000000e+00  0.000000e+00
   0.000000e+00 -8.000000e+09  0.000000e+00  0.000000e+00  0.000000e+00
   0.000000e+00  0.000000e+00]
 [ 0.000000e+00  3.584018e+10  0.000000e+00  0.000000e+00  0.000000e+00
   2.048010e+10  0.000000e+00 -3.584018e+10  0.000000e+00  0.000000e+00
   0.000000e+00  1.536008e+10]
 [ 0.000000e+00  0.000000e+00  8.960179e+09  0.000000e+00 -5.120102e+09
   0.000000e+00  0.000000e+00  0.000000e+00 -8.960179e+09  0.000000e+00
  -3.840077e+09  0.000000e+00]
 [ 0.000000e+00  0.000000e+00  0.000000e+00  2.626151e+06  0.000000e+00
   0.000000e+00  0.000000e+00  0.000000e+00  0.000000e+00 -2.626151e+06
   0.000000e+00  0.000000e+00]
 [ 0.000000e+00  0.000000e+00 -5.120102e+09  0.000000e+00  2.986726e+09
   0.000000e+00  0.000000e+00  0.000000e+00  5.120102e+09  0.000000e+00
   2.133376e+09  0.000000e+00]
 [ 0.000000e+00  2.048010e+10  0.000000e+00  0.000000e+00  0.000000e+00
   1.194673e+10  0.000000e+00 -2.048010e+10  0.000000e+00  0.000000e+00
   0.000000e+00  8.533376e+09]
 [-8.000000e+09  0.000000e+00  0.000000e+00  0.000000e+00  0.000000e+00
   0.000000e+00  8.000000e+09  0.000000e+00  0.000000e+00  0.000000e+00
   0.000000e+00  0.000000e+00]
 [ 0.000000e+00 -3.584018e+10  0.000000e+00  0.000000e+00  0.000000e+00
  -2.048010e+10  0.000000e+00  3.584018e+10  0.000000e+00  0.000000e+00
   0.000000e+00 -1.536008e+10]
 [ 0.000000e+00  0.000000e+00 -8.960179e+09  0.000000e+00  5.120102e+09
   0.000000e+00  0.000000e+00  0.000000e+00  8.960179e+09  0.000000e+00
   3.840077e+09  0.000000e+00]
 [ 0.000000e+00  0.000000e+00  0.000000e+00 -2.626151e+06  0.000000e+00
   0.000000e+00  0.000000e+00  0.000000e+00  0.000000e+00  2.626151e+06
   0.000000e+00  0.000000e+00]
 [ 0.000000e+00  0.000000e+00 -3.840077e+09  0.000000e+00  2.133376e+09
   0.000000e+00  0.000000e+00  0.000000e+00  3.840077e+09  0.000000e+00
   1.706701e+09  0.000000e+00]
 [ 0.000000e+00  1.536008e+10  0.000000e+00  0.000000e+00  0.000000e+00
   8.533376e+09  0.000000e+00 -1.536008e+10  0.000000e+00  0.000000e+00
   0.000000e+00  6.826701e+09]]
2025-05-06 15:47:54,319 - pre_processing.element_library.element_1D_base - DEBUG - Element Force Vector Computation (Element ID: 0)
2025-05-06 15:47:54,319 - pre_processing.element_library.element_1D_base - DEBUG - Element Force Vector Computation (Element ID: 0)
2025-05-06 15:47:54,321 - pre_processing.element_library.element_1D_base - DEBUG - Element Length: 1.000000e+00 m
2025-05-06 15:47:54,321 - pre_processing.element_library.element_1D_base - DEBUG - Element Length: 1.000000e+00 m
2025-05-06 15:47:54,322 - pre_processing.element_library.element_1D_base - DEBUG - 
===== Final Element Force Vector =====
2025-05-06 15:47:54,322 - pre_processing.element_library.element_1D_base - DEBUG - 
===== Final Element Force Vector =====
2025-05-06 15:47:54,324 - pre_processing.element_library.element_1D_base - DEBUG - [[0. 0. 0. 0. 0. 0. 0. 0. 0. 0. 0. 0.]]
2025-05-06 15:47:54,324 - pre_processing.element_library.element_1D_base - DEBUG - [[0. 0. 0. 0. 0. 0. 0. 0. 0. 0. 0. 0.]]
2025-05-06 15:47:54,330 - pre_processing.element_library.element_1D_base - DEBUG - Element Force Vector Computation (Element ID: 1)
2025-05-06 15:47:54,330 - pre_processing.element_library.element_1D_base - DEBUG - Element Force Vector Computation (Element ID: 1)
2025-05-06 15:47:54,333 - pre_processing.element_library.element_1D_base - DEBUG - Element Length: 1.000000e+00 m
2025-05-06 15:47:54,333 - pre_processing.element_library.element_1D_base - DEBUG - Element Length: 1.000000e+00 m
2025-05-06 15:47:54,335 - pre_processing.element_library.element_1D_base - DEBUG - 
Point Load at x_p = 2.000000e+00 (xi_p = 1.000000e+00)
2025-05-06 15:47:54,335 - pre_processing.element_library.element_1D_base - DEBUG - 
Point Load at x_p = 2.000000e+00 (xi_p = 1.000000e+00)
2025-05-06 15:47:54,337 - pre_processing.element_library.element_1D_base - DEBUG - Load Vector: [      0. -100000.       0.       0.       0.       0.]
2025-05-06 15:47:54,337 - pre_processing.element_library.element_1D_base - DEBUG - Load Vector: [      0. -100000.       0.       0.       0.       0.]
2025-05-06 15:47:54,339 - pre_processing.element_library.element_1D_base - DEBUG - Shape Functions:
2025-05-06 15:47:54,339 - pre_processing.element_library.element_1D_base - DEBUG - Shape Functions:
2025-05-06 15:47:54,342 - pre_processing.element_library.element_1D_base - DEBUG - [[ 0.  0.  0.  0.  0.  0.]
 [ 0.  0.  0.  0.  0.  0.]
 [ 0.  0.  0.  0.  0.  0.]
 [ 0.  0.  0.  0.  0.  0.]
 [ 0.  0.  0.  0. -0.  0.]
 [ 0.  0.  0.  0.  0.  0.]
 [ 1.  0.  0.  0.  0.  0.]
 [ 0.  1.  0.  0.  0.  0.]
 [ 0.  0.  1.  0.  0.  0.]
 [ 0.  0.  0.  1.  0.  0.]
 [ 0.  0.  0.  0. -0.  0.]
 [ 0.  0.  0.  0.  0.  0.]]
2025-05-06 15:47:54,342 - pre_processing.element_library.element_1D_base - DEBUG - [[ 0.  0.  0.  0.  0.  0.]
 [ 0.  0.  0.  0.  0.  0.]
 [ 0.  0.  0.  0.  0.  0.]
 [ 0.  0.  0.  0.  0.  0.]
 [ 0.  0.  0.  0. -0.  0.]
 [ 0.  0.  0.  0.  0.  0.]
 [ 1.  0.  0.  0.  0.  0.]
 [ 0.  1.  0.  0.  0.  0.]
 [ 0.  0.  1.  0.  0.  0.]
 [ 0.  0.  0.  1.  0.  0.]
 [ 0.  0.  0.  0. -0.  0.]
 [ 0.  0.  0.  0.  0.  0.]]
2025-05-06 15:47:54,345 - pre_processing.element_library.element_1D_base - DEBUG - Translational Contribution:
2025-05-06 15:47:54,345 - pre_processing.element_library.element_1D_base - DEBUG - Translational Contribution:
2025-05-06 15:47:54,348 - pre_processing.element_library.element_1D_base - DEBUG - [[      0.       0.       0.       0. -100000.       0.]]
2025-05-06 15:47:54,348 - pre_processing.element_library.element_1D_base - DEBUG - [[      0.       0.       0.       0. -100000.       0.]]
2025-05-06 15:47:54,351 - pre_processing.element_library.element_1D_base - DEBUG - Rotational Contribution:
2025-05-06 15:47:54,351 - pre_processing.element_library.element_1D_base - DEBUG - Rotational Contribution:
2025-05-06 15:47:54,354 - pre_processing.element_library.element_1D_base - DEBUG - [[0. 0. 0. 0. 0. 0.]]
2025-05-06 15:47:54,354 - pre_processing.element_library.element_1D_base - DEBUG - [[0. 0. 0. 0. 0. 0.]]
2025-05-06 15:47:54,356 - pre_processing.element_library.element_1D_base - DEBUG - 
===== Final Element Force Vector =====
2025-05-06 15:47:54,356 - pre_processing.element_library.element_1D_base - DEBUG - 
===== Final Element Force Vector =====
2025-05-06 15:47:54,358 - pre_processing.element_library.element_1D_base - DEBUG - [[      0.       0.       0.       0.       0.       0.       0. -100000.
        0.       0.       0.       0.]]
2025-05-06 15:47:54,358 - pre_processing.element_library.element_1D_base - DEBUG - [[      0.       0.       0.       0.       0.       0.       0. -100000.
        0.       0.       0.       0.]]
