2025-05-06 15:47:54,319 - pre_processing.element_library.element_1D_base - DEBUG - Element Force Vector Computation (Element ID: 0)
2025-05-06 15:47:54,321 - pre_processing.element_library.element_1D_base - DEBUG - Element Length: 1.000000e+00 m
2025-05-06 15:47:54,322 - pre_processing.element_library.element_1D_base - DEBUG - 
===== Final Element Force Vector =====
2025-05-06 15:47:54,324 - pre_processing.element_library.element_1D_base - DEBUG - [[0. 0. 0. 0. 0. 0. 0. 0. 0. 0. 0. 0.]]
2025-05-06 15:47:54,330 - pre_processing.element_library.element_1D_base - DEBUG - Element Force Vector Computation (Element ID: 1)
2025-05-06 15:47:54,330 - pre_processing.element_library.element_1D_base - DEBUG - Element Force Vector Computation (Element ID: 1)
2025-05-06 15:47:54,333 - pre_processing.element_library.element_1D_base - DEBUG - Element Length: 1.000000e+00 m
2025-05-06 15:47:54,333 - pre_processing.element_library.element_1D_base - DEBUG - Element Length: 1.000000e+00 m
2025-05-06 15:47:54,335 - pre_processing.element_library.element_1D_base - DEBUG - 
Point Load at x_p = 2.000000e+00 (xi_p = 1.000000e+00)
2025-05-06 15:47:54,335 - pre_processing.element_library.element_1D_base - DEBUG - 
Point Load at x_p = 2.000000e+00 (xi_p = 1.000000e+00)
2025-05-06 15:47:54,337 - pre_processing.element_library.element_1D_base - DEBUG - Load Vector: [      0. -100000.       0.       0.       0.       0.]
2025-05-06 15:47:54,337 - pre_processing.element_library.element_1D_base - DEBUG - Load Vector: [      0. -100000.       0.       0.       0.       0.]
2025-05-06 15:47:54,339 - pre_processing.element_library.element_1D_base - DEBUG - Shape Functions:
2025-05-06 15:47:54,339 - pre_processing.element_library.element_1D_base - DEBUG - Shape Functions:
2025-05-06 15:47:54,342 - pre_processing.element_library.element_1D_base - DEBUG - [[ 0.  0.  0.  0.  0.  0.]
 [ 0.  0.  0.  0.  0.  0.]
 [ 0.  0.  0.  0.  0.  0.]
 [ 0.  0.  0.  0.  0.  0.]
 [ 0.  0.  0.  0. -0.  0.]
 [ 0.  0.  0.  0.  0.  0.]
 [ 1.  0.  0.  0.  0.  0.]
 [ 0.  1.  0.  0.  0.  0.]
 [ 0.  0.  1.  0.  0.  0.]
 [ 0.  0.  0.  1.  0.  0.]
 [ 0.  0.  0.  0. -0.  0.]
 [ 0.  0.  0.  0.  0.  0.]]
2025-05-06 15:47:54,342 - pre_processing.element_library.element_1D_base - DEBUG - [[ 0.  0.  0.  0.  0.  0.]
 [ 0.  0.  0.  0.  0.  0.]
 [ 0.  0.  0.  0.  0.  0.]
 [ 0.  0.  0.  0.  0.  0.]
 [ 0.  0.  0.  0. -0.  0.]
 [ 0.  0.  0.  0.  0.  0.]
 [ 1.  0.  0.  0.  0.  0.]
 [ 0.  1.  0.  0.  0.  0.]
 [ 0.  0.  1.  0.  0.  0.]
 [ 0.  0.  0.  1.  0.  0.]
 [ 0.  0.  0.  0. -0.  0.]
 [ 0.  0.  0.  0.  0.  0.]]
2025-05-06 15:47:54,345 - pre_processing.element_library.element_1D_base - DEBUG - Translational Contribution:
2025-05-06 15:47:54,345 - pre_processing.element_library.element_1D_base - DEBUG - Translational Contribution:
2025-05-06 15:47:54,348 - pre_processing.element_library.element_1D_base - DEBUG - [[      0.       0.       0.       0. -100000.       0.]]
2025-05-06 15:47:54,348 - pre_processing.element_library.element_1D_base - DEBUG - [[      0.       0.       0.       0. -100000.       0.]]
2025-05-06 15:47:54,351 - pre_processing.element_library.element_1D_base - DEBUG - Rotational Contribution:
2025-05-06 15:47:54,351 - pre_processing.element_library.element_1D_base - DEBUG - Rotational Contribution:
2025-05-06 15:47:54,354 - pre_processing.element_library.element_1D_base - DEBUG - [[0. 0. 0. 0. 0. 0.]]
2025-05-06 15:47:54,354 - pre_processing.element_library.element_1D_base - DEBUG - [[0. 0. 0. 0. 0. 0.]]
2025-05-06 15:47:54,356 - pre_processing.element_library.element_1D_base - DEBUG - 
===== Final Element Force Vector =====
2025-05-06 15:47:54,356 - pre_processing.element_library.element_1D_base - DEBUG - 
===== Final Element Force Vector =====
2025-05-06 15:47:54,358 - pre_processing.element_library.element_1D_base - DEBUG - [[      0.       0.       0.       0.       0.       0.       0. -100000.
        0.       0.       0.       0.]]
2025-05-06 15:47:54,358 - pre_processing.element_library.element_1D_base - DEBUG - [[      0.       0.       0.       0.       0.       0.       0. -100000.
        0.       0.       0.       0.]]
