Machine Specifications:
   - OS: Windows 11 (10.0.22631)
   - CPU: Intel64 Family 6 Model 151 Stepping 2, GenuineIntel (20 cores)
   - RAM: 31.24 GB
   - Python Version: 3.12.5

Job: job_0008
Timestamp (job start): 2025-05-06_15-47-55
Total Time: 1.77 sec

+-------------------------------+------------+---------------+-------------+-----------+
| Step                          |   Time (s) |   Memory (MB) |   Disk (GB) |   CPU (%) |
+===============================+============+===============+=============+===========+
| Parsing                       | 0.00693846 |       119.789 |     798.984 |         0 |
+-------------------------------+------------+---------------+-------------+-----------+
| Element Instantiation         | 0          |       119.84  |     798.984 |         0 |
+-------------------------------+------------+---------------+-------------+-----------+
| Element Stiffness Computation | 0.114632   |       120.152 |     798.985 |         0 |
+-------------------------------+------------+---------------+-------------+-----------+
| Element Force Computation     | 0.0440855  |       120.188 |     798.985 |         0 |
+-------------------------------+------------+---------------+-------------+-----------+
| Setup Simulation              | 0          |       120.215 |     798.986 |         0 |
+-------------------------------+------------+---------------+-------------+-----------+
| Assemble Global Matrices      | 0.0193408  |       120.969 |     798.986 |         0 |
+-------------------------------+------------+---------------+-------------+-----------+
| Modify Global Matrices        | 0.0180092  |       121.176 |     798.987 |         0 |
+-------------------------------+------------+---------------+-------------+-----------+
| Solve Linear Static System    | 0.365944   |       137.297 |     798.989 |         0 |
+-------------------------------+------------+---------------+-------------+-----------+
| Compute Primary Results       | 0.00304937 |       137.301 |     798.989 |         0 |
+-------------------------------+------------+---------------+-------------+-----------+
| Save Primary Results          | 0.0768576  |       137.305 |     798.99  |         0 |
+-------------------------------+------------+---------------+-------------+-----------+

Parallel Jobs: job_0007
Start Memory: 119.68 MB | End Memory: 137.30 MB
Start Disk Usage: 798.98 GB | End Disk Usage: 798.99 GB
Start CPU: 0.00% | End CPU: 0.00%
