2025-04-11 19:52:47,435 - processing.static.boundary_conditions - INFO - 🔧 Applying fixed boundary conditions...
2025-04-11 19:52:47,436 - processing.static.boundary_conditions - INFO - 🔍 Fixed DOFs: [0 1 2 3 4 5]

🔍 Original K_global Matrix:
            0           1           2           3           4           5           6           7           8           9           10          11
0   9.1100e+07  0.0000e+00  0.0000e+00  0.0000e+00  0.0000e+00  0.0000e+00 -9.1100e+07  0.0000e+00  0.0000e+00  0.0000e+00  0.0000e+00  0.0000e+00
1   0.0000e+00  3.3667e+13  0.0000e+00  0.0000e+00  0.0000e+00  1.9238e+13  0.0000e+00 -3.3667e+13  0.0000e+00  0.0000e+00  0.0000e+00  1.4429e+13
2   0.0000e+00  0.0000e+00  3.3734e+13  0.0000e+00 -1.9277e+13  0.0000e+00  0.0000e+00  0.0000e+00 -3.3734e+13  0.0000e+00 -1.4458e+13  0.0000e+00
3   0.0000e+00  0.0000e+00  0.0000e+00  1.2746e+08  0.0000e+00  0.0000e+00  0.0000e+00  0.0000e+00  0.0000e+00 -1.2746e+08  0.0000e+00  0.0000e+00
4   0.0000e+00  0.0000e+00 -1.9277e+13  0.0000e+00  1.1245e+13  0.0000e+00  0.0000e+00  0.0000e+00  1.9277e+13  0.0000e+00  8.0320e+12  0.0000e+00
5   0.0000e+00  1.9238e+13  0.0000e+00  0.0000e+00  0.0000e+00  1.1222e+13  0.0000e+00 -1.9238e+13  0.0000e+00  0.0000e+00  0.0000e+00  8.0160e+12
6  -9.1100e+07  0.0000e+00  0.0000e+00  0.0000e+00  0.0000e+00  0.0000e+00  9.1100e+07  0.0000e+00  0.0000e+00  0.0000e+00  0.0000e+00  0.0000e+00
7   0.0000e+00 -3.3667e+13  0.0000e+00  0.0000e+00  0.0000e+00 -1.9238e+13  0.0000e+00  3.3667e+13  0.0000e+00  0.0000e+00  0.0000e+00 -1.4429e+13
8   0.0000e+00  0.0000e+00 -3.3734e+13  0.0000e+00  1.9277e+13  0.0000e+00  0.0000e+00  0.0000e+00  3.3734e+13  0.0000e+00  1.4458e+13  0.0000e+00
9   0.0000e+00  0.0000e+00  0.0000e+00 -1.2746e+08  0.0000e+00  0.0000e+00  0.0000e+00  0.0000e+00  0.0000e+00  1.2746e+08  0.0000e+00  0.0000e+00
10  0.0000e+00  0.0000e+00 -1.4458e+13  0.0000e+00  8.0320e+12  0.0000e+00  0.0000e+00  0.0000e+00  1.4458e+13  0.0000e+00  6.4256e+12  0.0000e+00
11  0.0000e+00  1.4429e+13  0.0000e+00  0.0000e+00  0.0000e+00  8.0160e+12  0.0000e+00 -1.4429e+13  0.0000e+00  0.0000e+00  0.0000e+00  6.4128e+12

🔍 Original F_global Vector:
             Force
DOF 0   0.0000e+00
DOF 1   0.0000e+00
DOF 2   0.0000e+00
DOF 3   0.0000e+00
DOF 4   0.0000e+00
DOF 5   0.0000e+00
DOF 6   0.0000e+00
DOF 7  -1.0000e+05
DOF 8   0.0000e+00
DOF 9   0.0000e+00
DOF 10  0.0000e+00
DOF 11  0.0000e+00
2025-04-11 19:52:47,438 - processing.static.boundary_conditions - INFO - ✅ Fixed boundary conditions applied successfully.

🔍 Modified K_global Matrix:
           0          1          2          3          4          5          6           7          8          9          10          11
0  1.0000e+36 0.0000e+00 0.0000e+00 0.0000e+00 0.0000e+00 0.0000e+00 0.0000e+00  0.0000e+00 0.0000e+00 0.0000e+00 0.0000e+00  0.0000e+00
1  0.0000e+00 1.0000e+36 0.0000e+00 0.0000e+00 0.0000e+00 0.0000e+00 0.0000e+00  0.0000e+00 0.0000e+00 0.0000e+00 0.0000e+00  0.0000e+00
2  0.0000e+00 0.0000e+00 1.0000e+36 0.0000e+00 0.0000e+00 0.0000e+00 0.0000e+00  0.0000e+00 0.0000e+00 0.0000e+00 0.0000e+00  0.0000e+00
3  0.0000e+00 0.0000e+00 0.0000e+00 1.0000e+36 0.0000e+00 0.0000e+00 0.0000e+00  0.0000e+00 0.0000e+00 0.0000e+00 0.0000e+00  0.0000e+00
4  0.0000e+00 0.0000e+00 0.0000e+00 0.0000e+00 1.0000e+36 0.0000e+00 0.0000e+00  0.0000e+00 0.0000e+00 0.0000e+00 0.0000e+00  0.0000e+00
5  0.0000e+00 0.0000e+00 0.0000e+00 0.0000e+00 0.0000e+00 1.0000e+36 0.0000e+00  0.0000e+00 0.0000e+00 0.0000e+00 0.0000e+00  0.0000e+00
6  0.0000e+00 0.0000e+00 0.0000e+00 0.0000e+00 0.0000e+00 0.0000e+00 9.1100e+07  0.0000e+00 0.0000e+00 0.0000e+00 0.0000e+00  0.0000e+00
7  0.0000e+00 0.0000e+00 0.0000e+00 0.0000e+00 0.0000e+00 0.0000e+00 0.0000e+00  3.3667e+13 0.0000e+00 0.0000e+00 0.0000e+00 -1.4429e+13
8  0.0000e+00 0.0000e+00 0.0000e+00 0.0000e+00 0.0000e+00 0.0000e+00 0.0000e+00  0.0000e+00 3.3734e+13 0.0000e+00 1.4458e+13  0.0000e+00
9  0.0000e+00 0.0000e+00 0.0000e+00 0.0000e+00 0.0000e+00 0.0000e+00 0.0000e+00  0.0000e+00 0.0000e+00 1.2746e+08 0.0000e+00  0.0000e+00
10 0.0000e+00 0.0000e+00 0.0000e+00 0.0000e+00 0.0000e+00 0.0000e+00 0.0000e+00  0.0000e+00 1.4458e+13 0.0000e+00 6.4256e+12  0.0000e+00
11 0.0000e+00 0.0000e+00 0.0000e+00 0.0000e+00 0.0000e+00 0.0000e+00 0.0000e+00 -1.4429e+13 0.0000e+00 0.0000e+00 0.0000e+00  6.4128e+12

🔍 Modified F_global Vector:
             Force
DOF 0   0.0000e+00
DOF 1   0.0000e+00
DOF 2   0.0000e+00
DOF 3   0.0000e+00
DOF 4   0.0000e+00
DOF 5   0.0000e+00
DOF 6   0.0000e+00
DOF 7  -1.0000e+05
DOF 8   0.0000e+00
DOF 9   0.0000e+00
DOF 10  0.0000e+00
DOF 11  0.0000e+00
2025-04-11 19:52:48,080 - processing.static.boundary_conditions - INFO - 🔧 Applying fixed boundary conditions...
2025-04-11 19:52:48,083 - processing.static.boundary_conditions - INFO - 🔍 Fixed DOFs: [0 1 2 3 4 5]
2025-04-11 19:52:48,085 - processing.static.boundary_conditions - INFO - ✅ Fixed boundary conditions applied successfully.
