2025-06-17 20:53:59,312 [DEBUG] 📁 Log file created at: \\mull.sms.ed.ac.uk\home\s1834431\Win7\Desktop\fem_model\post_processing\results\job_0007_2025-06-17_20-53-57-091814_pid74860_bcb9a60b\logs\ModifyGlobalSystem.log (Module: modification, Line: 97)
2025-06-17 20:53:59,312 [INFO] 🔧 Applying stabilized boundary conditions... (Module: modification, Line: 115)
2025-06-17 20:53:59,313 [DEBUG] Computed penalty value: 2.24e+45 (Module: modification, Line: 172)
2025-06-17 20:53:59,314 [DEBUG] 
======================================== System Diagnostics ======================================== (Module: modification, Line: 263)
2025-06-17 20:53:59,315 [DEBUG] Original Non-zeros: 16
Modified Non-zeros: 10
Penalty Value: 2.24e+45
Stabilization Factor: 2.24e+35 (Module: modification, Line: 275)
2025-06-17 20:53:59,318 [DEBUG] 
Modified Stiffness Matrix:
         0        1        2        3        4        5        6        7        8        9        10       11
0  2.24e+45 0.00e+00 0.00e+00 0.00e+00 0.00e+00 0.00e+00 0.00e+00 0.00e+00 0.00e+00 0.00e+00 0.00e+00 0.00e+00
1  0.00e+00 2.24e+45 0.00e+00 0.00e+00 0.00e+00 0.00e+00 0.00e+00 0.00e+00 0.00e+00 0.00e+00 0.00e+00 0.00e+00
2  0.00e+00 0.00e+00 2.24e+45 0.00e+00 0.00e+00 0.00e+00 0.00e+00 0.00e+00 0.00e+00 0.00e+00 0.00e+00 0.00e+00
3  0.00e+00 0.00e+00 0.00e+00 2.24e+45 0.00e+00 0.00e+00 0.00e+00 0.00e+00 0.00e+00 0.00e+00 0.00e+00 0.00e+00
4  0.00e+00 0.00e+00 0.00e+00 0.00e+00 2.24e+45 0.00e+00 0.00e+00 0.00e+00 0.00e+00 0.00e+00 0.00e+00 0.00e+00
5  0.00e+00 0.00e+00 0.00e+00 0.00e+00 0.00e+00 2.24e+45 0.00e+00 0.00e+00 0.00e+00 0.00e+00 0.00e+00 0.00e+00
6  0.00e+00 0.00e+00 0.00e+00 0.00e+00 0.00e+00 0.00e+00 2.00e+09 0.00e+00 0.00e+00 0.00e+00 0.00e+00 0.00e+00
7  0.00e+00 0.00e+00 0.00e+00 0.00e+00 0.00e+00 0.00e+00 0.00e+00 5.60e+08 0.00e+00 0.00e+00 0.00e+00 0.00e+00
8  0.00e+00 0.00e+00 0.00e+00 0.00e+00 0.00e+00 0.00e+00 0.00e+00 0.00e+00 2.24e+09 0.00e+00 0.00e+00 0.00e+00
9  0.00e+00 0.00e+00 0.00e+00 0.00e+00 0.00e+00 0.00e+00 0.00e+00 0.00e+00 0.00e+00 6.57e+05 0.00e+00 0.00e+00
10 0.00e+00 0.00e+00 0.00e+00 0.00e+00 0.00e+00 0.00e+00 0.00e+00 0.00e+00 0.00e+00 0.00e+00 0.00e+00 0.00e+00
11 0.00e+00 0.00e+00 0.00e+00 0.00e+00 0.00e+00 0.00e+00 0.00e+00 0.00e+00 0.00e+00 0.00e+00 0.00e+00 0.00e+00 (Module: modification, Line: 280)
2025-06-17 20:53:59,318 [DEBUG] 
Condition Estimate: 3.4e+39 (Module: modification, Line: 290)
2025-06-17 20:53:59,325 [INFO] 💾 Modified stiffness matrix saved to: \\mull.sms.ed.ac.uk\home\s1834431\Win7\Desktop\fem_model\post_processing\results\job_0007_2025-06-17_20-53-57-091814_pid74860_bcb9a60b\primary_results\03_K_mod.csv (Module: modification, Line: 244)
2025-06-17 20:53:59,331 [INFO] 💾 Modified force vector saved to: \\mull.sms.ed.ac.uk\home\s1834431\Win7\Desktop\fem_model\post_processing\results\job_0007_2025-06-17_20-53-57-091814_pid74860_bcb9a60b\primary_results\04_F_mod.csv (Module: modification, Line: 256)
2025-06-17 20:53:59,339 [INFO] 📎 Element DOF fixed/free map saved to: \\mull.sms.ed.ac.uk\home\s1834431\Win7\Desktop\fem_model\post_processing\results\job_0007_2025-06-17_20-53-57-091814_pid74860_bcb9a60b\maps\02_modification_map.csv (Module: modification, Line: 159)
2025-06-17 20:53:59,340 [INFO] ✅ Boundary conditions applied in 0.03s (Module: modification, Line: 132)
