Machine Specifications:
   - OS: Windows 11 (10.0.22631)
   - CPU: 12th Gen Intel(R) Core(TM) i7-12700
       • Logical cores: 20
       • Physical cores: 12
   - RAM: 31.24 GB
   - Disk: 3071.87 GB total, 2258.39 GB free
   - Python Version: 3.12.5 (C:\Users\s1834431\AppData\Local\Programs\Python\Python312\python.exe)
   - GPU(s): Intel(R) UHD Graphics 770

Job: job_0001
Timestamp (job start): 2025-07-07_19-50-27-722418
Total Time: 18.13 sec

+-------------------------------+------------+---------------+-------------+-----------+
| Step                          |   Time (s) |   Memory (MB) |   Disk (GB) |   CPU (%) |
+===============================+============+===============+=============+===========+
| Parsing                       |  0.0447881 |       68.3203 |     813.458 |         0 |
+-------------------------------+------------+---------------+-------------+-----------+
| Element Instantiation         |  1.26952   |       97.6172 |     813.459 |         0 |
+-------------------------------+------------+---------------+-------------+-----------+
| Element Stiffness Computation |  1.22961   |       98.082  |     813.47  |         0 |
+-------------------------------+------------+---------------+-------------+-----------+
| Element Force Computation     |  0.632385  |       98.125  |     813.472 |         0 |
+-------------------------------+------------+---------------+-------------+-----------+
| Full Simulation               | 14.3254    |      128.426  |     813.479 |         0 |
+-------------------------------+------------+---------------+-------------+-----------+

Parallel Jobs: job_0003
Start Memory: 68.07 MB | End Memory: 128.43 MB
Start Disk Usage: 813.46 GB | End Disk Usage: 813.48 GB
Start CPU: 0.00% | End CPU: 0.00%
