Machine Specifications:
   - OS: Windows 11 (10.0.22631)
   - CPU: Intel64 Family 6 Model 151 Stepping 2, GenuineIntel (20 cores)
   - RAM: 31.24 GB
   - Python Version: 3.12.5

Job: job_0004
Timestamp (job start): 2025-03-03_12-54-11
Total Time: 1.94 sec

+-------------------------------+-------------+---------------+-------------+-----------+
| Step                          |    Time (s) |   Memory (MB) |   Disk (GB) |   CPU (%) |
+===============================+=============+===============+=============+===========+
| Parsing                       | 0.0167747   |       78.4414 |     746.109 |         0 |
+-------------------------------+-------------+---------------+-------------+-----------+
| Element Instantiation         | 0           |       78.4844 |     746.109 |         0 |
+-------------------------------+-------------+---------------+-------------+-----------+
| Element Stiffness Computation | 0.329589    |       78.6641 |     746.109 |         0 |
+-------------------------------+-------------+---------------+-------------+-----------+
| Element Force Computation     | 0           |       78.6758 |     746.109 |         0 |
+-------------------------------+-------------+---------------+-------------+-----------+
| Setup Simulation              | 0           |       78.7109 |     746.109 |         0 |
+-------------------------------+-------------+---------------+-------------+-----------+
| Assemble Global Matrices      | 0.00763011  |       79.7578 |     746.109 |         0 |
+-------------------------------+-------------+---------------+-------------+-----------+
| Modify Global Matrices        | 0.00702524  |       79.8672 |     746.109 |         0 |
+-------------------------------+-------------+---------------+-------------+-----------+
| Solve Linear Static System    | 0.367999    |      100.039  |     746.109 |         0 |
+-------------------------------+-------------+---------------+-------------+-----------+
| Compute Primary Results       | 0.000542641 |      100.039  |     746.11  |         0 |
+-------------------------------+-------------+---------------+-------------+-----------+
| Save Primary Results          | 0.0755746   |      100.094  |     746.11  |         0 |
+-------------------------------+-------------+---------------+-------------+-----------+

Parallel Jobs: job_0001, job_0002, job_0003, job_0006
Start Memory: 78.25 MB | End Memory: 100.09 MB
Start Disk Usage: 746.11 GB | End Disk Usage: 746.11 GB
Start CPU: 0.00% | End CPU: 0.00%
