2025-07-06 14:21:39,401 [DEBUG] 📁 Log file: \\mull.sms.ed.ac.uk\home\s1834431\Win7\Desktop\fem_model\post_processing\results\job_0003_2025-07-06_14-21-27-481869_pid34956_4266d4bb\logs\SolveCondensedSystem.log (Module: solver, Line: 220)
2025-07-06 14:21:39,402 [DEBUG] Row/column scaling applied. (Module: solver, Line: 136)
2025-07-06 14:21:39,409 [DEBUG] Building ILU (drop_tol=1e-06, fill_factor=1.0) (Module: solver, Line: 72)
2025-07-06 14:21:39,410 [WARNING] Preconditioner 'ilu' failed (Factor is exactly singular); proceeding without it. (Module: solver, Line: 242)
2025-07-06 14:21:39,410 [INFO] Solver parameters • solver='cg', prec='None', K nnz=2980, dofs=600 (Module: solver, Line: 153)
2025-07-06 14:21:39,412 [INFO] Condensed condition estimate: 1.02e+00 (Module: solver, Line: 159)
2025-07-06 14:21:39,413 [DEBUG] Iter   10 | residual 1.799e-02 (Module: solver, Line: 291)
2025-07-06 14:21:39,414 [DEBUG] Iter   20 | residual 1.495e-02 (Module: solver, Line: 291)
2025-07-06 14:21:39,415 [DEBUG] Iter   30 | residual 1.803e-02 (Module: solver, Line: 291)
2025-07-06 14:21:39,416 [DEBUG] Iter   40 | residual 2.296e-02 (Module: solver, Line: 291)
2025-07-06 14:21:39,417 [DEBUG] Iter   50 | residual 2.219e-02 (Module: solver, Line: 291)
2025-07-06 14:21:39,418 [DEBUG] Iter   60 | residual 1.864e-02 (Module: solver, Line: 291)
2025-07-06 14:21:39,420 [DEBUG] Iter   70 | residual 2.147e-02 (Module: solver, Line: 291)
2025-07-06 14:21:39,421 [DEBUG] Iter   80 | residual 2.744e-02 (Module: solver, Line: 291)
2025-07-06 14:21:39,422 [DEBUG] Iter   90 | residual 3.203e-02 (Module: solver, Line: 291)
2025-07-06 14:21:39,423 [DEBUG] Iter  100 | residual 2.147e-02 (Module: solver, Line: 291)
2025-07-06 14:21:39,424 [DEBUG] Iter  110 | residual 1.978e-02 (Module: solver, Line: 291)
2025-07-06 14:21:39,424 [DEBUG] Iter  120 | residual 4.057e-02 (Module: solver, Line: 291)
2025-07-06 14:21:39,425 [DEBUG] Iter  130 | residual 6.182e-02 (Module: solver, Line: 291)
2025-07-06 14:21:39,426 [DEBUG] Iter  140 | residual 1.064e-01 (Module: solver, Line: 291)
2025-07-06 14:21:39,427 [DEBUG] Iter  150 | residual 4.388e-02 (Module: solver, Line: 291)
2025-07-06 14:21:39,428 [DEBUG] Iter  160 | residual 1.187e-01 (Module: solver, Line: 291)
2025-07-06 14:21:39,429 [DEBUG] Iter  170 | residual 2.021e-02 (Module: solver, Line: 291)
2025-07-06 14:21:39,430 [DEBUG] Iter  180 | residual 3.495e-02 (Module: solver, Line: 291)
2025-07-06 14:21:39,430 [DEBUG] Iter  190 | residual 1.530e-02 (Module: solver, Line: 291)
2025-07-06 14:21:39,431 [DEBUG] Iter  200 | residual 8.673e-03 (Module: solver, Line: 291)
2025-07-06 14:21:39,432 [DEBUG] Iter  210 | residual 8.615e-03 (Module: solver, Line: 291)
2025-07-06 14:21:39,433 [DEBUG] Iter  220 | residual 1.157e-02 (Module: solver, Line: 291)
2025-07-06 14:21:39,433 [DEBUG] Iter  230 | residual 1.121e-01 (Module: solver, Line: 291)
2025-07-06 14:21:39,434 [DEBUG] Iter  240 | residual 2.755e-02 (Module: solver, Line: 291)
2025-07-06 14:21:39,435 [DEBUG] Iter  250 | residual 6.755e-02 (Module: solver, Line: 291)
2025-07-06 14:21:39,436 [DEBUG] Iter  260 | residual 4.525e-02 (Module: solver, Line: 291)
2025-07-06 14:21:39,437 [DEBUG] Iter  270 | residual 2.262e-01 (Module: solver, Line: 291)
2025-07-06 14:21:39,438 [DEBUG] Iter  280 | residual 1.609e-02 (Module: solver, Line: 291)
2025-07-06 14:21:39,439 [DEBUG] Iter  290 | residual 2.181e-01 (Module: solver, Line: 291)
2025-07-06 14:21:39,440 [DEBUG] Iter  300 | residual 7.431e-03 (Module: solver, Line: 291)
2025-07-06 14:21:39,440 [DEBUG] Iter  310 | residual 3.174e-01 (Module: solver, Line: 291)
2025-07-06 14:21:39,441 [DEBUG] Iter  320 | residual 3.504e-02 (Module: solver, Line: 291)
2025-07-06 14:21:39,442 [DEBUG] Iter  330 | residual 7.375e-02 (Module: solver, Line: 291)
2025-07-06 14:21:39,443 [DEBUG] Iter  340 | residual 7.599e-02 (Module: solver, Line: 291)
2025-07-06 14:21:39,443 [DEBUG] Iter  350 | residual 4.998e-02 (Module: solver, Line: 291)
2025-07-06 14:21:39,444 [DEBUG] Iter  360 | residual 1.382e-02 (Module: solver, Line: 291)
2025-07-06 14:21:39,445 [DEBUG] Iter  370 | residual 5.318e-02 (Module: solver, Line: 291)
2025-07-06 14:21:39,446 [DEBUG] Iter  380 | residual 2.044e-02 (Module: solver, Line: 291)
2025-07-06 14:21:39,447 [DEBUG] Iter  390 | residual 1.335e-02 (Module: solver, Line: 291)
2025-07-06 14:21:39,447 [DEBUG] Iter  400 | residual 4.637e-01 (Module: solver, Line: 291)
2025-07-06 14:21:39,449 [DEBUG] Iter  410 | residual 4.707e-02 (Module: solver, Line: 291)
2025-07-06 14:21:39,450 [DEBUG] Iter  420 | residual 6.903e-03 (Module: solver, Line: 291)
2025-07-06 14:21:39,451 [DEBUG] Iter  430 | residual 5.354e-02 (Module: solver, Line: 291)
2025-07-06 14:21:39,452 [DEBUG] Iter  440 | residual 2.933e-01 (Module: solver, Line: 291)
2025-07-06 14:21:39,453 [DEBUG] Iter  450 | residual 6.543e-02 (Module: solver, Line: 291)
2025-07-06 14:21:39,453 [DEBUG] Iter  460 | residual 1.248e-01 (Module: solver, Line: 291)
2025-07-06 14:21:39,454 [DEBUG] Iter  470 | residual 9.508e-03 (Module: solver, Line: 291)
2025-07-06 14:21:39,455 [DEBUG] Iter  480 | residual 8.279e-03 (Module: solver, Line: 291)
2025-07-06 14:21:39,456 [DEBUG] Iter  490 | residual 2.661e-02 (Module: solver, Line: 291)
2025-07-06 14:21:39,456 [DEBUG] Iter  500 | residual 6.202e-02 (Module: solver, Line: 291)
2025-07-06 14:21:39,457 [DEBUG] Iter  510 | residual 1.935e-01 (Module: solver, Line: 291)
2025-07-06 14:21:39,458 [DEBUG] Iter  520 | residual 5.188e-02 (Module: solver, Line: 291)
2025-07-06 14:21:39,459 [DEBUG] Iter  530 | residual 5.158e-03 (Module: solver, Line: 291)
2025-07-06 14:21:39,461 [DEBUG] Iter  540 | residual 3.312e-02 (Module: solver, Line: 291)
2025-07-06 14:21:39,461 [DEBUG] Iter  550 | residual 3.912e-02 (Module: solver, Line: 291)
2025-07-06 14:21:39,462 [DEBUG] Iter  560 | residual 7.852e-03 (Module: solver, Line: 291)
2025-07-06 14:21:39,463 [DEBUG] Iter  570 | residual 3.316e-01 (Module: solver, Line: 291)
2025-07-06 14:21:39,464 [DEBUG] Iter  580 | residual 5.229e-01 (Module: solver, Line: 291)
2025-07-06 14:21:39,465 [DEBUG] Iter  590 | residual 1.283e-01 (Module: solver, Line: 291)
2025-07-06 14:21:39,465 [DEBUG] Iter  600 | residual 1.103e-01 (Module: solver, Line: 291)
2025-07-06 14:21:39,466 [DEBUG] Iter  610 | residual 4.287e-02 (Module: solver, Line: 291)
2025-07-06 14:21:39,467 [DEBUG] Iter  620 | residual 1.160e-02 (Module: solver, Line: 291)
2025-07-06 14:21:39,468 [DEBUG] Iter  630 | residual 6.771e-03 (Module: solver, Line: 291)
2025-07-06 14:21:39,469 [DEBUG] Iter  640 | residual 1.294e-03 (Module: solver, Line: 291)
2025-07-06 14:21:39,470 [DEBUG] Iter  650 | residual 1.183e-03 (Module: solver, Line: 291)
2025-07-06 14:21:39,471 [DEBUG] Iter  660 | residual 1.408e-03 (Module: solver, Line: 291)
2025-07-06 14:21:39,472 [DEBUG] Iter  670 | residual 5.654e-04 (Module: solver, Line: 291)
2025-07-06 14:21:39,472 [DEBUG] Iter  680 | residual 3.472e-03 (Module: solver, Line: 291)
2025-07-06 14:21:39,474 [DEBUG] Iter  690 | residual 2.186e-03 (Module: solver, Line: 291)
2025-07-06 14:21:39,476 [DEBUG] Iter  700 | residual 1.537e-02 (Module: solver, Line: 291)
2025-07-06 14:21:39,477 [DEBUG] Iter  710 | residual 7.505e-02 (Module: solver, Line: 291)
2025-07-06 14:21:39,478 [DEBUG] Iter  720 | residual 1.262e-02 (Module: solver, Line: 291)
2025-07-06 14:21:39,479 [DEBUG] Iter  730 | residual 7.541e-02 (Module: solver, Line: 291)
2025-07-06 14:21:39,480 [DEBUG] Iter  740 | residual 2.914e-01 (Module: solver, Line: 291)
2025-07-06 14:21:39,480 [DEBUG] Iter  750 | residual 4.756e-02 (Module: solver, Line: 291)
2025-07-06 14:21:39,481 [DEBUG] Iter  760 | residual 2.582e-01 (Module: solver, Line: 291)
2025-07-06 14:21:39,482 [WARNING] Iterative solver aborted: Divergence detected (Module: solver, Line: 304)
2025-07-06 14:21:39,483 [INFO] Switching to direct SuperLU fall-back. (Module: solver, Line: 317)
2025-07-06 14:21:39,484 [DEBUG] Using SuperLU direct solver (Module: solver, Line: 269)
2025-07-06 14:21:39,489 [INFO] Condensed residual norm: 1.745e-02 (Module: solver, Line: 176)
2025-07-06 14:21:39,489 [WARNING] Residual is high – verify model! (Module: solver, Line: 178)
2025-07-06 14:21:39,501 [INFO] 💾 Condensed displacement saved → \\mull.sms.ed.ac.uk\home\s1834431\Win7\Desktop\fem_model\post_processing\results\job_0003_2025-07-06_14-21-27-481869_pid34956_4266d4bb\primary_results\07_U_cond.csv (Module: solver, Line: 328)
2025-07-06 14:21:39,502 [INFO] 📊 Condensed solver report: (Module: solver, Line: 342)
2025-07-06 14:21:39,502 [INFO]  • dofs: 600 (Module: solver, Line: 344)
2025-07-06 14:21:39,503 [INFO]  • nnz: 2980 (Module: solver, Line: 344)
2025-07-06 14:21:39,504 [INFO]  • density: 0.008277777777777778 (Module: solver, Line: 344)
2025-07-06 14:21:39,505 [INFO]  • condition_est: 1.0162930815603326 (Module: solver, Line: 344)
2025-07-06 14:21:39,505 [INFO]  • solve_phases: {'factorization': 0.004069599788635969, 'solution': 0.004174800124019384} (Module: solver, Line: 344)
2025-07-06 14:21:39,506 [INFO]  • iters: 769 (Module: solver, Line: 344)
2025-07-06 14:21:39,507 [INFO]  • final_residual: 1.6386194749936316 (Module: solver, Line: 344)
