2025-07-09 05:44:58,260 [DEBUG]: 🟢 ElementFactory logger initialised.
2025-07-09 05:44:58,261 [INFO]: 🚩 Starting batch element creation.
2025-07-09 05:44:58,261 [DEBUG]: Element IDs sanitised: [0, 1, 2, 3, 4, 5, 6, 7, 8, 9, 10, 11, 12, 13, 14, 15, 16, 17, 18, 19, 20, 21, 22, 23, 24, 25, 26, 27, 28, 29, 30, 31, 32, 33, 34, 35, 36, 37, 38, 39, 40, 41, 42, 43, 44, 45, 46, 47, 48, 49, 50, 51, 52, 53, 54, 55, 56, 57, 58, 59, 60, 61, 62, 63, 64, 65, 66, 67, 68, 69, 70, 71, 72, 73, 74, 75, 76, 77, 78, 79, 80, 81, 82, 83, 84, 85, 86, 87, 88, 89, 90, 91, 92, 93, 94, 95, 96, 97, 98, 99]
2025-07-09 05:44:58,261 [DEBUG]: Module for EulerBernoulliBeamElement3D loaded.
2025-07-09 05:44:58,262 [DEBUG]: ✅ Element 0 (EulerBernoulliBeamElement3D) instantiated.
2025-07-09 05:44:58,263 [DEBUG]: ✅ Element 1 (EulerBernoulliBeamElement3D) instantiated.
2025-07-09 05:44:58,265 [DEBUG]: ✅ Element 2 (EulerBernoulliBeamElement3D) instantiated.
2025-07-09 05:44:58,267 [DEBUG]: ✅ Element 3 (EulerBernoulliBeamElement3D) instantiated.
2025-07-09 05:44:58,268 [DEBUG]: ✅ Element 4 (EulerBernoulliBeamElement3D) instantiated.
2025-07-09 05:44:58,269 [DEBUG]: ✅ Element 5 (EulerBernoulliBeamElement3D) instantiated.
2025-07-09 05:44:58,270 [DEBUG]: ✅ Element 6 (EulerBernoulliBeamElement3D) instantiated.
2025-07-09 05:44:58,271 [DEBUG]: ✅ Element 7 (EulerBernoulliBeamElement3D) instantiated.
2025-07-09 05:44:58,273 [DEBUG]: ✅ Element 8 (EulerBernoulliBeamElement3D) instantiated.
2025-07-09 05:44:58,278 [DEBUG]: ✅ Element 9 (EulerBernoulliBeamElement3D) instantiated.
2025-07-09 05:44:58,279 [DEBUG]: ✅ Element 10 (EulerBernoulliBeamElement3D) instantiated.
2025-07-09 05:44:58,280 [DEBUG]: ✅ Element 11 (EulerBernoulliBeamElement3D) instantiated.
2025-07-09 05:44:58,281 [DEBUG]: ✅ Element 12 (EulerBernoulliBeamElement3D) instantiated.
2025-07-09 05:44:58,282 [DEBUG]: ✅ Element 13 (EulerBernoulliBeamElement3D) instantiated.
2025-07-09 05:44:58,284 [DEBUG]: ✅ Element 14 (EulerBernoulliBeamElement3D) instantiated.
2025-07-09 05:44:58,285 [DEBUG]: ✅ Element 15 (EulerBernoulliBeamElement3D) instantiated.
2025-07-09 05:44:58,286 [DEBUG]: ✅ Element 16 (EulerBernoulliBeamElement3D) instantiated.
2025-07-09 05:44:58,287 [DEBUG]: ✅ Element 17 (EulerBernoulliBeamElement3D) instantiated.
2025-07-09 05:44:58,288 [DEBUG]: ✅ Element 18 (EulerBernoulliBeamElement3D) instantiated.
2025-07-09 05:44:58,289 [DEBUG]: ✅ Element 19 (EulerBernoulliBeamElement3D) instantiated.
2025-07-09 05:44:58,290 [DEBUG]: ✅ Element 20 (EulerBernoulliBeamElement3D) instantiated.
2025-07-09 05:44:58,291 [DEBUG]: ✅ Element 21 (EulerBernoulliBeamElement3D) instantiated.
2025-07-09 05:44:58,292 [DEBUG]: ✅ Element 22 (EulerBernoulliBeamElement3D) instantiated.
2025-07-09 05:44:58,294 [DEBUG]: ✅ Element 23 (EulerBernoulliBeamElement3D) instantiated.
2025-07-09 05:44:58,295 [DEBUG]: ✅ Element 24 (EulerBernoulliBeamElement3D) instantiated.
2025-07-09 05:44:58,296 [DEBUG]: ✅ Element 25 (EulerBernoulliBeamElement3D) instantiated.
2025-07-09 05:44:58,297 [DEBUG]: ✅ Element 26 (EulerBernoulliBeamElement3D) instantiated.
2025-07-09 05:44:58,298 [DEBUG]: ✅ Element 27 (EulerBernoulliBeamElement3D) instantiated.
2025-07-09 05:44:58,299 [DEBUG]: ✅ Element 28 (EulerBernoulliBeamElement3D) instantiated.
2025-07-09 05:44:58,301 [DEBUG]: ✅ Element 29 (EulerBernoulliBeamElement3D) instantiated.
2025-07-09 05:44:58,302 [DEBUG]: ✅ Element 30 (EulerBernoulliBeamElement3D) instantiated.
2025-07-09 05:44:58,303 [DEBUG]: ✅ Element 31 (EulerBernoulliBeamElement3D) instantiated.
2025-07-09 05:44:58,305 [DEBUG]: ✅ Element 32 (EulerBernoulliBeamElement3D) instantiated.
2025-07-09 05:44:58,307 [DEBUG]: ✅ Element 33 (EulerBernoulliBeamElement3D) instantiated.
2025-07-09 05:44:58,308 [DEBUG]: ✅ Element 34 (EulerBernoulliBeamElement3D) instantiated.
2025-07-09 05:44:58,309 [DEBUG]: ✅ Element 35 (EulerBernoulliBeamElement3D) instantiated.
2025-07-09 05:44:58,310 [DEBUG]: ✅ Element 36 (EulerBernoulliBeamElement3D) instantiated.
2025-07-09 05:44:58,311 [DEBUG]: ✅ Element 37 (EulerBernoulliBeamElement3D) instantiated.
2025-07-09 05:44:58,312 [DEBUG]: ✅ Element 38 (EulerBernoulliBeamElement3D) instantiated.
2025-07-09 05:44:58,313 [DEBUG]: ✅ Element 39 (EulerBernoulliBeamElement3D) instantiated.
2025-07-09 05:44:58,314 [DEBUG]: ✅ Element 40 (EulerBernoulliBeamElement3D) instantiated.
2025-07-09 05:44:58,315 [DEBUG]: ✅ Element 41 (EulerBernoulliBeamElement3D) instantiated.
2025-07-09 05:44:58,316 [DEBUG]: ✅ Element 42 (EulerBernoulliBeamElement3D) instantiated.
2025-07-09 05:44:58,317 [DEBUG]: ✅ Element 43 (EulerBernoulliBeamElement3D) instantiated.
2025-07-09 05:44:58,318 [DEBUG]: ✅ Element 44 (EulerBernoulliBeamElement3D) instantiated.
2025-07-09 05:44:58,319 [DEBUG]: ✅ Element 45 (EulerBernoulliBeamElement3D) instantiated.
2025-07-09 05:44:58,320 [DEBUG]: ✅ Element 46 (EulerBernoulliBeamElement3D) instantiated.
2025-07-09 05:44:58,321 [DEBUG]: ✅ Element 47 (EulerBernoulliBeamElement3D) instantiated.
2025-07-09 05:44:58,322 [DEBUG]: ✅ Element 48 (EulerBernoulliBeamElement3D) instantiated.
2025-07-09 05:44:58,323 [DEBUG]: ✅ Element 49 (EulerBernoulliBeamElement3D) instantiated.
2025-07-09 05:44:58,324 [DEBUG]: ✅ Element 50 (EulerBernoulliBeamElement3D) instantiated.
2025-07-09 05:44:58,325 [DEBUG]: ✅ Element 51 (EulerBernoulliBeamElement3D) instantiated.
2025-07-09 05:44:58,326 [DEBUG]: ✅ Element 52 (EulerBernoulliBeamElement3D) instantiated.
2025-07-09 05:44:58,327 [DEBUG]: ✅ Element 53 (EulerBernoulliBeamElement3D) instantiated.
2025-07-09 05:44:58,328 [DEBUG]: ✅ Element 54 (EulerBernoulliBeamElement3D) instantiated.
2025-07-09 05:44:58,329 [DEBUG]: ✅ Element 55 (EulerBernoulliBeamElement3D) instantiated.
2025-07-09 05:44:58,330 [DEBUG]: ✅ Element 56 (EulerBernoulliBeamElement3D) instantiated.
2025-07-09 05:44:58,331 [DEBUG]: ✅ Element 57 (EulerBernoulliBeamElement3D) instantiated.
2025-07-09 05:44:58,332 [DEBUG]: ✅ Element 58 (EulerBernoulliBeamElement3D) instantiated.
2025-07-09 05:44:58,333 [DEBUG]: ✅ Element 59 (EulerBernoulliBeamElement3D) instantiated.
2025-07-09 05:44:58,334 [DEBUG]: ✅ Element 60 (EulerBernoulliBeamElement3D) instantiated.
2025-07-09 05:44:58,335 [DEBUG]: ✅ Element 61 (EulerBernoulliBeamElement3D) instantiated.
2025-07-09 05:44:58,336 [DEBUG]: ✅ Element 62 (EulerBernoulliBeamElement3D) instantiated.
2025-07-09 05:44:58,337 [DEBUG]: ✅ Element 63 (EulerBernoulliBeamElement3D) instantiated.
2025-07-09 05:44:58,338 [DEBUG]: ✅ Element 64 (EulerBernoulliBeamElement3D) instantiated.
2025-07-09 05:44:58,339 [DEBUG]: ✅ Element 65 (EulerBernoulliBeamElement3D) instantiated.
2025-07-09 05:44:58,340 [DEBUG]: ✅ Element 66 (EulerBernoulliBeamElement3D) instantiated.
2025-07-09 05:44:58,341 [DEBUG]: ✅ Element 67 (EulerBernoulliBeamElement3D) instantiated.
2025-07-09 05:44:58,342 [DEBUG]: ✅ Element 68 (EulerBernoulliBeamElement3D) instantiated.
2025-07-09 05:44:58,343 [DEBUG]: ✅ Element 69 (EulerBernoulliBeamElement3D) instantiated.
2025-07-09 05:44:58,344 [DEBUG]: ✅ Element 70 (EulerBernoulliBeamElement3D) instantiated.
2025-07-09 05:44:58,345 [DEBUG]: ✅ Element 71 (EulerBernoulliBeamElement3D) instantiated.
2025-07-09 05:44:58,346 [DEBUG]: ✅ Element 72 (EulerBernoulliBeamElement3D) instantiated.
2025-07-09 05:44:58,347 [DEBUG]: ✅ Element 73 (EulerBernoulliBeamElement3D) instantiated.
2025-07-09 05:44:58,348 [DEBUG]: ✅ Element 74 (EulerBernoulliBeamElement3D) instantiated.
2025-07-09 05:44:58,349 [DEBUG]: ✅ Element 75 (EulerBernoulliBeamElement3D) instantiated.
2025-07-09 05:44:58,350 [DEBUG]: ✅ Element 76 (EulerBernoulliBeamElement3D) instantiated.
2025-07-09 05:44:58,351 [DEBUG]: ✅ Element 77 (EulerBernoulliBeamElement3D) instantiated.
2025-07-09 05:44:58,352 [DEBUG]: ✅ Element 78 (EulerBernoulliBeamElement3D) instantiated.
2025-07-09 05:44:58,353 [DEBUG]: ✅ Element 79 (EulerBernoulliBeamElement3D) instantiated.
2025-07-09 05:44:58,354 [DEBUG]: ✅ Element 80 (EulerBernoulliBeamElement3D) instantiated.
2025-07-09 05:44:58,355 [DEBUG]: ✅ Element 81 (EulerBernoulliBeamElement3D) instantiated.
2025-07-09 05:44:58,357 [DEBUG]: ✅ Element 82 (EulerBernoulliBeamElement3D) instantiated.
2025-07-09 05:44:58,357 [DEBUG]: ✅ Element 83 (EulerBernoulliBeamElement3D) instantiated.
2025-07-09 05:44:58,358 [DEBUG]: ✅ Element 84 (EulerBernoulliBeamElement3D) instantiated.
2025-07-09 05:44:58,359 [DEBUG]: ✅ Element 85 (EulerBernoulliBeamElement3D) instantiated.
2025-07-09 05:44:58,360 [DEBUG]: ✅ Element 86 (EulerBernoulliBeamElement3D) instantiated.
2025-07-09 05:44:58,361 [DEBUG]: ✅ Element 87 (EulerBernoulliBeamElement3D) instantiated.
2025-07-09 05:44:58,362 [DEBUG]: ✅ Element 88 (EulerBernoulliBeamElement3D) instantiated.
2025-07-09 05:44:58,363 [DEBUG]: ✅ Element 89 (EulerBernoulliBeamElement3D) instantiated.
2025-07-09 05:44:58,364 [DEBUG]: ✅ Element 90 (EulerBernoulliBeamElement3D) instantiated.
2025-07-09 05:44:58,365 [DEBUG]: ✅ Element 91 (EulerBernoulliBeamElement3D) instantiated.
2025-07-09 05:44:58,366 [DEBUG]: ✅ Element 92 (EulerBernoulliBeamElement3D) instantiated.
2025-07-09 05:44:58,367 [DEBUG]: ✅ Element 93 (EulerBernoulliBeamElement3D) instantiated.
2025-07-09 05:44:58,414 [DEBUG]: ✅ Element 94 (EulerBernoulliBeamElement3D) instantiated.
2025-07-09 05:44:58,415 [DEBUG]: ✅ Element 95 (EulerBernoulliBeamElement3D) instantiated.
2025-07-09 05:44:58,416 [DEBUG]: ✅ Element 96 (EulerBernoulliBeamElement3D) instantiated.
2025-07-09 05:44:58,417 [DEBUG]: ✅ Element 97 (EulerBernoulliBeamElement3D) instantiated.
2025-07-09 05:44:58,418 [DEBUG]: ✅ Element 98 (EulerBernoulliBeamElement3D) instantiated.
2025-07-09 05:44:58,419 [DEBUG]: ✅ Element 99 (EulerBernoulliBeamElement3D) instantiated.
2025-07-09 05:44:58,420 [DEBUG]: Logging verified for element 0.
2025-07-09 05:44:58,451 [DEBUG]: Logging verified for element 1.
2025-07-09 05:44:58,457 [DEBUG]: Logging verified for element 2.
2025-07-09 05:44:58,458 [DEBUG]: Logging verified for element 3.
2025-07-09 05:44:58,459 [DEBUG]: Logging verified for element 4.
2025-07-09 05:44:58,460 [DEBUG]: Logging verified for element 5.
2025-07-09 05:44:58,461 [DEBUG]: Logging verified for element 6.
2025-07-09 05:44:58,462 [DEBUG]: Logging verified for element 7.
2025-07-09 05:44:58,468 [DEBUG]: Logging verified for element 8.
2025-07-09 05:44:58,469 [DEBUG]: Logging verified for element 9.
2025-07-09 05:44:58,470 [DEBUG]: Logging verified for element 10.
2025-07-09 05:44:58,471 [DEBUG]: Logging verified for element 11.
2025-07-09 05:44:58,472 [DEBUG]: Logging verified for element 12.
2025-07-09 05:44:58,485 [DEBUG]: Logging verified for element 13.
2025-07-09 05:44:58,488 [DEBUG]: Logging verified for element 14.
2025-07-09 05:44:58,489 [DEBUG]: Logging verified for element 15.
2025-07-09 05:44:58,492 [DEBUG]: Logging verified for element 16.
2025-07-09 05:44:58,495 [DEBUG]: Logging verified for element 17.
2025-07-09 05:44:58,496 [DEBUG]: Logging verified for element 18.
2025-07-09 05:44:58,497 [DEBUG]: Logging verified for element 19.
2025-07-09 05:44:58,498 [DEBUG]: Logging verified for element 20.
2025-07-09 05:44:58,498 [DEBUG]: Logging verified for element 21.
2025-07-09 05:44:58,499 [DEBUG]: Logging verified for element 22.
2025-07-09 05:44:58,500 [DEBUG]: Logging verified for element 23.
2025-07-09 05:44:58,501 [DEBUG]: Logging verified for element 24.
2025-07-09 05:44:58,503 [DEBUG]: Logging verified for element 25.
2025-07-09 05:44:58,504 [DEBUG]: Logging verified for element 26.
2025-07-09 05:44:58,504 [DEBUG]: Logging verified for element 27.
2025-07-09 05:44:58,505 [DEBUG]: Logging verified for element 28.
2025-07-09 05:44:58,508 [DEBUG]: Logging verified for element 29.
2025-07-09 05:44:58,513 [DEBUG]: Logging verified for element 30.
2025-07-09 05:44:58,516 [DEBUG]: Logging verified for element 31.
2025-07-09 05:44:58,517 [DEBUG]: Logging verified for element 32.
2025-07-09 05:44:58,518 [DEBUG]: Logging verified for element 33.
2025-07-09 05:44:58,519 [DEBUG]: Logging verified for element 34.
2025-07-09 05:44:58,520 [DEBUG]: Logging verified for element 35.
2025-07-09 05:44:58,522 [DEBUG]: Logging verified for element 36.
2025-07-09 05:44:58,523 [DEBUG]: Logging verified for element 37.
2025-07-09 05:44:58,524 [DEBUG]: Logging verified for element 38.
2025-07-09 05:44:58,525 [DEBUG]: Logging verified for element 39.
2025-07-09 05:44:58,525 [DEBUG]: Logging verified for element 40.
2025-07-09 05:44:58,527 [DEBUG]: Logging verified for element 41.
2025-07-09 05:44:58,528 [DEBUG]: Logging verified for element 42.
2025-07-09 05:44:58,529 [DEBUG]: Logging verified for element 43.
2025-07-09 05:44:58,532 [DEBUG]: Logging verified for element 44.
2025-07-09 05:44:58,538 [DEBUG]: Logging verified for element 45.
2025-07-09 05:44:58,544 [DEBUG]: Logging verified for element 46.
2025-07-09 05:44:58,545 [DEBUG]: Logging verified for element 47.
2025-07-09 05:44:58,546 [DEBUG]: Logging verified for element 48.
2025-07-09 05:44:58,547 [DEBUG]: Logging verified for element 49.
2025-07-09 05:44:58,548 [DEBUG]: Logging verified for element 50.
2025-07-09 05:44:58,548 [DEBUG]: Logging verified for element 51.
2025-07-09 05:44:58,549 [DEBUG]: Logging verified for element 52.
2025-07-09 05:44:58,550 [DEBUG]: Logging verified for element 53.
2025-07-09 05:44:58,551 [DEBUG]: Logging verified for element 54.
2025-07-09 05:44:58,553 [DEBUG]: Logging verified for element 55.
2025-07-09 05:44:58,553 [DEBUG]: Logging verified for element 56.
2025-07-09 05:44:58,554 [DEBUG]: Logging verified for element 57.
2025-07-09 05:44:58,555 [DEBUG]: Logging verified for element 58.
2025-07-09 05:44:58,558 [DEBUG]: Logging verified for element 59.
2025-07-09 05:44:58,559 [DEBUG]: Logging verified for element 60.
2025-07-09 05:44:58,560 [DEBUG]: Logging verified for element 61.
2025-07-09 05:44:58,561 [DEBUG]: Logging verified for element 62.
2025-07-09 05:44:58,563 [DEBUG]: Logging verified for element 63.
2025-07-09 05:44:58,564 [DEBUG]: Logging verified for element 64.
2025-07-09 05:44:58,565 [DEBUG]: Logging verified for element 65.
2025-07-09 05:44:58,566 [DEBUG]: Logging verified for element 66.
2025-07-09 05:44:58,568 [DEBUG]: Logging verified for element 67.
2025-07-09 05:44:58,569 [DEBUG]: Logging verified for element 68.
2025-07-09 05:44:58,570 [DEBUG]: Logging verified for element 69.
2025-07-09 05:44:58,571 [DEBUG]: Logging verified for element 70.
2025-07-09 05:44:58,572 [DEBUG]: Logging verified for element 71.
2025-07-09 05:44:58,575 [DEBUG]: Logging verified for element 72.
2025-07-09 05:44:58,575 [DEBUG]: Logging verified for element 73.
2025-07-09 05:44:58,576 [DEBUG]: Logging verified for element 74.
2025-07-09 05:44:58,577 [DEBUG]: Logging verified for element 75.
2025-07-09 05:44:58,578 [DEBUG]: Logging verified for element 76.
2025-07-09 05:44:58,579 [DEBUG]: Logging verified for element 77.
2025-07-09 05:44:58,580 [DEBUG]: Logging verified for element 78.
2025-07-09 05:44:58,580 [DEBUG]: Logging verified for element 79.
2025-07-09 05:44:58,582 [DEBUG]: Logging verified for element 80.
2025-07-09 05:44:58,583 [DEBUG]: Logging verified for element 81.
2025-07-09 05:44:58,583 [DEBUG]: Logging verified for element 82.
2025-07-09 05:44:58,584 [DEBUG]: Logging verified for element 83.
2025-07-09 05:44:58,585 [DEBUG]: Logging verified for element 84.
2025-07-09 05:44:58,585 [DEBUG]: Logging verified for element 85.
2025-07-09 05:44:58,586 [DEBUG]: Logging verified for element 86.
2025-07-09 05:44:58,588 [DEBUG]: Logging verified for element 87.
2025-07-09 05:44:58,589 [DEBUG]: Logging verified for element 88.
2025-07-09 05:44:58,590 [DEBUG]: Logging verified for element 89.
2025-07-09 05:44:58,591 [DEBUG]: Logging verified for element 90.
2025-07-09 05:44:58,592 [DEBUG]: Logging verified for element 91.
2025-07-09 05:44:58,598 [DEBUG]: Logging verified for element 92.
2025-07-09 05:44:58,600 [DEBUG]: Logging verified for element 93.
2025-07-09 05:44:58,600 [DEBUG]: Logging verified for element 94.
2025-07-09 05:44:58,601 [DEBUG]: Logging verified for element 95.
2025-07-09 05:44:58,602 [DEBUG]: Logging verified for element 96.
2025-07-09 05:44:58,603 [DEBUG]: Logging verified for element 97.
2025-07-09 05:44:58,603 [DEBUG]: Logging verified for element 98.
2025-07-09 05:44:58,604 [DEBUG]: Logging verified for element 99.
2025-07-09 05:44:58,604 [INFO]: ✅ Batch element creation complete.
