Machine Specifications:
   - OS: Windows 10 (10.0.19045)
       • Logical cores: 4
       • Physical cores: 4
   - RAM: 15.96 GB
   - Disk: 465.18 GB total, 129.10 GB free
   - Python Version: 3.11.0 (C:\Users\samea\AppData\Local\Programs\Python\Python311\python.exe)
   - GPU(s): NVIDIA GeForce GTX 780 Ti

Job: job_0001
Timestamp (job start): 2025-07-09_05-45-15-177058
Total Time: 17.36 sec

+-------------------------------+------------+---------------+-------------+-----------+
| Step                          |   Time (s) |   Memory (MB) |   Disk (GB) |   CPU (%) |
+===============================+============+===============+=============+===========+
| Parsing                       |   0.004987 |       63.3203 |     334.528 |         0 |
+-------------------------------+------------+---------------+-------------+-----------+
| Element Instantiation         |   1.12193  |       98.6953 |     334.528 |         0 |
+-------------------------------+------------+---------------+-------------+-----------+
| Element Stiffness Computation |   1.73646  |       99.1445 |     334.533 |         0 |
+-------------------------------+------------+---------------+-------------+-----------+
| Element Force Computation     |   0.1121   |       99.2031 |     334.534 |         0 |
+-------------------------------+------------+---------------+-------------+-----------+
| Full Simulation               |  13.7637   |      126.578  |     336.081 |         0 |
+-------------------------------+------------+---------------+-------------+-----------+

Parallel Jobs: None
Start Memory: 63.05 MB | End Memory: 126.58 MB
Start Disk Usage: 334.53 GB | End Disk Usage: 336.08 GB
Start CPU: 0.00% | End CPU: 0.00%
