2025-05-06 15:47:55,732 - pre_processing.element_library.element_1D_base - DEBUG - Element Force Vector Computation (Element ID: 0)
2025-05-06 15:47:55,742 - pre_processing.element_library.element_1D_base - DEBUG - Element Length: 2.000000e-01 m
2025-05-06 15:47:55,753 - pre_processing.element_library.element_1D_base - DEBUG - 
===== Final Element Force Vector =====
2025-05-06 15:47:55,762 - pre_processing.element_library.element_1D_base - DEBUG - [[0. 0. 0. 0. 0. 0. 0. 0. 0. 0. 0. 0.]]
2025-05-06 15:47:55,775 - pre_processing.element_library.element_1D_base - DEBUG - Element Force Vector Computation (Element ID: 1)
2025-05-06 15:47:55,775 - pre_processing.element_library.element_1D_base - DEBUG - Element Force Vector Computation (Element ID: 1)
2025-05-06 15:47:55,789 - pre_processing.element_library.element_1D_base - DEBUG - Element Length: 2.000000e-01 m
2025-05-06 15:47:55,789 - pre_processing.element_library.element_1D_base - DEBUG - Element Length: 2.000000e-01 m
2025-05-06 15:47:55,797 - pre_processing.element_library.element_1D_base - DEBUG - 
===== Final Element Force Vector =====
2025-05-06 15:47:55,797 - pre_processing.element_library.element_1D_base - DEBUG - 
===== Final Element Force Vector =====
2025-05-06 15:47:55,805 - pre_processing.element_library.element_1D_base - DEBUG - [[0. 0. 0. 0. 0. 0. 0. 0. 0. 0. 0. 0.]]
2025-05-06 15:47:55,805 - pre_processing.element_library.element_1D_base - DEBUG - [[0. 0. 0. 0. 0. 0. 0. 0. 0. 0. 0. 0.]]
2025-05-06 15:47:55,821 - pre_processing.element_library.element_1D_base - DEBUG - Element Force Vector Computation (Element ID: 2)
2025-05-06 15:47:55,821 - pre_processing.element_library.element_1D_base - DEBUG - Element Force Vector Computation (Element ID: 2)
2025-05-06 15:47:55,821 - pre_processing.element_library.element_1D_base - DEBUG - Element Force Vector Computation (Element ID: 2)
2025-05-06 15:47:55,829 - pre_processing.element_library.element_1D_base - DEBUG - Element Length: 2.000000e-01 m
2025-05-06 15:47:55,829 - pre_processing.element_library.element_1D_base - DEBUG - Element Length: 2.000000e-01 m
2025-05-06 15:47:55,829 - pre_processing.element_library.element_1D_base - DEBUG - Element Length: 2.000000e-01 m
2025-05-06 15:47:55,838 - pre_processing.element_library.element_1D_base - DEBUG - 
===== Final Element Force Vector =====
2025-05-06 15:47:55,838 - pre_processing.element_library.element_1D_base - DEBUG - 
===== Final Element Force Vector =====
2025-05-06 15:47:55,838 - pre_processing.element_library.element_1D_base - DEBUG - 
===== Final Element Force Vector =====
2025-05-06 15:47:55,848 - pre_processing.element_library.element_1D_base - DEBUG - [[0. 0. 0. 0. 0. 0. 0. 0. 0. 0. 0. 0.]]
2025-05-06 15:47:55,848 - pre_processing.element_library.element_1D_base - DEBUG - [[0. 0. 0. 0. 0. 0. 0. 0. 0. 0. 0. 0.]]
2025-05-06 15:47:55,848 - pre_processing.element_library.element_1D_base - DEBUG - [[0. 0. 0. 0. 0. 0. 0. 0. 0. 0. 0. 0.]]
2025-05-06 15:47:55,865 - pre_processing.element_library.element_1D_base - DEBUG - Element Force Vector Computation (Element ID: 3)
2025-05-06 15:47:55,865 - pre_processing.element_library.element_1D_base - DEBUG - Element Force Vector Computation (Element ID: 3)
2025-05-06 15:47:55,865 - pre_processing.element_library.element_1D_base - DEBUG - Element Force Vector Computation (Element ID: 3)
2025-05-06 15:47:55,865 - pre_processing.element_library.element_1D_base - DEBUG - Element Force Vector Computation (Element ID: 3)
2025-05-06 15:47:55,876 - pre_processing.element_library.element_1D_base - DEBUG - Element Length: 2.000000e-01 m
2025-05-06 15:47:55,876 - pre_processing.element_library.element_1D_base - DEBUG - Element Length: 2.000000e-01 m
2025-05-06 15:47:55,876 - pre_processing.element_library.element_1D_base - DEBUG - Element Length: 2.000000e-01 m
2025-05-06 15:47:55,876 - pre_processing.element_library.element_1D_base - DEBUG - Element Length: 2.000000e-01 m
2025-05-06 15:47:55,886 - pre_processing.element_library.element_1D_base - DEBUG - 
===== Final Element Force Vector =====
2025-05-06 15:47:55,886 - pre_processing.element_library.element_1D_base - DEBUG - 
===== Final Element Force Vector =====
2025-05-06 15:47:55,886 - pre_processing.element_library.element_1D_base - DEBUG - 
===== Final Element Force Vector =====
2025-05-06 15:47:55,886 - pre_processing.element_library.element_1D_base - DEBUG - 
===== Final Element Force Vector =====
2025-05-06 15:47:55,896 - pre_processing.element_library.element_1D_base - DEBUG - [[0. 0. 0. 0. 0. 0. 0. 0. 0. 0. 0. 0.]]
2025-05-06 15:47:55,896 - pre_processing.element_library.element_1D_base - DEBUG - [[0. 0. 0. 0. 0. 0. 0. 0. 0. 0. 0. 0.]]
2025-05-06 15:47:55,896 - pre_processing.element_library.element_1D_base - DEBUG - [[0. 0. 0. 0. 0. 0. 0. 0. 0. 0. 0. 0.]]
2025-05-06 15:47:55,896 - pre_processing.element_library.element_1D_base - DEBUG - [[0. 0. 0. 0. 0. 0. 0. 0. 0. 0. 0. 0.]]
2025-05-06 15:47:55,905 - pre_processing.element_library.element_1D_base - DEBUG - Element Force Vector Computation (Element ID: 4)
2025-05-06 15:47:55,905 - pre_processing.element_library.element_1D_base - DEBUG - Element Force Vector Computation (Element ID: 4)
2025-05-06 15:47:55,905 - pre_processing.element_library.element_1D_base - DEBUG - Element Force Vector Computation (Element ID: 4)
2025-05-06 15:47:55,905 - pre_processing.element_library.element_1D_base - DEBUG - Element Force Vector Computation (Element ID: 4)
2025-05-06 15:47:55,905 - pre_processing.element_library.element_1D_base - DEBUG - Element Force Vector Computation (Element ID: 4)
2025-05-06 15:47:55,914 - pre_processing.element_library.element_1D_base - DEBUG - Element Length: 2.000000e-01 m
2025-05-06 15:47:55,914 - pre_processing.element_library.element_1D_base - DEBUG - Element Length: 2.000000e-01 m
2025-05-06 15:47:55,914 - pre_processing.element_library.element_1D_base - DEBUG - Element Length: 2.000000e-01 m
2025-05-06 15:47:55,914 - pre_processing.element_library.element_1D_base - DEBUG - Element Length: 2.000000e-01 m
2025-05-06 15:47:55,914 - pre_processing.element_library.element_1D_base - DEBUG - Element Length: 2.000000e-01 m
2025-05-06 15:47:55,922 - pre_processing.element_library.element_1D_base - DEBUG - 
===== Final Element Force Vector =====
2025-05-06 15:47:55,922 - pre_processing.element_library.element_1D_base - DEBUG - 
===== Final Element Force Vector =====
2025-05-06 15:47:55,922 - pre_processing.element_library.element_1D_base - DEBUG - 
===== Final Element Force Vector =====
2025-05-06 15:47:55,922 - pre_processing.element_library.element_1D_base - DEBUG - 
===== Final Element Force Vector =====
2025-05-06 15:47:55,922 - pre_processing.element_library.element_1D_base - DEBUG - 
===== Final Element Force Vector =====
2025-05-06 15:47:55,935 - pre_processing.element_library.element_1D_base - DEBUG - [[0. 0. 0. 0. 0. 0. 0. 0. 0. 0. 0. 0.]]
2025-05-06 15:47:55,935 - pre_processing.element_library.element_1D_base - DEBUG - [[0. 0. 0. 0. 0. 0. 0. 0. 0. 0. 0. 0.]]
2025-05-06 15:47:55,935 - pre_processing.element_library.element_1D_base - DEBUG - [[0. 0. 0. 0. 0. 0. 0. 0. 0. 0. 0. 0.]]
2025-05-06 15:47:55,935 - pre_processing.element_library.element_1D_base - DEBUG - [[0. 0. 0. 0. 0. 0. 0. 0. 0. 0. 0. 0.]]
2025-05-06 15:47:55,935 - pre_processing.element_library.element_1D_base - DEBUG - [[0. 0. 0. 0. 0. 0. 0. 0. 0. 0. 0. 0.]]
2025-05-06 15:47:55,951 - pre_processing.element_library.element_1D_base - DEBUG - Element Force Vector Computation (Element ID: 5)
2025-05-06 15:47:55,951 - pre_processing.element_library.element_1D_base - DEBUG - Element Force Vector Computation (Element ID: 5)
2025-05-06 15:47:55,951 - pre_processing.element_library.element_1D_base - DEBUG - Element Force Vector Computation (Element ID: 5)
2025-05-06 15:47:55,951 - pre_processing.element_library.element_1D_base - DEBUG - Element Force Vector Computation (Element ID: 5)
2025-05-06 15:47:55,951 - pre_processing.element_library.element_1D_base - DEBUG - Element Force Vector Computation (Element ID: 5)
2025-05-06 15:47:55,951 - pre_processing.element_library.element_1D_base - DEBUG - Element Force Vector Computation (Element ID: 5)
2025-05-06 15:47:55,959 - pre_processing.element_library.element_1D_base - DEBUG - Element Length: 2.000000e-01 m
2025-05-06 15:47:55,959 - pre_processing.element_library.element_1D_base - DEBUG - Element Length: 2.000000e-01 m
2025-05-06 15:47:55,959 - pre_processing.element_library.element_1D_base - DEBUG - Element Length: 2.000000e-01 m
2025-05-06 15:47:55,959 - pre_processing.element_library.element_1D_base - DEBUG - Element Length: 2.000000e-01 m
2025-05-06 15:47:55,959 - pre_processing.element_library.element_1D_base - DEBUG - Element Length: 2.000000e-01 m
2025-05-06 15:47:55,959 - pre_processing.element_library.element_1D_base - DEBUG - Element Length: 2.000000e-01 m
2025-05-06 15:47:55,971 - pre_processing.element_library.element_1D_base - DEBUG - 
===== Final Element Force Vector =====
2025-05-06 15:47:55,971 - pre_processing.element_library.element_1D_base - DEBUG - 
===== Final Element Force Vector =====
2025-05-06 15:47:55,971 - pre_processing.element_library.element_1D_base - DEBUG - 
===== Final Element Force Vector =====
2025-05-06 15:47:55,971 - pre_processing.element_library.element_1D_base - DEBUG - 
===== Final Element Force Vector =====
2025-05-06 15:47:55,971 - pre_processing.element_library.element_1D_base - DEBUG - 
===== Final Element Force Vector =====
2025-05-06 15:47:55,971 - pre_processing.element_library.element_1D_base - DEBUG - 
===== Final Element Force Vector =====
2025-05-06 15:47:55,980 - pre_processing.element_library.element_1D_base - DEBUG - [[0. 0. 0. 0. 0. 0. 0. 0. 0. 0. 0. 0.]]
2025-05-06 15:47:55,980 - pre_processing.element_library.element_1D_base - DEBUG - [[0. 0. 0. 0. 0. 0. 0. 0. 0. 0. 0. 0.]]
2025-05-06 15:47:55,980 - pre_processing.element_library.element_1D_base - DEBUG - [[0. 0. 0. 0. 0. 0. 0. 0. 0. 0. 0. 0.]]
2025-05-06 15:47:55,980 - pre_processing.element_library.element_1D_base - DEBUG - [[0. 0. 0. 0. 0. 0. 0. 0. 0. 0. 0. 0.]]
2025-05-06 15:47:55,980 - pre_processing.element_library.element_1D_base - DEBUG - [[0. 0. 0. 0. 0. 0. 0. 0. 0. 0. 0. 0.]]
2025-05-06 15:47:55,980 - pre_processing.element_library.element_1D_base - DEBUG - [[0. 0. 0. 0. 0. 0. 0. 0. 0. 0. 0. 0.]]
2025-05-06 15:47:55,993 - pre_processing.element_library.element_1D_base - DEBUG - Element Force Vector Computation (Element ID: 6)
2025-05-06 15:47:55,993 - pre_processing.element_library.element_1D_base - DEBUG - Element Force Vector Computation (Element ID: 6)
2025-05-06 15:47:55,993 - pre_processing.element_library.element_1D_base - DEBUG - Element Force Vector Computation (Element ID: 6)
2025-05-06 15:47:55,993 - pre_processing.element_library.element_1D_base - DEBUG - Element Force Vector Computation (Element ID: 6)
2025-05-06 15:47:55,993 - pre_processing.element_library.element_1D_base - DEBUG - Element Force Vector Computation (Element ID: 6)
2025-05-06 15:47:55,993 - pre_processing.element_library.element_1D_base - DEBUG - Element Force Vector Computation (Element ID: 6)
2025-05-06 15:47:55,993 - pre_processing.element_library.element_1D_base - DEBUG - Element Force Vector Computation (Element ID: 6)
2025-05-06 15:47:56,002 - pre_processing.element_library.element_1D_base - DEBUG - Element Length: 2.000000e-01 m
2025-05-06 15:47:56,002 - pre_processing.element_library.element_1D_base - DEBUG - Element Length: 2.000000e-01 m
2025-05-06 15:47:56,002 - pre_processing.element_library.element_1D_base - DEBUG - Element Length: 2.000000e-01 m
2025-05-06 15:47:56,002 - pre_processing.element_library.element_1D_base - DEBUG - Element Length: 2.000000e-01 m
2025-05-06 15:47:56,002 - pre_processing.element_library.element_1D_base - DEBUG - Element Length: 2.000000e-01 m
2025-05-06 15:47:56,002 - pre_processing.element_library.element_1D_base - DEBUG - Element Length: 2.000000e-01 m
2025-05-06 15:47:56,002 - pre_processing.element_library.element_1D_base - DEBUG - Element Length: 2.000000e-01 m
2025-05-06 15:47:56,015 - pre_processing.element_library.element_1D_base - DEBUG - 
===== Final Element Force Vector =====
2025-05-06 15:47:56,015 - pre_processing.element_library.element_1D_base - DEBUG - 
===== Final Element Force Vector =====
2025-05-06 15:47:56,015 - pre_processing.element_library.element_1D_base - DEBUG - 
===== Final Element Force Vector =====
2025-05-06 15:47:56,015 - pre_processing.element_library.element_1D_base - DEBUG - 
===== Final Element Force Vector =====
2025-05-06 15:47:56,015 - pre_processing.element_library.element_1D_base - DEBUG - 
===== Final Element Force Vector =====
2025-05-06 15:47:56,015 - pre_processing.element_library.element_1D_base - DEBUG - 
===== Final Element Force Vector =====
2025-05-06 15:47:56,015 - pre_processing.element_library.element_1D_base - DEBUG - 
===== Final Element Force Vector =====
2025-05-06 15:47:56,025 - pre_processing.element_library.element_1D_base - DEBUG - [[0. 0. 0. 0. 0. 0. 0. 0. 0. 0. 0. 0.]]
2025-05-06 15:47:56,025 - pre_processing.element_library.element_1D_base - DEBUG - [[0. 0. 0. 0. 0. 0. 0. 0. 0. 0. 0. 0.]]
2025-05-06 15:47:56,025 - pre_processing.element_library.element_1D_base - DEBUG - [[0. 0. 0. 0. 0. 0. 0. 0. 0. 0. 0. 0.]]
2025-05-06 15:47:56,025 - pre_processing.element_library.element_1D_base - DEBUG - [[0. 0. 0. 0. 0. 0. 0. 0. 0. 0. 0. 0.]]
2025-05-06 15:47:56,025 - pre_processing.element_library.element_1D_base - DEBUG - [[0. 0. 0. 0. 0. 0. 0. 0. 0. 0. 0. 0.]]
2025-05-06 15:47:56,025 - pre_processing.element_library.element_1D_base - DEBUG - [[0. 0. 0. 0. 0. 0. 0. 0. 0. 0. 0. 0.]]
2025-05-06 15:47:56,025 - pre_processing.element_library.element_1D_base - DEBUG - [[0. 0. 0. 0. 0. 0. 0. 0. 0. 0. 0. 0.]]
2025-05-06 15:47:56,038 - pre_processing.element_library.element_1D_base - DEBUG - Element Force Vector Computation (Element ID: 7)
2025-05-06 15:47:56,038 - pre_processing.element_library.element_1D_base - DEBUG - Element Force Vector Computation (Element ID: 7)
2025-05-06 15:47:56,038 - pre_processing.element_library.element_1D_base - DEBUG - Element Force Vector Computation (Element ID: 7)
2025-05-06 15:47:56,038 - pre_processing.element_library.element_1D_base - DEBUG - Element Force Vector Computation (Element ID: 7)
2025-05-06 15:47:56,038 - pre_processing.element_library.element_1D_base - DEBUG - Element Force Vector Computation (Element ID: 7)
2025-05-06 15:47:56,038 - pre_processing.element_library.element_1D_base - DEBUG - Element Force Vector Computation (Element ID: 7)
2025-05-06 15:47:56,038 - pre_processing.element_library.element_1D_base - DEBUG - Element Force Vector Computation (Element ID: 7)
2025-05-06 15:47:56,038 - pre_processing.element_library.element_1D_base - DEBUG - Element Force Vector Computation (Element ID: 7)
2025-05-06 15:47:56,059 - pre_processing.element_library.element_1D_base - DEBUG - Element Length: 2.000000e-01 m
2025-05-06 15:47:56,059 - pre_processing.element_library.element_1D_base - DEBUG - Element Length: 2.000000e-01 m
2025-05-06 15:47:56,059 - pre_processing.element_library.element_1D_base - DEBUG - Element Length: 2.000000e-01 m
2025-05-06 15:47:56,059 - pre_processing.element_library.element_1D_base - DEBUG - Element Length: 2.000000e-01 m
2025-05-06 15:47:56,059 - pre_processing.element_library.element_1D_base - DEBUG - Element Length: 2.000000e-01 m
2025-05-06 15:47:56,059 - pre_processing.element_library.element_1D_base - DEBUG - Element Length: 2.000000e-01 m
2025-05-06 15:47:56,059 - pre_processing.element_library.element_1D_base - DEBUG - Element Length: 2.000000e-01 m
2025-05-06 15:47:56,059 - pre_processing.element_library.element_1D_base - DEBUG - Element Length: 2.000000e-01 m
2025-05-06 15:47:56,070 - pre_processing.element_library.element_1D_base - DEBUG - 
===== Final Element Force Vector =====
2025-05-06 15:47:56,070 - pre_processing.element_library.element_1D_base - DEBUG - 
===== Final Element Force Vector =====
2025-05-06 15:47:56,070 - pre_processing.element_library.element_1D_base - DEBUG - 
===== Final Element Force Vector =====
2025-05-06 15:47:56,070 - pre_processing.element_library.element_1D_base - DEBUG - 
===== Final Element Force Vector =====
2025-05-06 15:47:56,070 - pre_processing.element_library.element_1D_base - DEBUG - 
===== Final Element Force Vector =====
2025-05-06 15:47:56,070 - pre_processing.element_library.element_1D_base - DEBUG - 
===== Final Element Force Vector =====
2025-05-06 15:47:56,070 - pre_processing.element_library.element_1D_base - DEBUG - 
===== Final Element Force Vector =====
2025-05-06 15:47:56,070 - pre_processing.element_library.element_1D_base - DEBUG - 
===== Final Element Force Vector =====
2025-05-06 15:47:56,079 - pre_processing.element_library.element_1D_base - DEBUG - [[0. 0. 0. 0. 0. 0. 0. 0. 0. 0. 0. 0.]]
2025-05-06 15:47:56,079 - pre_processing.element_library.element_1D_base - DEBUG - [[0. 0. 0. 0. 0. 0. 0. 0. 0. 0. 0. 0.]]
2025-05-06 15:47:56,079 - pre_processing.element_library.element_1D_base - DEBUG - [[0. 0. 0. 0. 0. 0. 0. 0. 0. 0. 0. 0.]]
2025-05-06 15:47:56,079 - pre_processing.element_library.element_1D_base - DEBUG - [[0. 0. 0. 0. 0. 0. 0. 0. 0. 0. 0. 0.]]
2025-05-06 15:47:56,079 - pre_processing.element_library.element_1D_base - DEBUG - [[0. 0. 0. 0. 0. 0. 0. 0. 0. 0. 0. 0.]]
2025-05-06 15:47:56,079 - pre_processing.element_library.element_1D_base - DEBUG - [[0. 0. 0. 0. 0. 0. 0. 0. 0. 0. 0. 0.]]
2025-05-06 15:47:56,079 - pre_processing.element_library.element_1D_base - DEBUG - [[0. 0. 0. 0. 0. 0. 0. 0. 0. 0. 0. 0.]]
2025-05-06 15:47:56,079 - pre_processing.element_library.element_1D_base - DEBUG - [[0. 0. 0. 0. 0. 0. 0. 0. 0. 0. 0. 0.]]
2025-05-06 15:47:56,092 - pre_processing.element_library.element_1D_base - DEBUG - Element Force Vector Computation (Element ID: 8)
2025-05-06 15:47:56,092 - pre_processing.element_library.element_1D_base - DEBUG - Element Force Vector Computation (Element ID: 8)
2025-05-06 15:47:56,092 - pre_processing.element_library.element_1D_base - DEBUG - Element Force Vector Computation (Element ID: 8)
2025-05-06 15:47:56,092 - pre_processing.element_library.element_1D_base - DEBUG - Element Force Vector Computation (Element ID: 8)
2025-05-06 15:47:56,092 - pre_processing.element_library.element_1D_base - DEBUG - Element Force Vector Computation (Element ID: 8)
2025-05-06 15:47:56,092 - pre_processing.element_library.element_1D_base - DEBUG - Element Force Vector Computation (Element ID: 8)
2025-05-06 15:47:56,092 - pre_processing.element_library.element_1D_base - DEBUG - Element Force Vector Computation (Element ID: 8)
2025-05-06 15:47:56,092 - pre_processing.element_library.element_1D_base - DEBUG - Element Force Vector Computation (Element ID: 8)
2025-05-06 15:47:56,092 - pre_processing.element_library.element_1D_base - DEBUG - Element Force Vector Computation (Element ID: 8)
2025-05-06 15:47:56,102 - pre_processing.element_library.element_1D_base - DEBUG - Element Length: 2.000000e-01 m
2025-05-06 15:47:56,102 - pre_processing.element_library.element_1D_base - DEBUG - Element Length: 2.000000e-01 m
2025-05-06 15:47:56,102 - pre_processing.element_library.element_1D_base - DEBUG - Element Length: 2.000000e-01 m
2025-05-06 15:47:56,102 - pre_processing.element_library.element_1D_base - DEBUG - Element Length: 2.000000e-01 m
2025-05-06 15:47:56,102 - pre_processing.element_library.element_1D_base - DEBUG - Element Length: 2.000000e-01 m
2025-05-06 15:47:56,102 - pre_processing.element_library.element_1D_base - DEBUG - Element Length: 2.000000e-01 m
2025-05-06 15:47:56,102 - pre_processing.element_library.element_1D_base - DEBUG - Element Length: 2.000000e-01 m
2025-05-06 15:47:56,102 - pre_processing.element_library.element_1D_base - DEBUG - Element Length: 2.000000e-01 m
2025-05-06 15:47:56,102 - pre_processing.element_library.element_1D_base - DEBUG - Element Length: 2.000000e-01 m
2025-05-06 15:47:56,112 - pre_processing.element_library.element_1D_base - DEBUG - 
===== Final Element Force Vector =====
2025-05-06 15:47:56,112 - pre_processing.element_library.element_1D_base - DEBUG - 
===== Final Element Force Vector =====
2025-05-06 15:47:56,112 - pre_processing.element_library.element_1D_base - DEBUG - 
===== Final Element Force Vector =====
2025-05-06 15:47:56,112 - pre_processing.element_library.element_1D_base - DEBUG - 
===== Final Element Force Vector =====
2025-05-06 15:47:56,112 - pre_processing.element_library.element_1D_base - DEBUG - 
===== Final Element Force Vector =====
2025-05-06 15:47:56,112 - pre_processing.element_library.element_1D_base - DEBUG - 
===== Final Element Force Vector =====
2025-05-06 15:47:56,112 - pre_processing.element_library.element_1D_base - DEBUG - 
===== Final Element Force Vector =====
2025-05-06 15:47:56,112 - pre_processing.element_library.element_1D_base - DEBUG - 
===== Final Element Force Vector =====
2025-05-06 15:47:56,112 - pre_processing.element_library.element_1D_base - DEBUG - 
===== Final Element Force Vector =====
2025-05-06 15:47:56,129 - pre_processing.element_library.element_1D_base - DEBUG - [[0. 0. 0. 0. 0. 0. 0. 0. 0. 0. 0. 0.]]
2025-05-06 15:47:56,129 - pre_processing.element_library.element_1D_base - DEBUG - [[0. 0. 0. 0. 0. 0. 0. 0. 0. 0. 0. 0.]]
2025-05-06 15:47:56,129 - pre_processing.element_library.element_1D_base - DEBUG - [[0. 0. 0. 0. 0. 0. 0. 0. 0. 0. 0. 0.]]
2025-05-06 15:47:56,129 - pre_processing.element_library.element_1D_base - DEBUG - [[0. 0. 0. 0. 0. 0. 0. 0. 0. 0. 0. 0.]]
2025-05-06 15:47:56,129 - pre_processing.element_library.element_1D_base - DEBUG - [[0. 0. 0. 0. 0. 0. 0. 0. 0. 0. 0. 0.]]
2025-05-06 15:47:56,129 - pre_processing.element_library.element_1D_base - DEBUG - [[0. 0. 0. 0. 0. 0. 0. 0. 0. 0. 0. 0.]]
2025-05-06 15:47:56,129 - pre_processing.element_library.element_1D_base - DEBUG - [[0. 0. 0. 0. 0. 0. 0. 0. 0. 0. 0. 0.]]
2025-05-06 15:47:56,129 - pre_processing.element_library.element_1D_base - DEBUG - [[0. 0. 0. 0. 0. 0. 0. 0. 0. 0. 0. 0.]]
2025-05-06 15:47:56,129 - pre_processing.element_library.element_1D_base - DEBUG - [[0. 0. 0. 0. 0. 0. 0. 0. 0. 0. 0. 0.]]
2025-05-06 15:47:56,144 - pre_processing.element_library.element_1D_base - DEBUG - Element Force Vector Computation (Element ID: 9)
2025-05-06 15:47:56,144 - pre_processing.element_library.element_1D_base - DEBUG - Element Force Vector Computation (Element ID: 9)
2025-05-06 15:47:56,144 - pre_processing.element_library.element_1D_base - DEBUG - Element Force Vector Computation (Element ID: 9)
2025-05-06 15:47:56,144 - pre_processing.element_library.element_1D_base - DEBUG - Element Force Vector Computation (Element ID: 9)
2025-05-06 15:47:56,144 - pre_processing.element_library.element_1D_base - DEBUG - Element Force Vector Computation (Element ID: 9)
2025-05-06 15:47:56,144 - pre_processing.element_library.element_1D_base - DEBUG - Element Force Vector Computation (Element ID: 9)
2025-05-06 15:47:56,144 - pre_processing.element_library.element_1D_base - DEBUG - Element Force Vector Computation (Element ID: 9)
2025-05-06 15:47:56,144 - pre_processing.element_library.element_1D_base - DEBUG - Element Force Vector Computation (Element ID: 9)
2025-05-06 15:47:56,144 - pre_processing.element_library.element_1D_base - DEBUG - Element Force Vector Computation (Element ID: 9)
2025-05-06 15:47:56,144 - pre_processing.element_library.element_1D_base - DEBUG - Element Force Vector Computation (Element ID: 9)
2025-05-06 15:47:56,156 - pre_processing.element_library.element_1D_base - DEBUG - Element Length: 2.000000e-01 m
2025-05-06 15:47:56,156 - pre_processing.element_library.element_1D_base - DEBUG - Element Length: 2.000000e-01 m
2025-05-06 15:47:56,156 - pre_processing.element_library.element_1D_base - DEBUG - Element Length: 2.000000e-01 m
2025-05-06 15:47:56,156 - pre_processing.element_library.element_1D_base - DEBUG - Element Length: 2.000000e-01 m
2025-05-06 15:47:56,156 - pre_processing.element_library.element_1D_base - DEBUG - Element Length: 2.000000e-01 m
2025-05-06 15:47:56,156 - pre_processing.element_library.element_1D_base - DEBUG - Element Length: 2.000000e-01 m
2025-05-06 15:47:56,156 - pre_processing.element_library.element_1D_base - DEBUG - Element Length: 2.000000e-01 m
2025-05-06 15:47:56,156 - pre_processing.element_library.element_1D_base - DEBUG - Element Length: 2.000000e-01 m
2025-05-06 15:47:56,156 - pre_processing.element_library.element_1D_base - DEBUG - Element Length: 2.000000e-01 m
2025-05-06 15:47:56,156 - pre_processing.element_library.element_1D_base - DEBUG - Element Length: 2.000000e-01 m
2025-05-06 15:47:56,167 - pre_processing.element_library.element_1D_base - DEBUG - 
Point Load at x_p = 2.000000e+00 (xi_p = 1.000000e+00)
2025-05-06 15:47:56,167 - pre_processing.element_library.element_1D_base - DEBUG - 
Point Load at x_p = 2.000000e+00 (xi_p = 1.000000e+00)
2025-05-06 15:47:56,167 - pre_processing.element_library.element_1D_base - DEBUG - 
Point Load at x_p = 2.000000e+00 (xi_p = 1.000000e+00)
2025-05-06 15:47:56,167 - pre_processing.element_library.element_1D_base - DEBUG - 
Point Load at x_p = 2.000000e+00 (xi_p = 1.000000e+00)
2025-05-06 15:47:56,167 - pre_processing.element_library.element_1D_base - DEBUG - 
Point Load at x_p = 2.000000e+00 (xi_p = 1.000000e+00)
2025-05-06 15:47:56,167 - pre_processing.element_library.element_1D_base - DEBUG - 
Point Load at x_p = 2.000000e+00 (xi_p = 1.000000e+00)
2025-05-06 15:47:56,167 - pre_processing.element_library.element_1D_base - DEBUG - 
Point Load at x_p = 2.000000e+00 (xi_p = 1.000000e+00)
2025-05-06 15:47:56,167 - pre_processing.element_library.element_1D_base - DEBUG - 
Point Load at x_p = 2.000000e+00 (xi_p = 1.000000e+00)
2025-05-06 15:47:56,167 - pre_processing.element_library.element_1D_base - DEBUG - 
Point Load at x_p = 2.000000e+00 (xi_p = 1.000000e+00)
2025-05-06 15:47:56,167 - pre_processing.element_library.element_1D_base - DEBUG - 
Point Load at x_p = 2.000000e+00 (xi_p = 1.000000e+00)
2025-05-06 15:47:56,178 - pre_processing.element_library.element_1D_base - DEBUG - Load Vector: [      0. -100000.       0.       0.       0.       0.]
2025-05-06 15:47:56,178 - pre_processing.element_library.element_1D_base - DEBUG - Load Vector: [      0. -100000.       0.       0.       0.       0.]
2025-05-06 15:47:56,178 - pre_processing.element_library.element_1D_base - DEBUG - Load Vector: [      0. -100000.       0.       0.       0.       0.]
2025-05-06 15:47:56,178 - pre_processing.element_library.element_1D_base - DEBUG - Load Vector: [      0. -100000.       0.       0.       0.       0.]
2025-05-06 15:47:56,178 - pre_processing.element_library.element_1D_base - DEBUG - Load Vector: [      0. -100000.       0.       0.       0.       0.]
2025-05-06 15:47:56,178 - pre_processing.element_library.element_1D_base - DEBUG - Load Vector: [      0. -100000.       0.       0.       0.       0.]
2025-05-06 15:47:56,178 - pre_processing.element_library.element_1D_base - DEBUG - Load Vector: [      0. -100000.       0.       0.       0.       0.]
2025-05-06 15:47:56,178 - pre_processing.element_library.element_1D_base - DEBUG - Load Vector: [      0. -100000.       0.       0.       0.       0.]
2025-05-06 15:47:56,178 - pre_processing.element_library.element_1D_base - DEBUG - Load Vector: [      0. -100000.       0.       0.       0.       0.]
2025-05-06 15:47:56,178 - pre_processing.element_library.element_1D_base - DEBUG - Load Vector: [      0. -100000.       0.       0.       0.       0.]
2025-05-06 15:47:56,191 - pre_processing.element_library.element_1D_base - DEBUG - Shape Functions:
2025-05-06 15:47:56,191 - pre_processing.element_library.element_1D_base - DEBUG - Shape Functions:
2025-05-06 15:47:56,191 - pre_processing.element_library.element_1D_base - DEBUG - Shape Functions:
2025-05-06 15:47:56,191 - pre_processing.element_library.element_1D_base - DEBUG - Shape Functions:
2025-05-06 15:47:56,191 - pre_processing.element_library.element_1D_base - DEBUG - Shape Functions:
2025-05-06 15:47:56,191 - pre_processing.element_library.element_1D_base - DEBUG - Shape Functions:
2025-05-06 15:47:56,191 - pre_processing.element_library.element_1D_base - DEBUG - Shape Functions:
2025-05-06 15:47:56,191 - pre_processing.element_library.element_1D_base - DEBUG - Shape Functions:
2025-05-06 15:47:56,191 - pre_processing.element_library.element_1D_base - DEBUG - Shape Functions:
2025-05-06 15:47:56,191 - pre_processing.element_library.element_1D_base - DEBUG - Shape Functions:
2025-05-06 15:47:56,215 - pre_processing.element_library.element_1D_base - DEBUG - [[ 0.  0.  0.  0.  0.  0.]
 [ 0.  0.  0.  0.  0.  0.]
 [ 0.  0.  0.  0.  0.  0.]
 [ 0.  0.  0.  0.  0.  0.]
 [ 0.  0.  0.  0. -0.  0.]
 [ 0.  0.  0.  0.  0.  0.]
 [ 1.  0.  0.  0.  0.  0.]
 [ 0.  1.  0.  0.  0.  0.]
 [ 0.  0.  1.  0.  0.  0.]
 [ 0.  0.  0.  1.  0.  0.]
 [ 0.  0.  0.  0. -0.  0.]
 [ 0.  0.  0.  0.  0.  0.]]
2025-05-06 15:47:56,215 - pre_processing.element_library.element_1D_base - DEBUG - [[ 0.  0.  0.  0.  0.  0.]
 [ 0.  0.  0.  0.  0.  0.]
 [ 0.  0.  0.  0.  0.  0.]
 [ 0.  0.  0.  0.  0.  0.]
 [ 0.  0.  0.  0. -0.  0.]
 [ 0.  0.  0.  0.  0.  0.]
 [ 1.  0.  0.  0.  0.  0.]
 [ 0.  1.  0.  0.  0.  0.]
 [ 0.  0.  1.  0.  0.  0.]
 [ 0.  0.  0.  1.  0.  0.]
 [ 0.  0.  0.  0. -0.  0.]
 [ 0.  0.  0.  0.  0.  0.]]
2025-05-06 15:47:56,215 - pre_processing.element_library.element_1D_base - DEBUG - [[ 0.  0.  0.  0.  0.  0.]
 [ 0.  0.  0.  0.  0.  0.]
 [ 0.  0.  0.  0.  0.  0.]
 [ 0.  0.  0.  0.  0.  0.]
 [ 0.  0.  0.  0. -0.  0.]
 [ 0.  0.  0.  0.  0.  0.]
 [ 1.  0.  0.  0.  0.  0.]
 [ 0.  1.  0.  0.  0.  0.]
 [ 0.  0.  1.  0.  0.  0.]
 [ 0.  0.  0.  1.  0.  0.]
 [ 0.  0.  0.  0. -0.  0.]
 [ 0.  0.  0.  0.  0.  0.]]
2025-05-06 15:47:56,215 - pre_processing.element_library.element_1D_base - DEBUG - [[ 0.  0.  0.  0.  0.  0.]
 [ 0.  0.  0.  0.  0.  0.]
 [ 0.  0.  0.  0.  0.  0.]
 [ 0.  0.  0.  0.  0.  0.]
 [ 0.  0.  0.  0. -0.  0.]
 [ 0.  0.  0.  0.  0.  0.]
 [ 1.  0.  0.  0.  0.  0.]
 [ 0.  1.  0.  0.  0.  0.]
 [ 0.  0.  1.  0.  0.  0.]
 [ 0.  0.  0.  1.  0.  0.]
 [ 0.  0.  0.  0. -0.  0.]
 [ 0.  0.  0.  0.  0.  0.]]
2025-05-06 15:47:56,215 - pre_processing.element_library.element_1D_base - DEBUG - [[ 0.  0.  0.  0.  0.  0.]
 [ 0.  0.  0.  0.  0.  0.]
 [ 0.  0.  0.  0.  0.  0.]
 [ 0.  0.  0.  0.  0.  0.]
 [ 0.  0.  0.  0. -0.  0.]
 [ 0.  0.  0.  0.  0.  0.]
 [ 1.  0.  0.  0.  0.  0.]
 [ 0.  1.  0.  0.  0.  0.]
 [ 0.  0.  1.  0.  0.  0.]
 [ 0.  0.  0.  1.  0.  0.]
 [ 0.  0.  0.  0. -0.  0.]
 [ 0.  0.  0.  0.  0.  0.]]
2025-05-06 15:47:56,215 - pre_processing.element_library.element_1D_base - DEBUG - [[ 0.  0.  0.  0.  0.  0.]
 [ 0.  0.  0.  0.  0.  0.]
 [ 0.  0.  0.  0.  0.  0.]
 [ 0.  0.  0.  0.  0.  0.]
 [ 0.  0.  0.  0. -0.  0.]
 [ 0.  0.  0.  0.  0.  0.]
 [ 1.  0.  0.  0.  0.  0.]
 [ 0.  1.  0.  0.  0.  0.]
 [ 0.  0.  1.  0.  0.  0.]
 [ 0.  0.  0.  1.  0.  0.]
 [ 0.  0.  0.  0. -0.  0.]
 [ 0.  0.  0.  0.  0.  0.]]
2025-05-06 15:47:56,215 - pre_processing.element_library.element_1D_base - DEBUG - [[ 0.  0.  0.  0.  0.  0.]
 [ 0.  0.  0.  0.  0.  0.]
 [ 0.  0.  0.  0.  0.  0.]
 [ 0.  0.  0.  0.  0.  0.]
 [ 0.  0.  0.  0. -0.  0.]
 [ 0.  0.  0.  0.  0.  0.]
 [ 1.  0.  0.  0.  0.  0.]
 [ 0.  1.  0.  0.  0.  0.]
 [ 0.  0.  1.  0.  0.  0.]
 [ 0.  0.  0.  1.  0.  0.]
 [ 0.  0.  0.  0. -0.  0.]
 [ 0.  0.  0.  0.  0.  0.]]
2025-05-06 15:47:56,215 - pre_processing.element_library.element_1D_base - DEBUG - [[ 0.  0.  0.  0.  0.  0.]
 [ 0.  0.  0.  0.  0.  0.]
 [ 0.  0.  0.  0.  0.  0.]
 [ 0.  0.  0.  0.  0.  0.]
 [ 0.  0.  0.  0. -0.  0.]
 [ 0.  0.  0.  0.  0.  0.]
 [ 1.  0.  0.  0.  0.  0.]
 [ 0.  1.  0.  0.  0.  0.]
 [ 0.  0.  1.  0.  0.  0.]
 [ 0.  0.  0.  1.  0.  0.]
 [ 0.  0.  0.  0. -0.  0.]
 [ 0.  0.  0.  0.  0.  0.]]
2025-05-06 15:47:56,215 - pre_processing.element_library.element_1D_base - DEBUG - [[ 0.  0.  0.  0.  0.  0.]
 [ 0.  0.  0.  0.  0.  0.]
 [ 0.  0.  0.  0.  0.  0.]
 [ 0.  0.  0.  0.  0.  0.]
 [ 0.  0.  0.  0. -0.  0.]
 [ 0.  0.  0.  0.  0.  0.]
 [ 1.  0.  0.  0.  0.  0.]
 [ 0.  1.  0.  0.  0.  0.]
 [ 0.  0.  1.  0.  0.  0.]
 [ 0.  0.  0.  1.  0.  0.]
 [ 0.  0.  0.  0. -0.  0.]
 [ 0.  0.  0.  0.  0.  0.]]
2025-05-06 15:47:56,215 - pre_processing.element_library.element_1D_base - DEBUG - [[ 0.  0.  0.  0.  0.  0.]
 [ 0.  0.  0.  0.  0.  0.]
 [ 0.  0.  0.  0.  0.  0.]
 [ 0.  0.  0.  0.  0.  0.]
 [ 0.  0.  0.  0. -0.  0.]
 [ 0.  0.  0.  0.  0.  0.]
 [ 1.  0.  0.  0.  0.  0.]
 [ 0.  1.  0.  0.  0.  0.]
 [ 0.  0.  1.  0.  0.  0.]
 [ 0.  0.  0.  1.  0.  0.]
 [ 0.  0.  0.  0. -0.  0.]
 [ 0.  0.  0.  0.  0.  0.]]
2025-05-06 15:47:56,226 - pre_processing.element_library.element_1D_base - DEBUG - Translational Contribution:
2025-05-06 15:47:56,226 - pre_processing.element_library.element_1D_base - DEBUG - Translational Contribution:
2025-05-06 15:47:56,226 - pre_processing.element_library.element_1D_base - DEBUG - Translational Contribution:
2025-05-06 15:47:56,226 - pre_processing.element_library.element_1D_base - DEBUG - Translational Contribution:
2025-05-06 15:47:56,226 - pre_processing.element_library.element_1D_base - DEBUG - Translational Contribution:
2025-05-06 15:47:56,226 - pre_processing.element_library.element_1D_base - DEBUG - Translational Contribution:
2025-05-06 15:47:56,226 - pre_processing.element_library.element_1D_base - DEBUG - Translational Contribution:
2025-05-06 15:47:56,226 - pre_processing.element_library.element_1D_base - DEBUG - Translational Contribution:
2025-05-06 15:47:56,226 - pre_processing.element_library.element_1D_base - DEBUG - Translational Contribution:
2025-05-06 15:47:56,226 - pre_processing.element_library.element_1D_base - DEBUG - Translational Contribution:
2025-05-06 15:47:56,237 - pre_processing.element_library.element_1D_base - DEBUG - [[      0.       0.       0.       0. -100000.       0.]]
2025-05-06 15:47:56,237 - pre_processing.element_library.element_1D_base - DEBUG - [[      0.       0.       0.       0. -100000.       0.]]
2025-05-06 15:47:56,237 - pre_processing.element_library.element_1D_base - DEBUG - [[      0.       0.       0.       0. -100000.       0.]]
2025-05-06 15:47:56,237 - pre_processing.element_library.element_1D_base - DEBUG - [[      0.       0.       0.       0. -100000.       0.]]
2025-05-06 15:47:56,237 - pre_processing.element_library.element_1D_base - DEBUG - [[      0.       0.       0.       0. -100000.       0.]]
2025-05-06 15:47:56,237 - pre_processing.element_library.element_1D_base - DEBUG - [[      0.       0.       0.       0. -100000.       0.]]
2025-05-06 15:47:56,237 - pre_processing.element_library.element_1D_base - DEBUG - [[      0.       0.       0.       0. -100000.       0.]]
2025-05-06 15:47:56,237 - pre_processing.element_library.element_1D_base - DEBUG - [[      0.       0.       0.       0. -100000.       0.]]
2025-05-06 15:47:56,237 - pre_processing.element_library.element_1D_base - DEBUG - [[      0.       0.       0.       0. -100000.       0.]]
2025-05-06 15:47:56,237 - pre_processing.element_library.element_1D_base - DEBUG - [[      0.       0.       0.       0. -100000.       0.]]
2025-05-06 15:47:56,251 - pre_processing.element_library.element_1D_base - DEBUG - Rotational Contribution:
2025-05-06 15:47:56,251 - pre_processing.element_library.element_1D_base - DEBUG - Rotational Contribution:
2025-05-06 15:47:56,251 - pre_processing.element_library.element_1D_base - DEBUG - Rotational Contribution:
2025-05-06 15:47:56,251 - pre_processing.element_library.element_1D_base - DEBUG - Rotational Contribution:
2025-05-06 15:47:56,251 - pre_processing.element_library.element_1D_base - DEBUG - Rotational Contribution:
2025-05-06 15:47:56,251 - pre_processing.element_library.element_1D_base - DEBUG - Rotational Contribution:
2025-05-06 15:47:56,251 - pre_processing.element_library.element_1D_base - DEBUG - Rotational Contribution:
2025-05-06 15:47:56,251 - pre_processing.element_library.element_1D_base - DEBUG - Rotational Contribution:
2025-05-06 15:47:56,251 - pre_processing.element_library.element_1D_base - DEBUG - Rotational Contribution:
2025-05-06 15:47:56,251 - pre_processing.element_library.element_1D_base - DEBUG - Rotational Contribution:
2025-05-06 15:47:56,262 - pre_processing.element_library.element_1D_base - DEBUG - [[0. 0. 0. 0. 0. 0.]]
2025-05-06 15:47:56,262 - pre_processing.element_library.element_1D_base - DEBUG - [[0. 0. 0. 0. 0. 0.]]
2025-05-06 15:47:56,262 - pre_processing.element_library.element_1D_base - DEBUG - [[0. 0. 0. 0. 0. 0.]]
2025-05-06 15:47:56,262 - pre_processing.element_library.element_1D_base - DEBUG - [[0. 0. 0. 0. 0. 0.]]
2025-05-06 15:47:56,262 - pre_processing.element_library.element_1D_base - DEBUG - [[0. 0. 0. 0. 0. 0.]]
2025-05-06 15:47:56,262 - pre_processing.element_library.element_1D_base - DEBUG - [[0. 0. 0. 0. 0. 0.]]
2025-05-06 15:47:56,262 - pre_processing.element_library.element_1D_base - DEBUG - [[0. 0. 0. 0. 0. 0.]]
2025-05-06 15:47:56,262 - pre_processing.element_library.element_1D_base - DEBUG - [[0. 0. 0. 0. 0. 0.]]
2025-05-06 15:47:56,262 - pre_processing.element_library.element_1D_base - DEBUG - [[0. 0. 0. 0. 0. 0.]]
2025-05-06 15:47:56,262 - pre_processing.element_library.element_1D_base - DEBUG - [[0. 0. 0. 0. 0. 0.]]
2025-05-06 15:47:56,272 - pre_processing.element_library.element_1D_base - DEBUG - 
===== Final Element Force Vector =====
2025-05-06 15:47:56,272 - pre_processing.element_library.element_1D_base - DEBUG - 
===== Final Element Force Vector =====
2025-05-06 15:47:56,272 - pre_processing.element_library.element_1D_base - DEBUG - 
===== Final Element Force Vector =====
2025-05-06 15:47:56,272 - pre_processing.element_library.element_1D_base - DEBUG - 
===== Final Element Force Vector =====
2025-05-06 15:47:56,272 - pre_processing.element_library.element_1D_base - DEBUG - 
===== Final Element Force Vector =====
2025-05-06 15:47:56,272 - pre_processing.element_library.element_1D_base - DEBUG - 
===== Final Element Force Vector =====
2025-05-06 15:47:56,272 - pre_processing.element_library.element_1D_base - DEBUG - 
===== Final Element Force Vector =====
2025-05-06 15:47:56,272 - pre_processing.element_library.element_1D_base - DEBUG - 
===== Final Element Force Vector =====
2025-05-06 15:47:56,272 - pre_processing.element_library.element_1D_base - DEBUG - 
===== Final Element Force Vector =====
2025-05-06 15:47:56,272 - pre_processing.element_library.element_1D_base - DEBUG - 
===== Final Element Force Vector =====
2025-05-06 15:47:56,285 - pre_processing.element_library.element_1D_base - DEBUG - [[      0.       0.       0.       0.       0.       0.       0. -100000.
        0.       0.       0.       0.]]
2025-05-06 15:47:56,285 - pre_processing.element_library.element_1D_base - DEBUG - [[      0.       0.       0.       0.       0.       0.       0. -100000.
        0.       0.       0.       0.]]
2025-05-06 15:47:56,285 - pre_processing.element_library.element_1D_base - DEBUG - [[      0.       0.       0.       0.       0.       0.       0. -100000.
        0.       0.       0.       0.]]
2025-05-06 15:47:56,285 - pre_processing.element_library.element_1D_base - DEBUG - [[      0.       0.       0.       0.       0.       0.       0. -100000.
        0.       0.       0.       0.]]
2025-05-06 15:47:56,285 - pre_processing.element_library.element_1D_base - DEBUG - [[      0.       0.       0.       0.       0.       0.       0. -100000.
        0.       0.       0.       0.]]
2025-05-06 15:47:56,285 - pre_processing.element_library.element_1D_base - DEBUG - [[      0.       0.       0.       0.       0.       0.       0. -100000.
        0.       0.       0.       0.]]
2025-05-06 15:47:56,285 - pre_processing.element_library.element_1D_base - DEBUG - [[      0.       0.       0.       0.       0.       0.       0. -100000.
        0.       0.       0.       0.]]
2025-05-06 15:47:56,285 - pre_processing.element_library.element_1D_base - DEBUG - [[      0.       0.       0.       0.       0.       0.       0. -100000.
        0.       0.       0.       0.]]
2025-05-06 15:47:56,285 - pre_processing.element_library.element_1D_base - DEBUG - [[      0.       0.       0.       0.       0.       0.       0. -100000.
        0.       0.       0.       0.]]
2025-05-06 15:47:56,285 - pre_processing.element_library.element_1D_base - DEBUG - [[      0.       0.       0.       0.       0.       0.       0. -100000.
        0.       0.       0.       0.]]
