Machine Specifications:
   - OS: Windows 11 (10.0.22631)
   - CPU: Intel64 Family 6 Model 151 Stepping 2, GenuineIntel (20 cores)
   - RAM: 31.24 GB
   - Python Version: 3.12.5

Job: job_0001
Timestamp (job start): 2025-05-06_15-47-57
Total Time: 4.05 sec

+-------------------------------+------------+---------------+-------------+-----------+
| Step                          |   Time (s) |   Memory (MB) |   Disk (GB) |   CPU (%) |
+===============================+============+===============+=============+===========+
| Parsing                       | 0.00750542 |       119.445 |     798.984 |         0 |
+-------------------------------+------------+---------------+-------------+-----------+
| Element Instantiation         | 0.00100255 |       119.504 |     798.984 |         0 |
+-------------------------------+------------+---------------+-------------+-----------+
| Element Stiffness Computation | 1.67334    |       119.828 |     798.99  |         0 |
+-------------------------------+------------+---------------+-------------+-----------+
| Element Force Computation     | 0.566921   |       119.871 |     798.992 |         0 |
+-------------------------------+------------+---------------+-------------+-----------+
| Setup Simulation              | 0          |       119.902 |     798.992 |         0 |
+-------------------------------+------------+---------------+-------------+-----------+
| Assemble Global Matrices      | 0.0338097  |       121.863 |     798.992 |         0 |
+-------------------------------+------------+---------------+-------------+-----------+
| Modify Global Matrices        | 0.0479572  |       122.438 |     798.992 |         0 |
+-------------------------------+------------+---------------+-------------+-----------+
| Solve Linear Static System    | 0.494176   |       138.348 |     798.993 |         0 |
+-------------------------------+------------+---------------+-------------+-----------+
| Compute Primary Results       | 0.004004   |       138.355 |     798.993 |         0 |
+-------------------------------+------------+---------------+-------------+-----------+
| Save Primary Results          | 0.0962553  |       138.375 |     798.994 |         0 |
+-------------------------------+------------+---------------+-------------+-----------+

Parallel Jobs: job_0007, job_0008, job_0009
Start Memory: 119.34 MB | End Memory: 138.38 MB
Start Disk Usage: 798.98 GB | End Disk Usage: 798.99 GB
Start CPU: 0.00% | End CPU: 0.00%
