2025-04-11 19:52:47,668 - processing.static.boundary_conditions - INFO - 🔧 Applying fixed boundary conditions...
2025-04-11 19:52:47,669 - processing.static.boundary_conditions - INFO - 🔍 Fixed DOFs: [0 1 2 3 4 5]

🔍 Original K_global Matrix:
            0           1           2           3           4           5           6           7           8           9           10          11          12          13          14          15          16          17          18          19          20          21          22          23
0   8.1990e+08  0.0000e+00  0.0000e+00  0.0000e+00  0.0000e+00  0.0000e+00 -8.1990e+08  0.0000e+00  0.0000e+00  0.0000e+00  0.0000e+00  0.0000e+00  0.0000e+00  0.0000e+00  0.0000e+00  0.0000e+00  0.0000e+00  0.0000e+00  0.0000e+00  0.0000e+00  0.0000e+00  0.0000e+00  0.0000e+00  0.0000e+00
1   0.0000e+00  2.7270e+15  0.0000e+00  0.0000e+00  0.0000e+00  1.5583e+15  0.0000e+00 -2.7270e+15  0.0000e+00  0.0000e+00  0.0000e+00  1.1687e+15  0.0000e+00  0.0000e+00  0.0000e+00  0.0000e+00  0.0000e+00  0.0000e+00  0.0000e+00  0.0000e+00  0.0000e+00  0.0000e+00  0.0000e+00  0.0000e+00
2   0.0000e+00  0.0000e+00  2.7325e+15  0.0000e+00 -1.5614e+15  0.0000e+00  0.0000e+00  0.0000e+00 -2.7325e+15  0.0000e+00 -1.1711e+15  0.0000e+00  0.0000e+00  0.0000e+00  0.0000e+00  0.0000e+00  0.0000e+00  0.0000e+00  0.0000e+00  0.0000e+00  0.0000e+00  0.0000e+00  0.0000e+00  0.0000e+00
3   0.0000e+00  0.0000e+00  0.0000e+00  1.1472e+09  0.0000e+00  0.0000e+00  0.0000e+00  0.0000e+00  0.0000e+00 -1.1472e+09  0.0000e+00  0.0000e+00  0.0000e+00  0.0000e+00  0.0000e+00  0.0000e+00  0.0000e+00  0.0000e+00  0.0000e+00  0.0000e+00  0.0000e+00  0.0000e+00  0.0000e+00  0.0000e+00
4   0.0000e+00  0.0000e+00 -1.5614e+15  0.0000e+00  9.1083e+14  0.0000e+00  0.0000e+00  0.0000e+00  1.5614e+15  0.0000e+00  6.5059e+14  0.0000e+00  0.0000e+00  0.0000e+00  0.0000e+00  0.0000e+00  0.0000e+00  0.0000e+00  0.0000e+00  0.0000e+00  0.0000e+00  0.0000e+00  0.0000e+00  0.0000e+00
5   0.0000e+00  1.5583e+15  0.0000e+00  0.0000e+00  0.0000e+00  9.0901e+14  0.0000e+00 -1.5583e+15  0.0000e+00  0.0000e+00  0.0000e+00  6.4929e+14  0.0000e+00  0.0000e+00  0.0000e+00  0.0000e+00  0.0000e+00  0.0000e+00  0.0000e+00  0.0000e+00  0.0000e+00  0.0000e+00  0.0000e+00  0.0000e+00
6  -8.1990e+08  0.0000e+00  0.0000e+00  0.0000e+00  0.0000e+00  0.0000e+00  1.6398e+09  0.0000e+00  0.0000e+00  0.0000e+00  0.0000e+00  0.0000e+00 -8.1990e+08  0.0000e+00  0.0000e+00  0.0000e+00  0.0000e+00  0.0000e+00  0.0000e+00  0.0000e+00  0.0000e+00  0.0000e+00  0.0000e+00  0.0000e+00
7   0.0000e+00 -2.7270e+15  0.0000e+00  0.0000e+00  0.0000e+00 -1.5583e+15  0.0000e+00  5.4541e+15  0.0000e+00  0.0000e+00  0.0000e+00  3.8959e+14  0.0000e+00 -2.7271e+15  0.0000e+00  0.0000e+00  0.0000e+00  1.1687e+15  0.0000e+00  0.0000e+00  0.0000e+00  0.0000e+00  0.0000e+00  0.0000e+00
8   0.0000e+00  0.0000e+00 -2.7325e+15  0.0000e+00  1.5614e+15  0.0000e+00  0.0000e+00  0.0000e+00  5.4650e+15  0.0000e+00 -3.9036e+14  0.0000e+00  0.0000e+00  0.0000e+00 -2.7325e+15  0.0000e+00 -1.1711e+15  0.0000e+00  0.0000e+00  0.0000e+00  0.0000e+00  0.0000e+00  0.0000e+00  0.0000e+00
9   0.0000e+00  0.0000e+00  0.0000e+00 -1.1472e+09  0.0000e+00  0.0000e+00  0.0000e+00  0.0000e+00  0.0000e+00  2.2943e+09  0.0000e+00  0.0000e+00  0.0000e+00  0.0000e+00  0.0000e+00 -1.1472e+09  0.0000e+00  0.0000e+00  0.0000e+00  0.0000e+00  0.0000e+00  0.0000e+00  0.0000e+00  0.0000e+00
10  0.0000e+00  0.0000e+00 -1.1711e+15  0.0000e+00  6.5059e+14  0.0000e+00  0.0000e+00  0.0000e+00 -3.9036e+14  0.0000e+00  1.4313e+15  0.0000e+00  0.0000e+00  0.0000e+00  1.5614e+15  0.0000e+00  6.5059e+14  0.0000e+00  0.0000e+00  0.0000e+00  0.0000e+00  0.0000e+00  0.0000e+00  0.0000e+00
11  0.0000e+00  1.1687e+15  0.0000e+00  0.0000e+00  0.0000e+00  6.4929e+14  0.0000e+00  3.8959e+14  0.0000e+00  0.0000e+00  0.0000e+00  1.4285e+15  0.0000e+00 -1.5583e+15  0.0000e+00  0.0000e+00  0.0000e+00  6.4930e+14  0.0000e+00  0.0000e+00  0.0000e+00  0.0000e+00  0.0000e+00  0.0000e+00
12  0.0000e+00  0.0000e+00  0.0000e+00  0.0000e+00  0.0000e+00  0.0000e+00 -8.1990e+08  0.0000e+00  0.0000e+00  0.0000e+00  0.0000e+00  0.0000e+00  1.6398e+09  0.0000e+00  0.0000e+00  0.0000e+00  0.0000e+00  0.0000e+00 -8.1990e+08  0.0000e+00  0.0000e+00  0.0000e+00  0.0000e+00  0.0000e+00
13  0.0000e+00  0.0000e+00  0.0000e+00  0.0000e+00  0.0000e+00  0.0000e+00  0.0000e+00 -2.7271e+15  0.0000e+00  0.0000e+00  0.0000e+00 -1.5583e+15  0.0000e+00  5.4541e+15  0.0000e+00  0.0000e+00  0.0000e+00  3.8957e+14  0.0000e+00 -2.7270e+15  0.0000e+00  0.0000e+00  0.0000e+00  1.1687e+15
14  0.0000e+00  0.0000e+00  0.0000e+00  0.0000e+00  0.0000e+00  0.0000e+00  0.0000e+00  0.0000e+00 -2.7325e+15  0.0000e+00  1.5614e+15  0.0000e+00  0.0000e+00  0.0000e+00  5.4650e+15  0.0000e+00 -3.9035e+14  0.0000e+00  0.0000e+00  0.0000e+00 -2.7325e+15  0.0000e+00 -1.1711e+15  0.0000e+00
15  0.0000e+00  0.0000e+00  0.0000e+00  0.0000e+00  0.0000e+00  0.0000e+00  0.0000e+00  0.0000e+00  0.0000e+00 -1.1472e+09  0.0000e+00  0.0000e+00  0.0000e+00  0.0000e+00  0.0000e+00  2.2943e+09  0.0000e+00  0.0000e+00  0.0000e+00  0.0000e+00  0.0000e+00 -1.1472e+09  0.0000e+00  0.0000e+00
16  0.0000e+00  0.0000e+00  0.0000e+00  0.0000e+00  0.0000e+00  0.0000e+00  0.0000e+00  0.0000e+00 -1.1711e+15  0.0000e+00  6.5059e+14  0.0000e+00  0.0000e+00  0.0000e+00 -3.9035e+14  0.0000e+00  1.4313e+15  0.0000e+00  0.0000e+00  0.0000e+00  1.5614e+15  0.0000e+00  6.5059e+14  0.0000e+00
17  0.0000e+00  0.0000e+00  0.0000e+00  0.0000e+00  0.0000e+00  0.0000e+00  0.0000e+00  1.1687e+15  0.0000e+00  0.0000e+00  0.0000e+00  6.4930e+14  0.0000e+00  3.8957e+14  0.0000e+00  0.0000e+00  0.0000e+00  1.4285e+15  0.0000e+00 -1.5583e+15  0.0000e+00  0.0000e+00  0.0000e+00  6.4929e+14
18  0.0000e+00  0.0000e+00  0.0000e+00  0.0000e+00  0.0000e+00  0.0000e+00  0.0000e+00  0.0000e+00  0.0000e+00  0.0000e+00  0.0000e+00  0.0000e+00 -8.1990e+08  0.0000e+00  0.0000e+00  0.0000e+00  0.0000e+00  0.0000e+00  8.1990e+08  0.0000e+00  0.0000e+00  0.0000e+00  0.0000e+00  0.0000e+00
19  0.0000e+00  0.0000e+00  0.0000e+00  0.0000e+00  0.0000e+00  0.0000e+00  0.0000e+00  0.0000e+00  0.0000e+00  0.0000e+00  0.0000e+00  0.0000e+00  0.0000e+00 -2.7270e+15  0.0000e+00  0.0000e+00  0.0000e+00 -1.5583e+15  0.0000e+00  2.7270e+15  0.0000e+00  0.0000e+00  0.0000e+00 -1.1687e+15
20  0.0000e+00  0.0000e+00  0.0000e+00  0.0000e+00  0.0000e+00  0.0000e+00  0.0000e+00  0.0000e+00  0.0000e+00  0.0000e+00  0.0000e+00  0.0000e+00  0.0000e+00  0.0000e+00 -2.7325e+15  0.0000e+00  1.5614e+15  0.0000e+00  0.0000e+00  0.0000e+00  2.7325e+15  0.0000e+00  1.1711e+15  0.0000e+00
21  0.0000e+00  0.0000e+00  0.0000e+00  0.0000e+00  0.0000e+00  0.0000e+00  0.0000e+00  0.0000e+00  0.0000e+00  0.0000e+00  0.0000e+00  0.0000e+00  0.0000e+00  0.0000e+00  0.0000e+00 -1.1472e+09  0.0000e+00  0.0000e+00  0.0000e+00  0.0000e+00  0.0000e+00  1.1472e+09  0.0000e+00  0.0000e+00
22  0.0000e+00  0.0000e+00  0.0000e+00  0.0000e+00  0.0000e+00  0.0000e+00  0.0000e+00  0.0000e+00  0.0000e+00  0.0000e+00  0.0000e+00  0.0000e+00  0.0000e+00  0.0000e+00 -1.1711e+15  0.0000e+00  6.5059e+14  0.0000e+00  0.0000e+00  0.0000e+00  1.1711e+15  0.0000e+00  5.2047e+14  0.0000e+00
23  0.0000e+00  0.0000e+00  0.0000e+00  0.0000e+00  0.0000e+00  0.0000e+00  0.0000e+00  0.0000e+00  0.0000e+00  0.0000e+00  0.0000e+00  0.0000e+00  0.0000e+00  1.1687e+15  0.0000e+00  0.0000e+00  0.0000e+00  6.4929e+14  0.0000e+00 -1.1687e+15  0.0000e+00  0.0000e+00  0.0000e+00  5.1944e+14

🔍 Original F_global Vector:
             Force
DOF 0   0.0000e+00
DOF 1   0.0000e+00
DOF 2   0.0000e+00
DOF 3   0.0000e+00
DOF 4   0.0000e+00
DOF 5   0.0000e+00
DOF 6   0.0000e+00
DOF 7   0.0000e+00
DOF 8   0.0000e+00
DOF 9   0.0000e+00
DOF 10  0.0000e+00
DOF 11  0.0000e+00
DOF 12  0.0000e+00
DOF 13  0.0000e+00
DOF 14  0.0000e+00
DOF 15  0.0000e+00
DOF 16  0.0000e+00
DOF 17  0.0000e+00
DOF 18  0.0000e+00
DOF 19 -1.0000e+05
DOF 20  0.0000e+00
DOF 21  0.0000e+00
DOF 22  0.0000e+00
DOF 23  0.0000e+00
2025-04-11 19:52:47,675 - processing.static.boundary_conditions - INFO - ✅ Fixed boundary conditions applied successfully.

🔍 Modified K_global Matrix:
           0          1          2          3          4          5           6           7           8           9           10          11          12          13          14          15          16          17          18          19          20          21          22          23
0  1.0000e+36 0.0000e+00 0.0000e+00 0.0000e+00 0.0000e+00 0.0000e+00  0.0000e+00  0.0000e+00  0.0000e+00  0.0000e+00  0.0000e+00  0.0000e+00  0.0000e+00  0.0000e+00  0.0000e+00  0.0000e+00  0.0000e+00  0.0000e+00  0.0000e+00  0.0000e+00  0.0000e+00  0.0000e+00  0.0000e+00  0.0000e+00
1  0.0000e+00 1.0000e+36 0.0000e+00 0.0000e+00 0.0000e+00 0.0000e+00  0.0000e+00  0.0000e+00  0.0000e+00  0.0000e+00  0.0000e+00  0.0000e+00  0.0000e+00  0.0000e+00  0.0000e+00  0.0000e+00  0.0000e+00  0.0000e+00  0.0000e+00  0.0000e+00  0.0000e+00  0.0000e+00  0.0000e+00  0.0000e+00
2  0.0000e+00 0.0000e+00 1.0000e+36 0.0000e+00 0.0000e+00 0.0000e+00  0.0000e+00  0.0000e+00  0.0000e+00  0.0000e+00  0.0000e+00  0.0000e+00  0.0000e+00  0.0000e+00  0.0000e+00  0.0000e+00  0.0000e+00  0.0000e+00  0.0000e+00  0.0000e+00  0.0000e+00  0.0000e+00  0.0000e+00  0.0000e+00
3  0.0000e+00 0.0000e+00 0.0000e+00 1.0000e+36 0.0000e+00 0.0000e+00  0.0000e+00  0.0000e+00  0.0000e+00  0.0000e+00  0.0000e+00  0.0000e+00  0.0000e+00  0.0000e+00  0.0000e+00  0.0000e+00  0.0000e+00  0.0000e+00  0.0000e+00  0.0000e+00  0.0000e+00  0.0000e+00  0.0000e+00  0.0000e+00
4  0.0000e+00 0.0000e+00 0.0000e+00 0.0000e+00 1.0000e+36 0.0000e+00  0.0000e+00  0.0000e+00  0.0000e+00  0.0000e+00  0.0000e+00  0.0000e+00  0.0000e+00  0.0000e+00  0.0000e+00  0.0000e+00  0.0000e+00  0.0000e+00  0.0000e+00  0.0000e+00  0.0000e+00  0.0000e+00  0.0000e+00  0.0000e+00
5  0.0000e+00 0.0000e+00 0.0000e+00 0.0000e+00 0.0000e+00 1.0000e+36  0.0000e+00  0.0000e+00  0.0000e+00  0.0000e+00  0.0000e+00  0.0000e+00  0.0000e+00  0.0000e+00  0.0000e+00  0.0000e+00  0.0000e+00  0.0000e+00  0.0000e+00  0.0000e+00  0.0000e+00  0.0000e+00  0.0000e+00  0.0000e+00
6  0.0000e+00 0.0000e+00 0.0000e+00 0.0000e+00 0.0000e+00 0.0000e+00  1.6398e+09  0.0000e+00  0.0000e+00  0.0000e+00  0.0000e+00  0.0000e+00 -8.1990e+08  0.0000e+00  0.0000e+00  0.0000e+00  0.0000e+00  0.0000e+00  0.0000e+00  0.0000e+00  0.0000e+00  0.0000e+00  0.0000e+00  0.0000e+00
7  0.0000e+00 0.0000e+00 0.0000e+00 0.0000e+00 0.0000e+00 0.0000e+00  0.0000e+00  5.4541e+15  0.0000e+00  0.0000e+00  0.0000e+00  3.8959e+14  0.0000e+00 -2.7271e+15  0.0000e+00  0.0000e+00  0.0000e+00  1.1687e+15  0.0000e+00  0.0000e+00  0.0000e+00  0.0000e+00  0.0000e+00  0.0000e+00
8  0.0000e+00 0.0000e+00 0.0000e+00 0.0000e+00 0.0000e+00 0.0000e+00  0.0000e+00  0.0000e+00  5.4650e+15  0.0000e+00 -3.9036e+14  0.0000e+00  0.0000e+00  0.0000e+00 -2.7325e+15  0.0000e+00 -1.1711e+15  0.0000e+00  0.0000e+00  0.0000e+00  0.0000e+00  0.0000e+00  0.0000e+00  0.0000e+00
9  0.0000e+00 0.0000e+00 0.0000e+00 0.0000e+00 0.0000e+00 0.0000e+00  0.0000e+00  0.0000e+00  0.0000e+00  2.2943e+09  0.0000e+00  0.0000e+00  0.0000e+00  0.0000e+00  0.0000e+00 -1.1472e+09  0.0000e+00  0.0000e+00  0.0000e+00  0.0000e+00  0.0000e+00  0.0000e+00  0.0000e+00  0.0000e+00
10 0.0000e+00 0.0000e+00 0.0000e+00 0.0000e+00 0.0000e+00 0.0000e+00  0.0000e+00  0.0000e+00 -3.9036e+14  0.0000e+00  1.4313e+15  0.0000e+00  0.0000e+00  0.0000e+00  1.5614e+15  0.0000e+00  6.5059e+14  0.0000e+00  0.0000e+00  0.0000e+00  0.0000e+00  0.0000e+00  0.0000e+00  0.0000e+00
11 0.0000e+00 0.0000e+00 0.0000e+00 0.0000e+00 0.0000e+00 0.0000e+00  0.0000e+00  3.8959e+14  0.0000e+00  0.0000e+00  0.0000e+00  1.4285e+15  0.0000e+00 -1.5583e+15  0.0000e+00  0.0000e+00  0.0000e+00  6.4930e+14  0.0000e+00  0.0000e+00  0.0000e+00  0.0000e+00  0.0000e+00  0.0000e+00
12 0.0000e+00 0.0000e+00 0.0000e+00 0.0000e+00 0.0000e+00 0.0000e+00 -8.1990e+08  0.0000e+00  0.0000e+00  0.0000e+00  0.0000e+00  0.0000e+00  1.6398e+09  0.0000e+00  0.0000e+00  0.0000e+00  0.0000e+00  0.0000e+00 -8.1990e+08  0.0000e+00  0.0000e+00  0.0000e+00  0.0000e+00  0.0000e+00
13 0.0000e+00 0.0000e+00 0.0000e+00 0.0000e+00 0.0000e+00 0.0000e+00  0.0000e+00 -2.7271e+15  0.0000e+00  0.0000e+00  0.0000e+00 -1.5583e+15  0.0000e+00  5.4541e+15  0.0000e+00  0.0000e+00  0.0000e+00  3.8957e+14  0.0000e+00 -2.7270e+15  0.0000e+00  0.0000e+00  0.0000e+00  1.1687e+15
14 0.0000e+00 0.0000e+00 0.0000e+00 0.0000e+00 0.0000e+00 0.0000e+00  0.0000e+00  0.0000e+00 -2.7325e+15  0.0000e+00  1.5614e+15  0.0000e+00  0.0000e+00  0.0000e+00  5.4650e+15  0.0000e+00 -3.9035e+14  0.0000e+00  0.0000e+00  0.0000e+00 -2.7325e+15  0.0000e+00 -1.1711e+15  0.0000e+00
15 0.0000e+00 0.0000e+00 0.0000e+00 0.0000e+00 0.0000e+00 0.0000e+00  0.0000e+00  0.0000e+00  0.0000e+00 -1.1472e+09  0.0000e+00  0.0000e+00  0.0000e+00  0.0000e+00  0.0000e+00  2.2943e+09  0.0000e+00  0.0000e+00  0.0000e+00  0.0000e+00  0.0000e+00 -1.1472e+09  0.0000e+00  0.0000e+00
16 0.0000e+00 0.0000e+00 0.0000e+00 0.0000e+00 0.0000e+00 0.0000e+00  0.0000e+00  0.0000e+00 -1.1711e+15  0.0000e+00  6.5059e+14  0.0000e+00  0.0000e+00  0.0000e+00 -3.9035e+14  0.0000e+00  1.4313e+15  0.0000e+00  0.0000e+00  0.0000e+00  1.5614e+15  0.0000e+00  6.5059e+14  0.0000e+00
17 0.0000e+00 0.0000e+00 0.0000e+00 0.0000e+00 0.0000e+00 0.0000e+00  0.0000e+00  1.1687e+15  0.0000e+00  0.0000e+00  0.0000e+00  6.4930e+14  0.0000e+00  3.8957e+14  0.0000e+00  0.0000e+00  0.0000e+00  1.4285e+15  0.0000e+00 -1.5583e+15  0.0000e+00  0.0000e+00  0.0000e+00  6.4929e+14
18 0.0000e+00 0.0000e+00 0.0000e+00 0.0000e+00 0.0000e+00 0.0000e+00  0.0000e+00  0.0000e+00  0.0000e+00  0.0000e+00  0.0000e+00  0.0000e+00 -8.1990e+08  0.0000e+00  0.0000e+00  0.0000e+00  0.0000e+00  0.0000e+00  8.1990e+08  0.0000e+00  0.0000e+00  0.0000e+00  0.0000e+00  0.0000e+00
19 0.0000e+00 0.0000e+00 0.0000e+00 0.0000e+00 0.0000e+00 0.0000e+00  0.0000e+00  0.0000e+00  0.0000e+00  0.0000e+00  0.0000e+00  0.0000e+00  0.0000e+00 -2.7270e+15  0.0000e+00  0.0000e+00  0.0000e+00 -1.5583e+15  0.0000e+00  2.7270e+15  0.0000e+00  0.0000e+00  0.0000e+00 -1.1687e+15
20 0.0000e+00 0.0000e+00 0.0000e+00 0.0000e+00 0.0000e+00 0.0000e+00  0.0000e+00  0.0000e+00  0.0000e+00  0.0000e+00  0.0000e+00  0.0000e+00  0.0000e+00  0.0000e+00 -2.7325e+15  0.0000e+00  1.5614e+15  0.0000e+00  0.0000e+00  0.0000e+00  2.7325e+15  0.0000e+00  1.1711e+15  0.0000e+00
21 0.0000e+00 0.0000e+00 0.0000e+00 0.0000e+00 0.0000e+00 0.0000e+00  0.0000e+00  0.0000e+00  0.0000e+00  0.0000e+00  0.0000e+00  0.0000e+00  0.0000e+00  0.0000e+00  0.0000e+00 -1.1472e+09  0.0000e+00  0.0000e+00  0.0000e+00  0.0000e+00  0.0000e+00  1.1472e+09  0.0000e+00  0.0000e+00
22 0.0000e+00 0.0000e+00 0.0000e+00 0.0000e+00 0.0000e+00 0.0000e+00  0.0000e+00  0.0000e+00  0.0000e+00  0.0000e+00  0.0000e+00  0.0000e+00  0.0000e+00  0.0000e+00 -1.1711e+15  0.0000e+00  6.5059e+14  0.0000e+00  0.0000e+00  0.0000e+00  1.1711e+15  0.0000e+00  5.2047e+14  0.0000e+00
23 0.0000e+00 0.0000e+00 0.0000e+00 0.0000e+00 0.0000e+00 0.0000e+00  0.0000e+00  0.0000e+00  0.0000e+00  0.0000e+00  0.0000e+00  0.0000e+00  0.0000e+00  1.1687e+15  0.0000e+00  0.0000e+00  0.0000e+00  6.4929e+14  0.0000e+00 -1.1687e+15  0.0000e+00  0.0000e+00  0.0000e+00  5.1944e+14

🔍 Modified F_global Vector:
             Force
DOF 0   0.0000e+00
DOF 1   0.0000e+00
DOF 2   0.0000e+00
DOF 3   0.0000e+00
DOF 4   0.0000e+00
DOF 5   0.0000e+00
DOF 6   0.0000e+00
DOF 7   0.0000e+00
DOF 8   0.0000e+00
DOF 9   0.0000e+00
DOF 10  0.0000e+00
DOF 11  0.0000e+00
DOF 12  0.0000e+00
DOF 13  0.0000e+00
DOF 14  0.0000e+00
DOF 15  0.0000e+00
DOF 16  0.0000e+00
DOF 17  0.0000e+00
DOF 18  0.0000e+00
DOF 19 -1.0000e+05
DOF 20  0.0000e+00
DOF 21  0.0000e+00
DOF 22  0.0000e+00
DOF 23  0.0000e+00
2025-04-11 19:52:48,367 - processing.static.boundary_conditions - INFO - 🔧 Applying fixed boundary conditions...
2025-04-11 19:52:48,368 - processing.static.boundary_conditions - INFO - 🔍 Fixed DOFs: [0 1 2 3 4 5]
2025-04-11 19:52:48,369 - processing.static.boundary_conditions - INFO - ✅ Fixed boundary conditions applied successfully.
