Machine Specifications:
   - OS: Windows 11 (10.0.22631)
   - CPU: Intel64 Family 6 Model 151 Stepping 2, GenuineIntel (20 cores)
   - RAM: 31.24 GB
   - Python Version: 3.12.5

Job: job_0009
Timestamp (job start): 2025-04-11_19-52-48
Total Time: 2.04 sec

+-------------------------------+------------+---------------+-------------+-----------+
| Step                          |   Time (s) |   Memory (MB) |   Disk (GB) |   CPU (%) |
+===============================+============+===============+=============+===========+
| Parsing                       | 0.00702858 |       105.816 |     788.545 |         0 |
+-------------------------------+------------+---------------+-------------+-----------+
| Element Instantiation         | 0.00100899 |       105.863 |     788.545 |         0 |
+-------------------------------+------------+---------------+-------------+-----------+
| Element Stiffness Computation | 0.240159   |       106.117 |     788.546 |         0 |
+-------------------------------+------------+---------------+-------------+-----------+
| Element Force Computation     | 0.0630553  |       106.145 |     788.547 |         0 |
+-------------------------------+------------+---------------+-------------+-----------+
| Setup Simulation              | 0          |       106.172 |     788.548 |         0 |
+-------------------------------+------------+---------------+-------------+-----------+
| Assemble Global Matrices      | 0.0185306  |       107.223 |     788.548 |         0 |
+-------------------------------+------------+---------------+-------------+-----------+
| Modify Global Matrices        | 0.0199776  |       107.445 |     788.549 |         0 |
+-------------------------------+------------+---------------+-------------+-----------+
| Solve Linear Static System    | 0.476779   |       124.949 |     788.551 |         0 |
+-------------------------------+------------+---------------+-------------+-----------+
| Compute Primary Results       | 0.00351119 |       124.953 |     788.551 |         0 |
+-------------------------------+------------+---------------+-------------+-----------+
| Save Primary Results          | 0.0877857  |       124.957 |     788.552 |         0 |
+-------------------------------+------------+---------------+-------------+-----------+

Parallel Jobs: job_0007, job_0008
Start Memory: 105.72 MB | End Memory: 124.96 MB
Start Disk Usage: 788.54 GB | End Disk Usage: 788.55 GB
Start CPU: 0.00% | End CPU: 0.00%
