2025-06-16 17:05:59,265 [DEBUG] 📁 Log file created at: \\mull.sms.ed.ac.uk\home\s1834431\Win7\Desktop\fem_model\post_processing\results\job_0010_2025-06-16_17-05-54-663429_pid62308_f8de0977\logs\AssembleGlobalSystem.log (Module: assembly, Line: 90)
2025-06-16 17:05:59,266 [INFO] 🔧 Starting global matrix assembly... (Module: assembly, Line: 106)
2025-06-16 17:05:59,268 [DEBUG] Element 0 DOF mapping validated (Module: assembly, Line: 177)
2025-06-16 17:05:59,268 [DEBUG] Element 1 DOF mapping validated (Module: assembly, Line: 177)
2025-06-16 17:05:59,269 [DEBUG] Element 2 DOF mapping validated (Module: assembly, Line: 177)
2025-06-16 17:05:59,269 [DEBUG] Element 3 DOF mapping validated (Module: assembly, Line: 177)
2025-06-16 17:05:59,271 [DEBUG] Element 4 DOF mapping validated (Module: assembly, Line: 177)
2025-06-16 17:05:59,271 [DEBUG] Element 5 DOF mapping validated (Module: assembly, Line: 177)
2025-06-16 17:05:59,272 [DEBUG] Element 6 DOF mapping validated (Module: assembly, Line: 177)
2025-06-16 17:05:59,273 [DEBUG] Element 7 DOF mapping validated (Module: assembly, Line: 177)
2025-06-16 17:05:59,273 [DEBUG] Element 8 DOF mapping validated (Module: assembly, Line: 177)
2025-06-16 17:05:59,274 [DEBUG] Element 9 DOF mapping validated (Module: assembly, Line: 177)
2025-06-16 17:05:59,275 [DEBUG] Element 10 DOF mapping validated (Module: assembly, Line: 177)
2025-06-16 17:05:59,276 [DEBUG] Element 11 DOF mapping validated (Module: assembly, Line: 177)
2025-06-16 17:05:59,276 [DEBUG] Element 12 DOF mapping validated (Module: assembly, Line: 177)
2025-06-16 17:05:59,277 [DEBUG] Element 13 DOF mapping validated (Module: assembly, Line: 177)
2025-06-16 17:05:59,278 [DEBUG] Element 14 DOF mapping validated (Module: assembly, Line: 177)
2025-06-16 17:05:59,278 [DEBUG] Element 15 DOF mapping validated (Module: assembly, Line: 177)
2025-06-16 17:05:59,279 [DEBUG] Element 16 DOF mapping validated (Module: assembly, Line: 177)
2025-06-16 17:05:59,279 [DEBUG] Element 17 DOF mapping validated (Module: assembly, Line: 177)
2025-06-16 17:05:59,280 [DEBUG] Element 18 DOF mapping validated (Module: assembly, Line: 177)
2025-06-16 17:05:59,281 [DEBUG] Element 19 DOF mapping validated (Module: assembly, Line: 177)
2025-06-16 17:05:59,281 [DEBUG] Element 20 DOF mapping validated (Module: assembly, Line: 177)
2025-06-16 17:05:59,282 [DEBUG] Element 21 DOF mapping validated (Module: assembly, Line: 177)
2025-06-16 17:05:59,283 [DEBUG] Element 22 DOF mapping validated (Module: assembly, Line: 177)
2025-06-16 17:05:59,283 [DEBUG] Element 23 DOF mapping validated (Module: assembly, Line: 177)
2025-06-16 17:05:59,284 [DEBUG] Element 24 DOF mapping validated (Module: assembly, Line: 177)
2025-06-16 17:05:59,284 [DEBUG] Element 25 DOF mapping validated (Module: assembly, Line: 177)
2025-06-16 17:05:59,285 [DEBUG] Element 26 DOF mapping validated (Module: assembly, Line: 177)
2025-06-16 17:05:59,286 [DEBUG] Element 27 DOF mapping validated (Module: assembly, Line: 177)
2025-06-16 17:05:59,286 [DEBUG] Element 28 DOF mapping validated (Module: assembly, Line: 177)
2025-06-16 17:05:59,286 [DEBUG] Element 29 DOF mapping validated (Module: assembly, Line: 177)
2025-06-16 17:05:59,287 [DEBUG] Element 30 DOF mapping validated (Module: assembly, Line: 177)
2025-06-16 17:05:59,287 [DEBUG] Element 31 DOF mapping validated (Module: assembly, Line: 177)
2025-06-16 17:05:59,288 [DEBUG] Element 32 DOF mapping validated (Module: assembly, Line: 177)
2025-06-16 17:05:59,289 [DEBUG] Element 33 DOF mapping validated (Module: assembly, Line: 177)
2025-06-16 17:05:59,289 [DEBUG] Element 34 DOF mapping validated (Module: assembly, Line: 177)
2025-06-16 17:05:59,290 [DEBUG] Element 35 DOF mapping validated (Module: assembly, Line: 177)
2025-06-16 17:05:59,291 [DEBUG] Element 36 DOF mapping validated (Module: assembly, Line: 177)
2025-06-16 17:05:59,291 [DEBUG] Element 37 DOF mapping validated (Module: assembly, Line: 177)
2025-06-16 17:05:59,292 [DEBUG] Element 38 DOF mapping validated (Module: assembly, Line: 177)
2025-06-16 17:05:59,293 [DEBUG] Element 39 DOF mapping validated (Module: assembly, Line: 177)
2025-06-16 17:05:59,294 [DEBUG] Element 40 DOF mapping validated (Module: assembly, Line: 177)
2025-06-16 17:05:59,294 [DEBUG] Element 41 DOF mapping validated (Module: assembly, Line: 177)
2025-06-16 17:05:59,295 [DEBUG] Element 42 DOF mapping validated (Module: assembly, Line: 177)
2025-06-16 17:05:59,296 [DEBUG] Element 43 DOF mapping validated (Module: assembly, Line: 177)
2025-06-16 17:05:59,296 [DEBUG] Element 44 DOF mapping validated (Module: assembly, Line: 177)
2025-06-16 17:05:59,297 [DEBUG] Element 45 DOF mapping validated (Module: assembly, Line: 177)
2025-06-16 17:05:59,298 [DEBUG] Element 46 DOF mapping validated (Module: assembly, Line: 177)
2025-06-16 17:05:59,299 [DEBUG] Element 47 DOF mapping validated (Module: assembly, Line: 177)
2025-06-16 17:05:59,299 [DEBUG] Element 48 DOF mapping validated (Module: assembly, Line: 177)
2025-06-16 17:05:59,300 [DEBUG] Element 49 DOF mapping validated (Module: assembly, Line: 177)
2025-06-16 17:05:59,300 [DEBUG] Element 50 DOF mapping validated (Module: assembly, Line: 177)
2025-06-16 17:05:59,301 [DEBUG] Element 51 DOF mapping validated (Module: assembly, Line: 177)
2025-06-16 17:05:59,302 [DEBUG] Element 52 DOF mapping validated (Module: assembly, Line: 177)
2025-06-16 17:05:59,303 [DEBUG] Element 53 DOF mapping validated (Module: assembly, Line: 177)
2025-06-16 17:05:59,303 [DEBUG] Element 54 DOF mapping validated (Module: assembly, Line: 177)
2025-06-16 17:05:59,304 [DEBUG] Element 55 DOF mapping validated (Module: assembly, Line: 177)
2025-06-16 17:05:59,305 [DEBUG] Element 56 DOF mapping validated (Module: assembly, Line: 177)
2025-06-16 17:05:59,305 [DEBUG] Element 57 DOF mapping validated (Module: assembly, Line: 177)
2025-06-16 17:05:59,306 [DEBUG] Element 58 DOF mapping validated (Module: assembly, Line: 177)
2025-06-16 17:05:59,307 [DEBUG] Element 59 DOF mapping validated (Module: assembly, Line: 177)
2025-06-16 17:05:59,307 [DEBUG] Element 60 DOF mapping validated (Module: assembly, Line: 177)
2025-06-16 17:05:59,308 [DEBUG] Element 61 DOF mapping validated (Module: assembly, Line: 177)
2025-06-16 17:05:59,309 [DEBUG] Element 62 DOF mapping validated (Module: assembly, Line: 177)
2025-06-16 17:05:59,309 [DEBUG] Element 63 DOF mapping validated (Module: assembly, Line: 177)
2025-06-16 17:05:59,310 [DEBUG] Element 64 DOF mapping validated (Module: assembly, Line: 177)
2025-06-16 17:05:59,311 [DEBUG] Element 65 DOF mapping validated (Module: assembly, Line: 177)
2025-06-16 17:05:59,312 [DEBUG] Element 66 DOF mapping validated (Module: assembly, Line: 177)
2025-06-16 17:05:59,312 [DEBUG] Element 67 DOF mapping validated (Module: assembly, Line: 177)
2025-06-16 17:05:59,313 [DEBUG] Element 68 DOF mapping validated (Module: assembly, Line: 177)
2025-06-16 17:05:59,314 [DEBUG] Element 69 DOF mapping validated (Module: assembly, Line: 177)
2025-06-16 17:05:59,315 [DEBUG] Element 70 DOF mapping validated (Module: assembly, Line: 177)
2025-06-16 17:05:59,315 [DEBUG] Element 71 DOF mapping validated (Module: assembly, Line: 177)
2025-06-16 17:05:59,316 [DEBUG] Element 72 DOF mapping validated (Module: assembly, Line: 177)
2025-06-16 17:05:59,317 [DEBUG] Element 73 DOF mapping validated (Module: assembly, Line: 177)
2025-06-16 17:05:59,317 [DEBUG] Element 74 DOF mapping validated (Module: assembly, Line: 177)
2025-06-16 17:05:59,318 [DEBUG] Element 75 DOF mapping validated (Module: assembly, Line: 177)
2025-06-16 17:05:59,318 [DEBUG] Element 76 DOF mapping validated (Module: assembly, Line: 177)
2025-06-16 17:05:59,319 [DEBUG] Element 77 DOF mapping validated (Module: assembly, Line: 177)
2025-06-16 17:05:59,319 [DEBUG] Element 78 DOF mapping validated (Module: assembly, Line: 177)
2025-06-16 17:05:59,320 [DEBUG] Element 79 DOF mapping validated (Module: assembly, Line: 177)
2025-06-16 17:05:59,321 [DEBUG] Element 80 DOF mapping validated (Module: assembly, Line: 177)
2025-06-16 17:05:59,321 [DEBUG] Element 81 DOF mapping validated (Module: assembly, Line: 177)
2025-06-16 17:05:59,322 [DEBUG] Element 82 DOF mapping validated (Module: assembly, Line: 177)
2025-06-16 17:05:59,322 [DEBUG] Element 83 DOF mapping validated (Module: assembly, Line: 177)
2025-06-16 17:05:59,323 [DEBUG] Element 84 DOF mapping validated (Module: assembly, Line: 177)
2025-06-16 17:05:59,324 [DEBUG] Element 85 DOF mapping validated (Module: assembly, Line: 177)
2025-06-16 17:05:59,324 [DEBUG] Element 86 DOF mapping validated (Module: assembly, Line: 177)
2025-06-16 17:05:59,325 [DEBUG] Element 87 DOF mapping validated (Module: assembly, Line: 177)
2025-06-16 17:05:59,326 [DEBUG] Element 88 DOF mapping validated (Module: assembly, Line: 177)
2025-06-16 17:05:59,326 [DEBUG] Element 89 DOF mapping validated (Module: assembly, Line: 177)
2025-06-16 17:05:59,327 [DEBUG] Element 90 DOF mapping validated (Module: assembly, Line: 177)
2025-06-16 17:05:59,328 [DEBUG] Element 91 DOF mapping validated (Module: assembly, Line: 177)
2025-06-16 17:05:59,328 [DEBUG] Element 92 DOF mapping validated (Module: assembly, Line: 177)
2025-06-16 17:05:59,329 [DEBUG] Element 93 DOF mapping validated (Module: assembly, Line: 177)
2025-06-16 17:05:59,330 [DEBUG] Element 94 DOF mapping validated (Module: assembly, Line: 177)
2025-06-16 17:05:59,331 [DEBUG] Element 95 DOF mapping validated (Module: assembly, Line: 177)
2025-06-16 17:05:59,331 [DEBUG] Element 96 DOF mapping validated (Module: assembly, Line: 177)
2025-06-16 17:05:59,331 [DEBUG] Element 97 DOF mapping validated (Module: assembly, Line: 177)
2025-06-16 17:05:59,333 [DEBUG] Element 98 DOF mapping validated (Module: assembly, Line: 177)
2025-06-16 17:05:59,333 [DEBUG] Element 99 DOF mapping validated (Module: assembly, Line: 177)
2025-06-16 17:05:59,347 [DEBUG] 
✅ DOF Mappings Summary:
 Element ID                              Local DOF                                                   Global DOF
          0 [0, 1, 2, 3, 4, 5, 6, 7, 8, 9, 10, 11]                       [0, 1, 2, 3, 4, 5, 6, 7, 8, 9, 10, 11]
          1 [0, 1, 2, 3, 4, 5, 6, 7, 8, 9, 10, 11]                 [6, 7, 8, 9, 10, 11, 12, 13, 14, 15, 16, 17]
          2 [0, 1, 2, 3, 4, 5, 6, 7, 8, 9, 10, 11]             [12, 13, 14, 15, 16, 17, 18, 19, 20, 21, 22, 23]
          3 [0, 1, 2, 3, 4, 5, 6, 7, 8, 9, 10, 11]             [18, 19, 20, 21, 22, 23, 24, 25, 26, 27, 28, 29]
          4 [0, 1, 2, 3, 4, 5, 6, 7, 8, 9, 10, 11]             [24, 25, 26, 27, 28, 29, 30, 31, 32, 33, 34, 35]
          5 [0, 1, 2, 3, 4, 5, 6, 7, 8, 9, 10, 11]             [30, 31, 32, 33, 34, 35, 36, 37, 38, 39, 40, 41]
          6 [0, 1, 2, 3, 4, 5, 6, 7, 8, 9, 10, 11]             [36, 37, 38, 39, 40, 41, 42, 43, 44, 45, 46, 47]
          7 [0, 1, 2, 3, 4, 5, 6, 7, 8, 9, 10, 11]             [42, 43, 44, 45, 46, 47, 48, 49, 50, 51, 52, 53]
          8 [0, 1, 2, 3, 4, 5, 6, 7, 8, 9, 10, 11]             [48, 49, 50, 51, 52, 53, 54, 55, 56, 57, 58, 59]
          9 [0, 1, 2, 3, 4, 5, 6, 7, 8, 9, 10, 11]             [54, 55, 56, 57, 58, 59, 60, 61, 62, 63, 64, 65]
         10 [0, 1, 2, 3, 4, 5, 6, 7, 8, 9, 10, 11]             [60, 61, 62, 63, 64, 65, 66, 67, 68, 69, 70, 71]
         11 [0, 1, 2, 3, 4, 5, 6, 7, 8, 9, 10, 11]             [66, 67, 68, 69, 70, 71, 72, 73, 74, 75, 76, 77]
         12 [0, 1, 2, 3, 4, 5, 6, 7, 8, 9, 10, 11]             [72, 73, 74, 75, 76, 77, 78, 79, 80, 81, 82, 83]
         13 [0, 1, 2, 3, 4, 5, 6, 7, 8, 9, 10, 11]             [78, 79, 80, 81, 82, 83, 84, 85, 86, 87, 88, 89]
         14 [0, 1, 2, 3, 4, 5, 6, 7, 8, 9, 10, 11]             [84, 85, 86, 87, 88, 89, 90, 91, 92, 93, 94, 95]
         15 [0, 1, 2, 3, 4, 5, 6, 7, 8, 9, 10, 11]           [90, 91, 92, 93, 94, 95, 96, 97, 98, 99, 100, 101]
         16 [0, 1, 2, 3, 4, 5, 6, 7, 8, 9, 10, 11]     [96, 97, 98, 99, 100, 101, 102, 103, 104, 105, 106, 107]
         17 [0, 1, 2, 3, 4, 5, 6, 7, 8, 9, 10, 11] [102, 103, 104, 105, 106, 107, 108, 109, 110, 111, 112, 113]
         18 [0, 1, 2, 3, 4, 5, 6, 7, 8, 9, 10, 11] [108, 109, 110, 111, 112, 113, 114, 115, 116, 117, 118, 119]
         19 [0, 1, 2, 3, 4, 5, 6, 7, 8, 9, 10, 11] [114, 115, 116, 117, 118, 119, 120, 121, 122, 123, 124, 125]
         20 [0, 1, 2, 3, 4, 5, 6, 7, 8, 9, 10, 11] [120, 121, 122, 123, 124, 125, 126, 127, 128, 129, 130, 131]
         21 [0, 1, 2, 3, 4, 5, 6, 7, 8, 9, 10, 11] [126, 127, 128, 129, 130, 131, 132, 133, 134, 135, 136, 137]
         22 [0, 1, 2, 3, 4, 5, 6, 7, 8, 9, 10, 11] [132, 133, 134, 135, 136, 137, 138, 139, 140, 141, 142, 143]
         23 [0, 1, 2, 3, 4, 5, 6, 7, 8, 9, 10, 11] [138, 139, 140, 141, 142, 143, 144, 145, 146, 147, 148, 149]
         24 [0, 1, 2, 3, 4, 5, 6, 7, 8, 9, 10, 11] [144, 145, 146, 147, 148, 149, 150, 151, 152, 153, 154, 155]
         25 [0, 1, 2, 3, 4, 5, 6, 7, 8, 9, 10, 11] [150, 151, 152, 153, 154, 155, 156, 157, 158, 159, 160, 161]
         26 [0, 1, 2, 3, 4, 5, 6, 7, 8, 9, 10, 11] [156, 157, 158, 159, 160, 161, 162, 163, 164, 165, 166, 167]
         27 [0, 1, 2, 3, 4, 5, 6, 7, 8, 9, 10, 11] [162, 163, 164, 165, 166, 167, 168, 169, 170, 171, 172, 173]
         28 [0, 1, 2, 3, 4, 5, 6, 7, 8, 9, 10, 11] [168, 169, 170, 171, 172, 173, 174, 175, 176, 177, 178, 179]
         29 [0, 1, 2, 3, 4, 5, 6, 7, 8, 9, 10, 11] [174, 175, 176, 177, 178, 179, 180, 181, 182, 183, 184, 185]
         30 [0, 1, 2, 3, 4, 5, 6, 7, 8, 9, 10, 11] [180, 181, 182, 183, 184, 185, 186, 187, 188, 189, 190, 191]
         31 [0, 1, 2, 3, 4, 5, 6, 7, 8, 9, 10, 11] [186, 187, 188, 189, 190, 191, 192, 193, 194, 195, 196, 197]
         32 [0, 1, 2, 3, 4, 5, 6, 7, 8, 9, 10, 11] [192, 193, 194, 195, 196, 197, 198, 199, 200, 201, 202, 203]
         33 [0, 1, 2, 3, 4, 5, 6, 7, 8, 9, 10, 11] [198, 199, 200, 201, 202, 203, 204, 205, 206, 207, 208, 209]
         34 [0, 1, 2, 3, 4, 5, 6, 7, 8, 9, 10, 11] [204, 205, 206, 207, 208, 209, 210, 211, 212, 213, 214, 215]
         35 [0, 1, 2, 3, 4, 5, 6, 7, 8, 9, 10, 11] [210, 211, 212, 213, 214, 215, 216, 217, 218, 219, 220, 221]
         36 [0, 1, 2, 3, 4, 5, 6, 7, 8, 9, 10, 11] [216, 217, 218, 219, 220, 221, 222, 223, 224, 225, 226, 227]
         37 [0, 1, 2, 3, 4, 5, 6, 7, 8, 9, 10, 11] [222, 223, 224, 225, 226, 227, 228, 229, 230, 231, 232, 233]
         38 [0, 1, 2, 3, 4, 5, 6, 7, 8, 9, 10, 11] [228, 229, 230, 231, 232, 233, 234, 235, 236, 237, 238, 239]
         39 [0, 1, 2, 3, 4, 5, 6, 7, 8, 9, 10, 11] [234, 235, 236, 237, 238, 239, 240, 241, 242, 243, 244, 245]
         40 [0, 1, 2, 3, 4, 5, 6, 7, 8, 9, 10, 11] [240, 241, 242, 243, 244, 245, 246, 247, 248, 249, 250, 251]
         41 [0, 1, 2, 3, 4, 5, 6, 7, 8, 9, 10, 11] [246, 247, 248, 249, 250, 251, 252, 253, 254, 255, 256, 257]
         42 [0, 1, 2, 3, 4, 5, 6, 7, 8, 9, 10, 11] [252, 253, 254, 255, 256, 257, 258, 259, 260, 261, 262, 263]
         43 [0, 1, 2, 3, 4, 5, 6, 7, 8, 9, 10, 11] [258, 259, 260, 261, 262, 263, 264, 265, 266, 267, 268, 269]
         44 [0, 1, 2, 3, 4, 5, 6, 7, 8, 9, 10, 11] [264, 265, 266, 267, 268, 269, 270, 271, 272, 273, 274, 275]
         45 [0, 1, 2, 3, 4, 5, 6, 7, 8, 9, 10, 11] [270, 271, 272, 273, 274, 275, 276, 277, 278, 279, 280, 281]
         46 [0, 1, 2, 3, 4, 5, 6, 7, 8, 9, 10, 11] [276, 277, 278, 279, 280, 281, 282, 283, 284, 285, 286, 287]
         47 [0, 1, 2, 3, 4, 5, 6, 7, 8, 9, 10, 11] [282, 283, 284, 285, 286, 287, 288, 289, 290, 291, 292, 293]
         48 [0, 1, 2, 3, 4, 5, 6, 7, 8, 9, 10, 11] [288, 289, 290, 291, 292, 293, 294, 295, 296, 297, 298, 299]
         49 [0, 1, 2, 3, 4, 5, 6, 7, 8, 9, 10, 11] [294, 295, 296, 297, 298, 299, 300, 301, 302, 303, 304, 305]
         50 [0, 1, 2, 3, 4, 5, 6, 7, 8, 9, 10, 11] [300, 301, 302, 303, 304, 305, 306, 307, 308, 309, 310, 311]
         51 [0, 1, 2, 3, 4, 5, 6, 7, 8, 9, 10, 11] [306, 307, 308, 309, 310, 311, 312, 313, 314, 315, 316, 317]
         52 [0, 1, 2, 3, 4, 5, 6, 7, 8, 9, 10, 11] [312, 313, 314, 315, 316, 317, 318, 319, 320, 321, 322, 323]
         53 [0, 1, 2, 3, 4, 5, 6, 7, 8, 9, 10, 11] [318, 319, 320, 321, 322, 323, 324, 325, 326, 327, 328, 329]
         54 [0, 1, 2, 3, 4, 5, 6, 7, 8, 9, 10, 11] [324, 325, 326, 327, 328, 329, 330, 331, 332, 333, 334, 335]
         55 [0, 1, 2, 3, 4, 5, 6, 7, 8, 9, 10, 11] [330, 331, 332, 333, 334, 335, 336, 337, 338, 339, 340, 341]
         56 [0, 1, 2, 3, 4, 5, 6, 7, 8, 9, 10, 11] [336, 337, 338, 339, 340, 341, 342, 343, 344, 345, 346, 347]
         57 [0, 1, 2, 3, 4, 5, 6, 7, 8, 9, 10, 11] [342, 343, 344, 345, 346, 347, 348, 349, 350, 351, 352, 353]
         58 [0, 1, 2, 3, 4, 5, 6, 7, 8, 9, 10, 11] [348, 349, 350, 351, 352, 353, 354, 355, 356, 357, 358, 359]
         59 [0, 1, 2, 3, 4, 5, 6, 7, 8, 9, 10, 11] [354, 355, 356, 357, 358, 359, 360, 361, 362, 363, 364, 365]
         60 [0, 1, 2, 3, 4, 5, 6, 7, 8, 9, 10, 11] [360, 361, 362, 363, 364, 365, 366, 367, 368, 369, 370, 371]
         61 [0, 1, 2, 3, 4, 5, 6, 7, 8, 9, 10, 11] [366, 367, 368, 369, 370, 371, 372, 373, 374, 375, 376, 377]
         62 [0, 1, 2, 3, 4, 5, 6, 7, 8, 9, 10, 11] [372, 373, 374, 375, 376, 377, 378, 379, 380, 381, 382, 383]
         63 [0, 1, 2, 3, 4, 5, 6, 7, 8, 9, 10, 11] [378, 379, 380, 381, 382, 383, 384, 385, 386, 387, 388, 389]
         64 [0, 1, 2, 3, 4, 5, 6, 7, 8, 9, 10, 11] [384, 385, 386, 387, 388, 389, 390, 391, 392, 393, 394, 395]
         65 [0, 1, 2, 3, 4, 5, 6, 7, 8, 9, 10, 11] [390, 391, 392, 393, 394, 395, 396, 397, 398, 399, 400, 401]
         66 [0, 1, 2, 3, 4, 5, 6, 7, 8, 9, 10, 11] [396, 397, 398, 399, 400, 401, 402, 403, 404, 405, 406, 407]
         67 [0, 1, 2, 3, 4, 5, 6, 7, 8, 9, 10, 11] [402, 403, 404, 405, 406, 407, 408, 409, 410, 411, 412, 413]
         68 [0, 1, 2, 3, 4, 5, 6, 7, 8, 9, 10, 11] [408, 409, 410, 411, 412, 413, 414, 415, 416, 417, 418, 419]
         69 [0, 1, 2, 3, 4, 5, 6, 7, 8, 9, 10, 11] [414, 415, 416, 417, 418, 419, 420, 421, 422, 423, 424, 425]
         70 [0, 1, 2, 3, 4, 5, 6, 7, 8, 9, 10, 11] [420, 421, 422, 423, 424, 425, 426, 427, 428, 429, 430, 431]
         71 [0, 1, 2, 3, 4, 5, 6, 7, 8, 9, 10, 11] [426, 427, 428, 429, 430, 431, 432, 433, 434, 435, 436, 437]
         72 [0, 1, 2, 3, 4, 5, 6, 7, 8, 9, 10, 11] [432, 433, 434, 435, 436, 437, 438, 439, 440, 441, 442, 443]
         73 [0, 1, 2, 3, 4, 5, 6, 7, 8, 9, 10, 11] [438, 439, 440, 441, 442, 443, 444, 445, 446, 447, 448, 449]
         74 [0, 1, 2, 3, 4, 5, 6, 7, 8, 9, 10, 11] [444, 445, 446, 447, 448, 449, 450, 451, 452, 453, 454, 455]
         75 [0, 1, 2, 3, 4, 5, 6, 7, 8, 9, 10, 11] [450, 451, 452, 453, 454, 455, 456, 457, 458, 459, 460, 461]
         76 [0, 1, 2, 3, 4, 5, 6, 7, 8, 9, 10, 11] [456, 457, 458, 459, 460, 461, 462, 463, 464, 465, 466, 467]
         77 [0, 1, 2, 3, 4, 5, 6, 7, 8, 9, 10, 11] [462, 463, 464, 465, 466, 467, 468, 469, 470, 471, 472, 473]
         78 [0, 1, 2, 3, 4, 5, 6, 7, 8, 9, 10, 11] [468, 469, 470, 471, 472, 473, 474, 475, 476, 477, 478, 479]
         79 [0, 1, 2, 3, 4, 5, 6, 7, 8, 9, 10, 11] [474, 475, 476, 477, 478, 479, 480, 481, 482, 483, 484, 485]
         80 [0, 1, 2, 3, 4, 5, 6, 7, 8, 9, 10, 11] [480, 481, 482, 483, 484, 485, 486, 487, 488, 489, 490, 491]
         81 [0, 1, 2, 3, 4, 5, 6, 7, 8, 9, 10, 11] [486, 487, 488, 489, 490, 491, 492, 493, 494, 495, 496, 497]
         82 [0, 1, 2, 3, 4, 5, 6, 7, 8, 9, 10, 11] [492, 493, 494, 495, 496, 497, 498, 499, 500, 501, 502, 503]
         83 [0, 1, 2, 3, 4, 5, 6, 7, 8, 9, 10, 11] [498, 499, 500, 501, 502, 503, 504, 505, 506, 507, 508, 509]
         84 [0, 1, 2, 3, 4, 5, 6, 7, 8, 9, 10, 11] [504, 505, 506, 507, 508, 509, 510, 511, 512, 513, 514, 515]
         85 [0, 1, 2, 3, 4, 5, 6, 7, 8, 9, 10, 11] [510, 511, 512, 513, 514, 515, 516, 517, 518, 519, 520, 521]
         86 [0, 1, 2, 3, 4, 5, 6, 7, 8, 9, 10, 11] [516, 517, 518, 519, 520, 521, 522, 523, 524, 525, 526, 527]
         87 [0, 1, 2, 3, 4, 5, 6, 7, 8, 9, 10, 11] [522, 523, 524, 525, 526, 527, 528, 529, 530, 531, 532, 533]
         88 [0, 1, 2, 3, 4, 5, 6, 7, 8, 9, 10, 11] [528, 529, 530, 531, 532, 533, 534, 535, 536, 537, 538, 539]
         89 [0, 1, 2, 3, 4, 5, 6, 7, 8, 9, 10, 11] [534, 535, 536, 537, 538, 539, 540, 541, 542, 543, 544, 545]
         90 [0, 1, 2, 3, 4, 5, 6, 7, 8, 9, 10, 11] [540, 541, 542, 543, 544, 545, 546, 547, 548, 549, 550, 551]
         91 [0, 1, 2, 3, 4, 5, 6, 7, 8, 9, 10, 11] [546, 547, 548, 549, 550, 551, 552, 553, 554, 555, 556, 557]
         92 [0, 1, 2, 3, 4, 5, 6, 7, 8, 9, 10, 11] [552, 553, 554, 555, 556, 557, 558, 559, 560, 561, 562, 563]
         93 [0, 1, 2, 3, 4, 5, 6, 7, 8, 9, 10, 11] [558, 559, 560, 561, 562, 563, 564, 565, 566, 567, 568, 569]
         94 [0, 1, 2, 3, 4, 5, 6, 7, 8, 9, 10, 11] [564, 565, 566, 567, 568, 569, 570, 571, 572, 573, 574, 575]
         95 [0, 1, 2, 3, 4, 5, 6, 7, 8, 9, 10, 11] [570, 571, 572, 573, 574, 575, 576, 577, 578, 579, 580, 581]
         96 [0, 1, 2, 3, 4, 5, 6, 7, 8, 9, 10, 11] [576, 577, 578, 579, 580, 581, 582, 583, 584, 585, 586, 587]
         97 [0, 1, 2, 3, 4, 5, 6, 7, 8, 9, 10, 11] [582, 583, 584, 585, 586, 587, 588, 589, 590, 591, 592, 593]
         98 [0, 1, 2, 3, 4, 5, 6, 7, 8, 9, 10, 11] [588, 589, 590, 591, 592, 593, 594, 595, 596, 597, 598, 599]
         99 [0, 1, 2, 3, 4, 5, 6, 7, 8, 9, 10, 11] [594, 595, 596, 597, 598, 599, 600, 601, 602, 603, 604, 605] (Module: assembly, Line: 197)
2025-06-16 17:05:59,360 [INFO] 🗂️ DOF mapping saved to: \\mull.sms.ed.ac.uk\home\s1834431\Win7\Desktop\fem_model\post_processing\results\job_0010_2025-06-16_17-05-54-663429_pid62308_f8de0977\maps\01_assembly_map.csv (Module: assembly, Line: 207)
2025-06-16 17:05:59,361 [INFO] 🧾 System Info:
  Total DOFs: 606
  Number of elements: 100
  Symmetry tolerance: 1.0e-08 (Module: assembly, Line: 335)
2025-06-16 17:05:59,363 [INFO] ✅ Stiffness matrix assembled (Module: assembly, Line: 239)
2025-06-16 17:05:59,363 [INFO] ✅ Force vector assembled (Module: assembly, Line: 268)
2025-06-16 17:05:59,364 [INFO] Global Stiffness Matrix:
  Non-zero entries: 1204
  Symmetry: True
  Norm: 5.646e+16 (Module: assembly, Line: 355)
2025-06-16 17:05:59,375 [DEBUG] 
Stiffness Matrix Sample (COO):
 Row  Col       K Value
 243  243  1.313076e+08
   2    8 -2.240011e+15
 219  219  1.313076e+08
 135  141 -6.565378e+07
 483  483  1.313076e+08
 392  392  4.480022e+15
 134  140 -2.240011e+15
 199  193 -5.600112e+14
 240  246 -2.000000e+11
 506  512 -2.240011e+15
 409  403 -5.600112e+14
 570  570  4.000000e+11
 320  314 -2.240011e+15
 374  380 -2.240011e+15
 284  284  4.480022e+15
 392  398 -2.240011e+15
 255  261 -6.565378e+07
 356  356  4.480022e+15
 555  555  1.313076e+08
 194  188 -2.240011e+15
 363  357 -6.565378e+07
  72   78 -2.000000e+11
 344  338 -2.240011e+15
 410  404 -2.240011e+15
 397  397  1.120022e+15
 537  543 -6.565378e+07
 499  499  1.120022e+15
 237  237  1.313076e+08
  55   55  1.120022e+15
 518  518  4.480022e+15
 523  529 -5.600112e+14
 403  409 -5.600112e+14
 517  511 -5.600112e+14
   8    2 -2.240011e+15
 182  176 -2.240011e+15
 510  504 -2.000000e+11
 427  427  1.120022e+15
  72   72  4.000000e+11
 271  277 -5.600112e+14
 590  596 -2.240011e+15
 243  249 -6.565378e+07
 206  212 -2.240011e+15
 360  360  4.000000e+11
 315  309 -6.565378e+07
 421  415 -5.600112e+14
  26   32 -2.240011e+15
   9    9  1.313076e+08
 339  339  1.313076e+08
 498  504 -2.000000e+11
 597  603 -6.565378e+07
  27   33 -6.565378e+07
  62   68 -2.240011e+15
 531  525 -6.565378e+07
 416  410 -2.240011e+15
 295  289 -5.600112e+14
 547  553 -5.600112e+14
 336  336  4.000000e+11
  20   20  4.480022e+15
 313  319 -5.600112e+14
 152  146 -2.240011e+15
 380  386 -2.240011e+15
 362  362  4.480022e+15
  24   24  4.000000e+11
 471  465 -6.565378e+07
 217  211 -5.600112e+14
 141  147 -6.565378e+07
 524  530 -2.240011e+15
 577  577  1.120022e+15
 493  487 -5.600112e+14
 252  246 -2.000000e+11
 458  452 -2.240011e+15
 518  524 -2.240011e+15
 555  549 -6.565378e+07
 560  554 -2.240011e+15
 223  229 -5.600112e+14
 513  519 -6.565378e+07
   6    0 -2.000000e+11
 267  273 -6.565378e+07
  78   72 -2.000000e+11
 489  495 -6.565378e+07
 157  151 -5.600112e+14
 231  225 -6.565378e+07
 573  567 -6.565378e+07
 357  351 -6.565378e+07
 547  547  1.120022e+15
 213  207 -6.565378e+07
 409  415 -5.600112e+14
 276  270 -2.000000e+11
 493  499 -5.600112e+14
 522  522  4.000000e+11
 578  578  4.480022e+15
 420  414 -2.000000e+11
 170  164 -2.240011e+15
 384  378 -2.000000e+11
 241  235 -5.600112e+14
 211  211  1.120022e+15
 309  315 -6.565378e+07
 579  573 -6.565378e+07
 553  559 -5.600112e+14
 500  506 -2.240011e+15
 204  210 -2.000000e+11
 480  480  4.000000e+11
 380  374 -2.240011e+15
 595  589 -5.600112e+14
 330  336 -2.000000e+11
 528  522 -2.000000e+11
 200  200  4.480022e+15
 117  111 -6.565378e+07
 398  398  4.480022e+15
 326  332 -2.240011e+15
  38   38  4.480022e+15
 182  188 -2.240011e+15
 344  344  4.480022e+15
 159  153 -6.565378e+07
 528  528  4.000000e+11
 351  357 -6.565378e+07
 543  543  1.313076e+08
 261  255 -6.565378e+07
 121  121  1.120022e+15
 199  205 -5.600112e+14
 290  290  4.480022e+15
 159  165 -6.565378e+07
 193  193  1.120022e+15
 102  108 -2.000000e+11
 529  529  1.120022e+15
 333  327 -6.565378e+07
 566  566  4.480022e+15
 453  447 -6.565378e+07
 222  228 -2.000000e+11
 552  546 -2.000000e+11
  18   24 -2.000000e+11
 181  175 -5.600112e+14
 133  127 -5.600112e+14
 591  597 -6.565378e+07
  93   93  1.313076e+08
 535  535  1.120022e+15
 525  531 -6.565378e+07
  79   79  1.120022e+15
 528  534 -2.000000e+11
  25   31 -5.600112e+14
  92   98 -2.240011e+15
 150  156 -2.000000e+11
 590  584 -2.240011e+15
 230  224 -2.240011e+15
 147  153 -6.565378e+07
 451  451  1.120022e+15
  81   75 -6.565378e+07
 530  524 -2.240011e+15
 475  475  1.120022e+15
 501  501  1.313076e+08
 218  224 -2.240011e+15
 260  266 -2.240011e+15
 247  247  1.120022e+15
 450  450  4.000000e+11
 554  560 -2.240011e+15
 175  181 -5.600112e+14
 576  576  4.000000e+11
  14   14  4.480022e+15
 252  252  4.000000e+11
 474  468 -2.000000e+11
 439  433 -5.600112e+14
 360  366 -2.000000e+11
 127  121 -5.600112e+14
 530  530  4.480022e+15
 367  361 -5.600112e+14
 512  518 -2.240011e+15
 585  585  1.313076e+08
  99   99  1.313076e+08
 180  174 -2.000000e+11
 114  108 -2.000000e+11
 344  350 -2.240011e+15
  36   42 -2.000000e+11
 228  228  4.000000e+11
 236  242 -2.240011e+15
   6   12 -2.000000e+11
 355  355  1.120022e+15
  72   66 -2.000000e+11
 135  135  1.313076e+08
 236  236  4.480022e+15
 300  294 -2.000000e+11
 234  240 -2.000000e+11
  15   21 -6.565378e+07
  32   38 -2.240011e+15
 330  324 -2.000000e+11
  80   80  4.480022e+15
 494  494  4.480022e+15
 258  258  4.000000e+11
 453  453  1.313076e+08
 375  381 -6.565378e+07
 105  111 -6.565378e+07
 374  368 -2.240011e+15
 176  176  4.480022e+15
 265  265  1.120022e+15
  98   92 -2.240011e+15
 500  494 -2.240011e+15
 266  260 -2.240011e+15
   0    6 -2.000000e+11
 547  541 -5.600112e+14
 468  462 -2.000000e+11
 261  267 -6.565378e+07
 301  307 -5.600112e+14
 103  103  1.120022e+15
 116  116  4.480022e+15
 350  350  4.480022e+15
 542  542  4.480022e+15
 241  247 -5.600112e+14
 423  423  1.313076e+08
 602  602  2.240011e+15
 601  595 -5.600112e+14
  30   36 -2.000000e+11
 463  457 -5.600112e+14
 421  427 -5.600112e+14
 564  570 -2.000000e+11
   8    8  4.480022e+15
 181  187 -5.600112e+14
 242  242  4.480022e+15
 481  487 -5.600112e+14
 253  259 -5.600112e+14
 123  129 -6.565378e+07
 267  261 -6.565378e+07
 439  445 -5.600112e+14
 511  517 -5.600112e+14
 571  565 -5.600112e+14
  43   49 -5.600112e+14
  97   97  1.120022e+15
 277  283 -5.600112e+14
 246  246  4.000000e+11
 288  294 -2.000000e+11
 492  498 -2.000000e+11
  93   99 -6.565378e+07
 458  458  4.480022e+15
  51   57 -6.565378e+07
 180  186 -2.000000e+11
  31   31  1.120022e+15
 135  129 -6.565378e+07
 458  464 -2.240011e+15
 378  372 -2.000000e+11
 445  439 -5.600112e+14
 595  601 -5.600112e+14
 240  240  4.000000e+11
 218  218  4.480022e+15
 402  402  4.000000e+11
 321  321  1.313076e+08
 414  408 -2.000000e+11
 416  416  4.480022e+15
  42   48 -2.000000e+11
 205  205  1.120022e+15
 438  444 -2.000000e+11
 254  248 -2.240011e+15
 469  463 -5.600112e+14
 350  356 -2.240011e+15
 404  410 -2.240011e+15
 285  279 -6.565378e+07
 278  272 -2.240011e+15
 505  511 -5.600112e+14
 378  384 -2.000000e+11
 213  219 -6.565378e+07
 337  331 -5.600112e+14
 589  595 -5.600112e+14
 498  492 -2.000000e+11
 265  271 -5.600112e+14
 126  126  4.000000e+11
 222  216 -2.000000e+11
 218  212 -2.240011e+15
 306  306  4.000000e+11
 549  549  1.313076e+08
  62   56 -2.240011e+15
 397  403 -5.600112e+14
 345  339 -6.565378e+07
 462  462  4.000000e+11
 342  348 -2.000000e+11
 152  152  4.480022e+15
 417  411 -6.565378e+07
 501  495 -6.565378e+07
 333  339 -6.565378e+07
 531  531  1.313076e+08
 476  470 -2.240011e+15
 171  171  1.313076e+08
  49   55 -5.600112e+14
 336  330 -2.000000e+11
 381  375 -6.565378e+07
 524  518 -2.240011e+15
  98  104 -2.240011e+15
 156  150 -2.000000e+11
  92   92  4.480022e+15
 584  584  4.480022e+15
 164  170 -2.240011e+15
 337  337  1.120022e+15
 540  534 -2.000000e+11
 600  594 -2.000000e+11
 554  554  4.480022e+15
  87   93 -6.565378e+07
 296  290 -2.240011e+15
  42   42  4.000000e+11
 134  134  4.480022e+15
  39   33 -6.565378e+07
 360  354 -2.000000e+11
 499  493 -5.600112e+14
 373  367 -5.600112e+14
 420  426 -2.000000e+11
 312  318 -2.000000e+11
 500  500  4.480022e+15
 558  564 -2.000000e+11
 258  252 -2.000000e+11
 156  162 -2.000000e+11
 315  315  1.313076e+08
 324  318 -2.000000e+11
  60   60  4.000000e+11
 385  391 -5.600112e+14
 147  147  1.313076e+08
 291  297 -6.565378e+07
 583  583  1.120022e+15
 217  217  1.120022e+15
   1    1  5.600112e+14
 168  168  4.000000e+11
 447  453 -6.565378e+07
  92   86 -2.240011e+15
 396  396  4.000000e+11
 306  312 -2.000000e+11
 589  589  1.120022e+15
 584  590 -2.240011e+15
 309  309  1.313076e+08
 195  195  1.313076e+08
 572  566 -2.240011e+15
 121  115 -5.600112e+14
  56   50 -2.240011e+15
 470  464 -2.240011e+15
 535  541 -5.600112e+14
 398  404 -2.240011e+15
 481  475 -5.600112e+14
 529  535 -5.600112e+14
 559  559  1.120022e+15
 285  291 -6.565378e+07
 452  446 -2.240011e+15
 102   96 -2.000000e+11
 201  201  1.313076e+08
  33   27 -6.565378e+07
 183  189 -6.565378e+07
 464  458 -2.240011e+15
 138  132 -2.000000e+11
 579  579  1.313076e+08
  84   84  4.000000e+11
 321  315 -6.565378e+07
 426  420 -2.000000e+11
 283  289 -5.600112e+14
 488  482 -2.240011e+15
 343  349 -5.600112e+14
 540  546 -2.000000e+11
 523  523  1.120022e+15
 486  480 -2.000000e+11
  96   90 -2.000000e+11
 235  229 -5.600112e+14
 457  451 -5.600112e+14
 583  589 -5.600112e+14
 440  446 -2.240011e+15
 362  356 -2.240011e+15
 158  164 -2.240011e+15
 108  114 -2.000000e+11
 553  553  1.120022e+15
 284  290 -2.240011e+15
 398  392 -2.240011e+15
 132  126 -2.000000e+11
   9   15 -6.565378e+07
 210  216 -2.000000e+11
  15   15  1.313076e+08
 295  301 -5.600112e+14
 266  266  4.480022e+15
 248  248  4.480022e+15
 127  133 -5.600112e+14
 529  523 -5.600112e+14
 600  600  2.000000e+11
 415  409 -5.600112e+14
 229  235 -5.600112e+14
 133  133  1.120022e+15
 182  182  4.480022e+15
 543  537 -6.565378e+07
  51   45 -6.565378e+07
 366  360 -2.000000e+11
 273  267 -6.565378e+07
 405  405  1.313076e+08
 158  158  4.480022e+15
 440  440  4.480022e+15
 565  565  1.120022e+15
 577  583 -5.600112e+14
 355  361 -5.600112e+14
  27   27  1.313076e+08
 507  501 -6.565378e+07
 273  273  1.313076e+08
 549  543 -6.565378e+07
 501  507 -6.565378e+07
 546  552 -2.000000e+11
 332  338 -2.240011e+15
 242  236 -2.240011e+15
 566  560 -2.240011e+15
 470  470  4.480022e+15
 331  337 -5.600112e+14
 234  234  4.000000e+11
 603  603  6.565378e+07
 140  134 -2.240011e+15
 446  452 -2.240011e+15
 183  183  1.313076e+08
 354  348 -2.000000e+11
 140  140  4.480022e+15
 210  204 -2.000000e+11
 384  390 -2.000000e+11
 516  516  4.000000e+11
 372  366 -2.000000e+11
 578  572 -2.240011e+15
 104   98 -2.240011e+15
 116  110 -2.240011e+15
 243  237 -6.565378e+07
  96  102 -2.000000e+11
 248  242 -2.240011e+15
 432  438 -2.000000e+11
  73   79 -5.600112e+14
 414  414  4.000000e+11
 159  159  1.313076e+08
 157  157  1.120022e+15
 128  128  4.480022e+15
 312  312  4.000000e+11
 306  300 -2.000000e+11
 570  576 -2.000000e+11
 492  486 -2.000000e+11
  73   73  1.120022e+15
 415  421 -5.600112e+14
 504  504  4.000000e+11
  67   61 -5.600112e+14
 127  127  1.120022e+15
 165  165  1.313076e+08
 507  507  1.313076e+08
 109  103 -5.600112e+14
 264  270 -2.000000e+11
 427  433 -5.600112e+14
 494  488 -2.240011e+15
 474  474  4.000000e+11
 295  295  1.120022e+15
 228  222 -2.000000e+11
 223  217 -5.600112e+14
 121  127 -5.600112e+14
  78   84 -2.000000e+11
 486  492 -2.000000e+11
 132  132  4.000000e+11
  63   69 -6.565378e+07
 469  475 -5.600112e+14
 476  476  4.480022e+15
 234  228 -2.000000e+11
 201  207 -6.565378e+07
  75   75  1.313076e+08
 422  428 -2.240011e+15
 207  201 -6.565378e+07
 162  156 -2.000000e+11
 548  554 -2.240011e+15
 308  308  4.480022e+15
 339  333 -6.565378e+07
 338  332 -2.240011e+15
 566  572 -2.240011e+15
 477  471 -6.565378e+07
 176  182 -2.240011e+15
  49   43 -5.600112e+14
  57   51 -6.565378e+07
 423  429 -6.565378e+07
  19   25 -5.600112e+14
 300  300  4.000000e+11
  73   67 -5.600112e+14
 247  241 -5.600112e+14
  80   74 -2.240011e+15
 277  277  1.120022e+15
  20   26 -2.240011e+15
 342  342  4.000000e+11
 318  312 -2.000000e+11
 480  486 -2.000000e+11
 372  378 -2.000000e+11
 512  512  4.480022e+15
 120  114 -2.000000e+11
  48   42 -2.000000e+11
 111  111  1.313076e+08
 417  417  1.313076e+08
 363  363  1.313076e+08
 279  273 -6.565378e+07
 324  330 -2.000000e+11
 366  366  4.000000e+11
 428  434 -2.240011e+15
  25   19 -5.600112e+14
 307  313 -5.600112e+14
  32   26 -2.240011e+15
  39   45 -6.565378e+07
 151  145 -5.600112e+14
  97  103 -5.600112e+14
 117  123 -6.565378e+07
  91   97 -5.600112e+14
 296  302 -2.240011e+15
 308  314 -2.240011e+15
 326  326  4.480022e+15
 291  285 -6.565378e+07
   6    6  4.000000e+11
 571  577 -5.600112e+14
 462  468 -2.000000e+11
 276  276  4.000000e+11
 457  463 -5.600112e+14
 471  471  1.313076e+08
 253  247 -5.600112e+14
 192  198 -2.000000e+11
 475  469 -5.600112e+14
 558  558  4.000000e+11
 165  171 -6.565378e+07
 212  206 -2.240011e+15
 369  369  1.313076e+08
 132  138 -2.000000e+11
 192  192  4.000000e+11
   3    3  6.565378e+07
 134  128 -2.240011e+15
 576  582 -2.000000e+11
  20   14 -2.240011e+15
 584  578 -2.240011e+15
  60   66 -2.000000e+11
 408  408  4.000000e+11
  54   54  4.000000e+11
 348  342 -2.000000e+11
 242  248 -2.240011e+15
 498  498  4.000000e+11
  12    6 -2.000000e+11
 122  116 -2.240011e+15
  26   20 -2.240011e+15
  81   81  1.313076e+08
 354  360 -2.000000e+11
 327  327  1.313076e+08
 362  368 -2.240011e+15
 151  157 -5.600112e+14
  86   92 -2.240011e+15
 379  385 -5.600112e+14
 519  519  1.313076e+08
 290  296 -2.240011e+15
 387  393 -6.565378e+07
 105  105  1.313076e+08
 174  168 -2.000000e+11
 153  153  1.313076e+08
 109  115 -5.600112e+14
 590  590  4.480022e+15
 482  482  4.480022e+15
 189  189  1.313076e+08
  85   79 -5.600112e+14
 211  217 -5.600112e+14
 386  392 -2.240011e+15
   7    7  1.120022e+15
 261  261  1.313076e+08
  36   30 -2.000000e+11
  45   45  1.313076e+08
 192  186 -2.000000e+11
 187  187  1.120022e+15
 129  129  1.313076e+08
 152  158 -2.240011e+15
 537  537  1.313076e+08
 206  200 -2.240011e+15
 582  588 -2.000000e+11
 290  284 -2.240011e+15
  21   21  1.313076e+08
 104  110 -2.240011e+15
 396  402 -2.000000e+11
 367  373 -5.600112e+14
 427  421 -5.600112e+14
 565  559 -5.600112e+14
 259  253 -5.600112e+14
 144  144  4.000000e+11
 434  434  4.480022e+15
  37   31 -5.600112e+14
 282  282  4.000000e+11
  91   85 -5.600112e+14
 318  324 -2.000000e+11
 564  558 -2.000000e+11
 247  253 -5.600112e+14
  60   54 -2.000000e+11
 147  141 -6.565378e+07
  38   44 -2.240011e+15
  25   25  1.120022e+15
 482  476 -2.240011e+15
 168  162 -2.000000e+11
 289  289  1.120022e+15
 283  283  1.120022e+15
 349  343 -5.600112e+14
 327  333 -6.565378e+07
 205  211 -5.600112e+14
 356  362 -2.240011e+15
 145  145  1.120022e+15
 264  258 -2.000000e+11
  79   85 -5.600112e+14
 169  175 -5.600112e+14
 248  254 -2.240011e+15
  24   30 -2.000000e+11
 373  373  1.120022e+15
 231  231  1.313076e+08
 219  225 -6.565378e+07
  90   90  4.000000e+11
 422  416 -2.240011e+15
 511  505 -5.600112e+14
 212  218 -2.240011e+15
 163  169 -5.600112e+14
 176  170 -2.240011e+15
 224  224  4.480022e+15
   9    3 -6.565378e+07
 555  561 -6.565378e+07
 393  399 -6.565378e+07
 561  561  1.313076e+08
 174  174  4.000000e+11
 372  372  4.000000e+11
 157  163 -5.600112e+14
 325  331 -5.600112e+14
 225  231 -6.565378e+07
  86   80 -2.240011e+15
 603  597 -6.565378e+07
  67   73 -5.600112e+14
 519  525 -6.565378e+07
 452  458 -2.240011e+15
  39   39  1.313076e+08
 435  429 -6.565378e+07
 174  180 -2.000000e+11
 199  199  1.120022e+15
 195  189 -6.565378e+07
 193  199 -5.600112e+14
  61   55 -5.600112e+14
 405  411 -6.565378e+07
 411  411  1.313076e+08
 115  121 -5.600112e+14
 505  505  1.120022e+15
  12   12  4.000000e+11
 447  441 -6.565378e+07
 518  512 -2.240011e+15
 126  132 -2.000000e+11
 122  122  4.480022e+15
 428  422 -2.240011e+15
  19   13 -5.600112e+14
 510  516 -2.000000e+11
 254  254  4.480022e+15
 331  331  1.120022e+15
 464  464  4.480022e+15
  55   61 -5.600112e+14
 189  195 -6.565378e+07
 308  302 -2.240011e+15
 302  308 -2.240011e+15
 314  314  4.480022e+15
 291  291  1.313076e+08
  86   86  4.480022e+15
 120  126 -2.000000e+11
 381  381  1.313076e+08
 432  432  4.000000e+11
 591  585 -6.565378e+07
 162  162  4.000000e+11
 450  456 -2.000000e+11
  79   73 -5.600112e+14
 313  313  1.120022e+15
  69   69  1.313076e+08
  63   57 -6.565378e+07
 229  229  1.120022e+15
  33   33  1.313076e+08
 314  308 -2.240011e+15
 303  297 -6.565378e+07
 468  468  4.000000e+11
 428  428  4.480022e+15
  90   96 -2.000000e+11
 481  481  1.120022e+15
 207  213 -6.565378e+07
  50   56 -2.240011e+15
 373  379 -5.600112e+14
 434  428 -2.240011e+15
 168  174 -2.000000e+11
 483  489 -6.565378e+07
 110  116 -2.240011e+15
 195  201 -6.565378e+07
 553  547 -5.600112e+14
 156  156  4.000000e+11
 524  524  4.480022e+15
 561  567 -6.565378e+07
 265  259 -5.600112e+14
 348  348  4.000000e+11
 123  117 -6.565378e+07
 260  254 -2.240011e+15
 374  374  4.480022e+15
 369  363 -6.565378e+07
 506  500 -2.240011e+15
 320  326 -2.240011e+15
  54   48 -2.000000e+11
 380  380  4.480022e+15
 441  435 -6.565378e+07
  26   26  4.480022e+15
 302  296 -2.240011e+15
 177  177  1.313076e+08
 230  236 -2.240011e+15
  12   18 -2.000000e+11
 188  182 -2.240011e+15
 270  276 -2.000000e+11
 110  104 -2.240011e+15
 294  294  4.000000e+11
 351  351  1.313076e+08
 567  567  1.313076e+08
 471  477 -6.565378e+07
 103  109 -5.600112e+14
 465  459 -6.565378e+07
 249  243 -6.565378e+07
 259  259  1.120022e+15
 338  344 -2.240011e+15
 188  188  4.480022e+15
  93   87 -6.565378e+07
 204  198 -2.000000e+11
 506  506  4.480022e+15
 201  195 -6.565378e+07
 495  489 -6.565378e+07
 588  594 -2.000000e+11
 222  222  4.000000e+11
  67   67  1.120022e+15
  87   81 -6.565378e+07
 345  345  1.313076e+08
 216  210 -2.000000e+11
 446  440 -2.240011e+15
 594  588 -2.000000e+11
 517  517  1.120022e+15
 435  435  1.313076e+08
  49   49  1.120022e+15
 510  510  4.000000e+11
 319  313 -5.600112e+14
 249  255 -6.565378e+07
  38   32 -2.240011e+15
  45   39 -6.565378e+07
 420  420  4.000000e+11
 345  351 -6.565378e+07
 393  387 -6.565378e+07
   0    0  2.000000e+11
 279  279  1.313076e+08
 343  337 -5.600112e+14
 198  192 -2.000000e+11
 240  234 -2.000000e+11
 531  537 -6.565378e+07
 260  260  4.480022e+15
  55   49 -5.600112e+14
 489  483 -6.565378e+07
 499  505 -5.600112e+14
 440  434 -2.240011e+15
 111  117 -6.565378e+07
 441  447 -6.565378e+07
 164  164  4.480022e+15
  51   51  1.313076e+08
 487  481 -5.600112e+14
 312  306 -2.000000e+11
 237  243 -6.565378e+07
 108  108  4.000000e+11
 355  349 -5.600112e+14
  68   68  4.480022e+15
 123  123  1.313076e+08
 594  600 -2.000000e+11
 459  459  1.313076e+08
 541  547 -5.600112e+14
 583  577 -5.600112e+14
 495  495  1.313076e+08
 429  429  1.313076e+08
 421  421  1.120022e+15
 183  177 -6.565378e+07
 126  120 -2.000000e+11
 368  374 -2.240011e+15
  14    8 -2.240011e+15
 577  571 -5.600112e+14
 210  210  4.000000e+11
 391  391  1.120022e+15
 342  336 -2.000000e+11
 387  381 -6.565378e+07
   1    7 -5.600112e+14
  68   62 -2.240011e+15
 177  183 -6.565378e+07
 146  152 -2.240011e+15
 350  344 -2.240011e+15
 522  528 -2.000000e+11
 579  585 -6.565378e+07
 415  415  1.120022e+15
 115  115  1.120022e+15
 321  327 -6.565378e+07
 114  114  4.000000e+11
 114  120 -2.000000e+11
 186  186  4.000000e+11
 470  476 -2.240011e+15
 170  170  4.480022e+15
 211  205 -5.600112e+14
 494  500 -2.240011e+15
 302  302  4.480022e+15
 542  548 -2.240011e+15
 133  139 -5.600112e+14
 228  234 -2.000000e+11
  32   32  4.480022e+15
 601  601  5.600112e+14
 181  181  1.120022e+15
 120  120  4.000000e+11
 326  320 -2.240011e+15
  56   62 -2.240011e+15
 548  548  4.480022e+15
 266  272 -2.240011e+15
 289  295 -5.600112e+14
  63   63  1.313076e+08
 129  135 -6.565378e+07
  74   80 -2.240011e+15
 361  367 -5.600112e+14
 522  516 -2.000000e+11
 348  354 -2.000000e+11
  69   63 -6.565378e+07
 463  463  1.120022e+15
   3    9 -6.565378e+07
 252  258 -2.000000e+11
 315  321 -6.565378e+07
 187  181 -5.600112e+14
 483  477 -6.565378e+07
 206  206  4.480022e+15
 205  199 -5.600112e+14
 588  582 -2.000000e+11
 477  483 -6.565378e+07
 177  171 -6.565378e+07
 396  390 -2.000000e+11
  78   78  4.000000e+11
 284  278 -2.240011e+15
 272  266 -2.240011e+15
 171  177 -6.565378e+07
 153  147 -6.565378e+07
 307  307  1.120022e+15
 438  438  4.000000e+11
 140  146 -2.240011e+15
 516  510 -2.000000e+11
 567  561 -6.565378e+07
  30   24 -2.000000e+11
 200  206 -2.240011e+15
 288  282 -2.000000e+11
 237  231 -6.565378e+07
 235  235  1.120022e+15
 452  452  4.480022e+15
 534  528 -2.000000e+11
 567  573 -6.565378e+07
 433  433  1.120022e+15
 390  384 -2.000000e+11
 253  253  1.120022e+15
 476  482 -2.240011e+15
 361  361  1.120022e+15
 451  457 -5.600112e+14
 325  325  1.120022e+15
 339  345 -6.565378e+07
 276  282 -2.000000e+11
 391  397 -5.600112e+14
 151  151  1.120022e+15
 572  578 -2.240011e+15
 462  456 -2.000000e+11
 285  285  1.313076e+08
  81   87 -6.565378e+07
 319  319  1.120022e+15
 333  333  1.313076e+08
 169  169  1.120022e+15
  31   25 -5.600112e+14
 541  535 -5.600112e+14
 560  566 -2.240011e+15
  27   21 -6.565378e+07
 246  252 -2.000000e+11
 164  158 -2.240011e+15
 225  219 -6.565378e+07
 433  427 -5.600112e+14
 486  486  4.000000e+11
 411  417 -6.565378e+07
 414  420 -2.000000e+11
 219  213 -6.565378e+07
 336  342 -2.000000e+11
 283  277 -5.600112e+14
 495  501 -6.565378e+07
 564  564  4.000000e+11
 393  393  1.313076e+08
 552  558 -2.000000e+11
 410  410  4.480022e+15
 110  110  4.480022e+15
 469  469  1.120022e+15
 410  416 -2.240011e+15
 294  300 -2.000000e+11
 141  141  1.313076e+08
 175  175  1.120022e+15
 507  513 -6.565378e+07
   2    2  2.240011e+15
 536  530 -2.240011e+15
 231  237 -6.565378e+07
 525  519 -6.565378e+07
 457  457  1.120022e+15
 561  555 -6.565378e+07
 259  265 -5.600112e+14
 327  321 -6.565378e+07
 288  288  4.000000e+11
 325  319 -5.600112e+14
 297  303 -6.565378e+07
 115  109 -5.600112e+14
 267  267  1.313076e+08
 570  564 -2.000000e+11
 139  139  1.120022e+15
 144  138 -2.000000e+11
 236  230 -2.240011e+15
 549  555 -6.565378e+07
 213  213  1.313076e+08
 402  396 -2.000000e+11
 141  135 -6.565378e+07
 367  367  1.120022e+15
 357  363 -6.565378e+07
 416  422 -2.240011e+15
 488  488  4.480022e+15
  61   61  1.120022e+15
 297  291 -6.565378e+07
 597  597  1.313076e+08
   7   13 -5.600112e+14
 453  459 -6.565378e+07
 229  223 -5.600112e+14
 294  288 -2.000000e+11
  74   74  4.480022e+15
  80   86 -2.240011e+15
 596  596  4.480022e+15
 375  375  1.313076e+08
 446  446  4.480022e+15
 468  474 -2.000000e+11
 429  435 -6.565378e+07
 493  493  1.120022e+15
 513  513  1.313076e+08
  98   98  4.480022e+15
  97   91 -5.600112e+14
 314  320 -2.240011e+15
 270  264 -2.000000e+11
 303  303  1.313076e+08
  84   78 -2.000000e+11
  54   60 -2.000000e+11
   8   14 -2.240011e+15
 289  283 -5.600112e+14
 450  444 -2.000000e+11
 309  303 -6.565378e+07
 492  492  4.000000e+11
 271  271  1.120022e+15
 165  159 -6.565378e+07
 241  241  1.120022e+15
 249  249  1.313076e+08
 429  423 -6.565378e+07
 559  553 -5.600112e+14
 204  204  4.000000e+11
 596  590 -2.240011e+15
  48   48  4.000000e+11
 405  399 -6.565378e+07
 217  223 -5.600112e+14
  43   37 -5.600112e+14
  21   27 -6.565378e+07
 432  426 -2.000000e+11
 525  525  1.313076e+08
 356  350 -2.240011e+15
 330  330  4.000000e+11
 207  207  1.313076e+08
 332  326 -2.240011e+15
 596  602 -2.240011e+15
 504  510 -2.000000e+11
 536  542 -2.240011e+15
 573  579 -6.565378e+07
 516  522 -2.000000e+11
 162  168 -2.000000e+11
 384  384  4.000000e+11
 444  444  4.000000e+11
 278  284 -2.240011e+15
 571  571  1.120022e+15
 180  180  4.000000e+11
  36   36  4.000000e+11
 258  264 -2.000000e+11
 255  249 -6.565378e+07
 170  176 -2.240011e+15
 111  105 -6.565378e+07
 578  584 -2.240011e+15
  74   68 -2.240011e+15
 145  151 -5.600112e+14
 378  378  4.000000e+11
  15    9 -6.565378e+07
 399  399  1.313076e+08
  57   57  1.313076e+08
 403  397 -5.600112e+14
 254  260 -2.240011e+15
 435  441 -6.565378e+07
 537  531 -6.565378e+07
 595  595  1.120022e+15
  90   84 -2.000000e+11
 403  403  1.120022e+15
 444  438 -2.000000e+11
  85   85  1.120022e+15
 175  169 -5.600112e+14
 188  194 -2.240011e+15
 519  513 -6.565378e+07
 559  565 -5.600112e+14
 552  552  4.000000e+11
  66   66  4.000000e+11
  96   96  4.000000e+11
  68   74 -2.240011e+15
 224  218 -2.240011e+15
  42   36 -2.000000e+11
 128  122 -2.240011e+15
 513  507 -6.565378e+07
 447  447  1.313076e+08
  99   93 -6.565378e+07
 146  140 -2.240011e+15
 230  230  4.480022e+15
 385  385  1.120022e+15
  19   19  1.120022e+15
 385  379 -5.600112e+14
 116  122 -2.240011e+15
 324  324  4.000000e+11
  18   18  4.000000e+11
  44   50 -2.240011e+15 (Module: assembly, Line: 375)
2025-06-16 17:05:59,389 [INFO] 💾 Global stiffness matrix saved to: \\mull.sms.ed.ac.uk\home\s1834431\Win7\Desktop\fem_model\post_processing\results\job_0010_2025-06-16_17-05-54-663429_pid62308_f8de0977\primary_results\01_K_global.csv (Module: assembly, Line: 316)
2025-06-16 17:05:59,402 [INFO] 💾 Global force vector saved to: \\mull.sms.ed.ac.uk\home\s1834431\Win7\Desktop\fem_model\post_processing\results\job_0010_2025-06-16_17-05-54-663429_pid62308_f8de0977\primary_results\02_F_global.csv (Module: assembly, Line: 331)
2025-06-16 17:05:59,403 [INFO] 📊 Performance Metrics:
  Assembly Time: 0.14s
  Elements Processed: 100
  Matrix Density: 3.28e-03
  Memory Usage: 0.01MB
  Processing Rate: 732.9 elements/s (Module: assembly, Line: 351)
2025-06-16 17:05:59,403 [INFO] ✅ Assembly complete. (Module: assembly, Line: 123)
