2025-06-16 17:06:00,110 [DEBUG] 📁 Log file created at: \\mull.sms.ed.ac.uk\home\s1834431\Win7\Desktop\fem_model\post_processing\results\job_0010_2025-06-16_17-05-54-663429_pid62308_f8de0977\logs\SolveCondensedSystem.log (Module: solver, Line: 93)
2025-06-16 17:06:00,112 [WARNING] Condition estimation failed: cg() got an unexpected keyword argument 'tol' (Module: solver, Line: 150)
2025-06-16 17:06:00,112 [INFO] Condensed condition estimate: inf (Module: solver, Line: 189)
2025-06-16 17:06:00,113 [DEBUG] Starting iterative solve on condensed system (Module: solver, Line: 165)
2025-06-16 17:06:00,114 [DEBUG] Iter 10 | Residual: 1.00e+05 (Module: solver, Line: 171)
2025-06-16 17:06:00,115 [DEBUG] Iter 20 | Residual: 1.00e+05 (Module: solver, Line: 171)
2025-06-16 17:06:00,116 [DEBUG] Iter 30 | Residual: 1.00e+05 (Module: solver, Line: 171)
2025-06-16 17:06:00,117 [DEBUG] Iter 40 | Residual: 1.00e+05 (Module: solver, Line: 171)
2025-06-16 17:06:00,118 [DEBUG] Iter 50 | Residual: 1.00e+05 (Module: solver, Line: 171)
2025-06-16 17:06:00,119 [DEBUG] Iter 60 | Residual: 1.00e+05 (Module: solver, Line: 171)
2025-06-16 17:06:00,119 [DEBUG] Iter 70 | Residual: 1.00e+05 (Module: solver, Line: 171)
2025-06-16 17:06:00,120 [DEBUG] Iter 80 | Residual: 1.00e+05 (Module: solver, Line: 171)
2025-06-16 17:06:00,121 [DEBUG] Iter 90 | Residual: 1.00e+05 (Module: solver, Line: 171)
2025-06-16 17:06:00,122 [DEBUG] Iter 100 | Residual: 3.07e-08 (Module: solver, Line: 171)
2025-06-16 17:06:00,122 [INFO] Condensed residual norm: 3.07e-08 (Module: solver, Line: 183)
2025-06-16 17:06:00,123 [INFO] 📊 Condensed Solver Report: (Module: solver, Line: 207)
2025-06-16 17:06:00,123 [INFO] --- CONDENSED_SYSTEM --- (Module: solver, Line: 209)
2025-06-16 17:06:00,124 [INFO] dofs: 400 (Module: solver, Line: 217)
2025-06-16 17:06:00,125 [INFO] nonzeros: 1192 (Module: solver, Line: 217)
2025-06-16 17:06:00,125 [INFO] density: 7.4500e-03 (Module: solver, Line: 217)
2025-06-16 17:06:00,126 [INFO] sparsity_pattern: (400, 400) (Module: solver, Line: 217)
2025-06-16 17:06:00,126 [INFO] --- PERFORMANCE --- (Module: solver, Line: 209)
2025-06-16 17:06:00,127 [INFO] time - total: 8.6705e-03 (Module: solver, Line: 213)
2025-06-16 17:06:00,128 [INFO] condition: inf (Module: solver, Line: 217)
2025-06-16 17:06:00,128 [INFO] residuals: ['1.0000e+05', '1.0000e+05', '1.0000e+05', '1.0000e+05', '1.0000e+05', '1.0000e+05', '1.0000e+05', '1.0000e+05', '1.0000e+05', '1.0000e+05', '1.0000e+05', '1.0000e+05', '1.0000e+05', '1.0000e+05', '1.0000e+05', '1.0000e+05', '1.0000e+05', '1.0000e+05', '1.0000e+05', '1.0000e+05', '1.0000e+05', '1.0000e+05', '1.0000e+05', '1.0000e+05', '1.0000e+05', '1.0000e+05', '1.0000e+05', '1.0000e+05', '1.0000e+05', '1.0000e+05', '1.0000e+05', '1.0000e+05', '1.0000e+05', '1.0000e+05', '1.0000e+05', '1.0000e+05', '1.0000e+05', '1.0000e+05', '1.0000e+05', '1.0000e+05', '1.0000e+05', '1.0000e+05', '1.0000e+05', '1.0000e+05', '1.0000e+05', '1.0000e+05', '1.0000e+05', '1.0000e+05', '1.0000e+05', '1.0000e+05', '1.0000e+05', '1.0000e+05', '1.0000e+05', '1.0000e+05', '1.0000e+05', '1.0000e+05', '1.0000e+05', '1.0000e+05', '1.0000e+05', '1.0000e+05', '1.0000e+05', '1.0000e+05', '1.0000e+05', '1.0000e+05', '1.0000e+05', '1.0000e+05', '1.0000e+05', '1.0000e+05', '1.0000e+05', '1.0000e+05', '1.0000e+05', '1.0000e+05', '1.0000e+05', '1.0000e+05', '1.0000e+05', '1.0000e+05', '1.0000e+05', '1.0000e+05', '1.0000e+05', '1.0000e+05', '1.0000e+05', '1.0000e+05', '1.0000e+05', '1.0000e+05', '1.0000e+05', '1.0000e+05', '1.0000e+05', '1.0000e+05', '1.0000e+05', '1.0000e+05', '1.0000e+05', '1.0000e+05', '1.0000e+05', '1.0000e+05', '1.0000e+05', '1.0000e+05', '1.0000e+05', '1.0000e+05', '1.0000e+05', '3.0688e-08'] (Module: solver, Line: 215)
2025-06-16 17:06:00,129 [INFO] memory: [] (Module: solver, Line: 215)
