Machine Specifications:
   - OS: Windows 11 (10.0.22631)
   - CPU: Intel64 Family 6 Model 151 Stepping 2, GenuineIntel (20 cores)
   - RAM: 31.24 GB
   - Python Version: 3.12.5

Job: job_0001
Timestamp (job start): 2025-03-16_22-31-53
Total Time: 4.19 sec

+-------------------------------+------------+---------------+-------------+-----------+
| Step                          |   Time (s) |   Memory (MB) |   Disk (GB) |   CPU (%) |
+===============================+============+===============+=============+===========+
| Parsing                       | 0.00754905 |       105.883 |     759.095 |         0 |
+-------------------------------+------------+---------------+-------------+-----------+
| Element Instantiation         | 0          |       105.93  |     759.095 |         0 |
+-------------------------------+------------+---------------+-------------+-----------+
| Element Stiffness Computation | 1.84751    |       106.312 |     759.101 |         0 |
+-------------------------------+------------+---------------+-------------+-----------+
| Element Force Computation     | 0.416015   |       106.359 |     759.102 |         0 |
+-------------------------------+------------+---------------+-------------+-----------+
| Setup Simulation              | 0          |       106.395 |     759.103 |         0 |
+-------------------------------+------------+---------------+-------------+-----------+
| Assemble Global Matrices      | 0.0362439  |       108.516 |     759.103 |         0 |
+-------------------------------+------------+---------------+-------------+-----------+
| Modify Global Matrices        | 0.0422139  |       109.215 |     759.103 |         0 |
+-------------------------------+------------+---------------+-------------+-----------+
| Solve Linear Static System    | 0.616934   |       124.613 |     759.104 |         0 |
+-------------------------------+------------+---------------+-------------+-----------+
| Compute Primary Results       | 0.00406313 |       124.621 |     759.104 |         0 |
+-------------------------------+------------+---------------+-------------+-----------+
| Save Primary Results          | 0.0868666  |       124.672 |     759.105 |         0 |
+-------------------------------+------------+---------------+-------------+-----------+

Parallel Jobs: job_0003, job_0002
Start Memory: 105.79 MB | End Memory: 124.67 MB
Start Disk Usage: 759.10 GB | End Disk Usage: 759.10 GB
Start CPU: 0.00% | End CPU: 0.00%
