Machine Specifications:
   - OS: Windows 10 (10.0.19045)
   - CPU: Intel64 Family 6 Model 94 Stepping 3, GenuineIntel (4 cores)
   - RAM: 15.96 GB
   - Python Version: 3.11.0

Job: job_0004
Timestamp (job start): 2025-04-08_17-27-14
Total Time: 4.72 sec

+-------------------------------+------------+---------------+-------------+-----------+
| Step                          |   Time (s) |   Memory (MB) |   Disk (GB) |   CPU (%) |
+===============================+============+===============+=============+===========+
| Parsing                       | 0.00401711 |       101.094 |     336.723 |         0 |
+-------------------------------+------------+---------------+-------------+-----------+
| Element Instantiation         | 0.0169179  |       101.125 |     336.723 |         0 |
+-------------------------------+------------+---------------+-------------+-----------+
| Element Stiffness Computation | 2.11373    |       101.43  |     336.727 |         0 |
+-------------------------------+------------+---------------+-------------+-----------+
| Element Force Computation     | 0.477634   |       101.457 |     336.729 |         0 |
+-------------------------------+------------+---------------+-------------+-----------+
| Setup Simulation              | 0          |       101.484 |     336.729 |         0 |
+-------------------------------+------------+---------------+-------------+-----------+
| Assemble Global Matrices      | 0.0383711  |       103.434 |     336.729 |         0 |
+-------------------------------+------------+---------------+-------------+-----------+
| Modify Global Matrices        | 0.253358   |       103.898 |     336.73  |         0 |
+-------------------------------+------------+---------------+-------------+-----------+
| Solve Linear Static System    | 0.550012   |       121.117 |     336.73  |         0 |
+-------------------------------+------------+---------------+-------------+-----------+
| Compute Primary Results       | 0.0219405  |       121.125 |     336.73  |         0 |
+-------------------------------+------------+---------------+-------------+-----------+
| Save Primary Results          | 0.053417   |       121.164 |     336.73  |         0 |
+-------------------------------+------------+---------------+-------------+-----------+

Parallel Jobs: job_0001, job_0003, job_0002
Start Memory: 100.90 MB | End Memory: 121.16 MB
Start Disk Usage: 336.72 GB | End Disk Usage: 336.70 GB
Start CPU: 0.00% | End CPU: 0.00%
