Machine Specifications:
   - OS: Windows 10 (10.0.19045)
   - CPU: Intel64 Family 6 Model 94 Stepping 3, GenuineIntel (4 cores)
   - RAM: 15.96 GB
   - Python Version: 3.11.0

Job: job_0002
Timestamp (job start): 2025-02-22_18-11-35
Total Time: 2.28 sec

+-------------------------------+-------------+---------------+-------------+-----------+
| Step                          |    Time (s) |   Memory (MB) |   Disk (GB) |   CPU (%) |
+===============================+=============+===============+=============+===========+
| Parsing                       | 0.0139623   |       72.5664 |     315.793 |         0 |
+-------------------------------+-------------+---------------+-------------+-----------+
| Element Instantiation         | 0.0488653   |       72.6406 |     315.793 |         0 |
+-------------------------------+-------------+---------------+-------------+-----------+
| Element Stiffness Computation | 0.302782    |       72.9297 |     315.793 |         0 |
+-------------------------------+-------------+---------------+-------------+-----------+
| Element Force Computation     | 0.114694    |       72.9648 |     315.793 |         0 |
+-------------------------------+-------------+---------------+-------------+-----------+
| Setup Simulation              | 0           |       72.9805 |     315.793 |         0 |
+-------------------------------+-------------+---------------+-------------+-----------+
| Assemble Global Matrices      | 0.07041     |       73.1602 |     315.793 |         0 |
+-------------------------------+-------------+---------------+-------------+-----------+
| Modify Global Matrices        | 0.000997782 |       73.3477 |     315.793 |         0 |
+-------------------------------+-------------+---------------+-------------+-----------+
| Solve Linear Static System    | 0.510233    |       90.2969 |     315.793 |         0 |
+-------------------------------+-------------+---------------+-------------+-----------+
| Compute Primary Results       | 0.0478716   |       90.332  |     315.793 |         0 |
+-------------------------------+-------------+---------------+-------------+-----------+
| Save Primary Results          | 0.0259299   |       90.4102 |     315.793 |         0 |
+-------------------------------+-------------+---------------+-------------+-----------+

Parallel Jobs: job_0001
Start Memory: 72.09 MB | End Memory: 90.41 MB
Start Disk Usage: 315.79 GB | End Disk Usage: 315.79 GB
Start CPU: 0.00% | End CPU: 0.00%
