Machine Specifications:
   - OS: Windows 10 (10.0.19045)
   - CPU: Intel64 Family 6 Model 94 Stepping 3, GenuineIntel (4 cores)
   - RAM: 15.96 GB
   - Python Version: 3.11.0

Job: job_0001
Timestamp (job start): 2025-04-08_17-27-14
Total Time: 4.25 sec

+-------------------------------+------------+---------------+-------------+-----------+
| Step                          |   Time (s) |   Memory (MB) |   Disk (GB) |   CPU (%) |
+===============================+============+===============+=============+===========+
| Parsing                       | 0.0012145  |       100.844 |     336.723 |         0 |
+-------------------------------+------------+---------------+-------------+-----------+
| Element Instantiation         | 0.00480247 |       100.875 |     336.723 |         0 |
+-------------------------------+------------+---------------+-------------+-----------+
| Element Stiffness Computation | 2.08083    |       101.316 |     336.726 |         0 |
+-------------------------------+------------+---------------+-------------+-----------+
| Element Force Computation     | 0.121114   |       101.598 |     336.727 |         0 |
+-------------------------------+------------+---------------+-------------+-----------+
| Setup Simulation              | 0          |       101.625 |     336.728 |         0 |
+-------------------------------+------------+---------------+-------------+-----------+
| Assemble Global Matrices      | 0.131334   |       103.59  |     336.728 |         0 |
+-------------------------------+------------+---------------+-------------+-----------+
| Modify Global Matrices        | 0.0708108  |       104.102 |     336.729 |         0 |
+-------------------------------+------------+---------------+-------------+-----------+
| Solve Linear Static System    | 0.635709   |       120.898 |     336.73  |         0 |
+-------------------------------+------------+---------------+-------------+-----------+
| Compute Primary Results       | 0.0151434  |       120.91  |     336.73  |         0 |
+-------------------------------+------------+---------------+-------------+-----------+
| Save Primary Results          | 0.0199466  |       120.934 |     336.73  |         0 |
+-------------------------------+------------+---------------+-------------+-----------+

Parallel Jobs: None
Start Memory: 100.76 MB | End Memory: 120.93 MB
Start Disk Usage: 336.72 GB | End Disk Usage: 336.73 GB
Start CPU: 0.00% | End CPU: 0.00%
