2025-06-15 21:13:18,575 [DEBUG] 📁 Log file created at: \\mull.sms.ed.ac.uk\home\s1834431\Win7\Desktop\fem_model\post_processing\results\job_0010_2025-06-15_21-13-12-698996_pid39132_b4fcff10\logs\ModifyGlobalSystem.log (Module: boundary_conditions, Line: 82)
2025-06-15 21:13:18,576 [INFO] 🔧 Applying stabilized boundary conditions... (Module: boundary_conditions, Line: 100)
2025-06-15 21:13:18,577 [DEBUG] Computed penalty value: 4.48e+51 (Module: boundary_conditions, Line: 126)
2025-06-15 21:13:18,579 [DEBUG] 
======================================== System Diagnostics ======================================== (Module: boundary_conditions, Line: 171)
2025-06-15 21:13:18,579 [DEBUG] Original Non-zeros: 1204
Modified Non-zeros: 1398
Penalty Value: 4.48e+51
Stabilization Factor: 4.48e+41 (Module: boundary_conditions, Line: 183)
2025-06-15 21:13:18,590 [DEBUG] 
Matrix Sample (COO format):
 Row  Col         Value
  23   23  4.480022e+41
 363  357 -6.565378e+07
 288  288  4.480022e+41
 408  408  4.480022e+41
 206  212 -2.240011e+15
   7   13 -5.600112e+14
 379  385 -5.600112e+14
 117  111 -6.565378e+07
 511  517 -5.600112e+14
 206  206  4.480022e+41
 319  319  4.480022e+41
  66   72 -2.000000e+11
 488  488  4.480022e+41
   1    1  4.480022e+51
 165  165  4.480022e+41
 521  521  4.480022e+41
 373  379 -5.600112e+14
 414  420 -2.000000e+11
 381  387 -6.565378e+07
 494  494  4.480022e+41
 297  291 -6.565378e+07
 367  367  4.480022e+41
 416  410 -2.240011e+15
 505  505  4.480022e+41
  22   22  4.480022e+41
 431  431  4.480022e+41
 453  459 -6.565378e+07
 405  405  4.480022e+41
 352  352  4.480022e+41
  26   26  4.480022e+41
  36   36  4.480022e+41
 476  470 -2.240011e+15
 465  459 -6.565378e+07
 584  578 -2.240011e+15
 141  147 -6.565378e+07
 442  442  4.480022e+41
 259  265 -5.600112e+14
 425  425  4.480022e+41
 493  493  4.480022e+41
 583  577 -5.600112e+14
  96   90 -2.000000e+11
 260  260  4.480022e+41
 294  300 -2.000000e+11
 205  205  4.480022e+41
 292  292  4.480022e+41
 529  529  4.480022e+41
 356  356  4.480022e+41
 423  423  4.480022e+41
 532  532  4.480022e+41
 464  458 -2.240011e+15
 459  465 -6.565378e+07
 587  587  4.480022e+41
 105  105  4.480022e+41
 389  389  4.480022e+41
 171  165 -6.565378e+07
  58   58  4.480022e+41
 517  511 -5.600112e+14
 150  144 -2.000000e+11
 117  117  4.480022e+41
 296  296  4.480022e+41
 246  252 -2.000000e+11
 186  186  4.480022e+41
 596  602 -2.240011e+15
 507  501 -6.565378e+07
 597  597  4.480022e+41
 537  543 -6.565378e+07
 552  552  4.480022e+41
 317  317  4.480022e+41
  56   50 -2.240011e+15
 254  260 -2.240011e+15
 523  523  4.480022e+41
 429  429  4.480022e+41
 553  553  4.480022e+41
 312  318 -2.000000e+11
 307  307  4.480022e+41
  19   25 -5.600112e+14
 381  381  4.480022e+41
 129  129  4.480022e+41
 491  491  4.480022e+41
 160  160  4.480022e+41
 409  409  4.480022e+41
  28   28  4.480022e+41
  87   87  4.480022e+41
 441  435 -6.565378e+07
 441  447 -6.565378e+07
 285  279 -6.565378e+07
  68   74 -2.240011e+15
 453  447 -6.565378e+07
 301  307 -5.600112e+14
 566  566  4.480022e+41
 336  330 -2.000000e+11
  54   60 -2.000000e+11
 600  594 -2.000000e+11
  72   66 -2.000000e+11
  43   49 -5.600112e+14
  96  102 -2.000000e+11
 399  405 -6.565378e+07
 189  195 -6.565378e+07
 330  330  4.480022e+41
 399  399  4.480022e+41
 223  223  4.480022e+41
 288  294 -2.000000e+11
 593  593  4.480022e+41
   9    9  4.480022e+41
 153  153  4.480022e+41
 522  522  4.480022e+41
  97   97  4.480022e+41
 481  481  4.480022e+41
 273  267 -6.565378e+07
 232  232  4.480022e+41
 361  367 -5.600112e+14
  99   93 -6.565378e+07
 210  210  4.480022e+41
 300  300  4.480022e+41
 402  408 -2.000000e+11
 265  265  4.480022e+41
 530  530  4.480022e+41
 434  434  4.480022e+41
 355  361 -5.600112e+14
  99   99  4.480022e+41
 338  332 -2.240011e+15
 326  332 -2.240011e+15
  73   73  4.480022e+41
 192  186 -2.000000e+11
 512  506 -2.240011e+15
  68   62 -2.240011e+15
 558  552 -2.000000e+11
 260  254 -2.240011e+15
 512  512  4.480022e+41
 498  498  4.480022e+41
 241  235 -5.600112e+14
 397  403 -5.600112e+14
 534  534  4.480022e+41
 459  453 -6.565378e+07
 231  225 -6.565378e+07
  86   80 -2.240011e+15
 296  302 -2.240011e+15
 542  542  4.480022e+41
 242  248 -2.240011e+15
  15    9 -6.565378e+07
 409  403 -5.600112e+14
 176  176  4.480022e+41
 410  410  4.480022e+41
 531  531  4.480022e+41
 581  581  4.480022e+41
 122  128 -2.240011e+15
 552  546 -2.000000e+11
  80   80  4.480022e+41
 218  218  4.480022e+41
 517  523 -5.600112e+14
  16   16  4.480022e+41
 354  354  4.480022e+41
 278  272 -2.240011e+15
 115  109 -5.600112e+14
 507  513 -6.565378e+07
 174  180 -2.000000e+11
 134  134  4.480022e+41
 248  248  4.480022e+41
 477  483 -6.565378e+07
  84   84  4.480022e+41
 115  121 -5.600112e+14
 187  181 -5.600112e+14
 278  278  4.480022e+41
 470  470  4.480022e+41
 212  212  4.480022e+41
 254  254  4.480022e+41
 211  217 -5.600112e+14
  55   49 -5.600112e+14
  45   39 -6.565378e+07
 277  271 -5.600112e+14
 447  447  4.480022e+41
  43   37 -5.600112e+14
 477  471 -6.565378e+07
  63   57 -6.565378e+07
  50   50  4.480022e+41
 396  396  4.480022e+41
 452  446 -2.240011e+15
  27   33 -6.565378e+07
 332  326 -2.240011e+15
 237  237  4.480022e+41
 320  326 -2.240011e+15
 416  422 -2.240011e+15
 278  284 -2.240011e+15
 482  482  4.480022e+41
 177  183 -6.565378e+07
 140  140  4.480022e+41
 428  434 -2.240011e+15
 365  365  4.480022e+41
 175  181 -5.600112e+14
 259  253 -5.600112e+14
 492  498 -2.000000e+11
  90   96 -2.000000e+11
 204  198 -2.000000e+11
  15   21 -6.565378e+07
 529  535 -5.600112e+14
 298  298  4.480022e+41
 510  510  4.480022e+41
  92   86 -2.240011e+15
   6   12 -2.000000e+11
  83   83  4.480022e+41
 135  141 -6.565378e+07
 145  145  4.480022e+41
 603  597 -6.565378e+07
 137  137  4.480022e+41
 470  464 -2.240011e+15
  48   48  4.480022e+41
 329  329  4.480022e+41
 525  531 -6.565378e+07
 197  197  4.480022e+41
 451  451  4.480022e+41
 550  550  4.480022e+41
 393  399 -6.565378e+07
 266  272 -2.240011e+15
 117  123 -6.565378e+07
 261  267 -6.565378e+07
 111  117 -6.565378e+07
  85   91 -5.600112e+14
 505  499 -5.600112e+14
 572  578 -2.240011e+15
 570  570  4.480022e+41
 159  165 -6.565378e+07
 109  103 -5.600112e+14
 108  114 -2.000000e+11
 492  492  4.480022e+41
 321  315 -6.565378e+07
 540  534 -2.000000e+11
 487  493 -5.600112e+14
  14   14  4.480022e+41
 393  393  4.480022e+41
 595  601 -5.600112e+14
 132  132  4.480022e+41
 242  242  4.480022e+41
 573  573  4.480022e+41
 564  558 -2.000000e+11
 378  372 -2.000000e+11
  44   50 -2.240011e+15
 228  234 -2.000000e+11
 103   97 -5.600112e+14
 157  163 -5.600112e+14
 332  338 -2.240011e+15
  84   90 -2.000000e+11
 485  485  4.480022e+41
 482  476 -2.240011e+15
  24   30 -2.000000e+11
 103  103  4.480022e+41
 273  279 -6.565378e+07
  93   87 -6.565378e+07
 207  207  4.480022e+41
  76   76  4.480022e+41
 504  510 -2.000000e+11
 598  598  4.480022e+41
 384  390 -2.000000e+11
 354  360 -2.000000e+11
  98  104 -2.240011e+15
 357  357  4.480022e+41
  38   38  4.480022e+41
 450  450  4.480022e+41
 512  518 -2.240011e+15
  93   93  4.480022e+41
 590  596 -2.240011e+15
 229  223 -5.600112e+14
  41   41  4.480022e+41
 266  266  4.480022e+41
  89   89  4.480022e+41
 375  381 -6.565378e+07
 202  202  4.480022e+41
 211  205 -5.600112e+14
 219  219  4.480022e+41
 362  362  4.480022e+41
 308  302 -2.240011e+15
 322  322  4.480022e+41
 464  470 -2.240011e+15
 463  457 -5.600112e+14
 166  166  4.480022e+41
 437  437  4.480022e+41
  24   18 -2.000000e+11
 283  283  4.480022e+41
 171  177 -6.565378e+07
 426  426  4.480022e+41
 130  130  4.480022e+41
 149  149  4.480022e+41
 185  185  4.480022e+41
  12    6 -2.000000e+11
 513  513  4.480022e+41
 307  301 -5.600112e+14
 312  312  4.480022e+41
 428  422 -2.240011e+15
  88   88  4.480022e+41
 414  414  4.480022e+41
 277  277  4.480022e+41
 489  495 -6.565378e+07
 228  228  4.480022e+41
 213  207 -6.565378e+07
  60   60  4.480022e+41
 331  337 -5.600112e+14
  78   72 -2.000000e+11
 132  138 -2.000000e+11
 426  420 -2.000000e+11
 371  371  4.480022e+41
 456  450 -2.000000e+11
 229  229  4.480022e+41
 105   99 -6.565378e+07
 231  231  4.480022e+41
 507  507  4.480022e+41
 126  120 -2.000000e+11
 493  499 -5.600112e+14
 255  255  4.480022e+41
  80   74 -2.240011e+15
 153  159 -6.565378e+07
 186  192 -2.000000e+11
 111  111  4.480022e+41
 350  356 -2.240011e+15
  86   86  4.480022e+41
  61   67 -5.600112e+14
 367  373 -5.600112e+14
 438  438  4.480022e+41
 434  440 -2.240011e+15
  30   36 -2.000000e+11
 372  372  4.480022e+41
 469  463 -5.600112e+14
  25   19 -5.600112e+14
 309  303 -6.565378e+07
 449  449  4.480022e+41
 573  579 -6.565378e+07
 247  247  4.480022e+41
 585  579 -6.565378e+07
 151  157 -5.600112e+14
  47   47  4.480022e+41
 199  199  4.480022e+41
  94   94  4.480022e+41
 435  429 -6.565378e+07
 102  102  4.480022e+41
  18   24 -2.000000e+11
 400  400  4.480022e+41
 165  171 -6.565378e+07
 140  134 -2.240011e+15
  51   51  4.480022e+41
 176  182 -2.240011e+15
  54   54  4.480022e+41
 178  178  4.480022e+41
 234  228 -2.000000e+11
 504  504  4.480022e+41
 273  273  4.480022e+41
 354  348 -2.000000e+11
 493  487 -5.600112e+14
  92   98 -2.240011e+15
 457  457  4.480022e+41
 403  403  4.480022e+41
 266  260 -2.240011e+15
 123  117 -6.565378e+07
 548  548  4.480022e+41
 388  388  4.480022e+41
 237  243 -6.565378e+07
 243  237 -6.565378e+07
 287  287  4.480022e+41
 220  220  4.480022e+41
  84   78 -2.000000e+11
  68   68  4.480022e+41
 289  283 -5.600112e+14
 427  433 -5.600112e+14
 559  559  4.480022e+41
 434  428 -2.240011e+15
 578  578  4.480022e+41
 565  565  4.480022e+41
 152  146 -2.240011e+15
 520  520  4.480022e+41
 594  588 -2.000000e+11
 589  583 -5.600112e+14
 516  516  4.480022e+41
 355  355  4.480022e+41
 398  404 -2.240011e+15
 421  415 -5.600112e+14
 246  246  4.480022e+41
 549  549  4.480022e+41
  60   54 -2.000000e+11
 231  237 -6.565378e+07
  86   92 -2.240011e+15
 528  534 -2.000000e+11
   0    0  4.480022e+51
 536  542 -2.240011e+15
 243  249 -6.565378e+07
 584  584  4.480022e+41
 324  324  4.480022e+41
  72   72  4.480022e+41
 577  571 -5.600112e+14
 313  313  4.480022e+41
 301  295 -5.600112e+14
 157  157  4.480022e+41
  63   69 -6.565378e+07
 534  528 -2.000000e+11
 341  341  4.480022e+41
 576  582 -2.000000e+11
 423  417 -6.565378e+07
 295  289 -5.600112e+14
 294  294  4.480022e+41
 133  133  4.480022e+41
 438  444 -2.000000e+11
 427  427  4.480022e+41
 308  314 -2.240011e+15
  35   35  4.480022e+41
   3    3  4.480022e+51
 524  518 -2.240011e+15
 555  561 -6.565378e+07
 280  280  4.480022e+41
 225  231 -6.565378e+07
 480  480  4.480022e+41
 577  577  4.480022e+41
 524  530 -2.240011e+15
 368  362 -2.240011e+15
 375  375  4.480022e+41
 324  330 -2.000000e+11
  42   36 -2.000000e+11
  90   90  4.480022e+41
 188  194 -2.240011e+15
 357  363 -6.565378e+07
 294  288 -2.000000e+11
 540  540  4.480022e+41
 474  474  4.480022e+41
 334  334  4.480022e+41
 296  290 -2.240011e+15
 548  542 -2.240011e+15
 406  406  4.480022e+41
 219  225 -6.565378e+07
 349  349  4.480022e+41
 248  242 -2.240011e+15
 549  543 -6.565378e+07
 484  484  4.480022e+41
 209  209  4.480022e+41
 444  438 -2.000000e+11
 271  277 -5.600112e+14
  11   11  4.480022e+41
 201  201  4.480022e+41
  90   84 -2.000000e+11
 582  576 -2.000000e+11
 578  584 -2.240011e+15
 523  529 -5.600112e+14
 410  416 -2.240011e+15
 380  386 -2.240011e+15
 182  188 -2.240011e+15
 165  159 -6.565378e+07
 571  577 -5.600112e+14
 561  561  4.480022e+41
  91   91  4.480022e+41
 281  281  4.480022e+41
 265  259 -5.600112e+14
  65   65  4.480022e+41
 344  344  4.480022e+41
 583  589 -5.600112e+14
 171  171  4.480022e+41
  62   62  4.480022e+41
 141  135 -6.565378e+07
  85   79 -5.600112e+14
 405  399 -6.565378e+07
  25   31 -5.600112e+14
 115  115  4.480022e+41
 602  602  4.480022e+41
 447  441 -6.565378e+07
 433  427 -5.600112e+14
 446  452 -2.240011e+15
  50   44 -2.240011e+15
 345  339 -6.565378e+07
 579  585 -6.565378e+07
 127  121 -5.600112e+14
  73   79 -5.600112e+14
 337  343 -5.600112e+14
 196  196  4.480022e+41
 393  387 -6.565378e+07
 547  553 -5.600112e+14
 542  536 -2.240011e+15
 272  278 -2.240011e+15
 595  589 -5.600112e+14
   9   15 -6.565378e+07
 454  454  4.480022e+41
 192  192  4.480022e+41
 575  575  4.480022e+41
 168  162 -2.000000e+11
 295  295  4.480022e+41
 399  393 -6.565378e+07
 456  462 -2.000000e+11
 177  177  4.480022e+41
  85   85  4.480022e+41
 457  451 -5.600112e+14
 397  391 -5.600112e+14
 540  546 -2.000000e+11
 369  363 -6.565378e+07
 138  138  4.480022e+41
 327  333 -6.565378e+07
 336  336  4.480022e+41
 235  229 -5.600112e+14
 462  456 -2.000000e+11
 159  159  4.480022e+41
  37   43 -5.600112e+14
 217  217  4.480022e+41
 289  289  4.480022e+41
 180  186 -2.000000e+11
 499  505 -5.600112e+14
 415  409 -5.600112e+14
 366  366  4.480022e+41
 427  421 -5.600112e+14
 572  566 -2.240011e+15
 411  411  4.480022e+41
 452  452  4.480022e+41
 325  319 -5.600112e+14
 560  566 -2.240011e+15
 290  284 -2.240011e+15
 313  307 -5.600112e+14
 276  270 -2.000000e+11
 195  195  4.480022e+41
 148  148  4.480022e+41
 561  555 -6.565378e+07
  82   82  4.480022e+41
 200  194 -2.240011e+15
 236  230 -2.240011e+15
 435  435  4.480022e+41
 596  596  4.480022e+41
 396  402 -2.000000e+11
  15   15  4.480022e+41
 125  125  4.480022e+41
 401  401  4.480022e+41
 279  279  4.480022e+41
 252  252  4.480022e+41
 213  219 -6.565378e+07
 141  141  4.480022e+41
 582  588 -2.000000e+11
 451  445 -5.600112e+14
 169  169  4.480022e+41
  31   37 -5.600112e+14
 505  511 -5.600112e+14
 533  533  4.480022e+41
 501  501  4.480022e+41
 162  168 -2.000000e+11
  67   73 -5.600112e+14
 154  154  4.480022e+41
 402  396 -2.000000e+11
 146  152 -2.240011e+15
 215  215  4.480022e+41
 417  411 -6.565378e+07
 270  276 -2.000000e+11
 363  369 -6.565378e+07
 169  175 -5.600112e+14
 110  110  4.480022e+41
 578  572 -2.240011e+15
 565  571 -5.600112e+14
 101  101  4.480022e+41
 421  427 -5.600112e+14
 153  147 -6.565378e+07
 378  384 -2.000000e+11
 535  535  4.480022e+41
 339  345 -6.565378e+07
 183  183  4.480022e+41
 240  234 -2.000000e+11
 504  498 -2.000000e+11
 559  565 -5.600112e+14
 443  443  4.480022e+41
 439  439  4.480022e+41
 544  544  4.480022e+41
 526  526  4.480022e+41
 257  257  4.480022e+41
 114  108 -2.000000e+11
 383  383  4.480022e+41
 259  259  4.480022e+41
 465  471 -6.565378e+07
 535  529 -5.600112e+14
  72   78 -2.000000e+11
 592  592  4.480022e+41
 199  193 -5.600112e+14
 525  519 -6.565378e+07
 577  583 -5.600112e+14
 537  537  4.480022e+41
 556  556  4.480022e+41
 112  112  4.480022e+41
 519  525 -6.565378e+07
 469  475 -5.600112e+14
 338  338  4.480022e+41
 381  375 -6.565378e+07
 390  384 -2.000000e+11
 474  468 -2.000000e+11
  91   97 -5.600112e+14
 597  591 -6.565378e+07
 368  374 -2.240011e+15
  71   71  4.480022e+41
 229  235 -5.600112e+14
 337  337  4.480022e+41
 145  151 -5.600112e+14
 138  132 -2.000000e+11
 534  540 -2.000000e+11
  87   93 -6.565378e+07
 513  519 -6.565378e+07
 193  187 -5.600112e+14
 102   96 -2.000000e+11
  39   39  4.480022e+41
 212  206 -2.240011e+15
  19   19  4.480022e+41
 219  213 -6.565378e+07
 241  241  4.480022e+41
 351  345 -6.565378e+07
 181  181  4.480022e+41
 261  255 -6.565378e+07
 386  380 -2.240011e+15
  13   19 -5.600112e+14
 104  110 -2.240011e+15
 463  469 -5.600112e+14
 518  518  4.480022e+41
 560  560  4.480022e+41
 264  270 -2.000000e+11
 516  510 -2.000000e+11
  31   25 -5.600112e+14
 330  324 -2.000000e+11
 367  361 -5.600112e+14
 543  537 -6.565378e+07
 325  325  4.480022e+41
 385  385  4.480022e+41
 211  211  4.480022e+41
 477  477  4.480022e+41
 192  198 -2.000000e+11
 460  460  4.480022e+41
 364  364  4.480022e+41
 164  158 -2.240011e+15
 150  150  4.480022e+41
 109  115 -5.600112e+14
 499  493 -5.600112e+14
 498  504 -2.000000e+11
 342  348 -2.000000e+11
 392  398 -2.240011e+15
 218  224 -2.240011e+15
   7    7  4.480022e+41
 182  176 -2.240011e+15
 358  358  4.480022e+41
  75   75  4.480022e+41
 603  603  4.480022e+41
  20   26 -2.240011e+15
 480  474 -2.000000e+11
 387  387  4.480022e+41
 235  241 -5.600112e+14
 426  432 -2.000000e+11
 359  359  4.480022e+41
 447  453 -6.565378e+07
 164  170 -2.240011e+15
 583  583  4.480022e+41
 432  426 -2.000000e+11
  32   26 -2.240011e+15
 500  506 -2.240011e+15
 237  231 -6.565378e+07
  46   46  4.480022e+41
 152  152  4.480022e+41
 347  347  4.480022e+41
 342  342  4.480022e+41
 135  135  4.480022e+41
 475  481 -5.600112e+14
  97  103 -5.600112e+14
 385  379 -5.600112e+14
  66   66  4.480022e+41
 386  386  4.480022e+41
 247  241 -5.600112e+14
 348  348  4.480022e+41
 123  123  4.480022e+41
 554  548 -2.240011e+15
  38   32 -2.240011e+15
 299  299  4.480022e+41
 110  116 -2.240011e+15
  98   92 -2.240011e+15
 150  156 -2.000000e+11
  14    8 -2.240011e+15
  64   64  4.480022e+41
 170  164 -2.240011e+15
 258  264 -2.000000e+11
 116  110 -2.240011e+15
 146  140 -2.240011e+15
 348  354 -2.000000e+11
 465  465  4.480022e+41
  59   59  4.480022e+41
  50   56 -2.240011e+15
 264  264  4.480022e+41
 279  273 -6.565378e+07
 417  417  4.480022e+41
  56   62 -2.240011e+15
  42   48 -2.000000e+11
 536  536  4.480022e+41
 271  265 -5.600112e+14
 404  404  4.480022e+41
 559  553 -5.600112e+14
 566  572 -2.240011e+15
  51   57 -6.565378e+07
 373  367 -5.600112e+14
 402  402  4.480022e+41
 445  451 -5.600112e+14
 445  439 -5.600112e+14
 119  119  4.480022e+41
 451  457 -5.600112e+14
 482  488 -2.240011e+15
 488  494 -2.240011e+15
 146  146  4.480022e+41
 330  336 -2.000000e+11
 116  122 -2.240011e+15
 500  494 -2.240011e+15
  13    7 -5.600112e+14
 356  350 -2.240011e+15
 282  288 -2.000000e+11
 306  306  4.480022e+41
  17   17  4.480022e+41
  67   67  4.480022e+41
 553  547 -5.600112e+14
 205  199 -5.600112e+14
 518  512 -2.240011e+15
 573  567 -6.565378e+07
 169  163 -5.600112e+14
 392  386 -2.240011e+15
 506  512 -2.240011e+15
 458  458  4.480022e+41
 546  540 -2.000000e+11
 318  324 -2.000000e+11
 450  444 -2.000000e+11
 337  331 -5.600112e+14
 151  145 -5.600112e+14
   6    6  4.480022e+41
  77   77  4.480022e+41
 420  420  4.480022e+41
  34   34  4.480022e+41
 597  603 -6.565378e+07
 244  244  4.480022e+41
  24   24  4.480022e+41
 514  514  4.480022e+41
 111  105 -6.565378e+07
 155  155  4.480022e+41
 445  445  4.480022e+41
 374  374  4.480022e+41
 601  601  4.480022e+41
 351  357 -6.565378e+07
 569  569  4.480022e+41
 418  418  4.480022e+41
 342  336 -2.000000e+11
 495  495  4.480022e+41
 223  229 -5.600112e+14
 234  240 -2.000000e+11
 270  264 -2.000000e+11
 602  596 -2.240011e+15
 222  222  4.480022e+41
 264  258 -2.000000e+11
  66   60 -2.000000e+11
 129  135 -6.565378e+07
 291  285 -6.565378e+07
 466  466  4.480022e+41
 100  100  4.480022e+41
  33   27 -6.565378e+07
 441  441  4.480022e+41
 462  468 -2.000000e+11
 414  408 -2.000000e+11
 328  328  4.480022e+41
  78   78  4.480022e+41
 108  108  4.480022e+41
 248  254 -2.240011e+15
 471  465 -6.565378e+07
 343  349 -5.600112e+14
 315  309 -6.565378e+07
 487  481 -5.600112e+14
 483  477 -6.565378e+07
 571  565 -5.600112e+14
  62   68 -2.240011e+15
 224  218 -2.240011e+15
 408  414 -2.000000e+11
 335  335  4.480022e+41
 350  350  4.480022e+41
 344  338 -2.240011e+15
  74   68 -2.240011e+15
  32   38 -2.240011e+15
  36   42 -2.000000e+11
 201  207 -6.565378e+07
 216  222 -2.000000e+11
  80   86 -2.240011e+15
 251  251  4.480022e+41
 217  223 -5.600112e+14
 366  372 -2.000000e+11
 284  284  4.480022e+41
 576  570 -2.000000e+11
 468  462 -2.000000e+11
 306  300 -2.000000e+11
 136  136  4.480022e+41
 519  519  4.480022e+41
 391  391  4.480022e+41
 312  306 -2.000000e+11
 235  235  4.480022e+41
 188  182 -2.240011e+15
 591  585 -6.565378e+07
 412  412  4.480022e+41
 189  189  4.480022e+41
 133  127 -5.600112e+14
  18   12 -2.000000e+11
 163  169 -5.600112e+14
 433  439 -5.600112e+14
 564  564  4.480022e+41
 277  283 -5.600112e+14
 224  230 -2.240011e+15
 118  118  4.480022e+41
 481  487 -5.600112e+14
 147  141 -6.565378e+07
 531  537 -6.565378e+07
 500  500  4.480022e+41
 210  216 -2.000000e+11
 432  438 -2.000000e+11
 369  375 -6.565378e+07
 420  426 -2.000000e+11
 604  604  4.480022e+41
 182  182  4.480022e+41
 584  590 -2.240011e+15
 239  239  4.480022e+41
 422  416 -2.240011e+15
 194  200 -2.240011e+15
  57   57  4.480022e+41
 543  543  4.480022e+41
 109  109  4.480022e+41
 436  436  4.480022e+41
 570  564 -2.000000e+11
 184  184  4.480022e+41
  37   31 -5.600112e+14
 340  340  4.480022e+41
 456  456  4.480022e+41
 156  162 -2.000000e+11
 331  325 -5.600112e+14
 580  580  4.480022e+41
  29   29  4.480022e+41
 376  376  4.480022e+41
 475  475  4.480022e+41
 601  595 -5.600112e+14
 297  303 -6.565378e+07
 213  213  4.480022e+41
 258  258  4.480022e+41
 362  356 -2.240011e+15
 349  355 -5.600112e+14
 158  158  4.480022e+41
 310  310  4.480022e+41
 124  124  4.480022e+41
 361  361  4.480022e+41
  25   25  4.480022e+41
  42   42  4.480022e+41
 170  170  4.480022e+41
 193  199 -5.600112e+14
 508  508  4.480022e+41
 373  373  4.480022e+41
 302  302  4.480022e+41
 326  320 -2.240011e+15
 176  170 -2.240011e+15
 440  440  4.480022e+41
  69   69  4.480022e+41
 183  177 -6.565378e+07
 476  476  4.480022e+41
 290  296 -2.240011e+15
 582  582  4.480022e+41
 363  363  4.480022e+41
 590  590  4.480022e+41
 588  588  4.480022e+41
 180  180  4.480022e+41
  69   75 -6.565378e+07
 120  120  4.480022e+41
  55   55  4.480022e+41
 293  293  4.480022e+41
 421  421  4.480022e+41
   4    4  4.480022e+51
 253  247 -5.600112e+14
 366  360 -2.000000e+11
 594  594  4.480022e+41
  74   80 -2.240011e+15
 552  558 -2.000000e+11
 276  276  4.480022e+41
  27   27  4.480022e+41
 502  502  4.480022e+41
 230  236 -2.240011e+15
  45   45  4.480022e+41
 225  219 -6.565378e+07
 300  306 -2.000000e+11
 181  175 -5.600112e+14
 217  211 -5.600112e+14
  81   75 -6.565378e+07
 200  206 -2.240011e+15
  67   61 -5.600112e+14
  33   33  4.480022e+41
 128  134 -2.240011e+15
 415  415  4.480022e+41
 588  594 -2.000000e+11
  69   63 -6.565378e+07
 173  173  4.480022e+41
 473  473  4.480022e+41
 483  483  4.480022e+41
 233  233  4.480022e+41
 110  104 -2.240011e+15
 506  506  4.480022e+41
  96   96  4.480022e+41
 380  380  4.480022e+41
 164  164  4.480022e+41
 139  145 -5.600112e+14
  12   18 -2.000000e+11
 387  381 -6.565378e+07
  79   73 -5.600112e+14
 188  188  4.480022e+41
 303  309 -6.565378e+07
 151  151  4.480022e+41
 147  147  4.480022e+41
 274  274  4.480022e+41
 417  423 -6.565378e+07
 198  198  4.480022e+41
 396  390 -2.000000e+11
 554  560 -2.240011e+15
 369  369  4.480022e+41
  21   27 -6.565378e+07
 528  522 -2.000000e+11
 535  541 -5.600112e+14
 133  139 -5.600112e+14
 409  415 -5.600112e+14
  52   52  4.480022e+41
  18   18  4.480022e+41
 594  600 -2.000000e+11
 204  210 -2.000000e+11
 368  368  4.480022e+41
 311  311  4.480022e+41
 422  428 -2.240011e+15
  48   54 -2.000000e+11
  75   69 -6.565378e+07
 177  171 -6.565378e+07
 461  461  4.480022e+41
 321  327 -6.565378e+07
 313  319 -5.600112e+14
 126  132 -2.000000e+11
 103  109 -5.600112e+14
 525  525  4.480022e+41
 201  195 -6.565378e+07
 360  360  4.480022e+41
 230  224 -2.240011e+15
 560  554 -2.240011e+15
  20   20  4.480022e+41
  63   63  4.480022e+41
  14   20 -2.240011e+15
 435  441 -6.565378e+07
 290  290  4.480022e+41
  81   87 -6.565378e+07
 522  516 -2.000000e+11
 522  528 -2.000000e+11
 497  497  4.480022e+41
 403  397 -5.600112e+14
  20   14 -2.240011e+15
  91   85 -5.600112e+14
 361  355 -5.600112e+14
 517  517  4.480022e+41
 309  309  4.480022e+41
 212  218 -2.240011e+15
 591  591  4.480022e+41
 568  568  4.480022e+41
 518  524 -2.240011e+15
 346  346  4.480022e+41
 163  163  4.480022e+41
 320  314 -2.240011e+15
 193  193  4.480022e+41
 551  551  4.480022e+41
 147  153 -6.565378e+07
 422  422  4.480022e+41
 104  104  4.480022e+41
 339  333 -6.565378e+07
 489  489  4.480022e+41
 267  267  4.480022e+41
 596  590 -2.240011e+15
 263  263  4.480022e+41
 555  549 -6.565378e+07
 121  121  4.480022e+41
 599  599  4.480022e+41
 398  398  4.480022e+41
 360  354 -2.000000e+11
 471  477 -6.565378e+07
 567  573 -6.565378e+07
  21   15 -6.565378e+07
  44   44  4.480022e+41
  26   32 -2.240011e+15
 195  201 -6.565378e+07
 351  351  4.480022e+41
 528  528  4.480022e+41
 291  291  4.480022e+41
 285  285  4.480022e+41
 516  522 -2.000000e+11
 391  385 -5.600112e+14
 486  492 -2.000000e+11
 320  320  4.480022e+41
 571  571  4.480022e+41
  97   91 -5.600112e+14
 558  558  4.480022e+41
 145  139 -5.600112e+14
 483  489 -6.565378e+07
 372  366 -2.000000e+11
 407  407  4.480022e+41
 524  524  4.480022e+41
 210  204 -2.000000e+11
 159  153 -6.565378e+07
 319  325 -5.600112e+14
 167  167  4.480022e+41
 127  127  4.480022e+41
 198  204 -2.000000e+11
 194  188 -2.240011e+15
 174  168 -2.000000e+11
 271  271  4.480022e+41
 419  419  4.480022e+41
 142  142  4.480022e+41
  45   51 -6.565378e+07
 238  238  4.480022e+41
 398  392 -2.240011e+15 (Module: boundary_conditions, Line: 195)
2025-06-15 21:13:18,591 [DEBUG] 
Condition Estimate: 1.0e+10 (Module: boundary_conditions, Line: 201)
2025-06-15 21:13:18,596 [INFO] ✅ Boundary conditions applied in 0.02s (Module: boundary_conditions, Line: 114)
