2025-04-30 18:05:44,796 - pre_processing.element_library.element_1D_base - DEBUG - Element Stiffness Matrix Computation (Element ID: 0)
2025-04-30 18:05:44,797 - pre_processing.element_library.element_1D_base - DEBUG - Element Length (L): 2.000000e+00, Jacobian determinant (detJ): 1.000000e+00
2025-04-30 18:05:44,797 - pre_processing.element_library.element_1D_base - DEBUG - Material Stiffness Matrix (D):
2025-04-30 18:05:44,798 - pre_processing.element_library.element_1D_base - DEBUG - [[1.82200e+08 0.00000e+00 0.00000e+00 0.00000e+00]
 [0.00000e+00 2.00400e+11 0.00000e+00 0.00000e+00]
 [0.00000e+00 0.00000e+00 2.00800e+11 0.00000e+00]
 [0.00000e+00 0.00000e+00 0.00000e+00 8.96153e+02]]
2025-04-30 18:05:44,799 - pre_processing.element_library.element_1D_base - DEBUG - 
----- Gauss Point 1/3 -----
2025-04-30 18:05:44,800 - pre_processing.element_library.element_1D_base - DEBUG - Natural Coordinate (xi): -7.745967e-01, Gauss Weight: 5.555556e-01
2025-04-30 18:05:44,800 - pre_processing.element_library.element_1D_base - DEBUG - Shape Function First Derivatives (dN_dxi):
2025-04-30 18:05:44,802 - pre_processing.element_library.element_1D_base - DEBUG - [[-0.5       0.        0.        0.        0.        0.      ]
 [ 0.        8.24758   0.        0.        0.        0.      ]
 [ 0.        0.        8.24758   0.        0.        0.      ]
 [ 0.        0.        0.       -0.5       0.        0.      ]
 [ 0.        0.        0.        0.       -5.898387  0.      ]
 [ 0.        0.        0.        0.        0.        5.898387]
 [ 0.5       0.        0.        0.        0.        0.      ]
 [ 0.       -8.24758   0.        0.        0.        0.      ]
 [ 0.        0.       -8.24758   0.        0.        0.      ]
 [ 0.        0.        0.        0.5       0.        0.      ]
 [ 0.        0.        0.        0.       -3.349193  0.      ]
 [ 0.        0.        0.        0.        0.        3.349193]]
2025-04-30 18:05:44,803 - pre_processing.element_library.element_1D_base - DEBUG - Shape Function Second Derivatives (d2N_dxi2):
2025-04-30 18:05:44,804 - pre_processing.element_library.element_1D_base - DEBUG - [[  0.        0.        0.        0.        0.        0.     ]
 [  0.      -15.29516   0.        0.        0.        0.     ]
 [  0.        0.      -15.29516   0.        0.        0.     ]
 [  0.        0.        0.        0.        0.        0.     ]
 [  0.        0.        0.        0.        8.64758   0.     ]
 [  0.        0.        0.        0.        0.       -8.64758]
 [  0.        0.        0.        0.        0.        0.     ]
 [  0.       15.29516   0.        0.        0.        0.     ]
 [  0.        0.       15.29516   0.        0.        0.     ]
 [  0.        0.        0.        0.        0.        0.     ]
 [  0.        0.        0.        0.        6.64758   0.     ]
 [  0.        0.        0.        0.        0.       -6.64758]]
2025-04-30 18:05:44,804 - pre_processing.element_library.element_1D_base - DEBUG - Strain-Displacement Matrix (B):
2025-04-30 18:05:44,805 - pre_processing.element_library.element_1D_base - DEBUG - [[ -0.5       0.        0.        0.        0.        0.        0.5
    0.        0.        0.        0.        0.     ]
 [  0.      -15.29516   0.        0.        0.       -8.64758   0.
   15.29516   0.        0.        0.       -6.64758]
 [  0.        0.      -15.29516   0.        8.64758   0.        0.
    0.       15.29516   0.        6.64758   0.     ]
 [  0.        0.        0.       -0.5       0.        0.        0.
    0.        0.        0.5       0.        0.     ]]
2025-04-30 18:05:44,806 - pre_processing.element_library.element_1D_base - DEBUG - Strain-Displacement Matrix Transpose (B.T):
2025-04-30 18:05:44,807 - pre_processing.element_library.element_1D_base - DEBUG - [[ -0.5       0.        0.        0.     ]
 [  0.      -15.29516   0.        0.     ]
 [  0.        0.      -15.29516   0.     ]
 [  0.        0.        0.       -0.5    ]
 [  0.        0.        8.64758   0.     ]
 [  0.       -8.64758   0.        0.     ]
 [  0.5       0.        0.        0.     ]
 [  0.       15.29516   0.        0.     ]
 [  0.        0.       15.29516   0.     ]
 [  0.        0.        0.        0.5    ]
 [  0.        0.        6.64758   0.     ]
 [  0.       -6.64758   0.        0.     ]]
2025-04-30 18:05:44,807 - pre_processing.element_library.element_1D_base - DEBUG - Element Stiffness Matrix Contribution at Gauss Point:
2025-04-30 18:05:44,809 - pre_processing.element_library.element_1D_base - DEBUG - [[ 2.530556e+07  0.000000e+00  0.000000e+00  0.000000e+00  0.000000e+00
   0.000000e+00 -2.530556e+07  0.000000e+00  0.000000e+00  0.000000e+00
   0.000000e+00  0.000000e+00]
 [ 0.000000e+00  2.604553e+13  0.000000e+00  0.000000e+00  0.000000e+00
   1.472563e+13  0.000000e+00 -2.604553e+13  0.000000e+00  0.000000e+00
   0.000000e+00  1.131991e+13]
 [ 0.000000e+00  0.000000e+00  2.609752e+13  0.000000e+00 -1.475502e+13
   0.000000e+00  0.000000e+00  0.000000e+00 -2.609752e+13  0.000000e+00
  -1.134250e+13  0.000000e+00]
 [ 0.000000e+00  0.000000e+00  0.000000e+00  1.244657e+02  0.000000e+00
   0.000000e+00  0.000000e+00  0.000000e+00  0.000000e+00 -1.244657e+02
   0.000000e+00  0.000000e+00]
 [ 0.000000e+00  0.000000e+00 -1.475502e+13  0.000000e+00  8.342196e+12
   0.000000e+00  0.000000e+00  0.000000e+00  1.475502e+13  0.000000e+00
   6.412825e+12  0.000000e+00]
 [ 0.000000e+00  1.472563e+13  0.000000e+00  0.000000e+00  0.000000e+00
   8.325578e+12  0.000000e+00 -1.472563e+13  0.000000e+00  0.000000e+00
   0.000000e+00  6.400050e+12]
 [-2.530556e+07  0.000000e+00  0.000000e+00  0.000000e+00  0.000000e+00
   0.000000e+00  2.530556e+07  0.000000e+00  0.000000e+00  0.000000e+00
   0.000000e+00  0.000000e+00]
 [ 0.000000e+00 -2.604553e+13  0.000000e+00  0.000000e+00  0.000000e+00
  -1.472563e+13  0.000000e+00  2.604553e+13  0.000000e+00  0.000000e+00
   0.000000e+00 -1.131991e+13]
 [ 0.000000e+00  0.000000e+00 -2.609752e+13  0.000000e+00  1.475502e+13
   0.000000e+00  0.000000e+00  0.000000e+00  2.609752e+13  0.000000e+00
   1.134250e+13  0.000000e+00]
 [ 0.000000e+00  0.000000e+00  0.000000e+00 -1.244657e+02  0.000000e+00
   0.000000e+00  0.000000e+00  0.000000e+00  0.000000e+00  1.244657e+02
   0.000000e+00  0.000000e+00]
 [ 0.000000e+00  0.000000e+00 -1.134250e+13  0.000000e+00  6.412825e+12
   0.000000e+00  0.000000e+00  0.000000e+00  1.134250e+13  0.000000e+00
   4.929676e+12  0.000000e+00]
 [ 0.000000e+00  1.131991e+13  0.000000e+00  0.000000e+00  0.000000e+00
   6.400050e+12  0.000000e+00 -1.131991e+13  0.000000e+00  0.000000e+00
   0.000000e+00  4.919856e+12]]
2025-04-30 18:05:44,810 - pre_processing.element_library.element_1D_base - DEBUG - 
2025-04-30 18:05:44,811 - pre_processing.element_library.element_1D_base - DEBUG - 
----- Gauss Point 2/3 -----
2025-04-30 18:05:44,811 - pre_processing.element_library.element_1D_base - DEBUG - Natural Coordinate (xi): 0.000000e+00, Gauss Weight: 8.888889e-01
2025-04-30 18:05:44,812 - pre_processing.element_library.element_1D_base - DEBUG - Shape Function First Derivatives (dN_dxi):
2025-04-30 18:05:44,813 - pre_processing.element_library.element_1D_base - DEBUG - [[-0.5  0.   0.   0.   0.   0. ]
 [ 0.   0.   0.   0.   0.   0. ]
 [ 0.   0.   0.   0.   0.   0. ]
 [ 0.   0.   0.  -0.5  0.   0. ]
 [ 0.   0.   0.   0.  -1.   0. ]
 [ 0.   0.   0.   0.   0.   1. ]
 [ 0.5  0.   0.   0.   0.   0. ]
 [ 0.   0.   0.   0.   0.   0. ]
 [ 0.   0.   0.   0.   0.   0. ]
 [ 0.   0.   0.   0.5  0.   0. ]
 [ 0.   0.   0.   0.  -0.   0. ]
 [ 0.   0.   0.   0.   0.   0. ]]
2025-04-30 18:05:44,814 - pre_processing.element_library.element_1D_base - DEBUG - Shape Function Second Derivatives (d2N_dxi2):
2025-04-30 18:05:44,815 - pre_processing.element_library.element_1D_base - DEBUG - [[ 0.  0.  0.  0.  0.  0.]
 [ 0. -6.  0.  0.  0.  0.]
 [ 0.  0. -6.  0.  0.  0.]
 [ 0.  0.  0.  0.  0.  0.]
 [ 0.  0.  0.  0.  4.  0.]
 [ 0.  0.  0.  0.  0. -4.]
 [ 0.  0.  0.  0.  0.  0.]
 [ 0.  6.  0.  0.  0.  0.]
 [ 0.  0.  6.  0.  0.  0.]
 [ 0.  0.  0.  0.  0.  0.]
 [ 0.  0.  0.  0.  2.  0.]
 [ 0.  0.  0.  0.  0. -2.]]
2025-04-30 18:05:44,816 - pre_processing.element_library.element_1D_base - DEBUG - Strain-Displacement Matrix (B):
2025-04-30 18:05:44,817 - pre_processing.element_library.element_1D_base - DEBUG - [[-0.5  0.   0.   0.   0.   0.   0.5  0.   0.   0.   0.   0. ]
 [ 0.  -6.   0.   0.   0.  -4.   0.   6.   0.   0.   0.  -2. ]
 [ 0.   0.  -6.   0.   4.   0.   0.   0.   6.   0.   2.   0. ]
 [ 0.   0.   0.  -0.5  0.   0.   0.   0.   0.   0.5  0.   0. ]]
2025-04-30 18:05:44,817 - pre_processing.element_library.element_1D_base - DEBUG - Strain-Displacement Matrix Transpose (B.T):
2025-04-30 18:05:44,818 - pre_processing.element_library.element_1D_base - DEBUG - [[-0.5  0.   0.   0. ]
 [ 0.  -6.   0.   0. ]
 [ 0.   0.  -6.   0. ]
 [ 0.   0.   0.  -0.5]
 [ 0.   0.   4.   0. ]
 [ 0.  -4.   0.   0. ]
 [ 0.5  0.   0.   0. ]
 [ 0.   6.   0.   0. ]
 [ 0.   0.   6.   0. ]
 [ 0.   0.   0.   0.5]
 [ 0.   0.   2.   0. ]
 [ 0.  -2.   0.   0. ]]
2025-04-30 18:05:44,819 - pre_processing.element_library.element_1D_base - DEBUG - Element Stiffness Matrix Contribution at Gauss Point:
2025-04-30 18:05:44,820 - pre_processing.element_library.element_1D_base - DEBUG - [[ 4.048889e+07  0.000000e+00  0.000000e+00  0.000000e+00  0.000000e+00
   0.000000e+00 -4.048889e+07  0.000000e+00  0.000000e+00  0.000000e+00
   0.000000e+00  0.000000e+00]
 [ 0.000000e+00  6.412800e+12  0.000000e+00  0.000000e+00  0.000000e+00
   4.275200e+12  0.000000e+00 -6.412800e+12  0.000000e+00  0.000000e+00
   0.000000e+00  2.137600e+12]
 [ 0.000000e+00  0.000000e+00  6.425600e+12  0.000000e+00 -4.283733e+12
   0.000000e+00  0.000000e+00  0.000000e+00 -6.425600e+12  0.000000e+00
  -2.141867e+12  0.000000e+00]
 [ 0.000000e+00  0.000000e+00  0.000000e+00  1.991451e+02  0.000000e+00
   0.000000e+00  0.000000e+00  0.000000e+00  0.000000e+00 -1.991451e+02
   0.000000e+00  0.000000e+00]
 [ 0.000000e+00  0.000000e+00 -4.283733e+12  0.000000e+00  2.855822e+12
   0.000000e+00  0.000000e+00  0.000000e+00  4.283733e+12  0.000000e+00
   1.427911e+12  0.000000e+00]
 [ 0.000000e+00  4.275200e+12  0.000000e+00  0.000000e+00  0.000000e+00
   2.850133e+12  0.000000e+00 -4.275200e+12  0.000000e+00  0.000000e+00
   0.000000e+00  1.425067e+12]
 [-4.048889e+07  0.000000e+00  0.000000e+00  0.000000e+00  0.000000e+00
   0.000000e+00  4.048889e+07  0.000000e+00  0.000000e+00  0.000000e+00
   0.000000e+00  0.000000e+00]
 [ 0.000000e+00 -6.412800e+12  0.000000e+00  0.000000e+00  0.000000e+00
  -4.275200e+12  0.000000e+00  6.412800e+12  0.000000e+00  0.000000e+00
   0.000000e+00 -2.137600e+12]
 [ 0.000000e+00  0.000000e+00 -6.425600e+12  0.000000e+00  4.283733e+12
   0.000000e+00  0.000000e+00  0.000000e+00  6.425600e+12  0.000000e+00
   2.141867e+12  0.000000e+00]
 [ 0.000000e+00  0.000000e+00  0.000000e+00 -1.991451e+02  0.000000e+00
   0.000000e+00  0.000000e+00  0.000000e+00  0.000000e+00  1.991451e+02
   0.000000e+00  0.000000e+00]
 [ 0.000000e+00  0.000000e+00 -2.141867e+12  0.000000e+00  1.427911e+12
   0.000000e+00  0.000000e+00  0.000000e+00  2.141867e+12  0.000000e+00
   7.139556e+11  0.000000e+00]
 [ 0.000000e+00  2.137600e+12  0.000000e+00  0.000000e+00  0.000000e+00
   1.425067e+12  0.000000e+00 -2.137600e+12  0.000000e+00  0.000000e+00
   0.000000e+00  7.125333e+11]]
2025-04-30 18:05:44,821 - pre_processing.element_library.element_1D_base - DEBUG - 
2025-04-30 18:05:44,822 - pre_processing.element_library.element_1D_base - DEBUG - 
----- Gauss Point 3/3 -----
2025-04-30 18:05:44,822 - pre_processing.element_library.element_1D_base - DEBUG - Natural Coordinate (xi): 7.745967e-01, Gauss Weight: 5.555556e-01
2025-04-30 18:05:44,823 - pre_processing.element_library.element_1D_base - DEBUG - Shape Function First Derivatives (dN_dxi):
2025-04-30 18:05:44,824 - pre_processing.element_library.element_1D_base - DEBUG - [[-0.5       0.        0.        0.        0.        0.      ]
 [ 0.       -1.04758   0.        0.        0.        0.      ]
 [ 0.        0.       -1.04758   0.        0.        0.      ]
 [ 0.        0.        0.       -0.5       0.        0.      ]
 [ 0.        0.        0.        0.        0.298387  0.      ]
 [ 0.        0.        0.        0.        0.       -0.298387]
 [ 0.5       0.        0.        0.        0.        0.      ]
 [ 0.        1.04758   0.        0.        0.        0.      ]
 [ 0.        0.        1.04758   0.        0.        0.      ]
 [ 0.        0.        0.        0.5       0.        0.      ]
 [ 0.        0.        0.        0.       -0.250807  0.      ]
 [ 0.        0.        0.        0.        0.        0.250807]]
2025-04-30 18:05:44,824 - pre_processing.element_library.element_1D_base - DEBUG - Shape Function Second Derivatives (d2N_dxi2):
2025-04-30 18:05:44,825 - pre_processing.element_library.element_1D_base - DEBUG - [[ 0.       0.       0.       0.       0.       0.     ]
 [ 0.       3.29516  0.       0.       0.       0.     ]
 [ 0.       0.       3.29516  0.       0.       0.     ]
 [ 0.       0.       0.       0.       0.       0.     ]
 [ 0.       0.       0.       0.      -0.64758  0.     ]
 [ 0.       0.       0.       0.       0.       0.64758]
 [ 0.       0.       0.       0.       0.       0.     ]
 [ 0.      -3.29516  0.       0.       0.       0.     ]
 [ 0.       0.      -3.29516  0.       0.       0.     ]
 [ 0.       0.       0.       0.       0.       0.     ]
 [ 0.       0.       0.       0.      -2.64758  0.     ]
 [ 0.       0.       0.       0.       0.       2.64758]]
2025-04-30 18:05:44,826 - pre_processing.element_library.element_1D_base - DEBUG - Strain-Displacement Matrix (B):
2025-04-30 18:05:44,826 - pre_processing.element_library.element_1D_base - DEBUG - [[-0.5      0.       0.       0.       0.       0.       0.5      0.
   0.       0.       0.       0.     ]
 [ 0.       3.29516  0.       0.       0.       0.64758  0.      -3.29516
   0.       0.       0.       2.64758]
 [ 0.       0.       3.29516  0.      -0.64758  0.       0.       0.
  -3.29516  0.      -2.64758  0.     ]
 [ 0.       0.       0.      -0.5      0.       0.       0.       0.
   0.       0.5      0.       0.     ]]
2025-04-30 18:05:44,829 - pre_processing.element_library.element_1D_base - DEBUG - Strain-Displacement Matrix Transpose (B.T):
2025-04-30 18:05:44,830 - pre_processing.element_library.element_1D_base - DEBUG - [[-0.5      0.       0.       0.     ]
 [ 0.       3.29516  0.       0.     ]
 [ 0.       0.       3.29516  0.     ]
 [ 0.       0.       0.      -0.5    ]
 [ 0.       0.      -0.64758  0.     ]
 [ 0.       0.64758  0.       0.     ]
 [ 0.5      0.       0.       0.     ]
 [ 0.      -3.29516  0.       0.     ]
 [ 0.       0.      -3.29516  0.     ]
 [ 0.       0.       0.       0.5    ]
 [ 0.       0.      -2.64758  0.     ]
 [ 0.       2.64758  0.       0.     ]]
2025-04-30 18:05:44,831 - pre_processing.element_library.element_1D_base - DEBUG - Element Stiffness Matrix Contribution at Gauss Point:
2025-04-30 18:05:44,832 - pre_processing.element_library.element_1D_base - DEBUG - [[ 2.530556e+07  0.000000e+00  0.000000e+00  0.000000e+00  0.000000e+00
   0.000000e+00 -2.530556e+07  0.000000e+00  0.000000e+00  0.000000e+00
   0.000000e+00  0.000000e+00]
 [ 0.000000e+00  1.208866e+12  0.000000e+00  0.000000e+00  0.000000e+00
   2.375719e+11  0.000000e+00 -1.208866e+12  0.000000e+00  0.000000e+00
   0.000000e+00  9.712942e+11]
 [ 0.000000e+00  0.000000e+00  1.211279e+12  0.000000e+00 -2.380461e+11
   0.000000e+00  0.000000e+00  0.000000e+00 -1.211279e+12  0.000000e+00
  -9.732330e+11  0.000000e+00]
 [ 0.000000e+00  0.000000e+00  0.000000e+00  1.244657e+02  0.000000e+00
   0.000000e+00  0.000000e+00  0.000000e+00  0.000000e+00 -1.244657e+02
   0.000000e+00  0.000000e+00]
 [ 0.000000e+00  0.000000e+00 -2.380461e+11  0.000000e+00  4.678192e+10
   0.000000e+00  0.000000e+00  0.000000e+00  2.380461e+11  0.000000e+00
   1.912642e+11  0.000000e+00]
 [ 0.000000e+00  2.375719e+11  0.000000e+00  0.000000e+00  0.000000e+00
   4.668873e+10  0.000000e+00 -2.375719e+11  0.000000e+00  0.000000e+00
   0.000000e+00  1.908832e+11]
 [-2.530556e+07  0.000000e+00  0.000000e+00  0.000000e+00  0.000000e+00
   0.000000e+00  2.530556e+07  0.000000e+00  0.000000e+00  0.000000e+00
   0.000000e+00  0.000000e+00]
 [ 0.000000e+00 -1.208866e+12  0.000000e+00  0.000000e+00  0.000000e+00
  -2.375719e+11  0.000000e+00  1.208866e+12  0.000000e+00  0.000000e+00
   0.000000e+00 -9.712942e+11]
 [ 0.000000e+00  0.000000e+00 -1.211279e+12  0.000000e+00  2.380461e+11
   0.000000e+00  0.000000e+00  0.000000e+00  1.211279e+12  0.000000e+00
   9.732330e+11  0.000000e+00]
 [ 0.000000e+00  0.000000e+00  0.000000e+00 -1.244657e+02  0.000000e+00
   0.000000e+00  0.000000e+00  0.000000e+00  0.000000e+00  1.244657e+02
   0.000000e+00  0.000000e+00]
 [ 0.000000e+00  0.000000e+00 -9.732330e+11  0.000000e+00  1.912642e+11
   0.000000e+00  0.000000e+00  0.000000e+00  9.732330e+11  0.000000e+00
   7.819687e+11  0.000000e+00]
 [ 0.000000e+00  9.712942e+11  0.000000e+00  0.000000e+00  0.000000e+00
   1.908832e+11  0.000000e+00 -9.712942e+11  0.000000e+00  0.000000e+00
   0.000000e+00  7.804110e+11]]
2025-04-30 18:05:44,834 - pre_processing.element_library.element_1D_base - DEBUG - 
2025-04-30 18:05:44,835 - pre_processing.element_library.element_1D_base - DEBUG - 
===== Final Element Stiffness Matrix (Ke) =====
2025-04-30 18:05:44,837 - pre_processing.element_library.element_1D_base - DEBUG - [[ 9.110000e+07  0.000000e+00  0.000000e+00  0.000000e+00  0.000000e+00
   0.000000e+00 -9.110000e+07  0.000000e+00  0.000000e+00  0.000000e+00
   0.000000e+00  0.000000e+00]
 [ 0.000000e+00  3.366720e+13  0.000000e+00  0.000000e+00  0.000000e+00
   1.923840e+13  0.000000e+00 -3.366720e+13  0.000000e+00  0.000000e+00
   0.000000e+00  1.442880e+13]
 [ 0.000000e+00  0.000000e+00  3.373440e+13  0.000000e+00 -1.927680e+13
   0.000000e+00  0.000000e+00  0.000000e+00 -3.373440e+13  0.000000e+00
  -1.445760e+13  0.000000e+00]
 [ 0.000000e+00  0.000000e+00  0.000000e+00  4.480765e+02  0.000000e+00
   0.000000e+00  0.000000e+00  0.000000e+00  0.000000e+00 -4.480765e+02
   0.000000e+00  0.000000e+00]
 [ 0.000000e+00  0.000000e+00 -1.927680e+13  0.000000e+00  1.124480e+13
   0.000000e+00  0.000000e+00  0.000000e+00  1.927680e+13  0.000000e+00
   8.032000e+12  0.000000e+00]
 [ 0.000000e+00  1.923840e+13  0.000000e+00  0.000000e+00  0.000000e+00
   1.122240e+13  0.000000e+00 -1.923840e+13  0.000000e+00  0.000000e+00
   0.000000e+00  8.016000e+12]
 [-9.110000e+07  0.000000e+00  0.000000e+00  0.000000e+00  0.000000e+00
   0.000000e+00  9.110000e+07  0.000000e+00  0.000000e+00  0.000000e+00
   0.000000e+00  0.000000e+00]
 [ 0.000000e+00 -3.366720e+13  0.000000e+00  0.000000e+00  0.000000e+00
  -1.923840e+13  0.000000e+00  3.366720e+13  0.000000e+00  0.000000e+00
   0.000000e+00 -1.442880e+13]
 [ 0.000000e+00  0.000000e+00 -3.373440e+13  0.000000e+00  1.927680e+13
   0.000000e+00  0.000000e+00  0.000000e+00  3.373440e+13  0.000000e+00
   1.445760e+13  0.000000e+00]
 [ 0.000000e+00  0.000000e+00  0.000000e+00 -4.480765e+02  0.000000e+00
   0.000000e+00  0.000000e+00  0.000000e+00  0.000000e+00  4.480765e+02
   0.000000e+00  0.000000e+00]
 [ 0.000000e+00  0.000000e+00 -1.445760e+13  0.000000e+00  8.032000e+12
   0.000000e+00  0.000000e+00  0.000000e+00  1.445760e+13  0.000000e+00
   6.425600e+12  0.000000e+00]
 [ 0.000000e+00  1.442880e+13  0.000000e+00  0.000000e+00  0.000000e+00
   8.016000e+12  0.000000e+00 -1.442880e+13  0.000000e+00  0.000000e+00
   0.000000e+00  6.412800e+12]]
2025-04-30 18:05:44,942 - pre_processing.element_library.element_1D_base - DEBUG - Element Force Vector Computation (Element ID: 0)
2025-04-30 18:05:44,945 - pre_processing.element_library.element_1D_base - DEBUG - 
Point Load at x_p = 2.000000e+00 (xi_p = 1.000000e+00)
2025-04-30 18:05:44,946 - pre_processing.element_library.element_1D_base - DEBUG - Point Load Vector (F_p): [      0. -100000.       0.       0.       0.       0.]
2025-04-30 18:05:44,947 - pre_processing.element_library.element_1D_base - DEBUG - Shape Function Values at Load Point:
2025-04-30 18:05:44,950 - pre_processing.element_library.element_1D_base - DEBUG - [[ 0.  0.  0.  0.  0.  0.]
 [ 0.  0.  0.  0.  0.  0.]
 [ 0.  0.  0.  0.  0.  0.]
 [ 0.  0.  0.  0.  0.  0.]
 [ 0.  0.  0.  0. -2.  0.]
 [ 0.  0.  0.  0.  0.  0.]
 [ 1.  0.  0.  0.  0.  0.]
 [ 0.  1.  0.  0.  0.  0.]
 [ 0.  0.  1.  0.  0.  0.]
 [ 0.  0.  0.  1.  0.  0.]
 [ 0.  0.  0.  0. -0.  0.]
 [ 0.  0.  0.  0.  0.  0.]]
2025-04-30 18:05:44,952 - pre_processing.element_library.element_1D_base - DEBUG - Separated Translational Contribution:
2025-04-30 18:05:44,956 - pre_processing.element_library.element_1D_base - DEBUG - [[      0.       0.       0.       0. -100000.       0.]]
2025-04-30 18:05:44,957 - pre_processing.element_library.element_1D_base - DEBUG - Separated Rotational Contribution:
2025-04-30 18:05:44,959 - pre_processing.element_library.element_1D_base - DEBUG - [[0. 0. 0. 0. 0. 0.]]
2025-04-30 18:05:44,960 - pre_processing.element_library.element_1D_base - DEBUG - Updated Element Force Vector:
2025-04-30 18:05:44,961 - pre_processing.element_library.element_1D_base - DEBUG - [[      0.       0.       0.       0.       0.       0.       0. -100000.
        0.       0.       0.       0.]]
2025-04-30 18:05:44,962 - pre_processing.element_library.element_1D_base - DEBUG - 
===== Final Element Force Vector =====
2025-04-30 18:05:44,963 - pre_processing.element_library.element_1D_base - DEBUG - [[      0.       0.       0.       0.       0.       0.       0. -100000.
        0.       0.       0.       0.]]
