Machine Specifications:
   - OS: Windows 11 (10.0.22631)
   - CPU: Intel64 Family 6 Model 151 Stepping 2, GenuineIntel (20 cores)
   - RAM: 31.24 GB
   - Python Version: 3.12.5

Job: job_0007
Timestamp (job start): 2025-04-30_18-05-46
Total Time: 1.85 sec

+-------------------------------+------------+---------------+-------------+-----------+
| Step                          |   Time (s) |   Memory (MB) |   Disk (GB) |   CPU (%) |
+===============================+============+===============+=============+===========+
| Parsing                       |  0.131916  |       106.152 |     797.01  |         0 |
+-------------------------------+------------+---------------+-------------+-----------+
| Element Instantiation         |  0         |       106.184 |     797.01  |         0 |
+-------------------------------+------------+---------------+-------------+-----------+
| Element Stiffness Computation |  0.0450418 |       106.422 |     797.011 |         0 |
+-------------------------------+------------+---------------+-------------+-----------+
| Element Force Computation     |  0.0239835 |       106.445 |     797.011 |         0 |
+-------------------------------+------------+---------------+-------------+-----------+
| Setup Simulation              |  0         |       106.473 |     797.012 |         0 |
+-------------------------------+------------+---------------+-------------+-----------+
| Assemble Global Matrices      |  0.0266411 |       107.281 |     797.013 |         0 |
+-------------------------------+------------+---------------+-------------+-----------+
| Modify Global Matrices        |  0.0314155 |       107.41  |     797.013 |         0 |
+-------------------------------+------------+---------------+-------------+-----------+
| Solve Linear Static System    |  0.399052  |       124.266 |     797.015 |         0 |
+-------------------------------+------------+---------------+-------------+-----------+
| Compute Primary Results       |  0.0030086 |       124.273 |     797.015 |         0 |
+-------------------------------+------------+---------------+-------------+-----------+
| Save Primary Results          |  0.0710642 |       124.289 |     797.016 |         0 |
+-------------------------------+------------+---------------+-------------+-----------+

Parallel Jobs: None
Start Memory: 106.05 MB | End Memory: 124.29 MB
Start Disk Usage: 797.01 GB | End Disk Usage: 797.02 GB
Start CPU: 0.00% | End CPU: 0.00%
