2025-03-16 22:21:27,253 - INFO - 🟢 Starting job: job_0003
2025-03-16 22:21:29,380 - ERROR - ❌ Error in job job_0003: operands could not be broadcast together with shapes (6,) (12,) (6,) 
Traceback (most recent call last):
  File "\\mull.sms.ed.ac.uk\home\s1834431\Win7\Desktop\fem_model\workflow_orchestrator\run_job.py", line 172, in process_job
    element_force_vectors = vectorized_force(all_elements)
                            ^^^^^^^^^^^^^^^^^^^^^^^^^^^^^^
  File "C:\Users\s1834431\AppData\Local\Programs\Python\Python312\Lib\site-packages\numpy\lib\_function_base_impl.py", line 2522, in __call__
    return self._call_as_normal(*args, **kwargs)
           ^^^^^^^^^^^^^^^^^^^^^^^^^^^^^^^^^^^^^
  File "C:\Users\s1834431\AppData\Local\Programs\Python\Python312\Lib\site-packages\numpy\lib\_function_base_impl.py", line 2515, in _call_as_normal
    return self._vectorize_call(func=func, args=vargs)
           ^^^^^^^^^^^^^^^^^^^^^^^^^^^^^^^^^^^^^^^^^^^
  File "C:\Users\s1834431\AppData\Local\Programs\Python\Python312\Lib\site-packages\numpy\lib\_function_base_impl.py", line 2605, in _vectorize_call
    outputs = ufunc(*inputs)
              ^^^^^^^^^^^^^^
  File "\\mull.sms.ed.ac.uk\home\s1834431\Win7\Desktop\fem_model\workflow_orchestrator\run_job.py", line 171, in <lambda>
    vectorized_force = np.vectorize(lambda elem: elem.element_force_vector(job_results_dir) if elem else None, otypes=[object])  # Pass job_results_dir
                                                 ^^^^^^^^^^^^^^^^^^^^^^^^^^^^^^^^^^^^^^^^^^
  File "\\mull.sms.ed.ac.uk\home\s1834431\Win7\Desktop\fem_model\pre_processing\element_library\euler_bernoulli\euler_bernoulli_6DOF.py", line 443, in element_force_vector
    Fe[[0, 1, 2, 6, 7, 8]] += Fe_trans  # Apply translational contributions (u_x, u_y, u_z)
    ^^^^^^^^^^^^^^^^^^^^^^^^^^^^^^^^^^
ValueError: operands could not be broadcast together with shapes (6,) (12,) (6,) 
