2025-06-16 17:05:56,870 [DEBUG] 📁 Log file created at: \\mull.sms.ed.ac.uk\home\s1834431\Win7\Desktop\fem_model\post_processing\results\job_0007_2025-06-16_17-05-54-627522_pid62308_7928540b\logs\AssembleGlobalSystem.log (Module: assembly, Line: 90)
2025-06-16 17:05:56,871 [INFO] 🔧 Starting global matrix assembly... (Module: assembly, Line: 106)
2025-06-16 17:05:56,872 [DEBUG] Element 0 DOF mapping validated (Module: assembly, Line: 177)
2025-06-16 17:05:56,875 [DEBUG] 
✅ DOF Mappings Summary:
 Element ID                              Local DOF                             Global DOF
          0 [0, 1, 2, 3, 4, 5, 6, 7, 8, 9, 10, 11] [0, 1, 2, 3, 4, 5, 6, 7, 8, 9, 10, 11] (Module: assembly, Line: 197)
2025-06-16 17:05:56,887 [INFO] 🗂️ DOF mapping saved to: \\mull.sms.ed.ac.uk\home\s1834431\Win7\Desktop\fem_model\post_processing\results\job_0007_2025-06-16_17-05-54-627522_pid62308_7928540b\maps\01_assembly_map.csv (Module: assembly, Line: 207)
2025-06-16 17:05:56,888 [INFO] 🧾 System Info:
  Total DOFs: 12
  Number of elements: 1
  Symmetry tolerance: 1.0e-08 (Module: assembly, Line: 335)
2025-06-16 17:05:56,888 [INFO] ✅ Stiffness matrix assembled (Module: assembly, Line: 239)
2025-06-16 17:05:56,889 [INFO] ✅ Force vector assembled (Module: assembly, Line: 268)
2025-06-16 17:05:56,890 [INFO] Global Stiffness Matrix:
  Non-zero entries: 16
  Symmetry: True
  Norm: 6.109e+09 (Module: assembly, Line: 355)
2025-06-16 17:05:56,892 [DEBUG] 
Full Stiffness Matrix (Dense):
Col        0         1         2         3        4        5         6         7         8         9        10       11
Row                                                                                                                    
0    2.00e+09  0.00e+00  0.00e+00  0.00e+00 0.00e+00 0.00e+00 -2.00e+09  0.00e+00  0.00e+00  0.00e+00 0.00e+00 0.00e+00
1    0.00e+00  5.60e+08  0.00e+00  0.00e+00 0.00e+00 0.00e+00  0.00e+00 -5.60e+08  0.00e+00  0.00e+00 0.00e+00 0.00e+00
2    0.00e+00  0.00e+00  2.24e+09  0.00e+00 0.00e+00 0.00e+00  0.00e+00  0.00e+00 -2.24e+09  0.00e+00 0.00e+00 0.00e+00
3    0.00e+00  0.00e+00  0.00e+00  6.57e+05 0.00e+00 0.00e+00  0.00e+00  0.00e+00  0.00e+00 -6.57e+05 0.00e+00 0.00e+00
4    0.00e+00  0.00e+00  0.00e+00  0.00e+00 0.00e+00 0.00e+00  0.00e+00  0.00e+00  0.00e+00  0.00e+00 0.00e+00 0.00e+00
5    0.00e+00  0.00e+00  0.00e+00  0.00e+00 0.00e+00 0.00e+00  0.00e+00  0.00e+00  0.00e+00  0.00e+00 0.00e+00 0.00e+00
6   -2.00e+09  0.00e+00  0.00e+00  0.00e+00 0.00e+00 0.00e+00  2.00e+09  0.00e+00  0.00e+00  0.00e+00 0.00e+00 0.00e+00
7    0.00e+00 -5.60e+08  0.00e+00  0.00e+00 0.00e+00 0.00e+00  0.00e+00  5.60e+08  0.00e+00  0.00e+00 0.00e+00 0.00e+00
8    0.00e+00  0.00e+00 -2.24e+09  0.00e+00 0.00e+00 0.00e+00  0.00e+00  0.00e+00  2.24e+09  0.00e+00 0.00e+00 0.00e+00
9    0.00e+00  0.00e+00  0.00e+00 -6.57e+05 0.00e+00 0.00e+00  0.00e+00  0.00e+00  0.00e+00  6.57e+05 0.00e+00 0.00e+00
10   0.00e+00  0.00e+00  0.00e+00  0.00e+00 0.00e+00 0.00e+00  0.00e+00  0.00e+00  0.00e+00  0.00e+00 0.00e+00 0.00e+00
11   0.00e+00  0.00e+00  0.00e+00  0.00e+00 0.00e+00 0.00e+00  0.00e+00  0.00e+00  0.00e+00  0.00e+00 0.00e+00 0.00e+00 (Module: assembly, Line: 370)
2025-06-16 17:05:56,899 [INFO] 💾 Global stiffness matrix saved to: \\mull.sms.ed.ac.uk\home\s1834431\Win7\Desktop\fem_model\post_processing\results\job_0007_2025-06-16_17-05-54-627522_pid62308_7928540b\primary_results\01_K_global.csv (Module: assembly, Line: 316)
2025-06-16 17:05:56,906 [INFO] 💾 Global force vector saved to: \\mull.sms.ed.ac.uk\home\s1834431\Win7\Desktop\fem_model\post_processing\results\job_0007_2025-06-16_17-05-54-627522_pid62308_7928540b\primary_results\02_F_global.csv (Module: assembly, Line: 331)
2025-06-16 17:05:56,907 [INFO] 📊 Performance Metrics:
  Assembly Time: 0.04s
  Elements Processed: 1
  Matrix Density: 1.11e-01
  Memory Usage: 0.00MB
  Processing Rate: 28.0 elements/s (Module: assembly, Line: 351)
2025-06-16 17:05:56,908 [INFO] ✅ Assembly complete. (Module: assembly, Line: 123)
