2025-06-16 17:05:56,920 [DEBUG] 📁 Log file created at: \\mull.sms.ed.ac.uk\home\s1834431\Win7\Desktop\fem_model\post_processing\results\job_0007_2025-06-16_17-05-54-627522_pid62308_7928540b\logs\ModifyGlobalSystem.log (Module: boundary_conditions, Line: 91)
2025-06-16 17:05:56,921 [INFO] 🔧 Applying stabilized boundary conditions... (Module: boundary_conditions, Line: 109)
2025-06-16 17:05:56,922 [DEBUG] Computed penalty value: 2.24e+45 (Module: boundary_conditions, Line: 166)
2025-06-16 17:05:56,923 [DEBUG] 
======================================== System Diagnostics ======================================== (Module: boundary_conditions, Line: 257)
2025-06-16 17:05:56,924 [DEBUG] Original Non-zeros: 16
Modified Non-zeros: 10
Penalty Value: 2.24e+45
Stabilization Factor: 2.24e+35 (Module: boundary_conditions, Line: 269)
2025-06-16 17:05:56,926 [DEBUG] 
Modified Stiffness Matrix:
         0        1        2        3        4        5        6        7        8        9        10       11
0  2.24e+45 0.00e+00 0.00e+00 0.00e+00 0.00e+00 0.00e+00 0.00e+00 0.00e+00 0.00e+00 0.00e+00 0.00e+00 0.00e+00
1  0.00e+00 2.24e+45 0.00e+00 0.00e+00 0.00e+00 0.00e+00 0.00e+00 0.00e+00 0.00e+00 0.00e+00 0.00e+00 0.00e+00
2  0.00e+00 0.00e+00 2.24e+45 0.00e+00 0.00e+00 0.00e+00 0.00e+00 0.00e+00 0.00e+00 0.00e+00 0.00e+00 0.00e+00
3  0.00e+00 0.00e+00 0.00e+00 2.24e+45 0.00e+00 0.00e+00 0.00e+00 0.00e+00 0.00e+00 0.00e+00 0.00e+00 0.00e+00
4  0.00e+00 0.00e+00 0.00e+00 0.00e+00 2.24e+45 0.00e+00 0.00e+00 0.00e+00 0.00e+00 0.00e+00 0.00e+00 0.00e+00
5  0.00e+00 0.00e+00 0.00e+00 0.00e+00 0.00e+00 2.24e+45 0.00e+00 0.00e+00 0.00e+00 0.00e+00 0.00e+00 0.00e+00
6  0.00e+00 0.00e+00 0.00e+00 0.00e+00 0.00e+00 0.00e+00 2.00e+09 0.00e+00 0.00e+00 0.00e+00 0.00e+00 0.00e+00
7  0.00e+00 0.00e+00 0.00e+00 0.00e+00 0.00e+00 0.00e+00 0.00e+00 5.60e+08 0.00e+00 0.00e+00 0.00e+00 0.00e+00
8  0.00e+00 0.00e+00 0.00e+00 0.00e+00 0.00e+00 0.00e+00 0.00e+00 0.00e+00 2.24e+09 0.00e+00 0.00e+00 0.00e+00
9  0.00e+00 0.00e+00 0.00e+00 0.00e+00 0.00e+00 0.00e+00 0.00e+00 0.00e+00 0.00e+00 6.57e+05 0.00e+00 0.00e+00
10 0.00e+00 0.00e+00 0.00e+00 0.00e+00 0.00e+00 0.00e+00 0.00e+00 0.00e+00 0.00e+00 0.00e+00 0.00e+00 0.00e+00
11 0.00e+00 0.00e+00 0.00e+00 0.00e+00 0.00e+00 0.00e+00 0.00e+00 0.00e+00 0.00e+00 0.00e+00 0.00e+00 0.00e+00 (Module: boundary_conditions, Line: 274)
2025-06-16 17:05:56,927 [DEBUG] 
Condition Estimate: 3.4e+39 (Module: boundary_conditions, Line: 284)
2025-06-16 17:05:56,934 [INFO] 💾 Modified stiffness matrix saved to: \\mull.sms.ed.ac.uk\home\s1834431\Win7\Desktop\fem_model\post_processing\results\job_0007_2025-06-16_17-05-54-627522_pid62308_7928540b\primary_results\03_K_mod.csv (Module: boundary_conditions, Line: 238)
2025-06-16 17:05:56,941 [INFO] 💾 Modified force vector saved to: \\mull.sms.ed.ac.uk\home\s1834431\Win7\Desktop\fem_model\post_processing\results\job_0007_2025-06-16_17-05-54-627522_pid62308_7928540b\primary_results\04_F_mod.csv (Module: boundary_conditions, Line: 250)
2025-06-16 17:05:56,951 [INFO] 📎 Element DOF fixed/free map saved to: \\mull.sms.ed.ac.uk\home\s1834431\Win7\Desktop\fem_model\post_processing\results\job_0007_2025-06-16_17-05-54-627522_pid62308_7928540b\maps\02_modification_map.csv (Module: boundary_conditions, Line: 153)
2025-06-16 17:05:56,952 [INFO] ✅ Boundary conditions applied in 0.03s (Module: boundary_conditions, Line: 126)
