2025-05-05 18:10:04,436 - pre_processing.element_library.element_1D_base - DEBUG - Element Force Vector Computation (Element ID: 0)
2025-05-05 18:10:04,437 - pre_processing.element_library.element_1D_base - DEBUG - Element Length: 6.666670e-01 m
2025-05-05 18:10:04,440 - pre_processing.element_library.element_1D_base - DEBUG - 
===== Final Element Force Vector =====
2025-05-05 18:10:04,442 - pre_processing.element_library.element_1D_base - DEBUG - [[0. 0. 0. 0. 0. 0. 0. 0. 0. 0. 0. 0.]]
2025-05-05 18:10:04,446 - pre_processing.element_library.element_1D_base - DEBUG - Element Force Vector Computation (Element ID: 1)
2025-05-05 18:10:04,446 - pre_processing.element_library.element_1D_base - DEBUG - Element Force Vector Computation (Element ID: 1)
2025-05-05 18:10:04,452 - pre_processing.element_library.element_1D_base - DEBUG - Element Length: 6.666660e-01 m
2025-05-05 18:10:04,452 - pre_processing.element_library.element_1D_base - DEBUG - Element Length: 6.666660e-01 m
2025-05-05 18:10:04,455 - pre_processing.element_library.element_1D_base - DEBUG - 
===== Final Element Force Vector =====
2025-05-05 18:10:04,455 - pre_processing.element_library.element_1D_base - DEBUG - 
===== Final Element Force Vector =====
2025-05-05 18:10:04,459 - pre_processing.element_library.element_1D_base - DEBUG - [[0. 0. 0. 0. 0. 0. 0. 0. 0. 0. 0. 0.]]
2025-05-05 18:10:04,459 - pre_processing.element_library.element_1D_base - DEBUG - [[0. 0. 0. 0. 0. 0. 0. 0. 0. 0. 0. 0.]]
2025-05-05 18:10:04,466 - pre_processing.element_library.element_1D_base - DEBUG - Element Force Vector Computation (Element ID: 2)
2025-05-05 18:10:04,466 - pre_processing.element_library.element_1D_base - DEBUG - Element Force Vector Computation (Element ID: 2)
2025-05-05 18:10:04,466 - pre_processing.element_library.element_1D_base - DEBUG - Element Force Vector Computation (Element ID: 2)
2025-05-05 18:10:04,469 - pre_processing.element_library.element_1D_base - DEBUG - Element Length: 6.666670e-01 m
2025-05-05 18:10:04,469 - pre_processing.element_library.element_1D_base - DEBUG - Element Length: 6.666670e-01 m
2025-05-05 18:10:04,469 - pre_processing.element_library.element_1D_base - DEBUG - Element Length: 6.666670e-01 m
2025-05-05 18:10:04,472 - pre_processing.element_library.element_1D_base - DEBUG - 
Point Load at x_p = 2.000000e+00 (xi_p = 1.000000e+00)
2025-05-05 18:10:04,472 - pre_processing.element_library.element_1D_base - DEBUG - 
Point Load at x_p = 2.000000e+00 (xi_p = 1.000000e+00)
2025-05-05 18:10:04,472 - pre_processing.element_library.element_1D_base - DEBUG - 
Point Load at x_p = 2.000000e+00 (xi_p = 1.000000e+00)
2025-05-05 18:10:04,475 - pre_processing.element_library.element_1D_base - DEBUG - Load Vector: [      0. -100000.       0.       0.       0.       0.]
2025-05-05 18:10:04,475 - pre_processing.element_library.element_1D_base - DEBUG - Load Vector: [      0. -100000.       0.       0.       0.       0.]
2025-05-05 18:10:04,475 - pre_processing.element_library.element_1D_base - DEBUG - Load Vector: [      0. -100000.       0.       0.       0.       0.]
2025-05-05 18:10:04,479 - pre_processing.element_library.element_1D_base - DEBUG - Shape Functions:
2025-05-05 18:10:04,479 - pre_processing.element_library.element_1D_base - DEBUG - Shape Functions:
2025-05-05 18:10:04,479 - pre_processing.element_library.element_1D_base - DEBUG - Shape Functions:
2025-05-05 18:10:04,482 - pre_processing.element_library.element_1D_base - DEBUG - [[ 0.  0.  0.  0.  0.  0.]
 [ 0.  0.  0.  0.  0.  0.]
 [ 0.  0.  0.  0.  0.  0.]
 [ 0.  0.  0.  0.  0.  0.]
 [ 0.  0.  0.  0. -0.  0.]
 [ 0.  0.  0.  0.  0.  0.]
 [ 1.  0.  0.  0.  0.  0.]
 [ 0.  1.  0.  0.  0.  0.]
 [ 0.  0.  1.  0.  0.  0.]
 [ 0.  0.  0.  1.  0.  0.]
 [ 0.  0.  0.  0. -0.  0.]
 [ 0.  0.  0.  0.  0.  0.]]
2025-05-05 18:10:04,482 - pre_processing.element_library.element_1D_base - DEBUG - [[ 0.  0.  0.  0.  0.  0.]
 [ 0.  0.  0.  0.  0.  0.]
 [ 0.  0.  0.  0.  0.  0.]
 [ 0.  0.  0.  0.  0.  0.]
 [ 0.  0.  0.  0. -0.  0.]
 [ 0.  0.  0.  0.  0.  0.]
 [ 1.  0.  0.  0.  0.  0.]
 [ 0.  1.  0.  0.  0.  0.]
 [ 0.  0.  1.  0.  0.  0.]
 [ 0.  0.  0.  1.  0.  0.]
 [ 0.  0.  0.  0. -0.  0.]
 [ 0.  0.  0.  0.  0.  0.]]
2025-05-05 18:10:04,482 - pre_processing.element_library.element_1D_base - DEBUG - [[ 0.  0.  0.  0.  0.  0.]
 [ 0.  0.  0.  0.  0.  0.]
 [ 0.  0.  0.  0.  0.  0.]
 [ 0.  0.  0.  0.  0.  0.]
 [ 0.  0.  0.  0. -0.  0.]
 [ 0.  0.  0.  0.  0.  0.]
 [ 1.  0.  0.  0.  0.  0.]
 [ 0.  1.  0.  0.  0.  0.]
 [ 0.  0.  1.  0.  0.  0.]
 [ 0.  0.  0.  1.  0.  0.]
 [ 0.  0.  0.  0. -0.  0.]
 [ 0.  0.  0.  0.  0.  0.]]
2025-05-05 18:10:04,486 - pre_processing.element_library.element_1D_base - DEBUG - Translational Contribution:
2025-05-05 18:10:04,486 - pre_processing.element_library.element_1D_base - DEBUG - Translational Contribution:
2025-05-05 18:10:04,486 - pre_processing.element_library.element_1D_base - DEBUG - Translational Contribution:
2025-05-05 18:10:04,489 - pre_processing.element_library.element_1D_base - DEBUG - [[      0.       0.       0.       0. -100000.       0.]]
2025-05-05 18:10:04,489 - pre_processing.element_library.element_1D_base - DEBUG - [[      0.       0.       0.       0. -100000.       0.]]
2025-05-05 18:10:04,489 - pre_processing.element_library.element_1D_base - DEBUG - [[      0.       0.       0.       0. -100000.       0.]]
2025-05-05 18:10:04,492 - pre_processing.element_library.element_1D_base - DEBUG - Rotational Contribution:
2025-05-05 18:10:04,492 - pre_processing.element_library.element_1D_base - DEBUG - Rotational Contribution:
2025-05-05 18:10:04,492 - pre_processing.element_library.element_1D_base - DEBUG - Rotational Contribution:
2025-05-05 18:10:04,495 - pre_processing.element_library.element_1D_base - DEBUG - [[0. 0. 0. 0. 0. 0.]]
2025-05-05 18:10:04,495 - pre_processing.element_library.element_1D_base - DEBUG - [[0. 0. 0. 0. 0. 0.]]
2025-05-05 18:10:04,495 - pre_processing.element_library.element_1D_base - DEBUG - [[0. 0. 0. 0. 0. 0.]]
2025-05-05 18:10:04,498 - pre_processing.element_library.element_1D_base - DEBUG - 
===== Final Element Force Vector =====
2025-05-05 18:10:04,498 - pre_processing.element_library.element_1D_base - DEBUG - 
===== Final Element Force Vector =====
2025-05-05 18:10:04,498 - pre_processing.element_library.element_1D_base - DEBUG - 
===== Final Element Force Vector =====
2025-05-05 18:10:04,502 - pre_processing.element_library.element_1D_base - DEBUG - [[      0.       0.       0.       0.       0.       0.       0. -100000.
        0.       0.       0.       0.]]
2025-05-05 18:10:04,502 - pre_processing.element_library.element_1D_base - DEBUG - [[      0.       0.       0.       0.       0.       0.       0. -100000.
        0.       0.       0.       0.]]
2025-05-05 18:10:04,502 - pre_processing.element_library.element_1D_base - DEBUG - [[      0.       0.       0.       0.       0.       0.       0. -100000.
        0.       0.       0.       0.]]
