Machine Specifications:
   - OS: Windows 11 (10.0.22631)
   - CPU: Intel64 Family 6 Model 151 Stepping 2, GenuineIntel (20 cores)
   - RAM: 31.24 GB
   - Python Version: 3.12.5

Job: job_0009
Timestamp (job start): 2025-05-05_18-10-06
Total Time: 2.11 sec

+-------------------------------+------------+---------------+-------------+-----------+
| Step                          |   Time (s) |   Memory (MB) |   Disk (GB) |   CPU (%) |
+===============================+============+===============+=============+===========+
| Parsing                       | 0.0621576  |       119.305 |     798.847 |         0 |
+-------------------------------+------------+---------------+-------------+-----------+
| Element Instantiation         | 0          |       119.352 |     798.847 |         0 |
+-------------------------------+------------+---------------+-------------+-----------+
| Element Stiffness Computation | 0.233373   |       119.617 |     798.848 |         0 |
+-------------------------------+------------+---------------+-------------+-----------+
| Element Force Computation     | 0.0734758  |       119.652 |     798.849 |         0 |
+-------------------------------+------------+---------------+-------------+-----------+
| Setup Simulation              | 0          |       119.68  |     798.85  |         0 |
+-------------------------------+------------+---------------+-------------+-----------+
| Assemble Global Matrices      | 0.0302453  |       120.469 |     798.85  |         0 |
+-------------------------------+------------+---------------+-------------+-----------+
| Modify Global Matrices        | 0.0308485  |       120.68  |     798.851 |         0 |
+-------------------------------+------------+---------------+-------------+-----------+
| Solve Linear Static System    | 0.459388   |       140.672 |     798.853 |         0 |
+-------------------------------+------------+---------------+-------------+-----------+
| Compute Primary Results       | 0.00346637 |       140.676 |     798.853 |         0 |
+-------------------------------+------------+---------------+-------------+-----------+
| Save Primary Results          | 0.0942311  |       140.688 |     798.854 |         0 |
+-------------------------------+------------+---------------+-------------+-----------+

Parallel Jobs: job_0007, job_0008
Start Memory: 119.20 MB | End Memory: 140.69 MB
Start Disk Usage: 798.85 GB | End Disk Usage: 798.85 GB
Start CPU: 0.00% | End CPU: 0.00%
