2025-05-05 18:10:05,394 - DEBUG - 🔧 Beginning displacement reconstruction.
2025-05-05 18:10:05,395 - DEBUG - 📌 Total DOFs in system: 24
2025-05-05 18:10:05,395 - DEBUG - 📌 Condensed DOFs count: 18
2025-05-05 18:10:05,396 - DEBUG - 📌 Active DOFs indices: [ 6  7  8  9 10 11 12 13 14 15 16 17 18 19 20 21 22 23]
2025-05-05 18:10:05,397 - DEBUG - 📐 Initialized global displacement array with zeros.
2025-05-05 18:10:05,398 - DEBUG - Mapped condensed displacement U_cond[0] = -6.699798e-07 to global DOF 6.
2025-05-05 18:10:05,399 - DEBUG - Mapped condensed displacement U_cond[1] = -6.187590e-08 to global DOF 7.
2025-05-05 18:10:05,400 - DEBUG - Mapped condensed displacement U_cond[2] = 6.325846e-08 to global DOF 8.
2025-05-05 18:10:05,408 - DEBUG - Mapped condensed displacement U_cond[3] = -3.929687e-07 to global DOF 9.
2025-05-05 18:10:05,409 - DEBUG - Mapped condensed displacement U_cond[4] = -8.251704e-09 to global DOF 10.
2025-05-05 18:10:05,410 - DEBUG - Mapped condensed displacement U_cond[5] = -1.068433e-07 to global DOF 11.
2025-05-05 18:10:05,411 - DEBUG - Mapped condensed displacement U_cond[6] = 2.154887e-06 to global DOF 12.
2025-05-05 18:10:05,412 - DEBUG - Mapped condensed displacement U_cond[7] = -6.466433e-07 to global DOF 13.
2025-05-05 18:10:05,413 - DEBUG - Mapped condensed displacement U_cond[8] = 1.554825e-07 to global DOF 14.
2025-05-05 18:10:05,414 - DEBUG - Mapped condensed displacement U_cond[9] = -1.748781e-07 to global DOF 15.
2025-05-05 18:10:05,414 - DEBUG - Mapped condensed displacement U_cond[10] = 2.562858e-07 to global DOF 16.
2025-05-05 18:10:05,415 - DEBUG - Mapped condensed displacement U_cond[11] = -4.199246e-07 to global DOF 17.
2025-05-05 18:10:05,416 - DEBUG - Mapped condensed displacement U_cond[12] = 4.079632e-06 to global DOF 18.
2025-05-05 18:10:05,419 - DEBUG - Mapped condensed displacement U_cond[13] = -4.625969e-06 to global DOF 19.
2025-05-05 18:10:05,420 - DEBUG - Mapped condensed displacement U_cond[14] = 5.305656e-08 to global DOF 20.
2025-05-05 18:10:05,421 - DEBUG - Mapped condensed displacement U_cond[15] = -4.097552e-07 to global DOF 21.
2025-05-05 18:10:05,422 - DEBUG - Mapped condensed displacement U_cond[16] = 1.356653e-06 to global DOF 22.
2025-05-05 18:10:05,423 - DEBUG - Mapped condensed displacement U_cond[17] = -6.026911e-08 to global DOF 23.
2025-05-05 18:10:05,424 - INFO - ✅ Successfully mapped all condensed displacements back to global vector.
2025-05-05 18:10:05,430 - DEBUG - 📝 Logged detailed DOF mapping.
2025-05-05 18:10:05,435 - INFO - 📘 Reconstruction log updated with structured displacement data.
-08
   2 →    8: 6.325846e-08
   3 →    9: -3.929687e-07
   4 →   10: -8.251704e-09
   5 →   11: -1.068433e-07
   6 →   12: 2.154887e-06
   7 →   13: -6.466433e-07
   8 →   14: 1.554825e-07
   9 →   15: -1.748781e-07
  10 →   16: 2.562858e-07
  11 →   17: -4.199246e-07
  12 →   18: 4.079632e-06
  13 →   19: -4.625969e-06
  14 →   20: 5.305656e-08
  15 →   21: -4.097552e-07
  16 →   22: 1.356653e-06
  17 →   23: -6.026911e-08

📊 Full reconstructed displacement vector:
    Global DOF  Displacement
0            0  0.000000e+00
1            1  0.000000e+00
2            2  0.000000e+00
3            3  0.000000e+00
4            4  0.000000e+00
5            5  0.000000e+00
6            6 -6.699798e-07
7            7 -6.187590e-08
8            8  6.325846e-08
9            9 -3.929687e-07
10          10 -8.251704e-09
11          11 -1.068433e-07
12          12  2.154887e-06
13          13 -6.466433e-07
14          14  1.554825e-07
15          15 -1.748781e-07
16          16  2.562858e-07
17          17 -4.199246e-07
18          18  4.079632e-06
19          19 -4.625969e-06
20          20  5.305656e-08
21          21 -4.097552e-07
22          22  1.356653e-06
23          23 -6.026911e-08