2025-04-11 19:52:48,508 - pre_processing.element_library.element_1D_base - DEBUG - Element Force Vector Computation (Element ID: 0)
2025-04-11 19:52:48,515 - pre_processing.element_library.element_1D_base - DEBUG - 
===== Final Element Force Vector =====
2025-04-11 19:52:48,522 - pre_processing.element_library.element_1D_base - DEBUG - [[0. 0. 0. 0. 0. 0. 0. 0. 0. 0. 0. 0.]]
2025-04-11 19:52:48,536 - pre_processing.element_library.element_1D_base - DEBUG - Element Force Vector Computation (Element ID: 1)
2025-04-11 19:52:48,536 - pre_processing.element_library.element_1D_base - DEBUG - Element Force Vector Computation (Element ID: 1)
2025-04-11 19:52:48,546 - pre_processing.element_library.element_1D_base - DEBUG - 
===== Final Element Force Vector =====
2025-04-11 19:52:48,546 - pre_processing.element_library.element_1D_base - DEBUG - 
===== Final Element Force Vector =====
2025-04-11 19:52:48,557 - pre_processing.element_library.element_1D_base - DEBUG - [[0. 0. 0. 0. 0. 0. 0. 0. 0. 0. 0. 0.]]
2025-04-11 19:52:48,557 - pre_processing.element_library.element_1D_base - DEBUG - [[0. 0. 0. 0. 0. 0. 0. 0. 0. 0. 0. 0.]]
2025-04-11 19:52:48,566 - pre_processing.element_library.element_1D_base - DEBUG - Element Force Vector Computation (Element ID: 2)
2025-04-11 19:52:48,566 - pre_processing.element_library.element_1D_base - DEBUG - Element Force Vector Computation (Element ID: 2)
2025-04-11 19:52:48,566 - pre_processing.element_library.element_1D_base - DEBUG - Element Force Vector Computation (Element ID: 2)
2025-04-11 19:52:48,572 - pre_processing.element_library.element_1D_base - DEBUG - 
===== Final Element Force Vector =====
2025-04-11 19:52:48,572 - pre_processing.element_library.element_1D_base - DEBUG - 
===== Final Element Force Vector =====
2025-04-11 19:52:48,572 - pre_processing.element_library.element_1D_base - DEBUG - 
===== Final Element Force Vector =====
2025-04-11 19:52:48,577 - pre_processing.element_library.element_1D_base - DEBUG - [[0. 0. 0. 0. 0. 0. 0. 0. 0. 0. 0. 0.]]
2025-04-11 19:52:48,577 - pre_processing.element_library.element_1D_base - DEBUG - [[0. 0. 0. 0. 0. 0. 0. 0. 0. 0. 0. 0.]]
2025-04-11 19:52:48,577 - pre_processing.element_library.element_1D_base - DEBUG - [[0. 0. 0. 0. 0. 0. 0. 0. 0. 0. 0. 0.]]
2025-04-11 19:52:48,589 - pre_processing.element_library.element_1D_base - DEBUG - Element Force Vector Computation (Element ID: 3)
2025-04-11 19:52:48,589 - pre_processing.element_library.element_1D_base - DEBUG - Element Force Vector Computation (Element ID: 3)
2025-04-11 19:52:48,589 - pre_processing.element_library.element_1D_base - DEBUG - Element Force Vector Computation (Element ID: 3)
2025-04-11 19:52:48,589 - pre_processing.element_library.element_1D_base - DEBUG - Element Force Vector Computation (Element ID: 3)
2025-04-11 19:52:48,600 - pre_processing.element_library.element_1D_base - DEBUG - 
===== Final Element Force Vector =====
2025-04-11 19:52:48,600 - pre_processing.element_library.element_1D_base - DEBUG - 
===== Final Element Force Vector =====
2025-04-11 19:52:48,600 - pre_processing.element_library.element_1D_base - DEBUG - 
===== Final Element Force Vector =====
2025-04-11 19:52:48,600 - pre_processing.element_library.element_1D_base - DEBUG - 
===== Final Element Force Vector =====
2025-04-11 19:52:48,608 - pre_processing.element_library.element_1D_base - DEBUG - [[0. 0. 0. 0. 0. 0. 0. 0. 0. 0. 0. 0.]]
2025-04-11 19:52:48,608 - pre_processing.element_library.element_1D_base - DEBUG - [[0. 0. 0. 0. 0. 0. 0. 0. 0. 0. 0. 0.]]
2025-04-11 19:52:48,608 - pre_processing.element_library.element_1D_base - DEBUG - [[0. 0. 0. 0. 0. 0. 0. 0. 0. 0. 0. 0.]]
2025-04-11 19:52:48,608 - pre_processing.element_library.element_1D_base - DEBUG - [[0. 0. 0. 0. 0. 0. 0. 0. 0. 0. 0. 0.]]
2025-04-11 19:52:48,619 - pre_processing.element_library.element_1D_base - DEBUG - Element Force Vector Computation (Element ID: 4)
2025-04-11 19:52:48,619 - pre_processing.element_library.element_1D_base - DEBUG - Element Force Vector Computation (Element ID: 4)
2025-04-11 19:52:48,619 - pre_processing.element_library.element_1D_base - DEBUG - Element Force Vector Computation (Element ID: 4)
2025-04-11 19:52:48,619 - pre_processing.element_library.element_1D_base - DEBUG - Element Force Vector Computation (Element ID: 4)
2025-04-11 19:52:48,619 - pre_processing.element_library.element_1D_base - DEBUG - Element Force Vector Computation (Element ID: 4)
2025-04-11 19:52:48,628 - pre_processing.element_library.element_1D_base - DEBUG - 
===== Final Element Force Vector =====
2025-04-11 19:52:48,628 - pre_processing.element_library.element_1D_base - DEBUG - 
===== Final Element Force Vector =====
2025-04-11 19:52:48,628 - pre_processing.element_library.element_1D_base - DEBUG - 
===== Final Element Force Vector =====
2025-04-11 19:52:48,628 - pre_processing.element_library.element_1D_base - DEBUG - 
===== Final Element Force Vector =====
2025-04-11 19:52:48,628 - pre_processing.element_library.element_1D_base - DEBUG - 
===== Final Element Force Vector =====
2025-04-11 19:52:48,635 - pre_processing.element_library.element_1D_base - DEBUG - [[0. 0. 0. 0. 0. 0. 0. 0. 0. 0. 0. 0.]]
2025-04-11 19:52:48,635 - pre_processing.element_library.element_1D_base - DEBUG - [[0. 0. 0. 0. 0. 0. 0. 0. 0. 0. 0. 0.]]
2025-04-11 19:52:48,635 - pre_processing.element_library.element_1D_base - DEBUG - [[0. 0. 0. 0. 0. 0. 0. 0. 0. 0. 0. 0.]]
2025-04-11 19:52:48,635 - pre_processing.element_library.element_1D_base - DEBUG - [[0. 0. 0. 0. 0. 0. 0. 0. 0. 0. 0. 0.]]
2025-04-11 19:52:48,635 - pre_processing.element_library.element_1D_base - DEBUG - [[0. 0. 0. 0. 0. 0. 0. 0. 0. 0. 0. 0.]]
2025-04-11 19:52:48,644 - pre_processing.element_library.element_1D_base - DEBUG - Element Force Vector Computation (Element ID: 5)
2025-04-11 19:52:48,644 - pre_processing.element_library.element_1D_base - DEBUG - Element Force Vector Computation (Element ID: 5)
2025-04-11 19:52:48,644 - pre_processing.element_library.element_1D_base - DEBUG - Element Force Vector Computation (Element ID: 5)
2025-04-11 19:52:48,644 - pre_processing.element_library.element_1D_base - DEBUG - Element Force Vector Computation (Element ID: 5)
2025-04-11 19:52:48,644 - pre_processing.element_library.element_1D_base - DEBUG - Element Force Vector Computation (Element ID: 5)
2025-04-11 19:52:48,644 - pre_processing.element_library.element_1D_base - DEBUG - Element Force Vector Computation (Element ID: 5)
2025-04-11 19:52:48,652 - pre_processing.element_library.element_1D_base - DEBUG - 
Point Load at x_p = 1.000000e+00 (xi_p = -1.000000e+00)
2025-04-11 19:52:48,652 - pre_processing.element_library.element_1D_base - DEBUG - 
Point Load at x_p = 1.000000e+00 (xi_p = -1.000000e+00)
2025-04-11 19:52:48,652 - pre_processing.element_library.element_1D_base - DEBUG - 
Point Load at x_p = 1.000000e+00 (xi_p = -1.000000e+00)
2025-04-11 19:52:48,652 - pre_processing.element_library.element_1D_base - DEBUG - 
Point Load at x_p = 1.000000e+00 (xi_p = -1.000000e+00)
2025-04-11 19:52:48,652 - pre_processing.element_library.element_1D_base - DEBUG - 
Point Load at x_p = 1.000000e+00 (xi_p = -1.000000e+00)
2025-04-11 19:52:48,652 - pre_processing.element_library.element_1D_base - DEBUG - 
Point Load at x_p = 1.000000e+00 (xi_p = -1.000000e+00)
2025-04-11 19:52:48,659 - pre_processing.element_library.element_1D_base - DEBUG - Point Load Vector (F_p): [      0. -100000.       0.       0.       0.       0.]
2025-04-11 19:52:48,659 - pre_processing.element_library.element_1D_base - DEBUG - Point Load Vector (F_p): [      0. -100000.       0.       0.       0.       0.]
2025-04-11 19:52:48,659 - pre_processing.element_library.element_1D_base - DEBUG - Point Load Vector (F_p): [      0. -100000.       0.       0.       0.       0.]
2025-04-11 19:52:48,659 - pre_processing.element_library.element_1D_base - DEBUG - Point Load Vector (F_p): [      0. -100000.       0.       0.       0.       0.]
2025-04-11 19:52:48,659 - pre_processing.element_library.element_1D_base - DEBUG - Point Load Vector (F_p): [      0. -100000.       0.       0.       0.       0.]
2025-04-11 19:52:48,659 - pre_processing.element_library.element_1D_base - DEBUG - Point Load Vector (F_p): [      0. -100000.       0.       0.       0.       0.]
2025-04-11 19:52:48,667 - pre_processing.element_library.element_1D_base - DEBUG - Shape Function Values at Load Point:
2025-04-11 19:52:48,667 - pre_processing.element_library.element_1D_base - DEBUG - Shape Function Values at Load Point:
2025-04-11 19:52:48,667 - pre_processing.element_library.element_1D_base - DEBUG - Shape Function Values at Load Point:
2025-04-11 19:52:48,667 - pre_processing.element_library.element_1D_base - DEBUG - Shape Function Values at Load Point:
2025-04-11 19:52:48,667 - pre_processing.element_library.element_1D_base - DEBUG - Shape Function Values at Load Point:
2025-04-11 19:52:48,667 - pre_processing.element_library.element_1D_base - DEBUG - Shape Function Values at Load Point:
2025-04-11 19:52:48,675 - pre_processing.element_library.element_1D_base - DEBUG - [[ 1.  0.  0.  0.  0.  0.]
 [ 0. -4.  0.  0.  0.  0.]
 [ 0.  0. -4.  0.  0.  0.]
 [ 0.  0.  0.  1.  0.  0.]
 [ 0.  0.  0.  0. -2.  0.]
 [ 0.  0.  0.  0.  0. -4.]
 [ 0.  0.  0.  0.  0.  0.]
 [ 0.  5.  0.  0.  0.  0.]
 [ 0.  0.  5.  0.  0.  0.]
 [ 0.  0.  0.  0.  0.  0.]
 [ 0.  0.  0.  0.  2.  0.]
 [ 0.  0.  0.  0.  0. -2.]]
2025-04-11 19:52:48,675 - pre_processing.element_library.element_1D_base - DEBUG - [[ 1.  0.  0.  0.  0.  0.]
 [ 0. -4.  0.  0.  0.  0.]
 [ 0.  0. -4.  0.  0.  0.]
 [ 0.  0.  0.  1.  0.  0.]
 [ 0.  0.  0.  0. -2.  0.]
 [ 0.  0.  0.  0.  0. -4.]
 [ 0.  0.  0.  0.  0.  0.]
 [ 0.  5.  0.  0.  0.  0.]
 [ 0.  0.  5.  0.  0.  0.]
 [ 0.  0.  0.  0.  0.  0.]
 [ 0.  0.  0.  0.  2.  0.]
 [ 0.  0.  0.  0.  0. -2.]]
2025-04-11 19:52:48,675 - pre_processing.element_library.element_1D_base - DEBUG - [[ 1.  0.  0.  0.  0.  0.]
 [ 0. -4.  0.  0.  0.  0.]
 [ 0.  0. -4.  0.  0.  0.]
 [ 0.  0.  0.  1.  0.  0.]
 [ 0.  0.  0.  0. -2.  0.]
 [ 0.  0.  0.  0.  0. -4.]
 [ 0.  0.  0.  0.  0.  0.]
 [ 0.  5.  0.  0.  0.  0.]
 [ 0.  0.  5.  0.  0.  0.]
 [ 0.  0.  0.  0.  0.  0.]
 [ 0.  0.  0.  0.  2.  0.]
 [ 0.  0.  0.  0.  0. -2.]]
2025-04-11 19:52:48,675 - pre_processing.element_library.element_1D_base - DEBUG - [[ 1.  0.  0.  0.  0.  0.]
 [ 0. -4.  0.  0.  0.  0.]
 [ 0.  0. -4.  0.  0.  0.]
 [ 0.  0.  0.  1.  0.  0.]
 [ 0.  0.  0.  0. -2.  0.]
 [ 0.  0.  0.  0.  0. -4.]
 [ 0.  0.  0.  0.  0.  0.]
 [ 0.  5.  0.  0.  0.  0.]
 [ 0.  0.  5.  0.  0.  0.]
 [ 0.  0.  0.  0.  0.  0.]
 [ 0.  0.  0.  0.  2.  0.]
 [ 0.  0.  0.  0.  0. -2.]]
2025-04-11 19:52:48,675 - pre_processing.element_library.element_1D_base - DEBUG - [[ 1.  0.  0.  0.  0.  0.]
 [ 0. -4.  0.  0.  0.  0.]
 [ 0.  0. -4.  0.  0.  0.]
 [ 0.  0.  0.  1.  0.  0.]
 [ 0.  0.  0.  0. -2.  0.]
 [ 0.  0.  0.  0.  0. -4.]
 [ 0.  0.  0.  0.  0.  0.]
 [ 0.  5.  0.  0.  0.  0.]
 [ 0.  0.  5.  0.  0.  0.]
 [ 0.  0.  0.  0.  0.  0.]
 [ 0.  0.  0.  0.  2.  0.]
 [ 0.  0.  0.  0.  0. -2.]]
2025-04-11 19:52:48,675 - pre_processing.element_library.element_1D_base - DEBUG - [[ 1.  0.  0.  0.  0.  0.]
 [ 0. -4.  0.  0.  0.  0.]
 [ 0.  0. -4.  0.  0.  0.]
 [ 0.  0.  0.  1.  0.  0.]
 [ 0.  0.  0.  0. -2.  0.]
 [ 0.  0.  0.  0.  0. -4.]
 [ 0.  0.  0.  0.  0.  0.]
 [ 0.  5.  0.  0.  0.  0.]
 [ 0.  0.  5.  0.  0.  0.]
 [ 0.  0.  0.  0.  0.  0.]
 [ 0.  0.  0.  0.  2.  0.]
 [ 0.  0.  0.  0.  0. -2.]]
2025-04-11 19:52:48,683 - pre_processing.element_library.element_1D_base - DEBUG - Separated Translational Contribution:
2025-04-11 19:52:48,683 - pre_processing.element_library.element_1D_base - DEBUG - Separated Translational Contribution:
2025-04-11 19:52:48,683 - pre_processing.element_library.element_1D_base - DEBUG - Separated Translational Contribution:
2025-04-11 19:52:48,683 - pre_processing.element_library.element_1D_base - DEBUG - Separated Translational Contribution:
2025-04-11 19:52:48,683 - pre_processing.element_library.element_1D_base - DEBUG - Separated Translational Contribution:
2025-04-11 19:52:48,683 - pre_processing.element_library.element_1D_base - DEBUG - Separated Translational Contribution:
2025-04-11 19:52:48,692 - pre_processing.element_library.element_1D_base - DEBUG - [[      0.  400000.       0.       0. -500000.       0.]]
2025-04-11 19:52:48,692 - pre_processing.element_library.element_1D_base - DEBUG - [[      0.  400000.       0.       0. -500000.       0.]]
2025-04-11 19:52:48,692 - pre_processing.element_library.element_1D_base - DEBUG - [[      0.  400000.       0.       0. -500000.       0.]]
2025-04-11 19:52:48,692 - pre_processing.element_library.element_1D_base - DEBUG - [[      0.  400000.       0.       0. -500000.       0.]]
2025-04-11 19:52:48,692 - pre_processing.element_library.element_1D_base - DEBUG - [[      0.  400000.       0.       0. -500000.       0.]]
2025-04-11 19:52:48,692 - pre_processing.element_library.element_1D_base - DEBUG - [[      0.  400000.       0.       0. -500000.       0.]]
2025-04-11 19:52:48,704 - pre_processing.element_library.element_1D_base - DEBUG - Separated Rotational Contribution:
2025-04-11 19:52:48,704 - pre_processing.element_library.element_1D_base - DEBUG - Separated Rotational Contribution:
2025-04-11 19:52:48,704 - pre_processing.element_library.element_1D_base - DEBUG - Separated Rotational Contribution:
2025-04-11 19:52:48,704 - pre_processing.element_library.element_1D_base - DEBUG - Separated Rotational Contribution:
2025-04-11 19:52:48,704 - pre_processing.element_library.element_1D_base - DEBUG - Separated Rotational Contribution:
2025-04-11 19:52:48,704 - pre_processing.element_library.element_1D_base - DEBUG - Separated Rotational Contribution:
2025-04-11 19:52:48,719 - pre_processing.element_library.element_1D_base - DEBUG - [[0. 0. 0. 0. 0. 0.]]
2025-04-11 19:52:48,719 - pre_processing.element_library.element_1D_base - DEBUG - [[0. 0. 0. 0. 0. 0.]]
2025-04-11 19:52:48,719 - pre_processing.element_library.element_1D_base - DEBUG - [[0. 0. 0. 0. 0. 0.]]
2025-04-11 19:52:48,719 - pre_processing.element_library.element_1D_base - DEBUG - [[0. 0. 0. 0. 0. 0.]]
2025-04-11 19:52:48,719 - pre_processing.element_library.element_1D_base - DEBUG - [[0. 0. 0. 0. 0. 0.]]
2025-04-11 19:52:48,719 - pre_processing.element_library.element_1D_base - DEBUG - [[0. 0. 0. 0. 0. 0.]]
2025-04-11 19:52:48,725 - pre_processing.element_library.element_1D_base - DEBUG - Updated Element Force Vector:
2025-04-11 19:52:48,725 - pre_processing.element_library.element_1D_base - DEBUG - Updated Element Force Vector:
2025-04-11 19:52:48,725 - pre_processing.element_library.element_1D_base - DEBUG - Updated Element Force Vector:
2025-04-11 19:52:48,725 - pre_processing.element_library.element_1D_base - DEBUG - Updated Element Force Vector:
2025-04-11 19:52:48,725 - pre_processing.element_library.element_1D_base - DEBUG - Updated Element Force Vector:
2025-04-11 19:52:48,725 - pre_processing.element_library.element_1D_base - DEBUG - Updated Element Force Vector:
2025-04-11 19:52:48,733 - pre_processing.element_library.element_1D_base - DEBUG - [[      0.  400000.       0.       0.       0.       0.       0. -500000.
        0.       0.       0.       0.]]
2025-04-11 19:52:48,733 - pre_processing.element_library.element_1D_base - DEBUG - [[      0.  400000.       0.       0.       0.       0.       0. -500000.
        0.       0.       0.       0.]]
2025-04-11 19:52:48,733 - pre_processing.element_library.element_1D_base - DEBUG - [[      0.  400000.       0.       0.       0.       0.       0. -500000.
        0.       0.       0.       0.]]
2025-04-11 19:52:48,733 - pre_processing.element_library.element_1D_base - DEBUG - [[      0.  400000.       0.       0.       0.       0.       0. -500000.
        0.       0.       0.       0.]]
2025-04-11 19:52:48,733 - pre_processing.element_library.element_1D_base - DEBUG - [[      0.  400000.       0.       0.       0.       0.       0. -500000.
        0.       0.       0.       0.]]
2025-04-11 19:52:48,733 - pre_processing.element_library.element_1D_base - DEBUG - [[      0.  400000.       0.       0.       0.       0.       0. -500000.
        0.       0.       0.       0.]]
2025-04-11 19:52:48,740 - pre_processing.element_library.element_1D_base - DEBUG - 
===== Final Element Force Vector =====
2025-04-11 19:52:48,740 - pre_processing.element_library.element_1D_base - DEBUG - 
===== Final Element Force Vector =====
2025-04-11 19:52:48,740 - pre_processing.element_library.element_1D_base - DEBUG - 
===== Final Element Force Vector =====
2025-04-11 19:52:48,740 - pre_processing.element_library.element_1D_base - DEBUG - 
===== Final Element Force Vector =====
2025-04-11 19:52:48,740 - pre_processing.element_library.element_1D_base - DEBUG - 
===== Final Element Force Vector =====
2025-04-11 19:52:48,740 - pre_processing.element_library.element_1D_base - DEBUG - 
===== Final Element Force Vector =====
2025-04-11 19:52:48,747 - pre_processing.element_library.element_1D_base - DEBUG - [[      0.  400000.       0.       0.       0.       0.       0. -500000.
        0.       0.       0.       0.]]
2025-04-11 19:52:48,747 - pre_processing.element_library.element_1D_base - DEBUG - [[      0.  400000.       0.       0.       0.       0.       0. -500000.
        0.       0.       0.       0.]]
2025-04-11 19:52:48,747 - pre_processing.element_library.element_1D_base - DEBUG - [[      0.  400000.       0.       0.       0.       0.       0. -500000.
        0.       0.       0.       0.]]
2025-04-11 19:52:48,747 - pre_processing.element_library.element_1D_base - DEBUG - [[      0.  400000.       0.       0.       0.       0.       0. -500000.
        0.       0.       0.       0.]]
2025-04-11 19:52:48,747 - pre_processing.element_library.element_1D_base - DEBUG - [[      0.  400000.       0.       0.       0.       0.       0. -500000.
        0.       0.       0.       0.]]
2025-04-11 19:52:48,747 - pre_processing.element_library.element_1D_base - DEBUG - [[      0.  400000.       0.       0.       0.       0.       0. -500000.
        0.       0.       0.       0.]]
2025-04-11 19:52:48,758 - pre_processing.element_library.element_1D_base - DEBUG - Element Force Vector Computation (Element ID: 6)
2025-04-11 19:52:48,758 - pre_processing.element_library.element_1D_base - DEBUG - Element Force Vector Computation (Element ID: 6)
2025-04-11 19:52:48,758 - pre_processing.element_library.element_1D_base - DEBUG - Element Force Vector Computation (Element ID: 6)
2025-04-11 19:52:48,758 - pre_processing.element_library.element_1D_base - DEBUG - Element Force Vector Computation (Element ID: 6)
2025-04-11 19:52:48,758 - pre_processing.element_library.element_1D_base - DEBUG - Element Force Vector Computation (Element ID: 6)
2025-04-11 19:52:48,758 - pre_processing.element_library.element_1D_base - DEBUG - Element Force Vector Computation (Element ID: 6)
2025-04-11 19:52:48,758 - pre_processing.element_library.element_1D_base - DEBUG - Element Force Vector Computation (Element ID: 6)
2025-04-11 19:52:48,766 - pre_processing.element_library.element_1D_base - DEBUG - 
===== Final Element Force Vector =====
2025-04-11 19:52:48,766 - pre_processing.element_library.element_1D_base - DEBUG - 
===== Final Element Force Vector =====
2025-04-11 19:52:48,766 - pre_processing.element_library.element_1D_base - DEBUG - 
===== Final Element Force Vector =====
2025-04-11 19:52:48,766 - pre_processing.element_library.element_1D_base - DEBUG - 
===== Final Element Force Vector =====
2025-04-11 19:52:48,766 - pre_processing.element_library.element_1D_base - DEBUG - 
===== Final Element Force Vector =====
2025-04-11 19:52:48,766 - pre_processing.element_library.element_1D_base - DEBUG - 
===== Final Element Force Vector =====
2025-04-11 19:52:48,766 - pre_processing.element_library.element_1D_base - DEBUG - 
===== Final Element Force Vector =====
2025-04-11 19:52:48,774 - pre_processing.element_library.element_1D_base - DEBUG - [[0. 0. 0. 0. 0. 0. 0. 0. 0. 0. 0. 0.]]
2025-04-11 19:52:48,774 - pre_processing.element_library.element_1D_base - DEBUG - [[0. 0. 0. 0. 0. 0. 0. 0. 0. 0. 0. 0.]]
2025-04-11 19:52:48,774 - pre_processing.element_library.element_1D_base - DEBUG - [[0. 0. 0. 0. 0. 0. 0. 0. 0. 0. 0. 0.]]
2025-04-11 19:52:48,774 - pre_processing.element_library.element_1D_base - DEBUG - [[0. 0. 0. 0. 0. 0. 0. 0. 0. 0. 0. 0.]]
2025-04-11 19:52:48,774 - pre_processing.element_library.element_1D_base - DEBUG - [[0. 0. 0. 0. 0. 0. 0. 0. 0. 0. 0. 0.]]
2025-04-11 19:52:48,774 - pre_processing.element_library.element_1D_base - DEBUG - [[0. 0. 0. 0. 0. 0. 0. 0. 0. 0. 0. 0.]]
2025-04-11 19:52:48,774 - pre_processing.element_library.element_1D_base - DEBUG - [[0. 0. 0. 0. 0. 0. 0. 0. 0. 0. 0. 0.]]
2025-04-11 19:52:48,786 - pre_processing.element_library.element_1D_base - DEBUG - Element Force Vector Computation (Element ID: 7)
2025-04-11 19:52:48,786 - pre_processing.element_library.element_1D_base - DEBUG - Element Force Vector Computation (Element ID: 7)
2025-04-11 19:52:48,786 - pre_processing.element_library.element_1D_base - DEBUG - Element Force Vector Computation (Element ID: 7)
2025-04-11 19:52:48,786 - pre_processing.element_library.element_1D_base - DEBUG - Element Force Vector Computation (Element ID: 7)
2025-04-11 19:52:48,786 - pre_processing.element_library.element_1D_base - DEBUG - Element Force Vector Computation (Element ID: 7)
2025-04-11 19:52:48,786 - pre_processing.element_library.element_1D_base - DEBUG - Element Force Vector Computation (Element ID: 7)
2025-04-11 19:52:48,786 - pre_processing.element_library.element_1D_base - DEBUG - Element Force Vector Computation (Element ID: 7)
2025-04-11 19:52:48,786 - pre_processing.element_library.element_1D_base - DEBUG - Element Force Vector Computation (Element ID: 7)
2025-04-11 19:52:48,796 - pre_processing.element_library.element_1D_base - DEBUG - 
===== Final Element Force Vector =====
2025-04-11 19:52:48,796 - pre_processing.element_library.element_1D_base - DEBUG - 
===== Final Element Force Vector =====
2025-04-11 19:52:48,796 - pre_processing.element_library.element_1D_base - DEBUG - 
===== Final Element Force Vector =====
2025-04-11 19:52:48,796 - pre_processing.element_library.element_1D_base - DEBUG - 
===== Final Element Force Vector =====
2025-04-11 19:52:48,796 - pre_processing.element_library.element_1D_base - DEBUG - 
===== Final Element Force Vector =====
2025-04-11 19:52:48,796 - pre_processing.element_library.element_1D_base - DEBUG - 
===== Final Element Force Vector =====
2025-04-11 19:52:48,796 - pre_processing.element_library.element_1D_base - DEBUG - 
===== Final Element Force Vector =====
2025-04-11 19:52:48,796 - pre_processing.element_library.element_1D_base - DEBUG - 
===== Final Element Force Vector =====
2025-04-11 19:52:48,806 - pre_processing.element_library.element_1D_base - DEBUG - [[0. 0. 0. 0. 0. 0. 0. 0. 0. 0. 0. 0.]]
2025-04-11 19:52:48,806 - pre_processing.element_library.element_1D_base - DEBUG - [[0. 0. 0. 0. 0. 0. 0. 0. 0. 0. 0. 0.]]
2025-04-11 19:52:48,806 - pre_processing.element_library.element_1D_base - DEBUG - [[0. 0. 0. 0. 0. 0. 0. 0. 0. 0. 0. 0.]]
2025-04-11 19:52:48,806 - pre_processing.element_library.element_1D_base - DEBUG - [[0. 0. 0. 0. 0. 0. 0. 0. 0. 0. 0. 0.]]
2025-04-11 19:52:48,806 - pre_processing.element_library.element_1D_base - DEBUG - [[0. 0. 0. 0. 0. 0. 0. 0. 0. 0. 0. 0.]]
2025-04-11 19:52:48,806 - pre_processing.element_library.element_1D_base - DEBUG - [[0. 0. 0. 0. 0. 0. 0. 0. 0. 0. 0. 0.]]
2025-04-11 19:52:48,806 - pre_processing.element_library.element_1D_base - DEBUG - [[0. 0. 0. 0. 0. 0. 0. 0. 0. 0. 0. 0.]]
2025-04-11 19:52:48,806 - pre_processing.element_library.element_1D_base - DEBUG - [[0. 0. 0. 0. 0. 0. 0. 0. 0. 0. 0. 0.]]
2025-04-11 19:52:48,821 - pre_processing.element_library.element_1D_base - DEBUG - Element Force Vector Computation (Element ID: 8)
2025-04-11 19:52:48,821 - pre_processing.element_library.element_1D_base - DEBUG - Element Force Vector Computation (Element ID: 8)
2025-04-11 19:52:48,821 - pre_processing.element_library.element_1D_base - DEBUG - Element Force Vector Computation (Element ID: 8)
2025-04-11 19:52:48,821 - pre_processing.element_library.element_1D_base - DEBUG - Element Force Vector Computation (Element ID: 8)
2025-04-11 19:52:48,821 - pre_processing.element_library.element_1D_base - DEBUG - Element Force Vector Computation (Element ID: 8)
2025-04-11 19:52:48,821 - pre_processing.element_library.element_1D_base - DEBUG - Element Force Vector Computation (Element ID: 8)
2025-04-11 19:52:48,821 - pre_processing.element_library.element_1D_base - DEBUG - Element Force Vector Computation (Element ID: 8)
2025-04-11 19:52:48,821 - pre_processing.element_library.element_1D_base - DEBUG - Element Force Vector Computation (Element ID: 8)
2025-04-11 19:52:48,821 - pre_processing.element_library.element_1D_base - DEBUG - Element Force Vector Computation (Element ID: 8)
2025-04-11 19:52:48,839 - pre_processing.element_library.element_1D_base - DEBUG - 
===== Final Element Force Vector =====
2025-04-11 19:52:48,839 - pre_processing.element_library.element_1D_base - DEBUG - 
===== Final Element Force Vector =====
2025-04-11 19:52:48,839 - pre_processing.element_library.element_1D_base - DEBUG - 
===== Final Element Force Vector =====
2025-04-11 19:52:48,839 - pre_processing.element_library.element_1D_base - DEBUG - 
===== Final Element Force Vector =====
2025-04-11 19:52:48,839 - pre_processing.element_library.element_1D_base - DEBUG - 
===== Final Element Force Vector =====
2025-04-11 19:52:48,839 - pre_processing.element_library.element_1D_base - DEBUG - 
===== Final Element Force Vector =====
2025-04-11 19:52:48,839 - pre_processing.element_library.element_1D_base - DEBUG - 
===== Final Element Force Vector =====
2025-04-11 19:52:48,839 - pre_processing.element_library.element_1D_base - DEBUG - 
===== Final Element Force Vector =====
2025-04-11 19:52:48,839 - pre_processing.element_library.element_1D_base - DEBUG - 
===== Final Element Force Vector =====
2025-04-11 19:52:48,848 - pre_processing.element_library.element_1D_base - DEBUG - [[0. 0. 0. 0. 0. 0. 0. 0. 0. 0. 0. 0.]]
2025-04-11 19:52:48,848 - pre_processing.element_library.element_1D_base - DEBUG - [[0. 0. 0. 0. 0. 0. 0. 0. 0. 0. 0. 0.]]
2025-04-11 19:52:48,848 - pre_processing.element_library.element_1D_base - DEBUG - [[0. 0. 0. 0. 0. 0. 0. 0. 0. 0. 0. 0.]]
2025-04-11 19:52:48,848 - pre_processing.element_library.element_1D_base - DEBUG - [[0. 0. 0. 0. 0. 0. 0. 0. 0. 0. 0. 0.]]
2025-04-11 19:52:48,848 - pre_processing.element_library.element_1D_base - DEBUG - [[0. 0. 0. 0. 0. 0. 0. 0. 0. 0. 0. 0.]]
2025-04-11 19:52:48,848 - pre_processing.element_library.element_1D_base - DEBUG - [[0. 0. 0. 0. 0. 0. 0. 0. 0. 0. 0. 0.]]
2025-04-11 19:52:48,848 - pre_processing.element_library.element_1D_base - DEBUG - [[0. 0. 0. 0. 0. 0. 0. 0. 0. 0. 0. 0.]]
2025-04-11 19:52:48,848 - pre_processing.element_library.element_1D_base - DEBUG - [[0. 0. 0. 0. 0. 0. 0. 0. 0. 0. 0. 0.]]
2025-04-11 19:52:48,848 - pre_processing.element_library.element_1D_base - DEBUG - [[0. 0. 0. 0. 0. 0. 0. 0. 0. 0. 0. 0.]]
2025-04-11 19:52:48,863 - pre_processing.element_library.element_1D_base - DEBUG - Element Force Vector Computation (Element ID: 9)
2025-04-11 19:52:48,863 - pre_processing.element_library.element_1D_base - DEBUG - Element Force Vector Computation (Element ID: 9)
2025-04-11 19:52:48,863 - pre_processing.element_library.element_1D_base - DEBUG - Element Force Vector Computation (Element ID: 9)
2025-04-11 19:52:48,863 - pre_processing.element_library.element_1D_base - DEBUG - Element Force Vector Computation (Element ID: 9)
2025-04-11 19:52:48,863 - pre_processing.element_library.element_1D_base - DEBUG - Element Force Vector Computation (Element ID: 9)
2025-04-11 19:52:48,863 - pre_processing.element_library.element_1D_base - DEBUG - Element Force Vector Computation (Element ID: 9)
2025-04-11 19:52:48,863 - pre_processing.element_library.element_1D_base - DEBUG - Element Force Vector Computation (Element ID: 9)
2025-04-11 19:52:48,863 - pre_processing.element_library.element_1D_base - DEBUG - Element Force Vector Computation (Element ID: 9)
2025-04-11 19:52:48,863 - pre_processing.element_library.element_1D_base - DEBUG - Element Force Vector Computation (Element ID: 9)
2025-04-11 19:52:48,863 - pre_processing.element_library.element_1D_base - DEBUG - Element Force Vector Computation (Element ID: 9)
2025-04-11 19:52:48,873 - pre_processing.element_library.element_1D_base - DEBUG - 
===== Final Element Force Vector =====
2025-04-11 19:52:48,873 - pre_processing.element_library.element_1D_base - DEBUG - 
===== Final Element Force Vector =====
2025-04-11 19:52:48,873 - pre_processing.element_library.element_1D_base - DEBUG - 
===== Final Element Force Vector =====
2025-04-11 19:52:48,873 - pre_processing.element_library.element_1D_base - DEBUG - 
===== Final Element Force Vector =====
2025-04-11 19:52:48,873 - pre_processing.element_library.element_1D_base - DEBUG - 
===== Final Element Force Vector =====
2025-04-11 19:52:48,873 - pre_processing.element_library.element_1D_base - DEBUG - 
===== Final Element Force Vector =====
2025-04-11 19:52:48,873 - pre_processing.element_library.element_1D_base - DEBUG - 
===== Final Element Force Vector =====
2025-04-11 19:52:48,873 - pre_processing.element_library.element_1D_base - DEBUG - 
===== Final Element Force Vector =====
2025-04-11 19:52:48,873 - pre_processing.element_library.element_1D_base - DEBUG - 
===== Final Element Force Vector =====
2025-04-11 19:52:48,873 - pre_processing.element_library.element_1D_base - DEBUG - 
===== Final Element Force Vector =====
2025-04-11 19:52:48,900 - pre_processing.element_library.element_1D_base - DEBUG - [[0. 0. 0. 0. 0. 0. 0. 0. 0. 0. 0. 0.]]
2025-04-11 19:52:48,900 - pre_processing.element_library.element_1D_base - DEBUG - [[0. 0. 0. 0. 0. 0. 0. 0. 0. 0. 0. 0.]]
2025-04-11 19:52:48,900 - pre_processing.element_library.element_1D_base - DEBUG - [[0. 0. 0. 0. 0. 0. 0. 0. 0. 0. 0. 0.]]
2025-04-11 19:52:48,900 - pre_processing.element_library.element_1D_base - DEBUG - [[0. 0. 0. 0. 0. 0. 0. 0. 0. 0. 0. 0.]]
2025-04-11 19:52:48,900 - pre_processing.element_library.element_1D_base - DEBUG - [[0. 0. 0. 0. 0. 0. 0. 0. 0. 0. 0. 0.]]
2025-04-11 19:52:48,900 - pre_processing.element_library.element_1D_base - DEBUG - [[0. 0. 0. 0. 0. 0. 0. 0. 0. 0. 0. 0.]]
2025-04-11 19:52:48,900 - pre_processing.element_library.element_1D_base - DEBUG - [[0. 0. 0. 0. 0. 0. 0. 0. 0. 0. 0. 0.]]
2025-04-11 19:52:48,900 - pre_processing.element_library.element_1D_base - DEBUG - [[0. 0. 0. 0. 0. 0. 0. 0. 0. 0. 0. 0.]]
2025-04-11 19:52:48,900 - pre_processing.element_library.element_1D_base - DEBUG - [[0. 0. 0. 0. 0. 0. 0. 0. 0. 0. 0. 0.]]
2025-04-11 19:52:48,900 - pre_processing.element_library.element_1D_base - DEBUG - [[0. 0. 0. 0. 0. 0. 0. 0. 0. 0. 0. 0.]]
