Machine Specifications:
   - OS: Windows 11 (10.0.22631)
   - CPU: Intel64 Family 6 Model 151 Stepping 2, GenuineIntel (20 cores)
   - RAM: 31.24 GB
   - Python Version: 3.12.5

Job: job_0002
Timestamp (job start): 2025-04-11_19-52-50
Total Time: 3.85 sec

+-------------------------------+------------+---------------+-------------+-----------+
| Step                          |   Time (s) |   Memory (MB) |   Disk (GB) |   CPU (%) |
+===============================+============+===============+=============+===========+
| Parsing                       | 0.0080092  |       106.043 |     788.545 |         0 |
+-------------------------------+------------+---------------+-------------+-----------+
| Element Instantiation         | 0.00178313 |       106.086 |     788.545 |         0 |
+-------------------------------+------------+---------------+-------------+-----------+
| Element Stiffness Computation | 1.56757    |       106.469 |     788.551 |         0 |
+-------------------------------+------------+---------------+-------------+-----------+
| Element Force Computation     | 0.405746   |       106.492 |     788.553 |         0 |
+-------------------------------+------------+---------------+-------------+-----------+
| Setup Simulation              | 0          |       106.531 |     788.553 |         0 |
+-------------------------------+------------+---------------+-------------+-----------+
| Assemble Global Matrices      | 0.0360327  |       108.625 |     788.553 |         0 |
+-------------------------------+------------+---------------+-------------+-----------+
| Modify Global Matrices        | 0.0627723  |       109.203 |     788.553 |         0 |
+-------------------------------+------------+---------------+-------------+-----------+
| Solve Linear Static System    | 0.566001   |       124.793 |     788.554 |         0 |
+-------------------------------+------------+---------------+-------------+-----------+
| Compute Primary Results       | 0.00351667 |       124.805 |     788.555 |         0 |
+-------------------------------+------------+---------------+-------------+-----------+
| Save Primary Results          | 0.0787721  |       124.824 |     788.555 |         0 |
+-------------------------------+------------+---------------+-------------+-----------+

Parallel Jobs: job_0007, job_0008, job_0009, job_0001
Start Memory: 105.91 MB | End Memory: 124.82 MB
Start Disk Usage: 788.54 GB | End Disk Usage: 788.56 GB
Start CPU: 0.00% | End CPU: 0.00%
