--------------------------------------------------------------------------
Machine specifications – written 2025-07-07 19:50:13.368627
OS          : Windows 11 (10.0.22631)
CPU         : 12th Gen Intel(R) Core(TM) i7-12700
   logical  : 20
   physical : 12
RAM         : 31.24 GB
Disk        : 3071.87 GB total  /  2258.40 GB free
Python      : 3.12.5  (C:\Users\s1834431\AppData\Local\Programs\Python\Python312\python.exe)
GPU(s)      : Intel(R) UHD Graphics 770
--------------------------------------------------------------------------

Runtime telemetry header written → \\mull.sms.ed.ac.uk\home\s1834431\Win7\Desktop\fem_model\post_processing\results\job_0004_2025-07-07_19-50-06-051755_pid76900_1b4c714d\diagnostics\RuntimeMonitorTelemetry.log
2025-07-07 19:50:13 │ PrepareLocalSystem BEGIN   │ Δt  0.00 s │ RAM   122.6 MB │ CPU   8.3 % │ Disk  813.5 GB
2025-07-07 19:50:14 │ PrepareLocalSystem END     │ Δt  0.82 s │ RAM   122.7 MB │ CPU   1.1 % │ Disk  813.5 GB
2025-07-07 19:50:14 │ AssembleGlobalSystem BEGIN │ Δt  0.22 s │ RAM   122.7 MB │ CPU   5.2 % │ Disk  813.5 GB
2025-07-07 19:50:15 │ AssembleGlobalSystem END   │ Δt  1.08 s │ RAM   124.4 MB │ CPU  23.4 % │ Disk  813.5 GB
2025-07-07 19:50:16 │ ModifyGlobalSystem BEGIN   │ Δt  0.79 s │ RAM   126.8 MB │ CPU   5.3 % │ Disk  813.5 GB
2025-07-07 19:50:16 │ ModifyGlobalSystem END     │ Δt  0.27 s │ RAM   127.2 MB │ CPU  14.7 % │ Disk  813.5 GB
2025-07-07 19:50:17 │ CondenseModifiedSystem BEGIN │ Δt  0.79 s │ RAM   127.3 MB │ CPU   3.5 % │ Disk  813.5 GB
2025-07-07 19:50:17 │ CondenseModifiedSystem END │ Δt  0.29 s │ RAM   127.7 MB │ CPU  13.8 % │ Disk  813.5 GB
2025-07-07 19:50:18 │ SolveCondensedSystem BEGIN │ Δt  0.80 s │ RAM   127.8 MB │ CPU   7.0 % │ Disk  813.5 GB
2025-07-07 19:50:20 │ SolveCondensedSystem END   │ Δt  1.96 s │ RAM   128.0 MB │ CPU   1.6 % │ Disk  813.5 GB
2025-07-07 19:50:20 │ ReconstructGlobalSystem BEGIN │ Δt  0.21 s │ RAM   128.0 MB │ CPU   5.1 % │ Disk  813.5 GB
2025-07-07 19:50:21 │ ReconstructGlobalSystem END │ Δt  0.25 s │ RAM   128.0 MB │ CPU   5.9 % │ Disk  813.5 GB
2025-07-07 19:50:21 │ ComputePrimaryResults BEGIN │ Δt  0.20 s │ RAM   128.0 MB │ CPU   6.5 % │ Disk  813.5 GB
2025-07-07 19:50:25 │ ComputePrimaryResults END  │ Δt  4.54 s │ RAM   128.0 MB │ CPU  16.7 % │ Disk  813.5 GB
