2025-06-16 17:05:56,895 [DEBUG] 📁 Log file created at: \\mull.sms.ed.ac.uk\home\s1834431\Win7\Desktop\fem_model\post_processing\results\job_0008_2025-06-16_17-05-54-645917_pid62308_1502efd9\logs\AssembleGlobalSystem.log (Module: assembly, Line: 90)
2025-06-16 17:05:56,896 [INFO] 🔧 Starting global matrix assembly... (Module: assembly, Line: 106)
2025-06-16 17:05:56,897 [DEBUG] Element 0 DOF mapping validated (Module: assembly, Line: 177)
2025-06-16 17:05:56,897 [DEBUG] Element 1 DOF mapping validated (Module: assembly, Line: 177)
2025-06-16 17:05:56,901 [DEBUG] 
✅ DOF Mappings Summary:
 Element ID                              Local DOF                                   Global DOF
          0 [0, 1, 2, 3, 4, 5, 6, 7, 8, 9, 10, 11]       [0, 1, 2, 3, 4, 5, 6, 7, 8, 9, 10, 11]
          1 [0, 1, 2, 3, 4, 5, 6, 7, 8, 9, 10, 11] [6, 7, 8, 9, 10, 11, 12, 13, 14, 15, 16, 17] (Module: assembly, Line: 197)
2025-06-16 17:05:56,913 [INFO] 🗂️ DOF mapping saved to: \\mull.sms.ed.ac.uk\home\s1834431\Win7\Desktop\fem_model\post_processing\results\job_0008_2025-06-16_17-05-54-645917_pid62308_1502efd9\maps\01_assembly_map.csv (Module: assembly, Line: 207)
2025-06-16 17:05:56,914 [INFO] 🧾 System Info:
  Total DOFs: 18
  Number of elements: 2
  Symmetry tolerance: 1.0e-08 (Module: assembly, Line: 335)
2025-06-16 17:05:56,915 [INFO] ✅ Stiffness matrix assembled (Module: assembly, Line: 239)
2025-06-16 17:05:56,916 [INFO] ✅ Force vector assembled (Module: assembly, Line: 268)
2025-06-16 17:05:56,917 [INFO] Global Stiffness Matrix:
  Non-zero entries: 28
  Symmetry: True
  Norm: 5.977e+10 (Module: assembly, Line: 355)
2025-06-16 17:05:56,919 [DEBUG] 
Full Stiffness Matrix (Dense):
Col        0         1         2         3        4        5         6         7         8         9        10       11        12        13        14        15       16       17
Row                                                                                                                                                                              
0    4.00e+09  0.00e+00  0.00e+00  0.00e+00 0.00e+00 0.00e+00 -4.00e+09  0.00e+00  0.00e+00  0.00e+00 0.00e+00 0.00e+00  0.00e+00  0.00e+00  0.00e+00  0.00e+00 0.00e+00 0.00e+00
1    0.00e+00  4.48e+09  0.00e+00  0.00e+00 0.00e+00 0.00e+00  0.00e+00 -4.48e+09  0.00e+00  0.00e+00 0.00e+00 0.00e+00  0.00e+00  0.00e+00  0.00e+00  0.00e+00 0.00e+00 0.00e+00
2    0.00e+00  0.00e+00  1.79e+10  0.00e+00 0.00e+00 0.00e+00  0.00e+00  0.00e+00 -1.79e+10  0.00e+00 0.00e+00 0.00e+00  0.00e+00  0.00e+00  0.00e+00  0.00e+00 0.00e+00 0.00e+00
3    0.00e+00  0.00e+00  0.00e+00  1.31e+06 0.00e+00 0.00e+00  0.00e+00  0.00e+00  0.00e+00 -1.31e+06 0.00e+00 0.00e+00  0.00e+00  0.00e+00  0.00e+00  0.00e+00 0.00e+00 0.00e+00
4    0.00e+00  0.00e+00  0.00e+00  0.00e+00 0.00e+00 0.00e+00  0.00e+00  0.00e+00  0.00e+00  0.00e+00 0.00e+00 0.00e+00  0.00e+00  0.00e+00  0.00e+00  0.00e+00 0.00e+00 0.00e+00
5    0.00e+00  0.00e+00  0.00e+00  0.00e+00 0.00e+00 0.00e+00  0.00e+00  0.00e+00  0.00e+00  0.00e+00 0.00e+00 0.00e+00  0.00e+00  0.00e+00  0.00e+00  0.00e+00 0.00e+00 0.00e+00
6   -4.00e+09  0.00e+00  0.00e+00  0.00e+00 0.00e+00 0.00e+00  8.00e+09  0.00e+00  0.00e+00  0.00e+00 0.00e+00 0.00e+00 -4.00e+09  0.00e+00  0.00e+00  0.00e+00 0.00e+00 0.00e+00
7    0.00e+00 -4.48e+09  0.00e+00  0.00e+00 0.00e+00 0.00e+00  0.00e+00  8.96e+09  0.00e+00  0.00e+00 0.00e+00 0.00e+00  0.00e+00 -4.48e+09  0.00e+00  0.00e+00 0.00e+00 0.00e+00
8    0.00e+00  0.00e+00 -1.79e+10  0.00e+00 0.00e+00 0.00e+00  0.00e+00  0.00e+00  3.58e+10  0.00e+00 0.00e+00 0.00e+00  0.00e+00  0.00e+00 -1.79e+10  0.00e+00 0.00e+00 0.00e+00
9    0.00e+00  0.00e+00  0.00e+00 -1.31e+06 0.00e+00 0.00e+00  0.00e+00  0.00e+00  0.00e+00  2.63e+06 0.00e+00 0.00e+00  0.00e+00  0.00e+00  0.00e+00 -1.31e+06 0.00e+00 0.00e+00
10   0.00e+00  0.00e+00  0.00e+00  0.00e+00 0.00e+00 0.00e+00  0.00e+00  0.00e+00  0.00e+00  0.00e+00 0.00e+00 0.00e+00  0.00e+00  0.00e+00  0.00e+00  0.00e+00 0.00e+00 0.00e+00
11   0.00e+00  0.00e+00  0.00e+00  0.00e+00 0.00e+00 0.00e+00  0.00e+00  0.00e+00  0.00e+00  0.00e+00 0.00e+00 0.00e+00  0.00e+00  0.00e+00  0.00e+00  0.00e+00 0.00e+00 0.00e+00
12   0.00e+00  0.00e+00  0.00e+00  0.00e+00 0.00e+00 0.00e+00 -4.00e+09  0.00e+00  0.00e+00  0.00e+00 0.00e+00 0.00e+00  4.00e+09  0.00e+00  0.00e+00  0.00e+00 0.00e+00 0.00e+00
13   0.00e+00  0.00e+00  0.00e+00  0.00e+00 0.00e+00 0.00e+00  0.00e+00 -4.48e+09  0.00e+00  0.00e+00 0.00e+00 0.00e+00  0.00e+00  4.48e+09  0.00e+00  0.00e+00 0.00e+00 0.00e+00
14   0.00e+00  0.00e+00  0.00e+00  0.00e+00 0.00e+00 0.00e+00  0.00e+00  0.00e+00 -1.79e+10  0.00e+00 0.00e+00 0.00e+00  0.00e+00  0.00e+00  1.79e+10  0.00e+00 0.00e+00 0.00e+00
15   0.00e+00  0.00e+00  0.00e+00  0.00e+00 0.00e+00 0.00e+00  0.00e+00  0.00e+00  0.00e+00 -1.31e+06 0.00e+00 0.00e+00  0.00e+00  0.00e+00  0.00e+00  1.31e+06 0.00e+00 0.00e+00
16   0.00e+00  0.00e+00  0.00e+00  0.00e+00 0.00e+00 0.00e+00  0.00e+00  0.00e+00  0.00e+00  0.00e+00 0.00e+00 0.00e+00  0.00e+00  0.00e+00  0.00e+00  0.00e+00 0.00e+00 0.00e+00
17   0.00e+00  0.00e+00  0.00e+00  0.00e+00 0.00e+00 0.00e+00  0.00e+00  0.00e+00  0.00e+00  0.00e+00 0.00e+00 0.00e+00  0.00e+00  0.00e+00  0.00e+00  0.00e+00 0.00e+00 0.00e+00 (Module: assembly, Line: 370)
2025-06-16 17:05:56,926 [INFO] 💾 Global stiffness matrix saved to: \\mull.sms.ed.ac.uk\home\s1834431\Win7\Desktop\fem_model\post_processing\results\job_0008_2025-06-16_17-05-54-645917_pid62308_1502efd9\primary_results\01_K_global.csv (Module: assembly, Line: 316)
2025-06-16 17:05:56,933 [INFO] 💾 Global force vector saved to: \\mull.sms.ed.ac.uk\home\s1834431\Win7\Desktop\fem_model\post_processing\results\job_0008_2025-06-16_17-05-54-645917_pid62308_1502efd9\primary_results\02_F_global.csv (Module: assembly, Line: 331)
2025-06-16 17:05:56,934 [INFO] 📊 Performance Metrics:
  Assembly Time: 0.04s
  Elements Processed: 2
  Matrix Density: 8.64e-02
  Memory Usage: 0.00MB
  Processing Rate: 52.6 elements/s (Module: assembly, Line: 351)
2025-06-16 17:05:56,935 [INFO] ✅ Assembly complete. (Module: assembly, Line: 123)
