2025-06-16 17:05:56,945 [DEBUG] 📁 Log file created at: \\mull.sms.ed.ac.uk\home\s1834431\Win7\Desktop\fem_model\post_processing\results\job_0008_2025-06-16_17-05-54-645917_pid62308_1502efd9\logs\ModifyGlobalSystem.log (Module: boundary_conditions, Line: 91)
2025-06-16 17:05:56,946 [INFO] 🔧 Applying stabilized boundary conditions... (Module: boundary_conditions, Line: 109)
2025-06-16 17:05:56,947 [DEBUG] Computed penalty value: 3.58e+46 (Module: boundary_conditions, Line: 166)
2025-06-16 17:05:56,948 [DEBUG] 
======================================== System Diagnostics ======================================== (Module: boundary_conditions, Line: 257)
2025-06-16 17:05:56,949 [DEBUG] Original Non-zeros: 28
Modified Non-zeros: 22
Penalty Value: 3.58e+46
Stabilization Factor: 3.58e+36 (Module: boundary_conditions, Line: 269)
2025-06-16 17:05:56,952 [DEBUG] 
Modified Stiffness Matrix:
         0        1        2        3        4        5         6         7         8         9        10       11        12        13        14        15       16       17
0  3.58e+46 0.00e+00 0.00e+00 0.00e+00 0.00e+00 0.00e+00  0.00e+00  0.00e+00  0.00e+00  0.00e+00 0.00e+00 0.00e+00  0.00e+00  0.00e+00  0.00e+00  0.00e+00 0.00e+00 0.00e+00
1  0.00e+00 3.58e+46 0.00e+00 0.00e+00 0.00e+00 0.00e+00  0.00e+00  0.00e+00  0.00e+00  0.00e+00 0.00e+00 0.00e+00  0.00e+00  0.00e+00  0.00e+00  0.00e+00 0.00e+00 0.00e+00
2  0.00e+00 0.00e+00 3.58e+46 0.00e+00 0.00e+00 0.00e+00  0.00e+00  0.00e+00  0.00e+00  0.00e+00 0.00e+00 0.00e+00  0.00e+00  0.00e+00  0.00e+00  0.00e+00 0.00e+00 0.00e+00
3  0.00e+00 0.00e+00 0.00e+00 3.58e+46 0.00e+00 0.00e+00  0.00e+00  0.00e+00  0.00e+00  0.00e+00 0.00e+00 0.00e+00  0.00e+00  0.00e+00  0.00e+00  0.00e+00 0.00e+00 0.00e+00
4  0.00e+00 0.00e+00 0.00e+00 0.00e+00 3.58e+46 0.00e+00  0.00e+00  0.00e+00  0.00e+00  0.00e+00 0.00e+00 0.00e+00  0.00e+00  0.00e+00  0.00e+00  0.00e+00 0.00e+00 0.00e+00
5  0.00e+00 0.00e+00 0.00e+00 0.00e+00 0.00e+00 3.58e+46  0.00e+00  0.00e+00  0.00e+00  0.00e+00 0.00e+00 0.00e+00  0.00e+00  0.00e+00  0.00e+00  0.00e+00 0.00e+00 0.00e+00
6  0.00e+00 0.00e+00 0.00e+00 0.00e+00 0.00e+00 0.00e+00  8.00e+09  0.00e+00  0.00e+00  0.00e+00 0.00e+00 0.00e+00 -4.00e+09  0.00e+00  0.00e+00  0.00e+00 0.00e+00 0.00e+00
7  0.00e+00 0.00e+00 0.00e+00 0.00e+00 0.00e+00 0.00e+00  0.00e+00  8.96e+09  0.00e+00  0.00e+00 0.00e+00 0.00e+00  0.00e+00 -4.48e+09  0.00e+00  0.00e+00 0.00e+00 0.00e+00
8  0.00e+00 0.00e+00 0.00e+00 0.00e+00 0.00e+00 0.00e+00  0.00e+00  0.00e+00  3.58e+10  0.00e+00 0.00e+00 0.00e+00  0.00e+00  0.00e+00 -1.79e+10  0.00e+00 0.00e+00 0.00e+00
9  0.00e+00 0.00e+00 0.00e+00 0.00e+00 0.00e+00 0.00e+00  0.00e+00  0.00e+00  0.00e+00  2.63e+06 0.00e+00 0.00e+00  0.00e+00  0.00e+00  0.00e+00 -1.31e+06 0.00e+00 0.00e+00
10 0.00e+00 0.00e+00 0.00e+00 0.00e+00 0.00e+00 0.00e+00  0.00e+00  0.00e+00  0.00e+00  0.00e+00 0.00e+00 0.00e+00  0.00e+00  0.00e+00  0.00e+00  0.00e+00 0.00e+00 0.00e+00
11 0.00e+00 0.00e+00 0.00e+00 0.00e+00 0.00e+00 0.00e+00  0.00e+00  0.00e+00  0.00e+00  0.00e+00 0.00e+00 0.00e+00  0.00e+00  0.00e+00  0.00e+00  0.00e+00 0.00e+00 0.00e+00
12 0.00e+00 0.00e+00 0.00e+00 0.00e+00 0.00e+00 0.00e+00 -4.00e+09  0.00e+00  0.00e+00  0.00e+00 0.00e+00 0.00e+00  4.00e+09  0.00e+00  0.00e+00  0.00e+00 0.00e+00 0.00e+00
13 0.00e+00 0.00e+00 0.00e+00 0.00e+00 0.00e+00 0.00e+00  0.00e+00 -4.48e+09  0.00e+00  0.00e+00 0.00e+00 0.00e+00  0.00e+00  4.48e+09  0.00e+00  0.00e+00 0.00e+00 0.00e+00
14 0.00e+00 0.00e+00 0.00e+00 0.00e+00 0.00e+00 0.00e+00  0.00e+00  0.00e+00 -1.79e+10  0.00e+00 0.00e+00 0.00e+00  0.00e+00  0.00e+00  1.79e+10  0.00e+00 0.00e+00 0.00e+00
15 0.00e+00 0.00e+00 0.00e+00 0.00e+00 0.00e+00 0.00e+00  0.00e+00  0.00e+00  0.00e+00 -1.31e+06 0.00e+00 0.00e+00  0.00e+00  0.00e+00  0.00e+00  1.31e+06 0.00e+00 0.00e+00
16 0.00e+00 0.00e+00 0.00e+00 0.00e+00 0.00e+00 0.00e+00  0.00e+00  0.00e+00  0.00e+00  0.00e+00 0.00e+00 0.00e+00  0.00e+00  0.00e+00  0.00e+00  0.00e+00 0.00e+00 0.00e+00
17 0.00e+00 0.00e+00 0.00e+00 0.00e+00 0.00e+00 0.00e+00  0.00e+00  0.00e+00  0.00e+00  0.00e+00 0.00e+00 0.00e+00  0.00e+00  0.00e+00  0.00e+00  0.00e+00 0.00e+00 0.00e+00 (Module: boundary_conditions, Line: 274)
2025-06-16 17:05:56,953 [DEBUG] 
Condition Estimate: 2.7e+40 (Module: boundary_conditions, Line: 284)
2025-06-16 17:05:56,961 [INFO] 💾 Modified stiffness matrix saved to: \\mull.sms.ed.ac.uk\home\s1834431\Win7\Desktop\fem_model\post_processing\results\job_0008_2025-06-16_17-05-54-645917_pid62308_1502efd9\primary_results\03_K_mod.csv (Module: boundary_conditions, Line: 238)
2025-06-16 17:05:56,968 [INFO] 💾 Modified force vector saved to: \\mull.sms.ed.ac.uk\home\s1834431\Win7\Desktop\fem_model\post_processing\results\job_0008_2025-06-16_17-05-54-645917_pid62308_1502efd9\primary_results\04_F_mod.csv (Module: boundary_conditions, Line: 250)
2025-06-16 17:05:56,976 [INFO] 📎 Element DOF fixed/free map saved to: \\mull.sms.ed.ac.uk\home\s1834431\Win7\Desktop\fem_model\post_processing\results\job_0008_2025-06-16_17-05-54-645917_pid62308_1502efd9\maps\02_modification_map.csv (Module: boundary_conditions, Line: 153)
2025-06-16 17:05:56,977 [INFO] ✅ Boundary conditions applied in 0.03s (Module: boundary_conditions, Line: 126)
