Machine Specifications:
   - OS: Windows 11 (10.0.22631)
   - CPU: 12th Gen Intel(R) Core(TM) i7-12700
       • Logical cores: 20
       • Physical cores: 12
   - RAM: 31.24 GB
   - Disk: 3071.87 GB total, 2261.10 GB free
   - Python Version: 3.12.5 (C:\Users\s1834431\AppData\Local\Programs\Python\Python312\python.exe)
   - GPU(s): Intel(R) UHD Graphics 770

Job: job_0006
Timestamp (job start): 2025-06-25_16-22-11-714152
Total Time: 13.78 sec

+-------------------------------+------------+---------------+-------------+-----------+
| Step                          |   Time (s) |   Memory (MB) |   Disk (GB) |   CPU (%) |
+===============================+============+===============+=============+===========+
| Parsing                       |  0.0258245 |       120.5   |     810.757 |         0 |
+-------------------------------+------------+---------------+-------------+-----------+
| Element Instantiation         |  0.685019  |       121.082 |     810.757 |         0 |
+-------------------------------+------------+---------------+-------------+-----------+
| Element Stiffness Computation |  1.12502   |       121.609 |     810.769 |         0 |
+-------------------------------+------------+---------------+-------------+-----------+
| Element Force Computation     |  0.621938  |       121.863 |     810.77  |         0 |
+-------------------------------+------------+---------------+-------------+-----------+
| Full Simulation               | 10.6996    |       127.332 |     810.778 |         0 |
+-------------------------------+------------+---------------+-------------+-----------+

Parallel Jobs: job_0002, job_0001, job_0003
Start Memory: 120.24 MB | End Memory: 127.33 MB
Start Disk Usage: 810.76 GB | End Disk Usage: 810.78 GB
Start CPU: 0.00% | End CPU: 0.00%
