2025-06-25 16:22:05,238 [DEBUG] 📁 Log file: \\mull.sms.ed.ac.uk\home\s1834431\Win7\Desktop\fem_model\post_processing\results\job_0006_2025-06-25_16-21-53-745858_pid45564_009ab639\logs\SolveCondensedSystem.log (Module: solver, Line: 220)
2025-06-25 16:22:05,238 [DEBUG] Row/column scaling applied. (Module: solver, Line: 136)
2025-06-25 16:22:05,245 [DEBUG] Building ILU (drop_tol=1e-06, fill_factor=1.0) (Module: solver, Line: 72)
2025-06-25 16:22:05,245 [WARNING] Preconditioner 'ilu' failed (Factor is exactly singular); proceeding without it. (Module: solver, Line: 242)
2025-06-25 16:22:05,245 [INFO] Solver parameters • solver='cg', prec='None', K nnz=2980, dofs=600 (Module: solver, Line: 153)
2025-06-25 16:22:05,245 [INFO] Condensed condition estimate: 1.02e+00 (Module: solver, Line: 159)
2025-06-25 16:22:05,245 [DEBUG] Iter   10 | residual 1.805e-02 (Module: solver, Line: 291)
2025-06-25 16:22:05,245 [DEBUG] Iter   20 | residual 1.528e-02 (Module: solver, Line: 291)
2025-06-25 16:22:05,245 [DEBUG] Iter   30 | residual 1.998e-02 (Module: solver, Line: 291)
2025-06-25 16:22:05,245 [DEBUG] Iter   40 | residual 2.205e-02 (Module: solver, Line: 291)
2025-06-25 16:22:05,245 [DEBUG] Iter   50 | residual 3.656e-02 (Module: solver, Line: 291)
2025-06-25 16:22:05,245 [DEBUG] Iter   60 | residual 3.199e-02 (Module: solver, Line: 291)
2025-06-25 16:22:05,245 [DEBUG] Iter   70 | residual 6.600e-02 (Module: solver, Line: 291)
2025-06-25 16:22:05,245 [DEBUG] Iter   80 | residual 3.487e-02 (Module: solver, Line: 291)
2025-06-25 16:22:05,245 [DEBUG] Iter   90 | residual 4.736e-02 (Module: solver, Line: 291)
2025-06-25 16:22:05,245 [DEBUG] Iter  100 | residual 4.185e-02 (Module: solver, Line: 291)
2025-06-25 16:22:05,260 [DEBUG] Iter  110 | residual 5.844e-02 (Module: solver, Line: 291)
2025-06-25 16:22:05,261 [DEBUG] Iter  120 | residual 4.546e-02 (Module: solver, Line: 291)
2025-06-25 16:22:05,261 [DEBUG] Iter  130 | residual 1.016e-01 (Module: solver, Line: 291)
2025-06-25 16:22:05,263 [DEBUG] Iter  140 | residual 5.274e-02 (Module: solver, Line: 291)
2025-06-25 16:22:05,264 [DEBUG] Iter  150 | residual 6.185e-02 (Module: solver, Line: 291)
2025-06-25 16:22:05,264 [WARNING] Iterative solver aborted: Divergence detected (Module: solver, Line: 304)
2025-06-25 16:22:05,265 [INFO] Switching to direct SuperLU fall-back. (Module: solver, Line: 317)
2025-06-25 16:22:05,265 [DEBUG] Using SuperLU direct solver (Module: solver, Line: 269)
2025-06-25 16:22:05,266 [INFO] Condensed residual norm: 1.903e-03 (Module: solver, Line: 176)
2025-06-25 16:22:05,266 [WARNING] Residual is high – verify model! (Module: solver, Line: 178)
2025-06-25 16:22:05,277 [INFO] 💾 Condensed displacement saved → \\mull.sms.ed.ac.uk\home\s1834431\Win7\Desktop\fem_model\post_processing\results\job_0006_2025-06-25_16-21-53-745858_pid45564_009ab639\primary_results\07_U_cond.csv (Module: solver, Line: 328)
2025-06-25 16:22:05,278 [INFO] 📊 Condensed solver report: (Module: solver, Line: 342)
2025-06-25 16:22:05,279 [INFO]  • dofs: 600 (Module: solver, Line: 344)
2025-06-25 16:22:05,279 [INFO]  • nnz: 2980 (Module: solver, Line: 344)
2025-06-25 16:22:05,280 [INFO]  • density: 0.008277777777777778 (Module: solver, Line: 344)
2025-06-25 16:22:05,280 [INFO]  • condition_est: 1.0169406106057863 (Module: solver, Line: 344)
2025-06-25 16:22:05,282 [INFO]  • solve_phases: {'factorization': 0.0030948000494390726, 'solution': 0.003175700083374977} (Module: solver, Line: 344)
2025-06-25 16:22:05,282 [INFO]  • iters: 156 (Module: solver, Line: 344)
2025-06-25 16:22:05,282 [INFO]  • final_residual: 0.33769742798655483 (Module: solver, Line: 344)
