Machine Specifications:
   - OS: Windows 11 (10.0.22631)
       • Logical cores: 20
       • Physical cores: 12
   - RAM: 31.24 GB
   - Disk: 3071.87 GB total, 2256.83 GB free
   - Python Version: 3.12.5 (C:\Users\s1834431\AppData\Local\Programs\Python\Python312\python.exe)
   - GPU(s): Intel(R) UHD Graphics 770

Job: job_0003
Timestamp (job start): 2025-07-21_19-10-31-959735
Total Time: 108.40 sec

+-------------------------------+------------+---------------+-------------+-----------+
| Step                          |   Time (s) |   Memory (MB) |   Disk (GB) |   CPU (%) |
+===============================+============+===============+=============+===========+
| Parsing                       |   0.197333 |       65.8633 |     815.016 |         0 |
+-------------------------------+------------+---------------+-------------+-----------+
| Element Instantiation         |   5.16186  |      100.766  |     815.022 |         0 |
+-------------------------------+------------+---------------+-------------+-----------+
| Element Stiffness Computation |  14.0571   |      101.777  |     815.035 |         0 |
+-------------------------------+------------+---------------+-------------+-----------+
| Element Force Computation     |   2.85259  |      101.953  |     815.035 |         0 |
+-------------------------------+------------+---------------+-------------+-----------+
| Full Simulation               |  85.5083   |      141.461  |     815.045 |         0 |
+-------------------------------+------------+---------------+-------------+-----------+

Parallel Jobs: job_0001, job_0002
Start Memory: 64.93 MB | End Memory: 141.46 MB
Start Disk Usage: 815.02 GB | End Disk Usage: 815.04 GB
Start CPU: 0.00% | End CPU: 0.00%
