Machine Specifications:
   - OS: Windows 11 (10.0.22631)
   - CPU: Intel64 Family 6 Model 151 Stepping 2, GenuineIntel (20 cores)
   - RAM: 31.24 GB
   - Python Version: 3.12.5

Job: job_0001
Timestamp (job start): 2025-05-18_00-15-21-466400
Total Time: 2.15 sec

+-------------------------------+------------+---------------+-------------+-----------+
| Step                          |   Time (s) |   Memory (MB) |   Disk (GB) |   CPU (%) |
+===============================+============+===============+=============+===========+
| Parsing                       | 0.013006   |       120.023 |     801.595 |         0 |
+-------------------------------+------------+---------------+-------------+-----------+
| Element Instantiation         | 0.095825   |       120.102 |     801.595 |         0 |
+-------------------------------+------------+---------------+-------------+-----------+
| Element Stiffness Computation | 0.113198   |       120.375 |     801.596 |         0 |
+-------------------------------+------------+---------------+-------------+-----------+
| Element Force Computation     | 0.0595753  |       120.402 |     801.596 |         0 |
+-------------------------------+------------+---------------+-------------+-----------+
| Setup Simulation              | 0          |       120.43  |     801.596 |         0 |
+-------------------------------+------------+---------------+-------------+-----------+
| Assemble Global Matrices      | 0.0365307  |       122.371 |     801.597 |         0 |
+-------------------------------+------------+---------------+-------------+-----------+
| Modify Global Matrices        | 0.0367162  |       122.512 |     801.597 |         0 |
+-------------------------------+------------+---------------+-------------+-----------+
| Solve Linear Static System    | 0.58306    |       137.969 |     801.598 |         0 |
+-------------------------------+------------+---------------+-------------+-----------+
| Compute Primary Results       | 0.00223541 |       137.977 |     801.599 |         0 |
+-------------------------------+------------+---------------+-------------+-----------+
| Save Primary Results          | 0.083951   |       137.98  |     801.599 |         0 |
+-------------------------------+------------+---------------+-------------+-----------+

Parallel Jobs: job_0007, job_0008, job_0009, job_0002
Start Memory: 119.91 MB | End Memory: 137.98 MB
Start Disk Usage: 801.60 GB | End Disk Usage: 801.60 GB
Start CPU: 0.00% | End CPU: 0.00%
