2025-03-14 16:59:40,097 - processing.static.assembly - INFO - Number of elements: 10
2025-03-14 16:59:40,098 - processing.static.assembly - INFO - Total DOFs: 66
2025-03-14 16:59:40,098 - processing.static.assembly - INFO - Element stiffness matrices provided: True
2025-03-14 16:59:40,099 - processing.static.assembly - INFO - Element force vectors provided: True
2025-03-14 16:59:40,108 - processing.static.assembly - INFO - DOF mappings for each element:
2025-03-14 16:59:40,109 - processing.static.assembly - INFO - Element 0: DOF mapping = [ 0  1  2  3  4  5  6  7  8  9 10 11]
2025-03-14 16:59:40,110 - processing.static.assembly - INFO - Element 1: DOF mapping = [ 6  7  8  9 10 11 12 13 14 15 16 17]
2025-03-14 16:59:40,111 - processing.static.assembly - INFO - Element 2: DOF mapping = [12 13 14 15 16 17 18 19 20 21 22 23]
2025-03-14 16:59:40,113 - processing.static.assembly - INFO - Element 3: DOF mapping = [18 19 20 21 22 23 24 25 26 27 28 29]
2025-03-14 16:59:40,114 - processing.static.assembly - INFO - Element 4: DOF mapping = [24 25 26 27 28 29 30 31 32 33 34 35]
2025-03-14 16:59:40,115 - processing.static.assembly - INFO - Element 5: DOF mapping = [30 31 32 33 34 35 36 37 38 39 40 41]
2025-03-14 16:59:40,115 - processing.static.assembly - INFO - Element 6: DOF mapping = [36 37 38 39 40 41 42 43 44 45 46 47]
2025-03-14 16:59:40,116 - processing.static.assembly - INFO - Element 7: DOF mapping = [42 43 44 45 46 47 48 49 50 51 52 53]
2025-03-14 16:59:40,116 - processing.static.assembly - INFO - Element 8: DOF mapping = [48 49 50 51 52 53 54 55 56 57 58 59]
2025-03-14 16:59:40,117 - processing.static.assembly - INFO - Element 9: DOF mapping = [54 55 56 57 58 59 60 61 62 63 64 65]
2025-03-14 16:59:40,125 - processing.static.assembly - INFO - Processing element 0:
2025-03-14 16:59:40,125 - processing.static.assembly - INFO -   - DOF mapping: [ 0  1  2  3  4  5  6  7  8  9 10 11]
2025-03-14 16:59:40,129 - processing.static.assembly - INFO -   - Ke shape: (12, 12)
2025-03-14 16:59:40,130 - processing.static.assembly - INFO -   - Ke non-zero entries: 16
2025-03-14 16:59:40,130 - processing.static.assembly - INFO - Processing element 1:
2025-03-14 16:59:40,131 - processing.static.assembly - INFO -   - DOF mapping: [ 6  7  8  9 10 11 12 13 14 15 16 17]
2025-03-14 16:59:40,132 - processing.static.assembly - INFO -   - Ke shape: (12, 12)
2025-03-14 16:59:40,133 - processing.static.assembly - INFO -   - Ke non-zero entries: 16
2025-03-14 16:59:40,133 - processing.static.assembly - INFO - Processing element 2:
2025-03-14 16:59:40,133 - processing.static.assembly - INFO -   - DOF mapping: [12 13 14 15 16 17 18 19 20 21 22 23]
2025-03-14 16:59:40,133 - processing.static.assembly - INFO -   - Ke shape: (12, 12)
2025-03-14 16:59:40,133 - processing.static.assembly - INFO -   - Ke non-zero entries: 16
2025-03-14 16:59:40,138 - processing.static.assembly - INFO - Processing element 3:
2025-03-14 16:59:40,139 - processing.static.assembly - INFO -   - DOF mapping: [18 19 20 21 22 23 24 25 26 27 28 29]
2025-03-14 16:59:40,140 - processing.static.assembly - INFO -   - Ke shape: (12, 12)
2025-03-14 16:59:40,140 - processing.static.assembly - INFO -   - Ke non-zero entries: 16
2025-03-14 16:59:40,141 - processing.static.assembly - INFO - Processing element 4:
2025-03-14 16:59:40,143 - processing.static.assembly - INFO -   - DOF mapping: [24 25 26 27 28 29 30 31 32 33 34 35]
2025-03-14 16:59:40,143 - processing.static.assembly - INFO -   - Ke shape: (12, 12)
2025-03-14 16:59:40,143 - processing.static.assembly - INFO -   - Ke non-zero entries: 16
2025-03-14 16:59:40,143 - processing.static.assembly - INFO - Processing element 5:
2025-03-14 16:59:40,143 - processing.static.assembly - INFO -   - DOF mapping: [30 31 32 33 34 35 36 37 38 39 40 41]
2025-03-14 16:59:40,143 - processing.static.assembly - INFO -   - Ke shape: (12, 12)
2025-03-14 16:59:40,149 - processing.static.assembly - INFO -   - Ke non-zero entries: 16
2025-03-14 16:59:40,150 - processing.static.assembly - INFO - Processing element 6:
2025-03-14 16:59:40,150 - processing.static.assembly - INFO -   - DOF mapping: [36 37 38 39 40 41 42 43 44 45 46 47]
2025-03-14 16:59:40,151 - processing.static.assembly - INFO -   - Ke shape: (12, 12)
2025-03-14 16:59:40,152 - processing.static.assembly - INFO -   - Ke non-zero entries: 16
2025-03-14 16:59:40,153 - processing.static.assembly - INFO - Processing element 7:
2025-03-14 16:59:40,154 - processing.static.assembly - INFO -   - DOF mapping: [42 43 44 45 46 47 48 49 50 51 52 53]
2025-03-14 16:59:40,155 - processing.static.assembly - INFO -   - Ke shape: (12, 12)
2025-03-14 16:59:40,156 - processing.static.assembly - INFO -   - Ke non-zero entries: 16
2025-03-14 16:59:40,157 - processing.static.assembly - INFO - Processing element 8:
2025-03-14 16:59:40,157 - processing.static.assembly - INFO -   - DOF mapping: [48 49 50 51 52 53 54 55 56 57 58 59]
2025-03-14 16:59:40,159 - processing.static.assembly - INFO -   - Ke shape: (12, 12)
2025-03-14 16:59:40,159 - processing.static.assembly - INFO -   - Ke non-zero entries: 16
2025-03-14 16:59:40,159 - processing.static.assembly - INFO - Processing element 9:
2025-03-14 16:59:40,169 - processing.static.assembly - INFO -   - DOF mapping: [54 55 56 57 58 59 60 61 62 63 64 65]
2025-03-14 16:59:40,169 - processing.static.assembly - INFO -   - Ke shape: (12, 12)
2025-03-14 16:59:40,171 - processing.static.assembly - INFO -   - Ke non-zero entries: 16
2025-03-14 16:59:40,172 - processing.static.assembly - INFO - Assembled K_global data:
2025-03-14 16:59:40,174 - processing.static.assembly - INFO -   - K_row: [ 0  0  1  1  2  2  3  3  6  6  7  7  8  8  9  9  6  6  7  7  8  8  9  9
 12 12 13 13 14 14 15 15 12 12 13 13 14 14 15 15 18 18 19 19 20 20 21 21
 18 18 19 19 20 20 21 21 24 24 25 25 26 26 27 27 24 24 25 25 26 26 27 27
 30 30 31 31 32 32 33 33 30 30 31 31 32 32 33 33 36 36 37 37 38 38 39 39
 36 36 37 37 38 38 39 39 42 42 43 43 44 44 45 45 42 42 43 43 44 44 45 45
 48 48 49 49 50 50 51 51 48 48 49 49 50 50 51 51 54 54 55 55 56 56 57 57
 54 54 55 55 56 56 57 57 60 60 61 61 62 62 63 63]
2025-03-14 16:59:40,177 - processing.static.assembly - INFO -   - K_col: [ 0  6  1  7  2  8  3  9  0  6  1  7  2  8  3  9  6 12  7 13  8 14  9 15
  6 12  7 13  8 14  9 15 12 18 13 19 14 20 15 21 12 18 13 19 14 20 15 21
 18 24 19 25 20 26 21 27 18 24 19 25 20 26 21 27 24 30 25 31 26 32 27 33
 24 30 25 31 26 32 27 33 30 36 31 37 32 38 33 39 30 36 31 37 32 38 33 39
 36 42 37 43 38 44 39 45 36 42 37 43 38 44 39 45 42 48 43 49 44 50 45 51
 42 48 43 49 44 50 45 51 48 54 49 55 50 56 51 57 48 54 49 55 50 56 51 57
 54 60 55 61 56 62 57 63 54 60 55 61 56 62 57 63]
2025-03-14 16:59:40,179 - processing.static.assembly - INFO -   - K_data: [ 9.11000000e+08 -9.11000000e+08  5.74480000e+15 -5.74480000e+15
  5.75626667e+15 -5.75626667e+15  1.27461411e+09 -1.27461411e+09
 -9.11000000e+08  9.11000000e+08 -5.74480000e+15  5.74480000e+15
 -5.75626667e+15  5.75626667e+15 -1.27461411e+09  1.27461411e+09
  9.11000000e+08 -9.11000000e+08  5.74480000e+15 -5.74480000e+15
  5.75626667e+15 -5.75626667e+15  1.27461411e+09 -1.27461411e+09
 -9.11000000e+08  9.11000000e+08 -5.74480000e+15  5.74480000e+15
 -5.75626667e+15  5.75626667e+15 -1.27461411e+09  1.27461411e+09
  9.11000000e+08 -9.11000000e+08  5.74480000e+15 -5.74480000e+15
  5.75626667e+15 -5.75626667e+15  1.27461411e+09 -1.27461411e+09
 -9.11000000e+08  9.11000000e+08 -5.74480000e+15  5.74480000e+15
 -5.75626667e+15  5.75626667e+15 -1.27461411e+09  1.27461411e+09
  9.11000000e+08 -9.11000000e+08  5.74480000e+15 -5.74480000e+15
  5.75626667e+15 -5.75626667e+15  1.27461411e+09 -1.27461411e+09
 -9.11000000e+08  9.11000000e+08 -5.74480000e+15  5.74480000e+15
 -5.75626667e+15  5.75626667e+15 -1.27461411e+09  1.27461411e+09
  9.11000000e+08 -9.11000000e+08  5.74480000e+15 -5.74480000e+15
  5.75626667e+15 -5.75626667e+15  1.27461411e+09 -1.27461411e+09
 -9.11000000e+08  9.11000000e+08 -5.74480000e+15  5.74480000e+15
 -5.75626667e+15  5.75626667e+15 -1.27461411e+09  1.27461411e+09
  9.11000000e+08 -9.11000000e+08  5.74480000e+15 -5.74480000e+15
  5.75626667e+15 -5.75626667e+15  1.27461411e+09 -1.27461411e+09
 -9.11000000e+08  9.11000000e+08 -5.74480000e+15  5.74480000e+15
 -5.75626667e+15  5.75626667e+15 -1.27461411e+09  1.27461411e+09
  9.11000000e+08 -9.11000000e+08  5.74480000e+15 -5.74480000e+15
  5.75626667e+15 -5.75626667e+15  1.27461411e+09 -1.27461411e+09
 -9.11000000e+08  9.11000000e+08 -5.74480000e+15  5.74480000e+15
 -5.75626667e+15  5.75626667e+15 -1.27461411e+09  1.27461411e+09
  9.11000000e+08 -9.11000000e+08  5.74480000e+15 -5.74480000e+15
  5.75626667e+15 -5.75626667e+15  1.27461411e+09 -1.27461411e+09
 -9.11000000e+08  9.11000000e+08 -5.74480000e+15  5.74480000e+15
 -5.75626667e+15  5.75626667e+15 -1.27461411e+09  1.27461411e+09
  9.11000000e+08 -9.11000000e+08  5.74480000e+15 -5.74480000e+15
  5.75626667e+15 -5.75626667e+15  1.27461411e+09 -1.27461411e+09
 -9.11000000e+08  9.11000000e+08 -5.74480000e+15  5.74480000e+15
 -5.75626667e+15  5.75626667e+15 -1.27461411e+09  1.27461411e+09
  9.11000000e+08 -9.11000000e+08  5.74480000e+15 -5.74480000e+15
  5.75626667e+15 -5.75626667e+15  1.27461411e+09 -1.27461411e+09
 -9.11000000e+08  9.11000000e+08 -5.74480000e+15  5.74480000e+15
 -5.75626667e+15  5.75626667e+15 -1.27461411e+09  1.27461411e+09]
2025-03-14 16:59:40,193 - processing.static.assembly - INFO - Initialized F_global with shape: (66,)
2025-03-14 16:59:40,206 - processing.static.assembly - INFO - Processing element 0:
2025-03-14 16:59:40,206 - processing.static.assembly - INFO -   - DOF mapping: [ 0  1  2  3  4  5  6  7  8  9 10 11]
2025-03-14 16:59:40,206 - processing.static.assembly - INFO -   - Fe shape before flatten: (12,)
2025-03-14 16:59:40,209 - processing.static.assembly - INFO -   - Fe shape after flatten: (12,)
2025-03-14 16:59:40,210 - processing.static.assembly - INFO -   - Updated F_global at DOFs: [ 0  1  2  3  4  5  6  7  8  9 10 11]
2025-03-14 16:59:40,210 - processing.static.assembly - INFO - Processing element 1:
2025-03-14 16:59:40,211 - processing.static.assembly - INFO -   - DOF mapping: [ 6  7  8  9 10 11 12 13 14 15 16 17]
2025-03-14 16:59:40,212 - processing.static.assembly - INFO -   - Fe shape before flatten: (12,)
2025-03-14 16:59:40,213 - processing.static.assembly - INFO -   - Fe shape after flatten: (12,)
2025-03-14 16:59:40,213 - processing.static.assembly - INFO -   - Updated F_global at DOFs: [ 6  7  8  9 10 11 12 13 14 15 16 17]
2025-03-14 16:59:40,213 - processing.static.assembly - INFO - Processing element 2:
2025-03-14 16:59:40,213 - processing.static.assembly - INFO -   - DOF mapping: [12 13 14 15 16 17 18 19 20 21 22 23]
2025-03-14 16:59:40,213 - processing.static.assembly - INFO -   - Fe shape before flatten: (12,)
2025-03-14 16:59:40,213 - processing.static.assembly - INFO -   - Fe shape after flatten: (12,)
2025-03-14 16:59:40,218 - processing.static.assembly - INFO -   - Updated F_global at DOFs: [12 13 14 15 16 17 18 19 20 21 22 23]
2025-03-14 16:59:40,220 - processing.static.assembly - INFO - Processing element 3:
2025-03-14 16:59:40,223 - processing.static.assembly - INFO -   - DOF mapping: [18 19 20 21 22 23 24 25 26 27 28 29]
2025-03-14 16:59:40,225 - processing.static.assembly - INFO -   - Fe shape before flatten: (12,)
2025-03-14 16:59:40,229 - processing.static.assembly - INFO -   - Fe shape after flatten: (12,)
2025-03-14 16:59:40,229 - processing.static.assembly - INFO -   - Updated F_global at DOFs: [18 19 20 21 22 23 24 25 26 27 28 29]
2025-03-14 16:59:40,230 - processing.static.assembly - INFO - Processing element 4:
2025-03-14 16:59:40,231 - processing.static.assembly - INFO -   - DOF mapping: [24 25 26 27 28 29 30 31 32 33 34 35]
2025-03-14 16:59:40,232 - processing.static.assembly - INFO -   - Fe shape before flatten: (12,)
2025-03-14 16:59:40,233 - processing.static.assembly - INFO -   - Fe shape after flatten: (12,)
2025-03-14 16:59:40,233 - processing.static.assembly - INFO -   - Updated F_global at DOFs: [24 25 26 27 28 29 30 31 32 33 34 35]
2025-03-14 16:59:40,233 - processing.static.assembly - INFO - Processing element 5:
2025-03-14 16:59:40,233 - processing.static.assembly - INFO -   - DOF mapping: [30 31 32 33 34 35 36 37 38 39 40 41]
2025-03-14 16:59:40,233 - processing.static.assembly - INFO -   - Fe shape before flatten: (12,)
2025-03-14 16:59:40,233 - processing.static.assembly - INFO -   - Fe shape after flatten: (12,)
2025-03-14 16:59:40,238 - processing.static.assembly - INFO -   - Updated F_global at DOFs: [30 31 32 33 34 35 36 37 38 39 40 41]
2025-03-14 16:59:40,239 - processing.static.assembly - INFO - Processing element 6:
2025-03-14 16:59:40,240 - processing.static.assembly - INFO -   - DOF mapping: [36 37 38 39 40 41 42 43 44 45 46 47]
2025-03-14 16:59:40,241 - processing.static.assembly - INFO -   - Fe shape before flatten: (12,)
2025-03-14 16:59:40,242 - processing.static.assembly - INFO -   - Fe shape after flatten: (12,)
2025-03-14 16:59:40,243 - processing.static.assembly - INFO -   - Updated F_global at DOFs: [36 37 38 39 40 41 42 43 44 45 46 47]
2025-03-14 16:59:40,243 - processing.static.assembly - INFO - Processing element 7:
2025-03-14 16:59:40,243 - processing.static.assembly - INFO -   - DOF mapping: [42 43 44 45 46 47 48 49 50 51 52 53]
2025-03-14 16:59:40,243 - processing.static.assembly - INFO -   - Fe shape before flatten: (12,)
2025-03-14 16:59:40,243 - processing.static.assembly - INFO -   - Fe shape after flatten: (12,)
2025-03-14 16:59:40,250 - processing.static.assembly - INFO -   - Updated F_global at DOFs: [42 43 44 45 46 47 48 49 50 51 52 53]
2025-03-14 16:59:40,252 - processing.static.assembly - INFO - Processing element 8:
2025-03-14 16:59:40,253 - processing.static.assembly - INFO -   - DOF mapping: [48 49 50 51 52 53 54 55 56 57 58 59]
2025-03-14 16:59:40,255 - processing.static.assembly - INFO -   - Fe shape before flatten: (12,)
2025-03-14 16:59:40,256 - processing.static.assembly - INFO -   - Fe shape after flatten: (12,)
2025-03-14 16:59:40,259 - processing.static.assembly - INFO -   - Updated F_global at DOFs: [48 49 50 51 52 53 54 55 56 57 58 59]
2025-03-14 16:59:40,260 - processing.static.assembly - INFO - Processing element 9:
2025-03-14 16:59:40,260 - processing.static.assembly - INFO -   - DOF mapping: [54 55 56 57 58 59 60 61 62 63 64 65]
2025-03-14 16:59:40,261 - processing.static.assembly - INFO -   - Fe shape before flatten: (12,)
2025-03-14 16:59:40,262 - processing.static.assembly - INFO -   - Fe shape after flatten: (12,)
2025-03-14 16:59:40,263 - processing.static.assembly - INFO -   - Updated F_global at DOFs: [54 55 56 57 58 59 60 61 62 63 64 65]
2025-03-14 16:59:40,272 - processing.static.assembly - INFO - Final K_global and F_global:
2025-03-14 16:59:40,273 - processing.static.assembly - INFO - K_global shape: (66, 66)
2025-03-14 16:59:40,273 - processing.static.assembly - INFO - F_global shape: (66,)
2025-03-14 16:59:40,273 - processing.static.assembly - INFO - K_global non-zero entries: 124
2025-03-14 16:59:40,273 - processing.static.assembly - INFO - F_global: [      0.       0.       0.       0.       0.       0.       0.       0.
       0.       0.       0.       0.       0.       0.       0.       0.
       0.       0.       0.       0.       0.       0.       0.       0.
       0.       0.       0.       0.       0.       0.       0.  200000.
       0.       0.       0.       0.       0. -300000.       0.       0.
       0.       0.       0.       0.       0.       0.       0.       0.
       0.       0.       0.       0.       0.       0.       0.       0.
       0.       0.       0.       0.       0.       0.       0.       0.
       0.       0.]
