Machine Specifications:
   - OS: Windows 11 (10.0.22631)
   - CPU: Intel64 Family 6 Model 151 Stepping 2, GenuineIntel (20 cores)
   - RAM: 31.24 GB
   - Python Version: 3.12.5

Job: job_0002
Timestamp (job start): 2025-03-14_16-59-41
Total Time: 1.74 sec

+-------------------------------+-------------+---------------+-------------+-----------+
| Step                          |    Time (s) |   Memory (MB) |   Disk (GB) |   CPU (%) |
+===============================+=============+===============+=============+===========+
| Parsing                       | 0.00935674  |       79.1797 |     760.131 |         0 |
+-------------------------------+-------------+---------------+-------------+-----------+
| Element Instantiation         | 0           |       79.2305 |     760.131 |         0 |
+-------------------------------+-------------+---------------+-------------+-----------+
| Element Stiffness Computation | 0           |       79.4141 |     760.131 |         0 |
+-------------------------------+-------------+---------------+-------------+-----------+
| Element Force Computation     | 0           |       79.418  |     760.131 |         0 |
+-------------------------------+-------------+---------------+-------------+-----------+
| Setup Simulation              | 0           |       79.4531 |     760.131 |         0 |
+-------------------------------+-------------+---------------+-------------+-----------+
| Assemble Global Matrices      | 0.2148      |       80.6875 |     760.131 |         0 |
+-------------------------------+-------------+---------------+-------------+-----------+
| Modify Global Matrices        | 0.0109      |       80.7969 |     760.131 |         0 |
+-------------------------------+-------------+---------------+-------------+-----------+
| Solve Linear Static System    | 0.286386    |       97.3125 |     760.132 |         0 |
+-------------------------------+-------------+---------------+-------------+-----------+
| Compute Primary Results       | 0.000727415 |       97.3164 |     760.132 |         0 |
+-------------------------------+-------------+---------------+-------------+-----------+
| Save Primary Results          | 0.0833528   |       97.332  |     760.132 |         0 |
+-------------------------------+-------------+---------------+-------------+-----------+

Parallel Jobs: None
Start Memory: 79.08 MB | End Memory: 97.33 MB
Start Disk Usage: 760.13 GB | End Disk Usage: 760.13 GB
Start CPU: 0.00% | End CPU: 0.00%
