2025-05-05 18:10:03,711 - INFO - 🟢 Starting job: job_0006
2025-05-05 18:10:06,128 - ERROR - ❌ Error in job job_0006: Non-monotonic positions persist along y-axis after sorting.
Traceback (most recent call last):
  File "\\mull.sms.ed.ac.uk\home\s1834431\Win7\Desktop\fem_model\workflow_orchestrator\run_job.py", line 172, in process_job
    element_force_vectors = vectorized_force(all_elements)
                            ^^^^^^^^^^^^^^^^^^^^^^^^^^^^^^
  File "C:\Users\s1834431\AppData\Local\Programs\Python\Python312\Lib\site-packages\numpy\lib\_function_base_impl.py", line 2522, in __call__
    return self._call_as_normal(*args, **kwargs)
           ^^^^^^^^^^^^^^^^^^^^^^^^^^^^^^^^^^^^^
  File "C:\Users\s1834431\AppData\Local\Programs\Python\Python312\Lib\site-packages\numpy\lib\_function_base_impl.py", line 2515, in _call_as_normal
    return self._vectorize_call(func=func, args=vargs)
           ^^^^^^^^^^^^^^^^^^^^^^^^^^^^^^^^^^^^^^^^^^^
  File "C:\Users\s1834431\AppData\Local\Programs\Python\Python312\Lib\site-packages\numpy\lib\_function_base_impl.py", line 2605, in _vectorize_call
    outputs = ufunc(*inputs)
              ^^^^^^^^^^^^^^
  File "\\mull.sms.ed.ac.uk\home\s1834431\Win7\Desktop\fem_model\workflow_orchestrator\run_job.py", line 171, in <lambda>
    vectorized_force = np.vectorize(lambda elem: elem.element_force_vector(job_results_dir) if elem else None, otypes=[object])  # Pass job_results_dir
                                                 ^^^^^^^^^^^^^^^^^^^^^^^^^^^^^^^^^^^^^^^^^^
  File "\\mull.sms.ed.ac.uk\home\s1834431\Win7\Desktop\fem_model\pre_processing\element_library\euler_bernoulli\euler_bernoulli_6DOF.py", line 260, in element_force_vector
    interpolator = LoadInterpolationOperator(
                   ^^^^^^^^^^^^^^^^^^^^^^^^^^
  File "<string>", line 8, in __init__
  File "\\mull.sms.ed.ac.uk\home\s1834431\Win7\Desktop\fem_model\pre_processing\element_library\euler_bernoulli\utilities\interpolate_loads.py", line 62, in __post_init__
    self._ensure_monotonic_positions()
  File "\\mull.sms.ed.ac.uk\home\s1834431\Win7\Desktop\fem_model\pre_processing\element_library\euler_bernoulli\utilities\interpolate_loads.py", line 115, in _ensure_monotonic_positions
    raise ValueError(f"Non-monotonic positions persist along {axis}-axis after sorting.")
ValueError: Non-monotonic positions persist along y-axis after sorting.
