2025-05-18 00:15:20,098 - INFO - 🔧 Starting global matrix assembly...
2025-05-18 00:15:20,099 - DEBUG - This detailed log is written to the assembly.log file
2025-05-18 00:15:20,100 - INFO - Total DOFs: 18, Elements count: 2

DOF mappings per element:
Element 0: DOF mapping = [ 0  1  2  3  4  5  6  7  8  9 10 11]
Element 1: DOF mapping = [ 6  7  8  9 10 11 12 13 14 15 16 17]
2025-05-18 00:15:20,101 - INFO - 🔧 Assembling global stiffness matrix...
2025-05-18 00:15:20,103 - INFO - ✅ Stiffness matrix assembled.
2025-05-18 00:15:20,104 - INFO - 🔧 Assembling force vector...
2025-05-18 00:15:20,105 - INFO - ✅ Force vector assembled.

Full K_global Matrix:
            0           1           2           3           4           5           6           7           8           9           10          11          12          13          14          15          16          17
0   8.0000e+09  0.0000e+00  0.0000e+00  0.0000e+00  0.0000e+00  0.0000e+00 -8.0000e+09  0.0000e+00  0.0000e+00  0.0000e+00  0.0000e+00  0.0000e+00  0.0000e+00  0.0000e+00  0.0000e+00  0.0000e+00  0.0000e+00  0.0000e+00
1   0.0000e+00  3.5840e+10  0.0000e+00  0.0000e+00  0.0000e+00  2.0480e+10  0.0000e+00 -3.5840e+10  0.0000e+00  0.0000e+00  0.0000e+00  1.5360e+10  0.0000e+00  0.0000e+00  0.0000e+00  0.0000e+00  0.0000e+00  0.0000e+00
2   0.0000e+00  0.0000e+00  8.9602e+09  0.0000e+00 -5.1201e+09  0.0000e+00  0.0000e+00  0.0000e+00 -8.9602e+09  0.0000e+00 -3.8401e+09  0.0000e+00  0.0000e+00  0.0000e+00  0.0000e+00  0.0000e+00  0.0000e+00  0.0000e+00
3   0.0000e+00  0.0000e+00  0.0000e+00  2.6262e+06  0.0000e+00  0.0000e+00  0.0000e+00  0.0000e+00  0.0000e+00 -2.6262e+06  0.0000e+00  0.0000e+00  0.0000e+00  0.0000e+00  0.0000e+00  0.0000e+00  0.0000e+00  0.0000e+00
4   0.0000e+00  0.0000e+00 -5.1201e+09  0.0000e+00  2.9867e+09  0.0000e+00  0.0000e+00  0.0000e+00  5.1201e+09  0.0000e+00  2.1334e+09  0.0000e+00  0.0000e+00  0.0000e+00  0.0000e+00  0.0000e+00  0.0000e+00  0.0000e+00
5   0.0000e+00  2.0480e+10  0.0000e+00  0.0000e+00  0.0000e+00  1.1947e+10  0.0000e+00 -2.0480e+10  0.0000e+00  0.0000e+00  0.0000e+00  8.5334e+09  0.0000e+00  0.0000e+00  0.0000e+00  0.0000e+00  0.0000e+00  0.0000e+00
6  -8.0000e+09  0.0000e+00  0.0000e+00  0.0000e+00  0.0000e+00  0.0000e+00  1.6000e+10  0.0000e+00  0.0000e+00  0.0000e+00  0.0000e+00  0.0000e+00 -8.0000e+09  0.0000e+00  0.0000e+00  0.0000e+00  0.0000e+00  0.0000e+00
7   0.0000e+00 -3.5840e+10  0.0000e+00  0.0000e+00  0.0000e+00 -2.0480e+10  0.0000e+00  7.1680e+10  0.0000e+00  0.0000e+00  0.0000e+00  5.1200e+09  0.0000e+00 -3.5840e+10  0.0000e+00  0.0000e+00  0.0000e+00  1.5360e+10
8   0.0000e+00  0.0000e+00 -8.9602e+09  0.0000e+00  5.1201e+09  0.0000e+00  0.0000e+00  0.0000e+00  1.7920e+10  0.0000e+00 -1.2800e+09  0.0000e+00  0.0000e+00  0.0000e+00 -8.9602e+09  0.0000e+00 -3.8401e+09  0.0000e+00
9   0.0000e+00  0.0000e+00  0.0000e+00 -2.6262e+06  0.0000e+00  0.0000e+00  0.0000e+00  0.0000e+00  0.0000e+00  5.2523e+06  0.0000e+00  0.0000e+00  0.0000e+00  0.0000e+00  0.0000e+00 -2.6262e+06  0.0000e+00  0.0000e+00
10  0.0000e+00  0.0000e+00 -3.8401e+09  0.0000e+00  2.1334e+09  0.0000e+00  0.0000e+00  0.0000e+00 -1.2800e+09  0.0000e+00  4.6934e+09  0.0000e+00  0.0000e+00  0.0000e+00  5.1201e+09  0.0000e+00  2.1334e+09  0.0000e+00
11  0.0000e+00  1.5360e+10  0.0000e+00  0.0000e+00  0.0000e+00  8.5334e+09  0.0000e+00  5.1200e+09  0.0000e+00  0.0000e+00  0.0000e+00  1.8773e+10  0.0000e+00 -2.0480e+10  0.0000e+00  0.0000e+00  0.0000e+00  8.5334e+09
12  0.0000e+00  0.0000e+00  0.0000e+00  0.0000e+00  0.0000e+00  0.0000e+00 -8.0000e+09  0.0000e+00  0.0000e+00  0.0000e+00  0.0000e+00  0.0000e+00  8.0000e+09  0.0000e+00  0.0000e+00  0.0000e+00  0.0000e+00  0.0000e+00
13  0.0000e+00  0.0000e+00  0.0000e+00  0.0000e+00  0.0000e+00  0.0000e+00  0.0000e+00 -3.5840e+10  0.0000e+00  0.0000e+00  0.0000e+00 -2.0480e+10  0.0000e+00  3.5840e+10  0.0000e+00  0.0000e+00  0.0000e+00 -1.5360e+10
14  0.0000e+00  0.0000e+00  0.0000e+00  0.0000e+00  0.0000e+00  0.0000e+00  0.0000e+00  0.0000e+00 -8.9602e+09  0.0000e+00  5.1201e+09  0.0000e+00  0.0000e+00  0.0000e+00  8.9602e+09  0.0000e+00  3.8401e+09  0.0000e+00
15  0.0000e+00  0.0000e+00  0.0000e+00  0.0000e+00  0.0000e+00  0.0000e+00  0.0000e+00  0.0000e+00  0.0000e+00 -2.6262e+06  0.0000e+00  0.0000e+00  0.0000e+00  0.0000e+00  0.0000e+00  2.6262e+06  0.0000e+00  0.0000e+00
16  0.0000e+00  0.0000e+00  0.0000e+00  0.0000e+00  0.0000e+00  0.0000e+00  0.0000e+00  0.0000e+00 -3.8401e+09  0.0000e+00  2.1334e+09  0.0000e+00  0.0000e+00  0.0000e+00  3.8401e+09  0.0000e+00  1.7067e+09  0.0000e+00
17  0.0000e+00  0.0000e+00  0.0000e+00  0.0000e+00  0.0000e+00  0.0000e+00  0.0000e+00  1.5360e+10  0.0000e+00  0.0000e+00  0.0000e+00  8.5334e+09  0.0000e+00 -1.5360e+10  0.0000e+00  0.0000e+00  0.0000e+00  6.8267e+09

Full F_global Vector:
             Force
DOF 0   0.0000e+00
DOF 1   0.0000e+00
DOF 2   0.0000e+00
DOF 3   0.0000e+00
DOF 4   0.0000e+00
DOF 5   0.0000e+00
DOF 6   0.0000e+00
DOF 7   0.0000e+00
DOF 8   0.0000e+00
DOF 9   0.0000e+00
DOF 10  0.0000e+00
DOF 11  0.0000e+00
DOF 12  0.0000e+00
DOF 13 -1.0000e+05
DOF 14  0.0000e+00
DOF 15  0.0000e+00
DOF 16  0.0000e+00
DOF 17  0.0000e+00
2025-05-18 00:15:20,109 - INFO - ✅ Assembly complete.
