2025-05-18 00:15:20,361 [INFO] (condensation:35) - 🔧 Starting static condensation process.
2025-05-18 00:15:20,363 [DEBUG] (condensation:38) - 🔍 Total DOFs in initial system: 18
2025-05-18 00:15:20,364 [DEBUG] (condensation:42) - 🚫 Explicitly Fixed DOFs: [0 1 2 3 4 5]
2025-05-18 00:15:20,364 [DEBUG] (condensation:43) - ✅ Active DOFs after removing fixed: [ 6  7  8  9 10 11 12 13 14 15 16 17]
2025-05-18 00:15:20,366 [DEBUG] (condensation:48) - 🟢 Intermediate K matrix shape: (12, 12)
2025-05-18 00:15:20,366 [INFO] (condensation:53) - 🔍 DOFs removed due to zero rows/columns: 0
2025-05-18 00:15:20,367 [DEBUG] (condensation:54) - ✅ Fully active DOFs post zero check: [ 6  7  8  9 10 11 12 13 14 15 16 17]
2025-05-18 00:15:20,369 [DEBUG] (condensation:62) - 🟠 Secondary inactive DOFs removed: []
2025-05-18 00:15:20,371 [DEBUG] (condensation:85) - 📜 Condensed K matrix:
                   Cond 0 (Orig 6)  Cond 1 (Orig 7)  Cond 2 (Orig 8)  Cond 3 (Orig 9)  Cond 4 (Orig 10)  Cond 5 (Orig 11)  Cond 6 (Orig 12)  Cond 7 (Orig 13)  Cond 8 (Orig 14)  Cond 9 (Orig 15)  Cond 10 (Orig 16)  Cond 11 (Orig 17)
Cond 0 (Orig 6)         7.1680e+36       0.0000e+00       0.0000e+00       0.0000e+00        0.0000e+00        0.0000e+00       -8.0000e+09        0.0000e+00        0.0000e+00        0.0000e+00         0.0000e+00         0.0000e+00
Cond 1 (Orig 7)         0.0000e+00       7.1680e+36       0.0000e+00       0.0000e+00        0.0000e+00        5.1200e+09        0.0000e+00       -3.5840e+10        0.0000e+00        0.0000e+00         0.0000e+00         1.5360e+10
Cond 2 (Orig 8)         0.0000e+00       0.0000e+00       7.1680e+36       0.0000e+00       -1.2800e+09        0.0000e+00        0.0000e+00        0.0000e+00       -8.9602e+09        0.0000e+00        -3.8401e+09         0.0000e+00
Cond 3 (Orig 9)         0.0000e+00       0.0000e+00       0.0000e+00       7.1680e+36        0.0000e+00        0.0000e+00        0.0000e+00        0.0000e+00        0.0000e+00       -2.6262e+06         0.0000e+00         0.0000e+00
Cond 4 (Orig 10)        0.0000e+00       0.0000e+00      -1.2800e+09       0.0000e+00        7.1680e+36        0.0000e+00        0.0000e+00        0.0000e+00        5.1201e+09        0.0000e+00         2.1334e+09         0.0000e+00
Cond 5 (Orig 11)        0.0000e+00       5.1200e+09       0.0000e+00       0.0000e+00        0.0000e+00        7.1680e+36        0.0000e+00       -2.0480e+10        0.0000e+00        0.0000e+00         0.0000e+00         8.5334e+09
Cond 6 (Orig 12)       -8.0000e+09       0.0000e+00       0.0000e+00       0.0000e+00        0.0000e+00        0.0000e+00        7.1680e+36        0.0000e+00        0.0000e+00        0.0000e+00         0.0000e+00         0.0000e+00
Cond 7 (Orig 13)        0.0000e+00      -3.5840e+10       0.0000e+00       0.0000e+00        0.0000e+00       -2.0480e+10        0.0000e+00        7.1680e+36        0.0000e+00        0.0000e+00         0.0000e+00        -1.5360e+10
Cond 8 (Orig 14)        0.0000e+00       0.0000e+00      -8.9602e+09       0.0000e+00        5.1201e+09        0.0000e+00        0.0000e+00        0.0000e+00        7.1680e+36        0.0000e+00         3.8401e+09         0.0000e+00
Cond 9 (Orig 15)        0.0000e+00       0.0000e+00       0.0000e+00      -2.6262e+06        0.0000e+00        0.0000e+00        0.0000e+00        0.0000e+00        0.0000e+00        7.1680e+36         0.0000e+00         0.0000e+00
Cond 10 (Orig 16)       0.0000e+00       0.0000e+00      -3.8401e+09       0.0000e+00        2.1334e+09        0.0000e+00        0.0000e+00        0.0000e+00        3.8401e+09        0.0000e+00         7.1680e+36         0.0000e+00
Cond 11 (Orig 17)       0.0000e+00       1.5360e+10       0.0000e+00       0.0000e+00        0.0000e+00        8.5334e+09        0.0000e+00       -1.5360e+10        0.0000e+00        0.0000e+00         0.0000e+00         7.1680e+36
2025-05-18 00:15:20,374 [DEBUG] (condensation:86) - 📄 Condensed F vector:
                       F_cond
Cond 0 (Orig 6)    0.0000e+00
Cond 1 (Orig 7)    0.0000e+00
Cond 2 (Orig 8)    0.0000e+00
Cond 3 (Orig 9)    0.0000e+00
Cond 4 (Orig 10)   0.0000e+00
Cond 5 (Orig 11)   0.0000e+00
Cond 6 (Orig 12)   0.0000e+00
Cond 7 (Orig 13)  -1.0000e+05
Cond 8 (Orig 14)   0.0000e+00
Cond 9 (Orig 15)   0.0000e+00
Cond 10 (Orig 16)  0.0000e+00
Cond 11 (Orig 17)  0.0000e+00
2025-05-18 00:15:20,375 [INFO] (condensation:89) - 🔗 DOF Mapping (Condensed → Original):
2025-05-18 00:15:20,384 [DEBUG] (condensation:91) - Condensed 0 → Original 6
2025-05-18 00:15:20,385 [DEBUG] (condensation:91) - Condensed 1 → Original 7
2025-05-18 00:15:20,385 [DEBUG] (condensation:91) - Condensed 2 → Original 8
2025-05-18 00:15:20,386 [DEBUG] (condensation:91) - Condensed 3 → Original 9
2025-05-18 00:15:20,387 [DEBUG] (condensation:91) - Condensed 4 → Original 10
2025-05-18 00:15:20,389 [DEBUG] (condensation:91) - Condensed 5 → Original 11
2025-05-18 00:15:20,389 [DEBUG] (condensation:91) - Condensed 6 → Original 12
2025-05-18 00:15:20,390 [DEBUG] (condensation:91) - Condensed 7 → Original 13
2025-05-18 00:15:20,391 [DEBUG] (condensation:91) - Condensed 8 → Original 14
2025-05-18 00:15:20,392 [DEBUG] (condensation:91) - Condensed 9 → Original 15
2025-05-18 00:15:20,392 [DEBUG] (condensation:91) - Condensed 10 → Original 16
2025-05-18 00:15:20,393 [DEBUG] (condensation:91) - Condensed 11 → Original 17
2025-05-18 00:15:20,394 [INFO] (condensation:93) - ✅ Static condensation completed successfully.
