Machine Specifications:
   - OS: Windows 11 (10.0.22631)
   - CPU: Intel64 Family 6 Model 151 Stepping 2, GenuineIntel (20 cores)
   - RAM: 31.24 GB
   - Python Version: 3.12.5

Job: job_0003
Timestamp (job start): 2025-03-07_16-43-57
Total Time: 2.17 sec

+-------------------------------+-------------+---------------+-------------+-----------+
| Step                          |    Time (s) |   Memory (MB) |   Disk (GB) |   CPU (%) |
+===============================+=============+===============+=============+===========+
| Parsing                       | 0.00991702  |       78.2734 |     752.529 |         0 |
+-------------------------------+-------------+---------------+-------------+-----------+
| Element Instantiation         | 0           |       78.3203 |     752.529 |         0 |
+-------------------------------+-------------+---------------+-------------+-----------+
| Element Stiffness Computation | 0.427585    |       78.5391 |     752.529 |         0 |
+-------------------------------+-------------+---------------+-------------+-----------+
| Element Force Computation     | 0           |       78.543  |     752.529 |         0 |
+-------------------------------+-------------+---------------+-------------+-----------+
| Setup Simulation              | 0           |       78.582  |     752.529 |         0 |
+-------------------------------+-------------+---------------+-------------+-----------+
| Assemble Global Matrices      | 0.00800514  |       79.6211 |     752.529 |         0 |
+-------------------------------+-------------+---------------+-------------+-----------+
| Modify Global Matrices        | 0.00813222  |       79.7305 |     752.529 |         0 |
+-------------------------------+-------------+---------------+-------------+-----------+
| Solve Linear Static System    | 0.509999    |       96.3438 |     752.53  |         0 |
+-------------------------------+-------------+---------------+-------------+-----------+
| Compute Primary Results       | 0.000560999 |       96.3438 |     752.53  |         0 |
+-------------------------------+-------------+---------------+-------------+-----------+
| Save Primary Results          | 0.0810063   |       96.3633 |     752.53  |         0 |
+-------------------------------+-------------+---------------+-------------+-----------+

Parallel Jobs: job_0001, job_0002, job_0004
Start Memory: 78.18 MB | End Memory: 96.36 MB
Start Disk Usage: 752.53 GB | End Disk Usage: 752.53 GB
Start CPU: 0.00% | End CPU: 0.00%
