Machine Specifications:
   - OS: Windows 11 (10.0.22631)
   - CPU: Intel64 Family 6 Model 151 Stepping 2, GenuineIntel (20 cores)
   - RAM: 31.24 GB
   - Python Version: 3.12.5

Job: job_0005
Timestamp (job start): 2025-04-25_14-49-28
Total Time: 6.94 sec

+-------------------------------+------------+---------------+-------------+-----------+
| Step                          |   Time (s) |   Memory (MB) |   Disk (GB) |   CPU (%) |
+===============================+============+===============+=============+===========+
| Parsing                       | 0.0168216  |       105.973 |     798.588 |         0 |
+-------------------------------+------------+---------------+-------------+-----------+
| Element Instantiation         | 0.00199485 |       106.016 |     798.588 |         0 |
+-------------------------------+------------+---------------+-------------+-----------+
| Element Stiffness Computation | 1.8505     |       106.23  |     798.595 |         0 |
+-------------------------------+------------+---------------+-------------+-----------+
| Element Force Computation     | 3.27434    |       106.273 |     798.599 |         0 |
+-------------------------------+------------+---------------+-------------+-----------+
| Setup Simulation              | 0          |       106.309 |     798.599 |         0 |
+-------------------------------+------------+---------------+-------------+-----------+
| Assemble Global Matrices      | 0.032047   |       108.48  |     798.599 |         0 |
+-------------------------------+------------+---------------+-------------+-----------+
| Modify Global Matrices        | 0.0513759  |       109.148 |     798.6   |         0 |
+-------------------------------+------------+---------------+-------------+-----------+
| Solve Linear Static System    | 0.482806   |       124.105 |     798.6   |         0 |
+-------------------------------+------------+---------------+-------------+-----------+
| Compute Primary Results       | 0.0176003  |       124.109 |     798.6   |         0 |
+-------------------------------+------------+---------------+-------------+-----------+
| Save Primary Results          | 0.0867651  |       124.195 |     798.6   |         0 |
+-------------------------------+------------+---------------+-------------+-----------+

Parallel Jobs: job_0007, job_0008, job_0009, job_0001, job_0002, job_0003
Start Memory: 105.78 MB | End Memory: 124.20 MB
Start Disk Usage: 798.59 GB | End Disk Usage: 798.60 GB
Start CPU: 0.00% | End CPU: 0.00%
