Machine Specifications:
   - OS: Windows 11 (10.0.22631)
   - CPU: Intel64 Family 6 Model 151 Stepping 2, GenuineIntel (20 cores)
   - RAM: 31.24 GB
   - Python Version: 3.12.5

Job: job_0006
Timestamp (job start): 2025-04-30_18-05-51
Total Time: 6.69 sec

+-------------------------------+------------+---------------+-------------+-----------+
| Step                          |   Time (s) |   Memory (MB) |   Disk (GB) |   CPU (%) |
+===============================+============+===============+=============+===========+
| Parsing                       | 0.105185   |       106.18  |     797.01  |         0 |
+-------------------------------+------------+---------------+-------------+-----------+
| Element Instantiation         | 0.00200462 |       106.223 |     797.01  |         0 |
+-------------------------------+------------+---------------+-------------+-----------+
| Element Stiffness Computation | 1.65324    |       106.547 |     797.017 |         0 |
+-------------------------------+------------+---------------+-------------+-----------+
| Element Force Computation     | 3.09687    |       106.586 |     797.021 |         0 |
+-------------------------------+------------+---------------+-------------+-----------+
| Setup Simulation              | 0          |       106.621 |     797.021 |         0 |
+-------------------------------+------------+---------------+-------------+-----------+
| Assemble Global Matrices      | 0.0341706  |       108.648 |     797.022 |         0 |
+-------------------------------+------------+---------------+-------------+-----------+
| Modify Global Matrices        | 0.0377762  |       109.297 |     797.022 |         0 |
+-------------------------------+------------+---------------+-------------+-----------+
| Solve Linear Static System    | 0.493886   |       124.23  |     797.022 |         0 |
+-------------------------------+------------+---------------+-------------+-----------+
| Compute Primary Results       | 0.00400519 |       124.242 |     797.022 |         0 |
+-------------------------------+------------+---------------+-------------+-----------+
| Save Primary Results          | 0.141265   |       124.297 |     797.023 |         0 |
+-------------------------------+------------+---------------+-------------+-----------+

Parallel Jobs: job_0007, job_0008, job_0009, job_0001, job_0002, job_0003, job_0004
Start Memory: 105.99 MB | End Memory: 124.30 MB
Start Disk Usage: 797.01 GB | End Disk Usage: 797.02 GB
Start CPU: 0.00% | End CPU: 0.00%
