Machine Specifications:
   - OS: Windows 11 (10.0.22631)
   - CPU: Intel64 Family 6 Model 151 Stepping 2, GenuineIntel (20 cores)
   - RAM: 31.24 GB
   - Python Version: 3.12.5

Job: job_0005
Timestamp (job start): 2025-03-16_22-31-56
Total Time: 6.95 sec

+-------------------------------+------------+---------------+-------------+-----------+
| Step                          |   Time (s) |   Memory (MB) |   Disk (GB) |   CPU (%) |
+===============================+============+===============+=============+===========+
| Parsing                       | 0.0085094  |       105.758 |     759.095 |         0 |
+-------------------------------+------------+---------------+-------------+-----------+
| Element Instantiation         | 0.00915432 |       105.801 |     759.096 |         0 |
+-------------------------------+------------+---------------+-------------+-----------+
| Element Stiffness Computation | 1.82179    |       106.176 |     759.102 |         0 |
+-------------------------------+------------+---------------+-------------+-----------+
| Element Force Computation     | 3.29229    |       106.234 |     759.106 |         0 |
+-------------------------------+------------+---------------+-------------+-----------+
| Setup Simulation              | 0          |       106.266 |     759.106 |         0 |
+-------------------------------+------------+---------------+-------------+-----------+
| Assemble Global Matrices      | 0.0409703  |       108.449 |     759.106 |         0 |
+-------------------------------+------------+---------------+-------------+-----------+
| Modify Global Matrices        | 0.049757   |       109.066 |     759.106 |         0 |
+-------------------------------+------------+---------------+-------------+-----------+
| Solve Linear Static System    | 0.511635   |       124.398 |     759.107 |         0 |
+-------------------------------+------------+---------------+-------------+-----------+
| Compute Primary Results       | 0.00406599 |       124.402 |     759.107 |         0 |
+-------------------------------+------------+---------------+-------------+-----------+
| Save Primary Results          | 0.0839565  |       124.434 |     759.107 |         0 |
+-------------------------------+------------+---------------+-------------+-----------+

Parallel Jobs: job_0003, job_0002, job_0001, job_0006
Start Memory: 105.54 MB | End Memory: 124.43 MB
Start Disk Usage: 759.10 GB | End Disk Usage: 759.11 GB
Start CPU: 0.00% | End CPU: 0.00%
