2025-04-07 13:53:55,561 - pre_processing.element_library.element_1D_base - DEBUG - Element Force Vector Computation (Element ID: 0)
2025-04-07 13:53:55,570 - pre_processing.element_library.element_1D_base - DEBUG - 
===== Final Element Force Vector =====
2025-04-07 13:53:55,578 - pre_processing.element_library.element_1D_base - DEBUG - [[0. 0. 0. 0. 0. 0. 0. 0. 0. 0. 0. 0.]]
2025-04-07 13:53:55,587 - pre_processing.element_library.element_1D_base - DEBUG - Element Force Vector Computation (Element ID: 1)
2025-04-07 13:53:55,587 - pre_processing.element_library.element_1D_base - DEBUG - Element Force Vector Computation (Element ID: 1)
2025-04-07 13:53:55,593 - pre_processing.element_library.element_1D_base - DEBUG - 
===== Final Element Force Vector =====
2025-04-07 13:53:55,593 - pre_processing.element_library.element_1D_base - DEBUG - 
===== Final Element Force Vector =====
2025-04-07 13:53:55,600 - pre_processing.element_library.element_1D_base - DEBUG - [[0. 0. 0. 0. 0. 0. 0. 0. 0. 0. 0. 0.]]
2025-04-07 13:53:55,600 - pre_processing.element_library.element_1D_base - DEBUG - [[0. 0. 0. 0. 0. 0. 0. 0. 0. 0. 0. 0.]]
2025-04-07 13:53:55,614 - pre_processing.element_library.element_1D_base - DEBUG - Element Force Vector Computation (Element ID: 2)
2025-04-07 13:53:55,614 - pre_processing.element_library.element_1D_base - DEBUG - Element Force Vector Computation (Element ID: 2)
2025-04-07 13:53:55,614 - pre_processing.element_library.element_1D_base - DEBUG - Element Force Vector Computation (Element ID: 2)
2025-04-07 13:53:55,627 - pre_processing.element_library.element_1D_base - DEBUG - 
Point Load at x_p = 5.000000e-01 (xi_p = 0.000000e+00)
2025-04-07 13:53:55,627 - pre_processing.element_library.element_1D_base - DEBUG - 
Point Load at x_p = 5.000000e-01 (xi_p = 0.000000e+00)
2025-04-07 13:53:55,627 - pre_processing.element_library.element_1D_base - DEBUG - 
Point Load at x_p = 5.000000e-01 (xi_p = 0.000000e+00)
2025-04-07 13:53:55,636 - pre_processing.element_library.element_1D_base - DEBUG - Point Load Vector (F_p): [      0. -100000.       0.       0.       0.       0.]
2025-04-07 13:53:55,636 - pre_processing.element_library.element_1D_base - DEBUG - Point Load Vector (F_p): [      0. -100000.       0.       0.       0.       0.]
2025-04-07 13:53:55,636 - pre_processing.element_library.element_1D_base - DEBUG - Point Load Vector (F_p): [      0. -100000.       0.       0.       0.       0.]
2025-04-07 13:53:55,649 - pre_processing.element_library.element_1D_base - DEBUG - Shape Function Values at Load Point:
2025-04-07 13:53:55,649 - pre_processing.element_library.element_1D_base - DEBUG - Shape Function Values at Load Point:
2025-04-07 13:53:55,649 - pre_processing.element_library.element_1D_base - DEBUG - Shape Function Values at Load Point:
2025-04-07 13:53:55,657 - pre_processing.element_library.element_1D_base - DEBUG - [[ 0.5  0.   0.   0.   0.   0. ]
 [ 0.   1.   0.   0.   0.   0. ]
 [ 0.   0.   1.   0.   0.   0. ]
 [ 0.   0.   0.   0.5  0.   0. ]
 [ 0.   0.   0.   0.  -0.   0. ]
 [ 0.   0.   0.   0.   0.   0. ]
 [ 0.5  0.   0.   0.   0.   0. ]
 [ 0.   0.   0.   0.   0.   0. ]
 [ 0.   0.   0.   0.   0.   0. ]
 [ 0.   0.   0.   0.5  0.   0. ]
 [ 0.   0.   0.   0.  -0.   0. ]
 [ 0.   0.   0.   0.   0.   0. ]]
2025-04-07 13:53:55,657 - pre_processing.element_library.element_1D_base - DEBUG - [[ 0.5  0.   0.   0.   0.   0. ]
 [ 0.   1.   0.   0.   0.   0. ]
 [ 0.   0.   1.   0.   0.   0. ]
 [ 0.   0.   0.   0.5  0.   0. ]
 [ 0.   0.   0.   0.  -0.   0. ]
 [ 0.   0.   0.   0.   0.   0. ]
 [ 0.5  0.   0.   0.   0.   0. ]
 [ 0.   0.   0.   0.   0.   0. ]
 [ 0.   0.   0.   0.   0.   0. ]
 [ 0.   0.   0.   0.5  0.   0. ]
 [ 0.   0.   0.   0.  -0.   0. ]
 [ 0.   0.   0.   0.   0.   0. ]]
2025-04-07 13:53:55,657 - pre_processing.element_library.element_1D_base - DEBUG - [[ 0.5  0.   0.   0.   0.   0. ]
 [ 0.   1.   0.   0.   0.   0. ]
 [ 0.   0.   1.   0.   0.   0. ]
 [ 0.   0.   0.   0.5  0.   0. ]
 [ 0.   0.   0.   0.  -0.   0. ]
 [ 0.   0.   0.   0.   0.   0. ]
 [ 0.5  0.   0.   0.   0.   0. ]
 [ 0.   0.   0.   0.   0.   0. ]
 [ 0.   0.   0.   0.   0.   0. ]
 [ 0.   0.   0.   0.5  0.   0. ]
 [ 0.   0.   0.   0.  -0.   0. ]
 [ 0.   0.   0.   0.   0.   0. ]]
2025-04-07 13:53:55,666 - pre_processing.element_library.element_1D_base - DEBUG - Separated Translational Contribution:
2025-04-07 13:53:55,666 - pre_processing.element_library.element_1D_base - DEBUG - Separated Translational Contribution:
2025-04-07 13:53:55,666 - pre_processing.element_library.element_1D_base - DEBUG - Separated Translational Contribution:
2025-04-07 13:53:55,674 - pre_processing.element_library.element_1D_base - DEBUG - [[      0. -100000.       0.       0.       0.       0.]]
2025-04-07 13:53:55,674 - pre_processing.element_library.element_1D_base - DEBUG - [[      0. -100000.       0.       0.       0.       0.]]
2025-04-07 13:53:55,674 - pre_processing.element_library.element_1D_base - DEBUG - [[      0. -100000.       0.       0.       0.       0.]]
2025-04-07 13:53:55,684 - pre_processing.element_library.element_1D_base - DEBUG - Separated Rotational Contribution:
2025-04-07 13:53:55,684 - pre_processing.element_library.element_1D_base - DEBUG - Separated Rotational Contribution:
2025-04-07 13:53:55,684 - pre_processing.element_library.element_1D_base - DEBUG - Separated Rotational Contribution:
2025-04-07 13:53:55,692 - pre_processing.element_library.element_1D_base - DEBUG - [[0. 0. 0. 0. 0. 0.]]
2025-04-07 13:53:55,692 - pre_processing.element_library.element_1D_base - DEBUG - [[0. 0. 0. 0. 0. 0.]]
2025-04-07 13:53:55,692 - pre_processing.element_library.element_1D_base - DEBUG - [[0. 0. 0. 0. 0. 0.]]
2025-04-07 13:53:55,700 - pre_processing.element_library.element_1D_base - DEBUG - Updated Element Force Vector:
2025-04-07 13:53:55,700 - pre_processing.element_library.element_1D_base - DEBUG - Updated Element Force Vector:
2025-04-07 13:53:55,700 - pre_processing.element_library.element_1D_base - DEBUG - Updated Element Force Vector:
2025-04-07 13:53:55,711 - pre_processing.element_library.element_1D_base - DEBUG - [[      0. -100000.       0.       0.       0.       0.       0.       0.
        0.       0.       0.       0.]]
2025-04-07 13:53:55,711 - pre_processing.element_library.element_1D_base - DEBUG - [[      0. -100000.       0.       0.       0.       0.       0.       0.
        0.       0.       0.       0.]]
2025-04-07 13:53:55,711 - pre_processing.element_library.element_1D_base - DEBUG - [[      0. -100000.       0.       0.       0.       0.       0.       0.
        0.       0.       0.       0.]]
2025-04-07 13:53:55,724 - pre_processing.element_library.element_1D_base - DEBUG - 
===== Final Element Force Vector =====
2025-04-07 13:53:55,724 - pre_processing.element_library.element_1D_base - DEBUG - 
===== Final Element Force Vector =====
2025-04-07 13:53:55,724 - pre_processing.element_library.element_1D_base - DEBUG - 
===== Final Element Force Vector =====
2025-04-07 13:53:55,733 - pre_processing.element_library.element_1D_base - DEBUG - [[      0. -100000.       0.       0.       0.       0.       0.       0.
        0.       0.       0.       0.]]
2025-04-07 13:53:55,733 - pre_processing.element_library.element_1D_base - DEBUG - [[      0. -100000.       0.       0.       0.       0.       0.       0.
        0.       0.       0.       0.]]
2025-04-07 13:53:55,733 - pre_processing.element_library.element_1D_base - DEBUG - [[      0. -100000.       0.       0.       0.       0.       0.       0.
        0.       0.       0.       0.]]
2025-04-07 13:53:55,745 - pre_processing.element_library.element_1D_base - DEBUG - Element Force Vector Computation (Element ID: 3)
2025-04-07 13:53:55,745 - pre_processing.element_library.element_1D_base - DEBUG - Element Force Vector Computation (Element ID: 3)
2025-04-07 13:53:55,745 - pre_processing.element_library.element_1D_base - DEBUG - Element Force Vector Computation (Element ID: 3)
2025-04-07 13:53:55,745 - pre_processing.element_library.element_1D_base - DEBUG - Element Force Vector Computation (Element ID: 3)
2025-04-07 13:53:55,762 - pre_processing.element_library.element_1D_base - DEBUG - 
===== Final Element Force Vector =====
2025-04-07 13:53:55,762 - pre_processing.element_library.element_1D_base - DEBUG - 
===== Final Element Force Vector =====
2025-04-07 13:53:55,762 - pre_processing.element_library.element_1D_base - DEBUG - 
===== Final Element Force Vector =====
2025-04-07 13:53:55,762 - pre_processing.element_library.element_1D_base - DEBUG - 
===== Final Element Force Vector =====
2025-04-07 13:53:55,775 - pre_processing.element_library.element_1D_base - DEBUG - [[0. 0. 0. 0. 0. 0. 0. 0. 0. 0. 0. 0.]]
2025-04-07 13:53:55,775 - pre_processing.element_library.element_1D_base - DEBUG - [[0. 0. 0. 0. 0. 0. 0. 0. 0. 0. 0. 0.]]
2025-04-07 13:53:55,775 - pre_processing.element_library.element_1D_base - DEBUG - [[0. 0. 0. 0. 0. 0. 0. 0. 0. 0. 0. 0.]]
2025-04-07 13:53:55,775 - pre_processing.element_library.element_1D_base - DEBUG - [[0. 0. 0. 0. 0. 0. 0. 0. 0. 0. 0. 0.]]
2025-04-07 13:53:55,791 - pre_processing.element_library.element_1D_base - DEBUG - Element Force Vector Computation (Element ID: 4)
2025-04-07 13:53:55,791 - pre_processing.element_library.element_1D_base - DEBUG - Element Force Vector Computation (Element ID: 4)
2025-04-07 13:53:55,791 - pre_processing.element_library.element_1D_base - DEBUG - Element Force Vector Computation (Element ID: 4)
2025-04-07 13:53:55,791 - pre_processing.element_library.element_1D_base - DEBUG - Element Force Vector Computation (Element ID: 4)
2025-04-07 13:53:55,791 - pre_processing.element_library.element_1D_base - DEBUG - Element Force Vector Computation (Element ID: 4)
2025-04-07 13:53:55,801 - pre_processing.element_library.element_1D_base - DEBUG - 
===== Final Element Force Vector =====
2025-04-07 13:53:55,801 - pre_processing.element_library.element_1D_base - DEBUG - 
===== Final Element Force Vector =====
2025-04-07 13:53:55,801 - pre_processing.element_library.element_1D_base - DEBUG - 
===== Final Element Force Vector =====
2025-04-07 13:53:55,801 - pre_processing.element_library.element_1D_base - DEBUG - 
===== Final Element Force Vector =====
2025-04-07 13:53:55,801 - pre_processing.element_library.element_1D_base - DEBUG - 
===== Final Element Force Vector =====
2025-04-07 13:53:55,816 - pre_processing.element_library.element_1D_base - DEBUG - [[0. 0. 0. 0. 0. 0. 0. 0. 0. 0. 0. 0.]]
2025-04-07 13:53:55,816 - pre_processing.element_library.element_1D_base - DEBUG - [[0. 0. 0. 0. 0. 0. 0. 0. 0. 0. 0. 0.]]
2025-04-07 13:53:55,816 - pre_processing.element_library.element_1D_base - DEBUG - [[0. 0. 0. 0. 0. 0. 0. 0. 0. 0. 0. 0.]]
2025-04-07 13:53:55,816 - pre_processing.element_library.element_1D_base - DEBUG - [[0. 0. 0. 0. 0. 0. 0. 0. 0. 0. 0. 0.]]
2025-04-07 13:53:55,816 - pre_processing.element_library.element_1D_base - DEBUG - [[0. 0. 0. 0. 0. 0. 0. 0. 0. 0. 0. 0.]]
2025-04-07 13:53:55,832 - pre_processing.element_library.element_1D_base - DEBUG - Element Force Vector Computation (Element ID: 5)
2025-04-07 13:53:55,832 - pre_processing.element_library.element_1D_base - DEBUG - Element Force Vector Computation (Element ID: 5)
2025-04-07 13:53:55,832 - pre_processing.element_library.element_1D_base - DEBUG - Element Force Vector Computation (Element ID: 5)
2025-04-07 13:53:55,832 - pre_processing.element_library.element_1D_base - DEBUG - Element Force Vector Computation (Element ID: 5)
2025-04-07 13:53:55,832 - pre_processing.element_library.element_1D_base - DEBUG - Element Force Vector Computation (Element ID: 5)
2025-04-07 13:53:55,832 - pre_processing.element_library.element_1D_base - DEBUG - Element Force Vector Computation (Element ID: 5)
2025-04-07 13:53:55,841 - pre_processing.element_library.element_1D_base - DEBUG - 
===== Final Element Force Vector =====
2025-04-07 13:53:55,841 - pre_processing.element_library.element_1D_base - DEBUG - 
===== Final Element Force Vector =====
2025-04-07 13:53:55,841 - pre_processing.element_library.element_1D_base - DEBUG - 
===== Final Element Force Vector =====
2025-04-07 13:53:55,841 - pre_processing.element_library.element_1D_base - DEBUG - 
===== Final Element Force Vector =====
2025-04-07 13:53:55,841 - pre_processing.element_library.element_1D_base - DEBUG - 
===== Final Element Force Vector =====
2025-04-07 13:53:55,841 - pre_processing.element_library.element_1D_base - DEBUG - 
===== Final Element Force Vector =====
2025-04-07 13:53:55,851 - pre_processing.element_library.element_1D_base - DEBUG - [[0. 0. 0. 0. 0. 0. 0. 0. 0. 0. 0. 0.]]
2025-04-07 13:53:55,851 - pre_processing.element_library.element_1D_base - DEBUG - [[0. 0. 0. 0. 0. 0. 0. 0. 0. 0. 0. 0.]]
2025-04-07 13:53:55,851 - pre_processing.element_library.element_1D_base - DEBUG - [[0. 0. 0. 0. 0. 0. 0. 0. 0. 0. 0. 0.]]
2025-04-07 13:53:55,851 - pre_processing.element_library.element_1D_base - DEBUG - [[0. 0. 0. 0. 0. 0. 0. 0. 0. 0. 0. 0.]]
2025-04-07 13:53:55,851 - pre_processing.element_library.element_1D_base - DEBUG - [[0. 0. 0. 0. 0. 0. 0. 0. 0. 0. 0. 0.]]
2025-04-07 13:53:55,851 - pre_processing.element_library.element_1D_base - DEBUG - [[0. 0. 0. 0. 0. 0. 0. 0. 0. 0. 0. 0.]]
2025-04-07 13:53:55,868 - pre_processing.element_library.element_1D_base - DEBUG - Element Force Vector Computation (Element ID: 6)
2025-04-07 13:53:55,868 - pre_processing.element_library.element_1D_base - DEBUG - Element Force Vector Computation (Element ID: 6)
2025-04-07 13:53:55,868 - pre_processing.element_library.element_1D_base - DEBUG - Element Force Vector Computation (Element ID: 6)
2025-04-07 13:53:55,868 - pre_processing.element_library.element_1D_base - DEBUG - Element Force Vector Computation (Element ID: 6)
2025-04-07 13:53:55,868 - pre_processing.element_library.element_1D_base - DEBUG - Element Force Vector Computation (Element ID: 6)
2025-04-07 13:53:55,868 - pre_processing.element_library.element_1D_base - DEBUG - Element Force Vector Computation (Element ID: 6)
2025-04-07 13:53:55,868 - pre_processing.element_library.element_1D_base - DEBUG - Element Force Vector Computation (Element ID: 6)
2025-04-07 13:53:55,877 - pre_processing.element_library.element_1D_base - DEBUG - 
===== Final Element Force Vector =====
2025-04-07 13:53:55,877 - pre_processing.element_library.element_1D_base - DEBUG - 
===== Final Element Force Vector =====
2025-04-07 13:53:55,877 - pre_processing.element_library.element_1D_base - DEBUG - 
===== Final Element Force Vector =====
2025-04-07 13:53:55,877 - pre_processing.element_library.element_1D_base - DEBUG - 
===== Final Element Force Vector =====
2025-04-07 13:53:55,877 - pre_processing.element_library.element_1D_base - DEBUG - 
===== Final Element Force Vector =====
2025-04-07 13:53:55,877 - pre_processing.element_library.element_1D_base - DEBUG - 
===== Final Element Force Vector =====
2025-04-07 13:53:55,877 - pre_processing.element_library.element_1D_base - DEBUG - 
===== Final Element Force Vector =====
2025-04-07 13:53:55,893 - pre_processing.element_library.element_1D_base - DEBUG - [[0. 0. 0. 0. 0. 0. 0. 0. 0. 0. 0. 0.]]
2025-04-07 13:53:55,893 - pre_processing.element_library.element_1D_base - DEBUG - [[0. 0. 0. 0. 0. 0. 0. 0. 0. 0. 0. 0.]]
2025-04-07 13:53:55,893 - pre_processing.element_library.element_1D_base - DEBUG - [[0. 0. 0. 0. 0. 0. 0. 0. 0. 0. 0. 0.]]
2025-04-07 13:53:55,893 - pre_processing.element_library.element_1D_base - DEBUG - [[0. 0. 0. 0. 0. 0. 0. 0. 0. 0. 0. 0.]]
2025-04-07 13:53:55,893 - pre_processing.element_library.element_1D_base - DEBUG - [[0. 0. 0. 0. 0. 0. 0. 0. 0. 0. 0. 0.]]
2025-04-07 13:53:55,893 - pre_processing.element_library.element_1D_base - DEBUG - [[0. 0. 0. 0. 0. 0. 0. 0. 0. 0. 0. 0.]]
2025-04-07 13:53:55,893 - pre_processing.element_library.element_1D_base - DEBUG - [[0. 0. 0. 0. 0. 0. 0. 0. 0. 0. 0. 0.]]
2025-04-07 13:53:55,909 - pre_processing.element_library.element_1D_base - DEBUG - Element Force Vector Computation (Element ID: 7)
2025-04-07 13:53:55,909 - pre_processing.element_library.element_1D_base - DEBUG - Element Force Vector Computation (Element ID: 7)
2025-04-07 13:53:55,909 - pre_processing.element_library.element_1D_base - DEBUG - Element Force Vector Computation (Element ID: 7)
2025-04-07 13:53:55,909 - pre_processing.element_library.element_1D_base - DEBUG - Element Force Vector Computation (Element ID: 7)
2025-04-07 13:53:55,909 - pre_processing.element_library.element_1D_base - DEBUG - Element Force Vector Computation (Element ID: 7)
2025-04-07 13:53:55,909 - pre_processing.element_library.element_1D_base - DEBUG - Element Force Vector Computation (Element ID: 7)
2025-04-07 13:53:55,909 - pre_processing.element_library.element_1D_base - DEBUG - Element Force Vector Computation (Element ID: 7)
2025-04-07 13:53:55,909 - pre_processing.element_library.element_1D_base - DEBUG - Element Force Vector Computation (Element ID: 7)
2025-04-07 13:53:55,921 - pre_processing.element_library.element_1D_base - DEBUG - 
===== Final Element Force Vector =====
2025-04-07 13:53:55,921 - pre_processing.element_library.element_1D_base - DEBUG - 
===== Final Element Force Vector =====
2025-04-07 13:53:55,921 - pre_processing.element_library.element_1D_base - DEBUG - 
===== Final Element Force Vector =====
2025-04-07 13:53:55,921 - pre_processing.element_library.element_1D_base - DEBUG - 
===== Final Element Force Vector =====
2025-04-07 13:53:55,921 - pre_processing.element_library.element_1D_base - DEBUG - 
===== Final Element Force Vector =====
2025-04-07 13:53:55,921 - pre_processing.element_library.element_1D_base - DEBUG - 
===== Final Element Force Vector =====
2025-04-07 13:53:55,921 - pre_processing.element_library.element_1D_base - DEBUG - 
===== Final Element Force Vector =====
2025-04-07 13:53:55,921 - pre_processing.element_library.element_1D_base - DEBUG - 
===== Final Element Force Vector =====
2025-04-07 13:53:55,935 - pre_processing.element_library.element_1D_base - DEBUG - [[0. 0. 0. 0. 0. 0. 0. 0. 0. 0. 0. 0.]]
2025-04-07 13:53:55,935 - pre_processing.element_library.element_1D_base - DEBUG - [[0. 0. 0. 0. 0. 0. 0. 0. 0. 0. 0. 0.]]
2025-04-07 13:53:55,935 - pre_processing.element_library.element_1D_base - DEBUG - [[0. 0. 0. 0. 0. 0. 0. 0. 0. 0. 0. 0.]]
2025-04-07 13:53:55,935 - pre_processing.element_library.element_1D_base - DEBUG - [[0. 0. 0. 0. 0. 0. 0. 0. 0. 0. 0. 0.]]
2025-04-07 13:53:55,935 - pre_processing.element_library.element_1D_base - DEBUG - [[0. 0. 0. 0. 0. 0. 0. 0. 0. 0. 0. 0.]]
2025-04-07 13:53:55,935 - pre_processing.element_library.element_1D_base - DEBUG - [[0. 0. 0. 0. 0. 0. 0. 0. 0. 0. 0. 0.]]
2025-04-07 13:53:55,935 - pre_processing.element_library.element_1D_base - DEBUG - [[0. 0. 0. 0. 0. 0. 0. 0. 0. 0. 0. 0.]]
2025-04-07 13:53:55,935 - pre_processing.element_library.element_1D_base - DEBUG - [[0. 0. 0. 0. 0. 0. 0. 0. 0. 0. 0. 0.]]
2025-04-07 13:53:55,949 - pre_processing.element_library.element_1D_base - DEBUG - Element Force Vector Computation (Element ID: 8)
2025-04-07 13:53:55,949 - pre_processing.element_library.element_1D_base - DEBUG - Element Force Vector Computation (Element ID: 8)
2025-04-07 13:53:55,949 - pre_processing.element_library.element_1D_base - DEBUG - Element Force Vector Computation (Element ID: 8)
2025-04-07 13:53:55,949 - pre_processing.element_library.element_1D_base - DEBUG - Element Force Vector Computation (Element ID: 8)
2025-04-07 13:53:55,949 - pre_processing.element_library.element_1D_base - DEBUG - Element Force Vector Computation (Element ID: 8)
2025-04-07 13:53:55,949 - pre_processing.element_library.element_1D_base - DEBUG - Element Force Vector Computation (Element ID: 8)
2025-04-07 13:53:55,949 - pre_processing.element_library.element_1D_base - DEBUG - Element Force Vector Computation (Element ID: 8)
2025-04-07 13:53:55,949 - pre_processing.element_library.element_1D_base - DEBUG - Element Force Vector Computation (Element ID: 8)
2025-04-07 13:53:55,949 - pre_processing.element_library.element_1D_base - DEBUG - Element Force Vector Computation (Element ID: 8)
2025-04-07 13:53:55,964 - pre_processing.element_library.element_1D_base - DEBUG - 
===== Final Element Force Vector =====
2025-04-07 13:53:55,964 - pre_processing.element_library.element_1D_base - DEBUG - 
===== Final Element Force Vector =====
2025-04-07 13:53:55,964 - pre_processing.element_library.element_1D_base - DEBUG - 
===== Final Element Force Vector =====
2025-04-07 13:53:55,964 - pre_processing.element_library.element_1D_base - DEBUG - 
===== Final Element Force Vector =====
2025-04-07 13:53:55,964 - pre_processing.element_library.element_1D_base - DEBUG - 
===== Final Element Force Vector =====
2025-04-07 13:53:55,964 - pre_processing.element_library.element_1D_base - DEBUG - 
===== Final Element Force Vector =====
2025-04-07 13:53:55,964 - pre_processing.element_library.element_1D_base - DEBUG - 
===== Final Element Force Vector =====
2025-04-07 13:53:55,964 - pre_processing.element_library.element_1D_base - DEBUG - 
===== Final Element Force Vector =====
2025-04-07 13:53:55,964 - pre_processing.element_library.element_1D_base - DEBUG - 
===== Final Element Force Vector =====
2025-04-07 13:53:55,978 - pre_processing.element_library.element_1D_base - DEBUG - [[0. 0. 0. 0. 0. 0. 0. 0. 0. 0. 0. 0.]]
2025-04-07 13:53:55,978 - pre_processing.element_library.element_1D_base - DEBUG - [[0. 0. 0. 0. 0. 0. 0. 0. 0. 0. 0. 0.]]
2025-04-07 13:53:55,978 - pre_processing.element_library.element_1D_base - DEBUG - [[0. 0. 0. 0. 0. 0. 0. 0. 0. 0. 0. 0.]]
2025-04-07 13:53:55,978 - pre_processing.element_library.element_1D_base - DEBUG - [[0. 0. 0. 0. 0. 0. 0. 0. 0. 0. 0. 0.]]
2025-04-07 13:53:55,978 - pre_processing.element_library.element_1D_base - DEBUG - [[0. 0. 0. 0. 0. 0. 0. 0. 0. 0. 0. 0.]]
2025-04-07 13:53:55,978 - pre_processing.element_library.element_1D_base - DEBUG - [[0. 0. 0. 0. 0. 0. 0. 0. 0. 0. 0. 0.]]
2025-04-07 13:53:55,978 - pre_processing.element_library.element_1D_base - DEBUG - [[0. 0. 0. 0. 0. 0. 0. 0. 0. 0. 0. 0.]]
2025-04-07 13:53:55,978 - pre_processing.element_library.element_1D_base - DEBUG - [[0. 0. 0. 0. 0. 0. 0. 0. 0. 0. 0. 0.]]
2025-04-07 13:53:55,978 - pre_processing.element_library.element_1D_base - DEBUG - [[0. 0. 0. 0. 0. 0. 0. 0. 0. 0. 0. 0.]]
2025-04-07 13:53:55,995 - pre_processing.element_library.element_1D_base - DEBUG - Element Force Vector Computation (Element ID: 9)
2025-04-07 13:53:55,995 - pre_processing.element_library.element_1D_base - DEBUG - Element Force Vector Computation (Element ID: 9)
2025-04-07 13:53:55,995 - pre_processing.element_library.element_1D_base - DEBUG - Element Force Vector Computation (Element ID: 9)
2025-04-07 13:53:55,995 - pre_processing.element_library.element_1D_base - DEBUG - Element Force Vector Computation (Element ID: 9)
2025-04-07 13:53:55,995 - pre_processing.element_library.element_1D_base - DEBUG - Element Force Vector Computation (Element ID: 9)
2025-04-07 13:53:55,995 - pre_processing.element_library.element_1D_base - DEBUG - Element Force Vector Computation (Element ID: 9)
2025-04-07 13:53:55,995 - pre_processing.element_library.element_1D_base - DEBUG - Element Force Vector Computation (Element ID: 9)
2025-04-07 13:53:55,995 - pre_processing.element_library.element_1D_base - DEBUG - Element Force Vector Computation (Element ID: 9)
2025-04-07 13:53:55,995 - pre_processing.element_library.element_1D_base - DEBUG - Element Force Vector Computation (Element ID: 9)
2025-04-07 13:53:55,995 - pre_processing.element_library.element_1D_base - DEBUG - Element Force Vector Computation (Element ID: 9)
2025-04-07 13:53:56,004 - pre_processing.element_library.element_1D_base - DEBUG - 
===== Final Element Force Vector =====
2025-04-07 13:53:56,004 - pre_processing.element_library.element_1D_base - DEBUG - 
===== Final Element Force Vector =====
2025-04-07 13:53:56,004 - pre_processing.element_library.element_1D_base - DEBUG - 
===== Final Element Force Vector =====
2025-04-07 13:53:56,004 - pre_processing.element_library.element_1D_base - DEBUG - 
===== Final Element Force Vector =====
2025-04-07 13:53:56,004 - pre_processing.element_library.element_1D_base - DEBUG - 
===== Final Element Force Vector =====
2025-04-07 13:53:56,004 - pre_processing.element_library.element_1D_base - DEBUG - 
===== Final Element Force Vector =====
2025-04-07 13:53:56,004 - pre_processing.element_library.element_1D_base - DEBUG - 
===== Final Element Force Vector =====
2025-04-07 13:53:56,004 - pre_processing.element_library.element_1D_base - DEBUG - 
===== Final Element Force Vector =====
2025-04-07 13:53:56,004 - pre_processing.element_library.element_1D_base - DEBUG - 
===== Final Element Force Vector =====
2025-04-07 13:53:56,004 - pre_processing.element_library.element_1D_base - DEBUG - 
===== Final Element Force Vector =====
2025-04-07 13:53:56,028 - pre_processing.element_library.element_1D_base - DEBUG - [[0. 0. 0. 0. 0. 0. 0. 0. 0. 0. 0. 0.]]
2025-04-07 13:53:56,028 - pre_processing.element_library.element_1D_base - DEBUG - [[0. 0. 0. 0. 0. 0. 0. 0. 0. 0. 0. 0.]]
2025-04-07 13:53:56,028 - pre_processing.element_library.element_1D_base - DEBUG - [[0. 0. 0. 0. 0. 0. 0. 0. 0. 0. 0. 0.]]
2025-04-07 13:53:56,028 - pre_processing.element_library.element_1D_base - DEBUG - [[0. 0. 0. 0. 0. 0. 0. 0. 0. 0. 0. 0.]]
2025-04-07 13:53:56,028 - pre_processing.element_library.element_1D_base - DEBUG - [[0. 0. 0. 0. 0. 0. 0. 0. 0. 0. 0. 0.]]
2025-04-07 13:53:56,028 - pre_processing.element_library.element_1D_base - DEBUG - [[0. 0. 0. 0. 0. 0. 0. 0. 0. 0. 0. 0.]]
2025-04-07 13:53:56,028 - pre_processing.element_library.element_1D_base - DEBUG - [[0. 0. 0. 0. 0. 0. 0. 0. 0. 0. 0. 0.]]
2025-04-07 13:53:56,028 - pre_processing.element_library.element_1D_base - DEBUG - [[0. 0. 0. 0. 0. 0. 0. 0. 0. 0. 0. 0.]]
2025-04-07 13:53:56,028 - pre_processing.element_library.element_1D_base - DEBUG - [[0. 0. 0. 0. 0. 0. 0. 0. 0. 0. 0. 0.]]
2025-04-07 13:53:56,028 - pre_processing.element_library.element_1D_base - DEBUG - [[0. 0. 0. 0. 0. 0. 0. 0. 0. 0. 0. 0.]]
