Machine Specifications:
   - OS: Windows 11 (10.0.22631)
   - CPU: Intel64 Family 6 Model 151 Stepping 2, GenuineIntel (20 cores)
   - RAM: 31.24 GB
   - Python Version: 3.12.5

Job: job_0003
Timestamp (job start): 2025-04-07_13-53-57
Total Time: 4.44 sec

+-------------------------------+------------+---------------+-------------+-----------+
| Step                          |   Time (s) |   Memory (MB) |   Disk (GB) |   CPU (%) |
+===============================+============+===============+=============+===========+
| Parsing                       | 0          |       106.035 |     785.423 |         0 |
+-------------------------------+------------+---------------+-------------+-----------+
| Element Instantiation         | 0.00204873 |       106.086 |     785.423 |         0 |
+-------------------------------+------------+---------------+-------------+-----------+
| Element Stiffness Computation | 2.20146    |       106.516 |     785.431 |         0 |
+-------------------------------+------------+---------------+-------------+-----------+
| Element Force Computation     | 0.478574   |       106.555 |     785.432 |         0 |
+-------------------------------+------------+---------------+-------------+-----------+
| Setup Simulation              | 0          |       106.59  |     785.432 |         0 |
+-------------------------------+------------+---------------+-------------+-----------+
| Assemble Global Matrices      | 0.037678   |       108.711 |     785.433 |         0 |
+-------------------------------+------------+---------------+-------------+-----------+
| Modify Global Matrices        | 0.0379233  |       109.453 |     785.433 |         0 |
+-------------------------------+------------+---------------+-------------+-----------+
| Solve Linear Static System    | 0.458736   |       126.086 |     785.434 |         0 |
+-------------------------------+------------+---------------+-------------+-----------+
| Compute Primary Results       | 0.0037272  |       126.094 |     785.434 |         0 |
+-------------------------------+------------+---------------+-------------+-----------+
| Save Primary Results          | 0.0710211  |       126.109 |     785.434 |         0 |
+-------------------------------+------------+---------------+-------------+-----------+

Parallel Jobs: job_0007, job_0008, job_0009, job_0001, job_0002
Start Memory: 105.93 MB | End Memory: 126.11 MB
Start Disk Usage: 785.42 GB | End Disk Usage: 785.43 GB
Start CPU: 0.00% | End CPU: 0.00%
