Machine Specifications:
   - OS: Windows 11 (10.0.22631)
   - CPU: 12th Gen Intel(R) Core(TM) i7-12700
       • Logical cores: 20
       • Physical cores: 12
   - RAM: 31.24 GB
   - Disk: 3071.87 GB total, 2262.45 GB free
   - Python Version: 3.12.5 (C:\Users\s1834431\AppData\Local\Programs\Python\Python312\python.exe)
   - GPU(s): Intel(R) UHD Graphics 770

Job: job_0011
Timestamp (job start): 2025-06-18_15-55-48-022382
Total Time: 10.90 sec

+-------------------------------+------------+---------------+-------------+-----------+
| Step                          |   Time (s) |   Memory (MB) |   Disk (GB) |   CPU (%) |
+===============================+============+===============+=============+===========+
| Parsing                       |  0.0132127 |       120.176 |     809.416 |         0 |
+-------------------------------+------------+---------------+-------------+-----------+
| Element Instantiation         |  0.732384  |       120.617 |     809.416 |         0 |
+-------------------------------+------------+---------------+-------------+-----------+
| Element Stiffness Computation |  1.02845   |       121.164 |     809.419 |         0 |
+-------------------------------+------------+---------------+-------------+-----------+
| Element Force Computation     |  0.440715  |       121.215 |     809.419 |         0 |
+-------------------------------+------------+---------------+-------------+-----------+
| Full Simulation               |  8.07784   |       130.312 |     809.42  |         0 |
+-------------------------------+------------+---------------+-------------+-----------+

Parallel Jobs: job_0007, job_0008, job_0009, job_0010
Start Memory: 120.03 MB | End Memory: 130.31 MB
Start Disk Usage: 809.42 GB | End Disk Usage: 809.42 GB
Start CPU: 0.00% | End CPU: 0.00%
