2025-06-18 15:55:41,556 [DEBUG] 📁 Log file created at: \\mull.sms.ed.ac.uk\home\s1834431\Win7\Desktop\fem_model\post_processing\results\job_0011_2025-06-18_15-55-33-619286_pid33080_9a2e6874\logs\ModifyGlobalSystem.log (Module: modification, Line: 97)
2025-06-18 15:55:41,557 [INFO] 🔧 Applying stabilized boundary conditions... (Module: modification, Line: 115)
2025-06-18 15:55:41,558 [DEBUG] Computed penalty value: 4.48e+51 (Module: modification, Line: 172)
2025-06-18 15:55:41,559 [DEBUG] 
======================================== System Diagnostics ======================================== (Module: modification, Line: 263)
2025-06-18 15:55:41,560 [DEBUG] Original Non-zeros: 1204
Modified Non-zeros: 1198
Penalty Value: 4.48e+51
Stabilization Factor: 4.48e+41 (Module: modification, Line: 275)
2025-06-18 15:55:41,577 [DEBUG] 
Matrix Sample (COO format):
 Row  Col         Value
 103  103  1.120022e+15
 168  174 -2.000000e+11
  26   26  4.480022e+15
 135  129 -6.565378e+07
 314  314  4.480022e+15
 264  270 -2.000000e+11
  97   97  1.120022e+15
 498  498  4.000000e+11
 558  558  4.000000e+11
 530  524 -2.240011e+15
 159  153 -6.565378e+07
 548  554 -2.240011e+15
 156  156  4.000000e+11
 201  195 -6.565378e+07
 186  180 -2.000000e+11
 225  219 -6.565378e+07
 487  487  1.120022e+15
 105  105  1.313076e+08
  30   36 -2.000000e+11
 529  535 -5.600112e+14
 480  486 -2.000000e+11
 494  488 -2.240011e+15
 535  541 -5.600112e+14
 535  535  1.120022e+15
 494  494  4.480022e+15
  24   24  4.000000e+11
 375  375  1.313076e+08
 104  110 -2.240011e+15
 433  433  1.120022e+15
 573  573  1.313076e+08
   5    5  4.480022e+51
  13   13  1.120022e+15
 416  416  4.480022e+15
 314  320 -2.240011e+15
 294  300 -2.000000e+11
 566  572 -2.240011e+15
 116  110 -2.240011e+15
 471  477 -6.565378e+07
 409  415 -5.600112e+14
 213  213  1.313076e+08
 595  601 -5.600112e+14
  96  102 -2.000000e+11
 266  272 -2.240011e+15
  66   72 -2.000000e+11
 344  344  4.480022e+15
 270  264 -2.000000e+11
 156  150 -2.000000e+11
 510  504 -2.000000e+11
 543  543  1.313076e+08
 349  343 -5.600112e+14
 350  344 -2.240011e+15
 519  519  1.313076e+08
 558  564 -2.000000e+11
 414  408 -2.000000e+11
 506  512 -2.240011e+15
 559  565 -5.600112e+14
   7    7  1.120022e+15
 151  157 -5.600112e+14
 297  303 -6.565378e+07
 482  482  4.480022e+15
  12    6 -2.000000e+11
 219  213 -6.565378e+07
 175  175  1.120022e+15
 320  314 -2.240011e+15
 540  546 -2.000000e+11
 279  279  1.313076e+08
 284  284  4.480022e+15
 337  331 -5.600112e+14
 397  391 -5.600112e+14
 523  523  1.120022e+15
 242  242  4.480022e+15
 445  451 -5.600112e+14
 369  375 -6.565378e+07
 236  242 -2.240011e+15
 399  399  1.313076e+08
 531  531  1.313076e+08
 410  410  4.480022e+15
 444  450 -2.000000e+11
 182  176 -2.240011e+15
 295  301 -5.600112e+14
 480  474 -2.000000e+11
 571  565 -5.600112e+14
 302  302  4.480022e+15
 127  133 -5.600112e+14
 120  120  4.000000e+11
 499  493 -5.600112e+14
  42   42  4.000000e+11
 333  333  1.313076e+08
 332  338 -2.240011e+15
 500  506 -2.240011e+15
 368  362 -2.240011e+15
 217  223 -5.600112e+14
 488  488  4.480022e+15
 198  192 -2.000000e+11
 333  339 -6.565378e+07
  74   80 -2.240011e+15
 378  378  4.000000e+11
 519  513 -6.565378e+07
 585  579 -6.565378e+07
 356  362 -2.240011e+15
 339  339  1.313076e+08
 158  164 -2.240011e+15
 309  315 -6.565378e+07
 426  420 -2.000000e+11
  20   26 -2.240011e+15
 177  183 -6.565378e+07
 129  123 -6.565378e+07
 417  423 -6.565378e+07
  57   57  1.313076e+08
 495  501 -6.565378e+07
  80   74 -2.240011e+15
 302  296 -2.240011e+15
 566  560 -2.240011e+15
 529  523 -5.600112e+14
 282  276 -2.000000e+11
 367  367  1.120022e+15
 385  385  1.120022e+15
 362  356 -2.240011e+15
 528  534 -2.000000e+11
 531  525 -6.565378e+07
  74   74  4.480022e+15
 247  253 -5.600112e+14
 343  343  1.120022e+15
  27   33 -6.565378e+07
 591  597 -6.565378e+07
 267  273 -6.565378e+07
 409  409  1.120022e+15
 452  458 -2.240011e+15
 248  248  4.480022e+15
 600  600  2.000000e+11
 283  277 -5.600112e+14
 277  271 -5.600112e+14
 225  231 -6.565378e+07
 330  330  4.000000e+11
 475  469 -5.600112e+14
 501  495 -6.565378e+07
 601  595 -5.600112e+14
 507  507  1.313076e+08
 109  115 -5.600112e+14
 187  193 -5.600112e+14
 139  133 -5.600112e+14
 576  582 -2.000000e+11
  18   18  4.000000e+11
 577  583 -5.600112e+14
 483  489 -6.565378e+07
 230  224 -2.240011e+15
  85   79 -5.600112e+14
 565  565  1.120022e+15
 366  372 -2.000000e+11
 408  414 -2.000000e+11
 548  542 -2.240011e+15
 398  398  4.480022e+15
 236  230 -2.240011e+15
  81   81  1.313076e+08
 297  297  1.313076e+08
  38   44 -2.240011e+15
 195  195  1.313076e+08
 235  229 -5.600112e+14
   8    8  4.480022e+15
 327  333 -6.565378e+07
 180  180  4.000000e+11
 326  332 -2.240011e+15
 571  577 -5.600112e+14
 204  204  4.000000e+11
  19   25 -5.600112e+14
  36   42 -2.000000e+11
 381  387 -6.565378e+07
  84   84  4.000000e+11
 529  529  1.120022e+15
 416  410 -2.240011e+15
 510  510  4.000000e+11
 450  444 -2.000000e+11
 583  589 -5.600112e+14
 415  415  1.120022e+15
 249  243 -6.565378e+07
 265  271 -5.600112e+14
 319  319  1.120022e+15
 255  261 -6.565378e+07
 603  603  6.565378e+07
   1    1  4.480022e+51
 210  216 -2.000000e+11
 387  393 -6.565378e+07
 337  343 -5.600112e+14
 555  561 -6.565378e+07
 267  267  1.313076e+08
 518  512 -2.240011e+15
 271  265 -5.600112e+14
 163  169 -5.600112e+14
 583  583  1.120022e+15
 595  589 -5.600112e+14
 325  319 -5.600112e+14
 331  337 -5.600112e+14
  32   38 -2.240011e+15
 139  139  1.120022e+15
 421  421  1.120022e+15
 330  336 -2.000000e+11
 182  188 -2.240011e+15
 355  355  1.120022e+15
 145  151 -5.600112e+14
 402  408 -2.000000e+11
 121  115 -5.600112e+14
 441  447 -6.565378e+07
 439  439  1.120022e+15
 511  511  1.120022e+15
  45   51 -6.565378e+07
  99   99  1.313076e+08
 278  272 -2.240011e+15
 242  248 -2.240011e+15
 288  294 -2.000000e+11
 492  492  4.000000e+11
  97  103 -5.600112e+14
 477  471 -6.565378e+07
 128  128  4.480022e+15
 312  312  4.000000e+11
  33   33  1.313076e+08
 427  433 -5.600112e+14
 247  247  1.120022e+15
 375  381 -6.565378e+07
 505  505  1.120022e+15
 212  206 -2.240011e+15
 578  584 -2.240011e+15
 297  291 -6.565378e+07
 429  435 -6.565378e+07
 470  476 -2.240011e+15
 279  285 -6.565378e+07
  44   50 -2.240011e+15
 201  207 -6.565378e+07
 123  123  1.313076e+08
 422  428 -2.240011e+15
 357  363 -6.565378e+07
 350  350  4.480022e+15
 589  589  1.120022e+15
 246  240 -2.000000e+11
 163  157 -5.600112e+14
 483  477 -6.565378e+07
 567  561 -6.565378e+07
  31   37 -5.600112e+14
 254  248 -2.240011e+15
 348  348  4.000000e+11
 457  463 -5.600112e+14
 438  438  4.000000e+11
 374  374  4.480022e+15
 237  231 -6.565378e+07
 224  230 -2.240011e+15
 308  314 -2.240011e+15
 252  252  4.000000e+11
 174  168 -2.000000e+11
 222  216 -2.000000e+11
 258  252 -2.000000e+11
  55   61 -5.600112e+14
 501  501  1.313076e+08
 362  368 -2.240011e+15
 374  380 -2.240011e+15
  12   12  4.000000e+11
 158  152 -2.240011e+15
 530  530  4.480022e+15
 577  577  1.120022e+15
  66   60 -2.000000e+11
 344  350 -2.240011e+15
 462  456 -2.000000e+11
 584  578 -2.240011e+15
 475  481 -5.600112e+14
 361  355 -5.600112e+14
 512  518 -2.240011e+15
 138  144 -2.000000e+11
 534  534  4.000000e+11
 206  212 -2.240011e+15
 240  246 -2.000000e+11
  51   57 -6.565378e+07
 291  291  1.313076e+08
 380  386 -2.240011e+15
 541  541  1.120022e+15
 102  108 -2.000000e+11
 152  158 -2.240011e+15
  96   96  4.000000e+11
 584  590 -2.240011e+15
 511  517 -5.600112e+14
 222  222  4.000000e+11
 597  603 -6.565378e+07
 312  318 -2.000000e+11
 555  555  1.313076e+08
  91   97 -5.600112e+14
 355  361 -5.600112e+14
  44   44  4.480022e+15
 138  138  4.000000e+11
  43   37 -5.600112e+14
 170  170  4.480022e+15
 384  390 -2.000000e+11
 354  360 -2.000000e+11
 516  522 -2.000000e+11
 212  218 -2.240011e+15
 500  494 -2.240011e+15
 205  205  1.120022e+15
 254  254  4.480022e+15
 536  530 -2.240011e+15
 338  332 -2.240011e+15
 423  417 -6.565378e+07
  62   62  4.480022e+15
 183  177 -6.565378e+07
 151  151  1.120022e+15
 573  579 -6.565378e+07
 360  360  4.000000e+11
 186  192 -2.000000e+11
   2    2  4.480022e+51
 589  583 -5.600112e+14
 357  357  1.313076e+08
  96   90 -2.000000e+11
 451  445 -5.600112e+14
 390  396 -2.000000e+11
 398  404 -2.240011e+15
 378  384 -2.000000e+11
 572  572  4.480022e+15
 546  546  4.000000e+11
 217  211 -5.600112e+14
 123  117 -6.565378e+07
  60   54 -2.000000e+11
 555  549 -6.565378e+07
 511  505 -5.600112e+14
 199  199  1.120022e+15
 379  385 -5.600112e+14
 579  579  1.313076e+08
 270  270  4.000000e+11
 285  291 -6.565378e+07
 451  457 -5.600112e+14
 104   98 -2.240011e+15
 313  313  1.120022e+15
  37   31 -5.600112e+14
 404  404  4.480022e+15
 271  277 -5.600112e+14
 140  134 -2.240011e+15
 524  518 -2.240011e+15
  86   86  4.480022e+15
 320  326 -2.240011e+15
 423  429 -6.565378e+07
 480  480  4.000000e+11
 589  595 -5.600112e+14
 427  427  1.120022e+15
 541  547 -5.600112e+14
 553  547 -5.600112e+14
 183  189 -6.565378e+07
  98   92 -2.240011e+15
 243  249 -6.565378e+07
 524  524  4.480022e+15
 224  218 -2.240011e+15
 313  319 -5.600112e+14
 207  207  1.313076e+08
 162  168 -2.000000e+11
 110  116 -2.240011e+15
 554  554  4.480022e+15
 537  543 -6.565378e+07
 397  403 -5.600112e+14
 134  128 -2.240011e+15
  13   19 -5.600112e+14
 506  506  4.480022e+15
  19   19  1.120022e+15
 222  228 -2.000000e+11
 572  578 -2.240011e+15
 260  260  4.480022e+15
 129  135 -6.565378e+07
 234  228 -2.000000e+11
 300  306 -2.000000e+11
 434  434  4.480022e+15
 523  517 -5.600112e+14
 135  135  1.313076e+08
 186  186  4.000000e+11
 600  594 -2.000000e+11
  55   49 -5.600112e+14
 236  236  4.480022e+15
 510  516 -2.000000e+11
 420  420  4.000000e+11
 162  162  4.000000e+11
 260  254 -2.240011e+15
 303  309 -6.565378e+07
 422  416 -2.240011e+15
 294  288 -2.000000e+11
  31   31  1.120022e+15
 422  422  4.480022e+15
 513  507 -6.565378e+07
 543  537 -6.565378e+07
 332  326 -2.240011e+15
 547  553 -5.600112e+14
 471  465 -6.565378e+07
 240  240  4.000000e+11
 339  333 -6.565378e+07
 252  246 -2.000000e+11
 331  331  1.120022e+15
 356  350 -2.240011e+15
 343  337 -5.600112e+14
 144  138 -2.000000e+11
 399  405 -6.565378e+07
 187  187  1.120022e+15
 476  476  4.480022e+15
 144  144  4.000000e+11
 535  529 -5.600112e+14
 338  338  4.480022e+15
 530  536 -2.240011e+15
 578  578  4.480022e+15
 108  102 -2.000000e+11
 120  114 -2.000000e+11
 241  241  1.120022e+15
  98  104 -2.240011e+15
 246  246  4.000000e+11
 432  432  4.000000e+11
  75   81 -6.565378e+07
 231  237 -6.565378e+07
 163  163  1.120022e+15
 159  159  1.313076e+08
 132  132  4.000000e+11
 319  313 -5.600112e+14
 243  237 -6.565378e+07
 571  571  1.120022e+15
 561  555 -6.565378e+07
  75   75  1.313076e+08
 447  441 -6.565378e+07
 504  498 -2.000000e+11
  69   63 -6.565378e+07
 129  129  1.313076e+08
 169  169  1.120022e+15
 439  433 -5.600112e+14
 111  105 -6.565378e+07
 265  259 -5.600112e+14
 223  223  1.120022e+15
 493  499 -5.600112e+14
 277  277  1.120022e+15
 295  289 -5.600112e+14
 366  366  4.000000e+11
 219  219  1.313076e+08
 123  129 -6.565378e+07
  80   86 -2.240011e+15
 435  435  1.313076e+08
 134  134  4.480022e+15
  67   73 -5.600112e+14
 500  500  4.480022e+15
 384  378 -2.000000e+11
 230  230  4.480022e+15
 205  211 -5.600112e+14
  79   79  1.120022e+15
 541  535 -5.600112e+14
 211  205 -5.600112e+14
 164  158 -2.240011e+15
 384  384  4.000000e+11
 255  249 -6.565378e+07
 429  429  1.313076e+08
 411  417 -6.565378e+07
 462  462  4.000000e+11
 474  468 -2.000000e+11
 180  186 -2.000000e+11
  51   45 -6.565378e+07
  61   55 -5.600112e+14
 423  423  1.313076e+08
  21   27 -6.565378e+07
 300  294 -2.000000e+11
  75   69 -6.565378e+07
 464  464  4.480022e+15
  84   78 -2.000000e+11
 512  512  4.480022e+15
  24   30 -2.000000e+11
 288  288  4.000000e+11
 315  321 -6.565378e+07
 278  278  4.480022e+15
 524  530 -2.240011e+15
 259  265 -5.600112e+14
 122  116 -2.240011e+15
  50   44 -2.240011e+15
 115  115  1.120022e+15
 417  411 -6.565378e+07
 368  368  4.480022e+15
 336  342 -2.000000e+11
 567  567  1.313076e+08
 366  360 -2.000000e+11
 405  411 -6.565378e+07
  27   21 -6.565378e+07
 247  241 -5.600112e+14
  36   30 -2.000000e+11
  43   49 -5.600112e+14
 153  147 -6.565378e+07
  99  105 -6.565378e+07
 121  127 -5.600112e+14
  93   99 -6.565378e+07
 565  571 -5.600112e+14
 402  396 -2.000000e+11
 326  320 -2.240011e+15
 290  296 -2.240011e+15
   7   13 -5.600112e+14
 396  402 -2.000000e+11
 289  283 -5.600112e+14
 585  591 -6.565378e+07
 457  457  1.120022e+15
 393  393  1.313076e+08
 249  249  1.313076e+08
 194  200 -2.240011e+15
 474  480 -2.000000e+11
 559  559  1.120022e+15
 169  175 -5.600112e+14
 216  210 -2.000000e+11
 369  363 -6.565378e+07
 134  140 -2.240011e+15
 194  194  4.480022e+15
   6    6  4.000000e+11
 138  132 -2.000000e+11
 577  571 -5.600112e+14
  24   18 -2.000000e+11
 308  308  4.480022e+15
 308  302 -2.240011e+15
 584  584  4.480022e+15
 499  505 -5.600112e+14
  62   68 -2.240011e+15
 139  145 -5.600112e+14
  74   68 -2.240011e+15
 487  481 -5.600112e+14
 102   96 -2.000000e+11
  56   56  4.480022e+15
 345  351 -6.565378e+07
 246  252 -2.000000e+11
 385  379 -5.600112e+14
  14    8 -2.240011e+15
 126  120 -2.000000e+11
  30   24 -2.000000e+11
  85   85  1.120022e+15
 354  354  4.000000e+11
 552  552  4.000000e+11
 362  362  4.480022e+15
 153  159 -6.565378e+07
  90   96 -2.000000e+11
 453  459 -6.565378e+07
 522  522  4.000000e+11
 342  336 -2.000000e+11
 498  492 -2.000000e+11
 109  109  1.120022e+15
 176  170 -2.240011e+15
 157  157  1.120022e+15
 111  117 -6.565378e+07
 590  590  4.480022e+15
 534  528 -2.000000e+11
 193  193  1.120022e+15
  87   81 -6.565378e+07
 213  219 -6.565378e+07
 476  470 -2.240011e+15
   9    9  1.313076e+08
 265  265  1.120022e+15
  38   32 -2.240011e+15
  49   49  1.120022e+15
 194  188 -2.240011e+15
 189  189  1.313076e+08
 133  133  1.120022e+15
 156  162 -2.000000e+11
 567  573 -6.565378e+07
 210  204 -2.000000e+11
 583  577 -5.600112e+14
 289  295 -5.600112e+14
  25   25  1.120022e+15
 108  114 -2.000000e+11
 396  396  4.000000e+11
 324  318 -2.000000e+11
 426  432 -2.000000e+11
 360  366 -2.000000e+11
 261  255 -6.565378e+07
 146  146  4.480022e+15
 470  464 -2.240011e+15
  39   33 -6.565378e+07
  93   87 -6.565378e+07
 402  402  4.000000e+11
 564  570 -2.000000e+11
 249  255 -6.565378e+07
  62   56 -2.240011e+15
 151  145 -5.600112e+14
  42   48 -2.000000e+11
  27   27  1.313076e+08
 481  487 -5.600112e+14
 170  164 -2.240011e+15
 285  285  1.313076e+08
 348  354 -2.000000e+11
 417  417  1.313076e+08
 207  213 -6.565378e+07
 549  555 -6.565378e+07
 147  147  1.313076e+08
 266  260 -2.240011e+15
  81   87 -6.565378e+07
 171  177 -6.565378e+07
 252  258 -2.000000e+11
  26   32 -2.240011e+15
 373  367 -5.600112e+14
 235  235  1.120022e+15
 223  229 -5.600112e+14
  92   92  4.480022e+15
 602  602  2.240011e+15
 459  459  1.313076e+08
 216  222 -2.000000e+11
 165  171 -6.565378e+07
 180  174 -2.000000e+11
 228  228  4.000000e+11
  13    7 -5.600112e+14
 375  369 -6.565378e+07
 386  380 -2.240011e+15
 561  561  1.313076e+08
 176  176  4.480022e+15
 554  560 -2.240011e+15
 159  165 -6.565378e+07
 325  325  1.120022e+15
 229  235 -5.600112e+14
  90   84 -2.000000e+11
 603  597 -6.565378e+07
  69   75 -6.565378e+07
 504  510 -2.000000e+11
 452  452  4.480022e+15
  43   43  1.120022e+15
 434  440 -2.240011e+15
 176  182 -2.240011e+15
 201  201  1.313076e+08
 199  193 -5.600112e+14
 195  201 -6.565378e+07
  63   57 -6.565378e+07
 487  493 -5.600112e+14
 411  405 -6.565378e+07
 117  123 -6.565378e+07
 505  499 -5.600112e+14
  14   14  4.480022e+15
 531  537 -6.565378e+07
 590  596 -2.240011e+15
 128  134 -2.240011e+15
 126  126  4.000000e+11
 525  531 -6.565378e+07
  21   15 -6.565378e+07
 450  456 -2.000000e+11
 258  258  4.000000e+11
 440  440  4.480022e+15
 464  458 -2.240011e+15
  57   63 -6.565378e+07
 193  199 -5.600112e+14
 312  306 -2.000000e+11
 306  312 -2.000000e+11
 318  318  4.000000e+11
 295  295  1.120022e+15
  90   90  4.000000e+11
 122  128 -2.240011e+15
 590  584 -2.240011e+15
 432  426 -2.000000e+11
 591  585 -6.565378e+07
 164  164  4.480022e+15
 456  450 -2.000000e+11
  81   75 -6.565378e+07
 315  315  1.313076e+08
  73   73  1.120022e+15
  67   61 -5.600112e+14
 231  231  1.313076e+08
  37   37  1.120022e+15
 318  312 -2.000000e+11
 307  301 -5.600112e+14
 468  462 -2.000000e+11
 428  422 -2.240011e+15
  92   98 -2.240011e+15
 481  475 -5.600112e+14
 211  217 -5.600112e+14
  54   60 -2.000000e+11
 373  373  1.120022e+15
 456  462 -2.000000e+11
 170  176 -2.240011e+15
 483  483  1.313076e+08
 114  120 -2.000000e+11
 199  205 -5.600112e+14
 554  548 -2.240011e+15
 158  158  4.480022e+15
 525  525  1.313076e+08
 564  564  4.000000e+11
 267  261 -6.565378e+07
 348  342 -2.000000e+11
 127  121 -5.600112e+14
 264  258 -2.000000e+11
 374  368 -2.240011e+15
 507  513 -6.565378e+07
 505  511 -5.600112e+14
 324  330 -2.000000e+11
  56   50 -2.240011e+15
 380  374 -2.240011e+15
 440  446 -2.240011e+15
  30   30  4.000000e+11
 306  300 -2.000000e+11
 181  181  1.120022e+15
 234  240 -2.000000e+11
  14   20 -2.240011e+15
 192  186 -2.000000e+11
 272  278 -2.240011e+15
 114  108 -2.000000e+11
 296  296  4.480022e+15
 351  345 -6.565378e+07
 378  372 -2.000000e+11
 471  471  1.313076e+08
 105  111 -6.565378e+07
 464  470 -2.240011e+15
 253  247 -5.600112e+14
 261  261  1.313076e+08
 342  348 -2.000000e+11
 192  192  4.000000e+11
  97   91 -5.600112e+14
 206  200 -2.240011e+15
 517  517  1.120022e+15
 205  199 -5.600112e+14
 367  361 -5.600112e+14
 456  456  4.000000e+11
 224  224  4.480022e+15
  69   69  1.313076e+08
  91   85 -5.600112e+14
 349  349  1.120022e+15
 218  212 -2.240011e+15
 391  397 -5.600112e+14
 594  588 -2.000000e+11
 518  518  4.480022e+15
 435  429 -6.565378e+07
  51   51  1.313076e+08
 512  506 -2.240011e+15
 321  315 -6.565378e+07
 253  259 -5.600112e+14
  42   36 -2.000000e+11
  49   43 -5.600112e+14
 420  414 -2.000000e+11
 349  355 -5.600112e+14
 549  543 -6.565378e+07
   0    0  4.480022e+51
 283  283  1.120022e+15
 345  339 -6.565378e+07
 200  194 -2.240011e+15
 242  236 -2.240011e+15
 549  549  1.313076e+08
 264  264  4.000000e+11
  57   51 -6.565378e+07
 488  494 -2.240011e+15
 499  499  1.120022e+15
 486  486  4.000000e+11
 115  121 -5.600112e+14
 522  528 -2.000000e+11
 168  168  4.000000e+11
  55   55  1.120022e+15
 570  564 -2.000000e+11
 314  308 -2.240011e+15
 241  247 -5.600112e+14
 110  110  4.480022e+15
 357  351 -6.565378e+07
  72   72  4.000000e+11
 127  127  1.120022e+15
 594  600 -2.000000e+11
 459  453 -6.565378e+07
 542  548 -2.240011e+15
 441  435 -6.565378e+07
 495  489 -6.565378e+07
 429  423 -6.565378e+07
 421  415 -5.600112e+14
 187  181 -5.600112e+14
 128  122 -2.240011e+15
 372  378 -2.000000e+11
  18   12 -2.000000e+11
 445  439 -5.600112e+14
 212  212  4.480022e+15
 391  385 -5.600112e+14
 344  338 -2.240011e+15
 386  392 -2.240011e+15
   3    3  4.480022e+51
  72   66 -2.000000e+11
 181  187 -5.600112e+14
 150  156 -2.000000e+11
 354  348 -2.000000e+11
 523  529 -5.600112e+14
 582  576 -2.000000e+11
 498  504 -2.000000e+11
 117  117  1.313076e+08
 325  331 -5.600112e+14
 116  116  4.480022e+15
 116  122 -2.240011e+15
 188  188  4.480022e+15
 470  470  4.480022e+15
 174  174  4.000000e+11
 213  207 -6.565378e+07
 475  475  1.120022e+15
 306  306  4.000000e+11
 543  549 -6.565378e+07
 135  141 -6.565378e+07
 230  236 -2.240011e+15
  36   36  4.000000e+11
 518  524 -2.240011e+15
 183  183  1.313076e+08
 122  122  4.480022e+15
 330  324 -2.000000e+11
  60   66 -2.000000e+11
 444  444  4.000000e+11
 270  276 -2.000000e+11
 291  297 -6.565378e+07
  67   67  1.120022e+15
 133  139 -5.600112e+14
 513  519 -6.565378e+07
 363  369 -6.565378e+07
 489  483 -6.565378e+07
 350  356 -2.240011e+15
  73   67 -5.600112e+14
 560  560  4.480022e+15
   6   12 -2.000000e+11
 254  260 -2.240011e+15
 319  325 -5.600112e+14
 189  183 -6.565378e+07
 482  488 -2.240011e+15
 210  210  4.000000e+11
 207  201 -6.565378e+07
 588  588  4.000000e+11
 477  477  1.313076e+08
 181  175 -5.600112e+14
 398  392 -2.240011e+15
  80   80  4.480022e+15
 288  282 -2.000000e+11
 276  270 -2.000000e+11
 175  181 -5.600112e+14
 157  151 -5.600112e+14
 309  309  1.313076e+08
 438  432 -2.000000e+11
 144  150 -2.000000e+11
 517  511 -5.600112e+14
 537  537  1.313076e+08
  32   26 -2.240011e+15
 204  210 -2.000000e+11
 290  284 -2.240011e+15
 241  235 -5.600112e+14
 237  237  1.313076e+08
 462  468 -2.000000e+11
 463  463  1.120022e+15
 570  570  4.000000e+11
 465  459 -6.565378e+07
 392  386 -2.240011e+15
 255  255  1.313076e+08
 444  438 -2.000000e+11
 363  363  1.313076e+08
 494  500 -2.240011e+15
 327  327  1.313076e+08
 343  349 -5.600112e+14
 278  284 -2.240011e+15
 393  399 -6.565378e+07
 153  153  1.313076e+08
 465  465  1.313076e+08
 459  465 -6.565378e+07
 289  289  1.120022e+15
  85   91 -5.600112e+14
 321  321  1.313076e+08
 337  337  1.120022e+15
 171  171  1.313076e+08
  33   27 -6.565378e+07
 542  536 -2.240011e+15
 561  567 -6.565378e+07
  31   25 -5.600112e+14
 248  254 -2.240011e+15
 168  162 -2.000000e+11
 229  223 -5.600112e+14
 432  438 -2.000000e+11
 486  480 -2.000000e+11
 415  421 -5.600112e+14
 416  422 -2.240011e+15
 223  217 -5.600112e+14
 338  344 -2.240011e+15
 285  279 -6.565378e+07
 495  495  1.313076e+08
 565  559 -5.600112e+14
 397  397  1.120022e+15
 553  559 -5.600112e+14
 414  414  4.000000e+11
 114  114  4.000000e+11
 469  463 -5.600112e+14
 414  420 -2.000000e+11
 296  302 -2.240011e+15
 145  145  1.120022e+15
 177  177  1.313076e+08
 474  474  4.000000e+11
   4    4  4.480022e+51
 548  548  4.480022e+15
 235  241 -5.600112e+14
 528  522 -2.000000e+11
 457  451 -5.600112e+14
 564  558 -2.000000e+11
 261  267 -6.565378e+07
 331  325 -5.600112e+14
 290  290  4.480022e+15
 327  321 -6.565378e+07
 301  307 -5.600112e+14
 117  111 -6.565378e+07
 271  271  1.120022e+15
 570  576 -2.000000e+11
 141  141  1.313076e+08
 146  140 -2.240011e+15
 240  234 -2.000000e+11
 552  558 -2.000000e+11
 217  217  1.120022e+15
 404  398 -2.240011e+15
 145  139 -5.600112e+14
 369  369  1.313076e+08
 361  367 -5.600112e+14
 420  426 -2.000000e+11
 488  482 -2.240011e+15
  63   63  1.313076e+08
 301  295 -5.600112e+14
 597  597  1.313076e+08
   9   15 -6.565378e+07
 453  453  1.313076e+08
 231  225 -6.565378e+07
 296  290 -2.240011e+15
  78   78  4.000000e+11
  84   90 -2.000000e+11
 596  596  4.480022e+15
 379  379  1.120022e+15
 450  450  4.000000e+11
 468  468  4.000000e+11
 433  439 -5.600112e+14
 493  487 -5.600112e+14
 516  516  4.000000e+11
 102  102  4.000000e+11
  99   93 -6.565378e+07
 318  324 -2.000000e+11
 272  266 -2.240011e+15
 307  307  1.120022e+15
  86   80 -2.240011e+15
  56   62 -2.240011e+15
  12   18 -2.000000e+11
 291  285 -6.565378e+07
 452  446 -2.240011e+15
 313  307 -5.600112e+14
 492  486 -2.000000e+11
 273  273  1.313076e+08
 169  163 -5.600112e+14
 243  243  1.313076e+08
 253  253  1.120022e+15
 433  427 -5.600112e+14
 560  554 -2.240011e+15
 206  206  4.480022e+15
 601  601  5.600112e+14
  50   50  4.480022e+15
 409  403 -5.600112e+14
 219  225 -6.565378e+07
  45   39 -6.565378e+07
  25   31 -5.600112e+14
 434  428 -2.240011e+15
 528  528  4.000000e+11
 360  354 -2.000000e+11
 332  332  4.480022e+15
 211  211  1.120022e+15
 336  330 -2.000000e+11
 596  602 -2.240011e+15
 504  504  4.000000e+11
 501  507 -6.565378e+07
 573  567 -6.565378e+07
 517  523 -5.600112e+14
 164  170 -2.240011e+15
 386  386  4.480022e+15
 446  446  4.480022e+15
 282  288 -2.000000e+11
 572  566 -2.240011e+15
 182  182  4.480022e+15
  38   38  4.480022e+15
 260  266 -2.240011e+15
 259  253 -5.600112e+14
 174  180 -2.000000e+11
 115  109 -5.600112e+14
 579  573 -6.565378e+07
  78   72 -2.000000e+11
 147  153 -6.565378e+07
 380  380  4.480022e+15
  19   13 -5.600112e+14
 403  403  1.120022e+15
  61   61  1.120022e+15
 405  399 -6.565378e+07
 258  264 -2.000000e+11
 439  445 -5.600112e+14
 540  534 -2.000000e+11
 595  595  1.120022e+15
  92   86 -2.240011e+15
 405  405  1.313076e+08
 446  440 -2.240011e+15
  87   87  1.313076e+08
 177  171 -6.565378e+07
 192  198 -2.000000e+11
 522  516 -2.000000e+11
 560  566 -2.240011e+15
 553  553  1.120022e+15
  68   68  4.480022e+15
  98   98  4.480022e+15
  72   78 -2.000000e+11
 228  222 -2.000000e+11
  44   38 -2.240011e+15
 132  126 -2.000000e+11
 578  572 -2.240011e+15
 451  451  1.120022e+15
 103   97 -5.600112e+14
 150  144 -2.000000e+11
 234  234  4.000000e+11
 387  387  1.313076e+08
  21   21  1.313076e+08
 387  381 -6.565378e+07
 120  126 -2.000000e+11
 326  326  4.480022e+15
  20   20  4.480022e+15
  48   54 -2.000000e+11
 469  469  1.120022e+15
 582  588 -2.000000e+11
  26   20 -2.240011e+15
 435  441 -6.565378e+07
 175  169 -5.600112e+14
  33   39 -6.565378e+07
 588  594 -2.000000e+11 (Module: modification, Line: 284)
2025-06-18 15:55:41,578 [DEBUG] 
Condition Estimate: 6.8e+43 (Module: modification, Line: 290)
2025-06-18 15:55:41,595 [INFO] 💾 Modified stiffness matrix saved to: \\mull.sms.ed.ac.uk\home\s1834431\Win7\Desktop\fem_model\post_processing\results\job_0011_2025-06-18_15-55-33-619286_pid33080_9a2e6874\primary_results\03_K_mod.csv (Module: modification, Line: 244)
2025-06-18 15:55:41,610 [INFO] 💾 Modified force vector saved to: \\mull.sms.ed.ac.uk\home\s1834431\Win7\Desktop\fem_model\post_processing\results\job_0011_2025-06-18_15-55-33-619286_pid33080_9a2e6874\primary_results\04_F_mod.csv (Module: modification, Line: 256)
2025-06-18 15:55:41,630 [INFO] 📎 Element DOF fixed/free map saved to: \\mull.sms.ed.ac.uk\home\s1834431\Win7\Desktop\fem_model\post_processing\results\job_0011_2025-06-18_15-55-33-619286_pid33080_9a2e6874\maps\02_modification_map.csv (Module: modification, Line: 159)
2025-06-18 15:55:41,631 [INFO] ✅ Boundary conditions applied in 0.07s (Module: modification, Line: 132)
