Machine Specifications:
   - OS: Windows 11 (10.0.22631)
   - CPU: 12th Gen Intel(R) Core(TM) i7-12700
       • Logical cores: 20
       • Physical cores: 12
   - RAM: 31.24 GB
   - Disk: 3071.87 GB total, 2262.45 GB free
   - Python Version: 3.12.5 (C:\Users\s1834431\AppData\Local\Programs\Python\Python312\python.exe)
   - GPU(s): Intel(R) UHD Graphics 770

Job: job_0008
Timestamp (job start): 2025-06-18_15-55-42-590323
Total Time: 5.57 sec

+-------------------------------+------------+---------------+-------------+-----------+
| Step                          |   Time (s) |   Memory (MB) |   Disk (GB) |   CPU (%) |
+===============================+============+===============+=============+===========+
| Parsing                       | 0.012207   |       120.148 |     809.416 |         0 |
+-------------------------------+------------+---------------+-------------+-----------+
| Element Instantiation         | 0.0156662  |       120.223 |     809.416 |         0 |
+-------------------------------+------------+---------------+-------------+-----------+
| Element Stiffness Computation | 0.0191441  |       120.504 |     809.416 |         0 |
+-------------------------------+------------+---------------+-------------+-----------+
| Element Force Computation     | 0.00802493 |       120.531 |     809.416 |         0 |
+-------------------------------+------------+---------------+-------------+-----------+
| Full Simulation               | 4.90597    |       122.613 |     809.42  |         0 |
+-------------------------------+------------+---------------+-------------+-----------+

Parallel Jobs: job_0007
Start Memory: 120.04 MB | End Memory: 122.61 MB
Start Disk Usage: 809.42 GB | End Disk Usage: 809.42 GB
Start CPU: 0.00% | End CPU: 0.00%
