2025-06-18 15:55:38,541 [DEBUG] 📁 Log file created at: \\mull.sms.ed.ac.uk\home\s1834431\Win7\Desktop\fem_model\post_processing\results\job_0008_2025-06-18_15-55-33-589100_pid33080_54c1fdca\logs\ModifyGlobalSystem.log (Module: modification, Line: 97)
2025-06-18 15:55:38,542 [INFO] 🔧 Applying stabilized boundary conditions... (Module: modification, Line: 115)
2025-06-18 15:55:38,543 [DEBUG] Computed penalty value: 3.58e+46 (Module: modification, Line: 172)
2025-06-18 15:55:38,544 [DEBUG] 
======================================== System Diagnostics ======================================== (Module: modification, Line: 263)
2025-06-18 15:55:38,544 [DEBUG] Original Non-zeros: 28
Modified Non-zeros: 22
Penalty Value: 3.58e+46
Stabilization Factor: 3.58e+36 (Module: modification, Line: 275)
2025-06-18 15:55:38,547 [DEBUG] 
Modified Stiffness Matrix:
         0        1        2        3        4        5         6         7         8         9        10       11        12        13        14        15       16       17
0  3.58e+46 0.00e+00 0.00e+00 0.00e+00 0.00e+00 0.00e+00  0.00e+00  0.00e+00  0.00e+00  0.00e+00 0.00e+00 0.00e+00  0.00e+00  0.00e+00  0.00e+00  0.00e+00 0.00e+00 0.00e+00
1  0.00e+00 3.58e+46 0.00e+00 0.00e+00 0.00e+00 0.00e+00  0.00e+00  0.00e+00  0.00e+00  0.00e+00 0.00e+00 0.00e+00  0.00e+00  0.00e+00  0.00e+00  0.00e+00 0.00e+00 0.00e+00
2  0.00e+00 0.00e+00 3.58e+46 0.00e+00 0.00e+00 0.00e+00  0.00e+00  0.00e+00  0.00e+00  0.00e+00 0.00e+00 0.00e+00  0.00e+00  0.00e+00  0.00e+00  0.00e+00 0.00e+00 0.00e+00
3  0.00e+00 0.00e+00 0.00e+00 3.58e+46 0.00e+00 0.00e+00  0.00e+00  0.00e+00  0.00e+00  0.00e+00 0.00e+00 0.00e+00  0.00e+00  0.00e+00  0.00e+00  0.00e+00 0.00e+00 0.00e+00
4  0.00e+00 0.00e+00 0.00e+00 0.00e+00 3.58e+46 0.00e+00  0.00e+00  0.00e+00  0.00e+00  0.00e+00 0.00e+00 0.00e+00  0.00e+00  0.00e+00  0.00e+00  0.00e+00 0.00e+00 0.00e+00
5  0.00e+00 0.00e+00 0.00e+00 0.00e+00 0.00e+00 3.58e+46  0.00e+00  0.00e+00  0.00e+00  0.00e+00 0.00e+00 0.00e+00  0.00e+00  0.00e+00  0.00e+00  0.00e+00 0.00e+00 0.00e+00
6  0.00e+00 0.00e+00 0.00e+00 0.00e+00 0.00e+00 0.00e+00  8.00e+09  0.00e+00  0.00e+00  0.00e+00 0.00e+00 0.00e+00 -4.00e+09  0.00e+00  0.00e+00  0.00e+00 0.00e+00 0.00e+00
7  0.00e+00 0.00e+00 0.00e+00 0.00e+00 0.00e+00 0.00e+00  0.00e+00  8.96e+09  0.00e+00  0.00e+00 0.00e+00 0.00e+00  0.00e+00 -4.48e+09  0.00e+00  0.00e+00 0.00e+00 0.00e+00
8  0.00e+00 0.00e+00 0.00e+00 0.00e+00 0.00e+00 0.00e+00  0.00e+00  0.00e+00  3.58e+10  0.00e+00 0.00e+00 0.00e+00  0.00e+00  0.00e+00 -1.79e+10  0.00e+00 0.00e+00 0.00e+00
9  0.00e+00 0.00e+00 0.00e+00 0.00e+00 0.00e+00 0.00e+00  0.00e+00  0.00e+00  0.00e+00  2.63e+06 0.00e+00 0.00e+00  0.00e+00  0.00e+00  0.00e+00 -1.31e+06 0.00e+00 0.00e+00
10 0.00e+00 0.00e+00 0.00e+00 0.00e+00 0.00e+00 0.00e+00  0.00e+00  0.00e+00  0.00e+00  0.00e+00 0.00e+00 0.00e+00  0.00e+00  0.00e+00  0.00e+00  0.00e+00 0.00e+00 0.00e+00
11 0.00e+00 0.00e+00 0.00e+00 0.00e+00 0.00e+00 0.00e+00  0.00e+00  0.00e+00  0.00e+00  0.00e+00 0.00e+00 0.00e+00  0.00e+00  0.00e+00  0.00e+00  0.00e+00 0.00e+00 0.00e+00
12 0.00e+00 0.00e+00 0.00e+00 0.00e+00 0.00e+00 0.00e+00 -4.00e+09  0.00e+00  0.00e+00  0.00e+00 0.00e+00 0.00e+00  4.00e+09  0.00e+00  0.00e+00  0.00e+00 0.00e+00 0.00e+00
13 0.00e+00 0.00e+00 0.00e+00 0.00e+00 0.00e+00 0.00e+00  0.00e+00 -4.48e+09  0.00e+00  0.00e+00 0.00e+00 0.00e+00  0.00e+00  4.48e+09  0.00e+00  0.00e+00 0.00e+00 0.00e+00
14 0.00e+00 0.00e+00 0.00e+00 0.00e+00 0.00e+00 0.00e+00  0.00e+00  0.00e+00 -1.79e+10  0.00e+00 0.00e+00 0.00e+00  0.00e+00  0.00e+00  1.79e+10  0.00e+00 0.00e+00 0.00e+00
15 0.00e+00 0.00e+00 0.00e+00 0.00e+00 0.00e+00 0.00e+00  0.00e+00  0.00e+00  0.00e+00 -1.31e+06 0.00e+00 0.00e+00  0.00e+00  0.00e+00  0.00e+00  1.31e+06 0.00e+00 0.00e+00
16 0.00e+00 0.00e+00 0.00e+00 0.00e+00 0.00e+00 0.00e+00  0.00e+00  0.00e+00  0.00e+00  0.00e+00 0.00e+00 0.00e+00  0.00e+00  0.00e+00  0.00e+00  0.00e+00 0.00e+00 0.00e+00
17 0.00e+00 0.00e+00 0.00e+00 0.00e+00 0.00e+00 0.00e+00  0.00e+00  0.00e+00  0.00e+00  0.00e+00 0.00e+00 0.00e+00  0.00e+00  0.00e+00  0.00e+00  0.00e+00 0.00e+00 0.00e+00 (Module: modification, Line: 280)
2025-06-18 15:55:38,548 [DEBUG] 
Condition Estimate: 2.7e+40 (Module: modification, Line: 290)
2025-06-18 15:55:38,555 [INFO] 💾 Modified stiffness matrix saved to: \\mull.sms.ed.ac.uk\home\s1834431\Win7\Desktop\fem_model\post_processing\results\job_0008_2025-06-18_15-55-33-589100_pid33080_54c1fdca\primary_results\03_K_mod.csv (Module: modification, Line: 244)
2025-06-18 15:55:38,564 [INFO] 💾 Modified force vector saved to: \\mull.sms.ed.ac.uk\home\s1834431\Win7\Desktop\fem_model\post_processing\results\job_0008_2025-06-18_15-55-33-589100_pid33080_54c1fdca\primary_results\04_F_mod.csv (Module: modification, Line: 256)
2025-06-18 15:55:38,572 [INFO] 📎 Element DOF fixed/free map saved to: \\mull.sms.ed.ac.uk\home\s1834431\Win7\Desktop\fem_model\post_processing\results\job_0008_2025-06-18_15-55-33-589100_pid33080_54c1fdca\maps\02_modification_map.csv (Module: modification, Line: 159)
2025-06-18 15:55:38,573 [INFO] ✅ Boundary conditions applied in 0.03s (Module: modification, Line: 132)
