2025-07-06 14:21:36,459 [DEBUG] 📁 Log file created at: \\mull.sms.ed.ac.uk\home\s1834431\Win7\Desktop\fem_model\post_processing\results\job_0001_2025-07-06_14-21-27-458983_pid34956_19e0033e\logs\AssembleGlobalSystem.log (Module: assembly, Line: 90)
2025-07-06 14:21:36,459 [INFO] 🔧 Starting global matrix assembly... (Module: assembly, Line: 108)
2025-07-06 14:21:36,462 [DEBUG] Element 0 DOF mapping validated (Module: assembly, Line: 179)
2025-07-06 14:21:36,462 [DEBUG] Element 1 DOF mapping validated (Module: assembly, Line: 179)
2025-07-06 14:21:36,463 [DEBUG] Element 2 DOF mapping validated (Module: assembly, Line: 179)
2025-07-06 14:21:36,464 [DEBUG] Element 3 DOF mapping validated (Module: assembly, Line: 179)
2025-07-06 14:21:36,465 [DEBUG] Element 4 DOF mapping validated (Module: assembly, Line: 179)
2025-07-06 14:21:36,465 [DEBUG] Element 5 DOF mapping validated (Module: assembly, Line: 179)
2025-07-06 14:21:36,466 [DEBUG] Element 6 DOF mapping validated (Module: assembly, Line: 179)
2025-07-06 14:21:36,467 [DEBUG] Element 7 DOF mapping validated (Module: assembly, Line: 179)
2025-07-06 14:21:36,467 [DEBUG] Element 8 DOF mapping validated (Module: assembly, Line: 179)
2025-07-06 14:21:36,468 [DEBUG] Element 9 DOF mapping validated (Module: assembly, Line: 179)
2025-07-06 14:21:36,468 [DEBUG] Element 10 DOF mapping validated (Module: assembly, Line: 179)
2025-07-06 14:21:36,469 [DEBUG] Element 11 DOF mapping validated (Module: assembly, Line: 179)
2025-07-06 14:21:36,469 [DEBUG] Element 12 DOF mapping validated (Module: assembly, Line: 179)
2025-07-06 14:21:36,470 [DEBUG] Element 13 DOF mapping validated (Module: assembly, Line: 179)
2025-07-06 14:21:36,470 [DEBUG] Element 14 DOF mapping validated (Module: assembly, Line: 179)
2025-07-06 14:21:36,471 [DEBUG] Element 15 DOF mapping validated (Module: assembly, Line: 179)
2025-07-06 14:21:36,471 [DEBUG] Element 16 DOF mapping validated (Module: assembly, Line: 179)
2025-07-06 14:21:36,472 [DEBUG] Element 17 DOF mapping validated (Module: assembly, Line: 179)
2025-07-06 14:21:36,472 [DEBUG] Element 18 DOF mapping validated (Module: assembly, Line: 179)
2025-07-06 14:21:36,474 [DEBUG] Element 19 DOF mapping validated (Module: assembly, Line: 179)
2025-07-06 14:21:36,475 [DEBUG] Element 20 DOF mapping validated (Module: assembly, Line: 179)
2025-07-06 14:21:36,476 [DEBUG] Element 21 DOF mapping validated (Module: assembly, Line: 179)
2025-07-06 14:21:36,476 [DEBUG] Element 22 DOF mapping validated (Module: assembly, Line: 179)
2025-07-06 14:21:36,477 [DEBUG] Element 23 DOF mapping validated (Module: assembly, Line: 179)
2025-07-06 14:21:36,477 [DEBUG] Element 24 DOF mapping validated (Module: assembly, Line: 179)
2025-07-06 14:21:36,478 [DEBUG] Element 25 DOF mapping validated (Module: assembly, Line: 179)
2025-07-06 14:21:36,479 [DEBUG] Element 26 DOF mapping validated (Module: assembly, Line: 179)
2025-07-06 14:21:36,479 [DEBUG] Element 27 DOF mapping validated (Module: assembly, Line: 179)
2025-07-06 14:21:36,480 [DEBUG] Element 28 DOF mapping validated (Module: assembly, Line: 179)
2025-07-06 14:21:36,480 [DEBUG] Element 29 DOF mapping validated (Module: assembly, Line: 179)
2025-07-06 14:21:36,481 [DEBUG] Element 30 DOF mapping validated (Module: assembly, Line: 179)
2025-07-06 14:21:36,481 [DEBUG] Element 31 DOF mapping validated (Module: assembly, Line: 179)
2025-07-06 14:21:36,482 [DEBUG] Element 32 DOF mapping validated (Module: assembly, Line: 179)
2025-07-06 14:21:36,482 [DEBUG] Element 33 DOF mapping validated (Module: assembly, Line: 179)
2025-07-06 14:21:36,483 [DEBUG] Element 34 DOF mapping validated (Module: assembly, Line: 179)
2025-07-06 14:21:36,483 [DEBUG] Element 35 DOF mapping validated (Module: assembly, Line: 179)
2025-07-06 14:21:36,484 [DEBUG] Element 36 DOF mapping validated (Module: assembly, Line: 179)
2025-07-06 14:21:36,484 [DEBUG] Element 37 DOF mapping validated (Module: assembly, Line: 179)
2025-07-06 14:21:36,485 [DEBUG] Element 38 DOF mapping validated (Module: assembly, Line: 179)
2025-07-06 14:21:36,485 [DEBUG] Element 39 DOF mapping validated (Module: assembly, Line: 179)
2025-07-06 14:21:36,486 [DEBUG] Element 40 DOF mapping validated (Module: assembly, Line: 179)
2025-07-06 14:21:36,486 [DEBUG] Element 41 DOF mapping validated (Module: assembly, Line: 179)
2025-07-06 14:21:36,487 [DEBUG] Element 42 DOF mapping validated (Module: assembly, Line: 179)
2025-07-06 14:21:36,487 [DEBUG] Element 43 DOF mapping validated (Module: assembly, Line: 179)
2025-07-06 14:21:36,488 [DEBUG] Element 44 DOF mapping validated (Module: assembly, Line: 179)
2025-07-06 14:21:36,488 [DEBUG] Element 45 DOF mapping validated (Module: assembly, Line: 179)
2025-07-06 14:21:36,489 [DEBUG] Element 46 DOF mapping validated (Module: assembly, Line: 179)
2025-07-06 14:21:36,490 [DEBUG] Element 47 DOF mapping validated (Module: assembly, Line: 179)
2025-07-06 14:21:36,491 [DEBUG] Element 48 DOF mapping validated (Module: assembly, Line: 179)
2025-07-06 14:21:36,491 [DEBUG] Element 49 DOF mapping validated (Module: assembly, Line: 179)
2025-07-06 14:21:36,492 [DEBUG] Element 50 DOF mapping validated (Module: assembly, Line: 179)
2025-07-06 14:21:36,493 [DEBUG] Element 51 DOF mapping validated (Module: assembly, Line: 179)
2025-07-06 14:21:36,493 [DEBUG] Element 52 DOF mapping validated (Module: assembly, Line: 179)
2025-07-06 14:21:36,494 [DEBUG] Element 53 DOF mapping validated (Module: assembly, Line: 179)
2025-07-06 14:21:36,495 [DEBUG] Element 54 DOF mapping validated (Module: assembly, Line: 179)
2025-07-06 14:21:36,495 [DEBUG] Element 55 DOF mapping validated (Module: assembly, Line: 179)
2025-07-06 14:21:36,496 [DEBUG] Element 56 DOF mapping validated (Module: assembly, Line: 179)
2025-07-06 14:21:36,496 [DEBUG] Element 57 DOF mapping validated (Module: assembly, Line: 179)
2025-07-06 14:21:36,497 [DEBUG] Element 58 DOF mapping validated (Module: assembly, Line: 179)
2025-07-06 14:21:36,498 [DEBUG] Element 59 DOF mapping validated (Module: assembly, Line: 179)
2025-07-06 14:21:36,498 [DEBUG] Element 60 DOF mapping validated (Module: assembly, Line: 179)
2025-07-06 14:21:36,499 [DEBUG] Element 61 DOF mapping validated (Module: assembly, Line: 179)
2025-07-06 14:21:36,500 [DEBUG] Element 62 DOF mapping validated (Module: assembly, Line: 179)
2025-07-06 14:21:36,500 [DEBUG] Element 63 DOF mapping validated (Module: assembly, Line: 179)
2025-07-06 14:21:36,501 [DEBUG] Element 64 DOF mapping validated (Module: assembly, Line: 179)
2025-07-06 14:21:36,501 [DEBUG] Element 65 DOF mapping validated (Module: assembly, Line: 179)
2025-07-06 14:21:36,502 [DEBUG] Element 66 DOF mapping validated (Module: assembly, Line: 179)
2025-07-06 14:21:36,502 [DEBUG] Element 67 DOF mapping validated (Module: assembly, Line: 179)
2025-07-06 14:21:36,503 [DEBUG] Element 68 DOF mapping validated (Module: assembly, Line: 179)
2025-07-06 14:21:36,504 [DEBUG] Element 69 DOF mapping validated (Module: assembly, Line: 179)
2025-07-06 14:21:36,504 [DEBUG] Element 70 DOF mapping validated (Module: assembly, Line: 179)
2025-07-06 14:21:36,505 [DEBUG] Element 71 DOF mapping validated (Module: assembly, Line: 179)
2025-07-06 14:21:36,506 [DEBUG] Element 72 DOF mapping validated (Module: assembly, Line: 179)
2025-07-06 14:21:36,515 [DEBUG] Element 73 DOF mapping validated (Module: assembly, Line: 179)
2025-07-06 14:21:36,516 [DEBUG] Element 74 DOF mapping validated (Module: assembly, Line: 179)
2025-07-06 14:21:36,516 [DEBUG] Element 75 DOF mapping validated (Module: assembly, Line: 179)
2025-07-06 14:21:36,517 [DEBUG] Element 76 DOF mapping validated (Module: assembly, Line: 179)
2025-07-06 14:21:36,518 [DEBUG] Element 77 DOF mapping validated (Module: assembly, Line: 179)
2025-07-06 14:21:36,518 [DEBUG] Element 78 DOF mapping validated (Module: assembly, Line: 179)
2025-07-06 14:21:36,519 [DEBUG] Element 79 DOF mapping validated (Module: assembly, Line: 179)
2025-07-06 14:21:36,519 [DEBUG] Element 80 DOF mapping validated (Module: assembly, Line: 179)
2025-07-06 14:21:36,520 [DEBUG] Element 81 DOF mapping validated (Module: assembly, Line: 179)
2025-07-06 14:21:36,521 [DEBUG] Element 82 DOF mapping validated (Module: assembly, Line: 179)
2025-07-06 14:21:36,521 [DEBUG] Element 83 DOF mapping validated (Module: assembly, Line: 179)
2025-07-06 14:21:36,522 [DEBUG] Element 84 DOF mapping validated (Module: assembly, Line: 179)
2025-07-06 14:21:36,523 [DEBUG] Element 85 DOF mapping validated (Module: assembly, Line: 179)
2025-07-06 14:21:36,523 [DEBUG] Element 86 DOF mapping validated (Module: assembly, Line: 179)
2025-07-06 14:21:36,523 [DEBUG] Element 87 DOF mapping validated (Module: assembly, Line: 179)
2025-07-06 14:21:36,524 [DEBUG] Element 88 DOF mapping validated (Module: assembly, Line: 179)
2025-07-06 14:21:36,524 [DEBUG] Element 89 DOF mapping validated (Module: assembly, Line: 179)
2025-07-06 14:21:36,525 [DEBUG] Element 90 DOF mapping validated (Module: assembly, Line: 179)
2025-07-06 14:21:36,525 [DEBUG] Element 91 DOF mapping validated (Module: assembly, Line: 179)
2025-07-06 14:21:36,526 [DEBUG] Element 92 DOF mapping validated (Module: assembly, Line: 179)
2025-07-06 14:21:36,526 [DEBUG] Element 93 DOF mapping validated (Module: assembly, Line: 179)
2025-07-06 14:21:36,527 [DEBUG] Element 94 DOF mapping validated (Module: assembly, Line: 179)
2025-07-06 14:21:36,528 [DEBUG] Element 95 DOF mapping validated (Module: assembly, Line: 179)
2025-07-06 14:21:36,528 [DEBUG] Element 96 DOF mapping validated (Module: assembly, Line: 179)
2025-07-06 14:21:36,529 [DEBUG] Element 97 DOF mapping validated (Module: assembly, Line: 179)
2025-07-06 14:21:36,529 [DEBUG] Element 98 DOF mapping validated (Module: assembly, Line: 179)
2025-07-06 14:21:36,530 [DEBUG] Element 99 DOF mapping validated (Module: assembly, Line: 179)
2025-07-06 14:21:36,542 [DEBUG] 
✅ DOF Mappings Summary:
 Element ID                              Local DOF                                                   Global DOF
          0 [0, 1, 2, 3, 4, 5, 6, 7, 8, 9, 10, 11]                       [0, 1, 2, 3, 4, 5, 6, 7, 8, 9, 10, 11]
          1 [0, 1, 2, 3, 4, 5, 6, 7, 8, 9, 10, 11]                 [6, 7, 8, 9, 10, 11, 12, 13, 14, 15, 16, 17]
          2 [0, 1, 2, 3, 4, 5, 6, 7, 8, 9, 10, 11]             [12, 13, 14, 15, 16, 17, 18, 19, 20, 21, 22, 23]
          3 [0, 1, 2, 3, 4, 5, 6, 7, 8, 9, 10, 11]             [18, 19, 20, 21, 22, 23, 24, 25, 26, 27, 28, 29]
          4 [0, 1, 2, 3, 4, 5, 6, 7, 8, 9, 10, 11]             [24, 25, 26, 27, 28, 29, 30, 31, 32, 33, 34, 35]
          5 [0, 1, 2, 3, 4, 5, 6, 7, 8, 9, 10, 11]             [30, 31, 32, 33, 34, 35, 36, 37, 38, 39, 40, 41]
          6 [0, 1, 2, 3, 4, 5, 6, 7, 8, 9, 10, 11]             [36, 37, 38, 39, 40, 41, 42, 43, 44, 45, 46, 47]
          7 [0, 1, 2, 3, 4, 5, 6, 7, 8, 9, 10, 11]             [42, 43, 44, 45, 46, 47, 48, 49, 50, 51, 52, 53]
          8 [0, 1, 2, 3, 4, 5, 6, 7, 8, 9, 10, 11]             [48, 49, 50, 51, 52, 53, 54, 55, 56, 57, 58, 59]
          9 [0, 1, 2, 3, 4, 5, 6, 7, 8, 9, 10, 11]             [54, 55, 56, 57, 58, 59, 60, 61, 62, 63, 64, 65]
         10 [0, 1, 2, 3, 4, 5, 6, 7, 8, 9, 10, 11]             [60, 61, 62, 63, 64, 65, 66, 67, 68, 69, 70, 71]
         11 [0, 1, 2, 3, 4, 5, 6, 7, 8, 9, 10, 11]             [66, 67, 68, 69, 70, 71, 72, 73, 74, 75, 76, 77]
         12 [0, 1, 2, 3, 4, 5, 6, 7, 8, 9, 10, 11]             [72, 73, 74, 75, 76, 77, 78, 79, 80, 81, 82, 83]
         13 [0, 1, 2, 3, 4, 5, 6, 7, 8, 9, 10, 11]             [78, 79, 80, 81, 82, 83, 84, 85, 86, 87, 88, 89]
         14 [0, 1, 2, 3, 4, 5, 6, 7, 8, 9, 10, 11]             [84, 85, 86, 87, 88, 89, 90, 91, 92, 93, 94, 95]
         15 [0, 1, 2, 3, 4, 5, 6, 7, 8, 9, 10, 11]           [90, 91, 92, 93, 94, 95, 96, 97, 98, 99, 100, 101]
         16 [0, 1, 2, 3, 4, 5, 6, 7, 8, 9, 10, 11]     [96, 97, 98, 99, 100, 101, 102, 103, 104, 105, 106, 107]
         17 [0, 1, 2, 3, 4, 5, 6, 7, 8, 9, 10, 11] [102, 103, 104, 105, 106, 107, 108, 109, 110, 111, 112, 113]
         18 [0, 1, 2, 3, 4, 5, 6, 7, 8, 9, 10, 11] [108, 109, 110, 111, 112, 113, 114, 115, 116, 117, 118, 119]
         19 [0, 1, 2, 3, 4, 5, 6, 7, 8, 9, 10, 11] [114, 115, 116, 117, 118, 119, 120, 121, 122, 123, 124, 125]
         20 [0, 1, 2, 3, 4, 5, 6, 7, 8, 9, 10, 11] [120, 121, 122, 123, 124, 125, 126, 127, 128, 129, 130, 131]
         21 [0, 1, 2, 3, 4, 5, 6, 7, 8, 9, 10, 11] [126, 127, 128, 129, 130, 131, 132, 133, 134, 135, 136, 137]
         22 [0, 1, 2, 3, 4, 5, 6, 7, 8, 9, 10, 11] [132, 133, 134, 135, 136, 137, 138, 139, 140, 141, 142, 143]
         23 [0, 1, 2, 3, 4, 5, 6, 7, 8, 9, 10, 11] [138, 139, 140, 141, 142, 143, 144, 145, 146, 147, 148, 149]
         24 [0, 1, 2, 3, 4, 5, 6, 7, 8, 9, 10, 11] [144, 145, 146, 147, 148, 149, 150, 151, 152, 153, 154, 155]
         25 [0, 1, 2, 3, 4, 5, 6, 7, 8, 9, 10, 11] [150, 151, 152, 153, 154, 155, 156, 157, 158, 159, 160, 161]
         26 [0, 1, 2, 3, 4, 5, 6, 7, 8, 9, 10, 11] [156, 157, 158, 159, 160, 161, 162, 163, 164, 165, 166, 167]
         27 [0, 1, 2, 3, 4, 5, 6, 7, 8, 9, 10, 11] [162, 163, 164, 165, 166, 167, 168, 169, 170, 171, 172, 173]
         28 [0, 1, 2, 3, 4, 5, 6, 7, 8, 9, 10, 11] [168, 169, 170, 171, 172, 173, 174, 175, 176, 177, 178, 179]
         29 [0, 1, 2, 3, 4, 5, 6, 7, 8, 9, 10, 11] [174, 175, 176, 177, 178, 179, 180, 181, 182, 183, 184, 185]
         30 [0, 1, 2, 3, 4, 5, 6, 7, 8, 9, 10, 11] [180, 181, 182, 183, 184, 185, 186, 187, 188, 189, 190, 191]
         31 [0, 1, 2, 3, 4, 5, 6, 7, 8, 9, 10, 11] [186, 187, 188, 189, 190, 191, 192, 193, 194, 195, 196, 197]
         32 [0, 1, 2, 3, 4, 5, 6, 7, 8, 9, 10, 11] [192, 193, 194, 195, 196, 197, 198, 199, 200, 201, 202, 203]
         33 [0, 1, 2, 3, 4, 5, 6, 7, 8, 9, 10, 11] [198, 199, 200, 201, 202, 203, 204, 205, 206, 207, 208, 209]
         34 [0, 1, 2, 3, 4, 5, 6, 7, 8, 9, 10, 11] [204, 205, 206, 207, 208, 209, 210, 211, 212, 213, 214, 215]
         35 [0, 1, 2, 3, 4, 5, 6, 7, 8, 9, 10, 11] [210, 211, 212, 213, 214, 215, 216, 217, 218, 219, 220, 221]
         36 [0, 1, 2, 3, 4, 5, 6, 7, 8, 9, 10, 11] [216, 217, 218, 219, 220, 221, 222, 223, 224, 225, 226, 227]
         37 [0, 1, 2, 3, 4, 5, 6, 7, 8, 9, 10, 11] [222, 223, 224, 225, 226, 227, 228, 229, 230, 231, 232, 233]
         38 [0, 1, 2, 3, 4, 5, 6, 7, 8, 9, 10, 11] [228, 229, 230, 231, 232, 233, 234, 235, 236, 237, 238, 239]
         39 [0, 1, 2, 3, 4, 5, 6, 7, 8, 9, 10, 11] [234, 235, 236, 237, 238, 239, 240, 241, 242, 243, 244, 245]
         40 [0, 1, 2, 3, 4, 5, 6, 7, 8, 9, 10, 11] [240, 241, 242, 243, 244, 245, 246, 247, 248, 249, 250, 251]
         41 [0, 1, 2, 3, 4, 5, 6, 7, 8, 9, 10, 11] [246, 247, 248, 249, 250, 251, 252, 253, 254, 255, 256, 257]
         42 [0, 1, 2, 3, 4, 5, 6, 7, 8, 9, 10, 11] [252, 253, 254, 255, 256, 257, 258, 259, 260, 261, 262, 263]
         43 [0, 1, 2, 3, 4, 5, 6, 7, 8, 9, 10, 11] [258, 259, 260, 261, 262, 263, 264, 265, 266, 267, 268, 269]
         44 [0, 1, 2, 3, 4, 5, 6, 7, 8, 9, 10, 11] [264, 265, 266, 267, 268, 269, 270, 271, 272, 273, 274, 275]
         45 [0, 1, 2, 3, 4, 5, 6, 7, 8, 9, 10, 11] [270, 271, 272, 273, 274, 275, 276, 277, 278, 279, 280, 281]
         46 [0, 1, 2, 3, 4, 5, 6, 7, 8, 9, 10, 11] [276, 277, 278, 279, 280, 281, 282, 283, 284, 285, 286, 287]
         47 [0, 1, 2, 3, 4, 5, 6, 7, 8, 9, 10, 11] [282, 283, 284, 285, 286, 287, 288, 289, 290, 291, 292, 293]
         48 [0, 1, 2, 3, 4, 5, 6, 7, 8, 9, 10, 11] [288, 289, 290, 291, 292, 293, 294, 295, 296, 297, 298, 299]
         49 [0, 1, 2, 3, 4, 5, 6, 7, 8, 9, 10, 11] [294, 295, 296, 297, 298, 299, 300, 301, 302, 303, 304, 305]
         50 [0, 1, 2, 3, 4, 5, 6, 7, 8, 9, 10, 11] [300, 301, 302, 303, 304, 305, 306, 307, 308, 309, 310, 311]
         51 [0, 1, 2, 3, 4, 5, 6, 7, 8, 9, 10, 11] [306, 307, 308, 309, 310, 311, 312, 313, 314, 315, 316, 317]
         52 [0, 1, 2, 3, 4, 5, 6, 7, 8, 9, 10, 11] [312, 313, 314, 315, 316, 317, 318, 319, 320, 321, 322, 323]
         53 [0, 1, 2, 3, 4, 5, 6, 7, 8, 9, 10, 11] [318, 319, 320, 321, 322, 323, 324, 325, 326, 327, 328, 329]
         54 [0, 1, 2, 3, 4, 5, 6, 7, 8, 9, 10, 11] [324, 325, 326, 327, 328, 329, 330, 331, 332, 333, 334, 335]
         55 [0, 1, 2, 3, 4, 5, 6, 7, 8, 9, 10, 11] [330, 331, 332, 333, 334, 335, 336, 337, 338, 339, 340, 341]
         56 [0, 1, 2, 3, 4, 5, 6, 7, 8, 9, 10, 11] [336, 337, 338, 339, 340, 341, 342, 343, 344, 345, 346, 347]
         57 [0, 1, 2, 3, 4, 5, 6, 7, 8, 9, 10, 11] [342, 343, 344, 345, 346, 347, 348, 349, 350, 351, 352, 353]
         58 [0, 1, 2, 3, 4, 5, 6, 7, 8, 9, 10, 11] [348, 349, 350, 351, 352, 353, 354, 355, 356, 357, 358, 359]
         59 [0, 1, 2, 3, 4, 5, 6, 7, 8, 9, 10, 11] [354, 355, 356, 357, 358, 359, 360, 361, 362, 363, 364, 365]
         60 [0, 1, 2, 3, 4, 5, 6, 7, 8, 9, 10, 11] [360, 361, 362, 363, 364, 365, 366, 367, 368, 369, 370, 371]
         61 [0, 1, 2, 3, 4, 5, 6, 7, 8, 9, 10, 11] [366, 367, 368, 369, 370, 371, 372, 373, 374, 375, 376, 377]
         62 [0, 1, 2, 3, 4, 5, 6, 7, 8, 9, 10, 11] [372, 373, 374, 375, 376, 377, 378, 379, 380, 381, 382, 383]
         63 [0, 1, 2, 3, 4, 5, 6, 7, 8, 9, 10, 11] [378, 379, 380, 381, 382, 383, 384, 385, 386, 387, 388, 389]
         64 [0, 1, 2, 3, 4, 5, 6, 7, 8, 9, 10, 11] [384, 385, 386, 387, 388, 389, 390, 391, 392, 393, 394, 395]
         65 [0, 1, 2, 3, 4, 5, 6, 7, 8, 9, 10, 11] [390, 391, 392, 393, 394, 395, 396, 397, 398, 399, 400, 401]
         66 [0, 1, 2, 3, 4, 5, 6, 7, 8, 9, 10, 11] [396, 397, 398, 399, 400, 401, 402, 403, 404, 405, 406, 407]
         67 [0, 1, 2, 3, 4, 5, 6, 7, 8, 9, 10, 11] [402, 403, 404, 405, 406, 407, 408, 409, 410, 411, 412, 413]
         68 [0, 1, 2, 3, 4, 5, 6, 7, 8, 9, 10, 11] [408, 409, 410, 411, 412, 413, 414, 415, 416, 417, 418, 419]
         69 [0, 1, 2, 3, 4, 5, 6, 7, 8, 9, 10, 11] [414, 415, 416, 417, 418, 419, 420, 421, 422, 423, 424, 425]
         70 [0, 1, 2, 3, 4, 5, 6, 7, 8, 9, 10, 11] [420, 421, 422, 423, 424, 425, 426, 427, 428, 429, 430, 431]
         71 [0, 1, 2, 3, 4, 5, 6, 7, 8, 9, 10, 11] [426, 427, 428, 429, 430, 431, 432, 433, 434, 435, 436, 437]
         72 [0, 1, 2, 3, 4, 5, 6, 7, 8, 9, 10, 11] [432, 433, 434, 435, 436, 437, 438, 439, 440, 441, 442, 443]
         73 [0, 1, 2, 3, 4, 5, 6, 7, 8, 9, 10, 11] [438, 439, 440, 441, 442, 443, 444, 445, 446, 447, 448, 449]
         74 [0, 1, 2, 3, 4, 5, 6, 7, 8, 9, 10, 11] [444, 445, 446, 447, 448, 449, 450, 451, 452, 453, 454, 455]
         75 [0, 1, 2, 3, 4, 5, 6, 7, 8, 9, 10, 11] [450, 451, 452, 453, 454, 455, 456, 457, 458, 459, 460, 461]
         76 [0, 1, 2, 3, 4, 5, 6, 7, 8, 9, 10, 11] [456, 457, 458, 459, 460, 461, 462, 463, 464, 465, 466, 467]
         77 [0, 1, 2, 3, 4, 5, 6, 7, 8, 9, 10, 11] [462, 463, 464, 465, 466, 467, 468, 469, 470, 471, 472, 473]
         78 [0, 1, 2, 3, 4, 5, 6, 7, 8, 9, 10, 11] [468, 469, 470, 471, 472, 473, 474, 475, 476, 477, 478, 479]
         79 [0, 1, 2, 3, 4, 5, 6, 7, 8, 9, 10, 11] [474, 475, 476, 477, 478, 479, 480, 481, 482, 483, 484, 485]
         80 [0, 1, 2, 3, 4, 5, 6, 7, 8, 9, 10, 11] [480, 481, 482, 483, 484, 485, 486, 487, 488, 489, 490, 491]
         81 [0, 1, 2, 3, 4, 5, 6, 7, 8, 9, 10, 11] [486, 487, 488, 489, 490, 491, 492, 493, 494, 495, 496, 497]
         82 [0, 1, 2, 3, 4, 5, 6, 7, 8, 9, 10, 11] [492, 493, 494, 495, 496, 497, 498, 499, 500, 501, 502, 503]
         83 [0, 1, 2, 3, 4, 5, 6, 7, 8, 9, 10, 11] [498, 499, 500, 501, 502, 503, 504, 505, 506, 507, 508, 509]
         84 [0, 1, 2, 3, 4, 5, 6, 7, 8, 9, 10, 11] [504, 505, 506, 507, 508, 509, 510, 511, 512, 513, 514, 515]
         85 [0, 1, 2, 3, 4, 5, 6, 7, 8, 9, 10, 11] [510, 511, 512, 513, 514, 515, 516, 517, 518, 519, 520, 521]
         86 [0, 1, 2, 3, 4, 5, 6, 7, 8, 9, 10, 11] [516, 517, 518, 519, 520, 521, 522, 523, 524, 525, 526, 527]
         87 [0, 1, 2, 3, 4, 5, 6, 7, 8, 9, 10, 11] [522, 523, 524, 525, 526, 527, 528, 529, 530, 531, 532, 533]
         88 [0, 1, 2, 3, 4, 5, 6, 7, 8, 9, 10, 11] [528, 529, 530, 531, 532, 533, 534, 535, 536, 537, 538, 539]
         89 [0, 1, 2, 3, 4, 5, 6, 7, 8, 9, 10, 11] [534, 535, 536, 537, 538, 539, 540, 541, 542, 543, 544, 545]
         90 [0, 1, 2, 3, 4, 5, 6, 7, 8, 9, 10, 11] [540, 541, 542, 543, 544, 545, 546, 547, 548, 549, 550, 551]
         91 [0, 1, 2, 3, 4, 5, 6, 7, 8, 9, 10, 11] [546, 547, 548, 549, 550, 551, 552, 553, 554, 555, 556, 557]
         92 [0, 1, 2, 3, 4, 5, 6, 7, 8, 9, 10, 11] [552, 553, 554, 555, 556, 557, 558, 559, 560, 561, 562, 563]
         93 [0, 1, 2, 3, 4, 5, 6, 7, 8, 9, 10, 11] [558, 559, 560, 561, 562, 563, 564, 565, 566, 567, 568, 569]
         94 [0, 1, 2, 3, 4, 5, 6, 7, 8, 9, 10, 11] [564, 565, 566, 567, 568, 569, 570, 571, 572, 573, 574, 575]
         95 [0, 1, 2, 3, 4, 5, 6, 7, 8, 9, 10, 11] [570, 571, 572, 573, 574, 575, 576, 577, 578, 579, 580, 581]
         96 [0, 1, 2, 3, 4, 5, 6, 7, 8, 9, 10, 11] [576, 577, 578, 579, 580, 581, 582, 583, 584, 585, 586, 587]
         97 [0, 1, 2, 3, 4, 5, 6, 7, 8, 9, 10, 11] [582, 583, 584, 585, 586, 587, 588, 589, 590, 591, 592, 593]
         98 [0, 1, 2, 3, 4, 5, 6, 7, 8, 9, 10, 11] [588, 589, 590, 591, 592, 593, 594, 595, 596, 597, 598, 599]
         99 [0, 1, 2, 3, 4, 5, 6, 7, 8, 9, 10, 11] [594, 595, 596, 597, 598, 599, 600, 601, 602, 603, 604, 605] (Module: assembly, Line: 199)
2025-07-06 14:21:36,562 [INFO] 🗂️ DOF mapping saved to: \\mull.sms.ed.ac.uk\home\s1834431\Win7\Desktop\fem_model\post_processing\results\job_0001_2025-07-06_14-21-27-458983_pid34956_19e0033e\maps\01_assembly_map.csv (Module: assembly, Line: 209)
2025-07-06 14:21:36,569 [INFO] 🧾 System Info:
  Total DOFs: 606
  Number of elements: 100
  Symmetry tolerance: 1.0e-08 (Module: assembly, Line: 337)
2025-07-06 14:21:36,573 [INFO] ✅ Stiffness matrix assembled (Module: assembly, Line: 241)
2025-07-06 14:21:36,574 [INFO] ✅ Force vector assembled (Module: assembly, Line: 270)
2025-07-06 14:21:36,584 [INFO] Global Stiffness Matrix:
  Non-zero entries: 3010
  Symmetry: False
  Norm: 6.297e+16 (Module: assembly, Line: 357)
2025-07-06 14:21:36,600 [DEBUG] 
Stiffness Matrix Sample (COO):
 Row  Col       K Value
 368  368  4.480022e+15
  74   74  4.480022e+15
 240  240  4.000000e+11
 451  451  1.120022e+15
 509  503  1.333360e+14
 515  505  2.400048e+14
  98  104 -2.240011e+15
  63   63  1.313076e+08
 274  280  5.333360e+14
  25   35  2.400048e+14
 542  542  4.480022e+15
 598  596 -3.200016e+14
 324  318 -2.000000e+11
 361  355 -5.600112e+14
  45   51 -6.565378e+07
 102  102  4.000000e+11
  61   61  1.120022e+15
 125  121  8.000160e+13
 316  314 -3.200016e+14
 196  190  5.333360e+14
 296  304 -9.600048e+14
 400  392 -9.600048e+14
 273  279 -6.565378e+07
 168  168  4.000000e+11
 500  506 -2.240011e+15
 466  472  5.333360e+14
 238  244  5.333360e+14
 511  517 -5.600112e+14
 512  518 -2.240011e+15
 191  181  2.400048e+14
 277  281  8.000160e+13
 440  446 -2.240011e+15
 530  526  1.280006e+15
 292  284 -9.600048e+14
 358  352  5.333360e+14
 515  517 -3.200064e+14
 179  175  8.000160e+13
 443  433  2.400048e+14
 438  438  4.000000e+11
   6   12 -2.000000e+11
 268  260 -9.600048e+14
 431  431  2.933392e+14
 122  122  4.480022e+15
 130  130  1.173339e+15
 316  316  1.173339e+15
  41   35  1.333360e+14
 476  478 -3.200016e+14
   8    4  1.280006e+15
 115  121 -5.600112e+14
 481  475 -5.600112e+14
 146  142  1.280006e+15
 232  232  1.173339e+15
 160  166  5.333360e+14
 536  532  1.280006e+15
 201  195 -6.565378e+07
 107  113  1.333360e+14
 524  532 -9.600048e+14
 194  194  4.480022e+15
 458  452 -2.240011e+15
 377  379 -3.200064e+14
 463  467  8.000160e+13
  20   22 -3.200016e+14
 175  185  2.400048e+14
 341  341  2.933392e+14
 452  460 -9.600048e+14
 307  301 -5.600112e+14
 132  138 -2.000000e+11
 238  236 -3.200016e+14
  52   58  5.333360e+14
  98  100 -3.200016e+14
 401  401  2.933392e+14
  55   49 -5.600112e+14
 524  524  4.480022e+15
 428  434 -2.240011e+15
 461  467  1.333360e+14
 275  277 -3.200064e+14
 359  353  1.333360e+14
 389  395  1.333360e+14
 158  164 -2.240011e+15
 232  224 -9.600048e+14
  23   13  2.400048e+14
 542  536 -2.240011e+15
 169  179  2.400048e+14
 247  247  1.120022e+15
 557  559 -3.200064e+14
 381  375 -6.565378e+07
 569  565  8.000160e+13
 322  322  1.173339e+15
 190  182 -9.600048e+14
 277  283 -5.600112e+14
 257  251  1.333360e+14
 554  554  4.480022e+15
 224  218 -2.240011e+15
 284  280  1.280006e+15
 437  439 -3.200064e+14
 112  118  5.333360e+14
 311  313 -3.200064e+14
 126  126  4.000000e+11
 530  538 -9.600048e+14
 572  568  1.280006e+15
 116  118 -3.200016e+14
 562  554 -9.600048e+14
 503  503  2.933392e+14
 388  382  5.333360e+14
  85   95  2.400048e+14
 175  181 -5.600112e+14
 505  511 -5.600112e+14
 240  234 -2.000000e+11
 203  197  1.333360e+14
 296  302 -2.240011e+15
 304  304  1.173339e+15
 297  297  1.313076e+08
   3    3  6.565378e+07
 117  111 -6.565378e+07
 491  481  2.400048e+14
 409  419  2.400048e+14
 284  286 -3.200016e+14
 184  178  5.333360e+14
 133  131 -3.200064e+14
 306  306  4.000000e+11
 516  510 -2.000000e+11
  96  102 -2.000000e+11
 394  398  1.280006e+15
  25   31 -5.600112e+14
 411  417 -6.565378e+07
 197  203  1.333360e+14
 416  422 -2.240011e+15
 466  458 -9.600048e+14
 491  493 -3.200064e+14
 188  196 -9.600048e+14
 604  598  5.333360e+14
  33   33  1.313076e+08
 108  108  4.000000e+11
 596  604 -9.600048e+14
 517  517  1.120022e+15
 600  594 -2.000000e+11
  89   85  8.000160e+13
 563  563  2.933392e+14
 339  345 -6.565378e+07
 353  353  2.933392e+14
 142  146  1.280006e+15
 185  175  2.400048e+14
 314  310  1.280006e+15
 455  455  2.933392e+14
 458  466 -9.600048e+14
 299  295  8.000160e+13
 495  495  1.313076e+08
 125  127 -3.200064e+14
 116  110 -2.240011e+15
 496  490  5.333360e+14
 211  209 -3.200064e+14
 449  451 -3.200064e+14
 478  478  1.173339e+15
  79   79  1.120022e+15
 151  145 -5.600112e+14
 167  161  1.333360e+14
 223  227  8.000160e+13
  68   74 -2.240011e+15
 329  329  2.933392e+14
 438  432 -2.000000e+11
  11   17  1.333360e+14
 361  371  2.400048e+14
 517  515 -3.200064e+14
 215  217 -3.200064e+14
 210  216 -2.000000e+11
  99   93 -6.565378e+07
 569  559  2.400048e+14
  61   71  2.400048e+14
 514  512 -3.200016e+14
 324  330 -2.000000e+11
 386  388 -3.200016e+14
   8   14 -2.240011e+15
 578  584 -2.240011e+15
 498  492 -2.000000e+11
 138  144 -2.000000e+11
 116  112  1.280006e+15
  47   47  2.933392e+14
 367  365 -3.200064e+14
  64   64  1.173339e+15
 556  554 -3.200016e+14
 197  197  2.933392e+14
 547  551  8.000160e+13
 152  152  4.480022e+15
 218  226 -9.600048e+14
 532  532  1.173339e+15
 187  181 -5.600112e+14
 352  346  5.333360e+14
 214  220  5.333360e+14
 487  493 -5.600112e+14
 476  484 -9.600048e+14
 264  264  4.000000e+11
 451  455  8.000160e+13
 467  461  1.333360e+14
 544  550  5.333360e+14
 178  176 -3.200016e+14
  47   37  2.400048e+14
 370  368 -3.200016e+14
   7    1 -5.600112e+14
 423  423  1.313076e+08
 536  538 -3.200016e+14
 111  105 -6.565378e+07
 188  194 -2.240011e+15
 413  413  2.933392e+14
 192  192  4.000000e+11
 281  287  1.333360e+14
  29   31 -3.200064e+14
 414  414  4.000000e+11
 251  241  2.400048e+14
 214  208  5.333360e+14
 381  387 -6.565378e+07
 602  602  2.240011e+15
 373  367 -5.600112e+14
  72   78 -2.000000e+11
 205  199 -5.600112e+14
 194  196 -3.200016e+14
 215  209  1.333360e+14
 317  317  2.933392e+14
 483  489 -6.565378e+07
 547  545 -3.200064e+14
  52   56  1.280006e+15
 212  206 -2.240011e+15
 454  460  5.333360e+14
  38   40 -3.200016e+14
 424  418  5.333360e+14
 562  568  5.333360e+14
 413  407  1.333360e+14
 209  209  2.933392e+14
 343  353  2.400048e+14
 602  596 -2.240011e+15
  94   94  1.173339e+15
 605  605  1.066688e+14
 461  461  2.933392e+14
 262  262  1.173339e+15
 110  116 -2.240011e+15
 218  218  4.480022e+15
 286  292  5.333360e+14
  63   57 -6.565378e+07
 118  110 -9.600048e+14
 481  485  8.000160e+13
 571  571  1.120022e+15
 345  339 -6.565378e+07
 554  550  1.280006e+15
 193  187 -5.600112e+14
  78   72 -2.000000e+11
 351  351  1.313076e+08
 125  119  1.333360e+14
 391  389 -3.200064e+14
 354  354  4.000000e+11
 340  346  5.333360e+14
 203  209  1.333360e+14
 548  544  1.280006e+15
 380  388 -9.600048e+14
 327  321 -6.565378e+07
 592  592  1.173339e+15
 178  172  5.333360e+14
 367  367  1.120022e+15
 473  475 -3.200064e+14
  40   34  5.333360e+14
 410  410  4.480022e+15
 295  295  1.120022e+15
 414  408 -2.000000e+11
 506  508 -3.200016e+14
 189  189  1.313076e+08
 467  469 -3.200064e+14
 262  266  1.280006e+15
  84   78 -2.000000e+11
 538  532  5.333360e+14
 491  491  2.933392e+14
  52   44 -9.600048e+14
  16   14 -3.200016e+14
 475  485  2.400048e+14
   4   10  5.333360e+14
 130  136  5.333360e+14
  38   32 -2.240011e+15
 320  326 -2.240011e+15
 266  274 -9.600048e+14
 226  230  1.280006e+15
 490  482 -9.600048e+14
 467  473  1.333360e+14
 253  257  8.000160e+13
 211  217 -5.600112e+14
 202  194 -9.600048e+14
 136  140  1.280006e+15
  65   61  8.000160e+13
 442  440 -3.200016e+14
 468  474 -2.000000e+11
 118  122  1.280006e+15
 157  157  1.120022e+15
 393  387 -6.565378e+07
 166  164 -3.200016e+14
 396  402 -2.000000e+11
 254  262 -9.600048e+14
 347  337  2.400048e+14
 101   97  8.000160e+13
 410  418 -9.600048e+14
 490  496  5.333360e+14
 160  160  1.173339e+15
 211  205 -5.600112e+14
  65   65  2.933392e+14
 343  337 -5.600112e+14
 172  170 -3.200016e+14
 119  119  2.933392e+14
 267  273 -6.565378e+07
 496  500  1.280006e+15
 555  555  1.313076e+08
 239  229  2.400048e+14
  26   34 -9.600048e+14
  57   57  1.313076e+08
 217  215 -3.200064e+14
 507  513 -6.565378e+07
 546  540 -2.000000e+11
 292  286  5.333360e+14
 221  211  2.400048e+14
 401  403 -3.200064e+14
 143  133  2.400048e+14
 373  377  8.000160e+13
 585  579 -6.565378e+07
 268  266 -3.200016e+14
 265  275  2.400048e+14
 456  450 -2.000000e+11
 524  526 -3.200016e+14
 453  447 -6.565378e+07
 523  527  8.000160e+13
 336  330 -2.000000e+11
  40   44  1.280006e+15
 454  446 -9.600048e+14
 371  367  8.000160e+13
   2   10 -9.600048e+14
 181  185  8.000160e+13
 318  318  4.000000e+11
 415  413 -3.200064e+14
 137  131  1.333360e+14
 246  252 -2.000000e+11
 584  584  4.480022e+15
  16   10  5.333360e+14
 391  385 -5.600112e+14
 139  145 -5.600112e+14
 262  260 -3.200016e+14
 508  506 -3.200016e+14
 445  445  1.120022e+15
 499  499  1.120022e+15
 547  553 -5.600112e+14
 158  152 -2.240011e+15
 545  545  2.933392e+14
 157  161  8.000160e+13
 389  383  1.333360e+14
 355  355  1.120022e+15
 242  236 -2.240011e+15
  53   59  1.333360e+14
 196  196  1.173339e+15
 100   94  5.333360e+14
  41   37  8.000160e+13
 576  570 -2.000000e+11
 517  511 -5.600112e+14
 320  322 -3.200016e+14
 535  541 -5.600112e+14
 594  600 -2.000000e+11
 404  406 -3.200016e+14
 568  560 -9.600048e+14
 104  112 -9.600048e+14
 172  166  5.333360e+14
 313  311 -3.200064e+14
  62   64 -3.200016e+14
 416  418 -3.200016e+14
 127  137  2.400048e+14
  31   41  2.400048e+14
 593  599  1.333360e+14
 364  364  1.173339e+15
 248  244  1.280006e+15
 502  496  5.333360e+14
 109  113  8.000160e+13
 497  493  8.000160e+13
  70   62 -9.600048e+14
  47   49 -3.200064e+14
 229  239  2.400048e+14
 404  412 -9.600048e+14
 565  559 -5.600112e+14
  60   54 -2.000000e+11
 206  212 -2.240011e+15
 331  337 -5.600112e+14
 448  446 -3.200016e+14
 415  415  1.120022e+15
 516  522 -2.000000e+11
  49   49  1.120022e+15
 131  133 -3.200064e+14
  66   72 -2.000000e+11
 284  292 -9.600048e+14
 189  183 -6.565378e+07
 134  140 -2.240011e+15
 207  201 -6.565378e+07
 114  120 -2.000000e+11
 556  556  1.173339e+15
  98   94  1.280006e+15
 405  411 -6.565378e+07
  29   29  2.933392e+14
  95   89  1.333360e+14
 277  275 -3.200064e+14
 368  364  1.280006e+15
 254  254  4.480022e+15
 260  266 -2.240011e+15
 412  418  5.333360e+14
 335  329  1.333360e+14
 369  369  1.313076e+08
 249  249  1.313076e+08
 560  568 -9.600048e+14
  82   76  5.333360e+14
 221  215  1.333360e+14
 331  335  8.000160e+13
  51   45 -6.565378e+07
  49   47 -3.200064e+14
  50   52 -3.200016e+14
 424  416 -9.600048e+14
 526  530  1.280006e+15
 370  364  5.333360e+14
 186  186  4.000000e+11
 217  227  2.400048e+14
 428  424  1.280006e+15
 137  127  2.400048e+14
 239  239  2.933392e+14
 205  203 -3.200064e+14
 564  570 -2.000000e+11
 247  245 -3.200064e+14
 481  479 -3.200064e+14
 122  116 -2.240011e+15
 355  353 -3.200064e+14
 115  115  1.120022e+15
  13    7 -5.600112e+14
 539  545  1.333360e+14
 128  136 -9.600048e+14
 250  248 -3.200016e+14
 111  117 -6.565378e+07
 457  463 -5.600112e+14
 293  287  1.333360e+14
 253  253  1.120022e+15
 486  486  4.000000e+11
 545  541  8.000160e+13
 422  424 -3.200016e+14
  91   95  8.000160e+13
 353  355 -3.200064e+14
 200  206 -2.240011e+15
 122  118  1.280006e+15
 533  529  8.000160e+13
 349  353  8.000160e+13
 205  211 -5.600112e+14
  68   70 -3.200016e+14
 223  233  2.400048e+14
 602  598  1.280006e+15
 473  479  1.333360e+14
 552  558 -2.000000e+11
  66   60 -2.000000e+11
 229  233  8.000160e+13
 437  431  1.333360e+14
 538  544  5.333360e+14
 540  546 -2.000000e+11
 202  208  5.333360e+14
 314  322 -9.600048e+14
 103   97 -5.600112e+14
  94  100  5.333360e+14
 301  301  1.120022e+15
 178  170 -9.600048e+14
  22   14 -9.600048e+14
 201  207 -6.565378e+07
 510  510  4.000000e+11
 311  311  2.933392e+14
  10    8 -3.200016e+14
  61   65  8.000160e+13
 344  346 -3.200016e+14
 107  107  2.933392e+14
  42   48 -2.000000e+11
 109  119  2.400048e+14
 383  379  8.000160e+13
  86   88 -3.200016e+14
  92  100 -9.600048e+14
 266  272 -2.240011e+15
 503  509  1.333360e+14
 431  421  2.400048e+14
 185  187 -3.200064e+14
 250  242 -9.600048e+14
 550  548 -3.200016e+14
 407  413  1.333360e+14
 416  424 -9.600048e+14
 208  212  1.280006e+15
 155  151  8.000160e+13
 256  262  5.333360e+14
 137  139 -3.200064e+14
 495  489 -6.565378e+07
 299  305  1.333360e+14
 323  313  2.400048e+14
  73   67 -5.600112e+14
 244  244  1.173339e+15
 198  204 -2.000000e+11
 220  226  5.333360e+14
 440  442 -3.200016e+14
  81   81  1.313076e+08
  35   41  1.333360e+14
  17   13  8.000160e+13
 551  551  2.933392e+14
 484  490  5.333360e+14
 601  595 -5.600112e+14
 522  522  4.000000e+11
  59   65  1.333360e+14
 439  433 -5.600112e+14
 139  139  1.120022e+15
 274  278  1.280006e+15
 370  376  5.333360e+14
 503  497  1.333360e+14
 259  253 -5.600112e+14
 508  512  1.280006e+15
 249  255 -6.565378e+07
 436  428 -9.600048e+14
 276  270 -2.000000e+11
 397  395 -3.200064e+14
 421  419 -3.200064e+14
 577  577  1.120022e+15
 490  484  5.333360e+14
 195  195  1.313076e+08
 476  470 -2.240011e+15
 234  228 -2.000000e+11
 474  468 -2.000000e+11
 584  578 -2.240011e+15
 523  521 -3.200064e+14
 139  143  8.000160e+13
 349  349  1.120022e+15
 100  100  1.173339e+15
 331  325 -5.600112e+14
 260  256  1.280006e+15
  71   77  1.333360e+14
 288  282 -2.000000e+11
 469  463 -5.600112e+14
 245  245  2.933392e+14
 271  277 -5.600112e+14
  11    1  2.400048e+14
 130  122 -9.600048e+14
 425  415  2.400048e+14
 594  594  4.000000e+11
 100  106  5.333360e+14
 332  332  4.480022e+15
 262  268  5.333360e+14
  25   19 -5.600112e+14
 493  487 -5.600112e+14
 100   92 -9.600048e+14
 556  548 -9.600048e+14
 424  430  5.333360e+14
 213  213  1.313076e+08
 102  108 -2.000000e+11
  82   74 -9.600048e+14
 561  561  1.313076e+08
 557  563  1.333360e+14
 256  250  5.333360e+14
   4    8  1.280006e+15
 271  265 -5.600112e+14
 550  542 -9.600048e+14
 331  341  2.400048e+14
 507  507  1.313076e+08
 184  190  5.333360e+14
  67   71  8.000160e+13
 145  149  8.000160e+13
 183  183  1.313076e+08
 300  294 -2.000000e+11
 482  478  1.280006e+15
 180  174 -2.000000e+11
 481  481  1.120022e+15
 380  386 -2.240011e+15
 199  209  2.400048e+14
 147  153 -6.565378e+07
 353  349  8.000160e+13
  93   99 -6.565378e+07
 356  362 -2.240011e+15
  87   93 -6.565378e+07
 427  427  1.120022e+15
 224  220  1.280006e+15
  71   67  8.000160e+13
 278  274  1.280006e+15
  30   30  4.000000e+11
 302  310 -9.600048e+14
 268  272  1.280006e+15
 148  140 -9.600048e+14
 146  152 -2.240011e+15
 133  133  1.120022e+15
 344  352 -9.600048e+14
 103  109 -5.600112e+14
 178  182  1.280006e+15
 165  171 -6.565378e+07
 269  259  2.400048e+14
 257  253  8.000160e+13
  37   37  1.120022e+15
  26   26  4.480022e+15
 571  575  8.000160e+13
 494  488 -2.240011e+15
 521  523 -3.200064e+14
 134  134  4.480022e+15
 115  119  8.000160e+13
 113  115 -3.200064e+14
  43   47  8.000160e+13
 494  502 -9.600048e+14
 356  364 -9.600048e+14
 341  337  8.000160e+13
 402  396 -2.000000e+11
 170  170  4.480022e+15
 200  200  4.480022e+15
 420  426 -2.000000e+11
 182  178  1.280006e+15
 589  583 -5.600112e+14
  29   23  1.333360e+14
  14   22 -9.600048e+14
 553  557  8.000160e+13
 142  142  1.173339e+15
 553  551 -3.200064e+14
 457  457  1.120022e+15
 373  379 -5.600112e+14
 404  400  1.280006e+15
  97  101  8.000160e+13
 488  484  1.280006e+15
 258  258  4.000000e+11
 267  267  1.313076e+08
 151  155  8.000160e+13
  56   56  4.480022e+15
 554  560 -2.240011e+15
  76   70  5.333360e+14
 536  542 -2.240011e+15
 227  227  2.933392e+14
 248  250 -3.200016e+14
 326  326  4.480022e+15
 295  293 -3.200064e+14
 155  157 -3.200064e+14
 305  311  1.333360e+14
 139  149  2.400048e+14
  23   29  1.333360e+14
 445  455  2.400048e+14
 593  583  2.400048e+14
 256  256  1.173339e+15
 161  151  2.400048e+14
 499  503  8.000160e+13
 248  248  4.480022e+15
 440  434 -2.240011e+15
 181  181  1.120022e+15
  26   20 -2.240011e+15
 605  601 -2.400048e+14
 403  401 -3.200064e+14
 442  448  5.333360e+14
 303  297 -6.565378e+07
 527  517  2.400048e+14
 287  287  2.933392e+14
 436  434 -3.200016e+14
 540  534 -2.000000e+11
 497  499 -3.200064e+14
 151  151  1.120022e+15
 241  245  8.000160e+13
  45   39 -6.565378e+07
 484  478  5.333360e+14
 294  300 -2.000000e+11
  80   82 -3.200016e+14
   7   13 -5.600112e+14
 199  193 -5.600112e+14
 341  335  1.333360e+14
  97  107  2.400048e+14
 146  140 -2.240011e+15
 484  488  1.280006e+15
 374  382 -9.600048e+14
 397  403 -5.600112e+14
 140  142 -3.200016e+14
 241  247 -5.600112e+14
 194  200 -2.240011e+15
 465  471 -6.565378e+07
 125  131  1.333360e+14
 139  133 -5.600112e+14
 442  434 -9.600048e+14
 144  144  4.000000e+11
 478  470 -9.600048e+14
 392  394 -3.200016e+14
 187  185 -3.200064e+14
 288  294 -2.000000e+11
 527  521  1.333360e+14
 115  109 -5.600112e+14
 384  390 -2.000000e+11
 530  536 -2.240011e+15
 472  466  5.333360e+14
  40   32 -9.600048e+14
 279  273 -6.565378e+07
 464  466 -3.200016e+14
 379  385 -5.600112e+14
 183  177 -6.565378e+07
 154  158  1.280006e+15
 469  473  8.000160e+13
 254  256 -3.200016e+14
 566  566  4.480022e+15
 226  218 -9.600048e+14
 227  233  1.333360e+14
 205  205  1.120022e+15
 432  432  4.000000e+11
 121  127 -5.600112e+14
  65   55  2.400048e+14
 193  203  2.400048e+14
   9   15 -6.565378e+07
  87   81 -6.565378e+07
 144  150 -2.000000e+11
 545  547 -3.200064e+14
 300  300  4.000000e+11
 146  148 -3.200016e+14
 503  505 -3.200064e+14
 171  177 -6.565378e+07
  62   56 -2.240011e+15
  91   85 -5.600112e+14
 224  232 -9.600048e+14
 579  579  1.313076e+08
 121  125  8.000160e+13
 281  281  2.933392e+14
 344  338 -2.240011e+15
 412  406  5.333360e+14
 135  141 -6.565378e+07
 231  237 -6.565378e+07
 589  593  8.000160e+13
 111  111  1.313076e+08
 460  452 -9.600048e+14
 337  347  2.400048e+14
 449  439  2.400048e+14
 135  135  1.313076e+08
 484  484  1.173339e+15
 253  251 -3.200064e+14
 216  210 -2.000000e+11
 281  277  8.000160e+13
  40   40  1.173339e+15
 586  580  5.333360e+14
 455  451  8.000160e+13
 242  248 -2.240011e+15
 106   98 -9.600048e+14
 320  316  1.280006e+15
 549  549  1.313076e+08
 184  188  1.280006e+15
  47   53  1.333360e+14
  72   72  4.000000e+11
 182  176 -2.240011e+15
 502  500 -3.200016e+14
 284  284  4.480022e+15
 329  335  1.333360e+14
 115  113 -3.200064e+14
 318  312 -2.000000e+11
 515  515  2.933392e+14
 463  473  2.400048e+14
 163  167  8.000160e+13
  83   77  1.333360e+14
 209  211 -3.200064e+14
  13   19 -5.600112e+14
 452  454 -3.200016e+14
 148  148  1.173339e+15
 164  166 -3.200016e+14
 536  544 -9.600048e+14
  49   59  2.400048e+14
 392  386 -2.240011e+15
 580  580  1.173339e+15
 325  335  2.400048e+14
 313  313  1.120022e+15
  82   86  1.280006e+15
 218  224 -2.240011e+15
 455  457 -3.200064e+14
 169  173  8.000160e+13
 167  163  8.000160e+13
 136  134 -3.200016e+14
 359  349  2.400048e+14
  92   94 -3.200016e+14
 407  407  2.933392e+14
 553  563  2.400048e+14
 574  574  1.173339e+15
 544  538  5.333360e+14
 308  314 -2.240011e+15
  99  105 -6.565378e+07
 417  411 -6.565378e+07
 395  385  2.400048e+14
  89   91 -3.200064e+14
 151  161  2.400048e+14
  50   58 -9.600048e+14
 124  118  5.333360e+14
 448  448  1.173339e+15
 445  449  8.000160e+13
 279  279  1.313076e+08
 293  295 -3.200064e+14
 419  421 -3.200064e+14
 279  285 -6.565378e+07
 295  289 -5.600112e+14
  68   64  1.280006e+15
 259  265 -5.600112e+14
 388  380 -9.600048e+14
 222  222  4.000000e+11
  87   87  1.313076e+08
 349  355 -5.600112e+14
 575  571  8.000160e+13
 233  235 -3.200064e+14
 172  176  1.280006e+15
 210  210  4.000000e+11
 105  111 -6.565378e+07
 157  167  2.400048e+14
 422  418  1.280006e+15
 577  575 -3.200064e+14
 541  551  2.400048e+14
 212  214 -3.200016e+14
 118  118  1.173339e+15
  94   88  5.333360e+14
 221  227  1.333360e+14
  62   68 -2.240011e+15
  28   32  1.280006e+15
 490  494  1.280006e+15
 272  266 -2.240011e+15
 107  103  8.000160e+13
 324  324  4.000000e+11
 581  571  2.400048e+14
  31   29 -3.200064e+14
 361  359 -3.200064e+14
 358  364  5.333360e+14
 602  604  9.600048e+14
  43   41 -3.200064e+14
  10   10  1.173339e+15
 575  569  1.333360e+14
 198  198  4.000000e+11
 470  472 -3.200016e+14
 409  415 -5.600112e+14
 200  194 -2.240011e+15
 587  593  1.333360e+14
 457  461  8.000160e+13
   1    7 -5.600112e+14
 476  472  1.280006e+15
 523  533  2.400048e+14
 470  476 -2.240011e+15
 259  257 -3.200064e+14
 443  443  2.933392e+14
 572  566 -2.240011e+15
 599  589  2.400048e+14
 202  206  1.280006e+15
 219  219  1.313076e+08
  80   76  1.280006e+15
 274  268  5.333360e+14
 265  259 -5.600112e+14
 510  504 -2.000000e+11
  52   52  1.173339e+15
 379  377 -3.200064e+14
  73   79 -5.600112e+14
 551  547  8.000160e+13
 233  233  2.933392e+14
 190  196  5.333360e+14
 532  526  5.333360e+14
 585  591 -6.565378e+07
 107  109 -3.200064e+14
  48   54 -2.000000e+11
 124  122 -3.200016e+14
 292  296  1.280006e+15
 178  184  5.333360e+14
 221  223 -3.200064e+14
 559  559  1.120022e+15
 133  127 -5.600112e+14
 158  158  4.480022e+15
 294  288 -2.000000e+11
 360  360  4.000000e+11
 137  133  8.000160e+13
 249  243 -6.565378e+07
 342  336 -2.000000e+11
 292  298  5.333360e+14
 174  174  4.000000e+11
 154  146 -9.600048e+14
 433  443  2.400048e+14
 360  354 -2.000000e+11
 419  413  1.333360e+14
 181  191  2.400048e+14
 587  577  2.400048e+14
 288  288  4.000000e+11
 322  326  1.280006e+15
 506  514 -9.600048e+14
 589  599  2.400048e+14
 213  207 -6.565378e+07
 255  261 -6.565378e+07
 409  409  1.120022e+15
 311  317  1.333360e+14
 129  129  1.313076e+08
 176  184 -9.600048e+14
 158  166 -9.600048e+14
 106  110  1.280006e+15
  58   64  5.333360e+14
 277  271 -5.600112e+14
 545  535  2.400048e+14
 597  603 -6.565378e+07
 187  193 -5.600112e+14
 184  182 -3.200016e+14
 430  436  5.333360e+14
 275  265  2.400048e+14
 448  454  5.333360e+14
 329  325  8.000160e+13
 236  244 -9.600048e+14
 583  577 -5.600112e+14
 599  605  1.333360e+14
 410  416 -2.240011e+15
  31   31  1.120022e+15
 404  410 -2.240011e+15
 493  499 -5.600112e+14
 256  254 -3.200016e+14
 251  247  8.000160e+13
 328  334  5.333360e+14
  34   38  1.280006e+15
 530  530  4.480022e+15
 230  224 -2.240011e+15
 332  340 -9.600048e+14
 358  356 -3.200016e+14
 557  553  8.000160e+13
 466  466  1.173339e+15
  74   68 -2.240011e+15
 219  225 -6.565378e+07
 180  180  4.000000e+11
  99   99  1.313076e+08
 529  539  2.400048e+14
 568  562  5.333360e+14
 563  569  1.333360e+14
 400  400  1.173339e+15
 397  401  8.000160e+13
  77   83  1.333360e+14
 412  416  1.280006e+15
 500  494 -2.240011e+15
 302  308 -2.240011e+15
 337  337  1.120022e+15
 153  159 -6.565378e+07
  10    4  5.333360e+14
 212  212  4.480022e+15
 230  226  1.280006e+15
 491  497  1.333360e+14
 419  419  2.933392e+14
 577  583 -5.600112e+14
 218  212 -2.240011e+15
 406  400  5.333360e+14
 258  252 -2.000000e+11
 408  402 -2.000000e+11
 598  602  1.280006e+15
  14    8 -2.240011e+15
 435  429 -6.565378e+07
 560  566 -2.240011e+15
 234  234  4.000000e+11
  85   83 -3.200064e+14
 155  145  2.400048e+14
 528  534 -2.000000e+11
 391  397 -5.600112e+14
 207  213 -6.565378e+07
 460  460  1.173339e+15
 446  454 -9.600048e+14
 319  325 -5.600112e+14
 250  244  5.333360e+14
 421  421  1.120022e+15
 302  296 -2.240011e+15
 379  383  8.000160e+13
 440  448 -9.600048e+14
  90   84 -2.000000e+11
 528  528  4.000000e+11
  97  103 -5.600112e+14
 575  577 -3.200064e+14
 544  542 -3.200016e+14
 506  502  1.280006e+15
 348  354 -2.000000e+11
 145  145  1.120022e+15
 385  383 -3.200064e+14
 349  343 -5.600112e+14
 433  433  1.120022e+15
 528  522 -2.000000e+11
 376  380  1.280006e+15
 527  533  1.333360e+14
   2    2  2.240011e+15
 372  372  4.000000e+11
 379  389  2.400048e+14
 170  166  1.280006e+15
 452  446 -2.240011e+15
 589  595 -5.600112e+14
  27   21 -6.565378e+07
 395  397 -3.200064e+14
 258  264 -2.000000e+11
 581  575  1.333360e+14
 143  145 -3.200064e+14
 239  233  1.333360e+14
 244  248  1.280006e+15
  80   80  4.480022e+15
 517  521  8.000160e+13
  46   44 -3.200016e+14
 350  344 -2.240011e+15
 304  308  1.280006e+15
   5    5  1.866704e+14
  13   23  2.400048e+14
 115  125  2.400048e+14
 362  362  4.480022e+15
 448  442  5.333360e+14
 463  469 -5.600112e+14
 189  195 -6.565378e+07
 427  425 -3.200064e+14
  84   84  4.000000e+11
 142  148  5.333360e+14
 514  514  1.173339e+15
  54   54  4.000000e+11
 375  375  1.313076e+08
 532  538  5.333360e+14
 335  331  8.000160e+13
  56   50 -2.240011e+15
 526  524 -3.200016e+14
  32   26 -2.240011e+15
  23   23  2.933392e+14
 355  349 -5.600112e+14
 217  223 -5.600112e+14
 308  304  1.280006e+15
 298  290 -9.600048e+14
   0    6 -2.000000e+11 (Module: assembly, Line: 377)
2025-07-06 14:21:36,622 [INFO] 💾 Global stiffness matrix saved to: \\mull.sms.ed.ac.uk\home\s1834431\Win7\Desktop\fem_model\post_processing\results\job_0001_2025-07-06_14-21-27-458983_pid34956_19e0033e\primary_results\01_K_global.csv (Module: assembly, Line: 318)
2025-07-06 14:21:36,642 [INFO] 💾 Global force vector saved to: \\mull.sms.ed.ac.uk\home\s1834431\Win7\Desktop\fem_model\post_processing\results\job_0001_2025-07-06_14-21-27-458983_pid34956_19e0033e\primary_results\02_F_global.csv (Module: assembly, Line: 333)
2025-07-06 14:21:36,643 [INFO] 📊 Performance Metrics:
  Assembly Time: 0.18s
  Elements Processed: 100
  Matrix Density: 8.20e-03
  Memory Usage: 0.02MB
  Processing Rate: 548.5 elements/s (Module: assembly, Line: 353)
2025-07-06 14:21:36,644 [INFO] ✅ Assembly complete. (Module: assembly, Line: 125)
