Machine Specifications:
   - OS: Windows 11 (10.0.22631)
   - CPU: 12th Gen Intel(R) Core(TM) i7-12700
       • Logical cores: 20
       • Physical cores: 12
   - RAM: 31.24 GB
   - Disk: 3071.87 GB total, 2260.00 GB free
   - Python Version: 3.12.5 (C:\Users\s1834431\AppData\Local\Programs\Python\Python312\python.exe)
   - GPU(s): Intel(R) UHD Graphics 770

Job: job_0001
Timestamp (job start): 2025-07-06_14-21-45-997596
Total Time: 14.81 sec

+-------------------------------+------------+---------------+-------------+-----------+
| Step                          |   Time (s) |   Memory (MB) |   Disk (GB) |   CPU (%) |
+===============================+============+===============+=============+===========+
| Parsing                       |  0.0540659 |       69.3594 |     811.851 |         0 |
+-------------------------------+------------+---------------+-------------+-----------+
| Element Instantiation         |  0.73414   |       70      |     811.851 |         0 |
+-------------------------------+------------+---------------+-------------+-----------+
| Element Stiffness Computation |  1.19498   |       70.5312 |     811.862 |         0 |
+-------------------------------+------------+---------------+-------------+-----------+
| Element Force Computation     |  0.512135  |       70.5703 |     811.864 |         0 |
+-------------------------------+------------+---------------+-------------+-----------+
| Full Simulation               | 11.6989    |      127.094  |     811.871 |         0 |
+-------------------------------+------------+---------------+-------------+-----------+

Parallel Jobs: job_0002, job_0003
Start Memory: 69.13 MB | End Memory: 127.09 MB
Start Disk Usage: 811.85 GB | End Disk Usage: 811.87 GB
Start CPU: 0.00% | End CPU: 0.00%
