2025-05-05 18:10:04,599 - processing.static.boundary_conditions - INFO - 🔧 Applying fixed boundary conditions...
2025-05-05 18:10:04,599 - processing.static.boundary_conditions - INFO - 🔍 Fixed DOFs: [0 1 2 3 4 5]

🔍 Original K_global Matrix:
             0            1            2            3            4           5            6            7            8            9            10           11
0    1.0083e+46  -9.7431e+26   6.9768e+28  2.6883e+224  -3.9222e+27  3.3971e+10  2.8254e+235  4.5207e+235   3.6813e+28 -1.3918e-316  -1.8167e+27 -1.0671e-239
1   -9.7431e+26          inf  2.7682e+224 -3.6476e+198   5.3510e+24  7.0435e+08          inf          inf  -3.0441e+08  3.6476e+198  -7.6259e+07   2.4000e+08
2    6.9768e+28  2.7682e+224          inf -3.2679e+225  7.3666e+241 5.4403e+223  1.8620e+236 -5.4248e+236 -1.2849e+225 -3.3604e+224  1.2849e+225  2.2242e+224
3   2.6883e+224 -3.6476e+198 -3.2679e+225          inf  2.1506e+225 8.2235e+225  3.7564e+236          inf  3.2259e+225   1.5859e+07  1.0753e+225   5.1151e+05
4   -3.9222e+27   5.3510e+24  7.3666e+241  2.1506e+225   2.7354e+45 -4.7686e+28 -3.6594e+235  3.6165e+236  -2.4838e+25  -6.4956e+24  -4.7662e+28   4.2994e+24
5    3.3971e+10   7.0435e+08  5.4403e+223  8.2235e+225  -4.7686e+28  9.1502e+11  3.3905e+236  1.3829e+237   4.9191e+29   9.7695e+07   9.1206e+11   1.3334e+08
6   2.8254e+235          inf  1.8620e+236  3.7564e+236 -3.6594e+235 3.3905e+236          inf          inf -1.8620e+236  1.6546e+223 -1.4961e+236  -3.1634e+07
7   4.5207e+235          inf -5.4248e+236          inf  3.6165e+236 1.3829e+237          inf          inf  5.4248e+236  2.7825e+234  1.8083e+236  -2.4000e+08
8    3.6813e+28  -3.0441e+08 -1.2849e+225  3.2259e+225  -2.4838e+25  4.9191e+29 -1.8620e+236  5.4248e+236   3.0247e+48   1.1330e+08   4.9191e+29  -7.4993e+07
9  -1.3918e-316  3.6476e+198 -3.3604e+224   1.5859e+07  -6.4956e+24  9.7695e+07  1.6546e+223  2.7825e+234   1.1330e+08   2.5186e+08  -1.1330e+08   3.1634e+07
10  -1.8167e+27  -7.6259e+07  1.2849e+225  1.0753e+225  -4.7662e+28  9.1206e+11 -1.4961e+236  1.8083e+236   4.9191e+29  -1.1330e+08   9.1265e+11   7.4993e+07
11 -1.0671e-239   2.4000e+08  2.2242e+224   5.1151e+05   4.2994e+24  1.3334e+08  -3.1634e+07  -2.4000e+08  -7.4993e+07   3.1634e+07   7.4993e+07   1.0667e+08

🔍 Original F_global Vector:
             Force
DOF 0   0.0000e+00
DOF 1   0.0000e+00
DOF 2   0.0000e+00
DOF 3   0.0000e+00
DOF 4   0.0000e+00
DOF 5   0.0000e+00
DOF 6   0.0000e+00
DOF 7  -1.0000e+05
DOF 8   0.0000e+00
DOF 9   0.0000e+00
DOF 10  0.0000e+00
DOF 11  0.0000e+00
2025-05-05 18:10:04,604 - processing.static.boundary_conditions - INFO - ✅ Fixed boundary conditions applied successfully.

🔍 Modified K_global Matrix:
           0          1          2          3          4          5            6           7            8           9            10          11
0  1.0000e+36 0.0000e+00 0.0000e+00 0.0000e+00 0.0000e+00 0.0000e+00   0.0000e+00  0.0000e+00   0.0000e+00  0.0000e+00   0.0000e+00  0.0000e+00
1  0.0000e+00 1.0000e+36 0.0000e+00 0.0000e+00 0.0000e+00 0.0000e+00   0.0000e+00  0.0000e+00   0.0000e+00  0.0000e+00   0.0000e+00  0.0000e+00
2  0.0000e+00 0.0000e+00 1.0000e+36 0.0000e+00 0.0000e+00 0.0000e+00   0.0000e+00  0.0000e+00   0.0000e+00  0.0000e+00   0.0000e+00  0.0000e+00
3  0.0000e+00 0.0000e+00 0.0000e+00 1.0000e+36 0.0000e+00 0.0000e+00   0.0000e+00  0.0000e+00   0.0000e+00  0.0000e+00   0.0000e+00  0.0000e+00
4  0.0000e+00 0.0000e+00 0.0000e+00 0.0000e+00 1.0000e+36 0.0000e+00   0.0000e+00  0.0000e+00   0.0000e+00  0.0000e+00   0.0000e+00  0.0000e+00
5  0.0000e+00 0.0000e+00 0.0000e+00 0.0000e+00 0.0000e+00 1.0000e+36   0.0000e+00  0.0000e+00   0.0000e+00  0.0000e+00   0.0000e+00  0.0000e+00
6  0.0000e+00 0.0000e+00 0.0000e+00 0.0000e+00 0.0000e+00 0.0000e+00          inf         inf -1.8620e+236 1.6546e+223 -1.4961e+236 -3.1634e+07
7  0.0000e+00 0.0000e+00 0.0000e+00 0.0000e+00 0.0000e+00 0.0000e+00          inf         inf  5.4248e+236 2.7825e+234  1.8083e+236 -2.4000e+08
8  0.0000e+00 0.0000e+00 0.0000e+00 0.0000e+00 0.0000e+00 0.0000e+00 -1.8620e+236 5.4248e+236   3.0247e+48  1.1330e+08   4.9191e+29 -7.4993e+07
9  0.0000e+00 0.0000e+00 0.0000e+00 0.0000e+00 0.0000e+00 0.0000e+00  1.6546e+223 2.7825e+234   1.1330e+08  2.5186e+08  -1.1330e+08  3.1634e+07
10 0.0000e+00 0.0000e+00 0.0000e+00 0.0000e+00 0.0000e+00 0.0000e+00 -1.4961e+236 1.8083e+236   4.9191e+29 -1.1330e+08   9.1265e+11  7.4993e+07
11 0.0000e+00 0.0000e+00 0.0000e+00 0.0000e+00 0.0000e+00 0.0000e+00  -3.1634e+07 -2.4000e+08  -7.4993e+07  3.1634e+07   7.4993e+07  1.0667e+08

🔍 Modified F_global Vector:
             Force
DOF 0   0.0000e+00
DOF 1   0.0000e+00
DOF 2   0.0000e+00
DOF 3   0.0000e+00
DOF 4   0.0000e+00
DOF 5   0.0000e+00
DOF 6   0.0000e+00
DOF 7  -1.0000e+05
DOF 8   0.0000e+00
DOF 9   0.0000e+00
DOF 10  0.0000e+00
DOF 11  0.0000e+00
2025-05-05 18:10:05,313 - processing.static.boundary_conditions - INFO - 🔧 Applying fixed boundary conditions...
2025-05-05 18:10:05,314 - processing.static.boundary_conditions - INFO - 🔍 Fixed DOFs: [0 1 2 3 4 5]
2025-05-05 18:10:05,315 - processing.static.boundary_conditions - INFO - ✅ Fixed boundary conditions applied successfully.
