2025-05-05 18:10:04,062 - pre_processing.element_library.element_1D_base - DEBUG - Element Stiffness Matrix Computation (Element ID: 0)
2025-05-05 18:10:04,063 - pre_processing.element_library.element_1D_base - DEBUG - Element Length (L): 2.000000e+00, Jacobian determinant (detJ): 1.000000e+00
2025-05-05 18:10:04,063 - pre_processing.element_library.element_1D_base - DEBUG - Material Stiffness Matrix (D):
2025-05-05 18:10:04,064 - pre_processing.element_library.element_1D_base - DEBUG - [[ 4.000000e+09  0.000000e+00  0.000000e+00  0.000000e+00]
 [ 0.000000e+00  3.333400e+06  0.000000e+00 -0.000000e+00]
 [ 0.000000e+00  0.000000e+00  1.333340e+07  0.000000e+00]
 [ 0.000000e+00 -0.000000e+00  0.000000e+00  1.313076e+06]]
2025-05-05 18:10:04,078 - pre_processing.element_library.element_1D_base - DEBUG - 
----- Gauss Point 1/3 -----
2025-05-05 18:10:04,078 - pre_processing.element_library.element_1D_base - DEBUG - Natural Coordinate (xi): -7.745967e-01, Gauss Weight: 5.555556e-01
2025-05-05 18:10:04,079 - pre_processing.element_library.element_1D_base - DEBUG - Shape Function First Derivatives (dN_dxi):
2025-05-05 18:10:04,080 - pre_processing.element_library.element_1D_base - DEBUG - [[-0.5       0.        0.        0.        0.        0.      ]
 [ 0.        8.24758   0.        0.        0.        0.      ]
 [ 0.        0.        8.24758   0.        0.        0.      ]
 [ 0.        0.        0.       -0.5       0.        0.      ]
 [ 0.        0.        0.        0.       -5.898387  0.      ]
 [ 0.        0.        0.        0.        0.        5.898387]
 [ 0.5       0.        0.        0.        0.        0.      ]
 [ 0.       -8.24758   0.        0.        0.        0.      ]
 [ 0.        0.       -8.24758   0.        0.        0.      ]
 [ 0.        0.        0.        0.5       0.        0.      ]
 [ 0.        0.        0.        0.       -3.349193  0.      ]
 [ 0.        0.        0.        0.        0.        3.349193]]
2025-05-05 18:10:04,081 - pre_processing.element_library.element_1D_base - DEBUG - Shape Function Second Derivatives (d2N_dxi2):
2025-05-05 18:10:04,083 - pre_processing.element_library.element_1D_base - DEBUG - [[  0.        0.        0.        0.        0.        0.     ]
 [  0.      -15.29516   0.        0.        0.        0.     ]
 [  0.        0.      -15.29516   0.        0.        0.     ]
 [  0.        0.        0.        0.        0.        0.     ]
 [  0.        0.        0.        0.        8.64758   0.     ]
 [  0.        0.        0.        0.        0.       -8.64758]
 [  0.        0.        0.        0.        0.        0.     ]
 [  0.       15.29516   0.        0.        0.        0.     ]
 [  0.        0.       15.29516   0.        0.        0.     ]
 [  0.        0.        0.        0.        0.        0.     ]
 [  0.        0.        0.        0.        6.64758   0.     ]
 [  0.        0.        0.        0.        0.       -6.64758]]
2025-05-05 18:10:04,084 - pre_processing.element_library.element_1D_base - DEBUG - Strain-Displacement Matrix (B):
2025-05-05 18:10:04,085 - pre_processing.element_library.element_1D_base - DEBUG - [[-5.000000e-001  8.768825e+017  0.000000e+000  0.000000e+000
   0.000000e+000  0.000000e+000  5.000000e-001  8.077060e-258
   0.000000e+000  0.000000e+000  0.000000e+000  0.000000e+000]
 [ 8.667935e-247 -1.529516e+001  0.000000e+000  0.000000e+000
   0.000000e+000 -8.647580e+000 -6.357076e-154  1.529516e+001
   0.000000e+000  0.000000e+000  0.000000e+000 -6.647580e+000]
 [-3.689352e+019  4.709897e-309 -1.529516e+001  0.000000e+000
   8.647580e+000  0.000000e+000  1.976263e-323  2.121996e-314
   1.529516e+001  0.000000e+000  6.647580e+000  0.000000e+000]
 [ 1.976263e-323  1.000039e+193  0.000000e+000 -5.000000e-001
   0.000000e+000  0.000000e+000  4.536413e+217  7.628612e+228
   0.000000e+000  5.000000e-001  0.000000e+000  0.000000e+000]]
2025-05-05 18:10:04,087 - pre_processing.element_library.element_1D_base - DEBUG - Strain-Displacement Matrix Transpose (B.T):
2025-05-05 18:10:04,089 - pre_processing.element_library.element_1D_base - DEBUG - [[-5.000000e-001  8.667935e-247 -3.689352e+019  1.976263e-323]
 [ 8.768825e+017 -1.529516e+001  4.709897e-309  1.000039e+193]
 [ 0.000000e+000  0.000000e+000 -1.529516e+001  0.000000e+000]
 [ 0.000000e+000  0.000000e+000  0.000000e+000 -5.000000e-001]
 [ 0.000000e+000  0.000000e+000  8.647580e+000  0.000000e+000]
 [ 0.000000e+000 -8.647580e+000  0.000000e+000  0.000000e+000]
 [ 5.000000e-001 -6.357076e-154  1.976263e-323  4.536413e+217]
 [ 8.077060e-258  1.529516e+001  2.121996e-314  7.628612e+228]
 [ 0.000000e+000  0.000000e+000  1.529516e+001  0.000000e+000]
 [ 0.000000e+000  0.000000e+000  0.000000e+000  5.000000e-001]
 [ 0.000000e+000  0.000000e+000  6.647580e+000  0.000000e+000]
 [ 0.000000e+000 -6.647580e+000  0.000000e+000  0.000000e+000]]
2025-05-05 18:10:04,090 - pre_processing.element_library.element_1D_base - DEBUG - Element Stiffness Matrix Contribution at Gauss Point:
2025-05-05 18:10:04,093 - pre_processing.element_library.element_1D_base - DEBUG - [[ 1.008251e+046 -9.743139e+026  4.179964e+027 -7.208284e-318
  -2.363269e+027 -1.388114e-239 -5.555556e+008  1.099784e-088
  -4.179964e+027  7.208284e-318 -1.816695e+027 -1.067073e-239]
 [-9.743139e+026            inf -5.336221e-301 -3.647574e+198
   3.016994e-301  2.449422e+008            inf            inf
   5.336221e-301  3.647574e+198  2.319228e-301  1.882923e+008]
 [ 4.179964e+027 -5.336221e-301  1.732912e+009  0.000000e+000
  -9.797539e+008  0.000000e+000 -2.239067e-315 -2.404180e-306
  -1.732912e+009  0.000000e+000 -7.531578e+008  0.000000e+000]
 [-7.208284e-318 -3.647574e+198  0.000000e+000  1.823716e+005
   0.000000e+000  0.000000e+000 -1.654626e+223 -2.782485e+234
   0.000000e+000 -1.823716e+005  0.000000e+000  0.000000e+000]
 [-2.363269e+027  3.016994e-301 -9.797539e+008  0.000000e+000
   5.539334e+008  0.000000e+000  1.265924e-315  1.359276e-306
   9.797539e+008  0.000000e+000  4.258205e+008  0.000000e+000]
 [-1.388114e-239  2.449422e+008  0.000000e+000  0.000000e+000
   0.000000e+000  1.384854e+008  1.018045e-146 -2.449422e+008
   0.000000e+000  0.000000e+000  0.000000e+000  1.064567e+008]
 [-5.555556e+008            inf -2.239067e-315 -1.654626e+223
   1.265924e-315  1.018045e-146            inf            inf
   2.239067e-315  1.654626e+223  9.731429e-316  7.825929e-147]
 [ 1.099784e-088            inf -2.404180e-306 -2.782485e+234
   1.359276e-306 -2.449422e+008            inf            inf
   2.404180e-306  2.782485e+234  1.044904e-306 -1.882923e+008]
 [-4.179964e+027  5.336221e-301 -1.732912e+009  0.000000e+000
   9.797539e+008  0.000000e+000  2.239067e-315  2.404180e-306
   1.732912e+009  0.000000e+000  7.531578e+008  0.000000e+000]
 [ 7.208284e-318  3.647574e+198  0.000000e+000 -1.823716e+005
   0.000000e+000  0.000000e+000  1.654626e+223  2.782485e+234
   0.000000e+000  1.823716e+005  0.000000e+000  0.000000e+000]
 [-1.816695e+027  2.319228e-301 -7.531578e+008  0.000000e+000
   4.258205e+008  0.000000e+000  9.731429e-316  1.044904e-306
   7.531578e+008  0.000000e+000  3.273373e+008  0.000000e+000]
 [-1.067073e-239  1.882923e+008  0.000000e+000  0.000000e+000
   0.000000e+000  1.064567e+008  7.825929e-147 -1.882923e+008
   0.000000e+000  0.000000e+000  0.000000e+000  8.183556e+007]]
2025-05-05 18:10:04,094 - pre_processing.element_library.element_1D_base - DEBUG - 
2025-05-05 18:10:04,095 - pre_processing.element_library.element_1D_base - DEBUG - 
----- Gauss Point 2/3 -----
2025-05-05 18:10:04,096 - pre_processing.element_library.element_1D_base - DEBUG - Natural Coordinate (xi): 0.000000e+00, Gauss Weight: 8.888889e-01
2025-05-05 18:10:04,098 - pre_processing.element_library.element_1D_base - DEBUG - Shape Function First Derivatives (dN_dxi):
2025-05-05 18:10:04,098 - pre_processing.element_library.element_1D_base - DEBUG - [[-0.5  0.   0.   0.   0.   0. ]
 [ 0.   0.   0.   0.   0.   0. ]
 [ 0.   0.   0.   0.   0.   0. ]
 [ 0.   0.   0.  -0.5  0.   0. ]
 [ 0.   0.   0.   0.  -1.   0. ]
 [ 0.   0.   0.   0.   0.   1. ]
 [ 0.5  0.   0.   0.   0.   0. ]
 [ 0.   0.   0.   0.   0.   0. ]
 [ 0.   0.   0.   0.   0.   0. ]
 [ 0.   0.   0.   0.5  0.   0. ]
 [ 0.   0.   0.   0.  -0.   0. ]
 [ 0.   0.   0.   0.   0.   0. ]]
2025-05-05 18:10:04,100 - pre_processing.element_library.element_1D_base - DEBUG - Shape Function Second Derivatives (d2N_dxi2):
2025-05-05 18:10:04,101 - pre_processing.element_library.element_1D_base - DEBUG - [[ 0.  0.  0.  0.  0.  0.]
 [ 0. -6.  0.  0.  0.  0.]
 [ 0.  0. -6.  0.  0.  0.]
 [ 0.  0.  0.  0.  0.  0.]
 [ 0.  0.  0.  0.  4.  0.]
 [ 0.  0.  0.  0.  0. -4.]
 [ 0.  0.  0.  0.  0.  0.]
 [ 0.  6.  0.  0.  0.  0.]
 [ 0.  0.  6.  0.  0.  0.]
 [ 0.  0.  0.  0.  0.  0.]
 [ 0.  0.  0.  0.  2.  0.]
 [ 0.  0.  0.  0.  0. -2.]]
2025-05-05 18:10:04,102 - pre_processing.element_library.element_1D_base - DEBUG - Strain-Displacement Matrix (B):
2025-05-05 18:10:04,103 - pre_processing.element_library.element_1D_base - DEBUG - [[-5.000000e-001  8.667935e-247 -3.689352e+019  1.976263e-323
   8.768825e+017 -1.529516e+001  5.000000e-001  1.000039e+193
   0.000000e+000  0.000000e+000 -1.529516e+001  0.000000e+000]
 [ 0.000000e+000 -6.000000e+000  0.000000e+000 -5.000000e-001
   0.000000e+000 -4.000000e+000  8.647580e+000  6.000000e+000
   0.000000e+000 -8.647580e+000  0.000000e+000 -2.000000e+000]
 [ 5.000000e-001 -6.357076e-154 -6.000000e+000  4.536413e+217
   4.000000e+000  1.529516e+001  2.121996e-314  7.628612e+228
   6.000000e+000  0.000000e+000  2.000000e+000  0.000000e+000]
 [ 0.000000e+000  0.000000e+000  0.000000e+000 -5.000000e-001
   0.000000e+000  0.000000e+000  6.647580e+000  0.000000e+000
   0.000000e+000  5.000000e-001  0.000000e+000  0.000000e+000]]
2025-05-05 18:10:04,103 - pre_processing.element_library.element_1D_base - DEBUG - Strain-Displacement Matrix Transpose (B.T):
2025-05-05 18:10:04,104 - pre_processing.element_library.element_1D_base - DEBUG - [[-5.000000e-001  0.000000e+000  5.000000e-001  0.000000e+000]
 [ 8.667935e-247 -6.000000e+000 -6.357076e-154  0.000000e+000]
 [-3.689352e+019  0.000000e+000 -6.000000e+000  0.000000e+000]
 [ 1.976263e-323 -5.000000e-001  4.536413e+217 -5.000000e-001]
 [ 8.768825e+017  0.000000e+000  4.000000e+000  0.000000e+000]
 [-1.529516e+001 -4.000000e+000  1.529516e+001  0.000000e+000]
 [ 5.000000e-001  8.647580e+000  2.121996e-314  6.647580e+000]
 [ 1.000039e+193  6.000000e+000  7.628612e+228  0.000000e+000]
 [ 0.000000e+000  0.000000e+000  6.000000e+000  0.000000e+000]
 [ 0.000000e+000 -8.647580e+000  0.000000e+000  5.000000e-001]
 [-1.529516e+001  0.000000e+000  2.000000e+000  0.000000e+000]
 [ 0.000000e+000 -2.000000e+000  0.000000e+000  0.000000e+000]]
2025-05-05 18:10:04,105 - pre_processing.element_library.element_1D_base - DEBUG - Element Stiffness Matrix Contribution at Gauss Point:
2025-05-05 18:10:04,107 - pre_processing.element_library.element_1D_base - DEBUG - [[ 8.918519e+008 -3.767175e-147  6.558849e+028  2.688258e+224
  -1.558902e+027  2.728203e+010 -8.888889e+008  4.520682e+235
   3.555573e+007  0.000000e+000  2.720325e+010  0.000000e+000]
 [-3.767175e-147  1.066688e+008  4.520610e-146 -3.417892e+071
  -3.013740e-146  7.111253e+007 -1.537378e+008 -5.747663e+082
  -4.520610e-146  1.537378e+008 -1.506870e-146  3.555627e+007]
 [ 6.558849e+028  4.520610e-146  4.839581e+048 -3.225910e+225
  -1.150268e+047  2.006373e+030 -6.558849e+028 -5.424818e+236
  -4.266688e+008  0.000000e+000  2.006373e+030  0.000000e+000]
 [ 2.688258e+224 -3.417892e+071 -3.225910e+225            inf
   2.150606e+225  8.223467e+225 -1.669094e+007            inf
   3.225910e+225  1.251969e+007  1.075303e+225  2.963022e+006]
 [-1.558902e+027 -3.013740e-146 -1.150268e+047  2.150606e+225
   2.733948e+045 -4.768732e+028  1.558902e+027  3.616545e+236
   2.844459e+008  0.000000e+000 -4.768732e+028  0.000000e+000]
 [ 2.728203e+010  7.111253e+007  2.006373e+030  8.223467e+225
  -4.768732e+028  8.346136e+011 -2.729389e+010  1.382891e+237
   1.087661e+009  1.024919e+008  8.321560e+011  2.370418e+007]
 [-8.888889e+008 -1.537378e+008 -6.558849e+028 -1.669094e+007
   1.558902e+027 -2.729389e+010  1.162044e+009  1.777847e+202
   1.508982e-306 -2.176972e+008 -2.719140e+010 -5.124594e+007]
 [ 4.520682e+235 -5.747663e+082 -5.424818e+236            inf
   3.616545e+236  1.382891e+237  1.777847e+202            inf
   5.424818e+236 -1.537378e+008  1.808273e+236 -3.555627e+007]
 [ 3.555573e+007 -4.520610e-146 -4.266688e+008  3.225910e+225
   2.844459e+008  1.087661e+009  1.508982e-306  5.424818e+236
   4.266688e+008  0.000000e+000  1.422229e+008  0.000000e+000]
 [ 0.000000e+000  1.537378e+008  0.000000e+000  1.251969e+007
   0.000000e+000  1.024919e+008 -2.176972e+008 -1.537378e+008
   0.000000e+000  2.218685e+008  0.000000e+000  5.124594e+007]
 [ 2.720325e+010 -1.506870e-146  2.006373e+030  1.075303e+225
  -4.768732e+028  8.321560e+011 -2.719140e+010  1.808273e+236
   1.422229e+008  0.000000e+000  8.318409e+011  0.000000e+000]
 [ 0.000000e+000  3.555627e+007  0.000000e+000  2.963022e+006
   0.000000e+000  2.370418e+007 -5.124594e+007 -3.555627e+007
   0.000000e+000  5.124594e+007  0.000000e+000  1.185209e+007]]
2025-05-05 18:10:04,108 - pre_processing.element_library.element_1D_base - DEBUG - 
2025-05-05 18:10:04,108 - pre_processing.element_library.element_1D_base - DEBUG - 
----- Gauss Point 3/3 -----
2025-05-05 18:10:04,109 - pre_processing.element_library.element_1D_base - DEBUG - Natural Coordinate (xi): 7.745967e-01, Gauss Weight: 5.555556e-01
2025-05-05 18:10:04,110 - pre_processing.element_library.element_1D_base - DEBUG - Shape Function First Derivatives (dN_dxi):
2025-05-05 18:10:04,111 - pre_processing.element_library.element_1D_base - DEBUG - [[-0.5       0.        0.        0.        0.        0.      ]
 [ 0.       -1.04758   0.        0.        0.        0.      ]
 [ 0.        0.       -1.04758   0.        0.        0.      ]
 [ 0.        0.        0.       -0.5       0.        0.      ]
 [ 0.        0.        0.        0.        0.298387  0.      ]
 [ 0.        0.        0.        0.        0.       -0.298387]
 [ 0.5       0.        0.        0.        0.        0.      ]
 [ 0.        1.04758   0.        0.        0.        0.      ]
 [ 0.        0.        1.04758   0.        0.        0.      ]
 [ 0.        0.        0.        0.5       0.        0.      ]
 [ 0.        0.        0.        0.       -0.250807  0.      ]
 [ 0.        0.        0.        0.        0.        0.250807]]
2025-05-05 18:10:04,111 - pre_processing.element_library.element_1D_base - DEBUG - Shape Function Second Derivatives (d2N_dxi2):
2025-05-05 18:10:04,112 - pre_processing.element_library.element_1D_base - DEBUG - [[ 0.       0.       0.       0.       0.       0.     ]
 [ 0.       3.29516  0.       0.       0.       0.     ]
 [ 0.       0.       3.29516  0.       0.       0.     ]
 [ 0.       0.       0.       0.       0.       0.     ]
 [ 0.       0.       0.       0.      -0.64758  0.     ]
 [ 0.       0.       0.       0.       0.       0.64758]
 [ 0.       0.       0.       0.       0.       0.     ]
 [ 0.      -3.29516  0.       0.       0.       0.     ]
 [ 0.       0.      -3.29516  0.       0.       0.     ]
 [ 0.       0.       0.       0.       0.       0.     ]
 [ 0.       0.       0.       0.      -2.64758  0.     ]
 [ 0.       0.       0.       0.       0.       2.64758]]
2025-05-05 18:10:04,113 - pre_processing.element_library.element_1D_base - DEBUG - Strain-Displacement Matrix (B):
2025-05-05 18:10:04,114 - pre_processing.element_library.element_1D_base - DEBUG - [[-5.000000e-001  0.000000e+000  5.000000e-001  0.000000e+000
   8.667935e-247 -6.000000e+000  5.000000e-001  0.000000e+000
  -3.689352e+019  0.000000e+000 -6.000000e+000  0.000000e+000]
 [ 1.976263e-323  3.295160e+000  4.536413e+217 -5.000000e-001
   8.768825e+017  6.475800e-001  4.000000e+000 -3.295160e+000
  -1.529516e+001 -4.000000e+000  1.529516e+001  2.647580e+000]
 [ 5.000000e-001  8.647580e+000  3.295160e+000  6.647580e+000
  -6.475800e-001  6.000000e+000  7.628612e+228  0.000000e+000
  -3.295160e+000  0.000000e+000 -2.647580e+000  0.000000e+000]
 [ 0.000000e+000 -8.647580e+000  0.000000e+000 -5.000000e-001
  -1.529516e+001  0.000000e+000  2.000000e+000  0.000000e+000
   0.000000e+000  5.000000e-001  0.000000e+000  0.000000e+000]]
2025-05-05 18:10:04,115 - pre_processing.element_library.element_1D_base - DEBUG - Strain-Displacement Matrix Transpose (B.T):
2025-05-05 18:10:04,116 - pre_processing.element_library.element_1D_base - DEBUG - [[-5.000000e-001  1.976263e-323  5.000000e-001  0.000000e+000]
 [ 0.000000e+000  3.295160e+000  8.647580e+000 -8.647580e+000]
 [ 5.000000e-001  4.536413e+217  3.295160e+000  0.000000e+000]
 [ 0.000000e+000 -5.000000e-001  6.647580e+000 -5.000000e-001]
 [ 8.667935e-247  8.768825e+017 -6.475800e-001 -1.529516e+001]
 [-6.000000e+000  6.475800e-001  6.000000e+000  0.000000e+000]
 [ 5.000000e-001  4.000000e+000  7.628612e+228  2.000000e+000]
 [ 0.000000e+000 -3.295160e+000  0.000000e+000  0.000000e+000]
 [-3.689352e+019 -1.529516e+001 -3.295160e+000  0.000000e+000]
 [ 0.000000e+000 -4.000000e+000  0.000000e+000  5.000000e-001]
 [-6.000000e+000  1.529516e+001 -2.647580e+000  0.000000e+000]
 [ 0.000000e+000  2.647580e+000  0.000000e+000  0.000000e+000]]
2025-05-05 18:10:04,117 - pre_processing.element_library.element_1D_base - DEBUG - Element Stiffness Matrix Contribution at Gauss Point:
2025-05-05 18:10:04,118 - pre_processing.element_library.element_1D_base - DEBUG - [[ 5.574074e+008  3.202823e+007 -5.433512e+008  2.462079e+007
  -2.398456e+006  6.688889e+009  2.825426e+235 -1.205969e-316
   4.099280e+028 -1.463927e-316  6.656861e+009  9.689663e-317]
 [ 3.202823e+007  6.285929e+008  2.768242e+224  4.259235e+008
   5.350974e+024  3.882905e+008  4.886620e+236 -2.010796e+007
  -3.044115e+008 -2.756323e+007 -7.625943e+007  1.615625e+007]
 [-5.433512e+008  2.768242e+224            inf -4.200466e+223
   7.366631e+241  5.440276e+223  1.862046e+236 -2.768242e+224
  -1.284936e+225 -3.360373e+224  1.284936e+225  2.224214e+224]
 [ 2.462079e+007  4.259235e+008 -4.200466e+223  3.279827e+008
  -8.119445e+023  2.948499e+008  3.756449e+236  3.051135e+006
  -1.480964e+008  3.521406e+006 -1.445335e+008 -2.451512e+006]
 [-2.398456e+006  5.350974e+024  7.366631e+241 -8.119445e+023
   1.423960e+042  1.051598e+024 -3.659379e+235 -5.350974e+024
  -2.483764e+025 -6.495556e+024  2.483764e+025  4.299376e+024]
 [ 6.688889e+009  3.882905e+008  5.440276e+223  2.948499e+008
   1.051598e+024  8.026744e+010  3.390511e+236 -3.951708e+006
   4.919136e+029 -4.796985e+006  7.990067e+010  3.175100e+006]
 [ 2.825426e+235  4.886620e+236  1.862046e+236  3.756449e+236
  -3.659379e+235  3.390511e+236            inf -2.440908e+007
  -1.862046e+236 -2.890074e+007 -1.496108e+236  1.961210e+007]
 [-1.205969e-316 -2.010796e+007 -2.768242e+224  3.051135e+006
  -5.350974e+024 -3.951708e+006 -2.440908e+007  2.010796e+007
   9.333520e+007  2.440908e+007 -9.333520e+007 -1.615625e+007]
 [ 4.099280e+028 -3.044115e+008 -1.284936e+225 -1.480964e+008
  -2.483764e+025  4.919136e+029 -1.862046e+236  9.333520e+007
   3.024738e+048  1.132997e+008  4.919136e+029 -7.499254e+007]
 [-1.463927e-316 -2.756323e+007 -3.360373e+224  3.521406e+006
  -6.495556e+024 -4.796985e+006 -2.890074e+007  2.440908e+007
   1.132997e+008  2.981259e+007 -1.132997e+008 -1.961210e+007]
 [ 6.656861e+009 -7.625943e+007  1.284936e+225 -1.445335e+008
   2.483764e+025  7.990067e+010 -1.496108e+236 -9.333520e+007
   4.919136e+029 -1.132997e+008  8.048516e+010  7.499254e+007]
 [ 9.689663e-317  1.615625e+007  2.224214e+224 -2.451512e+006
   4.299376e+024  3.175100e+006  1.961210e+007 -1.615625e+007
  -7.499254e+007 -1.961210e+007  7.499254e+007  1.298115e+007]]
2025-05-05 18:10:04,119 - pre_processing.element_library.element_1D_base - DEBUG - 
2025-05-05 18:10:04,120 - pre_processing.element_library.element_1D_base - DEBUG - 
===== Final Element Stiffness Matrix (Ke) =====
2025-05-05 18:10:04,121 - pre_processing.element_library.element_1D_base - DEBUG - [[ 1.008251e+046 -9.743139e+026  6.976845e+028  2.688258e+224
  -3.922171e+027  3.397092e+010  2.825426e+235  4.520682e+235
   3.681284e+028 -1.391845e-316 -1.816695e+027 -1.067073e-239]
 [-9.743139e+026            inf  2.768242e+224 -3.647574e+198
   5.350974e+024  7.043452e+008            inf            inf
  -3.044115e+008  3.647574e+198 -7.625943e+007  2.400048e+008]
 [ 6.976845e+028  2.768242e+224            inf -3.267914e+225
   7.366631e+241  5.440276e+223  1.862046e+236 -5.424818e+236
  -1.284936e+225 -3.360373e+224  1.284936e+225  2.224214e+224]
 [ 2.688258e+224 -3.647574e+198 -3.267914e+225            inf
   2.150606e+225  8.223467e+225  3.756449e+236            inf
   3.225910e+225  1.585873e+007  1.075303e+225  5.115102e+005]
 [-3.922171e+027  5.350974e+024  7.366631e+241  2.150606e+225
   2.735372e+045 -4.768627e+028 -3.659379e+235  3.616545e+236
  -2.483764e+025 -6.495556e+024 -4.766248e+028  4.299376e+024]
 [ 3.397092e+010  7.043452e+008  5.440276e+223  8.223467e+225
  -4.768627e+028  9.150195e+011  3.390511e+236  1.382891e+237
   4.919136e+029  9.769490e+007  9.120567e+011  1.333360e+008]
 [ 2.825426e+235            inf  1.862046e+236  3.756449e+236
  -3.659379e+235  3.390511e+236            inf            inf
  -1.862046e+236  1.654626e+223 -1.496108e+236 -3.163385e+007]
 [ 4.520682e+235            inf -5.424818e+236            inf
   3.616545e+236  1.382891e+237            inf            inf
   5.424818e+236  2.782485e+234  1.808273e+236 -2.400048e+008]
 [ 3.681284e+028 -3.044115e+008 -1.284936e+225  3.225910e+225
  -2.483764e+025  4.919136e+029 -1.862046e+236  5.424818e+236
   3.024738e+048  1.132997e+008  4.919136e+029 -7.499254e+007]
 [-1.391845e-316  3.647574e+198 -3.360373e+224  1.585873e+007
  -6.495556e+024  9.769490e+007  1.654626e+223  2.782485e+234
   1.132997e+008  2.518635e+008 -1.132997e+008  3.163385e+007]
 [-1.816695e+027 -7.625943e+007  1.284936e+225  1.075303e+225
  -4.766248e+028  9.120567e+011 -1.496108e+236  1.808273e+236
   4.919136e+029 -1.132997e+008  9.126534e+011  7.499254e+007]
 [-1.067073e-239  2.400048e+008  2.224214e+224  5.115102e+005
   4.299376e+024  1.333360e+008 -3.163385e+007 -2.400048e+008
  -7.499254e+007  3.163385e+007  7.499254e+007  1.066688e+008]]
2025-05-05 18:10:04,227 - pre_processing.element_library.element_1D_base - DEBUG - Element Force Vector Computation (Element ID: 0)
2025-05-05 18:10:04,229 - pre_processing.element_library.element_1D_base - DEBUG - Element Length: 2.000000e+00 m
2025-05-05 18:10:04,230 - pre_processing.element_library.element_1D_base - DEBUG - 
Point Load at x_p = 2.000000e+00 (xi_p = 1.000000e+00)
2025-05-05 18:10:04,236 - pre_processing.element_library.element_1D_base - DEBUG - Load Vector: [      0. -100000.       0.       0.       0.       0.]
2025-05-05 18:10:04,238 - pre_processing.element_library.element_1D_base - DEBUG - Shape Functions:
2025-05-05 18:10:04,239 - pre_processing.element_library.element_1D_base - DEBUG - [[ 0.  0.  0.  0.  0.  0.]
 [ 0.  0.  0.  0.  0.  0.]
 [ 0.  0.  0.  0.  0.  0.]
 [ 0.  0.  0.  0.  0.  0.]
 [ 0.  0.  0.  0. -0.  0.]
 [ 0.  0.  0.  0.  0.  0.]
 [ 1.  0.  0.  0.  0.  0.]
 [ 0.  1.  0.  0.  0.  0.]
 [ 0.  0.  1.  0.  0.  0.]
 [ 0.  0.  0.  1.  0.  0.]
 [ 0.  0.  0.  0. -0.  0.]
 [ 0.  0.  0.  0.  0.  0.]]
2025-05-05 18:10:04,246 - pre_processing.element_library.element_1D_base - DEBUG - Translational Contribution:
2025-05-05 18:10:04,248 - pre_processing.element_library.element_1D_base - DEBUG - [[      0.       0.       0.       0. -100000.       0.]]
2025-05-05 18:10:04,249 - pre_processing.element_library.element_1D_base - DEBUG - Rotational Contribution:
2025-05-05 18:10:04,251 - pre_processing.element_library.element_1D_base - DEBUG - [[0. 0. 0. 0. 0. 0.]]
2025-05-05 18:10:04,254 - pre_processing.element_library.element_1D_base - DEBUG - 
===== Final Element Force Vector =====
2025-05-05 18:10:04,255 - pre_processing.element_library.element_1D_base - DEBUG - [[      0.       0.       0.       0.       0.       0.       0. -100000.
        0.       0.       0.       0.]]
