Machine Specifications:
   - OS: Windows 11 (10.0.22631)
   - CPU: Intel64 Family 6 Model 151 Stepping 2, GenuineIntel (20 cores)
   - RAM: 31.24 GB
   - Python Version: 3.12.5

Job: job_0007
Timestamp (job start): 2025-05-05_18-10-06
Total Time: 1.90 sec

+-------------------------------+-------------+---------------+-------------+-----------+
| Step                          |    Time (s) |   Memory (MB) |   Disk (GB) |   CPU (%) |
+===============================+=============+===============+=============+===========+
| Parsing                       | 0.0321422   |       119.191 |     798.847 |         0 |
+-------------------------------+-------------+---------------+-------------+-----------+
| Element Instantiation         | 0.000504732 |       119.223 |     798.847 |         0 |
+-------------------------------+-------------+---------------+-------------+-----------+
| Element Stiffness Computation | 0.0659776   |       119.543 |     798.848 |         0 |
+-------------------------------+-------------+---------------+-------------+-----------+
| Element Force Computation     | 0.0317121   |       119.562 |     798.848 |         0 |
+-------------------------------+-------------+---------------+-------------+-----------+
| Setup Simulation              | 0           |       119.59  |     798.849 |         0 |
+-------------------------------+-------------+---------------+-------------+-----------+
| Assemble Global Matrices      | 0.0318398   |       120.285 |     798.849 |         0 |
+-------------------------------+-------------+---------------+-------------+-----------+
| Modify Global Matrices        | 0.0196254   |       120.43  |     798.85  |         0 |
+-------------------------------+-------------+---------------+-------------+-----------+
| Solve Linear Static System    | 0.494682    |       138.887 |     798.852 |         0 |
+-------------------------------+-------------+---------------+-------------+-----------+
| Compute Primary Results       | 0.00300717  |       138.895 |     798.852 |         0 |
+-------------------------------+-------------+---------------+-------------+-----------+
| Save Primary Results          | 0.097805    |       138.898 |     798.853 |         0 |
+-------------------------------+-------------+---------------+-------------+-----------+

Parallel Jobs: None
Start Memory: 119.09 MB | End Memory: 138.90 MB
Start Disk Usage: 798.85 GB | End Disk Usage: 798.85 GB
Start CPU: 0.00% | End CPU: 0.00%
