Machine Specifications:
   - OS: Windows 11 (10.0.22631)
   - CPU: Intel64 Family 6 Model 151 Stepping 2, GenuineIntel (20 cores)
   - RAM: 31.24 GB
   - Python Version: 3.12.5

Job: job_0002
Timestamp (job start): 2025-03-02_19-34-32
Total Time: 1.56 sec

+-------------------------------+------------+---------------+-------------+-----------+
| Step                          |   Time (s) |   Memory (MB) |   Disk (GB) |   CPU (%) |
+===============================+============+===============+=============+===========+
| Parsing                       | 0.00757551 |       78.3711 |     746.128 |         0 |
+-------------------------------+------------+---------------+-------------+-----------+
| Element Instantiation         | 0          |       78.418  |     746.128 |         0 |
+-------------------------------+------------+---------------+-------------+-----------+
| Element Stiffness Computation | 0.00153065 |       78.582  |     746.128 |         0 |
+-------------------------------+------------+---------------+-------------+-----------+
| Element Force Computation     | 0          |       78.5898 |     746.128 |         0 |
+-------------------------------+------------+---------------+-------------+-----------+
| Setup Simulation              | 0          |       78.5938 |     746.128 |         0 |
+-------------------------------+------------+---------------+-------------+-----------+
| Assemble Global Matrices      | 0.0129843  |       79.0273 |     746.128 |         0 |
+-------------------------------+------------+---------------+-------------+-----------+
| Modify Global Matrices        | 0.00573421 |       79.1602 |     746.128 |         0 |
+-------------------------------+------------+---------------+-------------+-----------+
| Solve Linear Static System    | 0.311433   |       97.6562 |     746.128 |         0 |
+-------------------------------+------------+---------------+-------------+-----------+
| Compute Primary Results       | 0.00492072 |       97.6719 |     746.128 |         0 |
+-------------------------------+------------+---------------+-------------+-----------+
| Save Primary Results          | 0.0868225  |       97.6836 |     746.128 |         0 |
+-------------------------------+------------+---------------+-------------+-----------+

Parallel Jobs: job_0001
Start Memory: 78.27 MB | End Memory: 97.68 MB
Start Disk Usage: 746.13 GB | End Disk Usage: 746.13 GB
Start CPU: 0.00% | End CPU: 0.00%
