--------------------------------------------------------------------------
### Global System

                   │ CURRENT            │ EVOLUTION         
Equations          │ 606                │ 606               
Dirichlet          │ 0                  │ 0                 
Eliminated         │ 0                  │ 0                 
Unknowns           │ 606                │ 606               
nnz                │ 3010               │ 3010              
Density            │ 8.20e-03           │ 8.20e-03          
Zero rows          │ 0                  │ 0                 
Zero cols          │ 0                  │ 0                 
Bandwidth          │ 10                 │ 10                
Symmetric          │ yes                │ yes               
Rank               │ 599                │ 599               
Cond-no            │ 3.9e+18            │ 3.9e+18           
λmin/λmax          │ —                  │ —                 
Inertia            │ —                  │ —                 
b-min/max          │ -5.0e+02/0.0e+00   │ -5.0e+02/0.0e+00  
Σb                 │ -5.0e+02           │ -5.0e+02          
Top|b|             │ 601:-5.0e+02, 592:0.0e+00, 591:0.0e+00 │ 601:-5.0e+02, 592:0.0e+00, 591:0.0e+00

2025-07-09 05:45:04,104 [INFO] 🩺  Global System diagnostics appended → C:\Users\samea\Desktop\fem_model\post_processing\results\job_0001_2025-07-09_05-44-56-118708_pid18496_504ca0df\diagnostics\DiagnoseLinearStaticSystem.log
--------------------------------------------------------------------------
### Modified System

                   │ CURRENT            │ EVOLUTION         
Equations          │ 606                │ 606               
Dirichlet          │ 0                  │ 6                 
Eliminated         │ 0                  │ 0                 
Unknowns           │ 606                │ 600               
nnz                │ 2986               │ 3010              
Density            │ 8.13e-03           │ 8.20e-03          
Zero rows          │ 0                  │ 0                 
Zero cols          │ 0                  │ 0                 
Bandwidth          │ 10                 │ 10                
Symmetric          │ yes                │ yes               
Rank               │ 6                  │ 599               
Cond-no            │ 3.9e+34            │ 3.9e+18           
λmin/λmax          │ —                  │ —                 
Inertia            │ —                  │ —                 
b-min/max          │ -5.0e+02/0.0e+00   │ -5.0e+02/0.0e+00  
Σb                 │ -5.0e+02           │ -5.0e+02          
Top|b|             │ 601:-5.0e+02, 592:0.0e+00, 591:0.0e+00 │ 601:-5.0e+02, 592:0.0e+00, 591:0.0e+00

2025-07-09 05:45:05,594 [INFO] 🩺  Modified System diagnostics appended → C:\Users\samea\Desktop\fem_model\post_processing\results\job_0001_2025-07-09_05-44-56-118708_pid18496_504ca0df\diagnostics\DiagnoseLinearStaticSystem.log
--------------------------------------------------------------------------
### Condensed System

                   │ CURRENT            │ EVOLUTION         
Equations          │ 600                │ 606               
Dirichlet          │ 0                  │ 6                 
Eliminated         │ 0                  │ 6                 
Unknowns           │ 600                │ 594               
nnz                │ 2980               │ 3010              
Density            │ 8.28e-03           │ 8.20e-03          
Zero rows          │ 0                  │ 0                 
Zero cols          │ 0                  │ 0                 
Bandwidth          │ 10                 │ 10                
Symmetric          │ yes                │ yes               
Rank               │ 598                │ 599               
Cond-no            │ 1.1e+13            │ 3.9e+18           
λmin/λmax          │ —                  │ —                 
Inertia            │ —                  │ —                 
b-min/max          │ -5.0e+02/0.0e+00   │ -5.0e+02/0.0e+00  
Σb                 │ -5.0e+02           │ -5.0e+02          
Top|b|             │ 595:-5.0e+02, 592:0.0e+00, 591:0.0e+00 │ 601:-5.0e+02, 592:0.0e+00, 591:0.0e+00

2025-07-09 05:45:07,245 [INFO] 🩺  Condensed System diagnostics appended → C:\Users\samea\Desktop\fem_model\post_processing\results\job_0001_2025-07-09_05-44-56-118708_pid18496_504ca0df\diagnostics\DiagnoseLinearStaticSystem.log
