--------------------------------------------------------------------------
Machine specifications – written 2025-07-09 05:45:02.012455
OS          : Windows 10 (10.0.19045)
CPU         : Intel64 Family 6 Model 94 Stepping 3, GenuineIntel
   logical  : 4
   physical : 4
RAM         : 15.96 GB
Disk        : 465.18 GB total  /  130.64 GB free
Python      : 3.11.0  (C:\Users\samea\AppData\Local\Programs\Python\Python311\python.exe)
GPU(s)      : NVIDIA GeForce GTX 780 Ti
--------------------------------------------------------------------------

Runtime telemetry header written → C:\Users\samea\Desktop\fem_model\post_processing\results\job_0001_2025-07-09_05-44-56-118708_pid18496_504ca0df\diagnostics\RuntimeMonitorTelemetry.log
2025-07-09 05:45:02 │ PrepareLocalSystem BEGIN   │ Δt  0.00 s │ RAM   121.0 MB │ CPU  66.0 % │ Disk  334.5 GB
2025-07-09 05:45:02 │ PrepareLocalSystem END     │ Δt  0.29 s │ RAM   121.1 MB │ CPU  94.9 % │ Disk  334.5 GB
2025-07-09 05:45:02 │ AssembleGlobalSystem BEGIN │ Δt  0.28 s │ RAM   121.1 MB │ CPU  74.6 % │ Disk  334.5 GB
2025-07-09 05:45:03 │ AssembleGlobalSystem END   │ Δt  0.27 s │ RAM   122.7 MB │ CPU  86.5 % │ Disk  334.5 GB
2025-07-09 05:45:04 │ ModifyGlobalSystem BEGIN   │ Δt  1.04 s │ RAM   125.2 MB │ CPU  51.9 % │ Disk  334.5 GB
2025-07-09 05:45:04 │ ModifyGlobalSystem END     │ Δt  0.25 s │ RAM   125.6 MB │ CPU 100.0 % │ Disk  334.5 GB
2025-07-09 05:45:05 │ CondenseModifiedSystem BEGIN │ Δt  1.29 s │ RAM   125.6 MB │ CPU 100.0 % │ Disk  334.5 GB
2025-07-09 05:45:06 │ CondenseModifiedSystem END │ Δt  0.50 s │ RAM   126.0 MB │ CPU 100.0 % │ Disk  334.5 GB
2025-07-09 05:45:07 │ SolveCondensedSystem BEGIN │ Δt  1.11 s │ RAM   126.1 MB │ CPU 100.0 % │ Disk  334.6 GB
2025-07-09 05:45:11 │ SolveCondensedSystem END   │ Δt  4.25 s │ RAM   126.4 MB │ CPU 100.0 % │ Disk  336.1 GB
2025-07-09 05:45:11 │ ReconstructGlobalSystem BEGIN │ Δt  0.21 s │ RAM   126.4 MB │ CPU 100.0 % │ Disk  336.1 GB
2025-07-09 05:45:12 │ ReconstructGlobalSystem END │ Δt  0.30 s │ RAM   126.4 MB │ CPU 100.0 % │ Disk  336.1 GB
2025-07-09 05:45:12 │ ComputePrimaryResults BEGIN │ Δt  0.20 s │ RAM   126.4 MB │ CPU 100.0 % │ Disk  336.1 GB
2025-07-09 05:45:14 │ ComputePrimaryResults END  │ Δt  2.13 s │ RAM   126.6 MB │ CPU  95.0 % │ Disk  336.1 GB
