Machine Specifications:
   - OS: Windows 11 (10.0.22631)
   - CPU: Intel64 Family 6 Model 151 Stepping 2, GenuineIntel (20 cores)
   - RAM: 31.24 GB
   - Python Version: 3.12.5

Job: job_0005
Timestamp (job start): 2025-03-07_16-25-51
Total Time: 2.22 sec

+-------------------------------+------------+---------------+-------------+-----------+
| Step                          |   Time (s) |   Memory (MB) |   Disk (GB) |   CPU (%) |
+===============================+============+===============+=============+===========+
| Parsing                       | 0.0170002  |       78.2812 |     752.523 |         0 |
+-------------------------------+------------+---------------+-------------+-----------+
| Element Instantiation         | 0.00101995 |       78.3281 |     752.523 |         0 |
+-------------------------------+------------+---------------+-------------+-----------+
| Element Stiffness Computation | 0.4352     |       78.582  |     752.523 |         0 |
+-------------------------------+------------+---------------+-------------+-----------+
| Element Force Computation     | 0          |       78.582  |     752.523 |         0 |
+-------------------------------+------------+---------------+-------------+-----------+
| Setup Simulation              | 0          |       78.6211 |     752.523 |         0 |
+-------------------------------+------------+---------------+-------------+-----------+
| Assemble Global Matrices      | 0.0104978  |       79.6719 |     752.523 |         0 |
+-------------------------------+------------+---------------+-------------+-----------+
| Modify Global Matrices        | 0.011179   |       79.7812 |     752.523 |         0 |
+-------------------------------+------------+---------------+-------------+-----------+
| Solve Linear Static System    | 0.534764   |       96.4844 |     752.523 |         0 |
+-------------------------------+------------+---------------+-------------+-----------+
| Compute Primary Results       | 0.00254416 |       96.4883 |     752.523 |         0 |
+-------------------------------+------------+---------------+-------------+-----------+
| Save Primary Results          | 0.074733   |       96.5234 |     752.524 |         0 |
+-------------------------------+------------+---------------+-------------+-----------+

Parallel Jobs: job_0003, job_0001
Start Memory: 78.20 MB | End Memory: 96.52 MB
Start Disk Usage: 752.52 GB | End Disk Usage: 752.52 GB
Start CPU: 0.00% | End CPU: 0.00%
