2025-07-21 19:08:44,490 [DEBUG]: 🟢 ElementFactory logger initialised.
2025-07-21 19:08:44,491 [INFO]: 🚩 Starting batch element creation.
2025-07-21 19:08:44,491 [DEBUG]: Element IDs sanitised: [0, 1, 2, 3, 4, 5, 6, 7, 8, 9, 10, 11, 12, 13, 14, 15, 16, 17, 18, 19, 20, 21, 22, 23, 24, 25, 26, 27, 28, 29, 30, 31, 32, 33, 34, 35, 36, 37, 38, 39, 40, 41, 42, 43, 44, 45, 46, 47, 48, 49, 50, 51, 52, 53, 54, 55, 56, 57, 58, 59, 60, 61, 62, 63, 64, 65, 66, 67, 68, 69, 70, 71, 72, 73, 74, 75, 76, 77, 78, 79, 80, 81, 82, 83, 84, 85, 86, 87, 88, 89, 90, 91, 92, 93, 94, 95, 96, 97, 98, 99, 100, 101, 102, 103, 104, 105, 106, 107, 108, 109, 110, 111, 112, 113, 114, 115, 116, 117, 118, 119, 120, 121, 122, 123, 124, 125, 126, 127, 128, 129, 130, 131, 132, 133, 134, 135, 136, 137, 138, 139, 140, 141, 142, 143, 144, 145, 146, 147, 148, 149, 150, 151, 152, 153, 154, 155, 156, 157, 158, 159, 160, 161, 162, 163, 164, 165, 166, 167, 168, 169, 170, 171, 172, 173, 174, 175, 176, 177, 178, 179, 180, 181, 182, 183, 184, 185, 186, 187, 188, 189, 190, 191, 192, 193, 194, 195, 196, 197, 198, 199, 200, 201, 202, 203, 204, 205, 206, 207, 208, 209, 210, 211, 212, 213, 214, 215, 216, 217, 218, 219, 220, 221, 222, 223, 224, 225, 226, 227, 228, 229, 230, 231, 232, 233, 234, 235, 236, 237, 238, 239, 240, 241, 242, 243, 244, 245, 246, 247, 248, 249]
2025-07-21 19:08:44,491 [DEBUG]: Module for EulerBernoulliBeamElement3D loaded.
2025-07-21 19:08:44,491 [DEBUG]: ✅ Element 0 (EulerBernoulliBeamElement3D) instantiated.
2025-07-21 19:08:44,491 [DEBUG]: ✅ Element 1 (EulerBernoulliBeamElement3D) instantiated.
2025-07-21 19:08:44,491 [DEBUG]: ✅ Element 2 (EulerBernoulliBeamElement3D) instantiated.
2025-07-21 19:08:44,491 [DEBUG]: ✅ Element 3 (EulerBernoulliBeamElement3D) instantiated.
2025-07-21 19:08:44,491 [DEBUG]: ✅ Element 4 (EulerBernoulliBeamElement3D) instantiated.
2025-07-21 19:08:44,491 [DEBUG]: ✅ Element 5 (EulerBernoulliBeamElement3D) instantiated.
2025-07-21 19:08:44,506 [DEBUG]: ✅ Element 6 (EulerBernoulliBeamElement3D) instantiated.
2025-07-21 19:08:44,508 [DEBUG]: ✅ Element 7 (EulerBernoulliBeamElement3D) instantiated.
2025-07-21 19:08:44,508 [DEBUG]: ✅ Element 8 (EulerBernoulliBeamElement3D) instantiated.
2025-07-21 19:08:44,508 [DEBUG]: ✅ Element 9 (EulerBernoulliBeamElement3D) instantiated.
2025-07-21 19:08:44,508 [DEBUG]: ✅ Element 10 (EulerBernoulliBeamElement3D) instantiated.
2025-07-21 19:08:44,508 [DEBUG]: ✅ Element 11 (EulerBernoulliBeamElement3D) instantiated.
2025-07-21 19:08:44,508 [DEBUG]: ✅ Element 12 (EulerBernoulliBeamElement3D) instantiated.
2025-07-21 19:08:44,508 [DEBUG]: ✅ Element 13 (EulerBernoulliBeamElement3D) instantiated.
2025-07-21 19:08:44,508 [DEBUG]: ✅ Element 14 (EulerBernoulliBeamElement3D) instantiated.
2025-07-21 19:08:44,508 [DEBUG]: ✅ Element 15 (EulerBernoulliBeamElement3D) instantiated.
2025-07-21 19:08:44,521 [DEBUG]: ✅ Element 16 (EulerBernoulliBeamElement3D) instantiated.
2025-07-21 19:08:44,523 [DEBUG]: ✅ Element 17 (EulerBernoulliBeamElement3D) instantiated.
2025-07-21 19:08:44,524 [DEBUG]: ✅ Element 18 (EulerBernoulliBeamElement3D) instantiated.
2025-07-21 19:08:44,526 [DEBUG]: ✅ Element 19 (EulerBernoulliBeamElement3D) instantiated.
2025-07-21 19:08:44,527 [DEBUG]: ✅ Element 20 (EulerBernoulliBeamElement3D) instantiated.
2025-07-21 19:08:44,528 [DEBUG]: ✅ Element 21 (EulerBernoulliBeamElement3D) instantiated.
2025-07-21 19:08:44,529 [DEBUG]: ✅ Element 22 (EulerBernoulliBeamElement3D) instantiated.
2025-07-21 19:08:44,530 [DEBUG]: ✅ Element 23 (EulerBernoulliBeamElement3D) instantiated.
2025-07-21 19:08:44,531 [DEBUG]: ✅ Element 24 (EulerBernoulliBeamElement3D) instantiated.
2025-07-21 19:08:44,533 [DEBUG]: ✅ Element 25 (EulerBernoulliBeamElement3D) instantiated.
2025-07-21 19:08:44,534 [DEBUG]: ✅ Element 26 (EulerBernoulliBeamElement3D) instantiated.
2025-07-21 19:08:44,535 [DEBUG]: ✅ Element 27 (EulerBernoulliBeamElement3D) instantiated.
2025-07-21 19:08:44,536 [DEBUG]: ✅ Element 28 (EulerBernoulliBeamElement3D) instantiated.
2025-07-21 19:08:44,537 [DEBUG]: ✅ Element 29 (EulerBernoulliBeamElement3D) instantiated.
2025-07-21 19:08:44,538 [DEBUG]: ✅ Element 30 (EulerBernoulliBeamElement3D) instantiated.
2025-07-21 19:08:44,539 [DEBUG]: ✅ Element 31 (EulerBernoulliBeamElement3D) instantiated.
2025-07-21 19:08:44,541 [DEBUG]: ✅ Element 32 (EulerBernoulliBeamElement3D) instantiated.
2025-07-21 19:08:44,542 [DEBUG]: ✅ Element 33 (EulerBernoulliBeamElement3D) instantiated.
2025-07-21 19:08:44,543 [DEBUG]: ✅ Element 34 (EulerBernoulliBeamElement3D) instantiated.
2025-07-21 19:08:44,544 [DEBUG]: ✅ Element 35 (EulerBernoulliBeamElement3D) instantiated.
2025-07-21 19:08:44,545 [DEBUG]: ✅ Element 36 (EulerBernoulliBeamElement3D) instantiated.
2025-07-21 19:08:44,546 [DEBUG]: ✅ Element 37 (EulerBernoulliBeamElement3D) instantiated.
2025-07-21 19:08:44,548 [DEBUG]: ✅ Element 38 (EulerBernoulliBeamElement3D) instantiated.
2025-07-21 19:08:44,549 [DEBUG]: ✅ Element 39 (EulerBernoulliBeamElement3D) instantiated.
2025-07-21 19:08:44,550 [DEBUG]: ✅ Element 40 (EulerBernoulliBeamElement3D) instantiated.
2025-07-21 19:08:44,551 [DEBUG]: ✅ Element 41 (EulerBernoulliBeamElement3D) instantiated.
2025-07-21 19:08:44,552 [DEBUG]: ✅ Element 42 (EulerBernoulliBeamElement3D) instantiated.
2025-07-21 19:08:44,553 [DEBUG]: ✅ Element 43 (EulerBernoulliBeamElement3D) instantiated.
2025-07-21 19:08:44,555 [DEBUG]: ✅ Element 44 (EulerBernoulliBeamElement3D) instantiated.
2025-07-21 19:08:44,555 [DEBUG]: ✅ Element 45 (EulerBernoulliBeamElement3D) instantiated.
2025-07-21 19:08:44,555 [DEBUG]: ✅ Element 46 (EulerBernoulliBeamElement3D) instantiated.
2025-07-21 19:08:44,555 [DEBUG]: ✅ Element 47 (EulerBernoulliBeamElement3D) instantiated.
2025-07-21 19:08:44,555 [DEBUG]: ✅ Element 48 (EulerBernoulliBeamElement3D) instantiated.
2025-07-21 19:08:44,555 [DEBUG]: ✅ Element 49 (EulerBernoulliBeamElement3D) instantiated.
2025-07-21 19:08:44,555 [DEBUG]: ✅ Element 50 (EulerBernoulliBeamElement3D) instantiated.
2025-07-21 19:08:44,555 [DEBUG]: ✅ Element 51 (EulerBernoulliBeamElement3D) instantiated.
2025-07-21 19:08:44,555 [DEBUG]: ✅ Element 52 (EulerBernoulliBeamElement3D) instantiated.
2025-07-21 19:08:44,555 [DEBUG]: ✅ Element 53 (EulerBernoulliBeamElement3D) instantiated.
2025-07-21 19:08:44,555 [DEBUG]: ✅ Element 54 (EulerBernoulliBeamElement3D) instantiated.
2025-07-21 19:08:44,555 [DEBUG]: ✅ Element 55 (EulerBernoulliBeamElement3D) instantiated.
2025-07-21 19:08:44,555 [DEBUG]: ✅ Element 56 (EulerBernoulliBeamElement3D) instantiated.
2025-07-21 19:08:44,570 [DEBUG]: ✅ Element 57 (EulerBernoulliBeamElement3D) instantiated.
2025-07-21 19:08:44,570 [DEBUG]: ✅ Element 58 (EulerBernoulliBeamElement3D) instantiated.
2025-07-21 19:08:44,570 [DEBUG]: ✅ Element 59 (EulerBernoulliBeamElement3D) instantiated.
2025-07-21 19:08:44,570 [DEBUG]: ✅ Element 60 (EulerBernoulliBeamElement3D) instantiated.
2025-07-21 19:08:44,570 [DEBUG]: ✅ Element 61 (EulerBernoulliBeamElement3D) instantiated.
2025-07-21 19:08:44,570 [DEBUG]: ✅ Element 62 (EulerBernoulliBeamElement3D) instantiated.
2025-07-21 19:08:44,570 [DEBUG]: ✅ Element 63 (EulerBernoulliBeamElement3D) instantiated.
2025-07-21 19:08:44,570 [DEBUG]: ✅ Element 64 (EulerBernoulliBeamElement3D) instantiated.
2025-07-21 19:08:44,570 [DEBUG]: ✅ Element 65 (EulerBernoulliBeamElement3D) instantiated.
2025-07-21 19:08:44,580 [DEBUG]: ✅ Element 66 (EulerBernoulliBeamElement3D) instantiated.
2025-07-21 19:08:44,580 [DEBUG]: ✅ Element 67 (EulerBernoulliBeamElement3D) instantiated.
2025-07-21 19:08:44,580 [DEBUG]: ✅ Element 68 (EulerBernoulliBeamElement3D) instantiated.
2025-07-21 19:08:44,580 [DEBUG]: ✅ Element 69 (EulerBernoulliBeamElement3D) instantiated.
2025-07-21 19:08:44,586 [DEBUG]: ✅ Element 70 (EulerBernoulliBeamElement3D) instantiated.
2025-07-21 19:08:44,586 [DEBUG]: ✅ Element 71 (EulerBernoulliBeamElement3D) instantiated.
2025-07-21 19:08:44,586 [DEBUG]: ✅ Element 72 (EulerBernoulliBeamElement3D) instantiated.
2025-07-21 19:08:44,586 [DEBUG]: ✅ Element 73 (EulerBernoulliBeamElement3D) instantiated.
2025-07-21 19:08:44,586 [DEBUG]: ✅ Element 74 (EulerBernoulliBeamElement3D) instantiated.
2025-07-21 19:08:44,586 [DEBUG]: ✅ Element 75 (EulerBernoulliBeamElement3D) instantiated.
2025-07-21 19:08:44,586 [DEBUG]: ✅ Element 76 (EulerBernoulliBeamElement3D) instantiated.
2025-07-21 19:08:44,586 [DEBUG]: ✅ Element 77 (EulerBernoulliBeamElement3D) instantiated.
2025-07-21 19:08:44,586 [DEBUG]: ✅ Element 78 (EulerBernoulliBeamElement3D) instantiated.
2025-07-21 19:08:44,586 [DEBUG]: ✅ Element 79 (EulerBernoulliBeamElement3D) instantiated.
2025-07-21 19:08:44,586 [DEBUG]: ✅ Element 80 (EulerBernoulliBeamElement3D) instantiated.
2025-07-21 19:08:44,586 [DEBUG]: ✅ Element 81 (EulerBernoulliBeamElement3D) instantiated.
2025-07-21 19:08:44,602 [DEBUG]: ✅ Element 82 (EulerBernoulliBeamElement3D) instantiated.
2025-07-21 19:08:44,602 [DEBUG]: ✅ Element 83 (EulerBernoulliBeamElement3D) instantiated.
2025-07-21 19:08:44,602 [DEBUG]: ✅ Element 84 (EulerBernoulliBeamElement3D) instantiated.
2025-07-21 19:08:44,602 [DEBUG]: ✅ Element 85 (EulerBernoulliBeamElement3D) instantiated.
2025-07-21 19:08:44,602 [DEBUG]: ✅ Element 86 (EulerBernoulliBeamElement3D) instantiated.
2025-07-21 19:08:44,602 [DEBUG]: ✅ Element 87 (EulerBernoulliBeamElement3D) instantiated.
2025-07-21 19:08:44,602 [DEBUG]: ✅ Element 88 (EulerBernoulliBeamElement3D) instantiated.
2025-07-21 19:08:44,602 [DEBUG]: ✅ Element 89 (EulerBernoulliBeamElement3D) instantiated.
2025-07-21 19:08:44,602 [DEBUG]: ✅ Element 90 (EulerBernoulliBeamElement3D) instantiated.
2025-07-21 19:08:44,602 [DEBUG]: ✅ Element 91 (EulerBernoulliBeamElement3D) instantiated.
2025-07-21 19:08:44,602 [DEBUG]: ✅ Element 92 (EulerBernoulliBeamElement3D) instantiated.
2025-07-21 19:08:44,602 [DEBUG]: ✅ Element 93 (EulerBernoulliBeamElement3D) instantiated.
2025-07-21 19:08:44,602 [DEBUG]: ✅ Element 94 (EulerBernoulliBeamElement3D) instantiated.
2025-07-21 19:08:44,602 [DEBUG]: ✅ Element 95 (EulerBernoulliBeamElement3D) instantiated.
2025-07-21 19:08:44,617 [DEBUG]: ✅ Element 96 (EulerBernoulliBeamElement3D) instantiated.
2025-07-21 19:08:44,617 [DEBUG]: ✅ Element 97 (EulerBernoulliBeamElement3D) instantiated.
2025-07-21 19:08:44,617 [DEBUG]: ✅ Element 98 (EulerBernoulliBeamElement3D) instantiated.
2025-07-21 19:08:44,617 [DEBUG]: ✅ Element 99 (EulerBernoulliBeamElement3D) instantiated.
2025-07-21 19:08:44,617 [DEBUG]: ✅ Element 100 (EulerBernoulliBeamElement3D) instantiated.
2025-07-21 19:08:44,617 [DEBUG]: ✅ Element 101 (EulerBernoulliBeamElement3D) instantiated.
2025-07-21 19:08:44,625 [DEBUG]: ✅ Element 102 (EulerBernoulliBeamElement3D) instantiated.
2025-07-21 19:08:44,625 [DEBUG]: ✅ Element 103 (EulerBernoulliBeamElement3D) instantiated.
2025-07-21 19:08:44,625 [DEBUG]: ✅ Element 104 (EulerBernoulliBeamElement3D) instantiated.
2025-07-21 19:08:44,625 [DEBUG]: ✅ Element 105 (EulerBernoulliBeamElement3D) instantiated.
2025-07-21 19:08:44,625 [DEBUG]: ✅ Element 106 (EulerBernoulliBeamElement3D) instantiated.
2025-07-21 19:08:44,625 [DEBUG]: ✅ Element 107 (EulerBernoulliBeamElement3D) instantiated.
2025-07-21 19:08:44,633 [DEBUG]: ✅ Element 108 (EulerBernoulliBeamElement3D) instantiated.
2025-07-21 19:08:44,634 [DEBUG]: ✅ Element 109 (EulerBernoulliBeamElement3D) instantiated.
2025-07-21 19:08:44,634 [DEBUG]: ✅ Element 110 (EulerBernoulliBeamElement3D) instantiated.
2025-07-21 19:08:44,634 [DEBUG]: ✅ Element 111 (EulerBernoulliBeamElement3D) instantiated.
2025-07-21 19:08:44,634 [DEBUG]: ✅ Element 112 (EulerBernoulliBeamElement3D) instantiated.
2025-07-21 19:08:44,634 [DEBUG]: ✅ Element 113 (EulerBernoulliBeamElement3D) instantiated.
2025-07-21 19:08:44,634 [DEBUG]: ✅ Element 114 (EulerBernoulliBeamElement3D) instantiated.
2025-07-21 19:08:44,634 [DEBUG]: ✅ Element 115 (EulerBernoulliBeamElement3D) instantiated.
2025-07-21 19:08:44,634 [DEBUG]: ✅ Element 116 (EulerBernoulliBeamElement3D) instantiated.
2025-07-21 19:08:44,644 [DEBUG]: ✅ Element 117 (EulerBernoulliBeamElement3D) instantiated.
2025-07-21 19:08:44,644 [DEBUG]: ✅ Element 118 (EulerBernoulliBeamElement3D) instantiated.
2025-07-21 19:08:44,644 [DEBUG]: ✅ Element 119 (EulerBernoulliBeamElement3D) instantiated.
2025-07-21 19:08:44,644 [DEBUG]: ✅ Element 120 (EulerBernoulliBeamElement3D) instantiated.
2025-07-21 19:08:44,649 [DEBUG]: ✅ Element 121 (EulerBernoulliBeamElement3D) instantiated.
2025-07-21 19:08:44,649 [DEBUG]: ✅ Element 122 (EulerBernoulliBeamElement3D) instantiated.
2025-07-21 19:08:44,649 [DEBUG]: ✅ Element 123 (EulerBernoulliBeamElement3D) instantiated.
2025-07-21 19:08:44,649 [DEBUG]: ✅ Element 124 (EulerBernoulliBeamElement3D) instantiated.
2025-07-21 19:08:44,649 [DEBUG]: ✅ Element 125 (EulerBernoulliBeamElement3D) instantiated.
2025-07-21 19:08:44,649 [DEBUG]: ✅ Element 126 (EulerBernoulliBeamElement3D) instantiated.
2025-07-21 19:08:44,649 [DEBUG]: ✅ Element 127 (EulerBernoulliBeamElement3D) instantiated.
2025-07-21 19:08:44,649 [DEBUG]: ✅ Element 128 (EulerBernoulliBeamElement3D) instantiated.
2025-07-21 19:08:44,649 [DEBUG]: ✅ Element 129 (EulerBernoulliBeamElement3D) instantiated.
2025-07-21 19:08:44,649 [DEBUG]: ✅ Element 130 (EulerBernoulliBeamElement3D) instantiated.
2025-07-21 19:08:44,649 [DEBUG]: ✅ Element 131 (EulerBernoulliBeamElement3D) instantiated.
2025-07-21 19:08:44,649 [DEBUG]: ✅ Element 132 (EulerBernoulliBeamElement3D) instantiated.
2025-07-21 19:08:44,649 [DEBUG]: ✅ Element 133 (EulerBernoulliBeamElement3D) instantiated.
2025-07-21 19:08:44,665 [DEBUG]: ✅ Element 134 (EulerBernoulliBeamElement3D) instantiated.
2025-07-21 19:08:44,665 [DEBUG]: ✅ Element 135 (EulerBernoulliBeamElement3D) instantiated.
2025-07-21 19:08:44,665 [DEBUG]: ✅ Element 136 (EulerBernoulliBeamElement3D) instantiated.
2025-07-21 19:08:44,665 [DEBUG]: ✅ Element 137 (EulerBernoulliBeamElement3D) instantiated.
2025-07-21 19:08:44,665 [DEBUG]: ✅ Element 138 (EulerBernoulliBeamElement3D) instantiated.
2025-07-21 19:08:44,665 [DEBUG]: ✅ Element 139 (EulerBernoulliBeamElement3D) instantiated.
2025-07-21 19:08:44,665 [DEBUG]: ✅ Element 140 (EulerBernoulliBeamElement3D) instantiated.
2025-07-21 19:08:44,665 [DEBUG]: ✅ Element 141 (EulerBernoulliBeamElement3D) instantiated.
2025-07-21 19:08:44,665 [DEBUG]: ✅ Element 142 (EulerBernoulliBeamElement3D) instantiated.
2025-07-21 19:08:44,665 [DEBUG]: ✅ Element 143 (EulerBernoulliBeamElement3D) instantiated.
2025-07-21 19:08:44,665 [DEBUG]: ✅ Element 144 (EulerBernoulliBeamElement3D) instantiated.
2025-07-21 19:08:44,681 [DEBUG]: ✅ Element 145 (EulerBernoulliBeamElement3D) instantiated.
2025-07-21 19:08:44,681 [DEBUG]: ✅ Element 146 (EulerBernoulliBeamElement3D) instantiated.
2025-07-21 19:08:44,681 [DEBUG]: ✅ Element 147 (EulerBernoulliBeamElement3D) instantiated.
2025-07-21 19:08:44,681 [DEBUG]: ✅ Element 148 (EulerBernoulliBeamElement3D) instantiated.
2025-07-21 19:08:44,681 [DEBUG]: ✅ Element 149 (EulerBernoulliBeamElement3D) instantiated.
2025-07-21 19:08:44,681 [DEBUG]: ✅ Element 150 (EulerBernoulliBeamElement3D) instantiated.
2025-07-21 19:08:44,681 [DEBUG]: ✅ Element 151 (EulerBernoulliBeamElement3D) instantiated.
2025-07-21 19:08:44,681 [DEBUG]: ✅ Element 152 (EulerBernoulliBeamElement3D) instantiated.
2025-07-21 19:08:44,681 [DEBUG]: ✅ Element 153 (EulerBernoulliBeamElement3D) instantiated.
2025-07-21 19:08:44,691 [DEBUG]: ✅ Element 154 (EulerBernoulliBeamElement3D) instantiated.
2025-07-21 19:08:44,691 [DEBUG]: ✅ Element 155 (EulerBernoulliBeamElement3D) instantiated.
2025-07-21 19:08:44,691 [DEBUG]: ✅ Element 156 (EulerBernoulliBeamElement3D) instantiated.
2025-07-21 19:08:44,691 [DEBUG]: ✅ Element 157 (EulerBernoulliBeamElement3D) instantiated.
2025-07-21 19:08:44,696 [DEBUG]: ✅ Element 158 (EulerBernoulliBeamElement3D) instantiated.
2025-07-21 19:08:44,696 [DEBUG]: ✅ Element 159 (EulerBernoulliBeamElement3D) instantiated.
2025-07-21 19:08:44,696 [DEBUG]: ✅ Element 160 (EulerBernoulliBeamElement3D) instantiated.
2025-07-21 19:08:44,696 [DEBUG]: ✅ Element 161 (EulerBernoulliBeamElement3D) instantiated.
2025-07-21 19:08:44,696 [DEBUG]: ✅ Element 162 (EulerBernoulliBeamElement3D) instantiated.
2025-07-21 19:08:44,696 [DEBUG]: ✅ Element 163 (EulerBernoulliBeamElement3D) instantiated.
2025-07-21 19:08:44,696 [DEBUG]: ✅ Element 164 (EulerBernoulliBeamElement3D) instantiated.
2025-07-21 19:08:44,696 [DEBUG]: ✅ Element 165 (EulerBernoulliBeamElement3D) instantiated.
2025-07-21 19:08:44,696 [DEBUG]: ✅ Element 166 (EulerBernoulliBeamElement3D) instantiated.
2025-07-21 19:08:44,696 [DEBUG]: ✅ Element 167 (EulerBernoulliBeamElement3D) instantiated.
2025-07-21 19:08:44,696 [DEBUG]: ✅ Element 168 (EulerBernoulliBeamElement3D) instantiated.
2025-07-21 19:08:44,696 [DEBUG]: ✅ Element 169 (EulerBernoulliBeamElement3D) instantiated.
2025-07-21 19:08:44,696 [DEBUG]: ✅ Element 170 (EulerBernoulliBeamElement3D) instantiated.
2025-07-21 19:08:44,696 [DEBUG]: ✅ Element 171 (EulerBernoulliBeamElement3D) instantiated.
2025-07-21 19:08:44,696 [DEBUG]: ✅ Element 172 (EulerBernoulliBeamElement3D) instantiated.
2025-07-21 19:08:44,712 [DEBUG]: ✅ Element 173 (EulerBernoulliBeamElement3D) instantiated.
2025-07-21 19:08:44,712 [DEBUG]: ✅ Element 174 (EulerBernoulliBeamElement3D) instantiated.
2025-07-21 19:08:44,712 [DEBUG]: ✅ Element 175 (EulerBernoulliBeamElement3D) instantiated.
2025-07-21 19:08:44,712 [DEBUG]: ✅ Element 176 (EulerBernoulliBeamElement3D) instantiated.
2025-07-21 19:08:44,712 [DEBUG]: ✅ Element 177 (EulerBernoulliBeamElement3D) instantiated.
2025-07-21 19:08:44,712 [DEBUG]: ✅ Element 178 (EulerBernoulliBeamElement3D) instantiated.
2025-07-21 19:08:44,712 [DEBUG]: ✅ Element 179 (EulerBernoulliBeamElement3D) instantiated.
2025-07-21 19:08:44,712 [DEBUG]: ✅ Element 180 (EulerBernoulliBeamElement3D) instantiated.
2025-07-21 19:08:44,712 [DEBUG]: ✅ Element 181 (EulerBernoulliBeamElement3D) instantiated.
2025-07-21 19:08:44,712 [DEBUG]: ✅ Element 182 (EulerBernoulliBeamElement3D) instantiated.
2025-07-21 19:08:44,712 [DEBUG]: ✅ Element 183 (EulerBernoulliBeamElement3D) instantiated.
2025-07-21 19:08:44,725 [DEBUG]: ✅ Element 184 (EulerBernoulliBeamElement3D) instantiated.
2025-07-21 19:08:44,727 [DEBUG]: ✅ Element 185 (EulerBernoulliBeamElement3D) instantiated.
2025-07-21 19:08:44,727 [DEBUG]: ✅ Element 186 (EulerBernoulliBeamElement3D) instantiated.
2025-07-21 19:08:44,727 [DEBUG]: ✅ Element 187 (EulerBernoulliBeamElement3D) instantiated.
2025-07-21 19:08:44,727 [DEBUG]: ✅ Element 188 (EulerBernoulliBeamElement3D) instantiated.
2025-07-21 19:08:44,727 [DEBUG]: ✅ Element 189 (EulerBernoulliBeamElement3D) instantiated.
2025-07-21 19:08:44,727 [DEBUG]: ✅ Element 190 (EulerBernoulliBeamElement3D) instantiated.
2025-07-21 19:08:44,727 [DEBUG]: ✅ Element 191 (EulerBernoulliBeamElement3D) instantiated.
2025-07-21 19:08:44,727 [DEBUG]: ✅ Element 192 (EulerBernoulliBeamElement3D) instantiated.
2025-07-21 19:08:44,727 [DEBUG]: ✅ Element 193 (EulerBernoulliBeamElement3D) instantiated.
2025-07-21 19:08:44,737 [DEBUG]: ✅ Element 194 (EulerBernoulliBeamElement3D) instantiated.
2025-07-21 19:08:44,737 [DEBUG]: ✅ Element 195 (EulerBernoulliBeamElement3D) instantiated.
2025-07-21 19:08:44,737 [DEBUG]: ✅ Element 196 (EulerBernoulliBeamElement3D) instantiated.
2025-07-21 19:08:44,737 [DEBUG]: ✅ Element 197 (EulerBernoulliBeamElement3D) instantiated.
2025-07-21 19:08:44,737 [DEBUG]: ✅ Element 198 (EulerBernoulliBeamElement3D) instantiated.
2025-07-21 19:08:44,737 [DEBUG]: ✅ Element 199 (EulerBernoulliBeamElement3D) instantiated.
2025-07-21 19:08:44,743 [DEBUG]: ✅ Element 200 (EulerBernoulliBeamElement3D) instantiated.
2025-07-21 19:08:44,743 [DEBUG]: ✅ Element 201 (EulerBernoulliBeamElement3D) instantiated.
2025-07-21 19:08:44,743 [DEBUG]: ✅ Element 202 (EulerBernoulliBeamElement3D) instantiated.
2025-07-21 19:08:44,743 [DEBUG]: ✅ Element 203 (EulerBernoulliBeamElement3D) instantiated.
2025-07-21 19:08:44,743 [DEBUG]: ✅ Element 204 (EulerBernoulliBeamElement3D) instantiated.
2025-07-21 19:08:44,743 [DEBUG]: ✅ Element 205 (EulerBernoulliBeamElement3D) instantiated.
2025-07-21 19:08:44,743 [DEBUG]: ✅ Element 206 (EulerBernoulliBeamElement3D) instantiated.
2025-07-21 19:08:44,743 [DEBUG]: ✅ Element 207 (EulerBernoulliBeamElement3D) instantiated.
2025-07-21 19:08:44,743 [DEBUG]: ✅ Element 208 (EulerBernoulliBeamElement3D) instantiated.
2025-07-21 19:08:44,743 [DEBUG]: ✅ Element 209 (EulerBernoulliBeamElement3D) instantiated.
2025-07-21 19:08:44,743 [DEBUG]: ✅ Element 210 (EulerBernoulliBeamElement3D) instantiated.
2025-07-21 19:08:44,743 [DEBUG]: ✅ Element 211 (EulerBernoulliBeamElement3D) instantiated.
2025-07-21 19:08:44,743 [DEBUG]: ✅ Element 212 (EulerBernoulliBeamElement3D) instantiated.
2025-07-21 19:08:44,759 [DEBUG]: ✅ Element 213 (EulerBernoulliBeamElement3D) instantiated.
2025-07-21 19:08:44,760 [DEBUG]: ✅ Element 214 (EulerBernoulliBeamElement3D) instantiated.
2025-07-21 19:08:44,761 [DEBUG]: ✅ Element 215 (EulerBernoulliBeamElement3D) instantiated.
2025-07-21 19:08:44,762 [DEBUG]: ✅ Element 216 (EulerBernoulliBeamElement3D) instantiated.
2025-07-21 19:08:44,763 [DEBUG]: ✅ Element 217 (EulerBernoulliBeamElement3D) instantiated.
2025-07-21 19:08:44,765 [DEBUG]: ✅ Element 218 (EulerBernoulliBeamElement3D) instantiated.
2025-07-21 19:08:44,766 [DEBUG]: ✅ Element 219 (EulerBernoulliBeamElement3D) instantiated.
2025-07-21 19:08:44,767 [DEBUG]: ✅ Element 220 (EulerBernoulliBeamElement3D) instantiated.
2025-07-21 19:08:44,769 [DEBUG]: ✅ Element 221 (EulerBernoulliBeamElement3D) instantiated.
2025-07-21 19:08:44,770 [DEBUG]: ✅ Element 222 (EulerBernoulliBeamElement3D) instantiated.
2025-07-21 19:08:44,771 [DEBUG]: ✅ Element 223 (EulerBernoulliBeamElement3D) instantiated.
2025-07-21 19:08:44,772 [DEBUG]: ✅ Element 224 (EulerBernoulliBeamElement3D) instantiated.
2025-07-21 19:08:44,774 [DEBUG]: ✅ Element 225 (EulerBernoulliBeamElement3D) instantiated.
2025-07-21 19:08:44,775 [DEBUG]: ✅ Element 226 (EulerBernoulliBeamElement3D) instantiated.
2025-07-21 19:08:44,776 [DEBUG]: ✅ Element 227 (EulerBernoulliBeamElement3D) instantiated.
2025-07-21 19:08:44,777 [DEBUG]: ✅ Element 228 (EulerBernoulliBeamElement3D) instantiated.
2025-07-21 19:08:44,778 [DEBUG]: ✅ Element 229 (EulerBernoulliBeamElement3D) instantiated.
2025-07-21 19:08:44,779 [DEBUG]: ✅ Element 230 (EulerBernoulliBeamElement3D) instantiated.
2025-07-21 19:08:44,780 [DEBUG]: ✅ Element 231 (EulerBernoulliBeamElement3D) instantiated.
2025-07-21 19:08:44,782 [DEBUG]: ✅ Element 232 (EulerBernoulliBeamElement3D) instantiated.
2025-07-21 19:08:44,783 [DEBUG]: ✅ Element 233 (EulerBernoulliBeamElement3D) instantiated.
2025-07-21 19:08:44,785 [DEBUG]: ✅ Element 234 (EulerBernoulliBeamElement3D) instantiated.
2025-07-21 19:08:44,786 [DEBUG]: ✅ Element 235 (EulerBernoulliBeamElement3D) instantiated.
2025-07-21 19:08:44,786 [DEBUG]: ✅ Element 236 (EulerBernoulliBeamElement3D) instantiated.
2025-07-21 19:08:44,788 [DEBUG]: ✅ Element 237 (EulerBernoulliBeamElement3D) instantiated.
2025-07-21 19:08:44,789 [DEBUG]: ✅ Element 238 (EulerBernoulliBeamElement3D) instantiated.
2025-07-21 19:08:44,790 [DEBUG]: ✅ Element 239 (EulerBernoulliBeamElement3D) instantiated.
2025-07-21 19:08:44,792 [DEBUG]: ✅ Element 240 (EulerBernoulliBeamElement3D) instantiated.
2025-07-21 19:08:44,793 [DEBUG]: ✅ Element 241 (EulerBernoulliBeamElement3D) instantiated.
2025-07-21 19:08:44,794 [DEBUG]: ✅ Element 242 (EulerBernoulliBeamElement3D) instantiated.
2025-07-21 19:08:44,795 [DEBUG]: ✅ Element 243 (EulerBernoulliBeamElement3D) instantiated.
2025-07-21 19:08:44,796 [DEBUG]: ✅ Element 244 (EulerBernoulliBeamElement3D) instantiated.
2025-07-21 19:08:44,797 [DEBUG]: ✅ Element 245 (EulerBernoulliBeamElement3D) instantiated.
2025-07-21 19:08:44,799 [DEBUG]: ✅ Element 246 (EulerBernoulliBeamElement3D) instantiated.
2025-07-21 19:08:44,801 [DEBUG]: ✅ Element 247 (EulerBernoulliBeamElement3D) instantiated.
2025-07-21 19:08:44,802 [DEBUG]: ✅ Element 248 (EulerBernoulliBeamElement3D) instantiated.
2025-07-21 19:08:44,803 [DEBUG]: ✅ Element 249 (EulerBernoulliBeamElement3D) instantiated.
2025-07-21 19:08:44,809 [DEBUG]: Logging verified for element 0.
2025-07-21 19:08:44,815 [DEBUG]: Logging verified for element 1.
2025-07-21 19:08:44,819 [DEBUG]: Logging verified for element 2.
2025-07-21 19:08:44,826 [DEBUG]: Logging verified for element 3.
2025-07-21 19:08:44,831 [DEBUG]: Logging verified for element 4.
2025-07-21 19:08:44,841 [DEBUG]: Logging verified for element 5.
2025-07-21 19:08:44,847 [DEBUG]: Logging verified for element 6.
2025-07-21 19:08:44,852 [DEBUG]: Logging verified for element 7.
2025-07-21 19:08:44,857 [DEBUG]: Logging verified for element 8.
2025-07-21 19:08:44,863 [DEBUG]: Logging verified for element 9.
2025-07-21 19:08:44,868 [DEBUG]: Logging verified for element 10.
2025-07-21 19:08:44,874 [DEBUG]: Logging verified for element 11.
2025-07-21 19:08:44,880 [DEBUG]: Logging verified for element 12.
2025-07-21 19:08:44,886 [DEBUG]: Logging verified for element 13.
2025-07-21 19:08:44,891 [DEBUG]: Logging verified for element 14.
2025-07-21 19:08:44,891 [DEBUG]: Logging verified for element 15.
2025-07-21 19:08:44,891 [DEBUG]: Logging verified for element 16.
2025-07-21 19:08:44,907 [DEBUG]: Logging verified for element 17.
2025-07-21 19:08:44,912 [DEBUG]: Logging verified for element 18.
2025-07-21 19:08:44,918 [DEBUG]: Logging verified for element 19.
2025-07-21 19:08:44,924 [DEBUG]: Logging verified for element 20.
2025-07-21 19:08:44,929 [DEBUG]: Logging verified for element 21.
2025-07-21 19:08:44,935 [DEBUG]: Logging verified for element 22.
2025-07-21 19:08:44,940 [DEBUG]: Logging verified for element 23.
2025-07-21 19:08:44,946 [DEBUG]: Logging verified for element 24.
2025-07-21 19:08:44,951 [DEBUG]: Logging verified for element 25.
2025-07-21 19:08:44,956 [DEBUG]: Logging verified for element 26.
2025-07-21 19:08:44,962 [DEBUG]: Logging verified for element 27.
2025-07-21 19:08:44,967 [DEBUG]: Logging verified for element 28.
2025-07-21 19:08:44,974 [DEBUG]: Logging verified for element 29.
2025-07-21 19:08:44,980 [DEBUG]: Logging verified for element 30.
2025-07-21 19:08:44,985 [DEBUG]: Logging verified for element 31.
2025-07-21 19:08:44,988 [DEBUG]: Logging verified for element 32.
2025-07-21 19:08:44,988 [DEBUG]: Logging verified for element 33.
2025-07-21 19:08:44,988 [DEBUG]: Logging verified for element 34.
2025-07-21 19:08:45,003 [DEBUG]: Logging verified for element 35.
2025-07-21 19:08:45,003 [DEBUG]: Logging verified for element 36.
2025-07-21 19:08:45,019 [DEBUG]: Logging verified for element 37.
2025-07-21 19:08:45,026 [DEBUG]: Logging verified for element 38.
2025-07-21 19:08:45,026 [DEBUG]: Logging verified for element 39.
2025-07-21 19:08:45,035 [DEBUG]: Logging verified for element 40.
2025-07-21 19:08:45,035 [DEBUG]: Logging verified for element 41.
2025-07-21 19:08:45,045 [DEBUG]: Logging verified for element 42.
2025-07-21 19:08:45,051 [DEBUG]: Logging verified for element 43.
2025-07-21 19:08:45,051 [DEBUG]: Logging verified for element 44.
2025-07-21 19:08:45,066 [DEBUG]: Logging verified for element 45.
2025-07-21 19:08:45,066 [DEBUG]: Logging verified for element 46.
2025-07-21 19:08:45,066 [DEBUG]: Logging verified for element 47.
2025-07-21 19:08:45,083 [DEBUG]: Logging verified for element 48.
2025-07-21 19:08:45,083 [DEBUG]: Logging verified for element 49.
2025-07-21 19:08:45,098 [DEBUG]: Logging verified for element 50.
2025-07-21 19:08:45,098 [DEBUG]: Logging verified for element 51.
2025-07-21 19:08:45,098 [DEBUG]: Logging verified for element 52.
2025-07-21 19:08:45,113 [DEBUG]: Logging verified for element 53.
2025-07-21 19:08:45,113 [DEBUG]: Logging verified for element 54.
2025-07-21 19:08:45,126 [DEBUG]: Logging verified for element 55.
2025-07-21 19:08:45,130 [DEBUG]: Logging verified for element 56.
2025-07-21 19:08:45,130 [DEBUG]: Logging verified for element 57.
2025-07-21 19:08:45,140 [DEBUG]: Logging verified for element 58.
2025-07-21 19:08:45,145 [DEBUG]: Logging verified for element 59.
2025-07-21 19:08:45,145 [DEBUG]: Logging verified for element 60.
2025-07-21 19:08:45,161 [DEBUG]: Logging verified for element 61.
2025-07-21 19:08:45,161 [DEBUG]: Logging verified for element 62.
2025-07-21 19:08:45,161 [DEBUG]: Logging verified for element 63.
2025-07-21 19:08:45,176 [DEBUG]: Logging verified for element 64.
2025-07-21 19:08:45,176 [DEBUG]: Logging verified for element 65.
2025-07-21 19:08:45,186 [DEBUG]: Logging verified for element 66.
2025-07-21 19:08:45,192 [DEBUG]: Logging verified for element 67.
2025-07-21 19:08:45,192 [DEBUG]: Logging verified for element 68.
2025-07-21 19:08:45,192 [DEBUG]: Logging verified for element 69.
2025-07-21 19:08:45,211 [DEBUG]: Logging verified for element 70.
2025-07-21 19:08:45,213 [DEBUG]: Logging verified for element 71.
2025-07-21 19:08:45,224 [DEBUG]: Logging verified for element 72.
2025-07-21 19:08:45,226 [DEBUG]: Logging verified for element 73.
2025-07-21 19:08:45,240 [DEBUG]: Logging verified for element 74.
2025-07-21 19:08:45,245 [DEBUG]: Logging verified for element 75.
2025-07-21 19:08:45,251 [DEBUG]: Logging verified for element 76.
2025-07-21 19:08:45,257 [DEBUG]: Logging verified for element 77.
2025-07-21 19:08:45,262 [DEBUG]: Logging verified for element 78.
2025-07-21 19:08:45,267 [DEBUG]: Logging verified for element 79.
2025-07-21 19:08:45,272 [DEBUG]: Logging verified for element 80.
2025-07-21 19:08:45,272 [DEBUG]: Logging verified for element 81.
2025-07-21 19:08:45,280 [DEBUG]: Logging verified for element 82.
2025-07-21 19:08:45,288 [DEBUG]: Logging verified for element 83.
2025-07-21 19:08:45,296 [DEBUG]: Logging verified for element 84.
2025-07-21 19:08:45,300 [DEBUG]: Logging verified for element 85.
2025-07-21 19:08:45,307 [DEBUG]: Logging verified for element 86.
2025-07-21 19:08:45,309 [DEBUG]: Logging verified for element 87.
2025-07-21 19:08:45,309 [DEBUG]: Logging verified for element 88.
2025-07-21 19:08:45,331 [DEBUG]: Logging verified for element 89.
2025-07-21 19:08:45,336 [DEBUG]: Logging verified for element 90.
2025-07-21 19:08:45,341 [DEBUG]: Logging verified for element 91.
2025-07-21 19:08:45,347 [DEBUG]: Logging verified for element 92.
2025-07-21 19:08:45,353 [DEBUG]: Logging verified for element 93.
2025-07-21 19:08:45,359 [DEBUG]: Logging verified for element 94.
2025-07-21 19:08:45,359 [DEBUG]: Logging verified for element 95.
2025-07-21 19:08:45,359 [DEBUG]: Logging verified for element 96.
2025-07-21 19:08:45,375 [DEBUG]: Logging verified for element 97.
2025-07-21 19:08:45,380 [DEBUG]: Logging verified for element 98.
2025-07-21 19:08:45,386 [DEBUG]: Logging verified for element 99.
2025-07-21 19:08:45,391 [DEBUG]: Logging verified for element 100.
2025-07-21 19:08:45,397 [DEBUG]: Logging verified for element 101.
2025-07-21 19:08:45,403 [DEBUG]: Logging verified for element 102.
2025-07-21 19:08:45,405 [DEBUG]: Logging verified for element 103.
2025-07-21 19:08:45,405 [DEBUG]: Logging verified for element 104.
2025-07-21 19:08:45,405 [DEBUG]: Logging verified for element 105.
2025-07-21 19:08:45,421 [DEBUG]: Logging verified for element 106.
2025-07-21 19:08:45,426 [DEBUG]: Logging verified for element 107.
2025-07-21 19:08:45,432 [DEBUG]: Logging verified for element 108.
2025-07-21 19:08:45,437 [DEBUG]: Logging verified for element 109.
2025-07-21 19:08:45,437 [DEBUG]: Logging verified for element 110.
2025-07-21 19:08:45,453 [DEBUG]: Logging verified for element 111.
2025-07-21 19:08:45,453 [DEBUG]: Logging verified for element 112.
2025-07-21 19:08:45,453 [DEBUG]: Logging verified for element 113.
2025-07-21 19:08:45,468 [DEBUG]: Logging verified for element 114.
2025-07-21 19:08:45,468 [DEBUG]: Logging verified for element 115.
2025-07-21 19:08:45,484 [DEBUG]: Logging verified for element 116.
2025-07-21 19:08:45,484 [DEBUG]: Logging verified for element 117.
2025-07-21 19:08:45,494 [DEBUG]: Logging verified for element 118.
2025-07-21 19:08:45,500 [DEBUG]: Logging verified for element 119.
2025-07-21 19:08:45,500 [DEBUG]: Logging verified for element 120.
2025-07-21 19:08:45,500 [DEBUG]: Logging verified for element 121.
2025-07-21 19:08:45,515 [DEBUG]: Logging verified for element 122.
2025-07-21 19:08:45,515 [DEBUG]: Logging verified for element 123.
2025-07-21 19:08:45,526 [DEBUG]: Logging verified for element 124.
2025-07-21 19:08:45,531 [DEBUG]: Logging verified for element 125.
2025-07-21 19:08:45,531 [DEBUG]: Logging verified for element 126.
2025-07-21 19:08:45,541 [DEBUG]: Logging verified for element 127.
2025-07-21 19:08:45,547 [DEBUG]: Logging verified for element 128.
2025-07-21 19:08:45,547 [DEBUG]: Logging verified for element 129.
2025-07-21 19:08:45,563 [DEBUG]: Logging verified for element 130.
2025-07-21 19:08:45,595 [DEBUG]: Logging verified for element 131.
2025-07-21 19:08:45,595 [DEBUG]: Logging verified for element 132.
2025-07-21 19:08:45,595 [DEBUG]: Logging verified for element 133.
2025-07-21 19:08:45,610 [DEBUG]: Logging verified for element 134.
2025-07-21 19:08:45,610 [DEBUG]: Logging verified for element 135.
2025-07-21 19:08:45,610 [DEBUG]: Logging verified for element 136.
2025-07-21 19:08:45,627 [DEBUG]: Logging verified for element 137.
2025-07-21 19:08:45,627 [DEBUG]: Logging verified for element 138.
2025-07-21 19:08:45,641 [DEBUG]: Logging verified for element 139.
2025-07-21 19:08:45,647 [DEBUG]: Logging verified for element 140.
2025-07-21 19:08:45,652 [DEBUG]: Logging verified for element 141.
2025-07-21 19:08:45,658 [DEBUG]: Logging verified for element 142.
2025-07-21 19:08:45,664 [DEBUG]: Logging verified for element 143.
2025-07-21 19:08:45,669 [DEBUG]: Logging verified for element 144.
2025-07-21 19:08:45,674 [DEBUG]: Logging verified for element 145.
2025-07-21 19:08:45,674 [DEBUG]: Logging verified for element 146.
2025-07-21 19:08:45,682 [DEBUG]: Logging verified for element 147.
2025-07-21 19:08:45,689 [DEBUG]: Logging verified for element 148.
2025-07-21 19:08:45,689 [DEBUG]: Logging verified for element 149.
2025-07-21 19:08:45,689 [DEBUG]: Logging verified for element 150.
2025-07-21 19:08:45,705 [DEBUG]: Logging verified for element 151.
2025-07-21 19:08:45,705 [DEBUG]: Logging verified for element 152.
2025-07-21 19:08:45,720 [DEBUG]: Logging verified for element 153.
2025-07-21 19:08:45,727 [DEBUG]: Logging verified for element 154.
2025-07-21 19:08:45,731 [DEBUG]: Logging verified for element 155.
2025-07-21 19:08:45,741 [DEBUG]: Logging verified for element 156.
2025-07-21 19:08:45,747 [DEBUG]: Logging verified for element 157.
2025-07-21 19:08:45,753 [DEBUG]: Logging verified for element 158.
2025-07-21 19:08:45,758 [DEBUG]: Logging verified for element 159.
2025-07-21 19:08:45,772 [DEBUG]: Logging verified for element 160.
2025-07-21 19:08:45,790 [DEBUG]: Logging verified for element 161.
2025-07-21 19:08:45,795 [DEBUG]: Logging verified for element 162.
2025-07-21 19:08:45,805 [DEBUG]: Logging verified for element 163.
2025-07-21 19:08:45,805 [DEBUG]: Logging verified for element 164.
2025-07-21 19:08:45,823 [DEBUG]: Logging verified for element 165.
2025-07-21 19:08:45,830 [DEBUG]: Logging verified for element 166.
2025-07-21 19:08:45,836 [DEBUG]: Logging verified for element 167.
2025-07-21 19:08:45,836 [DEBUG]: Logging verified for element 168.
2025-07-21 19:08:45,836 [DEBUG]: Logging verified for element 169.
2025-07-21 19:08:45,851 [DEBUG]: Logging verified for element 170.
2025-07-21 19:08:45,851 [DEBUG]: Logging verified for element 171.
2025-07-21 19:08:45,869 [DEBUG]: Logging verified for element 172.
2025-07-21 19:08:45,875 [DEBUG]: Logging verified for element 173.
2025-07-21 19:08:45,880 [DEBUG]: Logging verified for element 174.
2025-07-21 19:08:45,887 [DEBUG]: Logging verified for element 175.
2025-07-21 19:08:45,892 [DEBUG]: Logging verified for element 176.
2025-07-21 19:08:45,898 [DEBUG]: Logging verified for element 177.
2025-07-21 19:08:45,903 [DEBUG]: Logging verified for element 178.
2025-07-21 19:08:45,910 [DEBUG]: Logging verified for element 179.
2025-07-21 19:08:45,916 [DEBUG]: Logging verified for element 180.
2025-07-21 19:08:45,921 [DEBUG]: Logging verified for element 181.
2025-07-21 19:08:45,929 [DEBUG]: Logging verified for element 182.
2025-07-21 19:08:45,935 [DEBUG]: Logging verified for element 183.
2025-07-21 19:08:45,942 [DEBUG]: Logging verified for element 184.
2025-07-21 19:08:45,942 [DEBUG]: Logging verified for element 185.
2025-07-21 19:08:45,942 [DEBUG]: Logging verified for element 186.
2025-07-21 19:08:45,959 [DEBUG]: Logging verified for element 187.
2025-07-21 19:08:45,965 [DEBUG]: Logging verified for element 188.
2025-07-21 19:08:45,971 [DEBUG]: Logging verified for element 189.
2025-07-21 19:08:45,980 [DEBUG]: Logging verified for element 190.
2025-07-21 19:08:45,986 [DEBUG]: Logging verified for element 191.
2025-07-21 19:08:45,992 [DEBUG]: Logging verified for element 192.
2025-07-21 19:08:45,998 [DEBUG]: Logging verified for element 193.
2025-07-21 19:08:46,004 [DEBUG]: Logging verified for element 194.
2025-07-21 19:08:46,010 [DEBUG]: Logging verified for element 195.
2025-07-21 19:08:46,016 [DEBUG]: Logging verified for element 196.
2025-07-21 19:08:46,023 [DEBUG]: Logging verified for element 197.
2025-07-21 19:08:46,028 [DEBUG]: Logging verified for element 198.
2025-07-21 19:08:46,034 [DEBUG]: Logging verified for element 199.
2025-07-21 19:08:46,040 [DEBUG]: Logging verified for element 200.
2025-07-21 19:08:46,046 [DEBUG]: Logging verified for element 201.
2025-07-21 19:08:46,052 [DEBUG]: Logging verified for element 202.
2025-07-21 19:08:46,057 [DEBUG]: Logging verified for element 203.
2025-07-21 19:08:46,065 [DEBUG]: Logging verified for element 204.
2025-07-21 19:08:46,074 [DEBUG]: Logging verified for element 205.
2025-07-21 19:08:46,082 [DEBUG]: Logging verified for element 206.
2025-07-21 19:08:46,089 [DEBUG]: Logging verified for element 207.
2025-07-21 19:08:46,096 [DEBUG]: Logging verified for element 208.
2025-07-21 19:08:46,102 [DEBUG]: Logging verified for element 209.
2025-07-21 19:08:46,109 [DEBUG]: Logging verified for element 210.
2025-07-21 19:08:46,115 [DEBUG]: Logging verified for element 211.
2025-07-21 19:08:46,122 [DEBUG]: Logging verified for element 212.
2025-07-21 19:08:46,127 [DEBUG]: Logging verified for element 213.
2025-07-21 19:08:46,133 [DEBUG]: Logging verified for element 214.
2025-07-21 19:08:46,139 [DEBUG]: Logging verified for element 215.
2025-07-21 19:08:46,145 [DEBUG]: Logging verified for element 216.
2025-07-21 19:08:46,150 [DEBUG]: Logging verified for element 217.
2025-07-21 19:08:46,156 [DEBUG]: Logging verified for element 218.
2025-07-21 19:08:46,162 [DEBUG]: Logging verified for element 219.
2025-07-21 19:08:46,169 [DEBUG]: Logging verified for element 220.
2025-07-21 19:08:46,176 [DEBUG]: Logging verified for element 221.
2025-07-21 19:08:46,182 [DEBUG]: Logging verified for element 222.
2025-07-21 19:08:46,188 [DEBUG]: Logging verified for element 223.
2025-07-21 19:08:46,194 [DEBUG]: Logging verified for element 224.
2025-07-21 19:08:46,200 [DEBUG]: Logging verified for element 225.
2025-07-21 19:08:46,208 [DEBUG]: Logging verified for element 226.
2025-07-21 19:08:46,211 [DEBUG]: Logging verified for element 227.
2025-07-21 19:08:46,228 [DEBUG]: Logging verified for element 228.
2025-07-21 19:08:46,235 [DEBUG]: Logging verified for element 229.
2025-07-21 19:08:46,241 [DEBUG]: Logging verified for element 230.
2025-07-21 19:08:46,247 [DEBUG]: Logging verified for element 231.
2025-07-21 19:08:46,253 [DEBUG]: Logging verified for element 232.
2025-07-21 19:08:46,259 [DEBUG]: Logging verified for element 233.
2025-07-21 19:08:46,267 [DEBUG]: Logging verified for element 234.
2025-07-21 19:08:46,272 [DEBUG]: Logging verified for element 235.
2025-07-21 19:08:46,278 [DEBUG]: Logging verified for element 236.
2025-07-21 19:08:46,284 [DEBUG]: Logging verified for element 237.
2025-07-21 19:08:46,290 [DEBUG]: Logging verified for element 238.
2025-07-21 19:08:46,296 [DEBUG]: Logging verified for element 239.
2025-07-21 19:08:46,302 [DEBUG]: Logging verified for element 240.
2025-07-21 19:08:46,305 [DEBUG]: Logging verified for element 241.
2025-07-21 19:08:46,314 [DEBUG]: Logging verified for element 242.
2025-07-21 19:08:46,320 [DEBUG]: Logging verified for element 243.
2025-07-21 19:08:46,320 [DEBUG]: Logging verified for element 244.
2025-07-21 19:08:46,331 [DEBUG]: Logging verified for element 245.
2025-07-21 19:08:46,336 [DEBUG]: Logging verified for element 246.
2025-07-21 19:08:46,336 [DEBUG]: Logging verified for element 247.
2025-07-21 19:08:46,352 [DEBUG]: Logging verified for element 248.
2025-07-21 19:08:46,367 [DEBUG]: Logging verified for element 249.
2025-07-21 19:08:46,367 [INFO]: ✅ Batch element creation complete.
