Machine Specifications:
   - OS: Windows 11 (10.0.22631)
       • Logical cores: 20
       • Physical cores: 12
   - RAM: 31.24 GB
   - Disk: 3071.87 GB total, 2256.83 GB free
   - Python Version: 3.12.5 (C:\Users\s1834431\AppData\Local\Programs\Python\Python312\python.exe)
   - GPU(s): Intel(R) UHD Graphics 770

Job: job_0002
Timestamp (job start): 2025-07-21_19-09-30-975846
Total Time: 47.37 sec

+-------------------------------+------------+---------------+-------------+-----------+
| Step                          |   Time (s) |   Memory (MB) |   Disk (GB) |   CPU (%) |
+===============================+============+===============+=============+===========+
| Parsing                       |   0.168289 |       65.2109 |     815.016 |         0 |
+-------------------------------+------------+---------------+-------------+-----------+
| Element Instantiation         |   2.66061  |       98.9727 |     815.018 |         0 |
+-------------------------------+------------+---------------+-------------+-----------+
| Element Stiffness Computation |   4.32064  |       99.9961 |     815.025 |         0 |
+-------------------------------+------------+---------------+-------------+-----------+
| Element Force Computation     |   1.12703  |      100.07   |     815.026 |         0 |
+-------------------------------+------------+---------------+-------------+-----------+
| Full Simulation               |  38.461    |      134.672  |     815.04  |         0 |
+-------------------------------+------------+---------------+-------------+-----------+

Parallel Jobs: job_0001
Start Memory: 64.82 MB | End Memory: 134.67 MB
Start Disk Usage: 815.02 GB | End Disk Usage: 815.04 GB
Start CPU: 0.00% | End CPU: 0.00%
