=== Validation Matrix ===
[[0. 0.]
 [0. 0.]]


=== Element 1 Stiffness Matrix Computation ===
=== Material Stiffness Matrix (D) ===
[[ 4.000000e+09  0.000000e+00  0.000000e+00  0.000000e+00]
 [ 0.000000e+00  3.333400e+06  0.000000e+00 -0.000000e+00]
 [ 0.000000e+00  0.000000e+00  1.333340e+07  0.000000e+00]
 [ 0.000000e+00 -0.000000e+00  0.000000e+00  1.313076e+06]]


GP 1/3: ξ=-0.774597, x=7.418014e-01, w=5.555556e-01
=== Shape Function Derivative Matrix dN/dξ (1, 12, 6) ===
[[[-0.5       0.        0.        0.        0.        0.      ]
  [ 0.        8.24758   0.        0.        0.        0.      ]
  [ 0.        0.        8.24758   0.        0.        0.      ]
  [ 0.        0.        0.       -0.5       0.        0.      ]
  [ 0.        0.        0.        0.       -5.898387  0.      ]
  [ 0.        0.        0.        0.        0.        5.898387]
  [ 0.5       0.        0.        0.        0.        0.      ]
  [ 0.       -8.24758   0.        0.        0.        0.      ]
  [ 0.        0.       -8.24758   0.        0.        0.      ]
  [ 0.        0.        0.        0.5       0.        0.      ]
  [ 0.        0.        0.        0.       -3.349193  0.      ]
  [ 0.        0.        0.        0.        0.        3.349193]]]

=== Shape Function Second Derivative Matrix d²N/dξ² (1, 12, 6) ===
[[[  0.        0.        0.        0.        0.        0.     ]
  [  0.      -15.29516   0.        0.        0.        0.     ]
  [  0.        0.      -15.29516   0.        0.        0.     ]
  [  0.        0.        0.        0.        0.        0.     ]
  [  0.        0.        0.        0.        8.64758   0.     ]
  [  0.        0.        0.        0.        0.       -8.64758]
  [  0.        0.        0.        0.        0.        0.     ]
  [  0.       15.29516   0.        0.        0.        0.     ]
  [  0.        0.       15.29516   0.        0.        0.     ]
  [  0.        0.        0.        0.        0.        0.     ]
  [  0.        0.        0.        0.        6.64758   0.     ]
  [  0.        0.        0.        0.        0.       -6.64758]]]

=== Strain-Dsiplacement Matrix B (4, 12) ===
[[  -1.500002    0.          0.          0.          0.          0.          1.500002    0.          0.
     0.          0.          0.      ]
 [   0.          0.       -137.656716    0.         77.828376    0.          0.          0.        137.656716
     0.         59.82834     0.      ]
 [   0.       -137.656716    0.          0.          0.        -77.828376    0.        137.656716    0.
     0.          0.        -59.82834 ]
 [   0.          0.          0.         -1.500002    0.          0.          0.          0.          0.
     1.500002    0.          0.      ]]

=== Stiffness BᵀDB (12, 12) ===
[[ 5.000010e+09  0.000000e+00  0.000000e+00  0.000000e+00  0.000000e+00  0.000000e+00 -5.000010e+09  0.000000e+00
   0.000000e+00  0.000000e+00  0.000000e+00  0.000000e+00]
 [ 0.000000e+00  1.403664e+11  0.000000e+00  0.000000e+00  0.000000e+00  7.936039e+10  0.000000e+00 -1.403664e+11
   0.000000e+00  0.000000e+00  0.000000e+00  6.100603e+10]
 [ 0.000000e+00  0.000000e+00  3.509213e+10  0.000000e+00 -1.984039e+10  0.000000e+00  0.000000e+00  0.000000e+00
  -3.509213e+10  0.000000e+00 -1.525174e+10  0.000000e+00]
 [ 0.000000e+00  0.000000e+00  0.000000e+00  1.641348e+06  0.000000e+00  0.000000e+00  0.000000e+00  0.000000e+00
   0.000000e+00 -1.641348e+06  0.000000e+00  0.000000e+00]
 [ 0.000000e+00  0.000000e+00 -1.984039e+10  0.000000e+00  1.121737e+10  0.000000e+00  0.000000e+00  0.000000e+00
   1.984039e+10  0.000000e+00  8.623029e+09  0.000000e+00]
 [ 0.000000e+00  7.936039e+10  0.000000e+00  0.000000e+00  0.000000e+00  4.486879e+10  0.000000e+00 -7.936039e+10
   0.000000e+00  0.000000e+00  0.000000e+00  3.449160e+10]
 [-5.000010e+09  0.000000e+00  0.000000e+00  0.000000e+00  0.000000e+00  0.000000e+00  5.000010e+09  0.000000e+00
   0.000000e+00  0.000000e+00  0.000000e+00  0.000000e+00]
 [ 0.000000e+00 -1.403664e+11  0.000000e+00  0.000000e+00  0.000000e+00 -7.936039e+10  0.000000e+00  1.403664e+11
   0.000000e+00  0.000000e+00  0.000000e+00 -6.100603e+10]
 [ 0.000000e+00  0.000000e+00 -3.509213e+10  0.000000e+00  1.984039e+10  0.000000e+00  0.000000e+00  0.000000e+00
   3.509213e+10  0.000000e+00  1.525174e+10  0.000000e+00]
 [ 0.000000e+00  0.000000e+00  0.000000e+00 -1.641348e+06  0.000000e+00  0.000000e+00  0.000000e+00  0.000000e+00
   0.000000e+00  1.641348e+06  0.000000e+00  0.000000e+00]
 [ 0.000000e+00  0.000000e+00 -1.525174e+10  0.000000e+00  8.623029e+09  0.000000e+00  0.000000e+00  0.000000e+00
   1.525174e+10  0.000000e+00  6.628707e+09  0.000000e+00]
 [ 0.000000e+00  6.100603e+10  0.000000e+00  0.000000e+00  0.000000e+00  3.449160e+10  0.000000e+00 -6.100603e+10
   0.000000e+00  0.000000e+00  0.000000e+00  2.651443e+10]]


GP 2/3: ξ=0.000000, x=1.000000e+00, w=8.888889e-01
=== Shape Function Derivative Matrix dN/dξ (1, 12, 6) ===
[[[-0.5  0.   0.   0.   0.   0. ]
  [ 0.   0.   0.   0.   0.   0. ]
  [ 0.   0.   0.   0.   0.   0. ]
  [ 0.   0.   0.  -0.5  0.   0. ]
  [ 0.   0.   0.   0.  -1.   0. ]
  [ 0.   0.   0.   0.   0.   1. ]
  [ 0.5  0.   0.   0.   0.   0. ]
  [ 0.   0.   0.   0.   0.   0. ]
  [ 0.   0.   0.   0.   0.   0. ]
  [ 0.   0.   0.   0.5  0.   0. ]
  [ 0.   0.   0.   0.  -0.   0. ]
  [ 0.   0.   0.   0.   0.   0. ]]]

=== Shape Function Second Derivative Matrix d²N/dξ² (1, 12, 6) ===
[[[ 0.  0.  0.  0.  0.  0.]
  [ 0. -6.  0.  0.  0.  0.]
  [ 0.  0. -6.  0.  0.  0.]
  [ 0.  0.  0.  0.  0.  0.]
  [ 0.  0.  0.  0.  4.  0.]
  [ 0.  0.  0.  0.  0. -4.]
  [ 0.  0.  0.  0.  0.  0.]
  [ 0.  6.  0.  0.  0.  0.]
  [ 0.  0.  6.  0.  0.  0.]
  [ 0.  0.  0.  0.  0.  0.]
  [ 0.  0.  0.  0.  2.  0.]
  [ 0.  0.  0.  0.  0. -2.]]]

=== Strain-Dsiplacement Matrix B (4, 12) ===
[[ -1.500002   0.         0.         0.         0.         0.         1.500002   0.         0.         0.
    0.         0.      ]
 [  0.         0.       -54.000108   0.        36.000072   0.         0.         0.        54.000108   0.
   18.000036   0.      ]
 [  0.       -54.000108   0.         0.         0.       -36.000072   0.        54.000108   0.         0.
    0.       -18.000036]
 [  0.         0.         0.        -1.500002   0.         0.         0.         0.         0.         1.500002
    0.         0.      ]]

=== Stiffness BᵀDB (12, 12) ===
[[ 8.000016e+09  0.000000e+00  0.000000e+00  0.000000e+00  0.000000e+00  0.000000e+00 -8.000016e+09  0.000000e+00
   0.000000e+00  0.000000e+00  0.000000e+00  0.000000e+00]
 [ 0.000000e+00  3.456031e+10  0.000000e+00  0.000000e+00  0.000000e+00  2.304021e+10  0.000000e+00 -3.456031e+10
   0.000000e+00  0.000000e+00  0.000000e+00  1.152010e+10]
 [ 0.000000e+00  0.000000e+00  8.640207e+09  0.000000e+00 -5.760138e+09  0.000000e+00  0.000000e+00  0.000000e+00
  -8.640207e+09  0.000000e+00 -2.880069e+09  0.000000e+00]
 [ 0.000000e+00  0.000000e+00  0.000000e+00  2.626156e+06  0.000000e+00  0.000000e+00  0.000000e+00  0.000000e+00
   0.000000e+00 -2.626156e+06  0.000000e+00  0.000000e+00]
 [ 0.000000e+00  0.000000e+00 -5.760138e+09  0.000000e+00  3.840092e+09  0.000000e+00  0.000000e+00  0.000000e+00
   5.760138e+09  0.000000e+00  1.920046e+09  0.000000e+00]
 [ 0.000000e+00  2.304021e+10  0.000000e+00  0.000000e+00  0.000000e+00  1.536014e+10  0.000000e+00 -2.304021e+10
   0.000000e+00  0.000000e+00  0.000000e+00  7.680069e+09]
 [-8.000016e+09  0.000000e+00  0.000000e+00  0.000000e+00  0.000000e+00  0.000000e+00  8.000016e+09  0.000000e+00
   0.000000e+00  0.000000e+00  0.000000e+00  0.000000e+00]
 [ 0.000000e+00 -3.456031e+10  0.000000e+00  0.000000e+00  0.000000e+00 -2.304021e+10  0.000000e+00  3.456031e+10
   0.000000e+00  0.000000e+00  0.000000e+00 -1.152010e+10]
 [ 0.000000e+00  0.000000e+00 -8.640207e+09  0.000000e+00  5.760138e+09  0.000000e+00  0.000000e+00  0.000000e+00
   8.640207e+09  0.000000e+00  2.880069e+09  0.000000e+00]
 [ 0.000000e+00  0.000000e+00  0.000000e+00 -2.626156e+06  0.000000e+00  0.000000e+00  0.000000e+00  0.000000e+00
   0.000000e+00  2.626156e+06  0.000000e+00  0.000000e+00]
 [ 0.000000e+00  0.000000e+00 -2.880069e+09  0.000000e+00  1.920046e+09  0.000000e+00  0.000000e+00  0.000000e+00
   2.880069e+09  0.000000e+00  9.600230e+08  0.000000e+00]
 [ 0.000000e+00  1.152010e+10  0.000000e+00  0.000000e+00  0.000000e+00  7.680069e+09  0.000000e+00 -1.152010e+10
   0.000000e+00  0.000000e+00  0.000000e+00  3.840035e+09]]


GP 3/3: ξ=0.774597, x=1.258199e+00, w=5.555556e-01
=== Shape Function Derivative Matrix dN/dξ (1, 12, 6) ===
[[[-0.5       0.        0.        0.        0.        0.      ]
  [ 0.       -1.04758   0.        0.        0.        0.      ]
  [ 0.        0.       -1.04758   0.        0.        0.      ]
  [ 0.        0.        0.       -0.5       0.        0.      ]
  [ 0.        0.        0.        0.        0.298387  0.      ]
  [ 0.        0.        0.        0.        0.       -0.298387]
  [ 0.5       0.        0.        0.        0.        0.      ]
  [ 0.        1.04758   0.        0.        0.        0.      ]
  [ 0.        0.        1.04758   0.        0.        0.      ]
  [ 0.        0.        0.        0.5       0.        0.      ]
  [ 0.        0.        0.        0.       -0.250807  0.      ]
  [ 0.        0.        0.        0.        0.        0.250807]]]

=== Shape Function Second Derivative Matrix d²N/dξ² (1, 12, 6) ===
[[[ 0.       0.       0.       0.       0.       0.     ]
  [ 0.       3.29516  0.       0.       0.       0.     ]
  [ 0.       0.       3.29516  0.       0.       0.     ]
  [ 0.       0.       0.       0.       0.       0.     ]
  [ 0.       0.       0.       0.      -0.64758  0.     ]
  [ 0.       0.       0.       0.       0.       0.64758]
  [ 0.       0.       0.       0.       0.       0.     ]
  [ 0.      -3.29516  0.       0.       0.       0.     ]
  [ 0.       0.      -3.29516  0.       0.       0.     ]
  [ 0.       0.       0.       0.       0.       0.     ]
  [ 0.       0.       0.       0.      -2.64758  0.     ]
  [ 0.       0.       0.       0.       0.       2.64758]]]

=== Strain-Dsiplacement Matrix B (4, 12) ===
[[ -1.500002   0.         0.         0.         0.         0.         1.500002   0.         0.         0.
    0.         0.      ]
 [  0.         0.        29.6565     0.        -5.828232   0.         0.         0.       -29.6565     0.
  -23.828268   0.      ]
 [  0.        29.6565     0.         0.         0.         5.828232   0.       -29.6565     0.         0.
    0.        23.828268]
 [  0.         0.         0.        -1.500002   0.         0.         0.         0.         0.         1.500002
    0.         0.      ]]

=== Stiffness BᵀDB (12, 12) ===
[[ 5.000010e+09  0.000000e+00  0.000000e+00  0.000000e+00  0.000000e+00  0.000000e+00 -5.000010e+09  0.000000e+00
   0.000000e+00  0.000000e+00  0.000000e+00  0.000000e+00]
 [ 0.000000e+00  6.514906e+09  0.000000e+00  0.000000e+00  0.000000e+00  1.280339e+09  0.000000e+00 -6.514906e+09
   0.000000e+00  0.000000e+00  0.000000e+00  5.234567e+09]
 [ 0.000000e+00  0.000000e+00  1.628751e+09  0.000000e+00 -3.200896e+08  0.000000e+00  0.000000e+00  0.000000e+00
  -1.628751e+09  0.000000e+00 -1.308661e+09  0.000000e+00]
 [ 0.000000e+00  0.000000e+00  0.000000e+00  1.641348e+06  0.000000e+00  0.000000e+00  0.000000e+00  0.000000e+00
   0.000000e+00 -1.641348e+06  0.000000e+00  0.000000e+00]
 [ 0.000000e+00  0.000000e+00 -3.200896e+08  0.000000e+00  6.290549e+07  0.000000e+00  0.000000e+00  0.000000e+00
   3.200896e+08  0.000000e+00  2.571842e+08  0.000000e+00]
 [ 0.000000e+00  1.280339e+09  0.000000e+00  0.000000e+00  0.000000e+00  2.516182e+08  0.000000e+00 -1.280339e+09
   0.000000e+00  0.000000e+00  0.000000e+00  1.028721e+09]
 [-5.000010e+09  0.000000e+00  0.000000e+00  0.000000e+00  0.000000e+00  0.000000e+00  5.000010e+09  0.000000e+00
   0.000000e+00  0.000000e+00  0.000000e+00  0.000000e+00]
 [ 0.000000e+00 -6.514906e+09  0.000000e+00  0.000000e+00  0.000000e+00 -1.280339e+09  0.000000e+00  6.514906e+09
   0.000000e+00  0.000000e+00  0.000000e+00 -5.234567e+09]
 [ 0.000000e+00  0.000000e+00 -1.628751e+09  0.000000e+00  3.200896e+08  0.000000e+00  0.000000e+00  0.000000e+00
   1.628751e+09  0.000000e+00  1.308661e+09  0.000000e+00]
 [ 0.000000e+00  0.000000e+00  0.000000e+00 -1.641348e+06  0.000000e+00  0.000000e+00  0.000000e+00  0.000000e+00
   0.000000e+00  1.641348e+06  0.000000e+00  0.000000e+00]
 [ 0.000000e+00  0.000000e+00 -1.308661e+09  0.000000e+00  2.571842e+08  0.000000e+00  0.000000e+00  0.000000e+00
   1.308661e+09  0.000000e+00  1.051477e+09  0.000000e+00]
 [ 0.000000e+00  5.234567e+09  0.000000e+00  0.000000e+00  0.000000e+00  1.028721e+09  0.000000e+00 -5.234567e+09
   0.000000e+00  0.000000e+00  0.000000e+00  4.205846e+09]]

=== Final Element Stiffness Matrix ===
[[ 1.800004e+10  0.000000e+00  0.000000e+00  0.000000e+00  0.000000e+00  0.000000e+00 -1.800004e+10  0.000000e+00
   0.000000e+00  0.000000e+00  0.000000e+00  0.000000e+00]
 [ 0.000000e+00  1.814416e+11  0.000000e+00  0.000000e+00  0.000000e+00  1.036809e+11  0.000000e+00 -1.814416e+11
   0.000000e+00  0.000000e+00  0.000000e+00  7.776070e+10]
 [ 0.000000e+00  0.000000e+00  4.536109e+10  0.000000e+00 -2.592062e+10  0.000000e+00  0.000000e+00  0.000000e+00
  -4.536109e+10  0.000000e+00 -1.944047e+10  0.000000e+00]
 [ 0.000000e+00  0.000000e+00  0.000000e+00  5.908852e+06  0.000000e+00  0.000000e+00  0.000000e+00  0.000000e+00
   0.000000e+00 -5.908852e+06  0.000000e+00  0.000000e+00]
 [ 0.000000e+00  0.000000e+00 -2.592062e+10  0.000000e+00  1.512036e+10  0.000000e+00  0.000000e+00  0.000000e+00
   2.592062e+10  0.000000e+00  1.080026e+10  0.000000e+00]
 [ 0.000000e+00  1.036809e+11  0.000000e+00  0.000000e+00  0.000000e+00  6.048054e+10  0.000000e+00 -1.036809e+11
   0.000000e+00  0.000000e+00  0.000000e+00  4.320039e+10]
 [-1.800004e+10  0.000000e+00  0.000000e+00  0.000000e+00  0.000000e+00  0.000000e+00  1.800004e+10  0.000000e+00
   0.000000e+00  0.000000e+00  0.000000e+00  0.000000e+00]
 [ 0.000000e+00 -1.814416e+11  0.000000e+00  0.000000e+00  0.000000e+00 -1.036809e+11  0.000000e+00  1.814416e+11
   0.000000e+00  0.000000e+00  0.000000e+00 -7.776070e+10]
 [ 0.000000e+00  0.000000e+00 -4.536109e+10  0.000000e+00  2.592062e+10  0.000000e+00  0.000000e+00  0.000000e+00
   4.536109e+10  0.000000e+00  1.944047e+10  0.000000e+00]
 [ 0.000000e+00  0.000000e+00  0.000000e+00 -5.908852e+06  0.000000e+00  0.000000e+00  0.000000e+00  0.000000e+00
   0.000000e+00  5.908852e+06  0.000000e+00  0.000000e+00]
 [ 0.000000e+00  0.000000e+00 -1.944047e+10  0.000000e+00  1.080026e+10  0.000000e+00  0.000000e+00  0.000000e+00
   1.944047e+10  0.000000e+00  8.640207e+09  0.000000e+00]
 [ 0.000000e+00  7.776070e+10  0.000000e+00  0.000000e+00  0.000000e+00  4.320039e+10  0.000000e+00 -7.776070e+10
   0.000000e+00  0.000000e+00  0.000000e+00  3.456031e+10]]

