=== Validation Matrix ===
[[0. 0.]
 [0. 0.]]


=== Element 0 Stiffness Matrix Computation ===
=== Material Stiffness Matrix (D) ===
[[ 4.000000e+09  0.000000e+00  0.000000e+00  0.000000e+00]
 [ 0.000000e+00  3.333400e+06  0.000000e+00 -0.000000e+00]
 [ 0.000000e+00  0.000000e+00  1.333340e+07  0.000000e+00]
 [ 0.000000e+00 -0.000000e+00  0.000000e+00  1.313076e+06]]


GP 1/3: ξ=-0.774597, x=7.513448e-02, w=5.555556e-01
=== Shape Function Derivative Matrix dN/dξ (1, 12, 6) ===
[[[-0.5       0.        0.        0.        0.        0.      ]
  [ 0.        8.24758   0.        0.        0.        0.      ]
  [ 0.        0.        8.24758   0.        0.        0.      ]
  [ 0.        0.        0.       -0.5       0.        0.      ]
  [ 0.        0.        0.        0.       -5.898387  0.      ]
  [ 0.        0.        0.        0.        0.        5.898387]
  [ 0.5       0.        0.        0.        0.        0.      ]
  [ 0.       -8.24758   0.        0.        0.        0.      ]
  [ 0.        0.       -8.24758   0.        0.        0.      ]
  [ 0.        0.        0.        0.5       0.        0.      ]
  [ 0.        0.        0.        0.       -3.349193  0.      ]
  [ 0.        0.        0.        0.        0.        3.349193]]]

=== Shape Function Second Derivative Matrix d²N/dξ² (1, 12, 6) ===
[[[  0.        0.        0.        0.        0.        0.     ]
  [  0.      -15.29516   0.        0.        0.        0.     ]
  [  0.        0.      -15.29516   0.        0.        0.     ]
  [  0.        0.        0.        0.        0.        0.     ]
  [  0.        0.        0.        0.        8.64758   0.     ]
  [  0.        0.        0.        0.        0.       -8.64758]
  [  0.        0.        0.        0.        0.        0.     ]
  [  0.       15.29516   0.        0.        0.        0.     ]
  [  0.        0.       15.29516   0.        0.        0.     ]
  [  0.        0.        0.        0.        0.        0.     ]
  [  0.        0.        0.        0.        6.64758   0.     ]
  [  0.        0.        0.        0.        0.       -6.64758]]]

=== Strain-Dsiplacement Matrix B (4, 12) ===
[[  -1.499999    0.          0.          0.          0.          0.          1.499999    0.          0.
     0.          0.          0.      ]
 [   0.          0.       -137.656303    0.         77.828142    0.          0.          0.        137.656303
     0.         59.82816     0.      ]
 [   0.       -137.656303    0.          0.          0.        -77.828142    0.        137.656303    0.
     0.          0.        -59.82816 ]
 [   0.          0.          0.         -1.499999    0.          0.          0.          0.          0.
     1.499999    0.          0.      ]]

=== Stiffness BᵀDB (12, 12) ===
[[ 4.999995e+09  0.000000e+00  0.000000e+00  0.000000e+00  0.000000e+00  0.000000e+00 -4.999995e+09  0.000000e+00
   0.000000e+00  0.000000e+00  0.000000e+00  0.000000e+00]
 [ 0.000000e+00  1.403656e+11  0.000000e+00  0.000000e+00  0.000000e+00  7.935991e+10  0.000000e+00 -1.403656e+11
   0.000000e+00  0.000000e+00  0.000000e+00  6.100566e+10]
 [ 0.000000e+00  0.000000e+00  3.509192e+10  0.000000e+00 -1.984028e+10  0.000000e+00  0.000000e+00  0.000000e+00
  -3.509192e+10  0.000000e+00 -1.525164e+10  0.000000e+00]
 [ 0.000000e+00  0.000000e+00  0.000000e+00  1.641343e+06  0.000000e+00  0.000000e+00  0.000000e+00  0.000000e+00
   0.000000e+00 -1.641343e+06  0.000000e+00  0.000000e+00]
 [ 0.000000e+00  0.000000e+00 -1.984028e+10  0.000000e+00  1.121730e+10  0.000000e+00  0.000000e+00  0.000000e+00
   1.984028e+10  0.000000e+00  8.622977e+09  0.000000e+00]
 [ 0.000000e+00  7.935991e+10  0.000000e+00  0.000000e+00  0.000000e+00  4.486852e+10  0.000000e+00 -7.935991e+10
   0.000000e+00  0.000000e+00  0.000000e+00  3.449139e+10]
 [-4.999995e+09  0.000000e+00  0.000000e+00  0.000000e+00  0.000000e+00  0.000000e+00  4.999995e+09  0.000000e+00
   0.000000e+00  0.000000e+00  0.000000e+00  0.000000e+00]
 [ 0.000000e+00 -1.403656e+11  0.000000e+00  0.000000e+00  0.000000e+00 -7.935991e+10  0.000000e+00  1.403656e+11
   0.000000e+00  0.000000e+00  0.000000e+00 -6.100566e+10]
 [ 0.000000e+00  0.000000e+00 -3.509192e+10  0.000000e+00  1.984028e+10  0.000000e+00  0.000000e+00  0.000000e+00
   3.509192e+10  0.000000e+00  1.525164e+10  0.000000e+00]
 [ 0.000000e+00  0.000000e+00  0.000000e+00 -1.641343e+06  0.000000e+00  0.000000e+00  0.000000e+00  0.000000e+00
   0.000000e+00  1.641343e+06  0.000000e+00  0.000000e+00]
 [ 0.000000e+00  0.000000e+00 -1.525164e+10  0.000000e+00  8.622977e+09  0.000000e+00  0.000000e+00  0.000000e+00
   1.525164e+10  0.000000e+00  6.628667e+09  0.000000e+00]
 [ 0.000000e+00  6.100566e+10  0.000000e+00  0.000000e+00  0.000000e+00  3.449139e+10  0.000000e+00 -6.100566e+10
   0.000000e+00  0.000000e+00  0.000000e+00  2.651427e+10]]


GP 2/3: ξ=0.000000, x=3.333335e-01, w=8.888889e-01
=== Shape Function Derivative Matrix dN/dξ (1, 12, 6) ===
[[[-0.5  0.   0.   0.   0.   0. ]
  [ 0.   0.   0.   0.   0.   0. ]
  [ 0.   0.   0.   0.   0.   0. ]
  [ 0.   0.   0.  -0.5  0.   0. ]
  [ 0.   0.   0.   0.  -1.   0. ]
  [ 0.   0.   0.   0.   0.   1. ]
  [ 0.5  0.   0.   0.   0.   0. ]
  [ 0.   0.   0.   0.   0.   0. ]
  [ 0.   0.   0.   0.   0.   0. ]
  [ 0.   0.   0.   0.5  0.   0. ]
  [ 0.   0.   0.   0.  -0.   0. ]
  [ 0.   0.   0.   0.   0.   0. ]]]

=== Shape Function Second Derivative Matrix d²N/dξ² (1, 12, 6) ===
[[[ 0.  0.  0.  0.  0.  0.]
  [ 0. -6.  0.  0.  0.  0.]
  [ 0.  0. -6.  0.  0.  0.]
  [ 0.  0.  0.  0.  0.  0.]
  [ 0.  0.  0.  0.  4.  0.]
  [ 0.  0.  0.  0.  0. -4.]
  [ 0.  0.  0.  0.  0.  0.]
  [ 0.  6.  0.  0.  0.  0.]
  [ 0.  0.  6.  0.  0.  0.]
  [ 0.  0.  0.  0.  0.  0.]
  [ 0.  0.  0.  0.  2.  0.]
  [ 0.  0.  0.  0.  0. -2.]]]

=== Strain-Dsiplacement Matrix B (4, 12) ===
[[ -1.499999   0.         0.         0.         0.         0.         1.499999   0.         0.         0.
    0.         0.      ]
 [  0.         0.       -53.999946   0.        35.999964   0.         0.         0.        53.999946   0.
   17.999982   0.      ]
 [  0.       -53.999946   0.         0.         0.       -35.999964   0.        53.999946   0.         0.
    0.       -17.999982]
 [  0.         0.         0.        -1.499999   0.         0.         0.         0.         0.         1.499999
    0.         0.      ]]

=== Stiffness BᵀDB (12, 12) ===
[[ 7.999992e+09  0.000000e+00  0.000000e+00  0.000000e+00  0.000000e+00  0.000000e+00 -7.999992e+09  0.000000e+00
   0.000000e+00  0.000000e+00  0.000000e+00  0.000000e+00]
 [ 0.000000e+00  3.456010e+10  0.000000e+00  0.000000e+00  0.000000e+00  2.304007e+10  0.000000e+00 -3.456010e+10
   0.000000e+00  0.000000e+00  0.000000e+00  1.152003e+10]
 [ 0.000000e+00  0.000000e+00  8.640156e+09  0.000000e+00 -5.760104e+09  0.000000e+00  0.000000e+00  0.000000e+00
  -8.640156e+09  0.000000e+00 -2.880052e+09  0.000000e+00]
 [ 0.000000e+00  0.000000e+00  0.000000e+00  2.626149e+06  0.000000e+00  0.000000e+00  0.000000e+00  0.000000e+00
   0.000000e+00 -2.626149e+06  0.000000e+00  0.000000e+00]
 [ 0.000000e+00  0.000000e+00 -5.760104e+09  0.000000e+00  3.840069e+09  0.000000e+00  0.000000e+00  0.000000e+00
   5.760104e+09  0.000000e+00  1.920035e+09  0.000000e+00]
 [ 0.000000e+00  2.304007e+10  0.000000e+00  0.000000e+00  0.000000e+00  1.536005e+10  0.000000e+00 -2.304007e+10
   0.000000e+00  0.000000e+00  0.000000e+00  7.680023e+09]
 [-7.999992e+09  0.000000e+00  0.000000e+00  0.000000e+00  0.000000e+00  0.000000e+00  7.999992e+09  0.000000e+00
   0.000000e+00  0.000000e+00  0.000000e+00  0.000000e+00]
 [ 0.000000e+00 -3.456010e+10  0.000000e+00  0.000000e+00  0.000000e+00 -2.304007e+10  0.000000e+00  3.456010e+10
   0.000000e+00  0.000000e+00  0.000000e+00 -1.152003e+10]
 [ 0.000000e+00  0.000000e+00 -8.640156e+09  0.000000e+00  5.760104e+09  0.000000e+00  0.000000e+00  0.000000e+00
   8.640156e+09  0.000000e+00  2.880052e+09  0.000000e+00]
 [ 0.000000e+00  0.000000e+00  0.000000e+00 -2.626149e+06  0.000000e+00  0.000000e+00  0.000000e+00  0.000000e+00
   0.000000e+00  2.626149e+06  0.000000e+00  0.000000e+00]
 [ 0.000000e+00  0.000000e+00 -2.880052e+09  0.000000e+00  1.920035e+09  0.000000e+00  0.000000e+00  0.000000e+00
   2.880052e+09  0.000000e+00  9.600173e+08  0.000000e+00]
 [ 0.000000e+00  1.152003e+10  0.000000e+00  0.000000e+00  0.000000e+00  7.680023e+09  0.000000e+00 -1.152003e+10
   0.000000e+00  0.000000e+00  0.000000e+00  3.840012e+09]]


GP 3/3: ξ=0.774597, x=5.915325e-01, w=5.555556e-01
=== Shape Function Derivative Matrix dN/dξ (1, 12, 6) ===
[[[-0.5       0.        0.        0.        0.        0.      ]
  [ 0.       -1.04758   0.        0.        0.        0.      ]
  [ 0.        0.       -1.04758   0.        0.        0.      ]
  [ 0.        0.        0.       -0.5       0.        0.      ]
  [ 0.        0.        0.        0.        0.298387  0.      ]
  [ 0.        0.        0.        0.        0.       -0.298387]
  [ 0.5       0.        0.        0.        0.        0.      ]
  [ 0.        1.04758   0.        0.        0.        0.      ]
  [ 0.        0.        1.04758   0.        0.        0.      ]
  [ 0.        0.        0.        0.5       0.        0.      ]
  [ 0.        0.        0.        0.       -0.250807  0.      ]
  [ 0.        0.        0.        0.        0.        0.250807]]]

=== Shape Function Second Derivative Matrix d²N/dξ² (1, 12, 6) ===
[[[ 0.       0.       0.       0.       0.       0.     ]
  [ 0.       3.29516  0.       0.       0.       0.     ]
  [ 0.       0.       3.29516  0.       0.       0.     ]
  [ 0.       0.       0.       0.       0.       0.     ]
  [ 0.       0.       0.       0.      -0.64758  0.     ]
  [ 0.       0.       0.       0.       0.       0.64758]
  [ 0.       0.       0.       0.       0.       0.     ]
  [ 0.      -3.29516  0.       0.       0.       0.     ]
  [ 0.       0.      -3.29516  0.       0.       0.     ]
  [ 0.       0.       0.       0.       0.       0.     ]
  [ 0.       0.       0.       0.      -2.64758  0.     ]
  [ 0.       0.       0.       0.       0.       2.64758]]]

=== Strain-Dsiplacement Matrix B (4, 12) ===
[[ -1.499999   0.         0.         0.         0.         0.         1.499999   0.         0.         0.
    0.         0.      ]
 [  0.         0.        29.656411   0.        -5.828214   0.         0.         0.       -29.656411   0.
  -23.828196   0.      ]
 [  0.        29.656411   0.         0.         0.         5.828214   0.       -29.656411   0.         0.
    0.        23.828196]
 [  0.         0.         0.        -1.499999   0.         0.         0.         0.         0.         1.499999
    0.         0.      ]]

=== Stiffness BᵀDB (12, 12) ===
[[ 4.999995e+09  0.000000e+00  0.000000e+00  0.000000e+00  0.000000e+00  0.000000e+00 -4.999995e+09  0.000000e+00
   0.000000e+00  0.000000e+00  0.000000e+00  0.000000e+00]
 [ 0.000000e+00  6.514867e+09  0.000000e+00  0.000000e+00  0.000000e+00  1.280332e+09  0.000000e+00 -6.514867e+09
   0.000000e+00  0.000000e+00  0.000000e+00  5.234536e+09]
 [ 0.000000e+00  0.000000e+00  1.628741e+09  0.000000e+00 -3.200877e+08  0.000000e+00  0.000000e+00  0.000000e+00
  -1.628741e+09  0.000000e+00 -1.308654e+09  0.000000e+00]
 [ 0.000000e+00  0.000000e+00  0.000000e+00  1.641343e+06  0.000000e+00  0.000000e+00  0.000000e+00  0.000000e+00
   0.000000e+00 -1.641343e+06  0.000000e+00  0.000000e+00]
 [ 0.000000e+00  0.000000e+00 -3.200877e+08  0.000000e+00  6.290511e+07  0.000000e+00  0.000000e+00  0.000000e+00
   3.200877e+08  0.000000e+00  2.571826e+08  0.000000e+00]
 [ 0.000000e+00  1.280332e+09  0.000000e+00  0.000000e+00  0.000000e+00  2.516167e+08  0.000000e+00 -1.280332e+09
   0.000000e+00  0.000000e+00  0.000000e+00  1.028715e+09]
 [-4.999995e+09  0.000000e+00  0.000000e+00  0.000000e+00  0.000000e+00  0.000000e+00  4.999995e+09  0.000000e+00
   0.000000e+00  0.000000e+00  0.000000e+00  0.000000e+00]
 [ 0.000000e+00 -6.514867e+09  0.000000e+00  0.000000e+00  0.000000e+00 -1.280332e+09  0.000000e+00  6.514867e+09
   0.000000e+00  0.000000e+00  0.000000e+00 -5.234536e+09]
 [ 0.000000e+00  0.000000e+00 -1.628741e+09  0.000000e+00  3.200877e+08  0.000000e+00  0.000000e+00  0.000000e+00
   1.628741e+09  0.000000e+00  1.308654e+09  0.000000e+00]
 [ 0.000000e+00  0.000000e+00  0.000000e+00 -1.641343e+06  0.000000e+00  0.000000e+00  0.000000e+00  0.000000e+00
   0.000000e+00  1.641343e+06  0.000000e+00  0.000000e+00]
 [ 0.000000e+00  0.000000e+00 -1.308654e+09  0.000000e+00  2.571826e+08  0.000000e+00  0.000000e+00  0.000000e+00
   1.308654e+09  0.000000e+00  1.051471e+09  0.000000e+00]
 [ 0.000000e+00  5.234536e+09  0.000000e+00  0.000000e+00  0.000000e+00  1.028715e+09  0.000000e+00 -5.234536e+09
   0.000000e+00  0.000000e+00  0.000000e+00  4.205821e+09]]

=== Final Element Stiffness Matrix ===
[[ 1.799998e+10  0.000000e+00  0.000000e+00  0.000000e+00  0.000000e+00  0.000000e+00 -1.799998e+10  0.000000e+00
   0.000000e+00  0.000000e+00  0.000000e+00  0.000000e+00]
 [ 0.000000e+00  1.814405e+11  0.000000e+00  0.000000e+00  0.000000e+00  1.036803e+11  0.000000e+00 -1.814405e+11
   0.000000e+00  0.000000e+00  0.000000e+00  7.776023e+10]
 [ 0.000000e+00  0.000000e+00  4.536082e+10  0.000000e+00 -2.592047e+10  0.000000e+00  0.000000e+00  0.000000e+00
  -4.536082e+10  0.000000e+00 -1.944035e+10  0.000000e+00]
 [ 0.000000e+00  0.000000e+00  0.000000e+00  5.908834e+06  0.000000e+00  0.000000e+00  0.000000e+00  0.000000e+00
   0.000000e+00 -5.908834e+06  0.000000e+00  0.000000e+00]
 [ 0.000000e+00  0.000000e+00 -2.592047e+10  0.000000e+00  1.512027e+10  0.000000e+00  0.000000e+00  0.000000e+00
   2.592047e+10  0.000000e+00  1.080019e+10  0.000000e+00]
 [ 0.000000e+00  1.036803e+11  0.000000e+00  0.000000e+00  0.000000e+00  6.048018e+10  0.000000e+00 -1.036803e+11
   0.000000e+00  0.000000e+00  0.000000e+00  4.320013e+10]
 [-1.799998e+10  0.000000e+00  0.000000e+00  0.000000e+00  0.000000e+00  0.000000e+00  1.799998e+10  0.000000e+00
   0.000000e+00  0.000000e+00  0.000000e+00  0.000000e+00]
 [ 0.000000e+00 -1.814405e+11  0.000000e+00  0.000000e+00  0.000000e+00 -1.036803e+11  0.000000e+00  1.814405e+11
   0.000000e+00  0.000000e+00  0.000000e+00 -7.776023e+10]
 [ 0.000000e+00  0.000000e+00 -4.536082e+10  0.000000e+00  2.592047e+10  0.000000e+00  0.000000e+00  0.000000e+00
   4.536082e+10  0.000000e+00  1.944035e+10  0.000000e+00]
 [ 0.000000e+00  0.000000e+00  0.000000e+00 -5.908834e+06  0.000000e+00  0.000000e+00  0.000000e+00  0.000000e+00
   0.000000e+00  5.908834e+06  0.000000e+00  0.000000e+00]
 [ 0.000000e+00  0.000000e+00 -1.944035e+10  0.000000e+00  1.080019e+10  0.000000e+00  0.000000e+00  0.000000e+00
   1.944035e+10  0.000000e+00  8.640156e+09  0.000000e+00]
 [ 0.000000e+00  7.776023e+10  0.000000e+00  0.000000e+00  0.000000e+00  4.320013e+10  0.000000e+00 -7.776023e+10
   0.000000e+00  0.000000e+00  0.000000e+00  3.456010e+10]]

