Machine Specifications:
   - OS: Windows 11 (10.0.22631)
   - CPU: Intel64 Family 6 Model 151 Stepping 2, GenuineIntel (20 cores)
   - RAM: 31.24 GB
   - Python Version: 3.12.5

Job: job_0002
Timestamp (job start): 2025-05-05_18-10-08
Total Time: 4.69 sec

+-------------------------------+------------+---------------+-------------+-----------+
| Step                          |   Time (s) |   Memory (MB) |   Disk (GB) |   CPU (%) |
+===============================+============+===============+=============+===========+
| Parsing                       | 0.00940537 |       119.219 |     798.847 |         0 |
+-------------------------------+------------+---------------+-------------+-----------+
| Element Instantiation         | 0.00153255 |       119.277 |     798.847 |         0 |
+-------------------------------+------------+---------------+-------------+-----------+
| Element Stiffness Computation | 2.01095    |       119.695 |     798.854 |         0 |
+-------------------------------+------------+---------------+-------------+-----------+
| Element Force Computation     | 0.811983   |       119.715 |     798.855 |         0 |
+-------------------------------+------------+---------------+-------------+-----------+
| Setup Simulation              | 0          |       119.746 |     798.856 |         0 |
+-------------------------------+------------+---------------+-------------+-----------+
| Assemble Global Matrices      | 0.0408676  |       121.824 |     798.856 |         0 |
+-------------------------------+------------+---------------+-------------+-----------+
| Modify Global Matrices        | 0.0455468  |       122.414 |     798.856 |         0 |
+-------------------------------+------------+---------------+-------------+-----------+
| Solve Linear Static System    | 0.45881    |       139.684 |     798.856 |         0 |
+-------------------------------+------------+---------------+-------------+-----------+
| Compute Primary Results       | 0.00351334 |       139.703 |     798.856 |         0 |
+-------------------------------+------------+---------------+-------------+-----------+
| Save Primary Results          | 0.177871   |       139.73  |     798.857 |         0 |
+-------------------------------+------------+---------------+-------------+-----------+

Parallel Jobs: job_0007, job_0008, job_0009, job_0003, job_0001
Start Memory: 119.12 MB | End Memory: 139.73 MB
Start Disk Usage: 798.85 GB | End Disk Usage: 798.86 GB
Start CPU: 0.00% | End CPU: 0.00%
