
------------------------------------------------------------
### Diagnostics for Global System
Total DOFs: 66
Independent Equations (nonzero rows): 66
Boundary Condition DOFs: None
⚠️ Matrix is NOT symmetric! Residual: 342
✅ K is positive definite.
⚠️ Rank check not performed: SVD did not converge
🔹 Condition Number: inf
⚠️ DOFs with zero force: [0, 1, 2, 3, 4, 5, 6, 7, 8, 9]...
Min Force = -5.0000e+05, Max Force = 3.0000e+05
Sum of Forces = -2.0000e+05 (⚠️ Nonzero!)
Top DOFs by force magnitude:
  DOF 37, Force = -5.0000e+05
  DOF 31, Force = 3.0000e+05
  DOF 2, Force = 0.0000e+00
  DOF 0, Force = 0.0000e+00
  DOF 4, Force = 0.0000e+00
  DOF 5, Force = 0.0000e+00
  DOF 6, Force = 0.0000e+00
  DOF 1, Force = 0.0000e+00
  DOF 8, Force = 0.0000e+00
  DOF 9, Force = 0.0000e+00


------------------------------------------------------------
### Diagnostics for Modified System
Total DOFs: 66
Independent Equations (nonzero rows): 66
Boundary Condition DOFs: [0, 1, 2, 3, 4, 5]
⚠️ Matrix is NOT symmetric! Residual: 264
✅ K is positive definite.
⚠️ Rank check not performed: SVD did not converge
🔹 Condition Number: inf
⚠️ DOFs with zero force: [0, 1, 2, 3, 4, 5, 6, 7, 8, 9]...
Min Force = -5.0000e+05, Max Force = 3.0000e+05
Sum of Forces = -2.0000e+05 (⚠️ Nonzero!)
Top DOFs by force magnitude:
  DOF 37, Force = -5.0000e+05
  DOF 31, Force = 3.0000e+05
  DOF 2, Force = 0.0000e+00
  DOF 0, Force = 0.0000e+00
  DOF 4, Force = 0.0000e+00
  DOF 5, Force = 0.0000e+00
  DOF 6, Force = 0.0000e+00
  DOF 1, Force = 0.0000e+00
  DOF 8, Force = 0.0000e+00
  DOF 9, Force = 0.0000e+00


------------------------------------------------------------
### Diagnostics for Condensed System
Total DOFs: 60
Independent Equations (nonzero rows): 60
Boundary Condition DOFs: [0, 1, 2, 3, 4, 5]
⚠️ Matrix is NOT symmetric! Residual: 264
✅ K is positive definite.
⚠️ Rank check not performed: SVD did not converge
🔹 Condition Number: inf
⚠️ DOFs with zero force: [0, 1, 2, 3, 4, 5, 6, 7, 8, 9]...
Min Force = -5.0000e+05, Max Force = 3.0000e+05
Sum of Forces = -2.0000e+05 (⚠️ Nonzero!)
Top DOFs by force magnitude:
  DOF 31, Force = -5.0000e+05
  DOF 25, Force = 3.0000e+05
  DOF 0, Force = 0.0000e+00
  DOF 1, Force = 0.0000e+00
  DOF 4, Force = 0.0000e+00
  DOF 5, Force = 0.0000e+00
  DOF 2, Force = 0.0000e+00
  DOF 3, Force = 0.0000e+00
  DOF 8, Force = 0.0000e+00
  DOF 9, Force = 0.0000e+00

