Machine Specifications:
   - OS: Windows 11 (10.0.22631)
   - CPU: Intel64 Family 6 Model 151 Stepping 2, GenuineIntel (20 cores)
   - RAM: 31.24 GB
   - Python Version: 3.12.5

Job: job_0005
Timestamp (job start): 2025-03-07_16-43-57
Total Time: 2.15 sec

+-------------------------------+------------+---------------+-------------+-----------+
| Step                          |   Time (s) |   Memory (MB) |   Disk (GB) |   CPU (%) |
+===============================+============+===============+=============+===========+
| Parsing                       | 0.0200202  |       78.3828 |     752.529 |         0 |
+-------------------------------+------------+---------------+-------------+-----------+
| Element Instantiation         | 0          |       78.4258 |     752.529 |         0 |
+-------------------------------+------------+---------------+-------------+-----------+
| Element Stiffness Computation | 0.416643   |       78.5977 |     752.529 |         0 |
+-------------------------------+------------+---------------+-------------+-----------+
| Element Force Computation     | 0.00121665 |       78.6094 |     752.529 |         0 |
+-------------------------------+------------+---------------+-------------+-----------+
| Setup Simulation              | 0          |       78.6445 |     752.529 |         0 |
+-------------------------------+------------+---------------+-------------+-----------+
| Assemble Global Matrices      | 0.00721264 |       79.6719 |     752.529 |         0 |
+-------------------------------+------------+---------------+-------------+-----------+
| Modify Global Matrices        | 0.00802135 |       79.7852 |     752.529 |         0 |
+-------------------------------+------------+---------------+-------------+-----------+
| Solve Linear Static System    | 0.489532   |       97.8438 |     752.53  |         0 |
+-------------------------------+------------+---------------+-------------+-----------+
| Compute Primary Results       | 0.00104594 |       97.8477 |     752.53  |         0 |
+-------------------------------+------------+---------------+-------------+-----------+
| Save Primary Results          | 0.0820813  |       97.875  |     752.53  |         0 |
+-------------------------------+------------+---------------+-------------+-----------+

Parallel Jobs: job_0001, job_0002, job_0004, job_0003, job_0006
Start Memory: 78.19 MB | End Memory: 97.88 MB
Start Disk Usage: 752.53 GB | End Disk Usage: 752.53 GB
Start CPU: 0.00% | End CPU: 0.00%
