Machine Specifications:
   - OS: Windows 11 (10.0.22631)
   - CPU: Intel64 Family 6 Model 151 Stepping 2, GenuineIntel (20 cores)
   - RAM: 31.24 GB
   - Python Version: 3.12.5

Job: job_0001
Timestamp (job start): 2025-04-07_13-53-57
Total Time: 4.06 sec

+-------------------------------+------------+---------------+-------------+-----------+
| Step                          |   Time (s) |   Memory (MB) |   Disk (GB) |   CPU (%) |
+===============================+============+===============+=============+===========+
| Parsing                       | 0.00400376 |       106.09  |     785.423 |         0 |
+-------------------------------+------------+---------------+-------------+-----------+
| Element Instantiation         | 0.00364685 |       106.141 |     785.423 |         0 |
+-------------------------------+------------+---------------+-------------+-----------+
| Element Stiffness Computation | 1.80909    |       106.406 |     785.43  |         0 |
+-------------------------------+------------+---------------+-------------+-----------+
| Element Force Computation     | 0.471213   |       106.547 |     785.431 |         0 |
+-------------------------------+------------+---------------+-------------+-----------+
| Setup Simulation              | 0          |       106.578 |     785.431 |         0 |
+-------------------------------+------------+---------------+-------------+-----------+
| Assemble Global Matrices      | 0.0289831  |       108.652 |     785.432 |         0 |
+-------------------------------+------------+---------------+-------------+-----------+
| Modify Global Matrices        | 0.0389752  |       109.305 |     785.432 |         0 |
+-------------------------------+------------+---------------+-------------+-----------+
| Solve Linear Static System    | 0.48804    |       125.977 |     785.433 |         0 |
+-------------------------------+------------+---------------+-------------+-----------+
| Compute Primary Results       | 0.0017035  |       125.984 |     785.433 |         0 |
+-------------------------------+------------+---------------+-------------+-----------+
| Save Primary Results          | 0.0833104  |       126.059 |     785.434 |         0 |
+-------------------------------+------------+---------------+-------------+-----------+

Parallel Jobs: job_0007, job_0008, job_0009
Start Memory: 105.99 MB | End Memory: 126.06 MB
Start Disk Usage: 785.42 GB | End Disk Usage: 785.43 GB
Start CPU: 0.00% | End CPU: 0.00%
