Machine Specifications:
   - OS: Windows 11 (10.0.22631)
   - CPU: Intel64 Family 6 Model 151 Stepping 2, GenuineIntel (20 cores)
   - RAM: 31.24 GB
   - Python Version: 3.12.5

Job: job_0006
Timestamp (job start): 2025-03-17_10-25-48
Total Time: 6.93 sec

+-------------------------------+------------+---------------+-------------+-----------+
| Step                          |   Time (s) |   Memory (MB) |   Disk (GB) |   CPU (%) |
+===============================+============+===============+=============+===========+
| Parsing                       | 0.0171759  |       106.441 |     759.669 |         0 |
+-------------------------------+------------+---------------+-------------+-----------+
| Element Instantiation         | 0.00400615 |       106.484 |     759.669 |         0 |
+-------------------------------+------------+---------------+-------------+-----------+
| Element Stiffness Computation | 1.79406    |       106.668 |     759.675 |         0 |
+-------------------------------+------------+---------------+-------------+-----------+
| Element Force Computation     | 3.26473    |       106.723 |     759.679 |         0 |
+-------------------------------+------------+---------------+-------------+-----------+
| Setup Simulation              | 0          |       106.754 |     759.679 |         0 |
+-------------------------------+------------+---------------+-------------+-----------+
| Assemble Global Matrices      | 0.0325122  |       108.891 |     759.679 |         0 |
+-------------------------------+------------+---------------+-------------+-----------+
| Modify Global Matrices        | 0.0744884  |       109.5   |     759.68  |         0 |
+-------------------------------+------------+---------------+-------------+-----------+
| Solve Linear Static System    | 0.532697   |       123.613 |     759.681 |         0 |
+-------------------------------+------------+---------------+-------------+-----------+
| Compute Primary Results       | 0.00312543 |       123.617 |     759.681 |         0 |
+-------------------------------+------------+---------------+-------------+-----------+
| Save Primary Results          | 0.0874724  |       123.742 |     759.681 |         0 |
+-------------------------------+------------+---------------+-------------+-----------+

Parallel Jobs: job_0001, job_0003, job_0002
Start Memory: 106.13 MB | End Memory: 123.74 MB
Start Disk Usage: 759.67 GB | End Disk Usage: 759.68 GB
Start CPU: 0.00% | End CPU: 0.00%
