2025-06-15 21:13:15,870 [DEBUG] 📁 Log file created at: \\mull.sms.ed.ac.uk\home\s1834431\Win7\Desktop\fem_model\post_processing\results\job_0008_2025-06-15_21-13-12-683490_pid39132_ec8b3d9e\logs\ModifyGlobalSystem.log (Module: boundary_conditions, Line: 82)
2025-06-15 21:13:15,871 [INFO] 🔧 Applying stabilized boundary conditions... (Module: boundary_conditions, Line: 100)
2025-06-15 21:13:15,872 [DEBUG] Computed penalty value: 3.58e+46 (Module: boundary_conditions, Line: 126)
2025-06-15 21:13:15,873 [DEBUG] 
======================================== System Diagnostics ======================================== (Module: boundary_conditions, Line: 171)
2025-06-15 21:13:15,874 [DEBUG] Original Non-zeros: 28
Modified Non-zeros: 26
Penalty Value: 3.58e+46
Stabilization Factor: 3.58e+36 (Module: boundary_conditions, Line: 183)
2025-06-15 21:13:15,878 [DEBUG] 
Modified Stiffness Matrix:
         0        1        2        3        4        5         6         7         8         9        10       11        12        13        14        15       16       17
0  3.58e+46 0.00e+00 0.00e+00 0.00e+00 0.00e+00 0.00e+00  0.00e+00  0.00e+00  0.00e+00  0.00e+00 0.00e+00 0.00e+00  0.00e+00  0.00e+00  0.00e+00  0.00e+00 0.00e+00 0.00e+00
1  0.00e+00 3.58e+46 0.00e+00 0.00e+00 0.00e+00 0.00e+00  0.00e+00  0.00e+00  0.00e+00  0.00e+00 0.00e+00 0.00e+00  0.00e+00  0.00e+00  0.00e+00  0.00e+00 0.00e+00 0.00e+00
2  0.00e+00 0.00e+00 3.58e+46 0.00e+00 0.00e+00 0.00e+00  0.00e+00  0.00e+00  0.00e+00  0.00e+00 0.00e+00 0.00e+00  0.00e+00  0.00e+00  0.00e+00  0.00e+00 0.00e+00 0.00e+00
3  0.00e+00 0.00e+00 0.00e+00 3.58e+46 0.00e+00 0.00e+00  0.00e+00  0.00e+00  0.00e+00  0.00e+00 0.00e+00 0.00e+00  0.00e+00  0.00e+00  0.00e+00  0.00e+00 0.00e+00 0.00e+00
4  0.00e+00 0.00e+00 0.00e+00 0.00e+00 3.58e+46 0.00e+00  0.00e+00  0.00e+00  0.00e+00  0.00e+00 0.00e+00 0.00e+00  0.00e+00  0.00e+00  0.00e+00  0.00e+00 0.00e+00 0.00e+00
5  0.00e+00 0.00e+00 0.00e+00 0.00e+00 0.00e+00 3.58e+46  0.00e+00  0.00e+00  0.00e+00  0.00e+00 0.00e+00 0.00e+00  0.00e+00  0.00e+00  0.00e+00  0.00e+00 0.00e+00 0.00e+00
6  0.00e+00 0.00e+00 0.00e+00 0.00e+00 0.00e+00 0.00e+00  3.58e+36  0.00e+00  0.00e+00  0.00e+00 0.00e+00 0.00e+00 -4.00e+09  0.00e+00  0.00e+00  0.00e+00 0.00e+00 0.00e+00
7  0.00e+00 0.00e+00 0.00e+00 0.00e+00 0.00e+00 0.00e+00  0.00e+00  3.58e+36  0.00e+00  0.00e+00 0.00e+00 0.00e+00  0.00e+00 -4.48e+09  0.00e+00  0.00e+00 0.00e+00 0.00e+00
8  0.00e+00 0.00e+00 0.00e+00 0.00e+00 0.00e+00 0.00e+00  0.00e+00  0.00e+00  3.58e+36  0.00e+00 0.00e+00 0.00e+00  0.00e+00  0.00e+00 -1.79e+10  0.00e+00 0.00e+00 0.00e+00
9  0.00e+00 0.00e+00 0.00e+00 0.00e+00 0.00e+00 0.00e+00  0.00e+00  0.00e+00  0.00e+00  3.58e+36 0.00e+00 0.00e+00  0.00e+00  0.00e+00  0.00e+00 -1.31e+06 0.00e+00 0.00e+00
10 0.00e+00 0.00e+00 0.00e+00 0.00e+00 0.00e+00 0.00e+00  0.00e+00  0.00e+00  0.00e+00  0.00e+00 3.58e+36 0.00e+00  0.00e+00  0.00e+00  0.00e+00  0.00e+00 0.00e+00 0.00e+00
11 0.00e+00 0.00e+00 0.00e+00 0.00e+00 0.00e+00 0.00e+00  0.00e+00  0.00e+00  0.00e+00  0.00e+00 0.00e+00 3.58e+36  0.00e+00  0.00e+00  0.00e+00  0.00e+00 0.00e+00 0.00e+00
12 0.00e+00 0.00e+00 0.00e+00 0.00e+00 0.00e+00 0.00e+00 -4.00e+09  0.00e+00  0.00e+00  0.00e+00 0.00e+00 0.00e+00  3.58e+36  0.00e+00  0.00e+00  0.00e+00 0.00e+00 0.00e+00
13 0.00e+00 0.00e+00 0.00e+00 0.00e+00 0.00e+00 0.00e+00  0.00e+00 -4.48e+09  0.00e+00  0.00e+00 0.00e+00 0.00e+00  0.00e+00  3.58e+36  0.00e+00  0.00e+00 0.00e+00 0.00e+00
14 0.00e+00 0.00e+00 0.00e+00 0.00e+00 0.00e+00 0.00e+00  0.00e+00  0.00e+00 -1.79e+10  0.00e+00 0.00e+00 0.00e+00  0.00e+00  0.00e+00  3.58e+36  0.00e+00 0.00e+00 0.00e+00
15 0.00e+00 0.00e+00 0.00e+00 0.00e+00 0.00e+00 0.00e+00  0.00e+00  0.00e+00  0.00e+00 -1.31e+06 0.00e+00 0.00e+00  0.00e+00  0.00e+00  0.00e+00  3.58e+36 0.00e+00 0.00e+00
16 0.00e+00 0.00e+00 0.00e+00 0.00e+00 0.00e+00 0.00e+00  0.00e+00  0.00e+00  0.00e+00  0.00e+00 0.00e+00 0.00e+00  0.00e+00  0.00e+00  0.00e+00  0.00e+00 3.58e+36 0.00e+00
17 0.00e+00 0.00e+00 0.00e+00 0.00e+00 0.00e+00 0.00e+00  0.00e+00  0.00e+00  0.00e+00  0.00e+00 0.00e+00 0.00e+00  0.00e+00  0.00e+00  0.00e+00  0.00e+00 0.00e+00 3.58e+36 (Module: boundary_conditions, Line: 188)
2025-06-15 21:13:15,879 [DEBUG] 
Condition Estimate: 1.0e+10 (Module: boundary_conditions, Line: 201)
2025-06-15 21:13:15,879 [INFO] ✅ Boundary conditions applied in 0.01s (Module: boundary_conditions, Line: 114)
