
------------------------------------------------------------
### Diagnostics for Global System
Total DOFs: 600
Independent Equations (nonzero rows in K): 200
Boundary Condition DOFs: None detected
⚠️  Underconstrained system detected (too few equations)
⚠️  Singular matrix detected! K is not invertible
🔹 Condition Number: inf
⚠️  Zero rows found at indices: [1, 2, 3, 4, 7, 8, 9, 10, 13, 14, 15, 16, 19, 20, 21, 22, 25, 26, 27, 28, 31, 32, 33, 34, 37, 38, 39, 40, 43, 44, 45, 46, 49, 50, 51, 52, 55, 56, 57, 58, 61, 62, 63, 64, 67, 68, 69, 70, 73, 74, 75, 76, 79, 80, 81, 82, 85, 86, 87, 88, 91, 92, 93, 94, 97, 98, 99, 100, 103, 104, 105, 106, 109, 110, 111, 112, 115, 116, 117, 118, 121, 122, 123, 124, 127, 128, 129, 130, 133, 134, 135, 136, 139, 140, 141, 142, 145, 146, 147, 148, 151, 152, 153, 154, 157, 158, 159, 160, 163, 164, 165, 166, 169, 170, 171, 172, 175, 176, 177, 178, 181, 182, 183, 184, 187, 188, 189, 190, 193, 194, 195, 196, 199, 200, 201, 202, 205, 206, 207, 208, 211, 212, 213, 214, 217, 218, 219, 220, 223, 224, 225, 226, 229, 230, 231, 232, 235, 236, 237, 238, 241, 242, 243, 244, 247, 248, 249, 250, 253, 254, 255, 256, 259, 260, 261, 262, 265, 266, 267, 268, 271, 272, 273, 274, 277, 278, 279, 280, 283, 284, 285, 286, 289, 290, 291, 292, 295, 296, 297, 298, 301, 302, 303, 304, 307, 308, 309, 310, 313, 314, 315, 316, 319, 320, 321, 322, 325, 326, 327, 328, 331, 332, 333, 334, 337, 338, 339, 340, 343, 344, 345, 346, 349, 350, 351, 352, 355, 356, 357, 358, 361, 362, 363, 364, 367, 368, 369, 370, 373, 374, 375, 376, 379, 380, 381, 382, 385, 386, 387, 388, 391, 392, 393, 394, 397, 398, 399, 400, 403, 404, 405, 406, 409, 410, 411, 412, 415, 416, 417, 418, 421, 422, 423, 424, 427, 428, 429, 430, 433, 434, 435, 436, 439, 440, 441, 442, 445, 446, 447, 448, 451, 452, 453, 454, 457, 458, 459, 460, 463, 464, 465, 466, 469, 470, 471, 472, 475, 476, 477, 478, 481, 482, 483, 484, 487, 488, 489, 490, 493, 494, 495, 496, 499, 500, 501, 502, 505, 506, 507, 508, 511, 512, 513, 514, 517, 518, 519, 520, 523, 524, 525, 526, 529, 530, 531, 532, 535, 536, 537, 538, 541, 542, 543, 544, 547, 548, 549, 550, 553, 554, 555, 556, 559, 560, 561, 562, 565, 566, 567, 568, 571, 572, 573, 574, 577, 578, 579, 580, 583, 584, 585, 586, 589, 590, 591, 592, 595, 596, 597, 598]
⚠️  Zero columns found at indices: [1, 2, 3, 4, 7, 8, 9, 10, 13, 14, 15, 16, 19, 20, 21, 22, 25, 26, 27, 28, 31, 32, 33, 34, 37, 38, 39, 40, 43, 44, 45, 46, 49, 50, 51, 52, 55, 56, 57, 58, 61, 62, 63, 64, 67, 68, 69, 70, 73, 74, 75, 76, 79, 80, 81, 82, 85, 86, 87, 88, 91, 92, 93, 94, 97, 98, 99, 100, 103, 104, 105, 106, 109, 110, 111, 112, 115, 116, 117, 118, 121, 122, 123, 124, 127, 128, 129, 130, 133, 134, 135, 136, 139, 140, 141, 142, 145, 146, 147, 148, 151, 152, 153, 154, 157, 158, 159, 160, 163, 164, 165, 166, 169, 170, 171, 172, 175, 176, 177, 178, 181, 182, 183, 184, 187, 188, 189, 190, 193, 194, 195, 196, 199, 200, 201, 202, 205, 206, 207, 208, 211, 212, 213, 214, 217, 218, 219, 220, 223, 224, 225, 226, 229, 230, 231, 232, 235, 236, 237, 238, 241, 242, 243, 244, 247, 248, 249, 250, 253, 254, 255, 256, 259, 260, 261, 262, 265, 266, 267, 268, 271, 272, 273, 274, 277, 278, 279, 280, 283, 284, 285, 286, 289, 290, 291, 292, 295, 296, 297, 298, 301, 302, 303, 304, 307, 308, 309, 310, 313, 314, 315, 316, 319, 320, 321, 322, 325, 326, 327, 328, 331, 332, 333, 334, 337, 338, 339, 340, 343, 344, 345, 346, 349, 350, 351, 352, 355, 356, 357, 358, 361, 362, 363, 364, 367, 368, 369, 370, 373, 374, 375, 376, 379, 380, 381, 382, 385, 386, 387, 388, 391, 392, 393, 394, 397, 398, 399, 400, 403, 404, 405, 406, 409, 410, 411, 412, 415, 416, 417, 418, 421, 422, 423, 424, 427, 428, 429, 430, 433, 434, 435, 436, 439, 440, 441, 442, 445, 446, 447, 448, 451, 452, 453, 454, 457, 458, 459, 460, 463, 464, 465, 466, 469, 470, 471, 472, 475, 476, 477, 478, 481, 482, 483, 484, 487, 488, 489, 490, 493, 494, 495, 496, 499, 500, 501, 502, 505, 506, 507, 508, 511, 512, 513, 514, 517, 518, 519, 520, 523, 524, 525, 526, 529, 530, 531, 532, 535, 536, 537, 538, 541, 542, 543, 544, 547, 548, 549, 550, 553, 554, 555, 556, 559, 560, 561, 562, 565, 566, 567, 568, 571, 572, 573, 574, 577, 578, 579, 580, 583, 584, 585, 586, 589, 590, 591, 592, 595, 596, 597, 598]

🔹 **Force Vector Diagnostics**
⚠️  DOFs with zero applied force: [0, 2, 3, 4, 5, 6, 8, 9, 10, 11] ...
📌 Min Force: -7.2493e-03, Max Force: 2.2016e-03
📌 Sum of all forces: 4.7536e-02 ⚠️ (Nonzero: Possible imbalance!)
🔹 F_x: Min 0.0000e+00, Max 0.0000e+00
🔹 F_y: Min -7.2493e-03, Max 2.2016e-03
🔹 F_z: Min 0.0000e+00, Max 0.0000e+00
🔹 M_x: Min 0.0000e+00, Max 0.0000e+00
🔹 M_y: Min 0.0000e+00, Max 0.0000e+00
🔹 M_z: Min 0.0000e+00, Max 0.0000e+00


------------------------------------------------------------
### Diagnostics for Modified System
Total DOFs: 600
Independent Equations (nonzero rows in K): 204
Boundary Condition DOFs: [0, 1, 2, 3, 4, 5]
⚠️  Underconstrained system detected (too few equations)
⚠️  Singular matrix detected! K is not invertible
🔹 Condition Number: inf
⚠️  Zero rows found at indices: [7, 8, 9, 10, 13, 14, 15, 16, 19, 20, 21, 22, 25, 26, 27, 28, 31, 32, 33, 34, 37, 38, 39, 40, 43, 44, 45, 46, 49, 50, 51, 52, 55, 56, 57, 58, 61, 62, 63, 64, 67, 68, 69, 70, 73, 74, 75, 76, 79, 80, 81, 82, 85, 86, 87, 88, 91, 92, 93, 94, 97, 98, 99, 100, 103, 104, 105, 106, 109, 110, 111, 112, 115, 116, 117, 118, 121, 122, 123, 124, 127, 128, 129, 130, 133, 134, 135, 136, 139, 140, 141, 142, 145, 146, 147, 148, 151, 152, 153, 154, 157, 158, 159, 160, 163, 164, 165, 166, 169, 170, 171, 172, 175, 176, 177, 178, 181, 182, 183, 184, 187, 188, 189, 190, 193, 194, 195, 196, 199, 200, 201, 202, 205, 206, 207, 208, 211, 212, 213, 214, 217, 218, 219, 220, 223, 224, 225, 226, 229, 230, 231, 232, 235, 236, 237, 238, 241, 242, 243, 244, 247, 248, 249, 250, 253, 254, 255, 256, 259, 260, 261, 262, 265, 266, 267, 268, 271, 272, 273, 274, 277, 278, 279, 280, 283, 284, 285, 286, 289, 290, 291, 292, 295, 296, 297, 298, 301, 302, 303, 304, 307, 308, 309, 310, 313, 314, 315, 316, 319, 320, 321, 322, 325, 326, 327, 328, 331, 332, 333, 334, 337, 338, 339, 340, 343, 344, 345, 346, 349, 350, 351, 352, 355, 356, 357, 358, 361, 362, 363, 364, 367, 368, 369, 370, 373, 374, 375, 376, 379, 380, 381, 382, 385, 386, 387, 388, 391, 392, 393, 394, 397, 398, 399, 400, 403, 404, 405, 406, 409, 410, 411, 412, 415, 416, 417, 418, 421, 422, 423, 424, 427, 428, 429, 430, 433, 434, 435, 436, 439, 440, 441, 442, 445, 446, 447, 448, 451, 452, 453, 454, 457, 458, 459, 460, 463, 464, 465, 466, 469, 470, 471, 472, 475, 476, 477, 478, 481, 482, 483, 484, 487, 488, 489, 490, 493, 494, 495, 496, 499, 500, 501, 502, 505, 506, 507, 508, 511, 512, 513, 514, 517, 518, 519, 520, 523, 524, 525, 526, 529, 530, 531, 532, 535, 536, 537, 538, 541, 542, 543, 544, 547, 548, 549, 550, 553, 554, 555, 556, 559, 560, 561, 562, 565, 566, 567, 568, 571, 572, 573, 574, 577, 578, 579, 580, 583, 584, 585, 586, 589, 590, 591, 592, 595, 596, 597, 598]
⚠️  Zero columns found at indices: [7, 8, 9, 10, 13, 14, 15, 16, 19, 20, 21, 22, 25, 26, 27, 28, 31, 32, 33, 34, 37, 38, 39, 40, 43, 44, 45, 46, 49, 50, 51, 52, 55, 56, 57, 58, 61, 62, 63, 64, 67, 68, 69, 70, 73, 74, 75, 76, 79, 80, 81, 82, 85, 86, 87, 88, 91, 92, 93, 94, 97, 98, 99, 100, 103, 104, 105, 106, 109, 110, 111, 112, 115, 116, 117, 118, 121, 122, 123, 124, 127, 128, 129, 130, 133, 134, 135, 136, 139, 140, 141, 142, 145, 146, 147, 148, 151, 152, 153, 154, 157, 158, 159, 160, 163, 164, 165, 166, 169, 170, 171, 172, 175, 176, 177, 178, 181, 182, 183, 184, 187, 188, 189, 190, 193, 194, 195, 196, 199, 200, 201, 202, 205, 206, 207, 208, 211, 212, 213, 214, 217, 218, 219, 220, 223, 224, 225, 226, 229, 230, 231, 232, 235, 236, 237, 238, 241, 242, 243, 244, 247, 248, 249, 250, 253, 254, 255, 256, 259, 260, 261, 262, 265, 266, 267, 268, 271, 272, 273, 274, 277, 278, 279, 280, 283, 284, 285, 286, 289, 290, 291, 292, 295, 296, 297, 298, 301, 302, 303, 304, 307, 308, 309, 310, 313, 314, 315, 316, 319, 320, 321, 322, 325, 326, 327, 328, 331, 332, 333, 334, 337, 338, 339, 340, 343, 344, 345, 346, 349, 350, 351, 352, 355, 356, 357, 358, 361, 362, 363, 364, 367, 368, 369, 370, 373, 374, 375, 376, 379, 380, 381, 382, 385, 386, 387, 388, 391, 392, 393, 394, 397, 398, 399, 400, 403, 404, 405, 406, 409, 410, 411, 412, 415, 416, 417, 418, 421, 422, 423, 424, 427, 428, 429, 430, 433, 434, 435, 436, 439, 440, 441, 442, 445, 446, 447, 448, 451, 452, 453, 454, 457, 458, 459, 460, 463, 464, 465, 466, 469, 470, 471, 472, 475, 476, 477, 478, 481, 482, 483, 484, 487, 488, 489, 490, 493, 494, 495, 496, 499, 500, 501, 502, 505, 506, 507, 508, 511, 512, 513, 514, 517, 518, 519, 520, 523, 524, 525, 526, 529, 530, 531, 532, 535, 536, 537, 538, 541, 542, 543, 544, 547, 548, 549, 550, 553, 554, 555, 556, 559, 560, 561, 562, 565, 566, 567, 568, 571, 572, 573, 574, 577, 578, 579, 580, 583, 584, 585, 586, 589, 590, 591, 592, 595, 596, 597, 598]

🔹 **Force Vector Diagnostics**
⚠️  DOFs with zero applied force: [0, 1, 2, 3, 4, 5, 6, 8, 9, 10] ...
📌 Min Force: -7.2493e-03, Max Force: 2.2016e-03
📌 Sum of all forces: 5.1691e-02 ⚠️ (Nonzero: Possible imbalance!)
✅  No forces detected at constrained DOFs (Correct).
🔹 F_x: Min 0.0000e+00, Max 0.0000e+00
🔹 F_y: Min -7.2493e-03, Max 2.2016e-03
🔹 F_z: Min 0.0000e+00, Max 0.0000e+00
🔹 M_x: Min 0.0000e+00, Max 0.0000e+00
🔹 M_y: Min 0.0000e+00, Max 0.0000e+00
🔹 M_z: Min 0.0000e+00, Max 0.0000e+00


------------------------------------------------------------
### Diagnostics for Condensed System
Total DOFs: 198
Independent Equations (nonzero rows in K): 198
Boundary Condition DOFs: [0, 1, 2, 3, 4, 5]
✅  Well-posed system detected
✅  K is positive definite (Invertible)
🔹 Condition Number: 1.40e+05

🔹 **Force Vector Diagnostics**
⚠️  DOFs with zero applied force: [0, 1, 2, 3, 4, 5, 6, 7, 8, 9] ...
📌 Min Force: 0.0000e+00, Max Force: 0.0000e+00
📌 Sum of all forces: 0.0000e+00 ✅ (Near zero: Equilibrium)
✅  No forces detected at constrained DOFs (Correct).
🔹 F_x: Min 0.0000e+00, Max 0.0000e+00
🔹 F_y: Min 0.0000e+00, Max 0.0000e+00
🔹 F_z: Min 0.0000e+00, Max 0.0000e+00
🔹 M_x: Min 0.0000e+00, Max 0.0000e+00
🔹 M_y: Min 0.0000e+00, Max 0.0000e+00
🔹 M_z: Min 0.0000e+00, Max 0.0000e+00

