2025-06-15 21:13:15,849 [DEBUG] 📁 Log file created at: \\mull.sms.ed.ac.uk\home\s1834431\Win7\Desktop\fem_model\post_processing\results\job_0009_2025-06-15_21-13-12-690493_pid39132_eb5a25c3\logs\AssembleGlobalSystem.log (Module: assembly, Line: 90)
2025-06-15 21:13:15,849 [INFO] 🔧 Starting global matrix assembly... (Module: assembly, Line: 106)
2025-06-15 21:13:15,850 [DEBUG] Element 0 DOF mapping validated (Module: assembly, Line: 170)
2025-06-15 21:13:15,852 [DEBUG] Element 1 DOF mapping validated (Module: assembly, Line: 170)
2025-06-15 21:13:15,853 [DEBUG] Element 2 DOF mapping validated (Module: assembly, Line: 170)
2025-06-15 21:13:15,855 [DEBUG] 
✅ DOF Mappings Summary:
 Element ID                                      DOF Indices
          0           [0, 1, 2, 3, 4, 5, 6, 7, 8, 9, 10, 11]
          1     [6, 7, 8, 9, 10, 11, 12, 13, 14, 15, 16, 17]
          2 [12, 13, 14, 15, 16, 17, 18, 19, 20, 21, 22, 23] (Module: assembly, Line: 190)
2025-06-15 21:13:15,868 [INFO] 🗂️ DOF mapping saved to: \\mull.sms.ed.ac.uk\home\s1834431\Win7\Desktop\fem_model\post_processing\results\job_0009_2025-06-15_21-13-12-690493_pid39132_eb5a25c3\primary_results\assembly_dof_mapping.csv (Module: assembly, Line: 196)
2025-06-15 21:13:15,870 [INFO] 🧾 System Info:
  Total DOFs: 24
  Number of elements: 3
  Parallel assembly: False
  Symmetry tolerance: 1.0e-08 (Module: assembly, Line: 307)
2025-06-15 21:13:15,871 [INFO] ✅ Stiffness matrix assembled (Module: assembly, Line: 234)
2025-06-15 21:13:15,871 [INFO] ✅ Force vector assembled (Module: assembly, Line: 263)
2025-06-15 21:13:15,872 [INFO] Global Stiffness Matrix:
  Non-zero entries: 40
  Symmetry: True
  Norm: 2.505e+11 (Module: assembly, Line: 337)
2025-06-15 21:13:15,877 [DEBUG] 
Full Stiffness Matrix (Dense):
Col        0         1         2         3        4        5         6         7         8         9        10       11        12        13        14        15       16       17        18        19        20        21       22       23
Row                                                                                                                                                                                                                                        
0    6.00e+09  0.00e+00  0.00e+00  0.00e+00 0.00e+00 0.00e+00 -6.00e+09  0.00e+00  0.00e+00  0.00e+00 0.00e+00 0.00e+00  0.00e+00  0.00e+00  0.00e+00  0.00e+00 0.00e+00 0.00e+00  0.00e+00  0.00e+00  0.00e+00  0.00e+00 0.00e+00 0.00e+00
1    0.00e+00  1.51e+10  0.00e+00  0.00e+00 0.00e+00 0.00e+00  0.00e+00 -1.51e+10  0.00e+00  0.00e+00 0.00e+00 0.00e+00  0.00e+00  0.00e+00  0.00e+00  0.00e+00 0.00e+00 0.00e+00  0.00e+00  0.00e+00  0.00e+00  0.00e+00 0.00e+00 0.00e+00
2    0.00e+00  0.00e+00  6.05e+10  0.00e+00 0.00e+00 0.00e+00  0.00e+00  0.00e+00 -6.05e+10  0.00e+00 0.00e+00 0.00e+00  0.00e+00  0.00e+00  0.00e+00  0.00e+00 0.00e+00 0.00e+00  0.00e+00  0.00e+00  0.00e+00  0.00e+00 0.00e+00 0.00e+00
3    0.00e+00  0.00e+00  0.00e+00  1.97e+06 0.00e+00 0.00e+00  0.00e+00  0.00e+00  0.00e+00 -1.97e+06 0.00e+00 0.00e+00  0.00e+00  0.00e+00  0.00e+00  0.00e+00 0.00e+00 0.00e+00  0.00e+00  0.00e+00  0.00e+00  0.00e+00 0.00e+00 0.00e+00
4    0.00e+00  0.00e+00  0.00e+00  0.00e+00 0.00e+00 0.00e+00  0.00e+00  0.00e+00  0.00e+00  0.00e+00 0.00e+00 0.00e+00  0.00e+00  0.00e+00  0.00e+00  0.00e+00 0.00e+00 0.00e+00  0.00e+00  0.00e+00  0.00e+00  0.00e+00 0.00e+00 0.00e+00
5    0.00e+00  0.00e+00  0.00e+00  0.00e+00 0.00e+00 0.00e+00  0.00e+00  0.00e+00  0.00e+00  0.00e+00 0.00e+00 0.00e+00  0.00e+00  0.00e+00  0.00e+00  0.00e+00 0.00e+00 0.00e+00  0.00e+00  0.00e+00  0.00e+00  0.00e+00 0.00e+00 0.00e+00
6   -6.00e+09  0.00e+00  0.00e+00  0.00e+00 0.00e+00 0.00e+00  1.20e+10  0.00e+00  0.00e+00  0.00e+00 0.00e+00 0.00e+00 -6.00e+09  0.00e+00  0.00e+00  0.00e+00 0.00e+00 0.00e+00  0.00e+00  0.00e+00  0.00e+00  0.00e+00 0.00e+00 0.00e+00
7    0.00e+00 -1.51e+10  0.00e+00  0.00e+00 0.00e+00 0.00e+00  0.00e+00  3.02e+10  0.00e+00  0.00e+00 0.00e+00 0.00e+00  0.00e+00 -1.51e+10  0.00e+00  0.00e+00 0.00e+00 0.00e+00  0.00e+00  0.00e+00  0.00e+00  0.00e+00 0.00e+00 0.00e+00
8    0.00e+00  0.00e+00 -6.05e+10  0.00e+00 0.00e+00 0.00e+00  0.00e+00  0.00e+00  1.21e+11  0.00e+00 0.00e+00 0.00e+00  0.00e+00  0.00e+00 -6.05e+10  0.00e+00 0.00e+00 0.00e+00  0.00e+00  0.00e+00  0.00e+00  0.00e+00 0.00e+00 0.00e+00
9    0.00e+00  0.00e+00  0.00e+00 -1.97e+06 0.00e+00 0.00e+00  0.00e+00  0.00e+00  0.00e+00  3.94e+06 0.00e+00 0.00e+00  0.00e+00  0.00e+00  0.00e+00 -1.97e+06 0.00e+00 0.00e+00  0.00e+00  0.00e+00  0.00e+00  0.00e+00 0.00e+00 0.00e+00
10   0.00e+00  0.00e+00  0.00e+00  0.00e+00 0.00e+00 0.00e+00  0.00e+00  0.00e+00  0.00e+00  0.00e+00 0.00e+00 0.00e+00  0.00e+00  0.00e+00  0.00e+00  0.00e+00 0.00e+00 0.00e+00  0.00e+00  0.00e+00  0.00e+00  0.00e+00 0.00e+00 0.00e+00
11   0.00e+00  0.00e+00  0.00e+00  0.00e+00 0.00e+00 0.00e+00  0.00e+00  0.00e+00  0.00e+00  0.00e+00 0.00e+00 0.00e+00  0.00e+00  0.00e+00  0.00e+00  0.00e+00 0.00e+00 0.00e+00  0.00e+00  0.00e+00  0.00e+00  0.00e+00 0.00e+00 0.00e+00
12   0.00e+00  0.00e+00  0.00e+00  0.00e+00 0.00e+00 0.00e+00 -6.00e+09  0.00e+00  0.00e+00  0.00e+00 0.00e+00 0.00e+00  1.20e+10  0.00e+00  0.00e+00  0.00e+00 0.00e+00 0.00e+00 -6.00e+09  0.00e+00  0.00e+00  0.00e+00 0.00e+00 0.00e+00
13   0.00e+00  0.00e+00  0.00e+00  0.00e+00 0.00e+00 0.00e+00  0.00e+00 -1.51e+10  0.00e+00  0.00e+00 0.00e+00 0.00e+00  0.00e+00  3.02e+10  0.00e+00  0.00e+00 0.00e+00 0.00e+00  0.00e+00 -1.51e+10  0.00e+00  0.00e+00 0.00e+00 0.00e+00
14   0.00e+00  0.00e+00  0.00e+00  0.00e+00 0.00e+00 0.00e+00  0.00e+00  0.00e+00 -6.05e+10  0.00e+00 0.00e+00 0.00e+00  0.00e+00  0.00e+00  1.21e+11  0.00e+00 0.00e+00 0.00e+00  0.00e+00  0.00e+00 -6.05e+10  0.00e+00 0.00e+00 0.00e+00
15   0.00e+00  0.00e+00  0.00e+00  0.00e+00 0.00e+00 0.00e+00  0.00e+00  0.00e+00  0.00e+00 -1.97e+06 0.00e+00 0.00e+00  0.00e+00  0.00e+00  0.00e+00  3.94e+06 0.00e+00 0.00e+00  0.00e+00  0.00e+00  0.00e+00 -1.97e+06 0.00e+00 0.00e+00
16   0.00e+00  0.00e+00  0.00e+00  0.00e+00 0.00e+00 0.00e+00  0.00e+00  0.00e+00  0.00e+00  0.00e+00 0.00e+00 0.00e+00  0.00e+00  0.00e+00  0.00e+00  0.00e+00 0.00e+00 0.00e+00  0.00e+00  0.00e+00  0.00e+00  0.00e+00 0.00e+00 0.00e+00
17   0.00e+00  0.00e+00  0.00e+00  0.00e+00 0.00e+00 0.00e+00  0.00e+00  0.00e+00  0.00e+00  0.00e+00 0.00e+00 0.00e+00  0.00e+00  0.00e+00  0.00e+00  0.00e+00 0.00e+00 0.00e+00  0.00e+00  0.00e+00  0.00e+00  0.00e+00 0.00e+00 0.00e+00
18   0.00e+00  0.00e+00  0.00e+00  0.00e+00 0.00e+00 0.00e+00  0.00e+00  0.00e+00  0.00e+00  0.00e+00 0.00e+00 0.00e+00 -6.00e+09  0.00e+00  0.00e+00  0.00e+00 0.00e+00 0.00e+00  6.00e+09  0.00e+00  0.00e+00  0.00e+00 0.00e+00 0.00e+00
19   0.00e+00  0.00e+00  0.00e+00  0.00e+00 0.00e+00 0.00e+00  0.00e+00  0.00e+00  0.00e+00  0.00e+00 0.00e+00 0.00e+00  0.00e+00 -1.51e+10  0.00e+00  0.00e+00 0.00e+00 0.00e+00  0.00e+00  1.51e+10  0.00e+00  0.00e+00 0.00e+00 0.00e+00
20   0.00e+00  0.00e+00  0.00e+00  0.00e+00 0.00e+00 0.00e+00  0.00e+00  0.00e+00  0.00e+00  0.00e+00 0.00e+00 0.00e+00  0.00e+00  0.00e+00 -6.05e+10  0.00e+00 0.00e+00 0.00e+00  0.00e+00  0.00e+00  6.05e+10  0.00e+00 0.00e+00 0.00e+00
21   0.00e+00  0.00e+00  0.00e+00  0.00e+00 0.00e+00 0.00e+00  0.00e+00  0.00e+00  0.00e+00  0.00e+00 0.00e+00 0.00e+00  0.00e+00  0.00e+00  0.00e+00 -1.97e+06 0.00e+00 0.00e+00  0.00e+00  0.00e+00  0.00e+00  1.97e+06 0.00e+00 0.00e+00
22   0.00e+00  0.00e+00  0.00e+00  0.00e+00 0.00e+00 0.00e+00  0.00e+00  0.00e+00  0.00e+00  0.00e+00 0.00e+00 0.00e+00  0.00e+00  0.00e+00  0.00e+00  0.00e+00 0.00e+00 0.00e+00  0.00e+00  0.00e+00  0.00e+00  0.00e+00 0.00e+00 0.00e+00
23   0.00e+00  0.00e+00  0.00e+00  0.00e+00 0.00e+00 0.00e+00  0.00e+00  0.00e+00  0.00e+00  0.00e+00 0.00e+00 0.00e+00  0.00e+00  0.00e+00  0.00e+00  0.00e+00 0.00e+00 0.00e+00  0.00e+00  0.00e+00  0.00e+00  0.00e+00 0.00e+00 0.00e+00 (Module: assembly, Line: 352)
2025-06-15 21:13:15,878 [INFO] 📊 Performance Metrics:
  Assembly Time: 0.03s
  Elements Processed: 3
  Matrix Density: 6.94e-02
  Memory Usage: 0.00MB
  Processing Rate: 103.3 elements/s (Module: assembly, Line: 324)
2025-06-15 21:13:15,879 [INFO] ✅ Assembly complete. (Module: assembly, Line: 122)
