2025-06-15 21:13:15,922 [DEBUG] 📁 Log file created at: \\mull.sms.ed.ac.uk\home\s1834431\Win7\Desktop\fem_model\post_processing\results\job_0009_2025-06-15_21-13-12-690493_pid39132_eb5a25c3\logs\CondenseGlobalSystem.log (Module: condensation, Line: 66)
2025-06-15 21:13:15,923 [DEBUG] Adaptive tolerance: 1.21e+35 (Module: condensation, Line: 122)
2025-06-15 21:13:15,924 [DEBUG] System Validation Summary:
  - Fixed DOFs Valid: 6/24
  - Matrix Shape: (24, 24)
  - Adaptive Tolerance: 1.21e+35 (Module: condensation, Line: 76)
2025-06-15 21:13:15,924 [INFO] 🚀 Starting enhanced condensation process (Module: condensation, Line: 127)
2025-06-15 21:13:15,926 [DEBUG] Active DOFs: [6, 7, 8, 9, 10, 11, 12, 13, 14, 15...] (Module: condensation, Line: 155)
2025-06-15 21:13:15,927 [DEBUG] Intermediate system created | Shape: (18, 18) (Module: condensation, Line: 161)
2025-06-15 21:13:15,928 [INFO] Secondary condensation removed 0 DOFs (Module: condensation, Line: 172)
2025-06-15 21:13:15,929 [DEBUG] 🔧 Building condensed system from intermediate matrix (Module: condensation, Line: 180)
2025-06-15 21:13:15,930 [DEBUG] 📐 Condensed system built: K_cond shape = (18, 18), F_cond length = 18 (Module: condensation, Line: 194)
2025-06-15 21:13:15,930 [DEBUG] Bi-directional mapping validated (Module: condensation, Line: 231)
2025-06-15 21:13:15,931 [DEBUG] 
======================================== SYSTEM DETAILS ======================================== (Module: condensation, Line: 245)
2025-06-15 21:13:15,931 [DEBUG] 📊 Statistics:
Total DOFs: 24
Fixed DOFs: 6 (25.0%)
Active DOFs: 18 (75.0%)
Condensed DOFs: 18 (75.0%)
Inactive DOFs: 0 (0.0%) (Module: condensation, Line: 256)
2025-06-15 21:13:15,932 [DEBUG] 🗺️ Mapping Samples:
Condensed → Original: 0 → 6
1 → 7
2 → 8
3 → 9
4 → 10
... → ...
13 → 19
14 → 20
15 → 21
16 → 22
17 → 23
Original → Condensed: 6 → 0
7 → 1
8 → 2
9 → 3
10 → 4
... → ...
19 → 13
20 → 14
21 → 15
22 → 16
23 → 17 (Module: condensation, Line: 259)
2025-06-15 21:13:15,935 [DEBUG] 🔍 Condensed Stiffness Matrix:
            C0 (O6)   C1 (O7)   C2 (O8)   C3 (O9)  C4 (O10)  C5 (O11)  C6 (O12)  C7 (O13)  C8 (O14)  C9 (O15)  C10 (O16)  C11 (O17)  C12 (O18)  C13 (O19)  C14 (O20)  C15 (O21)  C16 (O22)  C17 (O23)
C0 (O6)    1.21e+37  0.00e+00  0.00e+00  0.00e+00  0.00e+00  0.00e+00 -6.00e+09  0.00e+00  0.00e+00  0.00e+00   0.00e+00   0.00e+00   0.00e+00   0.00e+00   0.00e+00   0.00e+00   0.00e+00   0.00e+00
C1 (O7)    0.00e+00  1.21e+37  0.00e+00  0.00e+00  0.00e+00  0.00e+00  0.00e+00 -1.51e+10  0.00e+00  0.00e+00   0.00e+00   0.00e+00   0.00e+00   0.00e+00   0.00e+00   0.00e+00   0.00e+00   0.00e+00
C2 (O8)    0.00e+00  0.00e+00  1.21e+37  0.00e+00  0.00e+00  0.00e+00  0.00e+00  0.00e+00 -6.05e+10  0.00e+00   0.00e+00   0.00e+00   0.00e+00   0.00e+00   0.00e+00   0.00e+00   0.00e+00   0.00e+00
C3 (O9)    0.00e+00  0.00e+00  0.00e+00  1.21e+37  0.00e+00  0.00e+00  0.00e+00  0.00e+00  0.00e+00 -1.97e+06   0.00e+00   0.00e+00   0.00e+00   0.00e+00   0.00e+00   0.00e+00   0.00e+00   0.00e+00
C4 (O10)   0.00e+00  0.00e+00  0.00e+00  0.00e+00  1.21e+37  0.00e+00  0.00e+00  0.00e+00  0.00e+00  0.00e+00   0.00e+00   0.00e+00   0.00e+00   0.00e+00   0.00e+00   0.00e+00   0.00e+00   0.00e+00
C5 (O11)   0.00e+00  0.00e+00  0.00e+00  0.00e+00  0.00e+00  1.21e+37  0.00e+00  0.00e+00  0.00e+00  0.00e+00   0.00e+00   0.00e+00   0.00e+00   0.00e+00   0.00e+00   0.00e+00   0.00e+00   0.00e+00
C6 (O12)  -6.00e+09  0.00e+00  0.00e+00  0.00e+00  0.00e+00  0.00e+00  1.21e+37  0.00e+00  0.00e+00  0.00e+00   0.00e+00   0.00e+00  -6.00e+09   0.00e+00   0.00e+00   0.00e+00   0.00e+00   0.00e+00
C7 (O13)   0.00e+00 -1.51e+10  0.00e+00  0.00e+00  0.00e+00  0.00e+00  0.00e+00  1.21e+37  0.00e+00  0.00e+00   0.00e+00   0.00e+00   0.00e+00  -1.51e+10   0.00e+00   0.00e+00   0.00e+00   0.00e+00
C8 (O14)   0.00e+00  0.00e+00 -6.05e+10  0.00e+00  0.00e+00  0.00e+00  0.00e+00  0.00e+00  1.21e+37  0.00e+00   0.00e+00   0.00e+00   0.00e+00   0.00e+00  -6.05e+10   0.00e+00   0.00e+00   0.00e+00
C9 (O15)   0.00e+00  0.00e+00  0.00e+00 -1.97e+06  0.00e+00  0.00e+00  0.00e+00  0.00e+00  0.00e+00  1.21e+37   0.00e+00   0.00e+00   0.00e+00   0.00e+00   0.00e+00  -1.97e+06   0.00e+00   0.00e+00
C10 (O16)  0.00e+00  0.00e+00  0.00e+00  0.00e+00  0.00e+00  0.00e+00  0.00e+00  0.00e+00  0.00e+00  0.00e+00   1.21e+37   0.00e+00   0.00e+00   0.00e+00   0.00e+00   0.00e+00   0.00e+00   0.00e+00
C11 (O17)  0.00e+00  0.00e+00  0.00e+00  0.00e+00  0.00e+00  0.00e+00  0.00e+00  0.00e+00  0.00e+00  0.00e+00   0.00e+00   1.21e+37   0.00e+00   0.00e+00   0.00e+00   0.00e+00   0.00e+00   0.00e+00
C12 (O18)  0.00e+00  0.00e+00  0.00e+00  0.00e+00  0.00e+00  0.00e+00 -6.00e+09  0.00e+00  0.00e+00  0.00e+00   0.00e+00   0.00e+00   1.21e+37   0.00e+00   0.00e+00   0.00e+00   0.00e+00   0.00e+00
C13 (O19)  0.00e+00  0.00e+00  0.00e+00  0.00e+00  0.00e+00  0.00e+00  0.00e+00 -1.51e+10  0.00e+00  0.00e+00   0.00e+00   0.00e+00   0.00e+00   1.21e+37   0.00e+00   0.00e+00   0.00e+00   0.00e+00
C14 (O20)  0.00e+00  0.00e+00  0.00e+00  0.00e+00  0.00e+00  0.00e+00  0.00e+00  0.00e+00 -6.05e+10  0.00e+00   0.00e+00   0.00e+00   0.00e+00   0.00e+00   1.21e+37   0.00e+00   0.00e+00   0.00e+00
C15 (O21)  0.00e+00  0.00e+00  0.00e+00  0.00e+00  0.00e+00  0.00e+00  0.00e+00  0.00e+00  0.00e+00 -1.97e+06   0.00e+00   0.00e+00   0.00e+00   0.00e+00   0.00e+00   1.21e+37   0.00e+00   0.00e+00
C16 (O22)  0.00e+00  0.00e+00  0.00e+00  0.00e+00  0.00e+00  0.00e+00  0.00e+00  0.00e+00  0.00e+00  0.00e+00   0.00e+00   0.00e+00   0.00e+00   0.00e+00   0.00e+00   0.00e+00   1.21e+37   0.00e+00
C17 (O23)  0.00e+00  0.00e+00  0.00e+00  0.00e+00  0.00e+00  0.00e+00  0.00e+00  0.00e+00  0.00e+00  0.00e+00   0.00e+00   0.00e+00   0.00e+00   0.00e+00   0.00e+00   0.00e+00   0.00e+00   1.21e+37 (Module: condensation, Line: 284)
2025-06-15 21:13:15,936 [DEBUG] 🔍 Condensed Force Vector:
              Force
C0 (O6)    0.00e+00
C1 (O7)    0.00e+00
C2 (O8)    0.00e+00
C3 (O9)    0.00e+00
C4 (O10)   0.00e+00
C5 (O11)   0.00e+00
C6 (O12)   0.00e+00
C7 (O13)   0.00e+00
C8 (O14)   0.00e+00
C9 (O15)   0.00e+00
C10 (O16)  0.00e+00
C11 (O17)  0.00e+00
C12 (O18)  0.00e+00
C13 (O19) -1.00e+05
C14 (O20)  0.00e+00
C15 (O21)  0.00e+00
C16 (O22)  0.00e+00
C17 (O23)  0.00e+00 (Module: condensation, Line: 291)
2025-06-15 21:13:15,937 [INFO] ✅ Condensation completed in 0.01s (Module: condensation, Line: 142)
