Machine Specifications:
   - OS: Windows 11 (10.0.22631)
   - CPU: 12th Gen Intel(R) Core(TM) i7-12700
       • Logical cores: 20
       • Physical cores: 12
   - RAM: 31.24 GB
   - Disk: 3071.87 GB total, 2261.10 GB free
   - Python Version: 3.12.5 (C:\Users\s1834431\AppData\Local\Programs\Python\Python312\python.exe)
   - GPU(s): Intel(R) UHD Graphics 770

Job: job_0001
Timestamp (job start): 2025-06-25_16-22-10-253036
Total Time: 12.54 sec

+-------------------------------+------------+---------------+-------------+-----------+
| Step                          |   Time (s) |   Memory (MB) |   Disk (GB) |   CPU (%) |
+===============================+============+===============+=============+===========+
| Parsing                       |  0.0996644 |       120.492 |     810.757 |         0 |
+-------------------------------+------------+---------------+-------------+-----------+
| Element Instantiation         |  0.681818  |       121.121 |     810.757 |         0 |
+-------------------------------+------------+---------------+-------------+-----------+
| Element Stiffness Computation |  1.17616   |       121.781 |     810.769 |         0 |
+-------------------------------+------------+---------------+-------------+-----------+
| Element Force Computation     |  0.470596  |       121.824 |     810.77  |         0 |
+-------------------------------+------------+---------------+-------------+-----------+
| Full Simulation               |  9.47354   |       127.574 |     810.777 |         0 |
+-------------------------------+------------+---------------+-------------+-----------+

Parallel Jobs: job_0002
Start Memory: 120.33 MB | End Memory: 127.57 MB
Start Disk Usage: 810.76 GB | End Disk Usage: 810.78 GB
Start CPU: 0.00% | End CPU: 0.00%
