2025-06-25 16:22:04,883 [DEBUG] 📁 Log file: \\mull.sms.ed.ac.uk\home\s1834431\Win7\Desktop\fem_model\post_processing\results\job_0001_2025-06-25_16-21-53-698001_pid45564_c7ad53d9\logs\SolveCondensedSystem.log (Module: solver, Line: 220)
2025-06-25 16:22:04,883 [DEBUG] Row/column scaling applied. (Module: solver, Line: 136)
2025-06-25 16:22:04,896 [DEBUG] Building ILU (drop_tol=1e-06, fill_factor=1.0) (Module: solver, Line: 72)
2025-06-25 16:22:04,898 [WARNING] Preconditioner 'ilu' failed (Factor is exactly singular); proceeding without it. (Module: solver, Line: 242)
2025-06-25 16:22:04,898 [INFO] Solver parameters • solver='cg', prec='None', K nnz=2980, dofs=600 (Module: solver, Line: 153)
2025-06-25 16:22:04,900 [INFO] Condensed condition estimate: 1.01e+00 (Module: solver, Line: 159)
2025-06-25 16:22:04,901 [DEBUG] Iter   10 | residual 1.769e-02 (Module: solver, Line: 291)
2025-06-25 16:22:04,902 [DEBUG] Iter   20 | residual 5.834e-02 (Module: solver, Line: 291)
2025-06-25 16:22:04,902 [DEBUG] Iter   30 | residual 1.241e-02 (Module: solver, Line: 291)
2025-06-25 16:22:04,902 [DEBUG] Iter   40 | residual 1.294e-02 (Module: solver, Line: 291)
2025-06-25 16:22:04,905 [DEBUG] Iter   50 | residual 8.029e-02 (Module: solver, Line: 291)
2025-06-25 16:22:04,906 [DEBUG] Iter   60 | residual 3.499e-02 (Module: solver, Line: 291)
2025-06-25 16:22:04,906 [DEBUG] Iter   70 | residual 1.711e-02 (Module: solver, Line: 291)
2025-06-25 16:22:04,907 [DEBUG] Iter   80 | residual 3.403e-02 (Module: solver, Line: 291)
2025-06-25 16:22:04,908 [DEBUG] Iter   90 | residual 8.707e-02 (Module: solver, Line: 291)
2025-06-25 16:22:04,909 [DEBUG] Iter  100 | residual 7.004e-02 (Module: solver, Line: 291)
2025-06-25 16:22:04,910 [DEBUG] Iter  110 | residual 1.668e-02 (Module: solver, Line: 291)
2025-06-25 16:22:04,910 [DEBUG] Iter  120 | residual 2.308e-02 (Module: solver, Line: 291)
2025-06-25 16:22:04,912 [DEBUG] Iter  130 | residual 6.069e-02 (Module: solver, Line: 291)
2025-06-25 16:22:04,912 [DEBUG] Iter  140 | residual 1.861e-02 (Module: solver, Line: 291)
2025-06-25 16:22:04,913 [DEBUG] Iter  150 | residual 1.782e-02 (Module: solver, Line: 291)
2025-06-25 16:22:04,914 [DEBUG] Iter  160 | residual 2.313e-02 (Module: solver, Line: 291)
2025-06-25 16:22:04,915 [DEBUG] Iter  170 | residual 2.506e-02 (Module: solver, Line: 291)
2025-06-25 16:22:04,916 [DEBUG] Iter  180 | residual 8.692e-02 (Module: solver, Line: 291)
2025-06-25 16:22:04,916 [DEBUG] Iter  190 | residual 9.482e-02 (Module: solver, Line: 291)
2025-06-25 16:22:04,917 [DEBUG] Iter  200 | residual 3.272e-02 (Module: solver, Line: 291)
2025-06-25 16:22:04,917 [DEBUG] Iter  210 | residual 2.753e-02 (Module: solver, Line: 291)
2025-06-25 16:22:04,917 [DEBUG] Iter  220 | residual 9.198e-02 (Module: solver, Line: 291)
2025-06-25 16:22:04,917 [DEBUG] Iter  230 | residual 2.051e-01 (Module: solver, Line: 291)
2025-06-25 16:22:04,917 [DEBUG] Iter  240 | residual 5.532e-02 (Module: solver, Line: 291)
2025-06-25 16:22:04,917 [DEBUG] Iter  250 | residual 1.546e-01 (Module: solver, Line: 291)
2025-06-25 16:22:04,917 [DEBUG] Iter  260 | residual 9.424e-03 (Module: solver, Line: 291)
2025-06-25 16:22:04,917 [DEBUG] Iter  270 | residual 8.913e-02 (Module: solver, Line: 291)
2025-06-25 16:22:04,917 [DEBUG] Iter  280 | residual 9.641e-02 (Module: solver, Line: 291)
2025-06-25 16:22:04,925 [DEBUG] Iter  290 | residual 4.526e-02 (Module: solver, Line: 291)
2025-06-25 16:22:04,925 [DEBUG] Iter  300 | residual 6.770e-02 (Module: solver, Line: 291)
2025-06-25 16:22:04,928 [DEBUG] Iter  310 | residual 1.781e-01 (Module: solver, Line: 291)
2025-06-25 16:22:04,929 [DEBUG] Iter  320 | residual 4.635e-02 (Module: solver, Line: 291)
2025-06-25 16:22:04,930 [DEBUG] Iter  330 | residual 3.906e-02 (Module: solver, Line: 291)
2025-06-25 16:22:04,931 [DEBUG] Iter  340 | residual 1.267e-01 (Module: solver, Line: 291)
2025-06-25 16:22:04,932 [DEBUG] Iter  350 | residual 2.360e-02 (Module: solver, Line: 291)
2025-06-25 16:22:04,933 [DEBUG] Iter  360 | residual 1.676e-01 (Module: solver, Line: 291)
2025-06-25 16:22:04,933 [DEBUG] Iter  370 | residual 6.001e-02 (Module: solver, Line: 291)
2025-06-25 16:22:04,934 [DEBUG] Iter  380 | residual 8.112e-03 (Module: solver, Line: 291)
2025-06-25 16:22:04,935 [DEBUG] Iter  390 | residual 1.521e-01 (Module: solver, Line: 291)
2025-06-25 16:22:04,935 [WARNING] Iterative solver aborted: Divergence detected (Module: solver, Line: 304)
2025-06-25 16:22:04,935 [INFO] Switching to direct SuperLU fall-back. (Module: solver, Line: 317)
2025-06-25 16:22:04,935 [DEBUG] Using SuperLU direct solver (Module: solver, Line: 269)
2025-06-25 16:22:04,949 [INFO] Condensed residual norm: 4.033e-03 (Module: solver, Line: 176)
2025-06-25 16:22:04,950 [WARNING] Residual is high – verify model! (Module: solver, Line: 178)
2025-06-25 16:22:04,961 [INFO] 💾 Condensed displacement saved → \\mull.sms.ed.ac.uk\home\s1834431\Win7\Desktop\fem_model\post_processing\results\job_0001_2025-06-25_16-21-53-698001_pid45564_c7ad53d9\primary_results\07_U_cond.csv (Module: solver, Line: 328)
2025-06-25 16:22:04,961 [INFO] 📊 Condensed solver report: (Module: solver, Line: 342)
2025-06-25 16:22:04,962 [INFO]  • dofs: 600 (Module: solver, Line: 344)
2025-06-25 16:22:04,962 [INFO]  • nnz: 2980 (Module: solver, Line: 344)
2025-06-25 16:22:04,962 [INFO]  • density: 0.008277777777777778 (Module: solver, Line: 344)
2025-06-25 16:22:04,962 [INFO]  • condition_est: 1.0112318534454279 (Module: solver, Line: 344)
2025-06-25 16:22:04,962 [INFO]  • solve_phases: {'factorization': 0.005673599895089865, 'solution': 0.005764300003647804} (Module: solver, Line: 344)
2025-06-25 16:22:04,962 [INFO]  • iters: 397 (Module: solver, Line: 344)
2025-06-25 16:22:04,962 [INFO]  • final_residual: 0.6228233262560658 (Module: solver, Line: 344)
