2025-07-09 02:32:17,127 [DEBUG]: 🟢 ElementFactory logger initialised.
2025-07-09 02:32:17,129 [INFO]: 🚩 Starting batch element creation.
2025-07-09 02:32:17,129 [DEBUG]: Element IDs sanitised: [0, 1, 2, 3, 4, 5, 6, 7, 8, 9, 10, 11, 12, 13, 14, 15, 16, 17, 18, 19, 20, 21, 22, 23, 24, 25, 26, 27, 28, 29, 30, 31, 32, 33, 34, 35, 36, 37, 38, 39, 40, 41, 42, 43, 44, 45, 46, 47, 48, 49, 50, 51, 52, 53, 54, 55, 56, 57, 58, 59, 60, 61, 62, 63, 64, 65, 66, 67, 68, 69, 70, 71, 72, 73, 74, 75, 76, 77, 78, 79, 80, 81, 82, 83, 84, 85, 86, 87, 88, 89, 90, 91, 92, 93, 94, 95, 96, 97, 98, 99]
2025-07-09 02:32:17,129 [DEBUG]: Module for EulerBernoulliBeamElement3D loaded.
2025-07-09 02:32:17,131 [DEBUG]: ✅ Element 0 (EulerBernoulliBeamElement3D) instantiated.
2025-07-09 02:32:17,133 [DEBUG]: ✅ Element 1 (EulerBernoulliBeamElement3D) instantiated.
2025-07-09 02:32:17,134 [DEBUG]: ✅ Element 2 (EulerBernoulliBeamElement3D) instantiated.
2025-07-09 02:32:17,136 [DEBUG]: ✅ Element 3 (EulerBernoulliBeamElement3D) instantiated.
2025-07-09 02:32:17,137 [DEBUG]: ✅ Element 4 (EulerBernoulliBeamElement3D) instantiated.
2025-07-09 02:32:17,138 [DEBUG]: ✅ Element 5 (EulerBernoulliBeamElement3D) instantiated.
2025-07-09 02:32:17,139 [DEBUG]: ✅ Element 6 (EulerBernoulliBeamElement3D) instantiated.
2025-07-09 02:32:17,142 [DEBUG]: ✅ Element 7 (EulerBernoulliBeamElement3D) instantiated.
2025-07-09 02:32:17,143 [DEBUG]: ✅ Element 8 (EulerBernoulliBeamElement3D) instantiated.
2025-07-09 02:32:17,144 [DEBUG]: ✅ Element 9 (EulerBernoulliBeamElement3D) instantiated.
2025-07-09 02:32:17,146 [DEBUG]: ✅ Element 10 (EulerBernoulliBeamElement3D) instantiated.
2025-07-09 02:32:17,147 [DEBUG]: ✅ Element 11 (EulerBernoulliBeamElement3D) instantiated.
2025-07-09 02:32:17,149 [DEBUG]: ✅ Element 12 (EulerBernoulliBeamElement3D) instantiated.
2025-07-09 02:32:17,150 [DEBUG]: ✅ Element 13 (EulerBernoulliBeamElement3D) instantiated.
2025-07-09 02:32:17,151 [DEBUG]: ✅ Element 14 (EulerBernoulliBeamElement3D) instantiated.
2025-07-09 02:32:17,153 [DEBUG]: ✅ Element 15 (EulerBernoulliBeamElement3D) instantiated.
2025-07-09 02:32:17,154 [DEBUG]: ✅ Element 16 (EulerBernoulliBeamElement3D) instantiated.
2025-07-09 02:32:17,155 [DEBUG]: ✅ Element 17 (EulerBernoulliBeamElement3D) instantiated.
2025-07-09 02:32:17,157 [DEBUG]: ✅ Element 18 (EulerBernoulliBeamElement3D) instantiated.
2025-07-09 02:32:17,158 [DEBUG]: ✅ Element 19 (EulerBernoulliBeamElement3D) instantiated.
2025-07-09 02:32:17,159 [DEBUG]: ✅ Element 20 (EulerBernoulliBeamElement3D) instantiated.
2025-07-09 02:32:17,161 [DEBUG]: ✅ Element 21 (EulerBernoulliBeamElement3D) instantiated.
2025-07-09 02:32:17,163 [DEBUG]: ✅ Element 22 (EulerBernoulliBeamElement3D) instantiated.
2025-07-09 02:32:17,164 [DEBUG]: ✅ Element 23 (EulerBernoulliBeamElement3D) instantiated.
2025-07-09 02:32:17,166 [DEBUG]: ✅ Element 24 (EulerBernoulliBeamElement3D) instantiated.
2025-07-09 02:32:17,167 [DEBUG]: ✅ Element 25 (EulerBernoulliBeamElement3D) instantiated.
2025-07-09 02:32:17,168 [DEBUG]: ✅ Element 26 (EulerBernoulliBeamElement3D) instantiated.
2025-07-09 02:32:17,169 [DEBUG]: ✅ Element 27 (EulerBernoulliBeamElement3D) instantiated.
2025-07-09 02:32:17,171 [DEBUG]: ✅ Element 28 (EulerBernoulliBeamElement3D) instantiated.
2025-07-09 02:32:17,173 [DEBUG]: ✅ Element 29 (EulerBernoulliBeamElement3D) instantiated.
2025-07-09 02:32:17,174 [DEBUG]: ✅ Element 30 (EulerBernoulliBeamElement3D) instantiated.
2025-07-09 02:32:17,175 [DEBUG]: ✅ Element 31 (EulerBernoulliBeamElement3D) instantiated.
2025-07-09 02:32:17,176 [DEBUG]: ✅ Element 32 (EulerBernoulliBeamElement3D) instantiated.
2025-07-09 02:32:17,178 [DEBUG]: ✅ Element 33 (EulerBernoulliBeamElement3D) instantiated.
2025-07-09 02:32:17,181 [DEBUG]: ✅ Element 34 (EulerBernoulliBeamElement3D) instantiated.
2025-07-09 02:32:17,182 [DEBUG]: ✅ Element 35 (EulerBernoulliBeamElement3D) instantiated.
2025-07-09 02:32:17,184 [DEBUG]: ✅ Element 36 (EulerBernoulliBeamElement3D) instantiated.
2025-07-09 02:32:17,185 [DEBUG]: ✅ Element 37 (EulerBernoulliBeamElement3D) instantiated.
2025-07-09 02:32:17,187 [DEBUG]: ✅ Element 38 (EulerBernoulliBeamElement3D) instantiated.
2025-07-09 02:32:17,187 [DEBUG]: ✅ Element 39 (EulerBernoulliBeamElement3D) instantiated.
2025-07-09 02:32:17,189 [DEBUG]: ✅ Element 40 (EulerBernoulliBeamElement3D) instantiated.
2025-07-09 02:32:17,191 [DEBUG]: ✅ Element 41 (EulerBernoulliBeamElement3D) instantiated.
2025-07-09 02:32:17,193 [DEBUG]: ✅ Element 42 (EulerBernoulliBeamElement3D) instantiated.
2025-07-09 02:32:17,194 [DEBUG]: ✅ Element 43 (EulerBernoulliBeamElement3D) instantiated.
2025-07-09 02:32:17,195 [DEBUG]: ✅ Element 44 (EulerBernoulliBeamElement3D) instantiated.
2025-07-09 02:32:17,197 [DEBUG]: ✅ Element 45 (EulerBernoulliBeamElement3D) instantiated.
2025-07-09 02:32:17,199 [DEBUG]: ✅ Element 46 (EulerBernoulliBeamElement3D) instantiated.
2025-07-09 02:32:17,199 [DEBUG]: ✅ Element 47 (EulerBernoulliBeamElement3D) instantiated.
2025-07-09 02:32:17,201 [DEBUG]: ✅ Element 48 (EulerBernoulliBeamElement3D) instantiated.
2025-07-09 02:32:17,202 [DEBUG]: ✅ Element 49 (EulerBernoulliBeamElement3D) instantiated.
2025-07-09 02:32:17,203 [DEBUG]: ✅ Element 50 (EulerBernoulliBeamElement3D) instantiated.
2025-07-09 02:32:17,204 [DEBUG]: ✅ Element 51 (EulerBernoulliBeamElement3D) instantiated.
2025-07-09 02:32:17,207 [DEBUG]: ✅ Element 52 (EulerBernoulliBeamElement3D) instantiated.
2025-07-09 02:32:17,209 [DEBUG]: ✅ Element 53 (EulerBernoulliBeamElement3D) instantiated.
2025-07-09 02:32:17,211 [DEBUG]: ✅ Element 54 (EulerBernoulliBeamElement3D) instantiated.
2025-07-09 02:32:17,212 [DEBUG]: ✅ Element 55 (EulerBernoulliBeamElement3D) instantiated.
2025-07-09 02:32:17,213 [DEBUG]: ✅ Element 56 (EulerBernoulliBeamElement3D) instantiated.
2025-07-09 02:32:17,215 [DEBUG]: ✅ Element 57 (EulerBernoulliBeamElement3D) instantiated.
2025-07-09 02:32:17,216 [DEBUG]: ✅ Element 58 (EulerBernoulliBeamElement3D) instantiated.
2025-07-09 02:32:17,217 [DEBUG]: ✅ Element 59 (EulerBernoulliBeamElement3D) instantiated.
2025-07-09 02:32:17,219 [DEBUG]: ✅ Element 60 (EulerBernoulliBeamElement3D) instantiated.
2025-07-09 02:32:17,220 [DEBUG]: ✅ Element 61 (EulerBernoulliBeamElement3D) instantiated.
2025-07-09 02:32:17,221 [DEBUG]: ✅ Element 62 (EulerBernoulliBeamElement3D) instantiated.
2025-07-09 02:32:17,223 [DEBUG]: ✅ Element 63 (EulerBernoulliBeamElement3D) instantiated.
2025-07-09 02:32:17,224 [DEBUG]: ✅ Element 64 (EulerBernoulliBeamElement3D) instantiated.
2025-07-09 02:32:17,226 [DEBUG]: ✅ Element 65 (EulerBernoulliBeamElement3D) instantiated.
2025-07-09 02:32:17,227 [DEBUG]: ✅ Element 66 (EulerBernoulliBeamElement3D) instantiated.
2025-07-09 02:32:17,228 [DEBUG]: ✅ Element 67 (EulerBernoulliBeamElement3D) instantiated.
2025-07-09 02:32:17,229 [DEBUG]: ✅ Element 68 (EulerBernoulliBeamElement3D) instantiated.
2025-07-09 02:32:17,232 [DEBUG]: ✅ Element 69 (EulerBernoulliBeamElement3D) instantiated.
2025-07-09 02:32:17,233 [DEBUG]: ✅ Element 70 (EulerBernoulliBeamElement3D) instantiated.
2025-07-09 02:32:17,235 [DEBUG]: ✅ Element 71 (EulerBernoulliBeamElement3D) instantiated.
2025-07-09 02:32:17,236 [DEBUG]: ✅ Element 72 (EulerBernoulliBeamElement3D) instantiated.
2025-07-09 02:32:17,237 [DEBUG]: ✅ Element 73 (EulerBernoulliBeamElement3D) instantiated.
2025-07-09 02:32:17,238 [DEBUG]: ✅ Element 74 (EulerBernoulliBeamElement3D) instantiated.
2025-07-09 02:32:17,240 [DEBUG]: ✅ Element 75 (EulerBernoulliBeamElement3D) instantiated.
2025-07-09 02:32:17,241 [DEBUG]: ✅ Element 76 (EulerBernoulliBeamElement3D) instantiated.
2025-07-09 02:32:17,242 [DEBUG]: ✅ Element 77 (EulerBernoulliBeamElement3D) instantiated.
2025-07-09 02:32:17,244 [DEBUG]: ✅ Element 78 (EulerBernoulliBeamElement3D) instantiated.
2025-07-09 02:32:17,244 [DEBUG]: ✅ Element 79 (EulerBernoulliBeamElement3D) instantiated.
2025-07-09 02:32:17,247 [DEBUG]: ✅ Element 80 (EulerBernoulliBeamElement3D) instantiated.
2025-07-09 02:32:17,248 [DEBUG]: ✅ Element 81 (EulerBernoulliBeamElement3D) instantiated.
2025-07-09 02:32:17,249 [DEBUG]: ✅ Element 82 (EulerBernoulliBeamElement3D) instantiated.
2025-07-09 02:32:17,252 [DEBUG]: ✅ Element 83 (EulerBernoulliBeamElement3D) instantiated.
2025-07-09 02:32:17,253 [DEBUG]: ✅ Element 84 (EulerBernoulliBeamElement3D) instantiated.
2025-07-09 02:32:17,254 [DEBUG]: ✅ Element 85 (EulerBernoulliBeamElement3D) instantiated.
2025-07-09 02:32:17,255 [DEBUG]: ✅ Element 86 (EulerBernoulliBeamElement3D) instantiated.
2025-07-09 02:32:17,256 [DEBUG]: ✅ Element 87 (EulerBernoulliBeamElement3D) instantiated.
2025-07-09 02:32:17,258 [DEBUG]: ✅ Element 88 (EulerBernoulliBeamElement3D) instantiated.
2025-07-09 02:32:17,259 [DEBUG]: ✅ Element 89 (EulerBernoulliBeamElement3D) instantiated.
2025-07-09 02:32:17,260 [DEBUG]: ✅ Element 90 (EulerBernoulliBeamElement3D) instantiated.
2025-07-09 02:32:17,261 [DEBUG]: ✅ Element 91 (EulerBernoulliBeamElement3D) instantiated.
2025-07-09 02:32:17,263 [DEBUG]: ✅ Element 92 (EulerBernoulliBeamElement3D) instantiated.
2025-07-09 02:32:17,264 [DEBUG]: ✅ Element 93 (EulerBernoulliBeamElement3D) instantiated.
2025-07-09 02:32:17,265 [DEBUG]: ✅ Element 94 (EulerBernoulliBeamElement3D) instantiated.
2025-07-09 02:32:17,266 [DEBUG]: ✅ Element 95 (EulerBernoulliBeamElement3D) instantiated.
2025-07-09 02:32:17,268 [DEBUG]: ✅ Element 96 (EulerBernoulliBeamElement3D) instantiated.
2025-07-09 02:32:17,270 [DEBUG]: ✅ Element 97 (EulerBernoulliBeamElement3D) instantiated.
2025-07-09 02:32:17,271 [DEBUG]: ✅ Element 98 (EulerBernoulliBeamElement3D) instantiated.
2025-07-09 02:32:17,273 [DEBUG]: ✅ Element 99 (EulerBernoulliBeamElement3D) instantiated.
2025-07-09 02:32:17,279 [DEBUG]: Logging verified for element 0.
2025-07-09 02:32:17,283 [DEBUG]: Logging verified for element 1.
2025-07-09 02:32:17,290 [DEBUG]: Logging verified for element 2.
2025-07-09 02:32:17,295 [DEBUG]: Logging verified for element 3.
2025-07-09 02:32:17,301 [DEBUG]: Logging verified for element 4.
2025-07-09 02:32:17,306 [DEBUG]: Logging verified for element 5.
2025-07-09 02:32:17,312 [DEBUG]: Logging verified for element 6.
2025-07-09 02:32:17,317 [DEBUG]: Logging verified for element 7.
2025-07-09 02:32:17,325 [DEBUG]: Logging verified for element 8.
2025-07-09 02:32:17,330 [DEBUG]: Logging verified for element 9.
2025-07-09 02:32:17,336 [DEBUG]: Logging verified for element 10.
2025-07-09 02:32:17,341 [DEBUG]: Logging verified for element 11.
2025-07-09 02:32:17,347 [DEBUG]: Logging verified for element 12.
2025-07-09 02:32:17,353 [DEBUG]: Logging verified for element 13.
2025-07-09 02:32:17,359 [DEBUG]: Logging verified for element 14.
2025-07-09 02:32:17,366 [DEBUG]: Logging verified for element 15.
2025-07-09 02:32:17,371 [DEBUG]: Logging verified for element 16.
2025-07-09 02:32:17,377 [DEBUG]: Logging verified for element 17.
2025-07-09 02:32:17,383 [DEBUG]: Logging verified for element 18.
2025-07-09 02:32:17,390 [DEBUG]: Logging verified for element 19.
2025-07-09 02:32:17,396 [DEBUG]: Logging verified for element 20.
2025-07-09 02:32:17,402 [DEBUG]: Logging verified for element 21.
2025-07-09 02:32:17,408 [DEBUG]: Logging verified for element 22.
2025-07-09 02:32:17,413 [DEBUG]: Logging verified for element 23.
2025-07-09 02:32:17,419 [DEBUG]: Logging verified for element 24.
2025-07-09 02:32:17,425 [DEBUG]: Logging verified for element 25.
2025-07-09 02:32:17,431 [DEBUG]: Logging verified for element 26.
2025-07-09 02:32:17,437 [DEBUG]: Logging verified for element 27.
2025-07-09 02:32:17,443 [DEBUG]: Logging verified for element 28.
2025-07-09 02:32:17,449 [DEBUG]: Logging verified for element 29.
2025-07-09 02:32:17,455 [DEBUG]: Logging verified for element 30.
2025-07-09 02:32:17,461 [DEBUG]: Logging verified for element 31.
2025-07-09 02:32:17,467 [DEBUG]: Logging verified for element 32.
2025-07-09 02:32:17,473 [DEBUG]: Logging verified for element 33.
2025-07-09 02:32:17,478 [DEBUG]: Logging verified for element 34.
2025-07-09 02:32:17,485 [DEBUG]: Logging verified for element 35.
2025-07-09 02:32:17,490 [DEBUG]: Logging verified for element 36.
2025-07-09 02:32:17,496 [DEBUG]: Logging verified for element 37.
2025-07-09 02:32:17,502 [DEBUG]: Logging verified for element 38.
2025-07-09 02:32:17,509 [DEBUG]: Logging verified for element 39.
2025-07-09 02:32:17,514 [DEBUG]: Logging verified for element 40.
2025-07-09 02:32:17,521 [DEBUG]: Logging verified for element 41.
2025-07-09 02:32:17,526 [DEBUG]: Logging verified for element 42.
2025-07-09 02:32:17,534 [DEBUG]: Logging verified for element 43.
2025-07-09 02:32:17,540 [DEBUG]: Logging verified for element 44.
2025-07-09 02:32:17,546 [DEBUG]: Logging verified for element 45.
2025-07-09 02:32:17,553 [DEBUG]: Logging verified for element 46.
2025-07-09 02:32:17,558 [DEBUG]: Logging verified for element 47.
2025-07-09 02:32:17,564 [DEBUG]: Logging verified for element 48.
2025-07-09 02:32:17,571 [DEBUG]: Logging verified for element 49.
2025-07-09 02:32:17,577 [DEBUG]: Logging verified for element 50.
2025-07-09 02:32:17,582 [DEBUG]: Logging verified for element 51.
2025-07-09 02:32:17,589 [DEBUG]: Logging verified for element 52.
2025-07-09 02:32:17,594 [DEBUG]: Logging verified for element 53.
2025-07-09 02:32:17,600 [DEBUG]: Logging verified for element 54.
2025-07-09 02:32:17,605 [DEBUG]: Logging verified for element 55.
2025-07-09 02:32:17,612 [DEBUG]: Logging verified for element 56.
2025-07-09 02:32:17,618 [DEBUG]: Logging verified for element 57.
2025-07-09 02:32:17,623 [DEBUG]: Logging verified for element 58.
2025-07-09 02:32:17,631 [DEBUG]: Logging verified for element 59.
2025-07-09 02:32:17,637 [DEBUG]: Logging verified for element 60.
2025-07-09 02:32:17,643 [DEBUG]: Logging verified for element 61.
2025-07-09 02:32:17,649 [DEBUG]: Logging verified for element 62.
2025-07-09 02:32:17,654 [DEBUG]: Logging verified for element 63.
2025-07-09 02:32:17,661 [DEBUG]: Logging verified for element 64.
2025-07-09 02:32:17,666 [DEBUG]: Logging verified for element 65.
2025-07-09 02:32:17,672 [DEBUG]: Logging verified for element 66.
2025-07-09 02:32:17,678 [DEBUG]: Logging verified for element 67.
2025-07-09 02:32:17,684 [DEBUG]: Logging verified for element 68.
2025-07-09 02:32:17,690 [DEBUG]: Logging verified for element 69.
2025-07-09 02:32:17,696 [DEBUG]: Logging verified for element 70.
2025-07-09 02:32:17,703 [DEBUG]: Logging verified for element 71.
2025-07-09 02:32:17,709 [DEBUG]: Logging verified for element 72.
2025-07-09 02:32:17,715 [DEBUG]: Logging verified for element 73.
2025-07-09 02:32:17,722 [DEBUG]: Logging verified for element 74.
2025-07-09 02:32:17,727 [DEBUG]: Logging verified for element 75.
2025-07-09 02:32:17,733 [DEBUG]: Logging verified for element 76.
2025-07-09 02:32:17,740 [DEBUG]: Logging verified for element 77.
2025-07-09 02:32:17,744 [DEBUG]: Logging verified for element 78.
2025-07-09 02:32:17,751 [DEBUG]: Logging verified for element 79.
2025-07-09 02:32:17,758 [DEBUG]: Logging verified for element 80.
2025-07-09 02:32:17,764 [DEBUG]: Logging verified for element 81.
2025-07-09 02:32:17,770 [DEBUG]: Logging verified for element 82.
2025-07-09 02:32:17,777 [DEBUG]: Logging verified for element 83.
2025-07-09 02:32:17,783 [DEBUG]: Logging verified for element 84.
2025-07-09 02:32:17,788 [DEBUG]: Logging verified for element 85.
2025-07-09 02:32:17,794 [DEBUG]: Logging verified for element 86.
2025-07-09 02:32:17,800 [DEBUG]: Logging verified for element 87.
2025-07-09 02:32:17,806 [DEBUG]: Logging verified for element 88.
2025-07-09 02:32:17,812 [DEBUG]: Logging verified for element 89.
2025-07-09 02:32:17,818 [DEBUG]: Logging verified for element 90.
2025-07-09 02:32:17,825 [DEBUG]: Logging verified for element 91.
2025-07-09 02:32:17,831 [DEBUG]: Logging verified for element 92.
2025-07-09 02:32:17,837 [DEBUG]: Logging verified for element 93.
2025-07-09 02:32:17,842 [DEBUG]: Logging verified for element 94.
2025-07-09 02:32:17,849 [DEBUG]: Logging verified for element 95.
2025-07-09 02:32:17,860 [DEBUG]: Logging verified for element 96.
2025-07-09 02:32:17,867 [DEBUG]: Logging verified for element 97.
2025-07-09 02:32:17,873 [DEBUG]: Logging verified for element 98.
2025-07-09 02:32:17,878 [DEBUG]: Logging verified for element 99.
2025-07-09 02:32:17,879 [INFO]: ✅ Batch element creation complete.
